Rank	Confidence	Ground	Label	Comments	Tuple
1	0.897976	FalseGround	Unlabelled	SPOkGoodGood	Alarm(_G_-ENTRY,dfastate-49822)
2	0.897976	FalseGround	Unlabelled	SPOkGoodGood	Alarm(_G_-ENTRY,dfastate-49823)
3	0.896117	FalseGround	Unlabelled	SPOkGoodGood	Alarm(_G_-ENTRY,main-57748)
4	0.89468	FalseGround	Unlabelled	SPOkGoodGood	Alarm(_G_-ENTRY,merge-48294)
5	0.89468	FalseGround	Unlabelled	SPOkGoodGood	Alarm(_G_-ENTRY,merge-48295)
6	0.891189	FalseGround	Unlabelled	SPOkGoodGood	Alarm(_G_-ENTRY,grep-55630)
7	0.891035	FalseGround	Unlabelled	SPOkGoodGood	Alarm(_G_-ENTRY,dfastate-49846)
8	0.890159	FalseGround	Unlabelled	SPOkGoodGood	Alarm(_G_-ENTRY,state_index-48495)
9	0.887519	FalseGround	Unlabelled	SPOkGoodGood	Alarm(_G_-ENTRY,dfastate-49725)
10	0.887519	FalseGround	Unlabelled	SPOkGoodGood	Alarm(_G_-ENTRY,dfastate-49726)
11	0.887519	FalseGround	Unlabelled	SPOkGoodGood	Alarm(_G_-ENTRY,dfastate-49727)
12	0.887519	FalseGround	Unlabelled	SPOkGoodGood	Alarm(_G_-ENTRY,dfastate-49728)
13	0.884205	FalseGround	Unlabelled	SPOkGoodGood	Alarm(_G_-ENTRY,main-57725)
14	0.879714	FalseGround	Unlabelled	SPOkGoodGood	Alarm(_G_-ENTRY,dfastate-49959)
15	0.878126	FalseGround	Unlabelled	SPOkGoodGood	Alarm(_G_-ENTRY,dfastate-49806)
16	0.878082	FalseGround	Unlabelled	SPOkGoodGood	Alarm(_G_-ENTRY,dfamust-54192)
17	0.876455	FalseGround	Unlabelled	SPOkGoodGood	Alarm(_G_-ENTRY,dfastate-49751)
18	0.876455	FalseGround	Unlabelled	SPOkGoodGood	Alarm(_G_-ENTRY,dfastate-49752)
19	0.876116	FalseGround	Unlabelled	SPOkGoodGood	Alarm(_G_-ENTRY,dfastate-49938)
20	0.873674	FalseGround	Unlabelled	SPOkGoodGood	Alarm(_G_-ENTRY,main-57629)
21	0.873674	FalseGround	Unlabelled	SPOkGoodGood	Alarm(_G_-ENTRY,main-57406)
22	0.873674	FalseGround	Unlabelled	SPOkGoodGood	Alarm(_G_-ENTRY,main-57407)
23	0.87287	FalseGround	Unlabelled	SPOkGoodGood	Alarm(_G_-ENTRY,state_index-48395)
24	0.87287	FalseGround	Unlabelled	SPOkGoodGood	Alarm(_G_-ENTRY,state_index-48396)
25	0.87287	FalseGround	Unlabelled	SPOkGoodGood	Alarm(_G_-ENTRY,state_index-48397)
26	0.87287	FalseGround	Unlabelled	SPOkGoodGood	Alarm(_G_-ENTRY,state_index-48398)
27	0.871343	FalseGround	Unlabelled	SPOkGoodGood	Alarm(_G_-ENTRY,dfastate-49843)
28	0.871343	FalseGround	Unlabelled	SPOkGoodGood	Alarm(_G_-ENTRY,dfastate-49844)
29	0.870939	FalseGround	Unlabelled	SPOkGoodGood	Alarm(_G_-ENTRY,dfamust-54174)
30	0.866487	FalseGround	Unlabelled	SPOkGoodGood	Alarm(_G_-ENTRY,build_state-50353)
31	0.866487	FalseGround	Unlabelled	SPOkGoodGood	Alarm(_G_-ENTRY,build_state-50354)
32	0.865884	FalseGround	Unlabelled	SPOkGoodGood	Alarm(_G_-ENTRY,merge-48337)
33	0.865884	FalseGround	Unlabelled	SPOkGoodGood	Alarm(_G_-ENTRY,merge-48342)
34	0.865884	FalseGround	Unlabelled	SPOkGoodGood	Alarm(_G_-ENTRY,merge-48345)
35	0.863617	FalseGround	Unlabelled	SPOkGoodGood	Alarm(_G_-ENTRY,state_index-48493)
36	0.85899	FalseGround	Unlabelled	SPOkGoodGood	Alarm(_G_-ENTRY,state_index-48419)
37	0.85899	FalseGround	Unlabelled	SPOkGoodGood	Alarm(_G_-ENTRY,state_index-48420)
38	0.85899	FalseGround	Unlabelled	SPOkGoodGood	Alarm(_G_-ENTRY,state_index-48425)
39	0.85899	FalseGround	Unlabelled	SPOkGoodGood	Alarm(_G_-ENTRY,state_index-48426)
40	0.857271	FalseGround	Unlabelled	SPOkGoodGood	Alarm(_G_-ENTRY,hash_find_entry-40563)
41	0.854803	FalseGround	Unlabelled	SPOkGoodGood	Alarm(_G_-ENTRY,fts_open-41077)
42	0.854803	FalseGround	Unlabelled	SPOkGoodGood	Alarm(_G_-ENTRY,fts_open-41143)
43	0.853988	FalseGround	Unlabelled	SPOkGoodGood	Alarm(_G_-ENTRY,EGexecute-45450)
44	0.853453	FalseGround	Unlabelled	SPOkGoodGood	Alarm(_G_-ENTRY,dfamust-54157)
45	0.851364	FalseGround	Unlabelled	SPOkGoodGood	Alarm(_G_-ENTRY,dfastate-49769)
46	0.845459	FalseGround	Unlabelled	SPOkGoodGood	Alarm(_G_-ENTRY,dfamust-54080)
47	0.845459	FalseGround	Unlabelled	SPOkGoodGood	Alarm(_G_-ENTRY,dfamust-54099)
48	0.845459	FalseGround	Unlabelled	SPOkGoodGood	Alarm(_G_-ENTRY,dfamust-54101)
49	0.84363	FalseGround	Unlabelled	SPOkGoodGood	Alarm(_G_-ENTRY,prpending-55367)
50	0.843482	FalseGround	Unlabelled	SPOkGoodGood	Alarm(_G_-ENTRY,state_index-48465)
51	0.843482	FalseGround	Unlabelled	SPOkGoodGood	Alarm(_G_-ENTRY,state_index-48484)
52	0.843482	FalseGround	Unlabelled	SPOkGoodGood	Alarm(_G_-ENTRY,state_index-48486)
53	0.843482	FalseGround	Unlabelled	SPOkGoodGood	Alarm(_G_-ENTRY,state_index-48487)
54	0.843482	FalseGround	Unlabelled	SPOkGoodGood	Alarm(_G_-ENTRY,state_index-48488)
55	0.843482	FalseGround	Unlabelled	SPOkGoodGood	Alarm(_G_-ENTRY,state_index-48489)
56	0.843482	FalseGround	Unlabelled	SPOkGoodGood	Alarm(_G_-ENTRY,state_index-48490)
57	0.843482	FalseGround	Unlabelled	SPOkGoodGood	Alarm(_G_-ENTRY,state_index-48491)
58	0.843482	FalseGround	Unlabelled	SPOkGoodGood	Alarm(_G_-ENTRY,state_index-48389)
59	0.843482	FalseGround	Unlabelled	SPOkGoodGood	Alarm(_G_-ENTRY,state_index-48390)
60	0.84071	FalseGround	Unlabelled	SPOkGoodGood	Alarm(_G_-ENTRY,insert-48205)
61	0.84071	FalseGround	Unlabelled	SPOkGoodGood	Alarm(_G_-ENTRY,insert-48206)
62	0.83673	FalseGround	Unlabelled	SPOkGoodGood	Alarm(_G_-ENTRY,dfamust-53816)
63	0.83673	FalseGround	Unlabelled	SPOkGoodGood	Alarm(_G_-ENTRY,dfamust-53817)
64	0.83673	FalseGround	Unlabelled	SPOkGoodGood	Alarm(_G_-ENTRY,dfamust-53818)
65	0.83673	FalseGround	Unlabelled	SPOkGoodGood	Alarm(_G_-ENTRY,dfamust-53819)
66	0.836464	FalseGround	Unlabelled	SPOkGoodGood	Alarm(_G_-ENTRY,dfastate-49803)
67	0.836464	FalseGround	Unlabelled	SPOkGoodGood	Alarm(_G_-ENTRY,dfastate-49814)
68	0.835101	FalseGround	Unlabelled	SPOkGoodGood	Alarm(_G_-ENTRY,dfamust-53830)
69	0.835101	FalseGround	Unlabelled	SPOkGoodGood	Alarm(_G_-ENTRY,dfamust-53831)
70	0.833377	FalseGround	Unlabelled	SPOkGoodGood	Alarm(_G_-ENTRY,EGexecute-45434)
71	0.831291	FalseGround	Unlabelled	SPOkGoodGood	Alarm(_G_-ENTRY,hash_find_entry-40556)
72	0.820327	FalseGround	Unlabelled	SPOkGoodGood	Alarm(_G_-ENTRY,comsubs-52424)
73	0.817591	FalseGround	Unlabelled	SPOkGoodGood	Alarm(_G_-ENTRY,Fcompile-44069)
74	0.817591	FalseGround	Unlabelled	SPOkGoodGood	Alarm(_G_-ENTRY,bm_delta2_search-44743)
75	0.817591	FalseGround	Unlabelled	SPOkGoodGood	Alarm(_G_-ENTRY,dfastate-49838)
76	0.817591	FalseGround	Unlabelled	SPOkGoodGood	Alarm(_G_-ENTRY,dfastate-49839)
77	0.817591	FalseGround	Unlabelled	SPOkGoodGood	Alarm(_G_-ENTRY,dfastate-49862)
78	0.817591	FalseGround	Unlabelled	SPOkGoodGood	Alarm(_G_-ENTRY,dfastate-49864)
79	0.817591	FalseGround	Unlabelled	SPOkGoodGood	Alarm(_G_-ENTRY,inboth-52508)
80	0.817591	FalseGround	Unlabelled	SPOkGoodGood	Alarm(_G_-ENTRY,kwsincr-44404)
81	0.817591	FalseGround	Unlabelled	SPOkGoodGood	Alarm(_G_-ENTRY,kwsincr-44405)
82	0.817591	FalseGround	Unlabelled	SPOkGoodGood	Alarm(_G_-ENTRY,kwsincr-44409)
83	0.817591	FalseGround	Unlabelled	SPOkGoodGood	Alarm(_G_-ENTRY,kwsincr-44410)
84	0.817591	FalseGround	Unlabelled	SPOkGoodGood	Alarm(_G_-ENTRY,kwsincr-44419)
85	0.817591	FalseGround	Unlabelled	SPOkGoodGood	Alarm(_G_-ENTRY,kwsincr-44434)
86	0.817591	FalseGround	Unlabelled	SPOkGoodGood	Alarm(_G_-ENTRY,kwsincr-44458)
87	0.812483	FalseGround	Unlabelled	SPOkGoodGood	Alarm(_G_-ENTRY,cwexec-44990)
88	0.812186	FalseGround	Unlabelled	SPOkGoodGood	Alarm(_G_-ENTRY,hash_insert_if_absent-40721)
89	0.81	FalseGround	Unlabelled	SPOkGoodGood	Alarm(_G_-ENTRY,copy-48140)
90	0.81	FalseGround	Unlabelled	SPOkGoodGood	Alarm(_G_-ENTRY,copy-48141)
91	0.81	FalseGround	Unlabelled	SPOkGoodGood	Alarm(_G_-ENTRY,copy-48143)
92	0.81	FalseGround	Unlabelled	SPOkGoodGood	Alarm(_G_-ENTRY,copy-48162)
93	0.81	FalseGround	Unlabelled	SPOkGoodGood	Alarm(_G_-ENTRY,copy-48164)
94	0.81	FalseGround	Unlabelled	SPOkGoodGood	Alarm(_G_-ENTRY,copy-48128)
95	0.81	FalseGround	Unlabelled	SPOkGoodGood	Alarm(_G_-ENTRY,copy-48129)
96	0.809997	FalseGround	Unlabelled	SPOkGoodGood	Alarm(_G_-ENTRY,setbit-45591)
97	0.809775	FalseGround	Unlabelled	SPOkGoodGood	Alarm(_G_-ENTRY,grep-55625)
98	0.809775	FalseGround	Unlabelled	SPOkGoodGood	Alarm(_G_-ENTRY,grep-55626)
99	0.809775	FalseGround	Unlabelled	SPOkGoodGood	Alarm(_G_-ENTRY,grep-55650)
100	0.809679	FalseGround	Unlabelled	SPOkGoodGood	Alarm(_G_-ENTRY,main-57577)
101	0.809679	FalseGround	Unlabelled	SPOkGoodGood	Alarm(_G_-ENTRY,main-57581)
102	0.809672	FalseGround	Unlabelled	SPOkGoodGood	Alarm(_G_-ENTRY,setmatcher-56209)
103	0.809672	FalseGround	Unlabelled	SPOkGoodGood	Alarm(_G_-ENTRY,setmatcher-56211)
104	0.80917	FalseGround	Unlabelled	SPOkGoodGood	Alarm(_G_-ENTRY,build_state-50356)
105	0.80917	FalseGround	Unlabelled	SPOkGoodGood	Alarm(_G_-ENTRY,build_state-50358)
106	0.80917	FalseGround	Unlabelled	SPOkGoodGood	Alarm(_G_-ENTRY,build_state-50359)
107	0.808125	FalseGround	Unlabelled	SPOkGoodGood	Alarm(_G_-ENTRY,merge-48304)
108	0.808125	FalseGround	Unlabelled	SPOkGoodGood	Alarm(_G_-ENTRY,merge-48274)
109	0.808125	FalseGround	Unlabelled	SPOkGoodGood	Alarm(_G_-ENTRY,merge-48275)
110	0.808125	FalseGround	Unlabelled	SPOkGoodGood	Alarm(_G_-ENTRY,merge-48298)
111	0.808125	FalseGround	Unlabelled	SPOkGoodGood	Alarm(_G_-ENTRY,merge-48299)
112	0.806931	FalseGround	Unlabelled	SPOkGoodGood	Alarm(_G_-ENTRY,quotearg_buffer_restyled-38052)
113	0.806931	FalseGround	Unlabelled	SPOkGoodGood	Alarm(_G_-ENTRY,quotearg_buffer_restyled-38061)
114	0.806931	FalseGround	Unlabelled	SPOkGoodGood	Alarm(_G_-ENTRY,quotearg_buffer_restyled-38137)
115	0.806931	FalseGround	Unlabelled	SPOkGoodGood	Alarm(_G_-ENTRY,quotearg_buffer_restyled-37606)
116	0.806931	FalseGround	Unlabelled	SPOkGoodGood	Alarm(_G_-ENTRY,quotearg_buffer_restyled-37607)
117	0.806075	FalseGround	Unlabelled	SPOkGoodGood	Alarm(_G_-ENTRY,transit_state-51528)
118	0.806075	FalseGround	Unlabelled	SPOkGoodGood	Alarm(_G_-ENTRY,transit_state-51529)
119	0.806075	FalseGround	Unlabelled	SPOkGoodGood	Alarm(_G_-ENTRY,transit_state-51627)
120	0.806075	FalseGround	Unlabelled	SPOkGoodGood	Alarm(_G_-ENTRY,transit_state-51628)
121	0.806044	FalseGround	Unlabelled	SPOkGoodGood	Alarm(_G_-ENTRY,add_exclude_fp-43101)
122	0.805737	FalseGround	Unlabelled	SPOkGoodGood	Alarm(_G_-ENTRY,GEAcompile-45230)
123	0.805018	FalseGround	Unlabelled	SPOkGoodGood	Alarm(_G_-ENTRY,tr-44204)
124	0.803349	FalseGround	Unlabelled	SPOkGoodGood	Alarm(_G_-ENTRY,hash_find_entry-40565)
125	0.803349	FalseGround	Unlabelled	SPOkGoodGood	Alarm(_G_-ENTRY,hash_find_entry-40566)
126	0.803349	FalseGround	Unlabelled	SPOkGoodGood	Alarm(_G_-ENTRY,hash_find_entry-40568)
127	0.802856	FalseGround	Unlabelled	SPOkGoodGood	Alarm(_G_-ENTRY,GEAcompile-45232)
128	0.802443	FalseGround	Unlabelled	SPOkGoodGood	Alarm(_G_-ENTRY,EGexecute-45459)
129	0.80232	FalseGround	Unlabelled	SPOkGoodGood	Alarm(_G_-ENTRY,mbtoupper-54697)
130	0.801089	FalseGround	Unlabelled	SPOkGoodGood	Alarm(_G_-ENTRY,insert-48231)
131	0.801089	FalseGround	Unlabelled	SPOkGoodGood	Alarm(_G_-ENTRY,insert-48262)
132	0.801089	FalseGround	Unlabelled	SPOkGoodGood	Alarm(_G_-ENTRY,insert-48264)
133	0.801089	FalseGround	Unlabelled	SPOkGoodGood	Alarm(_G_-ENTRY,insert-48209)
134	0.801089	FalseGround	Unlabelled	SPOkGoodGood	Alarm(_G_-ENTRY,insert-48210)
135	0.800643	FalseGround	Unlabelled	SPOkGoodGood	Alarm(_G_-ENTRY,kwsincr-44406)
136	0.800643	FalseGround	Unlabelled	SPOkGoodGood	Alarm(_G_-ENTRY,kwsincr-44407)
137	0.795298	FalseGround	Unlabelled	SPOkGoodGood	Alarm(_G_-ENTRY,kwsincr-44295)
138	0.795298	FalseGround	Unlabelled	SPOkGoodGood	Alarm(_G_-ENTRY,kwsincr-44296)
139	0.795298	FalseGround	Unlabelled	SPOkGoodGood	Alarm(_G_-ENTRY,kwsincr-44303)
140	0.795298	FalseGround	Unlabelled	SPOkGoodGood	Alarm(_G_-ENTRY,kwsincr-44304)
141	0.795298	FalseGround	Unlabelled	SPOkGoodGood	Alarm(_G_-ENTRY,kwsincr-44307)
142	0.795298	FalseGround	Unlabelled	SPOkGoodGood	Alarm(_G_-ENTRY,kwsincr-44308)
143	0.794448	TrueGround	Unlabelled	SPOkGoodGood	Alarm(_G_-ENTRY,bmexec_trans-44871)
144	0.794301	FalseGround	Unlabelled	SPOkGoodGood	Alarm(_G_-ENTRY,fts_open-41097)
145	0.794301	FalseGround	Unlabelled	SPOkGoodGood	Alarm(_G_-ENTRY,fts_open-41099)
146	0.794301	FalseGround	Unlabelled	SPOkGoodGood	Alarm(_G_-ENTRY,fts_open-41102)
147	0.794301	FalseGround	Unlabelled	SPOkGoodGood	Alarm(_G_-ENTRY,fts_open-41000)
148	0.794301	FalseGround	Unlabelled	SPOkGoodGood	Alarm(_G_-ENTRY,fts_open-41001)
149	0.791228	FalseGround	Unlabelled	SPOkGoodGood	Alarm(_G_-ENTRY,addlists-52435)
150	0.782256	FalseGround	Unlabelled	SPOkGoodGood	Alarm(_G_-ENTRY,hash_find_entry-40545)
151	0.782256	FalseGround	Unlabelled	SPOkGoodGood	Alarm(_G_-ENTRY,hash_find_entry-40546)
152	0.782256	FalseGround	Unlabelled	SPOkGoodGood	Alarm(_G_-ENTRY,hash_find_entry-40547)
153	0.782256	FalseGround	Unlabelled	SPOkGoodGood	Alarm(_G_-ENTRY,hash_find_entry-40548)
154	0.778393	FalseGround	Unlabelled	SPOkGoodGood	Alarm(_G_-ENTRY,kwsincr-44354)
155	0.778393	FalseGround	Unlabelled	SPOkGoodGood	Alarm(_G_-ENTRY,kwsincr-44358)
156	0.778393	FalseGround	Unlabelled	SPOkGoodGood	Alarm(_G_-ENTRY,kwsincr-44411)
157	0.778393	FalseGround	Unlabelled	SPOkGoodGood	Alarm(_G_-ENTRY,kwsincr-44442)
158	0.778393	FalseGround	Unlabelled	SPOkGoodGood	Alarm(_G_-ENTRY,kwsincr-44459)
159	0.774929	FalseGround	Unlabelled	SPOkGoodGood	Alarm(_G_-ENTRY,enlist-52356)
160	0.774929	FalseGround	Unlabelled	SPOkGoodGood	Alarm(_G_-ENTRY,main-57722)
161	0.774929	FalseGround	Unlabelled	SPOkGoodGood	Alarm(_G_-ENTRY,enlist-52336)
162	0.774929	FalseGround	Unlabelled	SPOkGoodGood	Alarm(_G_-ENTRY,kwsprep-44638)
163	0.773402	FalseGround	Unlabelled	SPOkGoodGood	Alarm(_G_-ENTRY,kwsmusts-45127)
164	0.769322	FalseGround	Unlabelled	SPOkGoodGood	Alarm(_G_-ENTRY,build_state-50244)
165	0.769322	FalseGround	Unlabelled	SPOkGoodGood	Alarm(_G_-ENTRY,build_state-50245)
166	0.769322	FalseGround	Unlabelled	SPOkGoodGood	Alarm(_G_-ENTRY,dfamust-54088)
167	0.769322	FalseGround	Unlabelled	SPOkGoodGood	Alarm(_G_-ENTRY,dfamust-54090)
168	0.769322	FalseGround	Unlabelled	SPOkGoodGood	Alarm(_G_-ENTRY,dfamust-54121)
169	0.769322	FalseGround	Unlabelled	SPOkGoodGood	Alarm(_G_-ENTRY,dfamust-54122)
170	0.769322	FalseGround	Unlabelled	SPOkGoodGood	Alarm(_G_-ENTRY,dfamust-54139)
171	0.769322	FalseGround	Unlabelled	SPOkGoodGood	Alarm(_G_-ENTRY,state_index-48429)
172	0.769322	FalseGround	Unlabelled	SPOkGoodGood	Alarm(_G_-ENTRY,dfamust-53824)
173	0.769322	FalseGround	Unlabelled	SPOkGoodGood	Alarm(_G_-ENTRY,dfamust-53825)
174	0.767182	FalseGround	Unlabelled	SPOkGoodGood	Alarm(_G_-ENTRY,hash_find_entry-40561)
175	0.767182	FalseGround	Unlabelled	SPOkGoodGood	Alarm(_G_-ENTRY,hash_find_entry-40535)
176	0.767182	FalseGround	Unlabelled	SPOkGoodGood	Alarm(_G_-ENTRY,hash_find_entry-40536)
177	0.767182	FalseGround	Unlabelled	SPOkGoodGood	Alarm(_G_-ENTRY,hash_find_entry-40537)
178	0.767182	FalseGround	Unlabelled	SPOkGoodGood	Alarm(_G_-ENTRY,hash_find_entry-40538)
179	0.767182	FalseGround	Unlabelled	SPOkGoodGood	Alarm(_G_-ENTRY,hash_find_entry-40543)
180	0.767182	FalseGround	Unlabelled	SPOkGoodGood	Alarm(_G_-ENTRY,hash_find_entry-40544)
181	0.766647	FalseGround	Unlabelled	SPOkGoodGood	Alarm(_G_-ENTRY,mb_goback-54764)
182	0.766572	FalseGround	Unlabelled	SPOkGoodGood	Alarm(_G_-ENTRY,lex-47506)
183	0.765166	FalseGround	Unlabelled	SPOkGoodGood	Alarm(_G_-ENTRY,kwsincr-44291)
184	0.765166	FalseGround	Unlabelled	SPOkGoodGood	Alarm(_G_-ENTRY,kwsincr-44292)
185	0.761899	FalseGround	Unlabelled	SPOkGoodGood	Alarm(_G_-ENTRY,state_separate_contexts-48590)
186	0.761899	FalseGround	Unlabelled	SPOkGoodGood	Alarm(_G_-ENTRY,state_separate_contexts-48591)
187	0.761899	FalseGround	Unlabelled	SPOkGoodGood	Alarm(_G_-ENTRY,state_separate_contexts-48592)
188	0.761899	FalseGround	Unlabelled	SPOkGoodGood	Alarm(_G_-ENTRY,state_separate_contexts-48593)
189	0.75622	FalseGround	Unlabelled	SPOkGoodGood	Alarm(_G_-ENTRY,dfastate-49840)
190	0.75622	FalseGround	Unlabelled	SPOkGoodGood	Alarm(_G_-ENTRY,dfastate-49863)
191	0.75622	FalseGround	Unlabelled	SPOkGoodGood	Alarm(_G_-ENTRY,kwsincr-44351)
192	0.756055	FalseGround	Unlabelled	SPOkGoodGood	Alarm(_G_-ENTRY,argmatch-43690)
193	0.756055	FalseGround	Unlabelled	SPOkGoodGood	Alarm(_G_-ENTRY,argmatch-43691)
194	0.756055	FalseGround	Unlabelled	SPOkGoodGood	Alarm(_G_-ENTRY,merge-48350)
195	0.756055	FalseGround	Unlabelled	SPOkGoodGood	Alarm(_G_-ENTRY,merge-48355)
196	0.756055	FalseGround	Unlabelled	SPOkGoodGood	Alarm(_G_-ENTRY,merge-48360)
197	0.756055	FalseGround	Unlabelled	SPOkGoodGood	Alarm(_G_-ENTRY,argmatch-43672)
198	0.756055	FalseGround	Unlabelled	SPOkGoodGood	Alarm(_G_-ENTRY,argmatch-43673)
199	0.756055	FalseGround	Unlabelled	SPOkGoodGood	Alarm(_G_-ENTRY,dfastate-49633)
200	0.756055	FalseGround	Unlabelled	SPOkGoodGood	Alarm(_G_-ENTRY,dfastate-49634)
201	0.756055	FalseGround	Unlabelled	SPOkGoodGood	Alarm(_G_-ENTRY,merge-48290)
202	0.756055	FalseGround	Unlabelled	SPOkGoodGood	Alarm(_G_-ENTRY,merge-48291)
203	0.756055	FalseGround	Unlabelled	SPOkGoodGood	Alarm(_G_-ENTRY,merge-48292)
204	0.756055	FalseGround	Unlabelled	SPOkGoodGood	Alarm(_G_-ENTRY,merge-48293)
205	0.752251	FalseGround	Unlabelled	SPOkGoodGood	Alarm(_G_-ENTRY,parse_bracket_exp-46939)
206	0.745577	FalseGround	Unlabelled	SPOkGoodGood	Alarm(_G_-ENTRY,exclude_fnmatch-42794)
207	0.745577	FalseGround	Unlabelled	SPOkGoodGood	Alarm(_G_-ENTRY,exclude_fnmatch-42795)
208	0.745577	FalseGround	Unlabelled	SPOkGoodGood	Alarm(_G_-ENTRY,exclude_fnmatch-42798)
209	0.745577	FalseGround	Unlabelled	SPOkGoodGood	Alarm(_G_-ENTRY,exclude_fnmatch-42799)
210	0.745577	FalseGround	Unlabelled	SPOkGoodGood	Alarm(_G_-ENTRY,exclude_fnmatch-42800)
211	0.745577	FalseGround	Unlabelled	SPOkGoodGood	Alarm(_G_-ENTRY,exclude_fnmatch-42801)
212	0.743841	FalseGround	Unlabelled	SPOkGoodGood	Alarm(_G_-ENTRY,kwsincr-44309)
213	0.743841	FalseGround	Unlabelled	SPOkGoodGood	Alarm(_G_-ENTRY,kwsincr-44310)
214	0.743841	FalseGround	Unlabelled	SPOkGoodGood	Alarm(_G_-ENTRY,kwsincr-44311)
215	0.743841	FalseGround	Unlabelled	SPOkGoodGood	Alarm(_G_-ENTRY,kwsincr-44312)
216	0.739875	FalseGround	Unlabelled	SPOkGoodGood	Alarm(_G_-ENTRY,build_state-50252)
217	0.739875	FalseGround	Unlabelled	SPOkGoodGood	Alarm(_G_-ENTRY,build_state-50253)
218	0.739875	FalseGround	Unlabelled	SPOkGoodGood	Alarm(_G_-ENTRY,build_state-50254)
219	0.739875	FalseGround	Unlabelled	SPOkGoodGood	Alarm(_G_-ENTRY,build_state-50255)
220	0.739029	FalseGround	Unlabelled	SPOkGoodGood	Alarm(_G_-ENTRY,reset-54973)
221	0.735832	FalseGround	Unlabelled	SPOkGoodGood	Alarm(_G_-ENTRY,comsubs-52419)
222	0.735832	FalseGround	Unlabelled	SPOkGoodGood	Alarm(_G_-ENTRY,comsubs-52395)
223	0.735832	FalseGround	Unlabelled	SPOkGoodGood	Alarm(_G_-ENTRY,comsubs-52396)
224	0.735832	FalseGround	Unlabelled	SPOkGoodGood	Alarm(_G_-ENTRY,parse_bracket_exp-46481)
225	0.735832	FalseGround	Unlabelled	SPOkGoodGood	Alarm(_G_-ENTRY,parse_bracket_exp-46482)
226	0.734423	FalseGround	Unlabelled	SPOkGoodGood	Alarm(_G_-ENTRY,tstbit-44850)
227	0.734058	FalseGround	Unlabelled	SPOkGoodGood	Alarm(_G_-ENTRY,lex-47358)
228	0.734058	FalseGround	Unlabelled	SPOkGoodGood	Alarm(_G_-ENTRY,lex-47359)
229	0.732893	FalseGround	Unlabelled	SPOkGoodGood	Alarm(_G_-ENTRY,parse_bracket_exp-46907)
230	0.730153	FalseGround	Unlabelled	SPOkGoodGood	Alarm(_G_-ENTRY,locale_charset-40155)
231	0.730153	FalseGround	Unlabelled	SPOkGoodGood	Alarm(_G_-ENTRY,locale_charset-40156)
232	0.729105	FalseGround	Unlabelled	SPOkGoodGood	Alarm(_G_-ENTRY,get_nondigit_option-56346)
233	0.729105	FalseGround	Unlabelled	SPOkGoodGood	Alarm(_G_-ENTRY,kwsincr-44344)
234	0.729105	FalseGround	Unlabelled	SPOkGoodGood	Alarm(_G_-ENTRY,build_state_zero-50545)
235	0.729105	FalseGround	Unlabelled	SPOkGoodGood	Alarm(_G_-ENTRY,build_state_zero-50546)
236	0.729	FalseGround	Unlabelled	SPOkGoodGood	Alarm(_G_-ENTRY,build_state-50247)
237	0.729	FalseGround	Unlabelled	SPOkGoodGood	Alarm(_G_-ENTRY,build_state-50248)
238	0.729	FalseGround	Unlabelled	SPOkGoodGood	Alarm(_G_-ENTRY,dfaanalyze-49116)
239	0.729	FalseGround	Unlabelled	SPOkGoodGood	Alarm(_G_-ENTRY,dfastate-49790)
240	0.729	FalseGround	Unlabelled	SPOkGoodGood	Alarm(_G_-ENTRY,dfastate-49842)
241	0.729	FalseGround	Unlabelled	SPOkGoodGood	Alarm(_G_-ENTRY,dfastate-49927)
242	0.729	FalseGround	Unlabelled	SPOkGoodGood	Alarm(_G_-ENTRY,epsclosure-48564)
243	0.728704	FalseGround	Unlabelled	SPOkGoodGood	Alarm(_G_-ENTRY,setmatcher-56210)
244	0.728704	FalseGround	Unlabelled	SPOkGoodGood	Alarm(_G_-ENTRY,setmatcher-56200)
245	0.728704	FalseGround	Unlabelled	SPOkGoodGood	Alarm(_G_-ENTRY,setmatcher-56201)
246	0.728457	FalseGround	Unlabelled	SPOkGoodGood	Alarm(_G_-ENTRY,kwsmusts-45126)
247	0.726238	FalseGround	Unlabelled	SPOkGoodGood	Alarm(_G_-ENTRY,quotearg_buffer_restyled-38012)
248	0.726238	FalseGround	Unlabelled	SPOkGoodGood	Alarm(_G_-ENTRY,quotearg_buffer_restyled-38013)
249	0.726082	FalseGround	Unlabelled	SPOkGoodGood	Alarm(_G_-ENTRY,freelist-52211)
250	0.726082	FalseGround	Unlabelled	SPOkGoodGood	Alarm(_G_-ENTRY,freelist-52212)
251	0.722571	FalseGround	Unlabelled	SPOkGoodGood	Alarm(_G_-ENTRY,GEAcompile-45240)
252	0.720374	FalseGround	Unlabelled	SPOkGoodGood	Alarm(_G_-ENTRY,memchr_kwset-44772)
253	0.720374	FalseGround	Unlabelled	SPOkGoodGood	Alarm(_G_-ENTRY,memchr_kwset-44773)
254	0.714871	FalseGround	Unlabelled	SPOkGoodGood	Alarm(_G_-ENTRY,fts_open-41107)
255	0.714871	FalseGround	Unlabelled	SPOkGoodGood	Alarm(_G_-ENTRY,unescape_pattern-42600)
256	0.714871	FalseGround	Unlabelled	SPOkGoodGood	Alarm(_G_-ENTRY,unescape_pattern-42601)
257	0.714871	FalseGround	Unlabelled	SPOkGoodGood	Alarm(_G_-ENTRY,unescape_pattern-42602)
258	0.714871	FalseGround	Unlabelled	SPOkGoodGood	Alarm(_G_-ENTRY,unescape_pattern-42603)
259	0.714204	FalseGround	Unlabelled	SPOkGoodGood	Alarm(_G_-ENTRY,istrstr-52207)
260	0.714204	FalseGround	Unlabelled	SPOkGoodGood	Alarm(_G_-ENTRY,istrstr-52201)
261	0.714204	FalseGround	Unlabelled	SPOkGoodGood	Alarm(_G_-ENTRY,istrstr-52202)
262	0.711927	FalseGround	Unlabelled	SPOkGoodGood	Alarm(_G_-ENTRY,cwexec-45001)
263	0.710617	FalseGround	Unlabelled	SPOkGoodGood	Alarm(_G_-ENTRY,hash_insert_if_absent-40692)
264	0.710617	FalseGround	Unlabelled	SPOkGoodGood	Alarm(_G_-ENTRY,hash_insert_if_absent-40693)
265	0.709495	FalseGround	Unlabelled	SPOkGoodGood	Alarm(_G_-ENTRY,kwsprep-44698)
266	0.706491	FalseGround	Unlabelled	SPOkGoodGood	Alarm(_G_-ENTRY,get_charset_aliases-40073)
267	0.69239	FalseGround	Unlabelled	SPOkGoodGood	Alarm(_G_-ENTRY,dfamust-54261)
268	0.684822	FalseGround	Unlabelled	SPOkGoodGood	Alarm(_G_-ENTRY,enlist-52323)
269	0.684822	FalseGround	Unlabelled	SPOkGoodGood	Alarm(_G_-ENTRY,enlist-52325)
270	0.68045	FalseGround	Unlabelled	SPOkGoodGood	Alarm(_G_-ENTRY,mb_goback-54763)
271	0.68045	FalseGround	Unlabelled	SPOkGoodGood	Alarm(_G_-ENTRY,dfastate-49767)
272	0.674067	FalseGround	Unlabelled	SPOkGoodGood	Alarm(_G_-ENTRY,cwexec-45024)
273	0.665652	FalseGround	Unlabelled	SPOkGoodGood	Alarm(_G_-ENTRY,dfaexec-51751)
274	0.665652	FalseGround	Unlabelled	SPOkGoodGood	Alarm(_G_-ENTRY,dfaexec-51752)
275	0.66207	FalseGround	Unlabelled	SPOkGoodGood	Alarm(_G_-ENTRY,lex-47447)
276	0.657165	FalseGround	Unlabelled	SPOkGoodGood	Alarm(_G_-ENTRY,prepend_default_options-56301)
277	0.6561	FalseGround	Unlabelled	SPOkGoodGood	Alarm(_G_-ENTRY,Fcompile-44054)
278	0.6561	FalseGround	Unlabelled	SPOkGoodGood	Alarm(_G_-ENTRY,Fcompile-44070)
279	0.6561	FalseGround	Unlabelled	SPOkGoodGood	Alarm(_G_-ENTRY,Fexecute-44178)
280	0.6561	FalseGround	Unlabelled	SPOkGoodGood	Alarm(_G_-ENTRY,GEAcompile-45186)
281	0.6561	FalseGround	Unlabelled	SPOkGoodGood	Alarm(_G_-ENTRY,bm_delta2_search-44741)
282	0.6561	FalseGround	Unlabelled	SPOkGoodGood	Alarm(_G_-ENTRY,copy-48163)
283	0.6561	FalseGround	Unlabelled	SPOkGoodGood	Alarm(_G_-ENTRY,dfaanalyze-49086)
284	0.6561	FalseGround	Unlabelled	SPOkGoodGood	Alarm(_G_-ENTRY,dfaanalyze-49115)
285	0.6561	FalseGround	Unlabelled	SPOkGoodGood	Alarm(_G_-ENTRY,dfaanalyze-49117)
286	0.6561	FalseGround	Unlabelled	SPOkGoodGood	Alarm(_G_-ENTRY,dfamust-54257)
287	0.6561	FalseGround	Unlabelled	SPOkGoodGood	Alarm(_G_-ENTRY,enlist-52327)
288	0.6561	FalseGround	Unlabelled	SPOkGoodGood	Alarm(_G_-ENTRY,enlist-52331)
289	0.6561	FalseGround	Unlabelled	SPOkGoodGood	Alarm(_G_-ENTRY,enlist-52333)
290	0.6561	FalseGround	Unlabelled	SPOkGoodGood	Alarm(_G_-ENTRY,enlist-52335)
291	0.6561	FalseGround	Unlabelled	SPOkGoodGood	Alarm(_G_-ENTRY,enlist-52355)
292	0.6561	FalseGround	Unlabelled	SPOkGoodGood	Alarm(_G_-ENTRY,epsclosure-48552)
293	0.6561	FalseGround	Unlabelled	SPOkGoodGood	Alarm(_G_-ENTRY,epsclosure-48554)
294	0.6561	FalseGround	Unlabelled	SPOkGoodGood	Alarm(_G_-ENTRY,find_pred-45256)
295	0.6561	FalseGround	Unlabelled	SPOkGoodGood	Alarm(_G_-ENTRY,fts_maxarglen-42335)
296	0.6561	FalseGround	Unlabelled	SPOkGoodGood	Alarm(_G_-ENTRY,hash_string-40359)
297	0.6561	FalseGround	Unlabelled	SPOkGoodGood	Alarm(_G_-ENTRY,prtext-55435)
298	0.6561	FalseGround	Unlabelled	SPOkGoodGood	Alarm(_G_-ENTRY,state_index-48464)
299	0.6561	FalseGround	Unlabelled	SPOkGoodGood	Alarm(_G_-ENTRY,state_index-48485)
300	0.6561	FalseGround	Unlabelled	SPOkGoodGood	Alarm(_G_-ENTRY,state_index-48494)
301	0.6561	FalseGround	Unlabelled	SPOkGoodGood	Alarm(_G_-ENTRY,state_index-48496)
302	0.6561	FalseGround	Unlabelled	SPOkGoodGood	Alarm(_G_-ENTRY,state_index-48497)
303	0.6561	FalseGround	Unlabelled	SPOkGoodGood	Alarm(_G_-ENTRY,Fexecute-44148)
304	0.6561	FalseGround	Unlabelled	SPOkGoodGood	Alarm(_G_-ENTRY,Fexecute-44149)
305	0.6561	FalseGround	Unlabelled	SPOkGoodGood	Alarm(_G_-ENTRY,comsubs-52399)
306	0.6561	FalseGround	Unlabelled	SPOkGoodGood	Alarm(_G_-ENTRY,comsubs-52400)
307	0.6561	FalseGround	Unlabelled	SPOkGoodGood	Alarm(_G_-ENTRY,comsubs-52401)
308	0.6561	FalseGround	Unlabelled	SPOkGoodGood	Alarm(_G_-ENTRY,comsubs-52402)
309	0.6561	FalseGround	Unlabelled	SPOkGoodGood	Alarm(_G_-ENTRY,enlist-52300)
310	0.6561	FalseGround	Unlabelled	SPOkGoodGood	Alarm(_G_-ENTRY,enlist-52301)
311	0.6561	FalseGround	Unlabelled	SPOkGoodGood	Alarm(_G_-ENTRY,enlist-52304)
312	0.6561	FalseGround	Unlabelled	SPOkGoodGood	Alarm(_G_-ENTRY,enlist-52305)
313	0.6561	FalseGround	Unlabelled	SPOkGoodGood	Alarm(_G_-ENTRY,epsclosure-48520)
314	0.6561	FalseGround	Unlabelled	SPOkGoodGood	Alarm(_G_-ENTRY,epsclosure-48521)
315	0.6561	FalseGround	Unlabelled	SPOkGoodGood	Alarm(_G_-ENTRY,epsclosure-48522)
316	0.6561	FalseGround	Unlabelled	SPOkGoodGood	Alarm(_G_-ENTRY,epsclosure-48523)
317	0.6561	FalseGround	Unlabelled	SPOkGoodGood	Alarm(_G_-ENTRY,epsclosure-48524)
318	0.6561	FalseGround	Unlabelled	SPOkGoodGood	Alarm(_G_-ENTRY,epsclosure-48525)
319	0.6561	FalseGround	Unlabelled	SPOkGoodGood	Alarm(_G_-ENTRY,epsclosure-48526)
320	0.6561	FalseGround	Unlabelled	SPOkGoodGood	Alarm(_G_-ENTRY,epsclosure-48527)
321	0.6561	FalseGround	Unlabelled	SPOkGoodGood	Alarm(_G_-ENTRY,epsclosure-48528)
322	0.6561	FalseGround	Unlabelled	SPOkGoodGood	Alarm(_G_-ENTRY,epsclosure-48529)
323	0.6561	FalseGround	Unlabelled	SPOkGoodGood	Alarm(_G_-ENTRY,find_pred-45844)
324	0.6561	FalseGround	Unlabelled	SPOkGoodGood	Alarm(_G_-ENTRY,find_pred-45845)
325	0.6561	FalseGround	Unlabelled	SPOkGoodGood	Alarm(_G_-ENTRY,fts_maxarglen-42330)
326	0.6561	FalseGround	Unlabelled	SPOkGoodGood	Alarm(_G_-ENTRY,fts_maxarglen-42331)
327	0.6561	FalseGround	Unlabelled	SPOkGoodGood	Alarm(_G_-ENTRY,get_charset_aliases-40019)
328	0.6561	FalseGround	Unlabelled	SPOkGoodGood	Alarm(_G_-ENTRY,get_charset_aliases-40020)
329	0.6561	FalseGround	Unlabelled	SPOkGoodGood	Alarm(_G_-ENTRY,inboth-52492)
330	0.6561	FalseGround	Unlabelled	SPOkGoodGood	Alarm(_G_-ENTRY,inboth-52493)
331	0.6561	FalseGround	Unlabelled	SPOkGoodGood	Alarm(_G_-ENTRY,inboth-52494)
332	0.6561	FalseGround	Unlabelled	SPOkGoodGood	Alarm(_G_-ENTRY,inboth-52495)
333	0.6561	FalseGround	Unlabelled	SPOkGoodGood	Alarm(_G_-ENTRY,kwsincr-44301)
334	0.6561	FalseGround	Unlabelled	SPOkGoodGood	Alarm(_G_-ENTRY,kwsincr-44302)
335	0.6561	FalseGround	Unlabelled	SPOkGoodGood	Alarm(_G_-ENTRY,kwsincr-44305)
336	0.6561	FalseGround	Unlabelled	SPOkGoodGood	Alarm(_G_-ENTRY,kwsincr-44306)
337	0.6561	FalseGround	Unlabelled	SPOkGoodGood	Alarm(_G_-ENTRY,parse_grep_colors-56360)
338	0.6561	FalseGround	Unlabelled	SPOkGoodGood	Alarm(_G_-ENTRY,parse_grep_colors-56361)
339	0.6561	FalseGround	Unlabelled	SPOkGoodGood	Alarm(_G_-ENTRY,prline-55301)
340	0.6561	FalseGround	Unlabelled	SPOkGoodGood	Alarm(_G_-ENTRY,prline-55302)
341	0.6561	FalseGround	Unlabelled	SPOkGoodGood	Alarm(_G_-ENTRY,prline-55303)
342	0.6561	FalseGround	Unlabelled	SPOkGoodGood	Alarm(_G_-ENTRY,prline-55304)
343	0.6561	FalseGround	Unlabelled	SPOkGoodGood	Alarm(_G_-ENTRY,prline-55309)
344	0.6561	FalseGround	Unlabelled	SPOkGoodGood	Alarm(_G_-ENTRY,prline-55310)
345	0.6561	FalseGround	Unlabelled	SPOkGoodGood	Alarm(_G_-ENTRY,prline-55313)
346	0.6561	FalseGround	Unlabelled	SPOkGoodGood	Alarm(_G_-ENTRY,prline-55314)
347	0.6561	FalseGround	Unlabelled	SPOkGoodGood	Alarm(_G_-ENTRY,state_index-48387)
348	0.6561	FalseGround	Unlabelled	SPOkGoodGood	Alarm(_G_-ENTRY,state_index-48388)
349	0.6561	FalseGround	Unlabelled	SPOkGoodGood	Alarm(_G_-ENTRY,state_index-48391)
350	0.6561	FalseGround	Unlabelled	SPOkGoodGood	Alarm(_G_-ENTRY,state_index-48392)
351	0.6561	FalseGround	Unlabelled	SPOkGoodGood	Alarm(_G_-ENTRY,state_index-48423)
352	0.6561	FalseGround	Unlabelled	SPOkGoodGood	Alarm(_G_-ENTRY,state_index-48424)
353	0.643384	FalseGround	Unlabelled	SPOkGoodGood	Alarm(_G_-ENTRY,hash_find_entry-40557)
354	0.639704	FalseGround	Unlabelled	SPOkGoodGood	Alarm(_G_-ENTRY,bmexec_trans-44835)
355	0.629836	FalseGround	Unlabelled	SPOkGoodGood	Alarm(_G_-ENTRY,transfer_entries-40597)
356	0.623151	FalseGround	Unlabelled	SPOkGoodGood	Alarm(_G_-ENTRY,resetmust-52679)
357	0.623151	FalseGround	Unlabelled	SPOkGoodGood	Alarm(_G_-ENTRY,cwexec-45025)
358	0.617904	FalseGround	Unlabelled	SPOkGoodGood	Alarm(_G_-ENTRY,file_is_binary-54876)
359	0.615163	FalseGround	Unlabelled	SPOkGoodGood	Alarm(_G_-ENTRY,hash_find_entry-40559)
360	0.611062	FalseGround	Unlabelled	SPOkGoodGood	Alarm(_G_-ENTRY,kwsincr-44343)
361	0.609064	FalseGround	Unlabelled	SPOkGoodGood	Alarm(_G_-ENTRY,prtext-55390)
362	0.609064	FalseGround	Unlabelled	SPOkGoodGood	Alarm(_G_-ENTRY,prtext-55391)
363	0.596024	FalseGround	Unlabelled	SPOkGoodGood	Alarm(_G_-ENTRY,i_ring_pop-40215)
364	0.596024	FalseGround	Unlabelled	SPOkGoodGood	Alarm(_G_-ENTRY,i_ring_pop-40216)
365	0.595129	FalseGround	Unlabelled	SPOkGoodGood	Alarm(_G_-ENTRY,get_charset_aliases-40023)
366	0.595129	FalseGround	Unlabelled	SPOkGoodGood	Alarm(_G_-ENTRY,get_charset_aliases-40024)
367	0.59318	FalseGround	Unlabelled	SPOkGoodGood	Alarm(_G_-ENTRY,mbs_to_wchar-45582)
368	0.590575	FalseGround	Unlabelled	SPOkGoodGood	Alarm(_G_-ENTRY,memchr2-39203)
369	0.590575	FalseGround	Unlabelled	SPOkGoodGood	Alarm(_G_-ENTRY,memchr2-39204)
370	0.590575	FalseGround	Unlabelled	SPOkGoodGood	Alarm(_G_-ENTRY,memchr2-39205)
371	0.590575	FalseGround	Unlabelled	SPOkGoodGood	Alarm(_G_-ENTRY,memchr2-39206)
372	0.59049	FalseGround	Unlabelled	SPOkGoodGood	Alarm(_G_-ENTRY,mbuiter_multi_next-38531)
373	0.59049	FalseGround	Unlabelled	SPOkGoodGood	Alarm(_G_-ENTRY,mbuiter_multi_next-38533)
374	0.59049	FalseGround	Unlabelled	SPOkGoodGood	Alarm(_G_-ENTRY,cwexec-45015)
375	0.59049	FalseGround	Unlabelled	SPOkGoodGood	Alarm(_G_-ENTRY,dfaexec-51823)
376	0.59049	FalseGround	Unlabelled	SPOkGoodGood	Alarm(_G_-ENTRY,dfaexec-51826)
377	0.59049	FalseGround	Unlabelled	SPOkGoodGood	Alarm(_G_-ENTRY,dfaexec-51827)
378	0.59049	FalseGround	Unlabelled	SPOkGoodGood	Alarm(_G_-ENTRY,dfaexec-51833)
379	0.59049	FalseGround	Unlabelled	SPOkGoodGood	Alarm(_G_-ENTRY,fillbuf-55048)
380	0.59049	FalseGround	Unlabelled	SPOkGoodGood	Alarm(_G_-ENTRY,fillbuf-55049)
381	0.59049	FalseGround	Unlabelled	SPOkGoodGood	Alarm(_G_-ENTRY,hash_lookup-37495)
382	0.59049	FalseGround	Unlabelled	SPOkGoodGood	Alarm(_G_-ENTRY,hash_lookup-37501)
383	0.59049	FalseGround	Unlabelled	SPOkGoodGood	Alarm(_G_-ENTRY,hash_lookup-40294)
384	0.59049	FalseGround	Unlabelled	SPOkGoodGood	Alarm(_G_-ENTRY,hash_lookup-40295)
385	0.59049	FalseGround	Unlabelled	SPOkGoodGood	Alarm(_G_-ENTRY,lex-47497)
386	0.59049	FalseGround	Unlabelled	SPOkGoodGood	Alarm(_G_-ENTRY,lex-47504)
387	0.59049	FalseGround	Unlabelled	SPOkGoodGood	Alarm(_G_-ENTRY,memchr2-39228)
388	0.59049	FalseGround	Unlabelled	SPOkGoodGood	Alarm(_G_-ENTRY,memchr2-39229)
389	0.59049	FalseGround	Unlabelled	SPOkGoodGood	Alarm(_G_-ENTRY,xmemdup-36567)
390	0.59049	FalseGround	Unlabelled	SPOkGoodGood	Alarm(_G_-ENTRY,hash_lookup-40283)
391	0.59049	FalseGround	Unlabelled	SPOkGoodGood	Alarm(_G_-ENTRY,hash_lookup-40284)
392	0.59049	FalseGround	Unlabelled	SPOkGoodGood	Alarm(_G_-ENTRY,hash_lookup-40287)
393	0.59049	FalseGround	Unlabelled	SPOkGoodGood	Alarm(_G_-ENTRY,hash_lookup-40288)
394	0.59049	FalseGround	Unlabelled	SPOkGoodGood	Alarm(_G_-ENTRY,lex-47340)
395	0.59049	FalseGround	Unlabelled	SPOkGoodGood	Alarm(_G_-ENTRY,lex-47341)
396	0.59049	FalseGround	Unlabelled	SPOkGoodGood	Alarm(_G_-ENTRY,lex-47348)
397	0.59049	FalseGround	Unlabelled	SPOkGoodGood	Alarm(_G_-ENTRY,lex-47349)
398	0.59049	FalseGround	Unlabelled	SPOkGoodGood	Alarm(_G_-ENTRY,lex-47354)
399	0.59049	FalseGround	Unlabelled	SPOkGoodGood	Alarm(_G_-ENTRY,lex-47355)
400	0.59049	FalseGround	Unlabelled	SPOkGoodGood	Alarm(_G_-ENTRY,lex-47364)
401	0.59049	FalseGround	Unlabelled	SPOkGoodGood	Alarm(_G_-ENTRY,lex-47365)
402	0.59049	FalseGround	Unlabelled	SPOkGoodGood	Alarm(_G_-ENTRY,lex-47368)
403	0.59049	FalseGround	Unlabelled	SPOkGoodGood	Alarm(_G_-ENTRY,lex-47369)
404	0.59049	FalseGround	Unlabelled	SPOkGoodGood	Alarm(_G_-ENTRY,locale_charset-40163)
405	0.59049	FalseGround	Unlabelled	SPOkGoodGood	Alarm(_G_-ENTRY,locale_charset-40164)
406	0.59049	FalseGround	Unlabelled	SPOkGoodGood	Alarm(_G_-ENTRY,nlscan-55116)
407	0.59049	FalseGround	Unlabelled	SPOkGoodGood	Alarm(_G_-ENTRY,parse_bracket_exp-46405)
408	0.59049	FalseGround	Unlabelled	SPOkGoodGood	Alarm(_G_-ENTRY,parse_bracket_exp-46406)
409	0.59049	FalseGround	Unlabelled	SPOkGoodGood	Alarm(_G_-ENTRY,delete-48372)
410	0.59049	FalseGround	Unlabelled	SPOkGoodGood	Alarm(_G_-ENTRY,delete-48373)
411	0.59049	FalseGround	Unlabelled	SPOkGoodGood	Alarm(_G_-ENTRY,dfaanalyze-48945)
412	0.59049	FalseGround	Unlabelled	SPOkGoodGood	Alarm(_G_-ENTRY,dfaanalyze-48946)
413	0.59049	FalseGround	Unlabelled	SPOkGoodGood	Alarm(_G_-ENTRY,dfaanalyze-48961)
414	0.59049	FalseGround	Unlabelled	SPOkGoodGood	Alarm(_G_-ENTRY,dfaanalyze-48962)
415	0.59049	FalseGround	Unlabelled	SPOkGoodGood	Alarm(_G_-ENTRY,dfaanalyze-48963)
416	0.59049	FalseGround	Unlabelled	SPOkGoodGood	Alarm(_G_-ENTRY,dfaanalyze-48964)
417	0.59049	FalseGround	Unlabelled	SPOkGoodGood	Alarm(_G_-ENTRY,dfaanalyze-48965)
418	0.59049	FalseGround	Unlabelled	SPOkGoodGood	Alarm(_G_-ENTRY,dfaanalyze-48966)
419	0.59049	FalseGround	Unlabelled	SPOkGoodGood	Alarm(_G_-ENTRY,dfaanalyze-48967)
420	0.59049	FalseGround	Unlabelled	SPOkGoodGood	Alarm(_G_-ENTRY,dfaanalyze-48968)
421	0.59049	FalseGround	Unlabelled	SPOkGoodGood	Alarm(_G_-ENTRY,dfaanalyze-48969)
422	0.59049	FalseGround	Unlabelled	SPOkGoodGood	Alarm(_G_-ENTRY,dfaanalyze-48970)
423	0.590251	FalseGround	Unlabelled	SPOkGoodGood	Alarm(_G_-ENTRY,setmatcher-56208)
424	0.589628	FalseGround	Unlabelled	SPOkGoodGood	Alarm(_G_-ENTRY,kwsmusts-45123)
425	0.589488	FalseGround	Unlabelled	SPOkGoodGood	Alarm(_G_-ENTRY,transit_state_singlebyte-50594)
426	0.589488	FalseGround	Unlabelled	SPOkGoodGood	Alarm(_G_-ENTRY,transit_state_singlebyte-50595)
427	0.589488	FalseGround	Unlabelled	SPOkGoodGood	Alarm(_G_-ENTRY,transit_state_singlebyte-50599)
428	0.588253	FalseGround	Unlabelled	SPOkGoodGood	Alarm(_G_-ENTRY,quotearg_buffer_restyled-38027)
429	0.588253	FalseGround	Unlabelled	SPOkGoodGood	Alarm(_G_-ENTRY,quotearg_buffer_restyled-38037)
430	0.588253	FalseGround	Unlabelled	SPOkGoodGood	Alarm(_G_-ENTRY,quotearg_buffer_restyled-38045)
431	0.588253	FalseGround	Unlabelled	SPOkGoodGood	Alarm(_G_-ENTRY,quotearg_buffer_restyled-38062)
432	0.588253	FalseGround	Unlabelled	SPOkGoodGood	Alarm(_G_-ENTRY,quotearg_buffer_restyled-38064)
433	0.588253	FalseGround	Unlabelled	SPOkGoodGood	Alarm(_G_-ENTRY,quotearg_buffer_restyled-38066)
434	0.588253	FalseGround	Unlabelled	SPOkGoodGood	Alarm(_G_-ENTRY,quotearg_buffer_restyled-38069)
435	0.588253	FalseGround	Unlabelled	SPOkGoodGood	Alarm(_G_-ENTRY,quotearg_buffer_restyled-38071)
436	0.588253	FalseGround	Unlabelled	SPOkGoodGood	Alarm(_G_-ENTRY,quotearg_buffer_restyled-38073)
437	0.588253	FalseGround	Unlabelled	SPOkGoodGood	Alarm(_G_-ENTRY,quotearg_buffer_restyled-38075)
438	0.588253	FalseGround	Unlabelled	SPOkGoodGood	Alarm(_G_-ENTRY,quotearg_buffer_restyled-38077)
439	0.588253	FalseGround	Unlabelled	SPOkGoodGood	Alarm(_G_-ENTRY,quotearg_buffer_restyled-38088)
440	0.588253	FalseGround	Unlabelled	SPOkGoodGood	Alarm(_G_-ENTRY,quotearg_buffer_restyled-38090)
441	0.588253	FalseGround	Unlabelled	SPOkGoodGood	Alarm(_G_-ENTRY,quotearg_buffer_restyled-38092)
442	0.588253	FalseGround	Unlabelled	SPOkGoodGood	Alarm(_G_-ENTRY,quotearg_buffer_restyled-38094)
443	0.588253	FalseGround	Unlabelled	SPOkGoodGood	Alarm(_G_-ENTRY,quotearg_buffer_restyled-38115)
444	0.588253	FalseGround	Unlabelled	SPOkGoodGood	Alarm(_G_-ENTRY,quotearg_buffer_restyled-38117)
445	0.588253	FalseGround	Unlabelled	SPOkGoodGood	Alarm(_G_-ENTRY,quotearg_buffer_restyled-38119)
446	0.588253	FalseGround	Unlabelled	SPOkGoodGood	Alarm(_G_-ENTRY,quotearg_buffer_restyled-38122)
447	0.588253	FalseGround	Unlabelled	SPOkGoodGood	Alarm(_G_-ENTRY,quotearg_buffer_restyled-38125)
448	0.588253	FalseGround	Unlabelled	SPOkGoodGood	Alarm(_G_-ENTRY,quotearg_buffer_restyled-38128)
449	0.588253	FalseGround	Unlabelled	SPOkGoodGood	Alarm(_G_-ENTRY,quotearg_buffer_restyled-38129)
450	0.588253	FalseGround	Unlabelled	SPOkGoodGood	Alarm(_G_-ENTRY,quotearg_buffer_restyled-38131)
451	0.588253	FalseGround	Unlabelled	SPOkGoodGood	Alarm(_G_-ENTRY,quotearg_buffer_restyled-38134)
452	0.588253	FalseGround	Unlabelled	SPOkGoodGood	Alarm(_G_-ENTRY,quotearg_buffer_restyled-37844)
453	0.588253	FalseGround	Unlabelled	SPOkGoodGood	Alarm(_G_-ENTRY,quotearg_buffer_restyled-37845)
454	0.588253	FalseGround	Unlabelled	SPOkGoodGood	Alarm(_G_-ENTRY,quotearg_buffer_restyled-37846)
455	0.588253	FalseGround	Unlabelled	SPOkGoodGood	Alarm(_G_-ENTRY,quotearg_buffer_restyled-37847)
456	0.588253	FalseGround	Unlabelled	SPOkGoodGood	Alarm(_G_-ENTRY,quotearg_buffer_restyled-37864)
457	0.588253	FalseGround	Unlabelled	SPOkGoodGood	Alarm(_G_-ENTRY,quotearg_buffer_restyled-37865)
458	0.588253	FalseGround	Unlabelled	SPOkGoodGood	Alarm(_G_-ENTRY,quotearg_buffer_restyled-37866)
459	0.588253	FalseGround	Unlabelled	SPOkGoodGood	Alarm(_G_-ENTRY,quotearg_buffer_restyled-37867)
460	0.588253	FalseGround	Unlabelled	SPOkGoodGood	Alarm(_G_-ENTRY,quotearg_buffer_restyled-37868)
461	0.588253	FalseGround	Unlabelled	SPOkGoodGood	Alarm(_G_-ENTRY,quotearg_buffer_restyled-37869)
462	0.588253	FalseGround	Unlabelled	SPOkGoodGood	Alarm(_G_-ENTRY,quotearg_buffer_restyled-37870)
463	0.588253	FalseGround	Unlabelled	SPOkGoodGood	Alarm(_G_-ENTRY,quotearg_buffer_restyled-37871)
464	0.588253	FalseGround	Unlabelled	SPOkGoodGood	Alarm(_G_-ENTRY,quotearg_buffer_restyled-37872)
465	0.588253	FalseGround	Unlabelled	SPOkGoodGood	Alarm(_G_-ENTRY,quotearg_buffer_restyled-37873)
466	0.588253	FalseGround	Unlabelled	SPOkGoodGood	Alarm(_G_-ENTRY,quotearg_buffer_restyled-37874)
467	0.588253	FalseGround	Unlabelled	SPOkGoodGood	Alarm(_G_-ENTRY,quotearg_buffer_restyled-37875)
468	0.588253	FalseGround	Unlabelled	SPOkGoodGood	Alarm(_G_-ENTRY,quotearg_buffer_restyled-37876)
469	0.588253	FalseGround	Unlabelled	SPOkGoodGood	Alarm(_G_-ENTRY,quotearg_buffer_restyled-37877)
470	0.588253	FalseGround	Unlabelled	SPOkGoodGood	Alarm(_G_-ENTRY,quotearg_buffer_restyled-37878)
471	0.588253	FalseGround	Unlabelled	SPOkGoodGood	Alarm(_G_-ENTRY,quotearg_buffer_restyled-37879)
472	0.588253	FalseGround	Unlabelled	SPOkGoodGood	Alarm(_G_-ENTRY,quotearg_buffer_restyled-37880)
473	0.588253	FalseGround	Unlabelled	SPOkGoodGood	Alarm(_G_-ENTRY,quotearg_buffer_restyled-37881)
474	0.588253	FalseGround	Unlabelled	SPOkGoodGood	Alarm(_G_-ENTRY,quotearg_buffer_restyled-37882)
475	0.588253	FalseGround	Unlabelled	SPOkGoodGood	Alarm(_G_-ENTRY,quotearg_buffer_restyled-37883)
476	0.588253	FalseGround	Unlabelled	SPOkGoodGood	Alarm(_G_-ENTRY,quotearg_buffer_restyled-37938)
477	0.588253	FalseGround	Unlabelled	SPOkGoodGood	Alarm(_G_-ENTRY,quotearg_buffer_restyled-37939)
478	0.588253	FalseGround	Unlabelled	SPOkGoodGood	Alarm(_G_-ENTRY,quotearg_buffer_restyled-37946)
479	0.588253	FalseGround	Unlabelled	SPOkGoodGood	Alarm(_G_-ENTRY,quotearg_buffer_restyled-37947)
480	0.588253	FalseGround	Unlabelled	SPOkGoodGood	Alarm(_G_-ENTRY,quotearg_buffer_restyled-37948)
481	0.588253	FalseGround	Unlabelled	SPOkGoodGood	Alarm(_G_-ENTRY,quotearg_buffer_restyled-37949)
482	0.588253	FalseGround	Unlabelled	SPOkGoodGood	Alarm(_G_-ENTRY,quotearg_buffer_restyled-37950)
483	0.588253	FalseGround	Unlabelled	SPOkGoodGood	Alarm(_G_-ENTRY,quotearg_buffer_restyled-37951)
484	0.588253	FalseGround	Unlabelled	SPOkGoodGood	Alarm(_G_-ENTRY,quotearg_buffer_restyled-37952)
485	0.588253	FalseGround	Unlabelled	SPOkGoodGood	Alarm(_G_-ENTRY,quotearg_buffer_restyled-37953)
486	0.588253	FalseGround	Unlabelled	SPOkGoodGood	Alarm(_G_-ENTRY,quotearg_buffer_restyled-37954)
487	0.588253	FalseGround	Unlabelled	SPOkGoodGood	Alarm(_G_-ENTRY,quotearg_buffer_restyled-37955)
488	0.579045	FalseGround	Unlabelled	SPOkGoodGood	Alarm(_G_-ENTRY,unescape_pattern-42615)
489	0.579045	FalseGround	Unlabelled	SPOkGoodGood	Alarm(_G_-ENTRY,unescape_pattern-42616)
490	0.576061	FalseGround	Unlabelled	SPOkGoodGood	Alarm(_G_-ENTRY,parse_grep_colors-56405)
491	0.57599	FalseGround	Unlabelled	SPOkGoodGood	Alarm(_G_-ENTRY,transfer_entries-40591)
492	0.573972	FalseGround	Unlabelled	SPOkGoodGood	Alarm(_G_-ENTRY,add_exclude-42982)
493	0.573972	FalseGround	Unlabelled	SPOkGoodGood	Alarm(_G_-ENTRY,add_exclude-42920)
494	0.573972	FalseGround	Unlabelled	SPOkGoodGood	Alarm(_G_-ENTRY,add_exclude-42921)
495	0.572846	FalseGround	Unlabelled	SPOkGoodGood	Alarm(_G_-ENTRY,transfer_entries-40595)
496	0.572846	FalseGround	Unlabelled	SPOkGoodGood	Alarm(_G_-ENTRY,transfer_entries-40613)
497	0.559275	FalseGround	Unlabelled	SPOkGoodGood	Alarm(_G_-ENTRY,hash_find_entry-40558)
498	0.554872	FalseGround	Unlabelled	SPOkGoodGood	Alarm(_G_-ENTRY,add_exclude_fp-43055)
499	0.554872	FalseGround	Unlabelled	SPOkGoodGood	Alarm(_G_-ENTRY,add_exclude_fp-43056)
500	0.551164	FalseGround	Unlabelled	SPOkGoodGood	Alarm(_G_-ENTRY,dfastate-49770)
501	0.537147	FalseGround	Unlabelled	SPOkGoodGood	Alarm(_G_-ENTRY,add_exclude_fp-43113)
502	0.536421	FalseGround	Unlabelled	SPOkGoodGood	Alarm(_G_-ENTRY,parse_bracket_exp-46815)
503	0.532282	FalseGround	Unlabelled	SPOkGoodGood	Alarm(_G_-ENTRY,locale_charset-40159)
504	0.532282	FalseGround	Unlabelled	SPOkGoodGood	Alarm(_G_-ENTRY,locale_charset-40160)
505	0.532282	FalseGround	Unlabelled	SPOkGoodGood	Alarm(_G_-ENTRY,locale_charset-40161)
506	0.532282	FalseGround	Unlabelled	SPOkGoodGood	Alarm(_G_-ENTRY,locale_charset-40162)
507	0.531441	FalseGround	Unlabelled	SPOkGoodGood	Alarm(_G_-ENTRY,get_nondigit_option-56352)
508	0.531441	FalseGround	Unlabelled	SPOkGoodGood	Alarm(_G_-ENTRY,addlists-52434)
509	0.531441	FalseGround	Unlabelled	SPOkGoodGood	Alarm(_G_-ENTRY,cwexec-44981)
510	0.531441	FalseGround	Unlabelled	SPOkGoodGood	Alarm(_G_-ENTRY,cwexec-44993)
511	0.531441	FalseGround	Unlabelled	SPOkGoodGood	Alarm(_G_-ENTRY,delete-48381)
512	0.531441	FalseGround	Unlabelled	SPOkGoodGood	Alarm(_G_-ENTRY,dfaexec-51835)
513	0.531441	FalseGround	Unlabelled	SPOkGoodGood	Alarm(_G_-ENTRY,dfaexec-51842)
514	0.531441	FalseGround	Unlabelled	SPOkGoodGood	Alarm(_G_-ENTRY,dfaexec-51847)
515	0.531441	FalseGround	Unlabelled	SPOkGoodGood	Alarm(_G_-ENTRY,print_offset-55146)
516	0.531441	FalseGround	Unlabelled	SPOkGoodGood	Alarm(_G_-ENTRY,prtext-55429)
517	0.531441	FalseGround	Unlabelled	SPOkGoodGood	Alarm(_G_-ENTRY,addlists-52432)
518	0.531441	FalseGround	Unlabelled	SPOkGoodGood	Alarm(_G_-ENTRY,addlists-52433)
519	0.531441	FalseGround	Unlabelled	SPOkGoodGood	Alarm(_G_-ENTRY,cwexec-45002)
520	0.531441	FalseGround	Unlabelled	SPOkGoodGood	Alarm(_G_-ENTRY,dfaexec-51743)
521	0.531441	FalseGround	Unlabelled	SPOkGoodGood	Alarm(_G_-ENTRY,dfaexec-51744)
522	0.531441	FalseGround	Unlabelled	SPOkGoodGood	Alarm(_G_-ENTRY,dfaexec-51745)
523	0.531441	FalseGround	Unlabelled	SPOkGoodGood	Alarm(_G_-ENTRY,dfaexec-51746)
524	0.531441	FalseGround	Unlabelled	SPOkGoodGood	Alarm(_G_-ENTRY,dfaexec-51757)
525	0.531441	FalseGround	Unlabelled	SPOkGoodGood	Alarm(_G_-ENTRY,dfaexec-51758)
526	0.531441	FalseGround	Unlabelled	SPOkGoodGood	Alarm(_G_-ENTRY,dfaexec-51759)
527	0.531441	FalseGround	Unlabelled	SPOkGoodGood	Alarm(_G_-ENTRY,dfaexec-51760)
528	0.531441	FalseGround	Unlabelled	SPOkGoodGood	Alarm(_G_-ENTRY,hash_delete-40747)
529	0.531441	FalseGround	Unlabelled	SPOkGoodGood	Alarm(_G_-ENTRY,hash_delete-40748)
530	0.531441	FalseGround	Unlabelled	SPOkGoodGood	Alarm(_G_-ENTRY,pr_sgr_start-54804)
531	0.531441	FalseGround	Unlabelled	SPOkGoodGood	Alarm(_G_-ENTRY,pr_sgr_start-54805)
532	0.531293	FalseGround	Unlabelled	SPOkGoodGood	Alarm(_G_-ENTRY,grep-55581)
533	0.531293	FalseGround	Unlabelled	SPOkGoodGood	Alarm(_G_-ENTRY,grep-55582)
534	0.529314	FalseGround	Unlabelled	SPOkGoodGood	Alarm(_G_-ENTRY,freelist-52215)
535	0.525302	FalseGround	Unlabelled	SPOkGoodGood	Alarm(_G_-ENTRY,parse_bracket_exp-46679)
536	0.525302	FalseGround	Unlabelled	SPOkGoodGood	Alarm(_G_-ENTRY,parse_bracket_exp-46787)
537	0.525302	FalseGround	Unlabelled	SPOkGoodGood	Alarm(_G_-ENTRY,parse_bracket_exp-46800)
538	0.521423	FalseGround	Unlabelled	SPOkGoodGood	Alarm(_G_-ENTRY,parse_bracket_exp-46665)
539	0.521423	FalseGround	Unlabelled	SPOkGoodGood	Alarm(_G_-ENTRY,parse_bracket_exp-46774)
540	0.518161	FalseGround	Unlabelled	SPOkGoodGood	Alarm(_G_-ENTRY,memchr_kwset-44776)
541	0.51804	FalseGround	Unlabelled	SPOkGoodGood	Alarm(_G_-ENTRY,hash_insert_if_absent-40719)
542	0.515493	FalseGround	Unlabelled	SPOkGoodGood	Alarm(_G_-ENTRY,prepend_default_options-56309)
543	0.511678	FalseGround	Unlabelled	SPOkGoodGood	Alarm(_G_-ENTRY,file_name_matches-42850)
544	0.508431	FalseGround	Unlabelled	SPOkGoodGood	Alarm(_G_-ENTRY,transit_state-51428)
545	0.505691	FalseGround	Unlabelled	SPOkGoodGood	Alarm(_G_-ENTRY,transfer_entries-40576)
546	0.505691	FalseGround	Unlabelled	SPOkGoodGood	Alarm(_G_-ENTRY,transfer_entries-40577)
547	0.495475	FalseGround	Unlabelled	SPOkGoodGood	Alarm(_G_-ENTRY,do_execute-55483)
548	0.488778	FalseGround	Unlabelled	SPOkGoodGood	Alarm(_G_-ENTRY,string_hasher_ci-42663)
549	0.482779	FalseGround	Unlabelled	SPOkGoodGood	Alarm(_G_-ENTRY,prepend_default_options-56308)
550	0.482269	FalseGround	Unlabelled	SPOkGoodGood	Alarm(_G_-ENTRY,prepend_args-56244)
551	0.478297	FalseGround	Unlabelled	SPOkGoodGood	Alarm(_G_-ENTRY,mbuiter_multi_next-38525)
552	0.478297	FalseGround	Unlabelled	SPOkGoodGood	Alarm(_G_-ENTRY,mbuiter_multi_next-38526)
553	0.478297	FalseGround	Unlabelled	SPOkGoodGood	Alarm(_G_-ENTRY,find_pred-45849)
554	0.478297	FalseGround	Unlabelled	SPOkGoodGood	Alarm(_G_-ENTRY,get_charset_aliases-40103)
555	0.478297	FalseGround	Unlabelled	SPOkGoodGood	Alarm(_G_-ENTRY,main-57566)
556	0.478297	FalseGround	Unlabelled	SPOkGoodGood	Alarm(_G_-ENTRY,mbtoupper-54685)
557	0.478297	FalseGround	Unlabelled	SPOkGoodGood	Alarm(_G_-ENTRY,mbtoupper-54690)
558	0.478297	FalseGround	Unlabelled	SPOkGoodGood	Alarm(_G_-ENTRY,mbtoupper-54706)
559	0.478297	FalseGround	Unlabelled	SPOkGoodGood	Alarm(_G_-ENTRY,kwsincr-44313)
560	0.478297	FalseGround	Unlabelled	SPOkGoodGood	Alarm(_G_-ENTRY,kwsincr-44314)
561	0.478297	FalseGround	Unlabelled	SPOkGoodGood	Alarm(_G_-ENTRY,kwsincr-44315)
562	0.478297	FalseGround	Unlabelled	SPOkGoodGood	Alarm(_G_-ENTRY,kwsincr-44316)
563	0.478297	FalseGround	Unlabelled	SPOkGoodGood	Alarm(_G_-ENTRY,kwsincr-44321)
564	0.478297	FalseGround	Unlabelled	SPOkGoodGood	Alarm(_G_-ENTRY,kwsincr-44322)
565	0.478297	FalseGround	Unlabelled	SPOkGoodGood	Alarm(_G_-ENTRY,kwsincr-44323)
566	0.478297	FalseGround	Unlabelled	SPOkGoodGood	Alarm(_G_-ENTRY,kwsincr-44324)
567	0.478297	FalseGround	Unlabelled	SPOkGoodGood	Alarm(_G_-ENTRY,dfaexec-51773)
568	0.478297	FalseGround	Unlabelled	SPOkGoodGood	Alarm(_G_-ENTRY,dfaexec-51774)
569	0.478297	FalseGround	Unlabelled	SPOkGoodGood	Alarm(_G_-ENTRY,dfaexec-51850)
570	0.478297	FalseGround	Unlabelled	SPOkGoodGood	Alarm(_G_-ENTRY,file_name_matches-42846)
571	0.478297	FalseGround	Unlabelled	SPOkGoodGood	Alarm(_G_-ENTRY,hash_free-40508)
572	0.478297	FalseGround	Unlabelled	SPOkGoodGood	Alarm(_G_-ENTRY,i_ring_push-40204)
573	0.478297	FalseGround	Unlabelled	SPOkGoodGood	Alarm(_G_-ENTRY,i_ring_push-40205)
574	0.478297	FalseGround	Unlabelled	SPOkGoodGood	Alarm(_G_-ENTRY,memchr_kwset-44784)
575	0.477485	FalseGround	Unlabelled	SPOkGoodGood	Alarm(_G_-ENTRY,transit_state_singlebyte-50590)
576	0.477485	FalseGround	Unlabelled	SPOkGoodGood	Alarm(_G_-ENTRY,transit_state_singlebyte-50591)
577	0.469764	FalseGround	Unlabelled	SPOkGoodGood	Alarm(_G_-ENTRY,match_anychar-50620)
578	0.469764	FalseGround	Unlabelled	SPOkGoodGood	Alarm(_G_-ENTRY,match_anychar-50621)
579	0.469764	FalseGround	Unlabelled	SPOkGoodGood	Alarm(_G_-ENTRY,match_mb_charset-50648)
580	0.469764	FalseGround	Unlabelled	SPOkGoodGood	Alarm(_G_-ENTRY,match_mb_charset-50649)
581	0.4655	FalseGround	Unlabelled	SPOkGoodGood	Alarm(_G_-ENTRY,parse_bracket_exp-46633)
582	0.463528	FalseGround	Unlabelled	SPOkGoodGood	Alarm(_G_-ENTRY,dfaexec-51810)
583	0.463528	FalseGround	Unlabelled	SPOkGoodGood	Alarm(_G_-ENTRY,dfaexec-51818)
584	0.456944	FalseGround	Unlabelled	SPOkGoodGood	Alarm(_G_-ENTRY,quotearg_buffer_restyled-37992)
585	0.456944	FalseGround	Unlabelled	SPOkGoodGood	Alarm(_G_-ENTRY,quotearg_buffer_restyled-37993)
586	0.450452	FalseGround	Unlabelled	SPOkGoodGood	Alarm(_G_-ENTRY,file_is_binary-54875)
587	0.436889	FalseGround	Unlabelled	SPOkGoodGood	Alarm(_G_-ENTRY,build_state-50191)
588	0.436889	FalseGround	Unlabelled	SPOkGoodGood	Alarm(_G_-ENTRY,build_state-50192)
589	0.436889	FalseGround	Unlabelled	SPOkGoodGood	Alarm(_G_-ENTRY,build_state-50193)
590	0.436889	FalseGround	Unlabelled	SPOkGoodGood	Alarm(_G_-ENTRY,build_state-50194)
591	0.436889	FalseGround	Unlabelled	SPOkGoodGood	Alarm(_G_-ENTRY,build_state-50195)
592	0.436889	FalseGround	Unlabelled	SPOkGoodGood	Alarm(_G_-ENTRY,build_state-50196)
593	0.430467	FalseGround	Unlabelled	SPOkGoodGood	Alarm(_G_-ENTRY,dfastate-49733)
594	0.430467	FalseGround	Unlabelled	SPOkGoodGood	Alarm(_G_-ENTRY,dfastate-49734)
595	0.430467	FalseGround	Unlabelled	SPOkGoodGood	Alarm(_G_-ENTRY,hash_insert_if_absent-40718)
596	0.430467	FalseGround	Unlabelled	SPOkGoodGood	Alarm(_G_-ENTRY,lex-47499)
597	0.430467	FalseGround	Unlabelled	SPOkGoodGood	Alarm(_G_-ENTRY,parse_bracket_exp-46646)
598	0.430467	FalseGround	Unlabelled	SPOkGoodGood	Alarm(_G_-ENTRY,parse_bracket_exp-46697)
599	0.430467	FalseGround	Unlabelled	SPOkGoodGood	Alarm(_G_-ENTRY,lex-47344)
600	0.430467	FalseGround	Unlabelled	SPOkGoodGood	Alarm(_G_-ENTRY,lex-47345)
601	0.430467	FalseGround	Unlabelled	SPOkGoodGood	Alarm(_G_-ENTRY,dfaanalyze-48931)
602	0.430467	FalseGround	Unlabelled	SPOkGoodGood	Alarm(_G_-ENTRY,dfaanalyze-48932)
603	0.430467	FalseGround	Unlabelled	SPOkGoodGood	Alarm(_G_-ENTRY,dfaanalyze-48933)
604	0.430467	FalseGround	Unlabelled	SPOkGoodGood	Alarm(_G_-ENTRY,dfaanalyze-48934)
605	0.430467	FalseGround	Unlabelled	SPOkGoodGood	Alarm(_G_-ENTRY,dfaanalyze-48935)
606	0.430467	FalseGround	Unlabelled	SPOkGoodGood	Alarm(_G_-ENTRY,dfaanalyze-48936)
607	0.430467	FalseGround	Unlabelled	SPOkGoodGood	Alarm(_G_-ENTRY,dfaanalyze-48937)
608	0.430467	FalseGround	Unlabelled	SPOkGoodGood	Alarm(_G_-ENTRY,dfaanalyze-48938)
609	0.430467	FalseGround	Unlabelled	SPOkGoodGood	Alarm(_G_-ENTRY,dfaanalyze-48939)
610	0.430467	FalseGround	Unlabelled	SPOkGoodGood	Alarm(_G_-ENTRY,dfaanalyze-48940)
611	0.430467	FalseGround	Unlabelled	SPOkGoodGood	Alarm(_G_-ENTRY,dfaanalyze-48941)
612	0.430467	FalseGround	Unlabelled	SPOkGoodGood	Alarm(_G_-ENTRY,dfaanalyze-48942)
613	0.430467	FalseGround	Unlabelled	SPOkGoodGood	Alarm(_G_-ENTRY,pr_sgr_end-54808)
614	0.430467	FalseGround	Unlabelled	SPOkGoodGood	Alarm(_G_-ENTRY,pr_sgr_end-54809)
615	0.42892	FalseGround	Unlabelled	SPOkGoodGood	Alarm(_G_-ENTRY,parse_grep_colors-56400)
616	0.421592	FalseGround	Unlabelled	SPOkGoodGood	Alarm(_G_-ENTRY,prepend_args-56257)
617	0.419057	FalseGround	Unlabelled	SPOkGoodGood	Alarm(_G_-ENTRY,mb_case_map_apply-44095)
618	0.412813	FalseGround	Unlabelled	SPOkGoodGood	Alarm(_G_-ENTRY,get_charset_aliases-40075)
619	0.404804	FalseGround	Unlabelled	SPOkGoodGood	Alarm(_G_-ENTRY,mbsstr-39624)
620	0.404804	FalseGround	Unlabelled	SPOkGoodGood	Alarm(_G_-ENTRY,mbsstr-39625)
621	0.404804	FalseGround	Unlabelled	SPOkGoodGood	Alarm(_G_-ENTRY,mbsstr-39634)
622	0.404804	FalseGround	Unlabelled	SPOkGoodGood	Alarm(_G_-ENTRY,mbsstr-39635)
623	0.404804	FalseGround	Unlabelled	SPOkGoodGood	Alarm(_G_-ENTRY,mbsstr-39640)
624	0.404804	FalseGround	Unlabelled	SPOkGoodGood	Alarm(_G_-ENTRY,mbsstr-39641)
625	0.404804	FalseGround	Unlabelled	SPOkGoodGood	Alarm(_G_-ENTRY,print_line_tail-55263)
626	0.404804	FalseGround	Unlabelled	SPOkGoodGood	Alarm(_G_-ENTRY,print_line_tail-55264)
627	0.403835	FalseGround	Unlabelled	SPOkGoodGood	Alarm(_G_-ENTRY,print_offset-55151)
628	0.402624	FalseGround	Unlabelled	SPOkGoodGood	Alarm(_G_-ENTRY,memchr2-39209)
629	0.401799	FalseGround	Unlabelled	SPOkGoodGood	Alarm(_G_-ENTRY,build_state-50241)
630	0.401799	FalseGround	Unlabelled	SPOkGoodGood	Alarm(_G_-ENTRY,build_state-50242)
631	0.388026	FalseGround	Unlabelled	SPOkGoodGood	Alarm(_G_-ENTRY,Pcompile-43841)
632	0.388026	FalseGround	Unlabelled	SPOkGoodGood	Alarm(_G_-ENTRY,Pcompile-43851)
633	0.38742	FalseGround	Unlabelled	SPOkGoodGood	Alarm(_G_-ENTRY,transit_state_consume_1char-50751)
634	0.38742	FalseGround	Unlabelled	SPOkGoodGood	Alarm(_G_-ENTRY,transit_state_consume_1char-50752)
635	0.38742	FalseGround	Unlabelled	SPOkGoodGood	Alarm(_G_-ENTRY,addtok-47758)
636	0.375458	FalseGround	Unlabelled	SPOkGoodGood	Alarm(_G_-ENTRY,dfaexec-51729)
637	0.375458	FalseGround	Unlabelled	SPOkGoodGood	Alarm(_G_-ENTRY,dfaexec-51730)
638	0.375458	FalseGround	Unlabelled	SPOkGoodGood	Alarm(_G_-ENTRY,dfaexec-51731)
639	0.375458	FalseGround	Unlabelled	SPOkGoodGood	Alarm(_G_-ENTRY,dfaexec-51732)
640	0.375014	FalseGround	Unlabelled	SPOkGoodGood	Alarm(_G_-ENTRY,prepend_default_options-56270)
641	0.373623	FalseGround	Unlabelled	SPOkGoodGood	Alarm(_G_-ENTRY,knuth_morris_pratt_multibyte-39444)
642	0.373623	FalseGround	Unlabelled	SPOkGoodGood	Alarm(_G_-ENTRY,knuth_morris_pratt_multibyte-39445)
643	0.373623	FalseGround	Unlabelled	SPOkGoodGood	Alarm(_G_-ENTRY,knuth_morris_pratt_multibyte-39446)
644	0.373623	FalseGround	Unlabelled	SPOkGoodGood	Alarm(_G_-ENTRY,knuth_morris_pratt_multibyte-39472)
645	0.373623	FalseGround	Unlabelled	SPOkGoodGood	Alarm(_G_-ENTRY,parse_grep_colors-56397)
646	0.373623	FalseGround	Unlabelled	SPOkGoodGood	Alarm(_G_-ENTRY,parse_grep_colors-56402)
647	0.373623	FalseGround	Unlabelled	SPOkGoodGood	Alarm(_G_-ENTRY,parse_grep_colors-56404)
648	0.371532	FalseGround	Unlabelled	SPOkGoodGood	Alarm(_G_-ENTRY,parse_bracket_exp-46688)
649	0.371532	FalseGround	Unlabelled	SPOkGoodGood	Alarm(_G_-ENTRY,prepend_args-56247)
650	0.371532	FalseGround	Unlabelled	SPOkGoodGood	Alarm(_G_-ENTRY,kwsincr-44297)
651	0.371532	FalseGround	Unlabelled	SPOkGoodGood	Alarm(_G_-ENTRY,kwsincr-44298)
652	0.371532	FalseGround	Unlabelled	SPOkGoodGood	Alarm(_G_-ENTRY,kwsincr-44329)
653	0.371532	FalseGround	Unlabelled	SPOkGoodGood	Alarm(_G_-ENTRY,kwsincr-44330)
654	0.370035	FalseGround	Unlabelled	SPOkGoodGood	Alarm(_G_-ENTRY,fts_open-41010)
655	0.370035	FalseGround	Unlabelled	SPOkGoodGood	Alarm(_G_-ENTRY,fts_open-41011)
656	0.361619	FalseGround	Unlabelled	SPOkGoodGood	Alarm(_G_-ENTRY,dfastate-49655)
657	0.361619	FalseGround	Unlabelled	SPOkGoodGood	Alarm(_G_-ENTRY,dfastate-49656)
658	0.361619	FalseGround	Unlabelled	SPOkGoodGood	Alarm(_G_-ENTRY,dfastate-49659)
659	0.361619	FalseGround	Unlabelled	SPOkGoodGood	Alarm(_G_-ENTRY,dfastate-49660)
660	0.361619	FalseGround	Unlabelled	SPOkGoodGood	Alarm(_G_-ENTRY,dfastate-49663)
661	0.361619	FalseGround	Unlabelled	SPOkGoodGood	Alarm(_G_-ENTRY,dfastate-49664)
662	0.351375	FalseGround	Unlabelled	SPOkGoodGood	Alarm(_G_-ENTRY,mbsstr-39642)
663	0.351375	FalseGround	Unlabelled	SPOkGoodGood	Alarm(_G_-ENTRY,mbsstr-39643)
664	0.351375	FalseGround	Unlabelled	SPOkGoodGood	Alarm(_G_-ENTRY,mbsstr-39644)
665	0.351375	FalseGround	Unlabelled	SPOkGoodGood	Alarm(_G_-ENTRY,mbsstr-39645)
666	0.351375	FalseGround	Unlabelled	SPOkGoodGood	Alarm(_G_-ENTRY,mbsstr-39646)
667	0.351375	FalseGround	Unlabelled	SPOkGoodGood	Alarm(_G_-ENTRY,mbsstr-39647)
668	0.348678	FalseGround	Unlabelled	SPOkGoodGood	Alarm(_G_-ENTRY,hash_free-40504)
669	0.348678	FalseGround	Unlabelled	SPOkGoodGood	Alarm(_G_-ENTRY,hash_free-40505)
670	0.348678	FalseGround	Unlabelled	SPOkGoodGood	Alarm(_G_-ENTRY,hash_free-40492)
671	0.348678	FalseGround	Unlabelled	SPOkGoodGood	Alarm(_G_-ENTRY,hash_free-40493)
672	0.337957	FalseGround	Unlabelled	SPOkGoodGood	Alarm(_G_-ENTRY,mbsstr_trimmed_wordbounded-38596)
673	0.337957	FalseGround	Unlabelled	SPOkGoodGood	Alarm(_G_-ENTRY,mbsstr_trimmed_wordbounded-38597)
674	0.328199	FalseGround	Unlabelled	SPOkGoodGood	Alarm(_G_-ENTRY,parse_bracket_exp-46888)
675	0.326125	FalseGround	Unlabelled	SPOkGoodGood	Alarm(_G_-ENTRY,memchr2-39189)
676	0.326125	FalseGround	Unlabelled	SPOkGoodGood	Alarm(_G_-ENTRY,memchr2-39190)
677	0.326125	FalseGround	Unlabelled	SPOkGoodGood	Alarm(_G_-ENTRY,memchr2-39191)
678	0.326125	FalseGround	Unlabelled	SPOkGoodGood	Alarm(_G_-ENTRY,memchr2-39192)
679	0.313811	FalseGround	Unlabelled	SPOkGoodGood	Alarm(_G_-ENTRY,add_exclude-43006)
680	0.313811	FalseGround	Unlabelled	SPOkGoodGood	Alarm(_G_-ENTRY,knuth_morris_pratt_multibyte-39462)
681	0.313811	FalseGround	Unlabelled	SPOkGoodGood	Alarm(_G_-ENTRY,knuth_morris_pratt_multibyte-39463)
682	0.313811	FalseGround	Unlabelled	SPOkGoodGood	Alarm(_G_-ENTRY,trim2-37125)
683	0.313811	FalseGround	Unlabelled	SPOkGoodGood	Alarm(_G_-ENTRY,print_line_tail-55259)
684	0.313811	FalseGround	Unlabelled	SPOkGoodGood	Alarm(_G_-ENTRY,print_line_tail-55260)
685	0.313344	FalseGround	Unlabelled	SPOkGoodGood	Alarm(_G_-ENTRY,Pcompile-43832)
686	0.309263	FalseGround	Unlabelled	SPOkGoodGood	Alarm(_G_-ENTRY,mb_copy-36973)
687	0.309263	FalseGround	Unlabelled	SPOkGoodGood	Alarm(_G_-ENTRY,mb_copy-36974)
688	0.309263	FalseGround	Unlabelled	SPOkGoodGood	Alarm(_G_-ENTRY,mb_copy-36975)
689	0.309263	FalseGround	Unlabelled	SPOkGoodGood	Alarm(_G_-ENTRY,mb_copy-36976)
690	0.309263	FalseGround	Unlabelled	SPOkGoodGood	Alarm(_G_-ENTRY,mb_copy-36978)
691	0.309263	FalseGround	Unlabelled	SPOkGoodGood	Alarm(_G_-ENTRY,mb_copy-36979)
692	0.309263	FalseGround	Unlabelled	SPOkGoodGood	Alarm(_G_-ENTRY,trim2-37148)
693	0.302634	FalseGround	Unlabelled	SPOkGoodGood	Alarm(_G_-ENTRY,parse_grep_colors-56362)
694	0.302634	FalseGround	Unlabelled	SPOkGoodGood	Alarm(_G_-ENTRY,parse_grep_colors-56363)
695	0.302634	FalseGround	Unlabelled	SPOkGoodGood	Alarm(_G_-ENTRY,parse_grep_colors-56364)
696	0.302634	FalseGround	Unlabelled	SPOkGoodGood	Alarm(_G_-ENTRY,parse_grep_colors-56365)
697	0.302634	FalseGround	Unlabelled	SPOkGoodGood	Alarm(_G_-ENTRY,parse_grep_colors-56370)
698	0.302634	FalseGround	Unlabelled	SPOkGoodGood	Alarm(_G_-ENTRY,parse_grep_colors-56371)
699	0.302634	FalseGround	Unlabelled	SPOkGoodGood	Alarm(_G_-ENTRY,parse_grep_colors-56374)
700	0.302634	FalseGround	Unlabelled	SPOkGoodGood	Alarm(_G_-ENTRY,parse_grep_colors-56375)
701	0.302634	FalseGround	Unlabelled	SPOkGoodGood	Alarm(_G_-ENTRY,parse_grep_colors-56378)
702	0.302634	FalseGround	Unlabelled	SPOkGoodGood	Alarm(_G_-ENTRY,parse_grep_colors-56379)
703	0.302634	FalseGround	Unlabelled	SPOkGoodGood	Alarm(_G_-ENTRY,parse_grep_colors-56386)
704	0.302634	FalseGround	Unlabelled	SPOkGoodGood	Alarm(_G_-ENTRY,parse_grep_colors-56387)
705	0.302634	FalseGround	Unlabelled	SPOkGoodGood	Alarm(_G_-ENTRY,parse_grep_colors-56388)
706	0.302634	FalseGround	Unlabelled	SPOkGoodGood	Alarm(_G_-ENTRY,parse_grep_colors-56389)
707	0.302634	FalseGround	Unlabelled	SPOkGoodGood	Alarm(_G_-ENTRY,parse_grep_colors-56390)
708	0.302634	FalseGround	Unlabelled	SPOkGoodGood	Alarm(_G_-ENTRY,parse_grep_colors-56391)
709	0.302203	FalseGround	Unlabelled	SPOkGoodGood	Alarm(_G_-ENTRY,knuth_morris_pratt_multibyte-39366)
710	0.302203	FalseGround	Unlabelled	SPOkGoodGood	Alarm(_G_-ENTRY,knuth_morris_pratt_multibyte-39367)
711	0.301226	FalseGround	Unlabelled	SPOkGoodGood	Alarm(_G_-ENTRY,transfer_entries-40596)
712	0.301226	FalseGround	Unlabelled	SPOkGoodGood	Alarm(_G_-ENTRY,transfer_entries-40614)
713	0.301226	FalseGround	Unlabelled	SPOkGoodGood	Alarm(_G_-ENTRY,transfer_entries-40615)
714	0.292687	FalseGround	Unlabelled	SPOkGoodGood	Alarm(_G_-ENTRY,prepend_args-56262)
715	0.291137	FalseGround	Unlabelled	SPOkGoodGood	Alarm(_G_-ENTRY,fts_open-41006)
716	0.291137	FalseGround	Unlabelled	SPOkGoodGood	Alarm(_G_-ENTRY,fts_open-41007)
717	0.289432	FalseGround	Unlabelled	SPOkGoodGood	Alarm(_G_-ENTRY,knuth_morris_pratt_multibyte-39433)
718	0.28331	FalseGround	Unlabelled	SPOkGoodGood	Alarm(_G_-ENTRY,case_folded_counterparts-45838)
719	0.281638	FalseGround	Unlabelled	SPOkGoodGood	Alarm(_G_-ENTRY,fnmatch_pattern_has_wildcards-42588)
720	0.281638	FalseGround	Unlabelled	SPOkGoodGood	Alarm(_G_-ENTRY,fnmatch_pattern_has_wildcards-42589)
721	0.281638	FalseGround	Unlabelled	SPOkGoodGood	Alarm(_G_-ENTRY,fnmatch_pattern_has_wildcards-42592)
722	0.281638	FalseGround	Unlabelled	SPOkGoodGood	Alarm(_G_-ENTRY,fnmatch_pattern_has_wildcards-42593)
723	0.28074	FalseGround	Unlabelled	SPOkGoodGood	Alarm(_G_-ENTRY,add_exclude_fp-43059)
724	0.28074	FalseGround	Unlabelled	SPOkGoodGood	Alarm(_G_-ENTRY,add_exclude_fp-43060)
725	0.276956	FalseGround	Unlabelled	SPOkGoodGood	Alarm(_G_-ENTRY,hash_find_entry-40564)
726	0.269706	FalseGround	Unlabelled	SPOkGoodGood	Alarm(_G_-ENTRY,prepend_default_options-56269)
727	0.257978	FalseGround	Unlabelled	SPOkGoodGood	Alarm(_G_-ENTRY,dfastate-49771)
728	0.254437	FalseGround	Unlabelled	SPOkGoodGood	Alarm(_G_-ENTRY,is_basic-33018)
729	0.254187	FalseGround	Unlabelled	SPOkGoodGood	Alarm(_G_-ENTRY,knuth_morris_pratt_multibyte-39370)
730	0.254187	FalseGround	Unlabelled	SPOkGoodGood	Alarm(_G_-ENTRY,knuth_morris_pratt_multibyte-39371)
731	0.254187	FalseGround	Unlabelled	SPOkGoodGood	Alarm(_G_-ENTRY,parse_bracket_exp-46761)
732	0.254187	FalseGround	Unlabelled	SPOkGoodGood	Alarm(_G_-ENTRY,prepend_args-56253)
733	0.254187	FalseGround	Unlabelled	SPOkGoodGood	Alarm(_G_-ENTRY,prepend_args-56254)
734	0.254187	FalseGround	Unlabelled	SPOkGoodGood	Alarm(_G_-ENTRY,prepend_args-56258)
735	0.245905	FalseGround	Unlabelled	SPOkGoodGood	Alarm(_G_-ENTRY,mbsstr_trimmed_wordbounded-38650)
736	0.245905	FalseGround	Unlabelled	SPOkGoodGood	Alarm(_G_-ENTRY,mbsstr_trimmed_wordbounded-38651)
737	0.245905	FalseGround	Unlabelled	SPOkGoodGood	Alarm(_G_-ENTRY,mbsstr_trimmed_wordbounded-38652)
738	0.245905	FalseGround	Unlabelled	SPOkGoodGood	Alarm(_G_-ENTRY,mbsstr_trimmed_wordbounded-38653)
739	0.243993	FalseGround	Unlabelled	SPOkGoodGood	Alarm(_G_-ENTRY,transfer_entries-40580)
740	0.243993	FalseGround	Unlabelled	SPOkGoodGood	Alarm(_G_-ENTRY,transfer_entries-40581)
741	0.243993	FalseGround	Unlabelled	SPOkGoodGood	Alarm(_G_-ENTRY,transfer_entries-40584)
742	0.243993	FalseGround	Unlabelled	SPOkGoodGood	Alarm(_G_-ENTRY,transfer_entries-40585)
743	0.239158	FalseGround	Unlabelled	SPOkGoodGood	Alarm(_G_-ENTRY,argmatch_valid-43736)
744	0.239158	FalseGround	Unlabelled	SPOkGoodGood	Alarm(_G_-ENTRY,argmatch_valid-43739)
745	0.228768	FalseGround	Unlabelled	SPOkGoodGood	Alarm(_G_-ENTRY,Pexecute-43968)
746	0.22319	FalseGround	Unlabelled	SPOkGoodGood	Alarm(_G_-ENTRY,get_nondigit_option-56350)
747	0.219593	FalseGround	Unlabelled	SPOkGoodGood	Alarm(_G_-ENTRY,transfer_entries-40601)
748	0.219593	FalseGround	Unlabelled	SPOkGoodGood	Alarm(_G_-ENTRY,transfer_entries-40602)
749	0.219437	FalseGround	Unlabelled	SPOkGoodGood	Alarm(_G_-ENTRY,prepend_args-56229)
750	0.219437	FalseGround	Unlabelled	SPOkGoodGood	Alarm(_G_-ENTRY,prepend_args-56230)
751	0.217106	FalseGround	Unlabelled	SPOkGoodGood	Alarm(_G_-ENTRY,add_exclude_file-43156)
752	0.217106	FalseGround	Unlabelled	SPOkGoodGood	Alarm(_G_-ENTRY,add_exclude_file-43157)
753	0.208962	FalseGround	Unlabelled	SPOkGoodGood	Alarm(_G_-ENTRY,dfastate-49647)
754	0.208962	FalseGround	Unlabelled	SPOkGoodGood	Alarm(_G_-ENTRY,dfastate-49648)
755	0.205891	FalseGround	Unlabelled	SPOkGoodGood	Alarm(_G_-ENTRY,prepend_args-56235)
756	0.205891	FalseGround	Unlabelled	SPOkGoodGood	Alarm(_G_-ENTRY,prepend_args-56236)
757	0.205891	FalseGround	Unlabelled	SPOkGoodGood	Alarm(_G_-ENTRY,AD_hash-38286)
758	0.205891	FalseGround	Unlabelled	SPOkGoodGood	Alarm(_G_-ENTRY,LCO_compare-39015)
759	0.205891	FalseGround	Unlabelled	SPOkGoodGood	Alarm(_G_-ENTRY,LCO_hash-39013)
760	0.205891	FalseGround	Unlabelled	SPOkGoodGood	Alarm(_G_-ENTRY,link_count_optimize_ok-39035)
761	0.182494	FalseGround	Unlabelled	SPOkGoodGood	Alarm(_G_-ENTRY,argmatch_valid-43722)
762	0.182494	FalseGround	Unlabelled	SPOkGoodGood	Alarm(_G_-ENTRY,argmatch_valid-43723)
763	0.180773	FalseGround	Unlabelled	SPOkGoodGood	Alarm(_G_-ENTRY,mbiter_multi_next-37001)
764	0.180773	FalseGround	Unlabelled	SPOkGoodGood	Alarm(_G_-ENTRY,mbiter_multi_next-37003)
765	0.174285	FalseGround	Unlabelled	SPOkGoodGood	Alarm(_G_-ENTRY,mb_case_map_apply-44097)
766	0.168335	FalseGround	Unlabelled	SPOkGoodGood	Alarm(_G_-ENTRY,mbsstr_trimmed_wordbounded-38660)
767	0.168335	FalseGround	Unlabelled	SPOkGoodGood	Alarm(_G_-ENTRY,mbsstr_trimmed_wordbounded-38661)
768	0.166772	FalseGround	Unlabelled	SPOkGoodGood	Alarm(_G_-ENTRY,AD_compare-40777)
769	0.166772	FalseGround	Unlabelled	SPOkGoodGood	Alarm(_G_-ENTRY,AD_compare-40778)
770	0.166772	FalseGround	Unlabelled	SPOkGoodGood	Alarm(_G_-ENTRY,AD_compare-40779)
771	0.166772	FalseGround	Unlabelled	SPOkGoodGood	Alarm(_G_-ENTRY,AD_compare-40780)
772	0.146426	FalseGround	Unlabelled	SPOkGoodGood	Alarm(_G_-ENTRY,mbiter_multi_next-36995)
773	0.146426	FalseGround	Unlabelled	SPOkGoodGood	Alarm(_G_-ENTRY,mbiter_multi_next-36996)
774	0.141811	FalseGround	Unlabelled	SPOkGoodGood	Alarm(_G_-ENTRY,knuth_morris_pratt-39248)
775	0.141811	FalseGround	Unlabelled	SPOkGoodGood	Alarm(_G_-ENTRY,knuth_morris_pratt-39249)
776	0.141811	FalseGround	Unlabelled	SPOkGoodGood	Alarm(_G_-ENTRY,parse_grep_colors-56366)
777	0.141811	FalseGround	Unlabelled	SPOkGoodGood	Alarm(_G_-ENTRY,parse_grep_colors-56367)
778	0.135085	FalseGround	Unlabelled	SPOkGoodGood	Alarm(_G_-ENTRY,get_charset_aliases-40099)
779	0.135085	FalseGround	Unlabelled	SPOkGoodGood	Alarm(_G_-ENTRY,get_charset_aliases-40100)
780	0.135085	FalseGround	Unlabelled	SPOkGoodGood	Alarm(_G_-ENTRY,knuth_morris_pratt_multibyte-39437)
781	0.135085	FalseGround	Unlabelled	SPOkGoodGood	Alarm(_G_-ENTRY,knuth_morris_pratt_multibyte-39438)
782	0.135085	FalseGround	Unlabelled	SPOkGoodGood	Alarm(_G_-ENTRY,match_mb_charset-50694)
783	0.135085	FalseGround	Unlabelled	SPOkGoodGood	Alarm(_G_-ENTRY,match_mb_charset-50701)
784	0.135085	FalseGround	Unlabelled	SPOkGoodGood	Alarm(_G_-ENTRY,match_mb_charset-50709)
785	0.135085	FalseGround	Unlabelled	SPOkGoodGood	Alarm(_G_-ENTRY,mfile_name_concat-42457)
786	0.135085	FalseGround	Unlabelled	SPOkGoodGood	Alarm(_G_-ENTRY,transit_state-51536)
787	0.135085	FalseGround	Unlabelled	SPOkGoodGood	Alarm(_G_-ENTRY,transit_state_consume_1char-50769)
788	0.12763	FalseGround	Unlabelled	SPOkGoodGood	Alarm(_G_-ENTRY,parse_grep_colors-56410)
789	0.122882	FalseGround	Unlabelled	SPOkGoodGood	Alarm(_G_-ENTRY,add_exclude_fp-43125)
790	0.121577	FalseGround	Unlabelled	SPOkGoodGood	Alarm(_G_-ENTRY,c_strcasecmp-43500)
791	0.121577	FalseGround	Unlabelled	SPOkGoodGood	Alarm(_G_-ENTRY,c_strcasecmp-43502)
792	0.109419	FalseGround	Unlabelled	SPOkGoodGood	Alarm(_G_-ENTRY,check_matching_with_multibyte_ops-50731)
793	0.109419	FalseGround	Unlabelled	SPOkGoodGood	Alarm(_G_-ENTRY,check_matching_with_multibyte_ops-50732)
794	0.109419	FalseGround	Unlabelled	SPOkGoodGood	Alarm(_G_-ENTRY,knuth_morris_pratt-39252)
795	0.109419	FalseGround	Unlabelled	SPOkGoodGood	Alarm(_G_-ENTRY,knuth_morris_pratt-39253)
796	0.109419	FalseGround	Unlabelled	SPOkGoodGood	Alarm(_G_-ENTRY,knuth_morris_pratt-39254)
797	0.109419	FalseGround	Unlabelled	SPOkGoodGood	Alarm(_G_-ENTRY,knuth_morris_pratt-39255)
798	0.109419	FalseGround	Unlabelled	SPOkGoodGood	Alarm(_G_-ENTRY,knuth_morris_pratt_multibyte-39348)
799	0.109419	FalseGround	Unlabelled	SPOkGoodGood	Alarm(_G_-ENTRY,knuth_morris_pratt_multibyte-39349)
800	0.109419	FalseGround	Unlabelled	SPOkGoodGood	Alarm(_G_-ENTRY,knuth_morris_pratt_multibyte-39350)
801	0.109419	FalseGround	Unlabelled	SPOkGoodGood	Alarm(_G_-ENTRY,knuth_morris_pratt_multibyte-39351)
802	0.109419	FalseGround	Unlabelled	SPOkGoodGood	Alarm(_G_-ENTRY,knuth_morris_pratt_multibyte-39352)
803	0.109419	FalseGround	Unlabelled	SPOkGoodGood	Alarm(_G_-ENTRY,knuth_morris_pratt_multibyte-39353)
804	0.109419	FalseGround	Unlabelled	SPOkGoodGood	Alarm(_G_-ENTRY,match_mb_charset-50660)
805	0.109419	FalseGround	Unlabelled	SPOkGoodGood	Alarm(_G_-ENTRY,match_mb_charset-50661)
806	0.109419	FalseGround	Unlabelled	SPOkGoodGood	Alarm(_G_-ENTRY,match_mb_charset-50664)
807	0.109419	FalseGround	Unlabelled	SPOkGoodGood	Alarm(_G_-ENTRY,match_mb_charset-50665)
808	0.109419	FalseGround	Unlabelled	SPOkGoodGood	Alarm(_G_-ENTRY,match_mb_charset-50668)
809	0.109419	FalseGround	Unlabelled	SPOkGoodGood	Alarm(_G_-ENTRY,match_mb_charset-50669)
810	0.109419	FalseGround	Unlabelled	SPOkGoodGood	Alarm(_G_-ENTRY,match_mb_charset-50670)
811	0.109419	FalseGround	Unlabelled	SPOkGoodGood	Alarm(_G_-ENTRY,match_mb_charset-50671)
812	0.109419	FalseGround	Unlabelled	SPOkGoodGood	Alarm(_G_-ENTRY,match_mb_charset-50672)
813	0.109419	FalseGround	Unlabelled	SPOkGoodGood	Alarm(_G_-ENTRY,match_mb_charset-50673)
814	0.109419	FalseGround	Unlabelled	SPOkGoodGood	Alarm(_G_-ENTRY,match_mb_charset-50674)
815	0.109419	FalseGround	Unlabelled	SPOkGoodGood	Alarm(_G_-ENTRY,match_mb_charset-50675)
816	0.109419	FalseGround	Unlabelled	SPOkGoodGood	Alarm(_G_-ENTRY,match_mb_charset-50676)
817	0.109419	FalseGround	Unlabelled	SPOkGoodGood	Alarm(_G_-ENTRY,match_mb_charset-50677)
818	0.109419	FalseGround	Unlabelled	SPOkGoodGood	Alarm(_G_-ENTRY,transit_state-51384)
819	0.109419	FalseGround	Unlabelled	SPOkGoodGood	Alarm(_G_-ENTRY,transit_state-51385)
820	0.109419	FalseGround	Unlabelled	SPOkGoodGood	Alarm(_G_-ENTRY,transit_state_consume_1char-50755)
821	0.109419	FalseGround	Unlabelled	SPOkGoodGood	Alarm(_G_-ENTRY,transit_state_consume_1char-50756)
822	0.0995344	FalseGround	Unlabelled	SPOkGoodGood	Alarm(_G_-ENTRY,add_exclude_fp-43065)
823	0.0995344	FalseGround	Unlabelled	SPOkGoodGood	Alarm(_G_-ENTRY,add_exclude_fp-43066)
824	0.0886294	FalseGround	Unlabelled	SPOkGoodGood	Alarm(_G_-ENTRY,prepend_args-56237)
825	0.0886294	FalseGround	Unlabelled	SPOkGoodGood	Alarm(_G_-ENTRY,prepend_args-56238)
826	0.0767963	FalseGround	Unlabelled	SPOkGoodGood	Alarm(_G_-ENTRY,mbsstr_trimmed_wordbounded-38654)
827	0.0767963	FalseGround	Unlabelled	SPOkGoodGood	Alarm(_G_-ENTRY,mbsstr_trimmed_wordbounded-38655)
828	0.0703202	FalseGround	Unlabelled	SPOkGoodGood	Alarm(_G_-ENTRY,main-57466)
829	0.0703202	FalseGround	Unlabelled	SPOkGoodGood	Alarm(_G_-ENTRY,main-57467)
830	0.0664511	FalseGround	Unlabelled	SPOkGoodGood	Alarm(_G_-ENTRY,fnmatch_no_wildcards-42776)
831	0.0623611	FalseGround	Unlabelled	SPOkGoodGood	Alarm(_G_-ENTRY,get_charset_aliases-40074)
832	0.0520361	FalseGround	Unlabelled	SPOkGoodGood	Alarm(_G_-ENTRY,addtok_wc-47804)
833	0.0471013	FalseGround	Unlabelled	SPOkGoodGood	Alarm(_G_-ENTRY,fgrep_to_grep_pattern-56489)
834	0.0471013	FalseGround	Unlabelled	SPOkGoodGood	Alarm(_G_-ENTRY,fgrep_to_grep_pattern-56494)
835	0.0471013	FalseGround	Unlabelled	SPOkGoodGood	Alarm(_G_-ENTRY,fgrep_to_grep_pattern-56503)
836	0.0471013	FalseGround	Unlabelled	SPOkGoodGood	Alarm(_G_-ENTRY,transfer_entries-40617)
837	0.0343368	FalseGround	Unlabelled	SPOkGoodGood	Alarm(_G_-ENTRY,check_matching_with_multibyte_ops-50739)
838	0.0343368	FalseGround	Unlabelled	SPOkGoodGood	Alarm(_G_-ENTRY,match_mb_charset-50697)
839	0.0343368	FalseGround	Unlabelled	SPOkGoodGood	Alarm(_G_-ENTRY,match_mb_charset-50705)
840	0.0335712	FalseGround	Unlabelled	SPOkGoodGood	Alarm(_G_-ENTRY,trim2-37153)
841	0.0285079	FalseGround	Unlabelled	SPOkGoodGood	Alarm(_G_-ENTRY,fnmatch_pattern_has_wildcards-42556)
842	0.0285079	FalseGround	Unlabelled	SPOkGoodGood	Alarm(_G_-ENTRY,fnmatch_pattern_has_wildcards-42557)
843	0.0285079	FalseGround	Unlabelled	SPOkGoodGood	Alarm(_G_-ENTRY,fnmatch_pattern_has_wildcards-42558)
844	0.0285079	FalseGround	Unlabelled	SPOkGoodGood	Alarm(_G_-ENTRY,fnmatch_pattern_has_wildcards-42559)
845	0.0285079	FalseGround	Unlabelled	SPOkGoodGood	Alarm(_G_-ENTRY,fnmatch_pattern_has_wildcards-42560)
846	0.0285079	FalseGround	Unlabelled	SPOkGoodGood	Alarm(_G_-ENTRY,fnmatch_pattern_has_wildcards-42561)
847	0.0285079	FalseGround	Unlabelled	SPOkGoodGood	Alarm(_G_-ENTRY,fnmatch_pattern_has_wildcards-42562)
848	0.0285079	FalseGround	Unlabelled	SPOkGoodGood	Alarm(_G_-ENTRY,fnmatch_pattern_has_wildcards-42563)
849	0.0285079	FalseGround	Unlabelled	SPOkGoodGood	Alarm(_G_-ENTRY,fnmatch_pattern_has_wildcards-42564)
850	0.0285079	FalseGround	Unlabelled	SPOkGoodGood	Alarm(_G_-ENTRY,fnmatch_pattern_has_wildcards-42565)
851	0.0285079	FalseGround	Unlabelled	SPOkGoodGood	Alarm(_G_-ENTRY,fnmatch_pattern_has_wildcards-42566)
852	0.0285079	FalseGround	Unlabelled	SPOkGoodGood	Alarm(_G_-ENTRY,fnmatch_pattern_has_wildcards-42567)
853	0.0285079	FalseGround	Unlabelled	SPOkGoodGood	Alarm(_G_-ENTRY,fnmatch_pattern_has_wildcards-42568)
854	0.0285079	FalseGround	Unlabelled	SPOkGoodGood	Alarm(_G_-ENTRY,fnmatch_pattern_has_wildcards-42569)
855	0.0285079	FalseGround	Unlabelled	SPOkGoodGood	Alarm(_G_-ENTRY,fnmatch_pattern_has_wildcards-42570)
856	0.0285079	FalseGround	Unlabelled	SPOkGoodGood	Alarm(_G_-ENTRY,fnmatch_pattern_has_wildcards-42571)
857	0.0285079	FalseGround	Unlabelled	SPOkGoodGood	Alarm(_G_-ENTRY,fnmatch_pattern_has_wildcards-42572)
858	0.0285079	FalseGround	Unlabelled	SPOkGoodGood	Alarm(_G_-ENTRY,fnmatch_pattern_has_wildcards-42573)
859	0.0285079	FalseGround	Unlabelled	SPOkGoodGood	Alarm(_G_-ENTRY,fnmatch_pattern_has_wildcards-42574)
860	0.0285079	FalseGround	Unlabelled	SPOkGoodGood	Alarm(_G_-ENTRY,fnmatch_pattern_has_wildcards-42575)
861	0.0285079	FalseGround	Unlabelled	SPOkGoodGood	Alarm(_G_-ENTRY,fnmatch_pattern_has_wildcards-42576)
862	0.0285079	FalseGround	Unlabelled	SPOkGoodGood	Alarm(_G_-ENTRY,fnmatch_pattern_has_wildcards-42577)
863	0.0285079	FalseGround	Unlabelled	SPOkGoodGood	Alarm(_G_-ENTRY,fnmatch_pattern_has_wildcards-42578)
864	0.0285079	FalseGround	Unlabelled	SPOkGoodGood	Alarm(_G_-ENTRY,fnmatch_pattern_has_wildcards-42579)
865	0.0285079	FalseGround	Unlabelled	SPOkGoodGood	Alarm(_G_-ENTRY,fnmatch_pattern_has_wildcards-42580)
866	0.0285079	FalseGround	Unlabelled	SPOkGoodGood	Alarm(_G_-ENTRY,fnmatch_pattern_has_wildcards-42581)
867	0.0271927	FalseGround	Unlabelled	SPOkGoodGood	Alarm(_G_-ENTRY,trim2-37099)
868	0.0271927	FalseGround	Unlabelled	SPOkGoodGood	Alarm(_G_-ENTRY,trim2-37100)
869	0.0271927	FalseGround	Unlabelled	SPOkGoodGood	Alarm(_G_-ENTRY,trim2-37101)
870	0.0271927	FalseGround	Unlabelled	SPOkGoodGood	Alarm(_G_-ENTRY,trim2-37102)
871	0.0204298	FalseGround	Unlabelled	SPOkGoodGood	Alarm(_G_-ENTRY,fnmatch_no_wildcards-42780)
872	0.0146001	FalseGround	Unlabelled	SPOkGoodGood	Alarm(_G_-ENTRY,lex-47250)
873	0.0146001	FalseGround	Unlabelled	SPOkGoodGood	Alarm(_G_-ENTRY,lex-47251)
874	0.0146001	FalseGround	Unlabelled	SPOkGoodGood	Alarm(_G_-ENTRY,lex-47254)
875	0.0146001	FalseGround	Unlabelled	SPOkGoodGood	Alarm(_G_-ENTRY,lex-47255)
876	0.0146001	FalseGround	Unlabelled	SPOkGoodGood	Alarm(_G_-ENTRY,lex-47256)
877	0.0146001	FalseGround	Unlabelled	SPOkGoodGood	Alarm(_G_-ENTRY,lex-47257)
878	0.0146001	FalseGround	Unlabelled	SPOkGoodGood	Alarm(_G_-ENTRY,lex-47264)
879	0.0146001	FalseGround	Unlabelled	SPOkGoodGood	Alarm(_G_-ENTRY,lex-47265)
880	0.0146001	FalseGround	Unlabelled	SPOkGoodGood	Alarm(_G_-ENTRY,lex-47268)
881	0.0146001	FalseGround	Unlabelled	SPOkGoodGood	Alarm(_G_-ENTRY,lex-47269)
882	0.0146001	FalseGround	Unlabelled	SPOkGoodGood	Alarm(_G_-ENTRY,lex-47270)
883	0.0146001	FalseGround	Unlabelled	SPOkGoodGood	Alarm(_G_-ENTRY,lex-47271)
884	0.0146001	FalseGround	Unlabelled	SPOkGoodGood	Alarm(_G_-ENTRY,lex-47278)
885	0.0146001	FalseGround	Unlabelled	SPOkGoodGood	Alarm(_G_-ENTRY,lex-47279)
886	0.0133028	FalseGround	Unlabelled	SPOkGoodGood	Alarm(_G_-ENTRY,enter_dir-40819)
887	0.0133028	FalseGround	Unlabelled	SPOkGoodGood	Alarm(_G_-ENTRY,match_mb_charset-50688)
888	0.0133028	FalseGround	Unlabelled	SPOkGoodGood	Alarm(_G_-ENTRY,match_mb_charset-50690)
889	0.0133028	FalseGround	Unlabelled	SPOkGoodGood	Alarm(_G_-ENTRY,match_mb_charset-50692)
890	0.0133028	FalseGround	Unlabelled	SPOkGoodGood	Alarm(_G_-ENTRY,mfile_name_concat-42464)
891	0.0133028	FalseGround	Unlabelled	SPOkGoodGood	Alarm(_G_-ENTRY,strnlen1-37188)
892	0.0133028	FalseGround	Unlabelled	SPOkGoodGood	Alarm(_G_-ENTRY,transit_state_consume_1char-50766)
893	0.0107753	FalseGround	Unlabelled	SPOkGoodGood	Alarm(_G_-ENTRY,match_mb_charset-50652)
894	0.0107753	FalseGround	Unlabelled	SPOkGoodGood	Alarm(_G_-ENTRY,match_mb_charset-50653)
895	0.0107753	FalseGround	Unlabelled	SPOkGoodGood	Alarm(_G_-ENTRY,match_mb_charset-50656)
896	0.0107753	FalseGround	Unlabelled	SPOkGoodGood	Alarm(_G_-ENTRY,match_mb_charset-50657)
897	0.0107753	FalseGround	Unlabelled	SPOkGoodGood	Alarm(_G_-ENTRY,transit_state_consume_1char-50747)
898	0.0107753	FalseGround	Unlabelled	SPOkGoodGood	Alarm(_G_-ENTRY,transit_state_consume_1char-50748)
899	0.00909586	FalseGround	Unlabelled	SPOkGoodGood	Alarm(_G_-ENTRY,trim2-37157)
900	0.00736765	FalseGround	Unlabelled	SPOkGoodGood	Alarm(_G_-ENTRY,trim2-37107)
901	0.00736765	FalseGround	Unlabelled	SPOkGoodGood	Alarm(_G_-ENTRY,trim2-37108)
902	0.00508758	FalseGround	Unlabelled	SPOkGoodGood	Alarm(_G_-ENTRY,mbscasecmp-39930)
903	0.00508758	FalseGround	Unlabelled	SPOkGoodGood	Alarm(_G_-ENTRY,mbscasecmp-39932)
904	0.00508758	FalseGround	Unlabelled	SPOkGoodGood	Alarm(_G_-ENTRY,mbscasecmp-39934)
905	0.00508758	FalseGround	Unlabelled	SPOkGoodGood	Alarm(_G_-ENTRY,mbscasecmp-39936)
906	0.00412094	FalseGround	Unlabelled	SPOkGoodGood	Alarm(_G_-ENTRY,mbscasecmp-39870)
907	0.00412094	FalseGround	Unlabelled	SPOkGoodGood	Alarm(_G_-ENTRY,mbscasecmp-39871)
908	0.00412094	FalseGround	Unlabelled	SPOkGoodGood	Alarm(_G_-ENTRY,mbscasecmp-39872)
909	0.00412094	FalseGround	Unlabelled	SPOkGoodGood	Alarm(_G_-ENTRY,mbscasecmp-39873)
910	0.00218365	FalseGround	Unlabelled	SPOkGoodGood	Alarm(_G_-ENTRY,atom-47897)
911	0.00145558	FalseGround	Unlabelled	SPOkGoodGood	Alarm(_G_-ENTRY,set_program_name-39020)
912	0.00145558	FalseGround	Unlabelled	SPOkGoodGood	Alarm(_G_-ENTRY,set_program_name-39022)
