Rank	Confidence	Ground	Label	Comments	Tuple
1	0.858518	FalseGround	Unlabelled	SPOkGoodGood	Alarm(_G_-ENTRY,main-57748)
2	0.857438	FalseGround	Unlabelled	SPOkGoodGood	Alarm(_G_-ENTRY,dfastate-49822)
3	0.857438	FalseGround	Unlabelled	SPOkGoodGood	Alarm(_G_-ENTRY,dfastate-49823)
4	0.813437	FalseGround	Unlabelled	SPOkGoodGood	Alarm(_G_-ENTRY,dfastate-49846)
5	0.812598	FalseGround	Unlabelled	SPOkGoodGood	Alarm(_G_-ENTRY,get_charset_aliases-40073)
6	0.801677	FalseGround	Unlabelled	SPOkGoodGood	Alarm(_G_-ENTRY,main-57629)
7	0.788744	FalseGround	Unlabelled	SPOkGoodGood	Alarm(_G_-ENTRY,main-57725)
8	0.772517	FalseGround	Unlabelled	SPOkGoodGood	Alarm(_G_-ENTRY,dfastate-49938)
9	0.769657	FalseGround	Unlabelled	SPOkGoodGood	Alarm(_G_-ENTRY,merge-48294)
10	0.769657	FalseGround	Unlabelled	SPOkGoodGood	Alarm(_G_-ENTRY,merge-48295)
11	0.76558	FalseGround	Unlabelled	SPOkGoodGood	Alarm(_G_-ENTRY,grep-55630)
12	0.764253	FalseGround	Unlabelled	SPOkGoodGood	Alarm(_G_-ENTRY,add_exclude_fp-43101)
13	0.747204	FalseGround	Unlabelled	SPOkGoodGood	Alarm(_G_-ENTRY,state_index-48495)
14	0.734272	FalseGround	Unlabelled	SPOkGoodGood	Alarm(_G_-ENTRY,main-57406)
15	0.734272	FalseGround	Unlabelled	SPOkGoodGood	Alarm(_G_-ENTRY,main-57407)
16	0.720264	FalseGround	Unlabelled	SPOkGoodGood	Alarm(_G_-ENTRY,dfastate-49751)
17	0.720264	FalseGround	Unlabelled	SPOkGoodGood	Alarm(_G_-ENTRY,dfastate-49752)
18	0.704376	FalseGround	Unlabelled	SPOkGoodGood	Alarm(_G_-ENTRY,merge-48337)
19	0.704376	FalseGround	Unlabelled	SPOkGoodGood	Alarm(_G_-ENTRY,merge-48342)
20	0.704376	FalseGround	Unlabelled	SPOkGoodGood	Alarm(_G_-ENTRY,merge-48345)
21	0.70213	FalseGround	Unlabelled	SPOkGoodGood	Alarm(_G_-ENTRY,dfastate-49725)
22	0.70213	FalseGround	Unlabelled	SPOkGoodGood	Alarm(_G_-ENTRY,dfastate-49726)
23	0.70213	FalseGround	Unlabelled	SPOkGoodGood	Alarm(_G_-ENTRY,dfastate-49727)
24	0.70213	FalseGround	Unlabelled	SPOkGoodGood	Alarm(_G_-ENTRY,dfastate-49728)
25	0.678498	FalseGround	Unlabelled	SPOkGoodGood	Alarm(_G_-ENTRY,dfastate-49806)
26	0.678498	FalseGround	Unlabelled	SPOkGoodGood	Alarm(_G_-ENTRY,dfastate-49959)
27	0.678498	FalseGround	Unlabelled	SPOkGoodGood	Alarm(_G_-ENTRY,parse_bracket_exp-46939)
28	0.664047	FalseGround	Unlabelled	SPOkGoodGood	Alarm(_G_-ENTRY,state_index-48465)
29	0.664047	FalseGround	Unlabelled	SPOkGoodGood	Alarm(_G_-ENTRY,state_index-48484)
30	0.664047	FalseGround	Unlabelled	SPOkGoodGood	Alarm(_G_-ENTRY,state_index-48486)
31	0.664047	FalseGround	Unlabelled	SPOkGoodGood	Alarm(_G_-ENTRY,state_index-48487)
32	0.664047	FalseGround	Unlabelled	SPOkGoodGood	Alarm(_G_-ENTRY,state_index-48488)
33	0.664047	FalseGround	Unlabelled	SPOkGoodGood	Alarm(_G_-ENTRY,state_index-48489)
34	0.664047	FalseGround	Unlabelled	SPOkGoodGood	Alarm(_G_-ENTRY,state_index-48490)
35	0.664047	FalseGround	Unlabelled	SPOkGoodGood	Alarm(_G_-ENTRY,state_index-48491)
36	0.664047	FalseGround	Unlabelled	SPOkGoodGood	Alarm(_G_-ENTRY,state_index-48493)
37	0.645842	FalseGround	Unlabelled	SPOkGoodGood	Alarm(_G_-ENTRY,fts_open-41077)
38	0.645842	FalseGround	Unlabelled	SPOkGoodGood	Alarm(_G_-ENTRY,fts_open-41143)
39	0.626844	FalseGround	Unlabelled	SPOkGoodGood	Alarm(_G_-ENTRY,state_index-48395)
40	0.626844	FalseGround	Unlabelled	SPOkGoodGood	Alarm(_G_-ENTRY,state_index-48396)
41	0.626844	FalseGround	Unlabelled	SPOkGoodGood	Alarm(_G_-ENTRY,state_index-48397)
42	0.626844	FalseGround	Unlabelled	SPOkGoodGood	Alarm(_G_-ENTRY,state_index-48398)
43	0.592562	FalseGround	Unlabelled	SPOkGoodGood	Alarm(_G_-ENTRY,transfer_entries-40597)
44	0.59049	FalseGround	Unlabelled	SPOkGoodGood	Alarm(_G_-ENTRY,mbuiter_multi_next-38531)
45	0.59049	FalseGround	Unlabelled	SPOkGoodGood	Alarm(_G_-ENTRY,mbuiter_multi_next-38533)
46	0.58968	FalseGround	Unlabelled	SPOkGoodGood	Alarm(_G_-ENTRY,copy-48140)
47	0.58968	FalseGround	Unlabelled	SPOkGoodGood	Alarm(_G_-ENTRY,copy-48141)
48	0.58968	FalseGround	Unlabelled	SPOkGoodGood	Alarm(_G_-ENTRY,copy-48143)
49	0.58968	FalseGround	Unlabelled	SPOkGoodGood	Alarm(_G_-ENTRY,copy-48162)
50	0.58968	FalseGround	Unlabelled	SPOkGoodGood	Alarm(_G_-ENTRY,copy-48164)
51	0.586493	FalseGround	Unlabelled	SPOkGoodGood	Alarm(_G_-ENTRY,setmatcher-56208)
52	0.586493	FalseGround	Unlabelled	SPOkGoodGood	Alarm(_G_-ENTRY,setmatcher-56209)
53	0.586493	FalseGround	Unlabelled	SPOkGoodGood	Alarm(_G_-ENTRY,setmatcher-56211)
54	0.583204	FalseGround	Unlabelled	SPOkGoodGood	Alarm(_G_-ENTRY,grep-55625)
55	0.583204	FalseGround	Unlabelled	SPOkGoodGood	Alarm(_G_-ENTRY,grep-55626)
56	0.583204	FalseGround	Unlabelled	SPOkGoodGood	Alarm(_G_-ENTRY,grep-55650)
57	0.583204	FalseGround	Unlabelled	SPOkGoodGood	Alarm(_G_-ENTRY,main-57577)
58	0.583204	FalseGround	Unlabelled	SPOkGoodGood	Alarm(_G_-ENTRY,main-57581)
59	0.576061	FalseGround	Unlabelled	SPOkGoodGood	Alarm(_G_-ENTRY,parse_grep_colors-56405)
60	0.574012	FalseGround	Unlabelled	SPOkGoodGood	Alarm(_G_-ENTRY,build_state-50356)
61	0.574012	FalseGround	Unlabelled	SPOkGoodGood	Alarm(_G_-ENTRY,build_state-50358)
62	0.574012	FalseGround	Unlabelled	SPOkGoodGood	Alarm(_G_-ENTRY,build_state-50359)
63	0.574012	FalseGround	Unlabelled	SPOkGoodGood	Alarm(_G_-ENTRY,transit_state_singlebyte-50594)
64	0.574012	FalseGround	Unlabelled	SPOkGoodGood	Alarm(_G_-ENTRY,transit_state_singlebyte-50595)
65	0.574012	FalseGround	Unlabelled	SPOkGoodGood	Alarm(_G_-ENTRY,transit_state_singlebyte-50599)
66	0.567863	FalseGround	Unlabelled	SPOkGoodGood	Alarm(_G_-ENTRY,setbit-45591)
67	0.567839	FalseGround	Unlabelled	SPOkGoodGood	Alarm(_G_-ENTRY,merge-48304)
68	0.564527	FalseGround	Unlabelled	SPOkGoodGood	Alarm(_G_-ENTRY,state_index-48389)
69	0.564527	FalseGround	Unlabelled	SPOkGoodGood	Alarm(_G_-ENTRY,state_index-48390)
70	0.564527	FalseGround	Unlabelled	SPOkGoodGood	Alarm(_G_-ENTRY,state_index-48419)
71	0.564527	FalseGround	Unlabelled	SPOkGoodGood	Alarm(_G_-ENTRY,state_index-48420)
72	0.564527	FalseGround	Unlabelled	SPOkGoodGood	Alarm(_G_-ENTRY,state_index-48425)
73	0.564527	FalseGround	Unlabelled	SPOkGoodGood	Alarm(_G_-ENTRY,state_index-48426)
74	0.562399	FalseGround	Unlabelled	SPOkGoodGood	Alarm(_G_-ENTRY,dfamust-54080)
75	0.562399	FalseGround	Unlabelled	SPOkGoodGood	Alarm(_G_-ENTRY,dfamust-54099)
76	0.562399	FalseGround	Unlabelled	SPOkGoodGood	Alarm(_G_-ENTRY,dfamust-54101)
77	0.562399	FalseGround	Unlabelled	SPOkGoodGood	Alarm(_G_-ENTRY,dfastate-49769)
78	0.562399	FalseGround	Unlabelled	SPOkGoodGood	Alarm(_G_-ENTRY,dfastate-49803)
79	0.562399	FalseGround	Unlabelled	SPOkGoodGood	Alarm(_G_-ENTRY,dfastate-49814)
80	0.562399	FalseGround	Unlabelled	SPOkGoodGood	Alarm(_G_-ENTRY,mbtoupper-54697)
81	0.539708	FalseGround	Unlabelled	SPOkGoodGood	Alarm(_G_-ENTRY,transfer_entries-40591)
82	0.532257	FalseGround	Unlabelled	SPOkGoodGood	Alarm(_G_-ENTRY,build_state-50353)
83	0.532257	FalseGround	Unlabelled	SPOkGoodGood	Alarm(_G_-ENTRY,build_state-50354)
84	0.53011	FalseGround	Unlabelled	SPOkGoodGood	Alarm(_G_-ENTRY,transfer_entries-40595)
85	0.53011	FalseGround	Unlabelled	SPOkGoodGood	Alarm(_G_-ENTRY,transfer_entries-40613)
86	0.525416	FalseGround	Unlabelled	SPOkGoodGood	Alarm(_G_-ENTRY,dfastate-49843)
87	0.525416	FalseGround	Unlabelled	SPOkGoodGood	Alarm(_G_-ENTRY,dfastate-49844)
88	0.525416	FalseGround	Unlabelled	SPOkGoodGood	Alarm(_G_-ENTRY,parse_bracket_exp-46907)
89	0.522872	FalseGround	Unlabelled	SPOkGoodGood	Alarm(_G_-ENTRY,add_exclude_fp-43055)
90	0.522872	FalseGround	Unlabelled	SPOkGoodGood	Alarm(_G_-ENTRY,add_exclude_fp-43056)
91	0.509697	FalseGround	Unlabelled	SPOkGoodGood	Alarm(_G_-ENTRY,dfamust-54157)
92	0.509697	FalseGround	Unlabelled	SPOkGoodGood	Alarm(_G_-ENTRY,dfamust-54174)
93	0.509697	FalseGround	Unlabelled	SPOkGoodGood	Alarm(_G_-ENTRY,dfamust-54192)
94	0.509443	FalseGround	Unlabelled	SPOkGoodGood	Alarm(_G_-ENTRY,prpending-55367)
95	0.499758	FalseGround	Unlabelled	SPOkGoodGood	Alarm(_G_-ENTRY,add_exclude_fp-43113)
96	0.499758	FalseGround	Unlabelled	SPOkGoodGood	Alarm(_G_-ENTRY,fts_open-41097)
97	0.499758	FalseGround	Unlabelled	SPOkGoodGood	Alarm(_G_-ENTRY,fts_open-41099)
98	0.499758	FalseGround	Unlabelled	SPOkGoodGood	Alarm(_G_-ENTRY,fts_open-41102)
99	0.499758	FalseGround	Unlabelled	SPOkGoodGood	Alarm(_G_-ENTRY,get_charset_aliases-40074)
100	0.499758	FalseGround	Unlabelled	SPOkGoodGood	Alarm(_G_-ENTRY,unescape_pattern-42615)
101	0.499758	FalseGround	Unlabelled	SPOkGoodGood	Alarm(_G_-ENTRY,unescape_pattern-42616)
102	0.495477	FalseGround	Unlabelled	SPOkGoodGood	Alarm(_G_-ENTRY,add_exclude-42982)
103	0.489985	FalseGround	Unlabelled	SPOkGoodGood	Alarm(_G_-ENTRY,dfamust-53816)
104	0.489985	FalseGround	Unlabelled	SPOkGoodGood	Alarm(_G_-ENTRY,dfamust-53817)
105	0.489985	FalseGround	Unlabelled	SPOkGoodGood	Alarm(_G_-ENTRY,dfamust-53818)
106	0.489985	FalseGround	Unlabelled	SPOkGoodGood	Alarm(_G_-ENTRY,dfamust-53819)
107	0.489985	FalseGround	Unlabelled	SPOkGoodGood	Alarm(_G_-ENTRY,dfamust-53830)
108	0.489985	FalseGround	Unlabelled	SPOkGoodGood	Alarm(_G_-ENTRY,dfamust-53831)
109	0.489985	FalseGround	Unlabelled	SPOkGoodGood	Alarm(_G_-ENTRY,get_charset_aliases-40023)
110	0.489985	FalseGround	Unlabelled	SPOkGoodGood	Alarm(_G_-ENTRY,get_charset_aliases-40024)
111	0.478297	FalseGround	Unlabelled	SPOkGoodGood	Alarm(_G_-ENTRY,mbuiter_multi_next-38525)
112	0.478297	FalseGround	Unlabelled	SPOkGoodGood	Alarm(_G_-ENTRY,mbuiter_multi_next-38526)
113	0.477641	FalseGround	Unlabelled	SPOkGoodGood	Alarm(_G_-ENTRY,copy-48128)
114	0.477641	FalseGround	Unlabelled	SPOkGoodGood	Alarm(_G_-ENTRY,copy-48129)
115	0.471818	FalseGround	Unlabelled	SPOkGoodGood	Alarm(_G_-ENTRY,transfer_entries-40576)
116	0.471818	FalseGround	Unlabelled	SPOkGoodGood	Alarm(_G_-ENTRY,transfer_entries-40577)
117	0.469764	FalseGround	Unlabelled	SPOkGoodGood	Alarm(_G_-ENTRY,match_anychar-50620)
118	0.469764	FalseGround	Unlabelled	SPOkGoodGood	Alarm(_G_-ENTRY,match_anychar-50621)
119	0.469764	FalseGround	Unlabelled	SPOkGoodGood	Alarm(_G_-ENTRY,match_mb_charset-50648)
120	0.469764	FalseGround	Unlabelled	SPOkGoodGood	Alarm(_G_-ENTRY,match_mb_charset-50649)
121	0.464949	FalseGround	Unlabelled	SPOkGoodGood	Alarm(_G_-ENTRY,transit_state_singlebyte-50590)
122	0.464949	FalseGround	Unlabelled	SPOkGoodGood	Alarm(_G_-ENTRY,transit_state_singlebyte-50591)
123	0.462383	FalseGround	Unlabelled	SPOkGoodGood	Alarm(_G_-ENTRY,quotearg_buffer_restyled-38027)
124	0.462383	FalseGround	Unlabelled	SPOkGoodGood	Alarm(_G_-ENTRY,quotearg_buffer_restyled-38037)
125	0.462383	FalseGround	Unlabelled	SPOkGoodGood	Alarm(_G_-ENTRY,quotearg_buffer_restyled-38045)
126	0.462383	FalseGround	Unlabelled	SPOkGoodGood	Alarm(_G_-ENTRY,quotearg_buffer_restyled-38052)
127	0.462383	FalseGround	Unlabelled	SPOkGoodGood	Alarm(_G_-ENTRY,quotearg_buffer_restyled-38061)
128	0.462383	FalseGround	Unlabelled	SPOkGoodGood	Alarm(_G_-ENTRY,quotearg_buffer_restyled-38062)
129	0.462383	FalseGround	Unlabelled	SPOkGoodGood	Alarm(_G_-ENTRY,quotearg_buffer_restyled-38064)
130	0.462383	FalseGround	Unlabelled	SPOkGoodGood	Alarm(_G_-ENTRY,quotearg_buffer_restyled-38066)
131	0.462383	FalseGround	Unlabelled	SPOkGoodGood	Alarm(_G_-ENTRY,quotearg_buffer_restyled-38069)
132	0.462383	FalseGround	Unlabelled	SPOkGoodGood	Alarm(_G_-ENTRY,quotearg_buffer_restyled-38071)
133	0.462383	FalseGround	Unlabelled	SPOkGoodGood	Alarm(_G_-ENTRY,quotearg_buffer_restyled-38073)
134	0.462383	FalseGround	Unlabelled	SPOkGoodGood	Alarm(_G_-ENTRY,quotearg_buffer_restyled-38075)
135	0.462383	FalseGround	Unlabelled	SPOkGoodGood	Alarm(_G_-ENTRY,quotearg_buffer_restyled-38077)
136	0.462383	FalseGround	Unlabelled	SPOkGoodGood	Alarm(_G_-ENTRY,quotearg_buffer_restyled-38088)
137	0.462383	FalseGround	Unlabelled	SPOkGoodGood	Alarm(_G_-ENTRY,quotearg_buffer_restyled-38090)
138	0.462383	FalseGround	Unlabelled	SPOkGoodGood	Alarm(_G_-ENTRY,quotearg_buffer_restyled-38092)
139	0.462383	FalseGround	Unlabelled	SPOkGoodGood	Alarm(_G_-ENTRY,quotearg_buffer_restyled-38094)
140	0.462383	FalseGround	Unlabelled	SPOkGoodGood	Alarm(_G_-ENTRY,quotearg_buffer_restyled-38115)
141	0.462383	FalseGround	Unlabelled	SPOkGoodGood	Alarm(_G_-ENTRY,quotearg_buffer_restyled-38117)
142	0.462383	FalseGround	Unlabelled	SPOkGoodGood	Alarm(_G_-ENTRY,quotearg_buffer_restyled-38119)
143	0.462383	FalseGround	Unlabelled	SPOkGoodGood	Alarm(_G_-ENTRY,quotearg_buffer_restyled-38122)
144	0.462383	FalseGround	Unlabelled	SPOkGoodGood	Alarm(_G_-ENTRY,quotearg_buffer_restyled-38125)
145	0.462383	FalseGround	Unlabelled	SPOkGoodGood	Alarm(_G_-ENTRY,quotearg_buffer_restyled-38128)
146	0.462383	FalseGround	Unlabelled	SPOkGoodGood	Alarm(_G_-ENTRY,quotearg_buffer_restyled-38129)
147	0.462383	FalseGround	Unlabelled	SPOkGoodGood	Alarm(_G_-ENTRY,quotearg_buffer_restyled-38131)
148	0.462383	FalseGround	Unlabelled	SPOkGoodGood	Alarm(_G_-ENTRY,quotearg_buffer_restyled-38134)
149	0.462383	FalseGround	Unlabelled	SPOkGoodGood	Alarm(_G_-ENTRY,quotearg_buffer_restyled-38137)
150	0.45995	FalseGround	Unlabelled	SPOkGoodGood	Alarm(_G_-ENTRY,merge-48274)
151	0.45995	FalseGround	Unlabelled	SPOkGoodGood	Alarm(_G_-ENTRY,merge-48275)
152	0.45995	FalseGround	Unlabelled	SPOkGoodGood	Alarm(_G_-ENTRY,merge-48298)
153	0.45995	FalseGround	Unlabelled	SPOkGoodGood	Alarm(_G_-ENTRY,merge-48299)
154	0.459745	FalseGround	Unlabelled	SPOkGoodGood	Alarm(_G_-ENTRY,GEAcompile-45230)
155	0.452213	FalseGround	Unlabelled	SPOkGoodGood	Alarm(_G_-ENTRY,GEAcompile-45232)
156	0.430119	FalseGround	Unlabelled	SPOkGoodGood	Alarm(_G_-ENTRY,state_separate_contexts-48590)
157	0.430119	FalseGround	Unlabelled	SPOkGoodGood	Alarm(_G_-ENTRY,state_separate_contexts-48591)
158	0.430119	FalseGround	Unlabelled	SPOkGoodGood	Alarm(_G_-ENTRY,state_separate_contexts-48592)
159	0.430119	FalseGround	Unlabelled	SPOkGoodGood	Alarm(_G_-ENTRY,state_separate_contexts-48593)
160	0.42892	FalseGround	Unlabelled	SPOkGoodGood	Alarm(_G_-ENTRY,parse_grep_colors-56400)
161	0.426861	FalseGround	Unlabelled	SPOkGoodGood	Alarm(_G_-ENTRY,insert-48205)
162	0.426861	FalseGround	Unlabelled	SPOkGoodGood	Alarm(_G_-ENTRY,insert-48206)
163	0.404804	FalseGround	Unlabelled	SPOkGoodGood	Alarm(_G_-ENTRY,fts_open-41000)
164	0.404804	FalseGround	Unlabelled	SPOkGoodGood	Alarm(_G_-ENTRY,fts_open-41001)
165	0.404804	FalseGround	Unlabelled	SPOkGoodGood	Alarm(_G_-ENTRY,mbsstr-39624)
166	0.404804	FalseGround	Unlabelled	SPOkGoodGood	Alarm(_G_-ENTRY,mbsstr-39625)
167	0.404804	FalseGround	Unlabelled	SPOkGoodGood	Alarm(_G_-ENTRY,mbsstr-39634)
168	0.404804	FalseGround	Unlabelled	SPOkGoodGood	Alarm(_G_-ENTRY,mbsstr-39635)
169	0.404804	FalseGround	Unlabelled	SPOkGoodGood	Alarm(_G_-ENTRY,mbsstr-39640)
170	0.404804	FalseGround	Unlabelled	SPOkGoodGood	Alarm(_G_-ENTRY,mbsstr-39641)
171	0.404804	FalseGround	Unlabelled	SPOkGoodGood	Alarm(_G_-ENTRY,print_line_tail-55263)
172	0.404804	FalseGround	Unlabelled	SPOkGoodGood	Alarm(_G_-ENTRY,print_line_tail-55264)
173	0.401384	FalseGround	Unlabelled	SPOkGoodGood	Alarm(_G_-ENTRY,insert-48231)
174	0.401384	FalseGround	Unlabelled	SPOkGoodGood	Alarm(_G_-ENTRY,insert-48262)
175	0.401384	FalseGround	Unlabelled	SPOkGoodGood	Alarm(_G_-ENTRY,insert-48264)
176	0.401336	FalseGround	Unlabelled	SPOkGoodGood	Alarm(_G_-ENTRY,add_exclude-42920)
177	0.401336	FalseGround	Unlabelled	SPOkGoodGood	Alarm(_G_-ENTRY,add_exclude-42921)
178	0.390421	FalseGround	Unlabelled	SPOkGoodGood	Alarm(_G_-ENTRY,tr-44204)
179	0.37453	FalseGround	Unlabelled	SPOkGoodGood	Alarm(_G_-ENTRY,quotearg_buffer_restyled-37606)
180	0.37453	FalseGround	Unlabelled	SPOkGoodGood	Alarm(_G_-ENTRY,quotearg_buffer_restyled-37607)
181	0.37453	FalseGround	Unlabelled	SPOkGoodGood	Alarm(_G_-ENTRY,quotearg_buffer_restyled-37844)
182	0.37453	FalseGround	Unlabelled	SPOkGoodGood	Alarm(_G_-ENTRY,quotearg_buffer_restyled-37845)
183	0.37453	FalseGround	Unlabelled	SPOkGoodGood	Alarm(_G_-ENTRY,quotearg_buffer_restyled-37846)
184	0.37453	FalseGround	Unlabelled	SPOkGoodGood	Alarm(_G_-ENTRY,quotearg_buffer_restyled-37847)
185	0.37453	FalseGround	Unlabelled	SPOkGoodGood	Alarm(_G_-ENTRY,quotearg_buffer_restyled-37864)
186	0.37453	FalseGround	Unlabelled	SPOkGoodGood	Alarm(_G_-ENTRY,quotearg_buffer_restyled-37865)
187	0.37453	FalseGround	Unlabelled	SPOkGoodGood	Alarm(_G_-ENTRY,quotearg_buffer_restyled-37866)
188	0.37453	FalseGround	Unlabelled	SPOkGoodGood	Alarm(_G_-ENTRY,quotearg_buffer_restyled-37867)
189	0.37453	FalseGround	Unlabelled	SPOkGoodGood	Alarm(_G_-ENTRY,quotearg_buffer_restyled-37868)
190	0.37453	FalseGround	Unlabelled	SPOkGoodGood	Alarm(_G_-ENTRY,quotearg_buffer_restyled-37869)
191	0.37453	FalseGround	Unlabelled	SPOkGoodGood	Alarm(_G_-ENTRY,quotearg_buffer_restyled-37870)
192	0.37453	FalseGround	Unlabelled	SPOkGoodGood	Alarm(_G_-ENTRY,quotearg_buffer_restyled-37871)
193	0.37453	FalseGround	Unlabelled	SPOkGoodGood	Alarm(_G_-ENTRY,quotearg_buffer_restyled-37872)
194	0.37453	FalseGround	Unlabelled	SPOkGoodGood	Alarm(_G_-ENTRY,quotearg_buffer_restyled-37873)
195	0.37453	FalseGround	Unlabelled	SPOkGoodGood	Alarm(_G_-ENTRY,quotearg_buffer_restyled-37874)
196	0.37453	FalseGround	Unlabelled	SPOkGoodGood	Alarm(_G_-ENTRY,quotearg_buffer_restyled-37875)
197	0.37453	FalseGround	Unlabelled	SPOkGoodGood	Alarm(_G_-ENTRY,quotearg_buffer_restyled-37876)
198	0.37453	FalseGround	Unlabelled	SPOkGoodGood	Alarm(_G_-ENTRY,quotearg_buffer_restyled-37877)
199	0.37453	FalseGround	Unlabelled	SPOkGoodGood	Alarm(_G_-ENTRY,quotearg_buffer_restyled-37878)
200	0.37453	FalseGround	Unlabelled	SPOkGoodGood	Alarm(_G_-ENTRY,quotearg_buffer_restyled-37879)
201	0.37453	FalseGround	Unlabelled	SPOkGoodGood	Alarm(_G_-ENTRY,quotearg_buffer_restyled-37880)
202	0.37453	FalseGround	Unlabelled	SPOkGoodGood	Alarm(_G_-ENTRY,quotearg_buffer_restyled-37881)
203	0.37453	FalseGround	Unlabelled	SPOkGoodGood	Alarm(_G_-ENTRY,quotearg_buffer_restyled-37882)
204	0.37453	FalseGround	Unlabelled	SPOkGoodGood	Alarm(_G_-ENTRY,quotearg_buffer_restyled-37883)
205	0.37453	FalseGround	Unlabelled	SPOkGoodGood	Alarm(_G_-ENTRY,quotearg_buffer_restyled-37938)
206	0.37453	FalseGround	Unlabelled	SPOkGoodGood	Alarm(_G_-ENTRY,quotearg_buffer_restyled-37939)
207	0.37453	FalseGround	Unlabelled	SPOkGoodGood	Alarm(_G_-ENTRY,quotearg_buffer_restyled-37946)
208	0.37453	FalseGround	Unlabelled	SPOkGoodGood	Alarm(_G_-ENTRY,quotearg_buffer_restyled-37947)
209	0.37453	FalseGround	Unlabelled	SPOkGoodGood	Alarm(_G_-ENTRY,quotearg_buffer_restyled-37948)
210	0.37453	FalseGround	Unlabelled	SPOkGoodGood	Alarm(_G_-ENTRY,quotearg_buffer_restyled-37949)
211	0.37453	FalseGround	Unlabelled	SPOkGoodGood	Alarm(_G_-ENTRY,quotearg_buffer_restyled-37950)
212	0.37453	FalseGround	Unlabelled	SPOkGoodGood	Alarm(_G_-ENTRY,quotearg_buffer_restyled-37951)
213	0.37453	FalseGround	Unlabelled	SPOkGoodGood	Alarm(_G_-ENTRY,quotearg_buffer_restyled-37952)
214	0.37453	FalseGround	Unlabelled	SPOkGoodGood	Alarm(_G_-ENTRY,quotearg_buffer_restyled-37953)
215	0.37453	FalseGround	Unlabelled	SPOkGoodGood	Alarm(_G_-ENTRY,quotearg_buffer_restyled-37954)
216	0.37453	FalseGround	Unlabelled	SPOkGoodGood	Alarm(_G_-ENTRY,quotearg_buffer_restyled-37955)
217	0.37453	FalseGround	Unlabelled	SPOkGoodGood	Alarm(_G_-ENTRY,quotearg_buffer_restyled-37992)
218	0.37453	FalseGround	Unlabelled	SPOkGoodGood	Alarm(_G_-ENTRY,quotearg_buffer_restyled-37993)
219	0.374032	FalseGround	Unlabelled	SPOkGoodGood	Alarm(_G_-ENTRY,Pcompile-43841)
220	0.374032	FalseGround	Unlabelled	SPOkGoodGood	Alarm(_G_-ENTRY,Pcompile-43851)
221	0.373623	FalseGround	Unlabelled	SPOkGoodGood	Alarm(_G_-ENTRY,argmatch-43690)
222	0.373623	FalseGround	Unlabelled	SPOkGoodGood	Alarm(_G_-ENTRY,argmatch-43691)
223	0.373623	FalseGround	Unlabelled	SPOkGoodGood	Alarm(_G_-ENTRY,build_state-50244)
224	0.373623	FalseGround	Unlabelled	SPOkGoodGood	Alarm(_G_-ENTRY,build_state-50245)
225	0.373623	FalseGround	Unlabelled	SPOkGoodGood	Alarm(_G_-ENTRY,dfamust-54088)
226	0.373623	FalseGround	Unlabelled	SPOkGoodGood	Alarm(_G_-ENTRY,dfamust-54090)
227	0.373623	FalseGround	Unlabelled	SPOkGoodGood	Alarm(_G_-ENTRY,dfamust-54121)
228	0.373623	FalseGround	Unlabelled	SPOkGoodGood	Alarm(_G_-ENTRY,dfamust-54122)
229	0.373623	FalseGround	Unlabelled	SPOkGoodGood	Alarm(_G_-ENTRY,dfamust-54139)
230	0.373623	FalseGround	Unlabelled	SPOkGoodGood	Alarm(_G_-ENTRY,dfastate-49770)
231	0.373623	FalseGround	Unlabelled	SPOkGoodGood	Alarm(_G_-ENTRY,knuth_morris_pratt_multibyte-39444)
232	0.373623	FalseGround	Unlabelled	SPOkGoodGood	Alarm(_G_-ENTRY,knuth_morris_pratt_multibyte-39445)
233	0.373623	FalseGround	Unlabelled	SPOkGoodGood	Alarm(_G_-ENTRY,knuth_morris_pratt_multibyte-39446)
234	0.373623	FalseGround	Unlabelled	SPOkGoodGood	Alarm(_G_-ENTRY,knuth_morris_pratt_multibyte-39472)
235	0.373623	FalseGround	Unlabelled	SPOkGoodGood	Alarm(_G_-ENTRY,mb_case_map_apply-44095)
236	0.373623	FalseGround	Unlabelled	SPOkGoodGood	Alarm(_G_-ENTRY,merge-48350)
237	0.373623	FalseGround	Unlabelled	SPOkGoodGood	Alarm(_G_-ENTRY,merge-48355)
238	0.373623	FalseGround	Unlabelled	SPOkGoodGood	Alarm(_G_-ENTRY,merge-48360)
239	0.373623	FalseGround	Unlabelled	SPOkGoodGood	Alarm(_G_-ENTRY,parse_grep_colors-56397)
240	0.373623	FalseGround	Unlabelled	SPOkGoodGood	Alarm(_G_-ENTRY,parse_grep_colors-56402)
241	0.373623	FalseGround	Unlabelled	SPOkGoodGood	Alarm(_G_-ENTRY,parse_grep_colors-56404)
242	0.373623	FalseGround	Unlabelled	SPOkGoodGood	Alarm(_G_-ENTRY,state_index-48429)
243	0.364754	FalseGround	Unlabelled	SPOkGoodGood	Alarm(_G_-ENTRY,build_state-50252)
244	0.364754	FalseGround	Unlabelled	SPOkGoodGood	Alarm(_G_-ENTRY,build_state-50253)
245	0.364754	FalseGround	Unlabelled	SPOkGoodGood	Alarm(_G_-ENTRY,build_state-50254)
246	0.364754	FalseGround	Unlabelled	SPOkGoodGood	Alarm(_G_-ENTRY,build_state-50255)
247	0.356644	FalseGround	Unlabelled	SPOkGoodGood	Alarm(_G_-ENTRY,hash_find_entry-40563)
248	0.353033	FalseGround	Unlabelled	SPOkGoodGood	Alarm(_G_-ENTRY,Fcompile-44069)
249	0.353033	FalseGround	Unlabelled	SPOkGoodGood	Alarm(_G_-ENTRY,bm_delta2_search-44743)
250	0.353033	FalseGround	Unlabelled	SPOkGoodGood	Alarm(_G_-ENTRY,dfastate-49838)
251	0.353033	FalseGround	Unlabelled	SPOkGoodGood	Alarm(_G_-ENTRY,dfastate-49839)
252	0.353033	FalseGround	Unlabelled	SPOkGoodGood	Alarm(_G_-ENTRY,dfastate-49840)
253	0.353033	FalseGround	Unlabelled	SPOkGoodGood	Alarm(_G_-ENTRY,dfastate-49862)
254	0.353033	FalseGround	Unlabelled	SPOkGoodGood	Alarm(_G_-ENTRY,dfastate-49863)
255	0.353033	FalseGround	Unlabelled	SPOkGoodGood	Alarm(_G_-ENTRY,dfastate-49864)
256	0.353033	FalseGround	Unlabelled	SPOkGoodGood	Alarm(_G_-ENTRY,inboth-52508)
257	0.353033	FalseGround	Unlabelled	SPOkGoodGood	Alarm(_G_-ENTRY,kwsincr-44351)
258	0.353033	FalseGround	Unlabelled	SPOkGoodGood	Alarm(_G_-ENTRY,kwsincr-44354)
259	0.353033	FalseGround	Unlabelled	SPOkGoodGood	Alarm(_G_-ENTRY,kwsincr-44358)
260	0.353033	FalseGround	Unlabelled	SPOkGoodGood	Alarm(_G_-ENTRY,kwsincr-44404)
261	0.353033	FalseGround	Unlabelled	SPOkGoodGood	Alarm(_G_-ENTRY,kwsincr-44405)
262	0.353033	FalseGround	Unlabelled	SPOkGoodGood	Alarm(_G_-ENTRY,kwsincr-44406)
263	0.353033	FalseGround	Unlabelled	SPOkGoodGood	Alarm(_G_-ENTRY,kwsincr-44407)
264	0.353033	FalseGround	Unlabelled	SPOkGoodGood	Alarm(_G_-ENTRY,kwsincr-44409)
265	0.353033	FalseGround	Unlabelled	SPOkGoodGood	Alarm(_G_-ENTRY,kwsincr-44410)
266	0.353033	FalseGround	Unlabelled	SPOkGoodGood	Alarm(_G_-ENTRY,kwsincr-44411)
267	0.353033	FalseGround	Unlabelled	SPOkGoodGood	Alarm(_G_-ENTRY,kwsincr-44419)
268	0.353033	FalseGround	Unlabelled	SPOkGoodGood	Alarm(_G_-ENTRY,kwsincr-44434)
269	0.353033	FalseGround	Unlabelled	SPOkGoodGood	Alarm(_G_-ENTRY,kwsincr-44442)
270	0.353033	FalseGround	Unlabelled	SPOkGoodGood	Alarm(_G_-ENTRY,kwsincr-44458)
271	0.353033	FalseGround	Unlabelled	SPOkGoodGood	Alarm(_G_-ENTRY,kwsincr-44459)
272	0.353033	FalseGround	Unlabelled	SPOkGoodGood	Alarm(_G_-ENTRY,string_hasher_ci-42663)
273	0.351375	FalseGround	Unlabelled	SPOkGoodGood	Alarm(_G_-ENTRY,mbsstr-39642)
274	0.351375	FalseGround	Unlabelled	SPOkGoodGood	Alarm(_G_-ENTRY,mbsstr-39643)
275	0.351375	FalseGround	Unlabelled	SPOkGoodGood	Alarm(_G_-ENTRY,mbsstr-39644)
276	0.351375	FalseGround	Unlabelled	SPOkGoodGood	Alarm(_G_-ENTRY,mbsstr-39645)
277	0.351375	FalseGround	Unlabelled	SPOkGoodGood	Alarm(_G_-ENTRY,mbsstr-39646)
278	0.351375	FalseGround	Unlabelled	SPOkGoodGood	Alarm(_G_-ENTRY,mbsstr-39647)
279	0.338764	FalseGround	Unlabelled	SPOkGoodGood	Alarm(_G_-ENTRY,hash_find_entry-40565)
280	0.338764	FalseGround	Unlabelled	SPOkGoodGood	Alarm(_G_-ENTRY,hash_find_entry-40566)
281	0.338764	FalseGround	Unlabelled	SPOkGoodGood	Alarm(_G_-ENTRY,hash_find_entry-40568)
282	0.337957	FalseGround	Unlabelled	SPOkGoodGood	Alarm(_G_-ENTRY,mbsstr_trimmed_wordbounded-38596)
283	0.337957	FalseGround	Unlabelled	SPOkGoodGood	Alarm(_G_-ENTRY,mbsstr_trimmed_wordbounded-38597)
284	0.325121	FalseGround	Unlabelled	SPOkGoodGood	Alarm(_G_-ENTRY,insert-48209)
285	0.325121	FalseGround	Unlabelled	SPOkGoodGood	Alarm(_G_-ENTRY,insert-48210)
286	0.313811	FalseGround	Unlabelled	SPOkGoodGood	Alarm(_G_-ENTRY,add_exclude-43006)
287	0.313811	FalseGround	Unlabelled	SPOkGoodGood	Alarm(_G_-ENTRY,build_state-50247)
288	0.313811	FalseGround	Unlabelled	SPOkGoodGood	Alarm(_G_-ENTRY,build_state-50248)
289	0.313811	FalseGround	Unlabelled	SPOkGoodGood	Alarm(_G_-ENTRY,dfaanalyze-49116)
290	0.313811	FalseGround	Unlabelled	SPOkGoodGood	Alarm(_G_-ENTRY,dfastate-49790)
291	0.313811	FalseGround	Unlabelled	SPOkGoodGood	Alarm(_G_-ENTRY,dfastate-49842)
292	0.313811	FalseGround	Unlabelled	SPOkGoodGood	Alarm(_G_-ENTRY,dfastate-49927)
293	0.313811	FalseGround	Unlabelled	SPOkGoodGood	Alarm(_G_-ENTRY,epsclosure-48564)
294	0.313811	FalseGround	Unlabelled	SPOkGoodGood	Alarm(_G_-ENTRY,get_charset_aliases-40075)
295	0.313811	FalseGround	Unlabelled	SPOkGoodGood	Alarm(_G_-ENTRY,get_nondigit_option-56352)
296	0.313811	FalseGround	Unlabelled	SPOkGoodGood	Alarm(_G_-ENTRY,knuth_morris_pratt_multibyte-39462)
297	0.313811	FalseGround	Unlabelled	SPOkGoodGood	Alarm(_G_-ENTRY,knuth_morris_pratt_multibyte-39463)
298	0.313811	FalseGround	Unlabelled	SPOkGoodGood	Alarm(_G_-ENTRY,trim2-37125)
299	0.311297	FalseGround	Unlabelled	SPOkGoodGood	Alarm(_G_-ENTRY,setmatcher-56210)
300	0.309263	FalseGround	Unlabelled	SPOkGoodGood	Alarm(_G_-ENTRY,mb_copy-36973)
301	0.309263	FalseGround	Unlabelled	SPOkGoodGood	Alarm(_G_-ENTRY,mb_copy-36974)
302	0.309263	FalseGround	Unlabelled	SPOkGoodGood	Alarm(_G_-ENTRY,mb_copy-36975)
303	0.309263	FalseGround	Unlabelled	SPOkGoodGood	Alarm(_G_-ENTRY,mb_copy-36976)
304	0.309263	FalseGround	Unlabelled	SPOkGoodGood	Alarm(_G_-ENTRY,mb_copy-36978)
305	0.309263	FalseGround	Unlabelled	SPOkGoodGood	Alarm(_G_-ENTRY,mb_copy-36979)
306	0.309263	FalseGround	Unlabelled	SPOkGoodGood	Alarm(_G_-ENTRY,trim2-37148)
307	0.302634	FalseGround	Unlabelled	SPOkGoodGood	Alarm(_G_-ENTRY,argmatch-43672)
308	0.302634	FalseGround	Unlabelled	SPOkGoodGood	Alarm(_G_-ENTRY,argmatch-43673)
309	0.302634	FalseGround	Unlabelled	SPOkGoodGood	Alarm(_G_-ENTRY,dfamust-53824)
310	0.302634	FalseGround	Unlabelled	SPOkGoodGood	Alarm(_G_-ENTRY,dfamust-53825)
311	0.302634	FalseGround	Unlabelled	SPOkGoodGood	Alarm(_G_-ENTRY,dfastate-49633)
312	0.302634	FalseGround	Unlabelled	SPOkGoodGood	Alarm(_G_-ENTRY,dfastate-49634)
313	0.302634	FalseGround	Unlabelled	SPOkGoodGood	Alarm(_G_-ENTRY,merge-48290)
314	0.302634	FalseGround	Unlabelled	SPOkGoodGood	Alarm(_G_-ENTRY,merge-48291)
315	0.302634	FalseGround	Unlabelled	SPOkGoodGood	Alarm(_G_-ENTRY,merge-48292)
316	0.302634	FalseGround	Unlabelled	SPOkGoodGood	Alarm(_G_-ENTRY,merge-48293)
317	0.302634	FalseGround	Unlabelled	SPOkGoodGood	Alarm(_G_-ENTRY,parse_grep_colors-56362)
318	0.302634	FalseGround	Unlabelled	SPOkGoodGood	Alarm(_G_-ENTRY,parse_grep_colors-56363)
319	0.302634	FalseGround	Unlabelled	SPOkGoodGood	Alarm(_G_-ENTRY,parse_grep_colors-56364)
320	0.302634	FalseGround	Unlabelled	SPOkGoodGood	Alarm(_G_-ENTRY,parse_grep_colors-56365)
321	0.302634	FalseGround	Unlabelled	SPOkGoodGood	Alarm(_G_-ENTRY,parse_grep_colors-56370)
322	0.302634	FalseGround	Unlabelled	SPOkGoodGood	Alarm(_G_-ENTRY,parse_grep_colors-56371)
323	0.302634	FalseGround	Unlabelled	SPOkGoodGood	Alarm(_G_-ENTRY,parse_grep_colors-56374)
324	0.302634	FalseGround	Unlabelled	SPOkGoodGood	Alarm(_G_-ENTRY,parse_grep_colors-56375)
325	0.302634	FalseGround	Unlabelled	SPOkGoodGood	Alarm(_G_-ENTRY,parse_grep_colors-56378)
326	0.302634	FalseGround	Unlabelled	SPOkGoodGood	Alarm(_G_-ENTRY,parse_grep_colors-56379)
327	0.302634	FalseGround	Unlabelled	SPOkGoodGood	Alarm(_G_-ENTRY,parse_grep_colors-56386)
328	0.302634	FalseGround	Unlabelled	SPOkGoodGood	Alarm(_G_-ENTRY,parse_grep_colors-56387)
329	0.302634	FalseGround	Unlabelled	SPOkGoodGood	Alarm(_G_-ENTRY,parse_grep_colors-56388)
330	0.302634	FalseGround	Unlabelled	SPOkGoodGood	Alarm(_G_-ENTRY,parse_grep_colors-56389)
331	0.302634	FalseGround	Unlabelled	SPOkGoodGood	Alarm(_G_-ENTRY,parse_grep_colors-56390)
332	0.302634	FalseGround	Unlabelled	SPOkGoodGood	Alarm(_G_-ENTRY,parse_grep_colors-56391)
333	0.302203	FalseGround	Unlabelled	SPOkGoodGood	Alarm(_G_-ENTRY,knuth_morris_pratt_multibyte-39366)
334	0.302203	FalseGround	Unlabelled	SPOkGoodGood	Alarm(_G_-ENTRY,knuth_morris_pratt_multibyte-39367)
335	0.302203	FalseGround	Unlabelled	SPOkGoodGood	Alarm(_G_-ENTRY,kwsincr-44291)
336	0.302203	FalseGround	Unlabelled	SPOkGoodGood	Alarm(_G_-ENTRY,kwsincr-44292)
337	0.302203	FalseGround	Unlabelled	SPOkGoodGood	Alarm(_G_-ENTRY,kwsincr-44295)
338	0.302203	FalseGround	Unlabelled	SPOkGoodGood	Alarm(_G_-ENTRY,kwsincr-44296)
339	0.302203	FalseGround	Unlabelled	SPOkGoodGood	Alarm(_G_-ENTRY,kwsincr-44303)
340	0.302203	FalseGround	Unlabelled	SPOkGoodGood	Alarm(_G_-ENTRY,kwsincr-44304)
341	0.302203	FalseGround	Unlabelled	SPOkGoodGood	Alarm(_G_-ENTRY,kwsincr-44307)
342	0.302203	FalseGround	Unlabelled	SPOkGoodGood	Alarm(_G_-ENTRY,kwsincr-44308)
343	0.302203	FalseGround	Unlabelled	SPOkGoodGood	Alarm(_G_-ENTRY,kwsincr-44309)
344	0.302203	FalseGround	Unlabelled	SPOkGoodGood	Alarm(_G_-ENTRY,kwsincr-44310)
345	0.302203	FalseGround	Unlabelled	SPOkGoodGood	Alarm(_G_-ENTRY,kwsincr-44311)
346	0.302203	FalseGround	Unlabelled	SPOkGoodGood	Alarm(_G_-ENTRY,kwsincr-44312)
347	0.300394	FalseGround	Unlabelled	SPOkGoodGood	Alarm(_G_-ENTRY,Pcompile-43832)
348	0.295451	FalseGround	Unlabelled	SPOkGoodGood	Alarm(_G_-ENTRY,build_state-50191)
349	0.295451	FalseGround	Unlabelled	SPOkGoodGood	Alarm(_G_-ENTRY,build_state-50192)
350	0.295451	FalseGround	Unlabelled	SPOkGoodGood	Alarm(_G_-ENTRY,build_state-50193)
351	0.295451	FalseGround	Unlabelled	SPOkGoodGood	Alarm(_G_-ENTRY,build_state-50194)
352	0.295451	FalseGround	Unlabelled	SPOkGoodGood	Alarm(_G_-ENTRY,build_state-50195)
353	0.295451	FalseGround	Unlabelled	SPOkGoodGood	Alarm(_G_-ENTRY,build_state-50196)
354	0.292545	FalseGround	Unlabelled	SPOkGoodGood	Alarm(_G_-ENTRY,hash_find_entry-40545)
355	0.292545	FalseGround	Unlabelled	SPOkGoodGood	Alarm(_G_-ENTRY,hash_find_entry-40546)
356	0.292545	FalseGround	Unlabelled	SPOkGoodGood	Alarm(_G_-ENTRY,hash_find_entry-40547)
357	0.292545	FalseGround	Unlabelled	SPOkGoodGood	Alarm(_G_-ENTRY,hash_find_entry-40548)
358	0.289432	FalseGround	Unlabelled	SPOkGoodGood	Alarm(_G_-ENTRY,knuth_morris_pratt_multibyte-39433)
359	0.275146	FalseGround	Unlabelled	SPOkGoodGood	Alarm(_G_-ENTRY,transfer_entries-40596)
360	0.275146	FalseGround	Unlabelled	SPOkGoodGood	Alarm(_G_-ENTRY,transfer_entries-40614)
361	0.275146	FalseGround	Unlabelled	SPOkGoodGood	Alarm(_G_-ENTRY,transfer_entries-40615)
362	0.273282	FalseGround	Unlabelled	SPOkGoodGood	Alarm(_G_-ENTRY,comsubs-52424)
363	0.263492	FalseGround	Unlabelled	SPOkGoodGood	Alarm(_G_-ENTRY,add_exclude_fp-43059)
364	0.263492	FalseGround	Unlabelled	SPOkGoodGood	Alarm(_G_-ENTRY,add_exclude_fp-43060)
365	0.254789	FalseGround	Unlabelled	SPOkGoodGood	Alarm(_G_-ENTRY,fts_open-41107)
366	0.254437	FalseGround	Unlabelled	SPOkGoodGood	Alarm(_G_-ENTRY,is_basic-33018)
367	0.254187	FalseGround	Unlabelled	SPOkGoodGood	Alarm(_G_-ENTRY,dfastate-49733)
368	0.254187	FalseGround	Unlabelled	SPOkGoodGood	Alarm(_G_-ENTRY,dfastate-49734)
369	0.254187	FalseGround	Unlabelled	SPOkGoodGood	Alarm(_G_-ENTRY,knuth_morris_pratt_multibyte-39370)
370	0.254187	FalseGround	Unlabelled	SPOkGoodGood	Alarm(_G_-ENTRY,knuth_morris_pratt_multibyte-39371)
371	0.252151	FalseGround	Unlabelled	SPOkGoodGood	Alarm(_G_-ENTRY,setmatcher-56200)
372	0.252151	FalseGround	Unlabelled	SPOkGoodGood	Alarm(_G_-ENTRY,setmatcher-56201)
373	0.251046	FalseGround	Unlabelled	SPOkGoodGood	Alarm(_G_-ENTRY,EGexecute-45450)
374	0.250635	FalseGround	Unlabelled	SPOkGoodGood	Alarm(_G_-ENTRY,grep-55581)
375	0.250635	FalseGround	Unlabelled	SPOkGoodGood	Alarm(_G_-ENTRY,grep-55582)
376	0.245905	FalseGround	Unlabelled	SPOkGoodGood	Alarm(_G_-ENTRY,mbsstr_trimmed_wordbounded-38650)
377	0.245905	FalseGround	Unlabelled	SPOkGoodGood	Alarm(_G_-ENTRY,mbsstr_trimmed_wordbounded-38651)
378	0.245905	FalseGround	Unlabelled	SPOkGoodGood	Alarm(_G_-ENTRY,mbsstr_trimmed_wordbounded-38652)
379	0.245905	FalseGround	Unlabelled	SPOkGoodGood	Alarm(_G_-ENTRY,mbsstr_trimmed_wordbounded-38653)
380	0.242007	FalseGround	Unlabelled	SPOkGoodGood	Alarm(_G_-ENTRY,lex-47506)
381	0.234721	FalseGround	Unlabelled	SPOkGoodGood	Alarm(_G_-ENTRY,GEAcompile-45240)
382	0.234585	FalseGround	Unlabelled	SPOkGoodGood	Alarm(_G_-ENTRY,tstbit-44850)
383	0.222868	FalseGround	Unlabelled	SPOkGoodGood	Alarm(_G_-ENTRY,transfer_entries-40580)
384	0.222868	FalseGround	Unlabelled	SPOkGoodGood	Alarm(_G_-ENTRY,transfer_entries-40581)
385	0.222868	FalseGround	Unlabelled	SPOkGoodGood	Alarm(_G_-ENTRY,transfer_entries-40584)
386	0.222868	FalseGround	Unlabelled	SPOkGoodGood	Alarm(_G_-ENTRY,transfer_entries-40585)
387	0.207817	FalseGround	Unlabelled	SPOkGoodGood	Alarm(_G_-ENTRY,EGexecute-45459)
388	0.206379	FalseGround	Unlabelled	SPOkGoodGood	Alarm(_G_-ENTRY,fts_open-41006)
389	0.206379	FalseGround	Unlabelled	SPOkGoodGood	Alarm(_G_-ENTRY,fts_open-41007)
390	0.206379	FalseGround	Unlabelled	SPOkGoodGood	Alarm(_G_-ENTRY,fts_open-41010)
391	0.206379	FalseGround	Unlabelled	SPOkGoodGood	Alarm(_G_-ENTRY,fts_open-41011)
392	0.206379	FalseGround	Unlabelled	SPOkGoodGood	Alarm(_G_-ENTRY,unescape_pattern-42600)
393	0.206379	FalseGround	Unlabelled	SPOkGoodGood	Alarm(_G_-ENTRY,unescape_pattern-42601)
394	0.206379	FalseGround	Unlabelled	SPOkGoodGood	Alarm(_G_-ENTRY,unescape_pattern-42602)
395	0.206379	FalseGround	Unlabelled	SPOkGoodGood	Alarm(_G_-ENTRY,unescape_pattern-42603)
396	0.20424	FalseGround	Unlabelled	SPOkGoodGood	Alarm(_G_-ENTRY,lex-47358)
397	0.20424	FalseGround	Unlabelled	SPOkGoodGood	Alarm(_G_-ENTRY,lex-47359)
398	0.200581	FalseGround	Unlabelled	SPOkGoodGood	Alarm(_G_-ENTRY,transfer_entries-40601)
399	0.200581	FalseGround	Unlabelled	SPOkGoodGood	Alarm(_G_-ENTRY,transfer_entries-40602)
400	0.200196	FalseGround	Unlabelled	SPOkGoodGood	Alarm(_G_-ENTRY,addlists-52435)
401	0.194545	FalseGround	Unlabelled	SPOkGoodGood	Alarm(_G_-ENTRY,quotearg_buffer_restyled-38012)
402	0.194545	FalseGround	Unlabelled	SPOkGoodGood	Alarm(_G_-ENTRY,quotearg_buffer_restyled-38013)
403	0.19241	FalseGround	Unlabelled	SPOkGoodGood	Alarm(_G_-ENTRY,hash_insert_if_absent-40721)
404	0.180773	FalseGround	Unlabelled	SPOkGoodGood	Alarm(_G_-ENTRY,comsubs-52419)
405	0.180773	FalseGround	Unlabelled	SPOkGoodGood	Alarm(_G_-ENTRY,mbiter_multi_next-37001)
406	0.180773	FalseGround	Unlabelled	SPOkGoodGood	Alarm(_G_-ENTRY,mbiter_multi_next-37003)
407	0.180773	FalseGround	Unlabelled	SPOkGoodGood	Alarm(_G_-ENTRY,parse_bracket_exp-46679)
408	0.180773	FalseGround	Unlabelled	SPOkGoodGood	Alarm(_G_-ENTRY,parse_bracket_exp-46787)
409	0.180773	FalseGround	Unlabelled	SPOkGoodGood	Alarm(_G_-ENTRY,parse_bracket_exp-46800)
410	0.180773	FalseGround	Unlabelled	SPOkGoodGood	Alarm(_G_-ENTRY,parse_bracket_exp-46815)
411	0.175076	FalseGround	Unlabelled	SPOkGoodGood	Alarm(_G_-ENTRY,dfamust-54261)
412	0.175076	FalseGround	Unlabelled	SPOkGoodGood	Alarm(_G_-ENTRY,mb_goback-54763)
413	0.168335	FalseGround	Unlabelled	SPOkGoodGood	Alarm(_G_-ENTRY,mbsstr_trimmed_wordbounded-38660)
414	0.168335	FalseGround	Unlabelled	SPOkGoodGood	Alarm(_G_-ENTRY,mbsstr_trimmed_wordbounded-38661)
415	0.168319	FalseGround	Unlabelled	SPOkGoodGood	Alarm(_G_-ENTRY,add_exclude_file-43156)
416	0.168319	FalseGround	Unlabelled	SPOkGoodGood	Alarm(_G_-ENTRY,add_exclude_file-43157)
417	0.160879	FalseGround	Unlabelled	SPOkGoodGood	Alarm(_G_-ENTRY,EGexecute-45434)
418	0.160577	FalseGround	Unlabelled	SPOkGoodGood	Alarm(_G_-ENTRY,hash_find_entry-40556)
419	0.153495	FalseGround	Unlabelled	SPOkGoodGood	Alarm(_G_-ENTRY,case_folded_counterparts-45838)
420	0.147093	FalseGround	Unlabelled	SPOkGoodGood	Alarm(_G_-ENTRY,enlist-52323)
421	0.147093	FalseGround	Unlabelled	SPOkGoodGood	Alarm(_G_-ENTRY,enlist-52325)
422	0.146426	FalseGround	Unlabelled	SPOkGoodGood	Alarm(_G_-ENTRY,comsubs-52395)
423	0.146426	FalseGround	Unlabelled	SPOkGoodGood	Alarm(_G_-ENTRY,comsubs-52396)
424	0.146426	FalseGround	Unlabelled	SPOkGoodGood	Alarm(_G_-ENTRY,mbiter_multi_next-36995)
425	0.146426	FalseGround	Unlabelled	SPOkGoodGood	Alarm(_G_-ENTRY,mbiter_multi_next-36996)
426	0.146426	FalseGround	Unlabelled	SPOkGoodGood	Alarm(_G_-ENTRY,parse_bracket_exp-46481)
427	0.146426	FalseGround	Unlabelled	SPOkGoodGood	Alarm(_G_-ENTRY,parse_bracket_exp-46482)
428	0.145536	FalseGround	Unlabelled	SPOkGoodGood	Alarm(_G_-ENTRY,freelist-52215)
429	0.145536	FalseGround	Unlabelled	SPOkGoodGood	Alarm(_G_-ENTRY,hash_insert_if_absent-40719)
430	0.14431	FalseGround	Unlabelled	SPOkGoodGood	Alarm(_G_-ENTRY,get_nondigit_option-56350)
431	0.141811	FalseGround	Unlabelled	SPOkGoodGood	Alarm(_G_-ENTRY,build_state-50241)
432	0.141811	FalseGround	Unlabelled	SPOkGoodGood	Alarm(_G_-ENTRY,build_state-50242)
433	0.141811	FalseGround	Unlabelled	SPOkGoodGood	Alarm(_G_-ENTRY,knuth_morris_pratt-39248)
434	0.141811	FalseGround	Unlabelled	SPOkGoodGood	Alarm(_G_-ENTRY,knuth_morris_pratt-39249)
435	0.141811	FalseGround	Unlabelled	SPOkGoodGood	Alarm(_G_-ENTRY,parse_grep_colors-56366)
436	0.141811	FalseGround	Unlabelled	SPOkGoodGood	Alarm(_G_-ENTRY,parse_grep_colors-56367)
437	0.141782	FalseGround	Unlabelled	SPOkGoodGood	Alarm(_G_-ENTRY,enlist-52356)
438	0.141782	FalseGround	Unlabelled	SPOkGoodGood	Alarm(_G_-ENTRY,lex-47447)
439	0.141782	FalseGround	Unlabelled	SPOkGoodGood	Alarm(_G_-ENTRY,main-57722)
440	0.135521	FalseGround	Unlabelled	SPOkGoodGood	Alarm(_G_-ENTRY,hash_find_entry-40558)
441	0.135521	FalseGround	Unlabelled	SPOkGoodGood	Alarm(_G_-ENTRY,hash_find_entry-40561)
442	0.135085	FalseGround	Unlabelled	SPOkGoodGood	Alarm(_G_-ENTRY,Fcompile-44054)
443	0.135085	FalseGround	Unlabelled	SPOkGoodGood	Alarm(_G_-ENTRY,Fcompile-44070)
444	0.135085	FalseGround	Unlabelled	SPOkGoodGood	Alarm(_G_-ENTRY,Fexecute-44178)
445	0.135085	FalseGround	Unlabelled	SPOkGoodGood	Alarm(_G_-ENTRY,GEAcompile-45186)
446	0.135085	FalseGround	Unlabelled	SPOkGoodGood	Alarm(_G_-ENTRY,argmatch_valid-43736)
447	0.135085	FalseGround	Unlabelled	SPOkGoodGood	Alarm(_G_-ENTRY,argmatch_valid-43739)
448	0.135085	FalseGround	Unlabelled	SPOkGoodGood	Alarm(_G_-ENTRY,bm_delta2_search-44741)
449	0.135085	FalseGround	Unlabelled	SPOkGoodGood	Alarm(_G_-ENTRY,copy-48163)
450	0.135085	FalseGround	Unlabelled	SPOkGoodGood	Alarm(_G_-ENTRY,dfaanalyze-49086)
451	0.135085	FalseGround	Unlabelled	SPOkGoodGood	Alarm(_G_-ENTRY,dfaanalyze-49115)
452	0.135085	FalseGround	Unlabelled	SPOkGoodGood	Alarm(_G_-ENTRY,dfaanalyze-49117)
453	0.135085	FalseGround	Unlabelled	SPOkGoodGood	Alarm(_G_-ENTRY,dfamust-54257)
454	0.135085	FalseGround	Unlabelled	SPOkGoodGood	Alarm(_G_-ENTRY,enlist-52327)
455	0.135085	FalseGround	Unlabelled	SPOkGoodGood	Alarm(_G_-ENTRY,enlist-52331)
456	0.135085	FalseGround	Unlabelled	SPOkGoodGood	Alarm(_G_-ENTRY,enlist-52333)
457	0.135085	FalseGround	Unlabelled	SPOkGoodGood	Alarm(_G_-ENTRY,enlist-52335)
458	0.135085	FalseGround	Unlabelled	SPOkGoodGood	Alarm(_G_-ENTRY,enlist-52355)
459	0.135085	FalseGround	Unlabelled	SPOkGoodGood	Alarm(_G_-ENTRY,epsclosure-48552)
460	0.135085	FalseGround	Unlabelled	SPOkGoodGood	Alarm(_G_-ENTRY,epsclosure-48554)
461	0.135085	FalseGround	Unlabelled	SPOkGoodGood	Alarm(_G_-ENTRY,find_pred-45256)
462	0.135085	FalseGround	Unlabelled	SPOkGoodGood	Alarm(_G_-ENTRY,find_pred-45849)
463	0.135085	FalseGround	Unlabelled	SPOkGoodGood	Alarm(_G_-ENTRY,fts_maxarglen-42335)
464	0.135085	FalseGround	Unlabelled	SPOkGoodGood	Alarm(_G_-ENTRY,get_charset_aliases-40099)
465	0.135085	FalseGround	Unlabelled	SPOkGoodGood	Alarm(_G_-ENTRY,get_charset_aliases-40100)
466	0.135085	FalseGround	Unlabelled	SPOkGoodGood	Alarm(_G_-ENTRY,get_charset_aliases-40103)
467	0.135085	FalseGround	Unlabelled	SPOkGoodGood	Alarm(_G_-ENTRY,hash_string-40359)
468	0.135085	FalseGround	Unlabelled	SPOkGoodGood	Alarm(_G_-ENTRY,knuth_morris_pratt_multibyte-39437)
469	0.135085	FalseGround	Unlabelled	SPOkGoodGood	Alarm(_G_-ENTRY,knuth_morris_pratt_multibyte-39438)
470	0.135085	FalseGround	Unlabelled	SPOkGoodGood	Alarm(_G_-ENTRY,main-57566)
471	0.135085	FalseGround	Unlabelled	SPOkGoodGood	Alarm(_G_-ENTRY,match_mb_charset-50694)
472	0.135085	FalseGround	Unlabelled	SPOkGoodGood	Alarm(_G_-ENTRY,match_mb_charset-50701)
473	0.135085	FalseGround	Unlabelled	SPOkGoodGood	Alarm(_G_-ENTRY,match_mb_charset-50709)
474	0.135085	FalseGround	Unlabelled	SPOkGoodGood	Alarm(_G_-ENTRY,mb_case_map_apply-44097)
475	0.135085	FalseGround	Unlabelled	SPOkGoodGood	Alarm(_G_-ENTRY,mbtoupper-54685)
476	0.135085	FalseGround	Unlabelled	SPOkGoodGood	Alarm(_G_-ENTRY,mbtoupper-54690)
477	0.135085	FalseGround	Unlabelled	SPOkGoodGood	Alarm(_G_-ENTRY,mbtoupper-54706)
478	0.135085	FalseGround	Unlabelled	SPOkGoodGood	Alarm(_G_-ENTRY,mfile_name_concat-42457)
479	0.135085	FalseGround	Unlabelled	SPOkGoodGood	Alarm(_G_-ENTRY,parse_bracket_exp-46665)
480	0.135085	FalseGround	Unlabelled	SPOkGoodGood	Alarm(_G_-ENTRY,parse_bracket_exp-46688)
481	0.135085	FalseGround	Unlabelled	SPOkGoodGood	Alarm(_G_-ENTRY,parse_bracket_exp-46774)
482	0.135085	FalseGround	Unlabelled	SPOkGoodGood	Alarm(_G_-ENTRY,prepend_args-56244)
483	0.135085	FalseGround	Unlabelled	SPOkGoodGood	Alarm(_G_-ENTRY,prepend_args-56247)
484	0.135085	FalseGround	Unlabelled	SPOkGoodGood	Alarm(_G_-ENTRY,prtext-55435)
485	0.135085	FalseGround	Unlabelled	SPOkGoodGood	Alarm(_G_-ENTRY,state_index-48464)
486	0.135085	FalseGround	Unlabelled	SPOkGoodGood	Alarm(_G_-ENTRY,state_index-48485)
487	0.135085	FalseGround	Unlabelled	SPOkGoodGood	Alarm(_G_-ENTRY,state_index-48494)
488	0.135085	FalseGround	Unlabelled	SPOkGoodGood	Alarm(_G_-ENTRY,state_index-48496)
489	0.135085	FalseGround	Unlabelled	SPOkGoodGood	Alarm(_G_-ENTRY,state_index-48497)
490	0.135085	FalseGround	Unlabelled	SPOkGoodGood	Alarm(_G_-ENTRY,transit_state-51536)
491	0.135085	FalseGround	Unlabelled	SPOkGoodGood	Alarm(_G_-ENTRY,transit_state_consume_1char-50769)
492	0.12763	FalseGround	Unlabelled	SPOkGoodGood	Alarm(_G_-ENTRY,dfastate-49767)
493	0.12763	FalseGround	Unlabelled	SPOkGoodGood	Alarm(_G_-ENTRY,parse_grep_colors-56410)
494	0.125715	FalseGround	Unlabelled	SPOkGoodGood	Alarm(_G_-ENTRY,fnmatch_pattern_has_wildcards-42588)
495	0.125715	FalseGround	Unlabelled	SPOkGoodGood	Alarm(_G_-ENTRY,fnmatch_pattern_has_wildcards-42589)
496	0.125715	FalseGround	Unlabelled	SPOkGoodGood	Alarm(_G_-ENTRY,fnmatch_pattern_has_wildcards-42592)
497	0.125715	FalseGround	Unlabelled	SPOkGoodGood	Alarm(_G_-ENTRY,fnmatch_pattern_has_wildcards-42593)
498	0.124384	FalseGround	Unlabelled	SPOkGoodGood	Alarm(_G_-ENTRY,enlist-52336)
499	0.124384	FalseGround	Unlabelled	SPOkGoodGood	Alarm(_G_-ENTRY,kwsprep-44638)
500	0.124384	FalseGround	Unlabelled	SPOkGoodGood	Alarm(_G_-ENTRY,kwsprep-44698)
501	0.123029	FalseGround	Unlabelled	SPOkGoodGood	Alarm(_G_-ENTRY,prepend_default_options-56301)
502	0.117884	FalseGround	Unlabelled	SPOkGoodGood	Alarm(_G_-ENTRY,freelist-52211)
503	0.117884	FalseGround	Unlabelled	SPOkGoodGood	Alarm(_G_-ENTRY,freelist-52212)
504	0.117884	FalseGround	Unlabelled	SPOkGoodGood	Alarm(_G_-ENTRY,hash_insert_if_absent-40692)
505	0.117884	FalseGround	Unlabelled	SPOkGoodGood	Alarm(_G_-ENTRY,hash_insert_if_absent-40693)
506	0.117884	FalseGround	Unlabelled	SPOkGoodGood	Alarm(_G_-ENTRY,locale_charset-40155)
507	0.117884	FalseGround	Unlabelled	SPOkGoodGood	Alarm(_G_-ENTRY,locale_charset-40156)
508	0.117884	FalseGround	Unlabelled	SPOkGoodGood	Alarm(_G_-ENTRY,locale_charset-40159)
509	0.117884	FalseGround	Unlabelled	SPOkGoodGood	Alarm(_G_-ENTRY,locale_charset-40160)
510	0.117884	FalseGround	Unlabelled	SPOkGoodGood	Alarm(_G_-ENTRY,locale_charset-40161)
511	0.117884	FalseGround	Unlabelled	SPOkGoodGood	Alarm(_G_-ENTRY,locale_charset-40162)
512	0.117295	FalseGround	Unlabelled	SPOkGoodGood	Alarm(_G_-ENTRY,exclude_fnmatch-42794)
513	0.117295	FalseGround	Unlabelled	SPOkGoodGood	Alarm(_G_-ENTRY,exclude_fnmatch-42795)
514	0.117295	FalseGround	Unlabelled	SPOkGoodGood	Alarm(_G_-ENTRY,exclude_fnmatch-42798)
515	0.117295	FalseGround	Unlabelled	SPOkGoodGood	Alarm(_G_-ENTRY,exclude_fnmatch-42799)
516	0.117295	FalseGround	Unlabelled	SPOkGoodGood	Alarm(_G_-ENTRY,exclude_fnmatch-42800)
517	0.117295	FalseGround	Unlabelled	SPOkGoodGood	Alarm(_G_-ENTRY,exclude_fnmatch-42801)
518	0.115104	FalseGround	Unlabelled	SPOkGoodGood	Alarm(_G_-ENTRY,mb_goback-54764)
519	0.109772	FalseGround	Unlabelled	SPOkGoodGood	Alarm(_G_-ENTRY,hash_find_entry-40535)
520	0.109772	FalseGround	Unlabelled	SPOkGoodGood	Alarm(_G_-ENTRY,hash_find_entry-40536)
521	0.109772	FalseGround	Unlabelled	SPOkGoodGood	Alarm(_G_-ENTRY,hash_find_entry-40537)
522	0.109772	FalseGround	Unlabelled	SPOkGoodGood	Alarm(_G_-ENTRY,hash_find_entry-40538)
523	0.109772	FalseGround	Unlabelled	SPOkGoodGood	Alarm(_G_-ENTRY,hash_find_entry-40543)
524	0.109772	FalseGround	Unlabelled	SPOkGoodGood	Alarm(_G_-ENTRY,hash_find_entry-40544)
525	0.109419	FalseGround	Unlabelled	SPOkGoodGood	Alarm(_G_-ENTRY,Fexecute-44148)
526	0.109419	FalseGround	Unlabelled	SPOkGoodGood	Alarm(_G_-ENTRY,Fexecute-44149)
527	0.109419	FalseGround	Unlabelled	SPOkGoodGood	Alarm(_G_-ENTRY,argmatch_valid-43722)
528	0.109419	FalseGround	Unlabelled	SPOkGoodGood	Alarm(_G_-ENTRY,argmatch_valid-43723)
529	0.109419	FalseGround	Unlabelled	SPOkGoodGood	Alarm(_G_-ENTRY,check_matching_with_multibyte_ops-50731)
530	0.109419	FalseGround	Unlabelled	SPOkGoodGood	Alarm(_G_-ENTRY,check_matching_with_multibyte_ops-50732)
531	0.109419	FalseGround	Unlabelled	SPOkGoodGood	Alarm(_G_-ENTRY,comsubs-52399)
532	0.109419	FalseGround	Unlabelled	SPOkGoodGood	Alarm(_G_-ENTRY,comsubs-52400)
533	0.109419	FalseGround	Unlabelled	SPOkGoodGood	Alarm(_G_-ENTRY,comsubs-52401)
534	0.109419	FalseGround	Unlabelled	SPOkGoodGood	Alarm(_G_-ENTRY,comsubs-52402)
535	0.109419	FalseGround	Unlabelled	SPOkGoodGood	Alarm(_G_-ENTRY,enlist-52300)
536	0.109419	FalseGround	Unlabelled	SPOkGoodGood	Alarm(_G_-ENTRY,enlist-52301)
537	0.109419	FalseGround	Unlabelled	SPOkGoodGood	Alarm(_G_-ENTRY,enlist-52304)
538	0.109419	FalseGround	Unlabelled	SPOkGoodGood	Alarm(_G_-ENTRY,enlist-52305)
539	0.109419	FalseGround	Unlabelled	SPOkGoodGood	Alarm(_G_-ENTRY,epsclosure-48520)
540	0.109419	FalseGround	Unlabelled	SPOkGoodGood	Alarm(_G_-ENTRY,epsclosure-48521)
541	0.109419	FalseGround	Unlabelled	SPOkGoodGood	Alarm(_G_-ENTRY,epsclosure-48522)
542	0.109419	FalseGround	Unlabelled	SPOkGoodGood	Alarm(_G_-ENTRY,epsclosure-48523)
543	0.109419	FalseGround	Unlabelled	SPOkGoodGood	Alarm(_G_-ENTRY,epsclosure-48524)
544	0.109419	FalseGround	Unlabelled	SPOkGoodGood	Alarm(_G_-ENTRY,epsclosure-48525)
545	0.109419	FalseGround	Unlabelled	SPOkGoodGood	Alarm(_G_-ENTRY,epsclosure-48526)
546	0.109419	FalseGround	Unlabelled	SPOkGoodGood	Alarm(_G_-ENTRY,epsclosure-48527)
547	0.109419	FalseGround	Unlabelled	SPOkGoodGood	Alarm(_G_-ENTRY,epsclosure-48528)
548	0.109419	FalseGround	Unlabelled	SPOkGoodGood	Alarm(_G_-ENTRY,epsclosure-48529)
549	0.109419	FalseGround	Unlabelled	SPOkGoodGood	Alarm(_G_-ENTRY,find_pred-45844)
550	0.109419	FalseGround	Unlabelled	SPOkGoodGood	Alarm(_G_-ENTRY,find_pred-45845)
551	0.109419	FalseGround	Unlabelled	SPOkGoodGood	Alarm(_G_-ENTRY,fts_maxarglen-42330)
552	0.109419	FalseGround	Unlabelled	SPOkGoodGood	Alarm(_G_-ENTRY,fts_maxarglen-42331)
553	0.109419	FalseGround	Unlabelled	SPOkGoodGood	Alarm(_G_-ENTRY,get_charset_aliases-40019)
554	0.109419	FalseGround	Unlabelled	SPOkGoodGood	Alarm(_G_-ENTRY,get_charset_aliases-40020)
555	0.109419	FalseGround	Unlabelled	SPOkGoodGood	Alarm(_G_-ENTRY,inboth-52492)
556	0.109419	FalseGround	Unlabelled	SPOkGoodGood	Alarm(_G_-ENTRY,inboth-52493)
557	0.109419	FalseGround	Unlabelled	SPOkGoodGood	Alarm(_G_-ENTRY,inboth-52494)
558	0.109419	FalseGround	Unlabelled	SPOkGoodGood	Alarm(_G_-ENTRY,inboth-52495)
559	0.109419	FalseGround	Unlabelled	SPOkGoodGood	Alarm(_G_-ENTRY,knuth_morris_pratt-39252)
560	0.109419	FalseGround	Unlabelled	SPOkGoodGood	Alarm(_G_-ENTRY,knuth_morris_pratt-39253)
561	0.109419	FalseGround	Unlabelled	SPOkGoodGood	Alarm(_G_-ENTRY,knuth_morris_pratt-39254)
562	0.109419	FalseGround	Unlabelled	SPOkGoodGood	Alarm(_G_-ENTRY,knuth_morris_pratt-39255)
563	0.109419	FalseGround	Unlabelled	SPOkGoodGood	Alarm(_G_-ENTRY,knuth_morris_pratt_multibyte-39348)
564	0.109419	FalseGround	Unlabelled	SPOkGoodGood	Alarm(_G_-ENTRY,knuth_morris_pratt_multibyte-39349)
565	0.109419	FalseGround	Unlabelled	SPOkGoodGood	Alarm(_G_-ENTRY,knuth_morris_pratt_multibyte-39350)
566	0.109419	FalseGround	Unlabelled	SPOkGoodGood	Alarm(_G_-ENTRY,knuth_morris_pratt_multibyte-39351)
567	0.109419	FalseGround	Unlabelled	SPOkGoodGood	Alarm(_G_-ENTRY,knuth_morris_pratt_multibyte-39352)
568	0.109419	FalseGround	Unlabelled	SPOkGoodGood	Alarm(_G_-ENTRY,knuth_morris_pratt_multibyte-39353)
569	0.109419	FalseGround	Unlabelled	SPOkGoodGood	Alarm(_G_-ENTRY,kwsincr-44297)
570	0.109419	FalseGround	Unlabelled	SPOkGoodGood	Alarm(_G_-ENTRY,kwsincr-44298)
571	0.109419	FalseGround	Unlabelled	SPOkGoodGood	Alarm(_G_-ENTRY,kwsincr-44301)
572	0.109419	FalseGround	Unlabelled	SPOkGoodGood	Alarm(_G_-ENTRY,kwsincr-44302)
573	0.109419	FalseGround	Unlabelled	SPOkGoodGood	Alarm(_G_-ENTRY,kwsincr-44305)
574	0.109419	FalseGround	Unlabelled	SPOkGoodGood	Alarm(_G_-ENTRY,kwsincr-44306)
575	0.109419	FalseGround	Unlabelled	SPOkGoodGood	Alarm(_G_-ENTRY,kwsincr-44313)
576	0.109419	FalseGround	Unlabelled	SPOkGoodGood	Alarm(_G_-ENTRY,kwsincr-44314)
577	0.109419	FalseGround	Unlabelled	SPOkGoodGood	Alarm(_G_-ENTRY,kwsincr-44315)
578	0.109419	FalseGround	Unlabelled	SPOkGoodGood	Alarm(_G_-ENTRY,kwsincr-44316)
579	0.109419	FalseGround	Unlabelled	SPOkGoodGood	Alarm(_G_-ENTRY,kwsincr-44321)
580	0.109419	FalseGround	Unlabelled	SPOkGoodGood	Alarm(_G_-ENTRY,kwsincr-44322)
581	0.109419	FalseGround	Unlabelled	SPOkGoodGood	Alarm(_G_-ENTRY,kwsincr-44323)
582	0.109419	FalseGround	Unlabelled	SPOkGoodGood	Alarm(_G_-ENTRY,kwsincr-44324)
583	0.109419	FalseGround	Unlabelled	SPOkGoodGood	Alarm(_G_-ENTRY,kwsincr-44329)
584	0.109419	FalseGround	Unlabelled	SPOkGoodGood	Alarm(_G_-ENTRY,kwsincr-44330)
585	0.109419	FalseGround	Unlabelled	SPOkGoodGood	Alarm(_G_-ENTRY,lex-47250)
586	0.109419	FalseGround	Unlabelled	SPOkGoodGood	Alarm(_G_-ENTRY,lex-47251)
587	0.109419	FalseGround	Unlabelled	SPOkGoodGood	Alarm(_G_-ENTRY,lex-47254)
588	0.109419	FalseGround	Unlabelled	SPOkGoodGood	Alarm(_G_-ENTRY,lex-47255)
589	0.109419	FalseGround	Unlabelled	SPOkGoodGood	Alarm(_G_-ENTRY,lex-47256)
590	0.109419	FalseGround	Unlabelled	SPOkGoodGood	Alarm(_G_-ENTRY,lex-47257)
591	0.109419	FalseGround	Unlabelled	SPOkGoodGood	Alarm(_G_-ENTRY,lex-47264)
592	0.109419	FalseGround	Unlabelled	SPOkGoodGood	Alarm(_G_-ENTRY,lex-47265)
593	0.109419	FalseGround	Unlabelled	SPOkGoodGood	Alarm(_G_-ENTRY,lex-47268)
594	0.109419	FalseGround	Unlabelled	SPOkGoodGood	Alarm(_G_-ENTRY,lex-47269)
595	0.109419	FalseGround	Unlabelled	SPOkGoodGood	Alarm(_G_-ENTRY,lex-47270)
596	0.109419	FalseGround	Unlabelled	SPOkGoodGood	Alarm(_G_-ENTRY,lex-47271)
597	0.109419	FalseGround	Unlabelled	SPOkGoodGood	Alarm(_G_-ENTRY,lex-47278)
598	0.109419	FalseGround	Unlabelled	SPOkGoodGood	Alarm(_G_-ENTRY,lex-47279)
599	0.109419	FalseGround	Unlabelled	SPOkGoodGood	Alarm(_G_-ENTRY,main-57466)
600	0.109419	FalseGround	Unlabelled	SPOkGoodGood	Alarm(_G_-ENTRY,main-57467)
601	0.109419	FalseGround	Unlabelled	SPOkGoodGood	Alarm(_G_-ENTRY,match_mb_charset-50660)
602	0.109419	FalseGround	Unlabelled	SPOkGoodGood	Alarm(_G_-ENTRY,match_mb_charset-50661)
603	0.109419	FalseGround	Unlabelled	SPOkGoodGood	Alarm(_G_-ENTRY,match_mb_charset-50664)
604	0.109419	FalseGround	Unlabelled	SPOkGoodGood	Alarm(_G_-ENTRY,match_mb_charset-50665)
605	0.109419	FalseGround	Unlabelled	SPOkGoodGood	Alarm(_G_-ENTRY,match_mb_charset-50668)
606	0.109419	FalseGround	Unlabelled	SPOkGoodGood	Alarm(_G_-ENTRY,match_mb_charset-50669)
607	0.109419	FalseGround	Unlabelled	SPOkGoodGood	Alarm(_G_-ENTRY,match_mb_charset-50670)
608	0.109419	FalseGround	Unlabelled	SPOkGoodGood	Alarm(_G_-ENTRY,match_mb_charset-50671)
609	0.109419	FalseGround	Unlabelled	SPOkGoodGood	Alarm(_G_-ENTRY,match_mb_charset-50672)
610	0.109419	FalseGround	Unlabelled	SPOkGoodGood	Alarm(_G_-ENTRY,match_mb_charset-50673)
611	0.109419	FalseGround	Unlabelled	SPOkGoodGood	Alarm(_G_-ENTRY,match_mb_charset-50674)
612	0.109419	FalseGround	Unlabelled	SPOkGoodGood	Alarm(_G_-ENTRY,match_mb_charset-50675)
613	0.109419	FalseGround	Unlabelled	SPOkGoodGood	Alarm(_G_-ENTRY,match_mb_charset-50676)
614	0.109419	FalseGround	Unlabelled	SPOkGoodGood	Alarm(_G_-ENTRY,match_mb_charset-50677)
615	0.109419	FalseGround	Unlabelled	SPOkGoodGood	Alarm(_G_-ENTRY,parse_grep_colors-56360)
616	0.109419	FalseGround	Unlabelled	SPOkGoodGood	Alarm(_G_-ENTRY,parse_grep_colors-56361)
617	0.109419	FalseGround	Unlabelled	SPOkGoodGood	Alarm(_G_-ENTRY,prepend_args-56229)
618	0.109419	FalseGround	Unlabelled	SPOkGoodGood	Alarm(_G_-ENTRY,prepend_args-56230)
619	0.109419	FalseGround	Unlabelled	SPOkGoodGood	Alarm(_G_-ENTRY,prline-55301)
620	0.109419	FalseGround	Unlabelled	SPOkGoodGood	Alarm(_G_-ENTRY,prline-55302)
621	0.109419	FalseGround	Unlabelled	SPOkGoodGood	Alarm(_G_-ENTRY,prline-55303)
622	0.109419	FalseGround	Unlabelled	SPOkGoodGood	Alarm(_G_-ENTRY,prline-55304)
623	0.109419	FalseGround	Unlabelled	SPOkGoodGood	Alarm(_G_-ENTRY,prline-55309)
624	0.109419	FalseGround	Unlabelled	SPOkGoodGood	Alarm(_G_-ENTRY,prline-55310)
625	0.109419	FalseGround	Unlabelled	SPOkGoodGood	Alarm(_G_-ENTRY,prline-55313)
626	0.109419	FalseGround	Unlabelled	SPOkGoodGood	Alarm(_G_-ENTRY,prline-55314)
627	0.109419	FalseGround	Unlabelled	SPOkGoodGood	Alarm(_G_-ENTRY,state_index-48387)
628	0.109419	FalseGround	Unlabelled	SPOkGoodGood	Alarm(_G_-ENTRY,state_index-48388)
629	0.109419	FalseGround	Unlabelled	SPOkGoodGood	Alarm(_G_-ENTRY,state_index-48391)
630	0.109419	FalseGround	Unlabelled	SPOkGoodGood	Alarm(_G_-ENTRY,state_index-48392)
631	0.109419	FalseGround	Unlabelled	SPOkGoodGood	Alarm(_G_-ENTRY,state_index-48423)
632	0.109419	FalseGround	Unlabelled	SPOkGoodGood	Alarm(_G_-ENTRY,state_index-48424)
633	0.109419	FalseGround	Unlabelled	SPOkGoodGood	Alarm(_G_-ENTRY,transit_state-51384)
634	0.109419	FalseGround	Unlabelled	SPOkGoodGood	Alarm(_G_-ENTRY,transit_state-51385)
635	0.109419	FalseGround	Unlabelled	SPOkGoodGood	Alarm(_G_-ENTRY,transit_state_consume_1char-50751)
636	0.109419	FalseGround	Unlabelled	SPOkGoodGood	Alarm(_G_-ENTRY,transit_state_consume_1char-50752)
637	0.109419	FalseGround	Unlabelled	SPOkGoodGood	Alarm(_G_-ENTRY,transit_state_consume_1char-50755)
638	0.109419	FalseGround	Unlabelled	SPOkGoodGood	Alarm(_G_-ENTRY,transit_state_consume_1char-50756)
639	0.105218	FalseGround	Unlabelled	SPOkGoodGood	Alarm(_G_-ENTRY,add_exclude_fp-43125)
640	0.105218	FalseGround	Unlabelled	SPOkGoodGood	Alarm(_G_-ENTRY,hash_find_entry-40557)
641	0.105218	FalseGround	Unlabelled	SPOkGoodGood	Alarm(_G_-ENTRY,hash_find_entry-40564)
642	0.104625	FalseGround	Unlabelled	SPOkGoodGood	Alarm(_G_-ENTRY,reset-54973)
643	0.101773	FalseGround	Unlabelled	SPOkGoodGood	Alarm(_G_-ENTRY,cwexec-45024)
644	0.100416	FalseGround	Unlabelled	SPOkGoodGood	Alarm(_G_-ENTRY,cwexec-44990)
645	0.0985943	FalseGround	Unlabelled	SPOkGoodGood	Alarm(_G_-ENTRY,transit_state-51528)
646	0.0985943	FalseGround	Unlabelled	SPOkGoodGood	Alarm(_G_-ENTRY,transit_state-51529)
647	0.0985943	FalseGround	Unlabelled	SPOkGoodGood	Alarm(_G_-ENTRY,transit_state-51627)
648	0.0985943	FalseGround	Unlabelled	SPOkGoodGood	Alarm(_G_-ENTRY,transit_state-51628)
649	0.0852263	FalseGround	Unlabelled	SPOkGoodGood	Alarm(_G_-ENTRY,add_exclude_fp-43065)
650	0.0852263	FalseGround	Unlabelled	SPOkGoodGood	Alarm(_G_-ENTRY,add_exclude_fp-43066)
651	0.0772286	FalseGround	Unlabelled	SPOkGoodGood	Alarm(_G_-ENTRY,cwexec-45001)
652	0.0767963	FalseGround	Unlabelled	SPOkGoodGood	Alarm(_G_-ENTRY,mbsstr_trimmed_wordbounded-38654)
653	0.0767963	FalseGround	Unlabelled	SPOkGoodGood	Alarm(_G_-ENTRY,mbsstr_trimmed_wordbounded-38655)
654	0.074978	FalseGround	Unlabelled	SPOkGoodGood	Alarm(_G_-ENTRY,prepend_default_options-56308)
655	0.0738901	FalseGround	Unlabelled	SPOkGoodGood	Alarm(_G_-ENTRY,prepend_args-56257)
656	0.0730787	FalseGround	Unlabelled	SPOkGoodGood	Alarm(_G_-ENTRY,hash_find_entry-40559)
657	0.0664511	FalseGround	Unlabelled	SPOkGoodGood	Alarm(_G_-ENTRY,fnmatch_no_wildcards-42776)
658	0.0664511	FalseGround	Unlabelled	SPOkGoodGood	Alarm(_G_-ENTRY,resetmust-52679)
659	0.0645533	FalseGround	Unlabelled	SPOkGoodGood	Alarm(_G_-ENTRY,dfastate-49771)
660	0.0628493	FalseGround	Unlabelled	SPOkGoodGood	Alarm(_G_-ENTRY,dfaexec-51810)
661	0.0628493	FalseGround	Unlabelled	SPOkGoodGood	Alarm(_G_-ENTRY,dfaexec-51818)
662	0.0628493	FalseGround	Unlabelled	SPOkGoodGood	Alarm(_G_-ENTRY,istrstr-52207)
663	0.0628493	FalseGround	Unlabelled	SPOkGoodGood	Alarm(_G_-ENTRY,mbs_to_wchar-45582)
664	0.0628493	FalseGround	Unlabelled	SPOkGoodGood	Alarm(_G_-ENTRY,parse_bracket_exp-46633)
665	0.0628493	FalseGround	Unlabelled	SPOkGoodGood	Alarm(_G_-ENTRY,transit_state-51428)
666	0.0607322	FalseGround	Unlabelled	SPOkGoodGood	Alarm(_G_-ENTRY,prepend_default_options-56269)
667	0.0607322	FalseGround	Unlabelled	SPOkGoodGood	Alarm(_G_-ENTRY,prepend_default_options-56270)
668	0.0522882	FalseGround	Unlabelled	SPOkGoodGood	Alarm(_G_-ENTRY,dfastate-49647)
669	0.0522882	FalseGround	Unlabelled	SPOkGoodGood	Alarm(_G_-ENTRY,dfastate-49648)
670	0.0509079	FalseGround	Unlabelled	SPOkGoodGood	Alarm(_G_-ENTRY,dfaexec-51729)
671	0.0509079	FalseGround	Unlabelled	SPOkGoodGood	Alarm(_G_-ENTRY,dfaexec-51730)
672	0.0509079	FalseGround	Unlabelled	SPOkGoodGood	Alarm(_G_-ENTRY,dfaexec-51731)
673	0.0509079	FalseGround	Unlabelled	SPOkGoodGood	Alarm(_G_-ENTRY,dfaexec-51732)
674	0.0509079	FalseGround	Unlabelled	SPOkGoodGood	Alarm(_G_-ENTRY,istrstr-52201)
675	0.0509079	FalseGround	Unlabelled	SPOkGoodGood	Alarm(_G_-ENTRY,istrstr-52202)
676	0.0484429	FalseGround	Unlabelled	SPOkGoodGood	Alarm(_G_-ENTRY,cwexec-45025)
677	0.0471013	FalseGround	Unlabelled	SPOkGoodGood	Alarm(_G_-ENTRY,addtok_wc-47804)
678	0.0471013	FalseGround	Unlabelled	SPOkGoodGood	Alarm(_G_-ENTRY,c_strcasecmp-43500)
679	0.0471013	FalseGround	Unlabelled	SPOkGoodGood	Alarm(_G_-ENTRY,c_strcasecmp-43502)
680	0.0471013	FalseGround	Unlabelled	SPOkGoodGood	Alarm(_G_-ENTRY,cwexec-45015)
681	0.0471013	FalseGround	Unlabelled	SPOkGoodGood	Alarm(_G_-ENTRY,dfaexec-51823)
682	0.0471013	FalseGround	Unlabelled	SPOkGoodGood	Alarm(_G_-ENTRY,dfaexec-51826)
683	0.0471013	FalseGround	Unlabelled	SPOkGoodGood	Alarm(_G_-ENTRY,dfaexec-51827)
684	0.0471013	FalseGround	Unlabelled	SPOkGoodGood	Alarm(_G_-ENTRY,dfaexec-51833)
685	0.0471013	FalseGround	Unlabelled	SPOkGoodGood	Alarm(_G_-ENTRY,fgrep_to_grep_pattern-56489)
686	0.0471013	FalseGround	Unlabelled	SPOkGoodGood	Alarm(_G_-ENTRY,fgrep_to_grep_pattern-56494)
687	0.0471013	FalseGround	Unlabelled	SPOkGoodGood	Alarm(_G_-ENTRY,fgrep_to_grep_pattern-56503)
688	0.0471013	FalseGround	Unlabelled	SPOkGoodGood	Alarm(_G_-ENTRY,fillbuf-55048)
689	0.0471013	FalseGround	Unlabelled	SPOkGoodGood	Alarm(_G_-ENTRY,fillbuf-55049)
690	0.0471013	FalseGround	Unlabelled	SPOkGoodGood	Alarm(_G_-ENTRY,hash_insert_if_absent-40718)
691	0.0471013	FalseGround	Unlabelled	SPOkGoodGood	Alarm(_G_-ENTRY,hash_lookup-37495)
692	0.0471013	FalseGround	Unlabelled	SPOkGoodGood	Alarm(_G_-ENTRY,hash_lookup-37501)
693	0.0471013	FalseGround	Unlabelled	SPOkGoodGood	Alarm(_G_-ENTRY,hash_lookup-40294)
694	0.0471013	FalseGround	Unlabelled	SPOkGoodGood	Alarm(_G_-ENTRY,hash_lookup-40295)
695	0.0471013	FalseGround	Unlabelled	SPOkGoodGood	Alarm(_G_-ENTRY,lex-47497)
696	0.0471013	FalseGround	Unlabelled	SPOkGoodGood	Alarm(_G_-ENTRY,lex-47499)
697	0.0471013	FalseGround	Unlabelled	SPOkGoodGood	Alarm(_G_-ENTRY,lex-47504)
698	0.0471013	FalseGround	Unlabelled	SPOkGoodGood	Alarm(_G_-ENTRY,memchr2-39228)
699	0.0471013	FalseGround	Unlabelled	SPOkGoodGood	Alarm(_G_-ENTRY,memchr2-39229)
700	0.0471013	FalseGround	Unlabelled	SPOkGoodGood	Alarm(_G_-ENTRY,parse_bracket_exp-46646)
701	0.0471013	FalseGround	Unlabelled	SPOkGoodGood	Alarm(_G_-ENTRY,parse_bracket_exp-46697)
702	0.0471013	FalseGround	Unlabelled	SPOkGoodGood	Alarm(_G_-ENTRY,parse_bracket_exp-46761)
703	0.0471013	FalseGround	Unlabelled	SPOkGoodGood	Alarm(_G_-ENTRY,parse_bracket_exp-46888)
704	0.0471013	FalseGround	Unlabelled	SPOkGoodGood	Alarm(_G_-ENTRY,prepend_args-56253)
705	0.0471013	FalseGround	Unlabelled	SPOkGoodGood	Alarm(_G_-ENTRY,prepend_args-56254)
706	0.0471013	FalseGround	Unlabelled	SPOkGoodGood	Alarm(_G_-ENTRY,prepend_args-56258)
707	0.0471013	FalseGround	Unlabelled	SPOkGoodGood	Alarm(_G_-ENTRY,transfer_entries-40617)
708	0.0471013	FalseGround	Unlabelled	SPOkGoodGood	Alarm(_G_-ENTRY,xmemdup-36567)
709	0.0451293	FalseGround	Unlabelled	SPOkGoodGood	Alarm(_G_-ENTRY,kwsmusts-45123)
710	0.0446302	FalseGround	Unlabelled	SPOkGoodGood	Alarm(_G_-ENTRY,file_is_binary-54875)
711	0.0446302	FalseGround	Unlabelled	SPOkGoodGood	Alarm(_G_-ENTRY,file_is_binary-54876)
712	0.0433982	FalseGround	Unlabelled	SPOkGoodGood	Alarm(_G_-ENTRY,kwsincr-44343)
713	0.0433982	FalseGround	Unlabelled	SPOkGoodGood	Alarm(_G_-ENTRY,prepend_args-56262)
714	0.0420398	TrueGround	Unlabelled	SPOkGoodGood	Alarm(_G_-ENTRY,bmexec_trans-44871)
715	0.0412334	FalseGround	Unlabelled	SPOkGoodGood	Alarm(_G_-ENTRY,do_execute-55483)
716	0.0412334	FalseGround	Unlabelled	SPOkGoodGood	Alarm(_G_-ENTRY,prepend_default_options-56309)
717	0.038152	FalseGround	Unlabelled	SPOkGoodGood	Alarm(_G_-ENTRY,hash_lookup-40283)
718	0.038152	FalseGround	Unlabelled	SPOkGoodGood	Alarm(_G_-ENTRY,hash_lookup-40284)
719	0.038152	FalseGround	Unlabelled	SPOkGoodGood	Alarm(_G_-ENTRY,hash_lookup-40287)
720	0.038152	FalseGround	Unlabelled	SPOkGoodGood	Alarm(_G_-ENTRY,hash_lookup-40288)
721	0.038152	FalseGround	Unlabelled	SPOkGoodGood	Alarm(_G_-ENTRY,lex-47340)
722	0.038152	FalseGround	Unlabelled	SPOkGoodGood	Alarm(_G_-ENTRY,lex-47341)
723	0.038152	FalseGround	Unlabelled	SPOkGoodGood	Alarm(_G_-ENTRY,lex-47344)
724	0.038152	FalseGround	Unlabelled	SPOkGoodGood	Alarm(_G_-ENTRY,lex-47345)
725	0.038152	FalseGround	Unlabelled	SPOkGoodGood	Alarm(_G_-ENTRY,lex-47348)
726	0.038152	FalseGround	Unlabelled	SPOkGoodGood	Alarm(_G_-ENTRY,lex-47349)
727	0.038152	FalseGround	Unlabelled	SPOkGoodGood	Alarm(_G_-ENTRY,lex-47354)
728	0.038152	FalseGround	Unlabelled	SPOkGoodGood	Alarm(_G_-ENTRY,lex-47355)
729	0.038152	FalseGround	Unlabelled	SPOkGoodGood	Alarm(_G_-ENTRY,lex-47364)
730	0.038152	FalseGround	Unlabelled	SPOkGoodGood	Alarm(_G_-ENTRY,lex-47365)
731	0.038152	FalseGround	Unlabelled	SPOkGoodGood	Alarm(_G_-ENTRY,lex-47368)
732	0.038152	FalseGround	Unlabelled	SPOkGoodGood	Alarm(_G_-ENTRY,lex-47369)
733	0.038152	FalseGround	Unlabelled	SPOkGoodGood	Alarm(_G_-ENTRY,locale_charset-40163)
734	0.038152	FalseGround	Unlabelled	SPOkGoodGood	Alarm(_G_-ENTRY,locale_charset-40164)
735	0.038152	FalseGround	Unlabelled	SPOkGoodGood	Alarm(_G_-ENTRY,parse_bracket_exp-46405)
736	0.038152	FalseGround	Unlabelled	SPOkGoodGood	Alarm(_G_-ENTRY,parse_bracket_exp-46406)
737	0.038152	FalseGround	Unlabelled	SPOkGoodGood	Alarm(_G_-ENTRY,prepend_args-56235)
738	0.038152	FalseGround	Unlabelled	SPOkGoodGood	Alarm(_G_-ENTRY,prepend_args-56236)
739	0.0377916	FalseGround	Unlabelled	SPOkGoodGood	Alarm(_G_-ENTRY,kwsincr-44344)
740	0.0361226	FalseGround	Unlabelled	SPOkGoodGood	Alarm(_G_-ENTRY,get_nondigit_option-56346)
741	0.036087	FalseGround	Unlabelled	SPOkGoodGood	Alarm(_G_-ENTRY,kwsmusts-45126)
742	0.0353149	FalseGround	Unlabelled	SPOkGoodGood	Alarm(_G_-ENTRY,dfastate-49655)
743	0.0353149	FalseGround	Unlabelled	SPOkGoodGood	Alarm(_G_-ENTRY,dfastate-49656)
744	0.0353149	FalseGround	Unlabelled	SPOkGoodGood	Alarm(_G_-ENTRY,dfastate-49659)
745	0.0353149	FalseGround	Unlabelled	SPOkGoodGood	Alarm(_G_-ENTRY,dfastate-49660)
746	0.0353149	FalseGround	Unlabelled	SPOkGoodGood	Alarm(_G_-ENTRY,dfastate-49663)
747	0.0353149	FalseGround	Unlabelled	SPOkGoodGood	Alarm(_G_-ENTRY,dfastate-49664)
748	0.0343368	FalseGround	Unlabelled	SPOkGoodGood	Alarm(_G_-ENTRY,check_matching_with_multibyte_ops-50739)
749	0.0343368	FalseGround	Unlabelled	SPOkGoodGood	Alarm(_G_-ENTRY,match_mb_charset-50697)
750	0.0343368	FalseGround	Unlabelled	SPOkGoodGood	Alarm(_G_-ENTRY,match_mb_charset-50705)
751	0.0343368	FalseGround	Unlabelled	SPOkGoodGood	Alarm(_G_-ENTRY,nlscan-55116)
752	0.0308018	FalseGround	Unlabelled	SPOkGoodGood	Alarm(_G_-ENTRY,build_state_zero-50545)
753	0.0308018	FalseGround	Unlabelled	SPOkGoodGood	Alarm(_G_-ENTRY,build_state_zero-50546)
754	0.0285079	FalseGround	Unlabelled	SPOkGoodGood	Alarm(_G_-ENTRY,fnmatch_pattern_has_wildcards-42556)
755	0.0285079	FalseGround	Unlabelled	SPOkGoodGood	Alarm(_G_-ENTRY,fnmatch_pattern_has_wildcards-42557)
756	0.0285079	FalseGround	Unlabelled	SPOkGoodGood	Alarm(_G_-ENTRY,fnmatch_pattern_has_wildcards-42558)
757	0.0285079	FalseGround	Unlabelled	SPOkGoodGood	Alarm(_G_-ENTRY,fnmatch_pattern_has_wildcards-42559)
758	0.0285079	FalseGround	Unlabelled	SPOkGoodGood	Alarm(_G_-ENTRY,fnmatch_pattern_has_wildcards-42560)
759	0.0285079	FalseGround	Unlabelled	SPOkGoodGood	Alarm(_G_-ENTRY,fnmatch_pattern_has_wildcards-42561)
760	0.0285079	FalseGround	Unlabelled	SPOkGoodGood	Alarm(_G_-ENTRY,fnmatch_pattern_has_wildcards-42562)
761	0.0285079	FalseGround	Unlabelled	SPOkGoodGood	Alarm(_G_-ENTRY,fnmatch_pattern_has_wildcards-42563)
762	0.0285079	FalseGround	Unlabelled	SPOkGoodGood	Alarm(_G_-ENTRY,fnmatch_pattern_has_wildcards-42564)
763	0.0285079	FalseGround	Unlabelled	SPOkGoodGood	Alarm(_G_-ENTRY,fnmatch_pattern_has_wildcards-42565)
764	0.0285079	FalseGround	Unlabelled	SPOkGoodGood	Alarm(_G_-ENTRY,fnmatch_pattern_has_wildcards-42566)
765	0.0285079	FalseGround	Unlabelled	SPOkGoodGood	Alarm(_G_-ENTRY,fnmatch_pattern_has_wildcards-42567)
766	0.0285079	FalseGround	Unlabelled	SPOkGoodGood	Alarm(_G_-ENTRY,fnmatch_pattern_has_wildcards-42568)
767	0.0285079	FalseGround	Unlabelled	SPOkGoodGood	Alarm(_G_-ENTRY,fnmatch_pattern_has_wildcards-42569)
768	0.0285079	FalseGround	Unlabelled	SPOkGoodGood	Alarm(_G_-ENTRY,fnmatch_pattern_has_wildcards-42570)
769	0.0285079	FalseGround	Unlabelled	SPOkGoodGood	Alarm(_G_-ENTRY,fnmatch_pattern_has_wildcards-42571)
770	0.0285079	FalseGround	Unlabelled	SPOkGoodGood	Alarm(_G_-ENTRY,fnmatch_pattern_has_wildcards-42572)
771	0.0285079	FalseGround	Unlabelled	SPOkGoodGood	Alarm(_G_-ENTRY,fnmatch_pattern_has_wildcards-42573)
772	0.0285079	FalseGround	Unlabelled	SPOkGoodGood	Alarm(_G_-ENTRY,fnmatch_pattern_has_wildcards-42574)
773	0.0285079	FalseGround	Unlabelled	SPOkGoodGood	Alarm(_G_-ENTRY,fnmatch_pattern_has_wildcards-42575)
774	0.0285079	FalseGround	Unlabelled	SPOkGoodGood	Alarm(_G_-ENTRY,fnmatch_pattern_has_wildcards-42576)
775	0.0285079	FalseGround	Unlabelled	SPOkGoodGood	Alarm(_G_-ENTRY,fnmatch_pattern_has_wildcards-42577)
776	0.0285079	FalseGround	Unlabelled	SPOkGoodGood	Alarm(_G_-ENTRY,fnmatch_pattern_has_wildcards-42578)
777	0.0285079	FalseGround	Unlabelled	SPOkGoodGood	Alarm(_G_-ENTRY,fnmatch_pattern_has_wildcards-42579)
778	0.0285079	FalseGround	Unlabelled	SPOkGoodGood	Alarm(_G_-ENTRY,fnmatch_pattern_has_wildcards-42580)
779	0.0285079	FalseGround	Unlabelled	SPOkGoodGood	Alarm(_G_-ENTRY,fnmatch_pattern_has_wildcards-42581)
780	0.0278128	FalseGround	Unlabelled	SPOkGoodGood	Alarm(_G_-ENTRY,delete-48372)
781	0.0278128	FalseGround	Unlabelled	SPOkGoodGood	Alarm(_G_-ENTRY,delete-48373)
782	0.0278128	FalseGround	Unlabelled	SPOkGoodGood	Alarm(_G_-ENTRY,dfaanalyze-48931)
783	0.0278128	FalseGround	Unlabelled	SPOkGoodGood	Alarm(_G_-ENTRY,dfaanalyze-48932)
784	0.0278128	FalseGround	Unlabelled	SPOkGoodGood	Alarm(_G_-ENTRY,dfaanalyze-48933)
785	0.0278128	FalseGround	Unlabelled	SPOkGoodGood	Alarm(_G_-ENTRY,dfaanalyze-48934)
786	0.0278128	FalseGround	Unlabelled	SPOkGoodGood	Alarm(_G_-ENTRY,dfaanalyze-48935)
787	0.0278128	FalseGround	Unlabelled	SPOkGoodGood	Alarm(_G_-ENTRY,dfaanalyze-48936)
788	0.0278128	FalseGround	Unlabelled	SPOkGoodGood	Alarm(_G_-ENTRY,dfaanalyze-48937)
789	0.0278128	FalseGround	Unlabelled	SPOkGoodGood	Alarm(_G_-ENTRY,dfaanalyze-48938)
790	0.0278128	FalseGround	Unlabelled	SPOkGoodGood	Alarm(_G_-ENTRY,dfaanalyze-48939)
791	0.0278128	FalseGround	Unlabelled	SPOkGoodGood	Alarm(_G_-ENTRY,dfaanalyze-48940)
792	0.0278128	FalseGround	Unlabelled	SPOkGoodGood	Alarm(_G_-ENTRY,dfaanalyze-48941)
793	0.0278128	FalseGround	Unlabelled	SPOkGoodGood	Alarm(_G_-ENTRY,dfaanalyze-48942)
794	0.0278128	FalseGround	Unlabelled	SPOkGoodGood	Alarm(_G_-ENTRY,dfaanalyze-48945)
795	0.0278128	FalseGround	Unlabelled	SPOkGoodGood	Alarm(_G_-ENTRY,dfaanalyze-48946)
796	0.0278128	FalseGround	Unlabelled	SPOkGoodGood	Alarm(_G_-ENTRY,dfaanalyze-48961)
797	0.0278128	FalseGround	Unlabelled	SPOkGoodGood	Alarm(_G_-ENTRY,dfaanalyze-48962)
798	0.0278128	FalseGround	Unlabelled	SPOkGoodGood	Alarm(_G_-ENTRY,dfaanalyze-48963)
799	0.0278128	FalseGround	Unlabelled	SPOkGoodGood	Alarm(_G_-ENTRY,dfaanalyze-48964)
800	0.0278128	FalseGround	Unlabelled	SPOkGoodGood	Alarm(_G_-ENTRY,dfaanalyze-48965)
801	0.0278128	FalseGround	Unlabelled	SPOkGoodGood	Alarm(_G_-ENTRY,dfaanalyze-48966)
802	0.0278128	FalseGround	Unlabelled	SPOkGoodGood	Alarm(_G_-ENTRY,dfaanalyze-48967)
803	0.0278128	FalseGround	Unlabelled	SPOkGoodGood	Alarm(_G_-ENTRY,dfaanalyze-48968)
804	0.0278128	FalseGround	Unlabelled	SPOkGoodGood	Alarm(_G_-ENTRY,dfaanalyze-48969)
805	0.0278128	FalseGround	Unlabelled	SPOkGoodGood	Alarm(_G_-ENTRY,dfaanalyze-48970)
806	0.0251896	FalseGround	Unlabelled	SPOkGoodGood	Alarm(_G_-ENTRY,i_ring_pop-40215)
807	0.0251896	FalseGround	Unlabelled	SPOkGoodGood	Alarm(_G_-ENTRY,i_ring_pop-40216)
808	0.0214468	FalseGround	Unlabelled	SPOkGoodGood	Alarm(_G_-ENTRY,kwsmusts-45127)
809	0.0204298	FalseGround	Unlabelled	SPOkGoodGood	Alarm(_G_-ENTRY,fnmatch_no_wildcards-42780)
810	0.0199638	FalseGround	Unlabelled	SPOkGoodGood	Alarm(_G_-ENTRY,bmexec_trans-44835)
811	0.0193255	FalseGround	Unlabelled	SPOkGoodGood	Alarm(_G_-ENTRY,file_name_matches-42850)
812	0.017812	FalseGround	Unlabelled	SPOkGoodGood	Alarm(_G_-ENTRY,trim2-37153)
813	0.0144277	FalseGround	Unlabelled	SPOkGoodGood	Alarm(_G_-ENTRY,trim2-37099)
814	0.0144277	FalseGround	Unlabelled	SPOkGoodGood	Alarm(_G_-ENTRY,trim2-37100)
815	0.0144277	FalseGround	Unlabelled	SPOkGoodGood	Alarm(_G_-ENTRY,trim2-37101)
816	0.0144277	FalseGround	Unlabelled	SPOkGoodGood	Alarm(_G_-ENTRY,trim2-37102)
817	0.0133028	FalseGround	Unlabelled	SPOkGoodGood	Alarm(_G_-ENTRY,Pexecute-43968)
818	0.0133028	FalseGround	Unlabelled	SPOkGoodGood	Alarm(_G_-ENTRY,addlists-52434)
819	0.0133028	FalseGround	Unlabelled	SPOkGoodGood	Alarm(_G_-ENTRY,cwexec-44981)
820	0.0133028	FalseGround	Unlabelled	SPOkGoodGood	Alarm(_G_-ENTRY,cwexec-44993)
821	0.0133028	FalseGround	Unlabelled	SPOkGoodGood	Alarm(_G_-ENTRY,delete-48381)
822	0.0133028	FalseGround	Unlabelled	SPOkGoodGood	Alarm(_G_-ENTRY,dfaexec-51835)
823	0.0133028	FalseGround	Unlabelled	SPOkGoodGood	Alarm(_G_-ENTRY,dfaexec-51842)
824	0.0133028	FalseGround	Unlabelled	SPOkGoodGood	Alarm(_G_-ENTRY,dfaexec-51847)
825	0.0133028	FalseGround	Unlabelled	SPOkGoodGood	Alarm(_G_-ENTRY,enter_dir-40819)
826	0.0133028	FalseGround	Unlabelled	SPOkGoodGood	Alarm(_G_-ENTRY,match_mb_charset-50688)
827	0.0133028	FalseGround	Unlabelled	SPOkGoodGood	Alarm(_G_-ENTRY,match_mb_charset-50690)
828	0.0133028	FalseGround	Unlabelled	SPOkGoodGood	Alarm(_G_-ENTRY,match_mb_charset-50692)
829	0.0133028	FalseGround	Unlabelled	SPOkGoodGood	Alarm(_G_-ENTRY,mfile_name_concat-42464)
830	0.0133028	FalseGround	Unlabelled	SPOkGoodGood	Alarm(_G_-ENTRY,print_offset-55146)
831	0.0133028	FalseGround	Unlabelled	SPOkGoodGood	Alarm(_G_-ENTRY,prtext-55429)
832	0.0133028	FalseGround	Unlabelled	SPOkGoodGood	Alarm(_G_-ENTRY,strnlen1-37188)
833	0.0133028	FalseGround	Unlabelled	SPOkGoodGood	Alarm(_G_-ENTRY,transit_state_consume_1char-50766)
834	0.0107753	FalseGround	Unlabelled	SPOkGoodGood	Alarm(_G_-ENTRY,addlists-52432)
835	0.0107753	FalseGround	Unlabelled	SPOkGoodGood	Alarm(_G_-ENTRY,addlists-52433)
836	0.0107753	FalseGround	Unlabelled	SPOkGoodGood	Alarm(_G_-ENTRY,dfaexec-51743)
837	0.0107753	FalseGround	Unlabelled	SPOkGoodGood	Alarm(_G_-ENTRY,dfaexec-51744)
838	0.0107753	FalseGround	Unlabelled	SPOkGoodGood	Alarm(_G_-ENTRY,dfaexec-51745)
839	0.0107753	FalseGround	Unlabelled	SPOkGoodGood	Alarm(_G_-ENTRY,dfaexec-51746)
840	0.0107753	FalseGround	Unlabelled	SPOkGoodGood	Alarm(_G_-ENTRY,dfaexec-51757)
841	0.0107753	FalseGround	Unlabelled	SPOkGoodGood	Alarm(_G_-ENTRY,dfaexec-51758)
842	0.0107753	FalseGround	Unlabelled	SPOkGoodGood	Alarm(_G_-ENTRY,dfaexec-51759)
843	0.0107753	FalseGround	Unlabelled	SPOkGoodGood	Alarm(_G_-ENTRY,dfaexec-51760)
844	0.0107753	FalseGround	Unlabelled	SPOkGoodGood	Alarm(_G_-ENTRY,hash_delete-40747)
845	0.0107753	FalseGround	Unlabelled	SPOkGoodGood	Alarm(_G_-ENTRY,hash_delete-40748)
846	0.0107753	FalseGround	Unlabelled	SPOkGoodGood	Alarm(_G_-ENTRY,match_mb_charset-50652)
847	0.0107753	FalseGround	Unlabelled	SPOkGoodGood	Alarm(_G_-ENTRY,match_mb_charset-50653)
848	0.0107753	FalseGround	Unlabelled	SPOkGoodGood	Alarm(_G_-ENTRY,match_mb_charset-50656)
849	0.0107753	FalseGround	Unlabelled	SPOkGoodGood	Alarm(_G_-ENTRY,match_mb_charset-50657)
850	0.0107753	FalseGround	Unlabelled	SPOkGoodGood	Alarm(_G_-ENTRY,pr_sgr_start-54804)
851	0.0107753	FalseGround	Unlabelled	SPOkGoodGood	Alarm(_G_-ENTRY,pr_sgr_start-54805)
852	0.0107753	FalseGround	Unlabelled	SPOkGoodGood	Alarm(_G_-ENTRY,prepend_args-56237)
853	0.0107753	FalseGround	Unlabelled	SPOkGoodGood	Alarm(_G_-ENTRY,prepend_args-56238)
854	0.0107753	FalseGround	Unlabelled	SPOkGoodGood	Alarm(_G_-ENTRY,print_line_tail-55259)
855	0.0107753	FalseGround	Unlabelled	SPOkGoodGood	Alarm(_G_-ENTRY,print_line_tail-55260)
856	0.0107753	FalseGround	Unlabelled	SPOkGoodGood	Alarm(_G_-ENTRY,transit_state_consume_1char-50747)
857	0.0107753	FalseGround	Unlabelled	SPOkGoodGood	Alarm(_G_-ENTRY,transit_state_consume_1char-50748)
858	0.00969774	FalseGround	Unlabelled	SPOkGoodGood	Alarm(_G_-ENTRY,cwexec-45002)
859	0.0085864	FalseGround	Unlabelled	SPOkGoodGood	Alarm(_G_-ENTRY,prtext-55390)
860	0.0085864	FalseGround	Unlabelled	SPOkGoodGood	Alarm(_G_-ENTRY,prtext-55391)
861	0.00785517	FalseGround	Unlabelled	SPOkGoodGood	Alarm(_G_-ENTRY,addtok-47758)
862	0.00765427	FalseGround	Unlabelled	SPOkGoodGood	Alarm(_G_-ENTRY,memchr_kwset-44772)
863	0.00765427	FalseGround	Unlabelled	SPOkGoodGood	Alarm(_G_-ENTRY,memchr_kwset-44773)
864	0.00744128	FalseGround	Unlabelled	SPOkGoodGood	Alarm(_G_-ENTRY,dfaexec-51751)
865	0.00744128	FalseGround	Unlabelled	SPOkGoodGood	Alarm(_G_-ENTRY,dfaexec-51752)
866	0.00508758	FalseGround	Unlabelled	SPOkGoodGood	Alarm(_G_-ENTRY,mbscasecmp-39930)
867	0.00508758	FalseGround	Unlabelled	SPOkGoodGood	Alarm(_G_-ENTRY,mbscasecmp-39932)
868	0.00508758	FalseGround	Unlabelled	SPOkGoodGood	Alarm(_G_-ENTRY,mbscasecmp-39934)
869	0.00508758	FalseGround	Unlabelled	SPOkGoodGood	Alarm(_G_-ENTRY,mbscasecmp-39936)
870	0.00451314	FalseGround	Unlabelled	SPOkGoodGood	Alarm(_G_-ENTRY,trim2-37157)
871	0.00412094	FalseGround	Unlabelled	SPOkGoodGood	Alarm(_G_-ENTRY,mbscasecmp-39870)
872	0.00412094	FalseGround	Unlabelled	SPOkGoodGood	Alarm(_G_-ENTRY,mbscasecmp-39871)
873	0.00412094	FalseGround	Unlabelled	SPOkGoodGood	Alarm(_G_-ENTRY,mbscasecmp-39872)
874	0.00412094	FalseGround	Unlabelled	SPOkGoodGood	Alarm(_G_-ENTRY,mbscasecmp-39873)
875	0.00406345	FalseGround	Unlabelled	SPOkGoodGood	Alarm(_G_-ENTRY,memchr2-39203)
876	0.00406345	FalseGround	Unlabelled	SPOkGoodGood	Alarm(_G_-ENTRY,memchr2-39204)
877	0.00406345	FalseGround	Unlabelled	SPOkGoodGood	Alarm(_G_-ENTRY,memchr2-39205)
878	0.00406345	FalseGround	Unlabelled	SPOkGoodGood	Alarm(_G_-ENTRY,memchr2-39206)
879	0.00365564	FalseGround	Unlabelled	SPOkGoodGood	Alarm(_G_-ENTRY,trim2-37107)
880	0.00365564	FalseGround	Unlabelled	SPOkGoodGood	Alarm(_G_-ENTRY,trim2-37108)
881	0.00331753	FalseGround	Unlabelled	SPOkGoodGood	Alarm(_G_-ENTRY,print_offset-55151)
882	0.00304325	FalseGround	Unlabelled	SPOkGoodGood	Alarm(_G_-ENTRY,AD_hash-38286)
883	0.00304325	FalseGround	Unlabelled	SPOkGoodGood	Alarm(_G_-ENTRY,LCO_compare-39015)
884	0.00304325	FalseGround	Unlabelled	SPOkGoodGood	Alarm(_G_-ENTRY,LCO_hash-39013)
885	0.00304325	FalseGround	Unlabelled	SPOkGoodGood	Alarm(_G_-ENTRY,dfaexec-51773)
886	0.00304325	FalseGround	Unlabelled	SPOkGoodGood	Alarm(_G_-ENTRY,dfaexec-51774)
887	0.00304325	FalseGround	Unlabelled	SPOkGoodGood	Alarm(_G_-ENTRY,dfaexec-51850)
888	0.00304325	FalseGround	Unlabelled	SPOkGoodGood	Alarm(_G_-ENTRY,file_name_matches-42846)
889	0.00304325	FalseGround	Unlabelled	SPOkGoodGood	Alarm(_G_-ENTRY,hash_free-40504)
890	0.00304325	FalseGround	Unlabelled	SPOkGoodGood	Alarm(_G_-ENTRY,hash_free-40505)
891	0.00304325	FalseGround	Unlabelled	SPOkGoodGood	Alarm(_G_-ENTRY,hash_free-40508)
892	0.00304325	FalseGround	Unlabelled	SPOkGoodGood	Alarm(_G_-ENTRY,i_ring_push-40204)
893	0.00304325	FalseGround	Unlabelled	SPOkGoodGood	Alarm(_G_-ENTRY,i_ring_push-40205)
894	0.00304325	FalseGround	Unlabelled	SPOkGoodGood	Alarm(_G_-ENTRY,link_count_optimize_ok-39035)
895	0.00246503	FalseGround	Unlabelled	SPOkGoodGood	Alarm(_G_-ENTRY,AD_compare-40777)
896	0.00246503	FalseGround	Unlabelled	SPOkGoodGood	Alarm(_G_-ENTRY,AD_compare-40778)
897	0.00246503	FalseGround	Unlabelled	SPOkGoodGood	Alarm(_G_-ENTRY,AD_compare-40779)
898	0.00246503	FalseGround	Unlabelled	SPOkGoodGood	Alarm(_G_-ENTRY,AD_compare-40780)
899	0.00246503	FalseGround	Unlabelled	SPOkGoodGood	Alarm(_G_-ENTRY,hash_free-40492)
900	0.00246503	FalseGround	Unlabelled	SPOkGoodGood	Alarm(_G_-ENTRY,hash_free-40493)
901	0.00221853	FalseGround	Unlabelled	SPOkGoodGood	Alarm(_G_-ENTRY,memchr_kwset-44784)
902	0.00199656	FalseGround	Unlabelled	SPOkGoodGood	Alarm(_G_-ENTRY,atom-47897)
903	0.0013945	FalseGround	Unlabelled	SPOkGoodGood	Alarm(_G_-ENTRY,memchr_kwset-44776)
904	0.000530742	FalseGround	Unlabelled	SPOkGoodGood	Alarm(_G_-ENTRY,memchr2-39209)
905	0.000456776	FalseGround	Unlabelled	SPOkGoodGood	Alarm(_G_-ENTRY,pr_sgr_end-54808)
906	0.000456776	FalseGround	Unlabelled	SPOkGoodGood	Alarm(_G_-ENTRY,pr_sgr_end-54809)
907	0.000429901	FalseGround	Unlabelled	SPOkGoodGood	Alarm(_G_-ENTRY,memchr2-39189)
908	0.000429901	FalseGround	Unlabelled	SPOkGoodGood	Alarm(_G_-ENTRY,memchr2-39190)
909	0.000429901	FalseGround	Unlabelled	SPOkGoodGood	Alarm(_G_-ENTRY,memchr2-39191)
910	0.000429901	FalseGround	Unlabelled	SPOkGoodGood	Alarm(_G_-ENTRY,memchr2-39192)
911	4.998e-05	FalseGround	Unlabelled	SPOkGoodGood	Alarm(_G_-ENTRY,set_program_name-39020)
912	4.998e-05	FalseGround	Unlabelled	SPOkGoodGood	Alarm(_G_-ENTRY,set_program_name-39022)
