Rank	Confidence	Ground	Label	Comments	Tuple
1	0.897985	FalseGround	Unlabelled	SPOkGoodGood	Alarm(_G_-ENTRY,dfastate-49822)
2	0.897985	FalseGround	Unlabelled	SPOkGoodGood	Alarm(_G_-ENTRY,dfastate-49823)
3	0.896117	FalseGround	Unlabelled	SPOkGoodGood	Alarm(_G_-ENTRY,main-57748)
4	0.89468	FalseGround	Unlabelled	SPOkGoodGood	Alarm(_G_-ENTRY,merge-48294)
5	0.89468	FalseGround	Unlabelled	SPOkGoodGood	Alarm(_G_-ENTRY,merge-48295)
6	0.891303	FalseGround	Unlabelled	SPOkGoodGood	Alarm(_G_-ENTRY,dfastate-49846)
7	0.891189	FalseGround	Unlabelled	SPOkGoodGood	Alarm(_G_-ENTRY,grep-55630)
8	0.890159	FalseGround	Unlabelled	SPOkGoodGood	Alarm(_G_-ENTRY,state_index-48495)
9	0.887519	FalseGround	Unlabelled	SPOkGoodGood	Alarm(_G_-ENTRY,dfastate-49725)
10	0.887519	FalseGround	Unlabelled	SPOkGoodGood	Alarm(_G_-ENTRY,dfastate-49726)
11	0.887519	FalseGround	Unlabelled	SPOkGoodGood	Alarm(_G_-ENTRY,dfastate-49727)
12	0.887519	FalseGround	Unlabelled	SPOkGoodGood	Alarm(_G_-ENTRY,dfastate-49728)
13	0.884205	FalseGround	Unlabelled	SPOkGoodGood	Alarm(_G_-ENTRY,main-57725)
14	0.879714	FalseGround	Unlabelled	SPOkGoodGood	Alarm(_G_-ENTRY,dfastate-49959)
15	0.878159	FalseGround	Unlabelled	SPOkGoodGood	Alarm(_G_-ENTRY,dfastate-49806)
16	0.878082	FalseGround	Unlabelled	SPOkGoodGood	Alarm(_G_-ENTRY,dfamust-54192)
17	0.876484	FalseGround	Unlabelled	SPOkGoodGood	Alarm(_G_-ENTRY,dfastate-49751)
18	0.876484	FalseGround	Unlabelled	SPOkGoodGood	Alarm(_G_-ENTRY,dfastate-49752)
19	0.876151	FalseGround	Unlabelled	SPOkGoodGood	Alarm(_G_-ENTRY,dfastate-49938)
20	0.873674	FalseGround	Unlabelled	SPOkGoodGood	Alarm(_G_-ENTRY,main-57629)
21	0.873674	FalseGround	Unlabelled	SPOkGoodGood	Alarm(_G_-ENTRY,main-57406)
22	0.873674	FalseGround	Unlabelled	SPOkGoodGood	Alarm(_G_-ENTRY,main-57407)
23	0.87287	FalseGround	Unlabelled	SPOkGoodGood	Alarm(_G_-ENTRY,state_index-48395)
24	0.87287	FalseGround	Unlabelled	SPOkGoodGood	Alarm(_G_-ENTRY,state_index-48396)
25	0.87287	FalseGround	Unlabelled	SPOkGoodGood	Alarm(_G_-ENTRY,state_index-48397)
26	0.87287	FalseGround	Unlabelled	SPOkGoodGood	Alarm(_G_-ENTRY,state_index-48398)
27	0.871343	FalseGround	Unlabelled	SPOkGoodGood	Alarm(_G_-ENTRY,dfastate-49843)
28	0.871343	FalseGround	Unlabelled	SPOkGoodGood	Alarm(_G_-ENTRY,dfastate-49844)
29	0.870939	FalseGround	Unlabelled	SPOkGoodGood	Alarm(_G_-ENTRY,dfamust-54174)
30	0.866487	FalseGround	Unlabelled	SPOkGoodGood	Alarm(_G_-ENTRY,build_state-50353)
31	0.866487	FalseGround	Unlabelled	SPOkGoodGood	Alarm(_G_-ENTRY,build_state-50354)
32	0.865884	FalseGround	Unlabelled	SPOkGoodGood	Alarm(_G_-ENTRY,merge-48337)
33	0.865884	FalseGround	Unlabelled	SPOkGoodGood	Alarm(_G_-ENTRY,merge-48342)
34	0.865884	FalseGround	Unlabelled	SPOkGoodGood	Alarm(_G_-ENTRY,merge-48345)
35	0.863617	FalseGround	Unlabelled	SPOkGoodGood	Alarm(_G_-ENTRY,state_index-48493)
36	0.860354	FalseGround	Unlabelled	SPOkGoodGood	Alarm(_G_-ENTRY,get_charset_aliases-40073)
37	0.85899	FalseGround	Unlabelled	SPOkGoodGood	Alarm(_G_-ENTRY,state_index-48419)
38	0.85899	FalseGround	Unlabelled	SPOkGoodGood	Alarm(_G_-ENTRY,state_index-48420)
39	0.85899	FalseGround	Unlabelled	SPOkGoodGood	Alarm(_G_-ENTRY,state_index-48425)
40	0.85899	FalseGround	Unlabelled	SPOkGoodGood	Alarm(_G_-ENTRY,state_index-48426)
41	0.857271	FalseGround	Unlabelled	SPOkGoodGood	Alarm(_G_-ENTRY,hash_find_entry-40563)
42	0.854803	FalseGround	Unlabelled	SPOkGoodGood	Alarm(_G_-ENTRY,fts_open-41077)
43	0.854803	FalseGround	Unlabelled	SPOkGoodGood	Alarm(_G_-ENTRY,fts_open-41143)
44	0.853988	FalseGround	Unlabelled	SPOkGoodGood	Alarm(_G_-ENTRY,EGexecute-45450)
45	0.853453	FalseGround	Unlabelled	SPOkGoodGood	Alarm(_G_-ENTRY,dfamust-54157)
46	0.851364	FalseGround	Unlabelled	SPOkGoodGood	Alarm(_G_-ENTRY,dfastate-49769)
47	0.845459	FalseGround	Unlabelled	SPOkGoodGood	Alarm(_G_-ENTRY,dfamust-54080)
48	0.845459	FalseGround	Unlabelled	SPOkGoodGood	Alarm(_G_-ENTRY,dfamust-54099)
49	0.845459	FalseGround	Unlabelled	SPOkGoodGood	Alarm(_G_-ENTRY,dfamust-54101)
50	0.84363	FalseGround	Unlabelled	SPOkGoodGood	Alarm(_G_-ENTRY,prpending-55367)
51	0.843482	FalseGround	Unlabelled	SPOkGoodGood	Alarm(_G_-ENTRY,state_index-48465)
52	0.843482	FalseGround	Unlabelled	SPOkGoodGood	Alarm(_G_-ENTRY,state_index-48484)
53	0.843482	FalseGround	Unlabelled	SPOkGoodGood	Alarm(_G_-ENTRY,state_index-48486)
54	0.843482	FalseGround	Unlabelled	SPOkGoodGood	Alarm(_G_-ENTRY,state_index-48487)
55	0.843482	FalseGround	Unlabelled	SPOkGoodGood	Alarm(_G_-ENTRY,state_index-48488)
56	0.843482	FalseGround	Unlabelled	SPOkGoodGood	Alarm(_G_-ENTRY,state_index-48489)
57	0.843482	FalseGround	Unlabelled	SPOkGoodGood	Alarm(_G_-ENTRY,state_index-48490)
58	0.843482	FalseGround	Unlabelled	SPOkGoodGood	Alarm(_G_-ENTRY,state_index-48491)
59	0.843482	FalseGround	Unlabelled	SPOkGoodGood	Alarm(_G_-ENTRY,state_index-48389)
60	0.843482	FalseGround	Unlabelled	SPOkGoodGood	Alarm(_G_-ENTRY,state_index-48390)
61	0.84071	FalseGround	Unlabelled	SPOkGoodGood	Alarm(_G_-ENTRY,insert-48205)
62	0.84071	FalseGround	Unlabelled	SPOkGoodGood	Alarm(_G_-ENTRY,insert-48206)
63	0.83673	FalseGround	Unlabelled	SPOkGoodGood	Alarm(_G_-ENTRY,dfamust-53816)
64	0.83673	FalseGround	Unlabelled	SPOkGoodGood	Alarm(_G_-ENTRY,dfamust-53817)
65	0.83673	FalseGround	Unlabelled	SPOkGoodGood	Alarm(_G_-ENTRY,dfamust-53818)
66	0.83673	FalseGround	Unlabelled	SPOkGoodGood	Alarm(_G_-ENTRY,dfamust-53819)
67	0.836563	FalseGround	Unlabelled	SPOkGoodGood	Alarm(_G_-ENTRY,dfastate-49803)
68	0.836563	FalseGround	Unlabelled	SPOkGoodGood	Alarm(_G_-ENTRY,dfastate-49814)
69	0.835101	FalseGround	Unlabelled	SPOkGoodGood	Alarm(_G_-ENTRY,dfamust-53830)
70	0.835101	FalseGround	Unlabelled	SPOkGoodGood	Alarm(_G_-ENTRY,dfamust-53831)
71	0.833377	FalseGround	Unlabelled	SPOkGoodGood	Alarm(_G_-ENTRY,EGexecute-45434)
72	0.831291	FalseGround	Unlabelled	SPOkGoodGood	Alarm(_G_-ENTRY,hash_find_entry-40556)
73	0.820327	FalseGround	Unlabelled	SPOkGoodGood	Alarm(_G_-ENTRY,comsubs-52424)
74	0.817591	FalseGround	Unlabelled	SPOkGoodGood	Alarm(_G_-ENTRY,Fcompile-44069)
75	0.817591	FalseGround	Unlabelled	SPOkGoodGood	Alarm(_G_-ENTRY,bm_delta2_search-44743)
76	0.817591	FalseGround	Unlabelled	SPOkGoodGood	Alarm(_G_-ENTRY,dfastate-49838)
77	0.817591	FalseGround	Unlabelled	SPOkGoodGood	Alarm(_G_-ENTRY,dfastate-49839)
78	0.817591	FalseGround	Unlabelled	SPOkGoodGood	Alarm(_G_-ENTRY,dfastate-49862)
79	0.817591	FalseGround	Unlabelled	SPOkGoodGood	Alarm(_G_-ENTRY,dfastate-49864)
80	0.817591	FalseGround	Unlabelled	SPOkGoodGood	Alarm(_G_-ENTRY,inboth-52508)
81	0.817591	FalseGround	Unlabelled	SPOkGoodGood	Alarm(_G_-ENTRY,kwsincr-44404)
82	0.817591	FalseGround	Unlabelled	SPOkGoodGood	Alarm(_G_-ENTRY,kwsincr-44405)
83	0.817591	FalseGround	Unlabelled	SPOkGoodGood	Alarm(_G_-ENTRY,kwsincr-44409)
84	0.817591	FalseGround	Unlabelled	SPOkGoodGood	Alarm(_G_-ENTRY,kwsincr-44410)
85	0.817591	FalseGround	Unlabelled	SPOkGoodGood	Alarm(_G_-ENTRY,kwsincr-44419)
86	0.817591	FalseGround	Unlabelled	SPOkGoodGood	Alarm(_G_-ENTRY,kwsincr-44434)
87	0.817591	FalseGround	Unlabelled	SPOkGoodGood	Alarm(_G_-ENTRY,kwsincr-44458)
88	0.812483	FalseGround	Unlabelled	SPOkGoodGood	Alarm(_G_-ENTRY,cwexec-44990)
89	0.812186	FalseGround	Unlabelled	SPOkGoodGood	Alarm(_G_-ENTRY,hash_insert_if_absent-40721)
90	0.81	FalseGround	Unlabelled	SPOkGoodGood	Alarm(_G_-ENTRY,copy-48140)
91	0.81	FalseGround	Unlabelled	SPOkGoodGood	Alarm(_G_-ENTRY,copy-48141)
92	0.81	FalseGround	Unlabelled	SPOkGoodGood	Alarm(_G_-ENTRY,copy-48143)
93	0.81	FalseGround	Unlabelled	SPOkGoodGood	Alarm(_G_-ENTRY,copy-48162)
94	0.81	FalseGround	Unlabelled	SPOkGoodGood	Alarm(_G_-ENTRY,copy-48164)
95	0.81	FalseGround	Unlabelled	SPOkGoodGood	Alarm(_G_-ENTRY,copy-48128)
96	0.81	FalseGround	Unlabelled	SPOkGoodGood	Alarm(_G_-ENTRY,copy-48129)
97	0.809997	FalseGround	Unlabelled	SPOkGoodGood	Alarm(_G_-ENTRY,setbit-45591)
98	0.809775	FalseGround	Unlabelled	SPOkGoodGood	Alarm(_G_-ENTRY,grep-55625)
99	0.809775	FalseGround	Unlabelled	SPOkGoodGood	Alarm(_G_-ENTRY,grep-55626)
100	0.809775	FalseGround	Unlabelled	SPOkGoodGood	Alarm(_G_-ENTRY,grep-55650)
101	0.809679	FalseGround	Unlabelled	SPOkGoodGood	Alarm(_G_-ENTRY,main-57577)
102	0.809679	FalseGround	Unlabelled	SPOkGoodGood	Alarm(_G_-ENTRY,main-57581)
103	0.809672	FalseGround	Unlabelled	SPOkGoodGood	Alarm(_G_-ENTRY,setmatcher-56209)
104	0.809672	FalseGround	Unlabelled	SPOkGoodGood	Alarm(_G_-ENTRY,setmatcher-56211)
105	0.80917	FalseGround	Unlabelled	SPOkGoodGood	Alarm(_G_-ENTRY,build_state-50356)
106	0.80917	FalseGround	Unlabelled	SPOkGoodGood	Alarm(_G_-ENTRY,build_state-50358)
107	0.80917	FalseGround	Unlabelled	SPOkGoodGood	Alarm(_G_-ENTRY,build_state-50359)
108	0.808125	FalseGround	Unlabelled	SPOkGoodGood	Alarm(_G_-ENTRY,merge-48304)
109	0.808125	FalseGround	Unlabelled	SPOkGoodGood	Alarm(_G_-ENTRY,merge-48274)
110	0.808125	FalseGround	Unlabelled	SPOkGoodGood	Alarm(_G_-ENTRY,merge-48275)
111	0.808125	FalseGround	Unlabelled	SPOkGoodGood	Alarm(_G_-ENTRY,merge-48298)
112	0.808125	FalseGround	Unlabelled	SPOkGoodGood	Alarm(_G_-ENTRY,merge-48299)
113	0.806931	FalseGround	Unlabelled	SPOkGoodGood	Alarm(_G_-ENTRY,quotearg_buffer_restyled-38052)
114	0.806931	FalseGround	Unlabelled	SPOkGoodGood	Alarm(_G_-ENTRY,quotearg_buffer_restyled-38061)
115	0.806931	FalseGround	Unlabelled	SPOkGoodGood	Alarm(_G_-ENTRY,quotearg_buffer_restyled-38137)
116	0.806931	FalseGround	Unlabelled	SPOkGoodGood	Alarm(_G_-ENTRY,quotearg_buffer_restyled-37606)
117	0.806931	FalseGround	Unlabelled	SPOkGoodGood	Alarm(_G_-ENTRY,quotearg_buffer_restyled-37607)
118	0.806075	FalseGround	Unlabelled	SPOkGoodGood	Alarm(_G_-ENTRY,transit_state-51528)
119	0.806075	FalseGround	Unlabelled	SPOkGoodGood	Alarm(_G_-ENTRY,transit_state-51529)
120	0.806075	FalseGround	Unlabelled	SPOkGoodGood	Alarm(_G_-ENTRY,transit_state-51627)
121	0.806075	FalseGround	Unlabelled	SPOkGoodGood	Alarm(_G_-ENTRY,transit_state-51628)
122	0.806044	FalseGround	Unlabelled	SPOkGoodGood	Alarm(_G_-ENTRY,add_exclude_fp-43101)
123	0.805737	FalseGround	Unlabelled	SPOkGoodGood	Alarm(_G_-ENTRY,GEAcompile-45230)
124	0.805018	FalseGround	Unlabelled	SPOkGoodGood	Alarm(_G_-ENTRY,tr-44204)
125	0.803349	FalseGround	Unlabelled	SPOkGoodGood	Alarm(_G_-ENTRY,hash_find_entry-40565)
126	0.803349	FalseGround	Unlabelled	SPOkGoodGood	Alarm(_G_-ENTRY,hash_find_entry-40566)
127	0.803349	FalseGround	Unlabelled	SPOkGoodGood	Alarm(_G_-ENTRY,hash_find_entry-40568)
128	0.802856	FalseGround	Unlabelled	SPOkGoodGood	Alarm(_G_-ENTRY,GEAcompile-45232)
129	0.802443	FalseGround	Unlabelled	SPOkGoodGood	Alarm(_G_-ENTRY,EGexecute-45459)
130	0.80232	FalseGround	Unlabelled	SPOkGoodGood	Alarm(_G_-ENTRY,mbtoupper-54697)
131	0.801089	FalseGround	Unlabelled	SPOkGoodGood	Alarm(_G_-ENTRY,insert-48231)
132	0.801089	FalseGround	Unlabelled	SPOkGoodGood	Alarm(_G_-ENTRY,insert-48262)
133	0.801089	FalseGround	Unlabelled	SPOkGoodGood	Alarm(_G_-ENTRY,insert-48264)
134	0.801089	FalseGround	Unlabelled	SPOkGoodGood	Alarm(_G_-ENTRY,insert-48209)
135	0.801089	FalseGround	Unlabelled	SPOkGoodGood	Alarm(_G_-ENTRY,insert-48210)
136	0.800643	FalseGround	Unlabelled	SPOkGoodGood	Alarm(_G_-ENTRY,kwsincr-44406)
137	0.800643	FalseGround	Unlabelled	SPOkGoodGood	Alarm(_G_-ENTRY,kwsincr-44407)
138	0.795298	FalseGround	Unlabelled	SPOkGoodGood	Alarm(_G_-ENTRY,kwsincr-44295)
139	0.795298	FalseGround	Unlabelled	SPOkGoodGood	Alarm(_G_-ENTRY,kwsincr-44296)
140	0.795298	FalseGround	Unlabelled	SPOkGoodGood	Alarm(_G_-ENTRY,kwsincr-44303)
141	0.795298	FalseGround	Unlabelled	SPOkGoodGood	Alarm(_G_-ENTRY,kwsincr-44304)
142	0.795298	FalseGround	Unlabelled	SPOkGoodGood	Alarm(_G_-ENTRY,kwsincr-44307)
143	0.795298	FalseGround	Unlabelled	SPOkGoodGood	Alarm(_G_-ENTRY,kwsincr-44308)
144	0.794448	TrueGround	Unlabelled	SPOkGoodGood	Alarm(_G_-ENTRY,bmexec_trans-44871)
145	0.794301	FalseGround	Unlabelled	SPOkGoodGood	Alarm(_G_-ENTRY,fts_open-41097)
146	0.794301	FalseGround	Unlabelled	SPOkGoodGood	Alarm(_G_-ENTRY,fts_open-41099)
147	0.794301	FalseGround	Unlabelled	SPOkGoodGood	Alarm(_G_-ENTRY,fts_open-41102)
148	0.794301	FalseGround	Unlabelled	SPOkGoodGood	Alarm(_G_-ENTRY,fts_open-41000)
149	0.794301	FalseGround	Unlabelled	SPOkGoodGood	Alarm(_G_-ENTRY,fts_open-41001)
150	0.791228	FalseGround	Unlabelled	SPOkGoodGood	Alarm(_G_-ENTRY,addlists-52435)
151	0.782256	FalseGround	Unlabelled	SPOkGoodGood	Alarm(_G_-ENTRY,hash_find_entry-40545)
152	0.782256	FalseGround	Unlabelled	SPOkGoodGood	Alarm(_G_-ENTRY,hash_find_entry-40546)
153	0.782256	FalseGround	Unlabelled	SPOkGoodGood	Alarm(_G_-ENTRY,hash_find_entry-40547)
154	0.782256	FalseGround	Unlabelled	SPOkGoodGood	Alarm(_G_-ENTRY,hash_find_entry-40548)
155	0.778393	FalseGround	Unlabelled	SPOkGoodGood	Alarm(_G_-ENTRY,dfastate-49840)
156	0.778393	FalseGround	Unlabelled	SPOkGoodGood	Alarm(_G_-ENTRY,dfastate-49863)
157	0.778393	FalseGround	Unlabelled	SPOkGoodGood	Alarm(_G_-ENTRY,kwsincr-44351)
158	0.778393	FalseGround	Unlabelled	SPOkGoodGood	Alarm(_G_-ENTRY,kwsincr-44354)
159	0.778393	FalseGround	Unlabelled	SPOkGoodGood	Alarm(_G_-ENTRY,kwsincr-44358)
160	0.778393	FalseGround	Unlabelled	SPOkGoodGood	Alarm(_G_-ENTRY,kwsincr-44411)
161	0.778393	FalseGround	Unlabelled	SPOkGoodGood	Alarm(_G_-ENTRY,kwsincr-44442)
162	0.778393	FalseGround	Unlabelled	SPOkGoodGood	Alarm(_G_-ENTRY,kwsincr-44459)
163	0.774929	FalseGround	Unlabelled	SPOkGoodGood	Alarm(_G_-ENTRY,enlist-52356)
164	0.774929	FalseGround	Unlabelled	SPOkGoodGood	Alarm(_G_-ENTRY,main-57722)
165	0.774929	FalseGround	Unlabelled	SPOkGoodGood	Alarm(_G_-ENTRY,enlist-52336)
166	0.774929	FalseGround	Unlabelled	SPOkGoodGood	Alarm(_G_-ENTRY,kwsprep-44638)
167	0.773402	FalseGround	Unlabelled	SPOkGoodGood	Alarm(_G_-ENTRY,kwsmusts-45127)
168	0.769322	FalseGround	Unlabelled	SPOkGoodGood	Alarm(_G_-ENTRY,build_state-50244)
169	0.769322	FalseGround	Unlabelled	SPOkGoodGood	Alarm(_G_-ENTRY,build_state-50245)
170	0.769322	FalseGround	Unlabelled	SPOkGoodGood	Alarm(_G_-ENTRY,dfamust-54088)
171	0.769322	FalseGround	Unlabelled	SPOkGoodGood	Alarm(_G_-ENTRY,dfamust-54090)
172	0.769322	FalseGround	Unlabelled	SPOkGoodGood	Alarm(_G_-ENTRY,dfamust-54121)
173	0.769322	FalseGround	Unlabelled	SPOkGoodGood	Alarm(_G_-ENTRY,dfamust-54122)
174	0.769322	FalseGround	Unlabelled	SPOkGoodGood	Alarm(_G_-ENTRY,dfamust-54139)
175	0.769322	FalseGround	Unlabelled	SPOkGoodGood	Alarm(_G_-ENTRY,state_index-48429)
176	0.769322	FalseGround	Unlabelled	SPOkGoodGood	Alarm(_G_-ENTRY,dfamust-53824)
177	0.769322	FalseGround	Unlabelled	SPOkGoodGood	Alarm(_G_-ENTRY,dfamust-53825)
178	0.767182	FalseGround	Unlabelled	SPOkGoodGood	Alarm(_G_-ENTRY,hash_find_entry-40561)
179	0.767182	FalseGround	Unlabelled	SPOkGoodGood	Alarm(_G_-ENTRY,hash_find_entry-40535)
180	0.767182	FalseGround	Unlabelled	SPOkGoodGood	Alarm(_G_-ENTRY,hash_find_entry-40536)
181	0.767182	FalseGround	Unlabelled	SPOkGoodGood	Alarm(_G_-ENTRY,hash_find_entry-40537)
182	0.767182	FalseGround	Unlabelled	SPOkGoodGood	Alarm(_G_-ENTRY,hash_find_entry-40538)
183	0.767182	FalseGround	Unlabelled	SPOkGoodGood	Alarm(_G_-ENTRY,hash_find_entry-40543)
184	0.767182	FalseGround	Unlabelled	SPOkGoodGood	Alarm(_G_-ENTRY,hash_find_entry-40544)
185	0.766647	FalseGround	Unlabelled	SPOkGoodGood	Alarm(_G_-ENTRY,mb_goback-54764)
186	0.766572	FalseGround	Unlabelled	SPOkGoodGood	Alarm(_G_-ENTRY,lex-47506)
187	0.765166	FalseGround	Unlabelled	SPOkGoodGood	Alarm(_G_-ENTRY,kwsincr-44291)
188	0.765166	FalseGround	Unlabelled	SPOkGoodGood	Alarm(_G_-ENTRY,kwsincr-44292)
189	0.761899	FalseGround	Unlabelled	SPOkGoodGood	Alarm(_G_-ENTRY,state_separate_contexts-48590)
190	0.761899	FalseGround	Unlabelled	SPOkGoodGood	Alarm(_G_-ENTRY,state_separate_contexts-48591)
191	0.761899	FalseGround	Unlabelled	SPOkGoodGood	Alarm(_G_-ENTRY,state_separate_contexts-48592)
192	0.761899	FalseGround	Unlabelled	SPOkGoodGood	Alarm(_G_-ENTRY,state_separate_contexts-48593)
193	0.756055	FalseGround	Unlabelled	SPOkGoodGood	Alarm(_G_-ENTRY,argmatch-43690)
194	0.756055	FalseGround	Unlabelled	SPOkGoodGood	Alarm(_G_-ENTRY,argmatch-43691)
195	0.756055	FalseGround	Unlabelled	SPOkGoodGood	Alarm(_G_-ENTRY,merge-48350)
196	0.756055	FalseGround	Unlabelled	SPOkGoodGood	Alarm(_G_-ENTRY,merge-48355)
197	0.756055	FalseGround	Unlabelled	SPOkGoodGood	Alarm(_G_-ENTRY,merge-48360)
198	0.756055	FalseGround	Unlabelled	SPOkGoodGood	Alarm(_G_-ENTRY,argmatch-43672)
199	0.756055	FalseGround	Unlabelled	SPOkGoodGood	Alarm(_G_-ENTRY,argmatch-43673)
200	0.756055	FalseGround	Unlabelled	SPOkGoodGood	Alarm(_G_-ENTRY,dfastate-49633)
201	0.756055	FalseGround	Unlabelled	SPOkGoodGood	Alarm(_G_-ENTRY,dfastate-49634)
202	0.756055	FalseGround	Unlabelled	SPOkGoodGood	Alarm(_G_-ENTRY,merge-48290)
203	0.756055	FalseGround	Unlabelled	SPOkGoodGood	Alarm(_G_-ENTRY,merge-48291)
204	0.756055	FalseGround	Unlabelled	SPOkGoodGood	Alarm(_G_-ENTRY,merge-48292)
205	0.756055	FalseGround	Unlabelled	SPOkGoodGood	Alarm(_G_-ENTRY,merge-48293)
206	0.752251	FalseGround	Unlabelled	SPOkGoodGood	Alarm(_G_-ENTRY,parse_bracket_exp-46939)
207	0.745577	FalseGround	Unlabelled	SPOkGoodGood	Alarm(_G_-ENTRY,exclude_fnmatch-42794)
208	0.745577	FalseGround	Unlabelled	SPOkGoodGood	Alarm(_G_-ENTRY,exclude_fnmatch-42795)
209	0.745577	FalseGround	Unlabelled	SPOkGoodGood	Alarm(_G_-ENTRY,exclude_fnmatch-42798)
210	0.745577	FalseGround	Unlabelled	SPOkGoodGood	Alarm(_G_-ENTRY,exclude_fnmatch-42799)
211	0.745577	FalseGround	Unlabelled	SPOkGoodGood	Alarm(_G_-ENTRY,exclude_fnmatch-42800)
212	0.745577	FalseGround	Unlabelled	SPOkGoodGood	Alarm(_G_-ENTRY,exclude_fnmatch-42801)
213	0.743841	FalseGround	Unlabelled	SPOkGoodGood	Alarm(_G_-ENTRY,kwsincr-44309)
214	0.743841	FalseGround	Unlabelled	SPOkGoodGood	Alarm(_G_-ENTRY,kwsincr-44310)
215	0.743841	FalseGround	Unlabelled	SPOkGoodGood	Alarm(_G_-ENTRY,kwsincr-44311)
216	0.743841	FalseGround	Unlabelled	SPOkGoodGood	Alarm(_G_-ENTRY,kwsincr-44312)
217	0.739875	FalseGround	Unlabelled	SPOkGoodGood	Alarm(_G_-ENTRY,build_state-50252)
218	0.739875	FalseGround	Unlabelled	SPOkGoodGood	Alarm(_G_-ENTRY,build_state-50253)
219	0.739875	FalseGround	Unlabelled	SPOkGoodGood	Alarm(_G_-ENTRY,build_state-50254)
220	0.739875	FalseGround	Unlabelled	SPOkGoodGood	Alarm(_G_-ENTRY,build_state-50255)
221	0.739029	FalseGround	Unlabelled	SPOkGoodGood	Alarm(_G_-ENTRY,reset-54973)
222	0.735832	FalseGround	Unlabelled	SPOkGoodGood	Alarm(_G_-ENTRY,comsubs-52419)
223	0.735832	FalseGround	Unlabelled	SPOkGoodGood	Alarm(_G_-ENTRY,comsubs-52395)
224	0.735832	FalseGround	Unlabelled	SPOkGoodGood	Alarm(_G_-ENTRY,comsubs-52396)
225	0.735832	FalseGround	Unlabelled	SPOkGoodGood	Alarm(_G_-ENTRY,parse_bracket_exp-46481)
226	0.735832	FalseGround	Unlabelled	SPOkGoodGood	Alarm(_G_-ENTRY,parse_bracket_exp-46482)
227	0.734452	FalseGround	Unlabelled	SPOkGoodGood	Alarm(_G_-ENTRY,tstbit-44850)
228	0.734058	FalseGround	Unlabelled	SPOkGoodGood	Alarm(_G_-ENTRY,lex-47358)
229	0.734058	FalseGround	Unlabelled	SPOkGoodGood	Alarm(_G_-ENTRY,lex-47359)
230	0.732893	FalseGround	Unlabelled	SPOkGoodGood	Alarm(_G_-ENTRY,parse_bracket_exp-46907)
231	0.730153	FalseGround	Unlabelled	SPOkGoodGood	Alarm(_G_-ENTRY,locale_charset-40155)
232	0.730153	FalseGround	Unlabelled	SPOkGoodGood	Alarm(_G_-ENTRY,locale_charset-40156)
233	0.729105	FalseGround	Unlabelled	SPOkGoodGood	Alarm(_G_-ENTRY,get_nondigit_option-56346)
234	0.729105	FalseGround	Unlabelled	SPOkGoodGood	Alarm(_G_-ENTRY,kwsincr-44344)
235	0.729105	FalseGround	Unlabelled	SPOkGoodGood	Alarm(_G_-ENTRY,build_state_zero-50545)
236	0.729105	FalseGround	Unlabelled	SPOkGoodGood	Alarm(_G_-ENTRY,build_state_zero-50546)
237	0.729	FalseGround	Unlabelled	SPOkGoodGood	Alarm(_G_-ENTRY,build_state-50247)
238	0.729	FalseGround	Unlabelled	SPOkGoodGood	Alarm(_G_-ENTRY,build_state-50248)
239	0.729	FalseGround	Unlabelled	SPOkGoodGood	Alarm(_G_-ENTRY,dfaanalyze-49116)
240	0.729	FalseGround	Unlabelled	SPOkGoodGood	Alarm(_G_-ENTRY,dfastate-49790)
241	0.729	FalseGround	Unlabelled	SPOkGoodGood	Alarm(_G_-ENTRY,dfastate-49842)
242	0.729	FalseGround	Unlabelled	SPOkGoodGood	Alarm(_G_-ENTRY,dfastate-49927)
243	0.729	FalseGround	Unlabelled	SPOkGoodGood	Alarm(_G_-ENTRY,epsclosure-48564)
244	0.728704	FalseGround	Unlabelled	SPOkGoodGood	Alarm(_G_-ENTRY,setmatcher-56210)
245	0.728704	FalseGround	Unlabelled	SPOkGoodGood	Alarm(_G_-ENTRY,setmatcher-56200)
246	0.728704	FalseGround	Unlabelled	SPOkGoodGood	Alarm(_G_-ENTRY,setmatcher-56201)
247	0.728457	FalseGround	Unlabelled	SPOkGoodGood	Alarm(_G_-ENTRY,kwsmusts-45126)
248	0.726238	FalseGround	Unlabelled	SPOkGoodGood	Alarm(_G_-ENTRY,quotearg_buffer_restyled-38012)
249	0.726238	FalseGround	Unlabelled	SPOkGoodGood	Alarm(_G_-ENTRY,quotearg_buffer_restyled-38013)
250	0.726082	FalseGround	Unlabelled	SPOkGoodGood	Alarm(_G_-ENTRY,freelist-52211)
251	0.726082	FalseGround	Unlabelled	SPOkGoodGood	Alarm(_G_-ENTRY,freelist-52212)
252	0.722571	FalseGround	Unlabelled	SPOkGoodGood	Alarm(_G_-ENTRY,GEAcompile-45240)
253	0.720881	FalseGround	Unlabelled	SPOkGoodGood	Alarm(_G_-ENTRY,get_charset_aliases-40023)
254	0.720881	FalseGround	Unlabelled	SPOkGoodGood	Alarm(_G_-ENTRY,get_charset_aliases-40024)
255	0.720374	FalseGround	Unlabelled	SPOkGoodGood	Alarm(_G_-ENTRY,memchr_kwset-44772)
256	0.720374	FalseGround	Unlabelled	SPOkGoodGood	Alarm(_G_-ENTRY,memchr_kwset-44773)
257	0.714871	FalseGround	Unlabelled	SPOkGoodGood	Alarm(_G_-ENTRY,fts_open-41107)
258	0.714871	FalseGround	Unlabelled	SPOkGoodGood	Alarm(_G_-ENTRY,unescape_pattern-42600)
259	0.714871	FalseGround	Unlabelled	SPOkGoodGood	Alarm(_G_-ENTRY,unescape_pattern-42601)
260	0.714871	FalseGround	Unlabelled	SPOkGoodGood	Alarm(_G_-ENTRY,unescape_pattern-42602)
261	0.714871	FalseGround	Unlabelled	SPOkGoodGood	Alarm(_G_-ENTRY,unescape_pattern-42603)
262	0.714204	FalseGround	Unlabelled	SPOkGoodGood	Alarm(_G_-ENTRY,istrstr-52207)
263	0.714204	FalseGround	Unlabelled	SPOkGoodGood	Alarm(_G_-ENTRY,istrstr-52201)
264	0.714204	FalseGround	Unlabelled	SPOkGoodGood	Alarm(_G_-ENTRY,istrstr-52202)
265	0.711927	FalseGround	Unlabelled	SPOkGoodGood	Alarm(_G_-ENTRY,cwexec-45001)
266	0.710617	FalseGround	Unlabelled	SPOkGoodGood	Alarm(_G_-ENTRY,hash_insert_if_absent-40692)
267	0.710617	FalseGround	Unlabelled	SPOkGoodGood	Alarm(_G_-ENTRY,hash_insert_if_absent-40693)
268	0.709495	FalseGround	Unlabelled	SPOkGoodGood	Alarm(_G_-ENTRY,kwsprep-44698)
269	0.69239	FalseGround	Unlabelled	SPOkGoodGood	Alarm(_G_-ENTRY,dfamust-54261)
270	0.689017	FalseGround	Unlabelled	SPOkGoodGood	Alarm(_G_-ENTRY,prepend_default_options-56301)
271	0.684822	FalseGround	Unlabelled	SPOkGoodGood	Alarm(_G_-ENTRY,enlist-52323)
272	0.684822	FalseGround	Unlabelled	SPOkGoodGood	Alarm(_G_-ENTRY,enlist-52325)
273	0.68045	FalseGround	Unlabelled	SPOkGoodGood	Alarm(_G_-ENTRY,mb_goback-54763)
274	0.68045	FalseGround	Unlabelled	SPOkGoodGood	Alarm(_G_-ENTRY,dfastate-49767)
275	0.674067	FalseGround	Unlabelled	SPOkGoodGood	Alarm(_G_-ENTRY,cwexec-45024)
276	0.665652	FalseGround	Unlabelled	SPOkGoodGood	Alarm(_G_-ENTRY,dfaexec-51751)
277	0.665652	FalseGround	Unlabelled	SPOkGoodGood	Alarm(_G_-ENTRY,dfaexec-51752)
278	0.66207	FalseGround	Unlabelled	SPOkGoodGood	Alarm(_G_-ENTRY,lex-47447)
279	0.6561	FalseGround	Unlabelled	SPOkGoodGood	Alarm(_G_-ENTRY,Fcompile-44054)
280	0.6561	FalseGround	Unlabelled	SPOkGoodGood	Alarm(_G_-ENTRY,Fcompile-44070)
281	0.6561	FalseGround	Unlabelled	SPOkGoodGood	Alarm(_G_-ENTRY,Fexecute-44178)
282	0.6561	FalseGround	Unlabelled	SPOkGoodGood	Alarm(_G_-ENTRY,GEAcompile-45186)
283	0.6561	FalseGround	Unlabelled	SPOkGoodGood	Alarm(_G_-ENTRY,bm_delta2_search-44741)
284	0.6561	FalseGround	Unlabelled	SPOkGoodGood	Alarm(_G_-ENTRY,copy-48163)
285	0.6561	FalseGround	Unlabelled	SPOkGoodGood	Alarm(_G_-ENTRY,dfaanalyze-49086)
286	0.6561	FalseGround	Unlabelled	SPOkGoodGood	Alarm(_G_-ENTRY,dfaanalyze-49115)
287	0.6561	FalseGround	Unlabelled	SPOkGoodGood	Alarm(_G_-ENTRY,dfaanalyze-49117)
288	0.6561	FalseGround	Unlabelled	SPOkGoodGood	Alarm(_G_-ENTRY,dfamust-54257)
289	0.6561	FalseGround	Unlabelled	SPOkGoodGood	Alarm(_G_-ENTRY,enlist-52327)
290	0.6561	FalseGround	Unlabelled	SPOkGoodGood	Alarm(_G_-ENTRY,enlist-52331)
291	0.6561	FalseGround	Unlabelled	SPOkGoodGood	Alarm(_G_-ENTRY,enlist-52333)
292	0.6561	FalseGround	Unlabelled	SPOkGoodGood	Alarm(_G_-ENTRY,enlist-52335)
293	0.6561	FalseGround	Unlabelled	SPOkGoodGood	Alarm(_G_-ENTRY,enlist-52355)
294	0.6561	FalseGround	Unlabelled	SPOkGoodGood	Alarm(_G_-ENTRY,epsclosure-48552)
295	0.6561	FalseGround	Unlabelled	SPOkGoodGood	Alarm(_G_-ENTRY,epsclosure-48554)
296	0.6561	FalseGround	Unlabelled	SPOkGoodGood	Alarm(_G_-ENTRY,find_pred-45256)
297	0.6561	FalseGround	Unlabelled	SPOkGoodGood	Alarm(_G_-ENTRY,fts_maxarglen-42335)
298	0.6561	FalseGround	Unlabelled	SPOkGoodGood	Alarm(_G_-ENTRY,hash_string-40359)
299	0.6561	FalseGround	Unlabelled	SPOkGoodGood	Alarm(_G_-ENTRY,prtext-55435)
300	0.6561	FalseGround	Unlabelled	SPOkGoodGood	Alarm(_G_-ENTRY,state_index-48464)
301	0.6561	FalseGround	Unlabelled	SPOkGoodGood	Alarm(_G_-ENTRY,state_index-48485)
302	0.6561	FalseGround	Unlabelled	SPOkGoodGood	Alarm(_G_-ENTRY,state_index-48494)
303	0.6561	FalseGround	Unlabelled	SPOkGoodGood	Alarm(_G_-ENTRY,state_index-48496)
304	0.6561	FalseGround	Unlabelled	SPOkGoodGood	Alarm(_G_-ENTRY,state_index-48497)
305	0.6561	FalseGround	Unlabelled	SPOkGoodGood	Alarm(_G_-ENTRY,Fexecute-44148)
306	0.6561	FalseGround	Unlabelled	SPOkGoodGood	Alarm(_G_-ENTRY,Fexecute-44149)
307	0.6561	FalseGround	Unlabelled	SPOkGoodGood	Alarm(_G_-ENTRY,comsubs-52399)
308	0.6561	FalseGround	Unlabelled	SPOkGoodGood	Alarm(_G_-ENTRY,comsubs-52400)
309	0.6561	FalseGround	Unlabelled	SPOkGoodGood	Alarm(_G_-ENTRY,comsubs-52401)
310	0.6561	FalseGround	Unlabelled	SPOkGoodGood	Alarm(_G_-ENTRY,comsubs-52402)
311	0.6561	FalseGround	Unlabelled	SPOkGoodGood	Alarm(_G_-ENTRY,enlist-52300)
312	0.6561	FalseGround	Unlabelled	SPOkGoodGood	Alarm(_G_-ENTRY,enlist-52301)
313	0.6561	FalseGround	Unlabelled	SPOkGoodGood	Alarm(_G_-ENTRY,enlist-52304)
314	0.6561	FalseGround	Unlabelled	SPOkGoodGood	Alarm(_G_-ENTRY,enlist-52305)
315	0.6561	FalseGround	Unlabelled	SPOkGoodGood	Alarm(_G_-ENTRY,epsclosure-48520)
316	0.6561	FalseGround	Unlabelled	SPOkGoodGood	Alarm(_G_-ENTRY,epsclosure-48521)
317	0.6561	FalseGround	Unlabelled	SPOkGoodGood	Alarm(_G_-ENTRY,epsclosure-48522)
318	0.6561	FalseGround	Unlabelled	SPOkGoodGood	Alarm(_G_-ENTRY,epsclosure-48523)
319	0.6561	FalseGround	Unlabelled	SPOkGoodGood	Alarm(_G_-ENTRY,epsclosure-48524)
320	0.6561	FalseGround	Unlabelled	SPOkGoodGood	Alarm(_G_-ENTRY,epsclosure-48525)
321	0.6561	FalseGround	Unlabelled	SPOkGoodGood	Alarm(_G_-ENTRY,epsclosure-48526)
322	0.6561	FalseGround	Unlabelled	SPOkGoodGood	Alarm(_G_-ENTRY,epsclosure-48527)
323	0.6561	FalseGround	Unlabelled	SPOkGoodGood	Alarm(_G_-ENTRY,epsclosure-48528)
324	0.6561	FalseGround	Unlabelled	SPOkGoodGood	Alarm(_G_-ENTRY,epsclosure-48529)
325	0.6561	FalseGround	Unlabelled	SPOkGoodGood	Alarm(_G_-ENTRY,find_pred-45844)
326	0.6561	FalseGround	Unlabelled	SPOkGoodGood	Alarm(_G_-ENTRY,find_pred-45845)
327	0.6561	FalseGround	Unlabelled	SPOkGoodGood	Alarm(_G_-ENTRY,fts_maxarglen-42330)
328	0.6561	FalseGround	Unlabelled	SPOkGoodGood	Alarm(_G_-ENTRY,fts_maxarglen-42331)
329	0.6561	FalseGround	Unlabelled	SPOkGoodGood	Alarm(_G_-ENTRY,get_charset_aliases-40019)
330	0.6561	FalseGround	Unlabelled	SPOkGoodGood	Alarm(_G_-ENTRY,get_charset_aliases-40020)
331	0.6561	FalseGround	Unlabelled	SPOkGoodGood	Alarm(_G_-ENTRY,inboth-52492)
332	0.6561	FalseGround	Unlabelled	SPOkGoodGood	Alarm(_G_-ENTRY,inboth-52493)
333	0.6561	FalseGround	Unlabelled	SPOkGoodGood	Alarm(_G_-ENTRY,inboth-52494)
334	0.6561	FalseGround	Unlabelled	SPOkGoodGood	Alarm(_G_-ENTRY,inboth-52495)
335	0.6561	FalseGround	Unlabelled	SPOkGoodGood	Alarm(_G_-ENTRY,kwsincr-44301)
336	0.6561	FalseGround	Unlabelled	SPOkGoodGood	Alarm(_G_-ENTRY,kwsincr-44302)
337	0.6561	FalseGround	Unlabelled	SPOkGoodGood	Alarm(_G_-ENTRY,kwsincr-44305)
338	0.6561	FalseGround	Unlabelled	SPOkGoodGood	Alarm(_G_-ENTRY,kwsincr-44306)
339	0.6561	FalseGround	Unlabelled	SPOkGoodGood	Alarm(_G_-ENTRY,parse_grep_colors-56360)
340	0.6561	FalseGround	Unlabelled	SPOkGoodGood	Alarm(_G_-ENTRY,parse_grep_colors-56361)
341	0.6561	FalseGround	Unlabelled	SPOkGoodGood	Alarm(_G_-ENTRY,prline-55301)
342	0.6561	FalseGround	Unlabelled	SPOkGoodGood	Alarm(_G_-ENTRY,prline-55302)
343	0.6561	FalseGround	Unlabelled	SPOkGoodGood	Alarm(_G_-ENTRY,prline-55303)
344	0.6561	FalseGround	Unlabelled	SPOkGoodGood	Alarm(_G_-ENTRY,prline-55304)
345	0.6561	FalseGround	Unlabelled	SPOkGoodGood	Alarm(_G_-ENTRY,prline-55309)
346	0.6561	FalseGround	Unlabelled	SPOkGoodGood	Alarm(_G_-ENTRY,prline-55310)
347	0.6561	FalseGround	Unlabelled	SPOkGoodGood	Alarm(_G_-ENTRY,prline-55313)
348	0.6561	FalseGround	Unlabelled	SPOkGoodGood	Alarm(_G_-ENTRY,prline-55314)
349	0.6561	FalseGround	Unlabelled	SPOkGoodGood	Alarm(_G_-ENTRY,state_index-48387)
350	0.6561	FalseGround	Unlabelled	SPOkGoodGood	Alarm(_G_-ENTRY,state_index-48388)
351	0.6561	FalseGround	Unlabelled	SPOkGoodGood	Alarm(_G_-ENTRY,state_index-48391)
352	0.6561	FalseGround	Unlabelled	SPOkGoodGood	Alarm(_G_-ENTRY,state_index-48392)
353	0.6561	FalseGround	Unlabelled	SPOkGoodGood	Alarm(_G_-ENTRY,state_index-48423)
354	0.6561	FalseGround	Unlabelled	SPOkGoodGood	Alarm(_G_-ENTRY,state_index-48424)
355	0.643384	FalseGround	Unlabelled	SPOkGoodGood	Alarm(_G_-ENTRY,hash_find_entry-40557)
356	0.639704	FalseGround	Unlabelled	SPOkGoodGood	Alarm(_G_-ENTRY,bmexec_trans-44835)
357	0.629836	FalseGround	Unlabelled	SPOkGoodGood	Alarm(_G_-ENTRY,transfer_entries-40597)
358	0.623151	FalseGround	Unlabelled	SPOkGoodGood	Alarm(_G_-ENTRY,resetmust-52679)
359	0.623151	FalseGround	Unlabelled	SPOkGoodGood	Alarm(_G_-ENTRY,cwexec-45025)
360	0.617904	FalseGround	Unlabelled	SPOkGoodGood	Alarm(_G_-ENTRY,file_is_binary-54876)
361	0.615163	FalseGround	Unlabelled	SPOkGoodGood	Alarm(_G_-ENTRY,hash_find_entry-40559)
362	0.611062	FalseGround	Unlabelled	SPOkGoodGood	Alarm(_G_-ENTRY,kwsincr-44343)
363	0.609064	FalseGround	Unlabelled	SPOkGoodGood	Alarm(_G_-ENTRY,prtext-55390)
364	0.609064	FalseGround	Unlabelled	SPOkGoodGood	Alarm(_G_-ENTRY,prtext-55391)
365	0.596024	FalseGround	Unlabelled	SPOkGoodGood	Alarm(_G_-ENTRY,i_ring_pop-40215)
366	0.596024	FalseGround	Unlabelled	SPOkGoodGood	Alarm(_G_-ENTRY,i_ring_pop-40216)
367	0.59318	FalseGround	Unlabelled	SPOkGoodGood	Alarm(_G_-ENTRY,mbs_to_wchar-45582)
368	0.590575	FalseGround	Unlabelled	SPOkGoodGood	Alarm(_G_-ENTRY,memchr2-39203)
369	0.590575	FalseGround	Unlabelled	SPOkGoodGood	Alarm(_G_-ENTRY,memchr2-39204)
370	0.590575	FalseGround	Unlabelled	SPOkGoodGood	Alarm(_G_-ENTRY,memchr2-39205)
371	0.590575	FalseGround	Unlabelled	SPOkGoodGood	Alarm(_G_-ENTRY,memchr2-39206)
372	0.59049	FalseGround	Unlabelled	SPOkGoodGood	Alarm(_G_-ENTRY,mbuiter_multi_next-38531)
373	0.59049	FalseGround	Unlabelled	SPOkGoodGood	Alarm(_G_-ENTRY,mbuiter_multi_next-38533)
374	0.59049	FalseGround	Unlabelled	SPOkGoodGood	Alarm(_G_-ENTRY,cwexec-45015)
375	0.59049	FalseGround	Unlabelled	SPOkGoodGood	Alarm(_G_-ENTRY,dfaexec-51823)
376	0.59049	FalseGround	Unlabelled	SPOkGoodGood	Alarm(_G_-ENTRY,dfaexec-51826)
377	0.59049	FalseGround	Unlabelled	SPOkGoodGood	Alarm(_G_-ENTRY,dfaexec-51827)
378	0.59049	FalseGround	Unlabelled	SPOkGoodGood	Alarm(_G_-ENTRY,dfaexec-51833)
379	0.59049	FalseGround	Unlabelled	SPOkGoodGood	Alarm(_G_-ENTRY,fillbuf-55048)
380	0.59049	FalseGround	Unlabelled	SPOkGoodGood	Alarm(_G_-ENTRY,fillbuf-55049)
381	0.59049	FalseGround	Unlabelled	SPOkGoodGood	Alarm(_G_-ENTRY,hash_lookup-37495)
382	0.59049	FalseGround	Unlabelled	SPOkGoodGood	Alarm(_G_-ENTRY,hash_lookup-37501)
383	0.59049	FalseGround	Unlabelled	SPOkGoodGood	Alarm(_G_-ENTRY,hash_lookup-40294)
384	0.59049	FalseGround	Unlabelled	SPOkGoodGood	Alarm(_G_-ENTRY,hash_lookup-40295)
385	0.59049	FalseGround	Unlabelled	SPOkGoodGood	Alarm(_G_-ENTRY,lex-47497)
386	0.59049	FalseGround	Unlabelled	SPOkGoodGood	Alarm(_G_-ENTRY,lex-47504)
387	0.59049	FalseGround	Unlabelled	SPOkGoodGood	Alarm(_G_-ENTRY,memchr2-39228)
388	0.59049	FalseGround	Unlabelled	SPOkGoodGood	Alarm(_G_-ENTRY,memchr2-39229)
389	0.59049	FalseGround	Unlabelled	SPOkGoodGood	Alarm(_G_-ENTRY,xmemdup-36567)
390	0.59049	FalseGround	Unlabelled	SPOkGoodGood	Alarm(_G_-ENTRY,hash_lookup-40283)
391	0.59049	FalseGround	Unlabelled	SPOkGoodGood	Alarm(_G_-ENTRY,hash_lookup-40284)
392	0.59049	FalseGround	Unlabelled	SPOkGoodGood	Alarm(_G_-ENTRY,hash_lookup-40287)
393	0.59049	FalseGround	Unlabelled	SPOkGoodGood	Alarm(_G_-ENTRY,hash_lookup-40288)
394	0.59049	FalseGround	Unlabelled	SPOkGoodGood	Alarm(_G_-ENTRY,lex-47340)
395	0.59049	FalseGround	Unlabelled	SPOkGoodGood	Alarm(_G_-ENTRY,lex-47341)
396	0.59049	FalseGround	Unlabelled	SPOkGoodGood	Alarm(_G_-ENTRY,lex-47348)
397	0.59049	FalseGround	Unlabelled	SPOkGoodGood	Alarm(_G_-ENTRY,lex-47349)
398	0.59049	FalseGround	Unlabelled	SPOkGoodGood	Alarm(_G_-ENTRY,lex-47354)
399	0.59049	FalseGround	Unlabelled	SPOkGoodGood	Alarm(_G_-ENTRY,lex-47355)
400	0.59049	FalseGround	Unlabelled	SPOkGoodGood	Alarm(_G_-ENTRY,lex-47364)
401	0.59049	FalseGround	Unlabelled	SPOkGoodGood	Alarm(_G_-ENTRY,lex-47365)
402	0.59049	FalseGround	Unlabelled	SPOkGoodGood	Alarm(_G_-ENTRY,lex-47368)
403	0.59049	FalseGround	Unlabelled	SPOkGoodGood	Alarm(_G_-ENTRY,lex-47369)
404	0.59049	FalseGround	Unlabelled	SPOkGoodGood	Alarm(_G_-ENTRY,locale_charset-40163)
405	0.59049	FalseGround	Unlabelled	SPOkGoodGood	Alarm(_G_-ENTRY,locale_charset-40164)
406	0.59049	FalseGround	Unlabelled	SPOkGoodGood	Alarm(_G_-ENTRY,nlscan-55116)
407	0.59049	FalseGround	Unlabelled	SPOkGoodGood	Alarm(_G_-ENTRY,parse_bracket_exp-46405)
408	0.59049	FalseGround	Unlabelled	SPOkGoodGood	Alarm(_G_-ENTRY,parse_bracket_exp-46406)
409	0.59049	FalseGround	Unlabelled	SPOkGoodGood	Alarm(_G_-ENTRY,delete-48372)
410	0.59049	FalseGround	Unlabelled	SPOkGoodGood	Alarm(_G_-ENTRY,delete-48373)
411	0.59049	FalseGround	Unlabelled	SPOkGoodGood	Alarm(_G_-ENTRY,dfaanalyze-48945)
412	0.59049	FalseGround	Unlabelled	SPOkGoodGood	Alarm(_G_-ENTRY,dfaanalyze-48946)
413	0.59049	FalseGround	Unlabelled	SPOkGoodGood	Alarm(_G_-ENTRY,dfaanalyze-48961)
414	0.59049	FalseGround	Unlabelled	SPOkGoodGood	Alarm(_G_-ENTRY,dfaanalyze-48962)
415	0.59049	FalseGround	Unlabelled	SPOkGoodGood	Alarm(_G_-ENTRY,dfaanalyze-48963)
416	0.59049	FalseGround	Unlabelled	SPOkGoodGood	Alarm(_G_-ENTRY,dfaanalyze-48964)
417	0.59049	FalseGround	Unlabelled	SPOkGoodGood	Alarm(_G_-ENTRY,dfaanalyze-48965)
418	0.59049	FalseGround	Unlabelled	SPOkGoodGood	Alarm(_G_-ENTRY,dfaanalyze-48966)
419	0.59049	FalseGround	Unlabelled	SPOkGoodGood	Alarm(_G_-ENTRY,dfaanalyze-48967)
420	0.59049	FalseGround	Unlabelled	SPOkGoodGood	Alarm(_G_-ENTRY,dfaanalyze-48968)
421	0.59049	FalseGround	Unlabelled	SPOkGoodGood	Alarm(_G_-ENTRY,dfaanalyze-48969)
422	0.59049	FalseGround	Unlabelled	SPOkGoodGood	Alarm(_G_-ENTRY,dfaanalyze-48970)
423	0.590251	FalseGround	Unlabelled	SPOkGoodGood	Alarm(_G_-ENTRY,setmatcher-56208)
424	0.589628	FalseGround	Unlabelled	SPOkGoodGood	Alarm(_G_-ENTRY,kwsmusts-45123)
425	0.589488	FalseGround	Unlabelled	SPOkGoodGood	Alarm(_G_-ENTRY,transit_state_singlebyte-50594)
426	0.589488	FalseGround	Unlabelled	SPOkGoodGood	Alarm(_G_-ENTRY,transit_state_singlebyte-50595)
427	0.589488	FalseGround	Unlabelled	SPOkGoodGood	Alarm(_G_-ENTRY,transit_state_singlebyte-50599)
428	0.588253	FalseGround	Unlabelled	SPOkGoodGood	Alarm(_G_-ENTRY,quotearg_buffer_restyled-38027)
429	0.588253	FalseGround	Unlabelled	SPOkGoodGood	Alarm(_G_-ENTRY,quotearg_buffer_restyled-38037)
430	0.588253	FalseGround	Unlabelled	SPOkGoodGood	Alarm(_G_-ENTRY,quotearg_buffer_restyled-38045)
431	0.588253	FalseGround	Unlabelled	SPOkGoodGood	Alarm(_G_-ENTRY,quotearg_buffer_restyled-38062)
432	0.588253	FalseGround	Unlabelled	SPOkGoodGood	Alarm(_G_-ENTRY,quotearg_buffer_restyled-38064)
433	0.588253	FalseGround	Unlabelled	SPOkGoodGood	Alarm(_G_-ENTRY,quotearg_buffer_restyled-38066)
434	0.588253	FalseGround	Unlabelled	SPOkGoodGood	Alarm(_G_-ENTRY,quotearg_buffer_restyled-38069)
435	0.588253	FalseGround	Unlabelled	SPOkGoodGood	Alarm(_G_-ENTRY,quotearg_buffer_restyled-38071)
436	0.588253	FalseGround	Unlabelled	SPOkGoodGood	Alarm(_G_-ENTRY,quotearg_buffer_restyled-38073)
437	0.588253	FalseGround	Unlabelled	SPOkGoodGood	Alarm(_G_-ENTRY,quotearg_buffer_restyled-38075)
438	0.588253	FalseGround	Unlabelled	SPOkGoodGood	Alarm(_G_-ENTRY,quotearg_buffer_restyled-38077)
439	0.588253	FalseGround	Unlabelled	SPOkGoodGood	Alarm(_G_-ENTRY,quotearg_buffer_restyled-38088)
440	0.588253	FalseGround	Unlabelled	SPOkGoodGood	Alarm(_G_-ENTRY,quotearg_buffer_restyled-38090)
441	0.588253	FalseGround	Unlabelled	SPOkGoodGood	Alarm(_G_-ENTRY,quotearg_buffer_restyled-38092)
442	0.588253	FalseGround	Unlabelled	SPOkGoodGood	Alarm(_G_-ENTRY,quotearg_buffer_restyled-38094)
443	0.588253	FalseGround	Unlabelled	SPOkGoodGood	Alarm(_G_-ENTRY,quotearg_buffer_restyled-38115)
444	0.588253	FalseGround	Unlabelled	SPOkGoodGood	Alarm(_G_-ENTRY,quotearg_buffer_restyled-38117)
445	0.588253	FalseGround	Unlabelled	SPOkGoodGood	Alarm(_G_-ENTRY,quotearg_buffer_restyled-38119)
446	0.588253	FalseGround	Unlabelled	SPOkGoodGood	Alarm(_G_-ENTRY,quotearg_buffer_restyled-38122)
447	0.588253	FalseGround	Unlabelled	SPOkGoodGood	Alarm(_G_-ENTRY,quotearg_buffer_restyled-38125)
448	0.588253	FalseGround	Unlabelled	SPOkGoodGood	Alarm(_G_-ENTRY,quotearg_buffer_restyled-38128)
449	0.588253	FalseGround	Unlabelled	SPOkGoodGood	Alarm(_G_-ENTRY,quotearg_buffer_restyled-38129)
450	0.588253	FalseGround	Unlabelled	SPOkGoodGood	Alarm(_G_-ENTRY,quotearg_buffer_restyled-38131)
451	0.588253	FalseGround	Unlabelled	SPOkGoodGood	Alarm(_G_-ENTRY,quotearg_buffer_restyled-38134)
452	0.588253	FalseGround	Unlabelled	SPOkGoodGood	Alarm(_G_-ENTRY,quotearg_buffer_restyled-37844)
453	0.588253	FalseGround	Unlabelled	SPOkGoodGood	Alarm(_G_-ENTRY,quotearg_buffer_restyled-37845)
454	0.588253	FalseGround	Unlabelled	SPOkGoodGood	Alarm(_G_-ENTRY,quotearg_buffer_restyled-37846)
455	0.588253	FalseGround	Unlabelled	SPOkGoodGood	Alarm(_G_-ENTRY,quotearg_buffer_restyled-37847)
456	0.588253	FalseGround	Unlabelled	SPOkGoodGood	Alarm(_G_-ENTRY,quotearg_buffer_restyled-37864)
457	0.588253	FalseGround	Unlabelled	SPOkGoodGood	Alarm(_G_-ENTRY,quotearg_buffer_restyled-37865)
458	0.588253	FalseGround	Unlabelled	SPOkGoodGood	Alarm(_G_-ENTRY,quotearg_buffer_restyled-37866)
459	0.588253	FalseGround	Unlabelled	SPOkGoodGood	Alarm(_G_-ENTRY,quotearg_buffer_restyled-37867)
460	0.588253	FalseGround	Unlabelled	SPOkGoodGood	Alarm(_G_-ENTRY,quotearg_buffer_restyled-37868)
461	0.588253	FalseGround	Unlabelled	SPOkGoodGood	Alarm(_G_-ENTRY,quotearg_buffer_restyled-37869)
462	0.588253	FalseGround	Unlabelled	SPOkGoodGood	Alarm(_G_-ENTRY,quotearg_buffer_restyled-37870)
463	0.588253	FalseGround	Unlabelled	SPOkGoodGood	Alarm(_G_-ENTRY,quotearg_buffer_restyled-37871)
464	0.588253	FalseGround	Unlabelled	SPOkGoodGood	Alarm(_G_-ENTRY,quotearg_buffer_restyled-37872)
465	0.588253	FalseGround	Unlabelled	SPOkGoodGood	Alarm(_G_-ENTRY,quotearg_buffer_restyled-37873)
466	0.588253	FalseGround	Unlabelled	SPOkGoodGood	Alarm(_G_-ENTRY,quotearg_buffer_restyled-37874)
467	0.588253	FalseGround	Unlabelled	SPOkGoodGood	Alarm(_G_-ENTRY,quotearg_buffer_restyled-37875)
468	0.588253	FalseGround	Unlabelled	SPOkGoodGood	Alarm(_G_-ENTRY,quotearg_buffer_restyled-37876)
469	0.588253	FalseGround	Unlabelled	SPOkGoodGood	Alarm(_G_-ENTRY,quotearg_buffer_restyled-37877)
470	0.588253	FalseGround	Unlabelled	SPOkGoodGood	Alarm(_G_-ENTRY,quotearg_buffer_restyled-37878)
471	0.588253	FalseGround	Unlabelled	SPOkGoodGood	Alarm(_G_-ENTRY,quotearg_buffer_restyled-37879)
472	0.588253	FalseGround	Unlabelled	SPOkGoodGood	Alarm(_G_-ENTRY,quotearg_buffer_restyled-37880)
473	0.588253	FalseGround	Unlabelled	SPOkGoodGood	Alarm(_G_-ENTRY,quotearg_buffer_restyled-37881)
474	0.588253	FalseGround	Unlabelled	SPOkGoodGood	Alarm(_G_-ENTRY,quotearg_buffer_restyled-37882)
475	0.588253	FalseGround	Unlabelled	SPOkGoodGood	Alarm(_G_-ENTRY,quotearg_buffer_restyled-37883)
476	0.588253	FalseGround	Unlabelled	SPOkGoodGood	Alarm(_G_-ENTRY,quotearg_buffer_restyled-37938)
477	0.588253	FalseGround	Unlabelled	SPOkGoodGood	Alarm(_G_-ENTRY,quotearg_buffer_restyled-37939)
478	0.588253	FalseGround	Unlabelled	SPOkGoodGood	Alarm(_G_-ENTRY,quotearg_buffer_restyled-37946)
479	0.588253	FalseGround	Unlabelled	SPOkGoodGood	Alarm(_G_-ENTRY,quotearg_buffer_restyled-37947)
480	0.588253	FalseGround	Unlabelled	SPOkGoodGood	Alarm(_G_-ENTRY,quotearg_buffer_restyled-37948)
481	0.588253	FalseGround	Unlabelled	SPOkGoodGood	Alarm(_G_-ENTRY,quotearg_buffer_restyled-37949)
482	0.588253	FalseGround	Unlabelled	SPOkGoodGood	Alarm(_G_-ENTRY,quotearg_buffer_restyled-37950)
483	0.588253	FalseGround	Unlabelled	SPOkGoodGood	Alarm(_G_-ENTRY,quotearg_buffer_restyled-37951)
484	0.588253	FalseGround	Unlabelled	SPOkGoodGood	Alarm(_G_-ENTRY,quotearg_buffer_restyled-37952)
485	0.588253	FalseGround	Unlabelled	SPOkGoodGood	Alarm(_G_-ENTRY,quotearg_buffer_restyled-37953)
486	0.588253	FalseGround	Unlabelled	SPOkGoodGood	Alarm(_G_-ENTRY,quotearg_buffer_restyled-37954)
487	0.588253	FalseGround	Unlabelled	SPOkGoodGood	Alarm(_G_-ENTRY,quotearg_buffer_restyled-37955)
488	0.588253	FalseGround	Unlabelled	SPOkGoodGood	Alarm(_G_-ENTRY,quotearg_buffer_restyled-37992)
489	0.588253	FalseGround	Unlabelled	SPOkGoodGood	Alarm(_G_-ENTRY,quotearg_buffer_restyled-37993)
490	0.579045	FalseGround	Unlabelled	SPOkGoodGood	Alarm(_G_-ENTRY,unescape_pattern-42615)
491	0.579045	FalseGround	Unlabelled	SPOkGoodGood	Alarm(_G_-ENTRY,unescape_pattern-42616)
492	0.576061	FalseGround	Unlabelled	SPOkGoodGood	Alarm(_G_-ENTRY,parse_grep_colors-56405)
493	0.57599	FalseGround	Unlabelled	SPOkGoodGood	Alarm(_G_-ENTRY,transfer_entries-40591)
494	0.573972	FalseGround	Unlabelled	SPOkGoodGood	Alarm(_G_-ENTRY,add_exclude-42982)
495	0.573972	FalseGround	Unlabelled	SPOkGoodGood	Alarm(_G_-ENTRY,add_exclude-42920)
496	0.573972	FalseGround	Unlabelled	SPOkGoodGood	Alarm(_G_-ENTRY,add_exclude-42921)
497	0.572846	FalseGround	Unlabelled	SPOkGoodGood	Alarm(_G_-ENTRY,transfer_entries-40595)
498	0.572846	FalseGround	Unlabelled	SPOkGoodGood	Alarm(_G_-ENTRY,transfer_entries-40613)
499	0.559275	FalseGround	Unlabelled	SPOkGoodGood	Alarm(_G_-ENTRY,hash_find_entry-40558)
500	0.554872	FalseGround	Unlabelled	SPOkGoodGood	Alarm(_G_-ENTRY,add_exclude_fp-43055)
501	0.554872	FalseGround	Unlabelled	SPOkGoodGood	Alarm(_G_-ENTRY,add_exclude_fp-43056)
502	0.551164	FalseGround	Unlabelled	SPOkGoodGood	Alarm(_G_-ENTRY,dfastate-49770)
503	0.537147	FalseGround	Unlabelled	SPOkGoodGood	Alarm(_G_-ENTRY,add_exclude_fp-43113)
504	0.536421	FalseGround	Unlabelled	SPOkGoodGood	Alarm(_G_-ENTRY,parse_bracket_exp-46815)
505	0.532282	FalseGround	Unlabelled	SPOkGoodGood	Alarm(_G_-ENTRY,locale_charset-40159)
506	0.532282	FalseGround	Unlabelled	SPOkGoodGood	Alarm(_G_-ENTRY,locale_charset-40160)
507	0.532282	FalseGround	Unlabelled	SPOkGoodGood	Alarm(_G_-ENTRY,locale_charset-40161)
508	0.532282	FalseGround	Unlabelled	SPOkGoodGood	Alarm(_G_-ENTRY,locale_charset-40162)
509	0.531441	FalseGround	Unlabelled	SPOkGoodGood	Alarm(_G_-ENTRY,get_charset_aliases-40075)
510	0.531441	FalseGround	Unlabelled	SPOkGoodGood	Alarm(_G_-ENTRY,get_nondigit_option-56352)
511	0.531441	FalseGround	Unlabelled	SPOkGoodGood	Alarm(_G_-ENTRY,addlists-52434)
512	0.531441	FalseGround	Unlabelled	SPOkGoodGood	Alarm(_G_-ENTRY,cwexec-44981)
513	0.531441	FalseGround	Unlabelled	SPOkGoodGood	Alarm(_G_-ENTRY,cwexec-44993)
514	0.531441	FalseGround	Unlabelled	SPOkGoodGood	Alarm(_G_-ENTRY,delete-48381)
515	0.531441	FalseGround	Unlabelled	SPOkGoodGood	Alarm(_G_-ENTRY,dfaexec-51835)
516	0.531441	FalseGround	Unlabelled	SPOkGoodGood	Alarm(_G_-ENTRY,dfaexec-51842)
517	0.531441	FalseGround	Unlabelled	SPOkGoodGood	Alarm(_G_-ENTRY,dfaexec-51847)
518	0.531441	FalseGround	Unlabelled	SPOkGoodGood	Alarm(_G_-ENTRY,print_offset-55146)
519	0.531441	FalseGround	Unlabelled	SPOkGoodGood	Alarm(_G_-ENTRY,prtext-55429)
520	0.531441	FalseGround	Unlabelled	SPOkGoodGood	Alarm(_G_-ENTRY,addlists-52432)
521	0.531441	FalseGround	Unlabelled	SPOkGoodGood	Alarm(_G_-ENTRY,addlists-52433)
522	0.531441	FalseGround	Unlabelled	SPOkGoodGood	Alarm(_G_-ENTRY,cwexec-45002)
523	0.531441	FalseGround	Unlabelled	SPOkGoodGood	Alarm(_G_-ENTRY,dfaexec-51743)
524	0.531441	FalseGround	Unlabelled	SPOkGoodGood	Alarm(_G_-ENTRY,dfaexec-51744)
525	0.531441	FalseGround	Unlabelled	SPOkGoodGood	Alarm(_G_-ENTRY,dfaexec-51745)
526	0.531441	FalseGround	Unlabelled	SPOkGoodGood	Alarm(_G_-ENTRY,dfaexec-51746)
527	0.531441	FalseGround	Unlabelled	SPOkGoodGood	Alarm(_G_-ENTRY,dfaexec-51757)
528	0.531441	FalseGround	Unlabelled	SPOkGoodGood	Alarm(_G_-ENTRY,dfaexec-51758)
529	0.531441	FalseGround	Unlabelled	SPOkGoodGood	Alarm(_G_-ENTRY,dfaexec-51759)
530	0.531441	FalseGround	Unlabelled	SPOkGoodGood	Alarm(_G_-ENTRY,dfaexec-51760)
531	0.531441	FalseGround	Unlabelled	SPOkGoodGood	Alarm(_G_-ENTRY,hash_delete-40747)
532	0.531441	FalseGround	Unlabelled	SPOkGoodGood	Alarm(_G_-ENTRY,hash_delete-40748)
533	0.531441	FalseGround	Unlabelled	SPOkGoodGood	Alarm(_G_-ENTRY,pr_sgr_start-54804)
534	0.531441	FalseGround	Unlabelled	SPOkGoodGood	Alarm(_G_-ENTRY,pr_sgr_start-54805)
535	0.531293	FalseGround	Unlabelled	SPOkGoodGood	Alarm(_G_-ENTRY,grep-55581)
536	0.531293	FalseGround	Unlabelled	SPOkGoodGood	Alarm(_G_-ENTRY,grep-55582)
537	0.529314	FalseGround	Unlabelled	SPOkGoodGood	Alarm(_G_-ENTRY,freelist-52215)
538	0.525302	FalseGround	Unlabelled	SPOkGoodGood	Alarm(_G_-ENTRY,parse_bracket_exp-46679)
539	0.525302	FalseGround	Unlabelled	SPOkGoodGood	Alarm(_G_-ENTRY,parse_bracket_exp-46787)
540	0.525302	FalseGround	Unlabelled	SPOkGoodGood	Alarm(_G_-ENTRY,parse_bracket_exp-46800)
541	0.521423	FalseGround	Unlabelled	SPOkGoodGood	Alarm(_G_-ENTRY,parse_bracket_exp-46665)
542	0.521423	FalseGround	Unlabelled	SPOkGoodGood	Alarm(_G_-ENTRY,parse_bracket_exp-46774)
543	0.518161	FalseGround	Unlabelled	SPOkGoodGood	Alarm(_G_-ENTRY,memchr_kwset-44776)
544	0.51804	FalseGround	Unlabelled	SPOkGoodGood	Alarm(_G_-ENTRY,hash_insert_if_absent-40719)
545	0.515493	FalseGround	Unlabelled	SPOkGoodGood	Alarm(_G_-ENTRY,prepend_default_options-56309)
546	0.511678	FalseGround	Unlabelled	SPOkGoodGood	Alarm(_G_-ENTRY,file_name_matches-42850)
547	0.508431	FalseGround	Unlabelled	SPOkGoodGood	Alarm(_G_-ENTRY,transit_state-51428)
548	0.505691	FalseGround	Unlabelled	SPOkGoodGood	Alarm(_G_-ENTRY,transfer_entries-40576)
549	0.505691	FalseGround	Unlabelled	SPOkGoodGood	Alarm(_G_-ENTRY,transfer_entries-40577)
550	0.499758	FalseGround	Unlabelled	SPOkGoodGood	Alarm(_G_-ENTRY,get_charset_aliases-40074)
551	0.495475	FalseGround	Unlabelled	SPOkGoodGood	Alarm(_G_-ENTRY,do_execute-55483)
552	0.488778	FalseGround	Unlabelled	SPOkGoodGood	Alarm(_G_-ENTRY,string_hasher_ci-42663)
553	0.482779	FalseGround	Unlabelled	SPOkGoodGood	Alarm(_G_-ENTRY,prepend_default_options-56308)
554	0.482779	FalseGround	Unlabelled	SPOkGoodGood	Alarm(_G_-ENTRY,prepend_default_options-56270)
555	0.482269	FalseGround	Unlabelled	SPOkGoodGood	Alarm(_G_-ENTRY,prepend_args-56244)
556	0.478297	FalseGround	Unlabelled	SPOkGoodGood	Alarm(_G_-ENTRY,mbuiter_multi_next-38525)
557	0.478297	FalseGround	Unlabelled	SPOkGoodGood	Alarm(_G_-ENTRY,mbuiter_multi_next-38526)
558	0.478297	FalseGround	Unlabelled	SPOkGoodGood	Alarm(_G_-ENTRY,find_pred-45849)
559	0.478297	FalseGround	Unlabelled	SPOkGoodGood	Alarm(_G_-ENTRY,get_charset_aliases-40103)
560	0.478297	FalseGround	Unlabelled	SPOkGoodGood	Alarm(_G_-ENTRY,main-57566)
561	0.478297	FalseGround	Unlabelled	SPOkGoodGood	Alarm(_G_-ENTRY,mbtoupper-54685)
562	0.478297	FalseGround	Unlabelled	SPOkGoodGood	Alarm(_G_-ENTRY,mbtoupper-54690)
563	0.478297	FalseGround	Unlabelled	SPOkGoodGood	Alarm(_G_-ENTRY,mbtoupper-54706)
564	0.478297	FalseGround	Unlabelled	SPOkGoodGood	Alarm(_G_-ENTRY,parse_bracket_exp-46688)
565	0.478297	FalseGround	Unlabelled	SPOkGoodGood	Alarm(_G_-ENTRY,prepend_args-56247)
566	0.478297	FalseGround	Unlabelled	SPOkGoodGood	Alarm(_G_-ENTRY,kwsincr-44297)
567	0.478297	FalseGround	Unlabelled	SPOkGoodGood	Alarm(_G_-ENTRY,kwsincr-44298)
568	0.478297	FalseGround	Unlabelled	SPOkGoodGood	Alarm(_G_-ENTRY,kwsincr-44313)
569	0.478297	FalseGround	Unlabelled	SPOkGoodGood	Alarm(_G_-ENTRY,kwsincr-44314)
570	0.478297	FalseGround	Unlabelled	SPOkGoodGood	Alarm(_G_-ENTRY,kwsincr-44315)
571	0.478297	FalseGround	Unlabelled	SPOkGoodGood	Alarm(_G_-ENTRY,kwsincr-44316)
572	0.478297	FalseGround	Unlabelled	SPOkGoodGood	Alarm(_G_-ENTRY,kwsincr-44321)
573	0.478297	FalseGround	Unlabelled	SPOkGoodGood	Alarm(_G_-ENTRY,kwsincr-44322)
574	0.478297	FalseGround	Unlabelled	SPOkGoodGood	Alarm(_G_-ENTRY,kwsincr-44323)
575	0.478297	FalseGround	Unlabelled	SPOkGoodGood	Alarm(_G_-ENTRY,kwsincr-44324)
576	0.478297	FalseGround	Unlabelled	SPOkGoodGood	Alarm(_G_-ENTRY,kwsincr-44329)
577	0.478297	FalseGround	Unlabelled	SPOkGoodGood	Alarm(_G_-ENTRY,kwsincr-44330)
578	0.478297	FalseGround	Unlabelled	SPOkGoodGood	Alarm(_G_-ENTRY,dfaexec-51773)
579	0.478297	FalseGround	Unlabelled	SPOkGoodGood	Alarm(_G_-ENTRY,dfaexec-51774)
580	0.478297	FalseGround	Unlabelled	SPOkGoodGood	Alarm(_G_-ENTRY,dfaexec-51850)
581	0.478297	FalseGround	Unlabelled	SPOkGoodGood	Alarm(_G_-ENTRY,file_name_matches-42846)
582	0.478297	FalseGround	Unlabelled	SPOkGoodGood	Alarm(_G_-ENTRY,hash_free-40508)
583	0.478297	FalseGround	Unlabelled	SPOkGoodGood	Alarm(_G_-ENTRY,i_ring_push-40204)
584	0.478297	FalseGround	Unlabelled	SPOkGoodGood	Alarm(_G_-ENTRY,i_ring_push-40205)
585	0.478297	FalseGround	Unlabelled	SPOkGoodGood	Alarm(_G_-ENTRY,memchr_kwset-44784)
586	0.477485	FalseGround	Unlabelled	SPOkGoodGood	Alarm(_G_-ENTRY,transit_state_singlebyte-50590)
587	0.477485	FalseGround	Unlabelled	SPOkGoodGood	Alarm(_G_-ENTRY,transit_state_singlebyte-50591)
588	0.469764	FalseGround	Unlabelled	SPOkGoodGood	Alarm(_G_-ENTRY,match_anychar-50620)
589	0.469764	FalseGround	Unlabelled	SPOkGoodGood	Alarm(_G_-ENTRY,match_anychar-50621)
590	0.469764	FalseGround	Unlabelled	SPOkGoodGood	Alarm(_G_-ENTRY,match_mb_charset-50648)
591	0.469764	FalseGround	Unlabelled	SPOkGoodGood	Alarm(_G_-ENTRY,match_mb_charset-50649)
592	0.4655	FalseGround	Unlabelled	SPOkGoodGood	Alarm(_G_-ENTRY,parse_bracket_exp-46633)
593	0.463528	FalseGround	Unlabelled	SPOkGoodGood	Alarm(_G_-ENTRY,dfaexec-51810)
594	0.463528	FalseGround	Unlabelled	SPOkGoodGood	Alarm(_G_-ENTRY,dfaexec-51818)
595	0.450452	FalseGround	Unlabelled	SPOkGoodGood	Alarm(_G_-ENTRY,file_is_binary-54875)
596	0.436889	FalseGround	Unlabelled	SPOkGoodGood	Alarm(_G_-ENTRY,build_state-50191)
597	0.436889	FalseGround	Unlabelled	SPOkGoodGood	Alarm(_G_-ENTRY,build_state-50192)
598	0.436889	FalseGround	Unlabelled	SPOkGoodGood	Alarm(_G_-ENTRY,build_state-50193)
599	0.436889	FalseGround	Unlabelled	SPOkGoodGood	Alarm(_G_-ENTRY,build_state-50194)
600	0.436889	FalseGround	Unlabelled	SPOkGoodGood	Alarm(_G_-ENTRY,build_state-50195)
601	0.436889	FalseGround	Unlabelled	SPOkGoodGood	Alarm(_G_-ENTRY,build_state-50196)
602	0.43491	FalseGround	Unlabelled	SPOkGoodGood	Alarm(_G_-ENTRY,get_nondigit_option-56350)
603	0.430467	FalseGround	Unlabelled	SPOkGoodGood	Alarm(_G_-ENTRY,dfastate-49733)
604	0.430467	FalseGround	Unlabelled	SPOkGoodGood	Alarm(_G_-ENTRY,dfastate-49734)
605	0.430467	FalseGround	Unlabelled	SPOkGoodGood	Alarm(_G_-ENTRY,hash_insert_if_absent-40718)
606	0.430467	FalseGround	Unlabelled	SPOkGoodGood	Alarm(_G_-ENTRY,lex-47499)
607	0.430467	FalseGround	Unlabelled	SPOkGoodGood	Alarm(_G_-ENTRY,parse_bracket_exp-46646)
608	0.430467	FalseGround	Unlabelled	SPOkGoodGood	Alarm(_G_-ENTRY,parse_bracket_exp-46697)
609	0.430467	FalseGround	Unlabelled	SPOkGoodGood	Alarm(_G_-ENTRY,lex-47344)
610	0.430467	FalseGround	Unlabelled	SPOkGoodGood	Alarm(_G_-ENTRY,lex-47345)
611	0.430467	FalseGround	Unlabelled	SPOkGoodGood	Alarm(_G_-ENTRY,dfaanalyze-48931)
612	0.430467	FalseGround	Unlabelled	SPOkGoodGood	Alarm(_G_-ENTRY,dfaanalyze-48932)
613	0.430467	FalseGround	Unlabelled	SPOkGoodGood	Alarm(_G_-ENTRY,dfaanalyze-48933)
614	0.430467	FalseGround	Unlabelled	SPOkGoodGood	Alarm(_G_-ENTRY,dfaanalyze-48934)
615	0.430467	FalseGround	Unlabelled	SPOkGoodGood	Alarm(_G_-ENTRY,dfaanalyze-48935)
616	0.430467	FalseGround	Unlabelled	SPOkGoodGood	Alarm(_G_-ENTRY,dfaanalyze-48936)
617	0.430467	FalseGround	Unlabelled	SPOkGoodGood	Alarm(_G_-ENTRY,dfaanalyze-48937)
618	0.430467	FalseGround	Unlabelled	SPOkGoodGood	Alarm(_G_-ENTRY,dfaanalyze-48938)
619	0.430467	FalseGround	Unlabelled	SPOkGoodGood	Alarm(_G_-ENTRY,dfaanalyze-48939)
620	0.430467	FalseGround	Unlabelled	SPOkGoodGood	Alarm(_G_-ENTRY,dfaanalyze-48940)
621	0.430467	FalseGround	Unlabelled	SPOkGoodGood	Alarm(_G_-ENTRY,dfaanalyze-48941)
622	0.430467	FalseGround	Unlabelled	SPOkGoodGood	Alarm(_G_-ENTRY,dfaanalyze-48942)
623	0.430467	FalseGround	Unlabelled	SPOkGoodGood	Alarm(_G_-ENTRY,pr_sgr_end-54808)
624	0.430467	FalseGround	Unlabelled	SPOkGoodGood	Alarm(_G_-ENTRY,pr_sgr_end-54809)
625	0.42892	FalseGround	Unlabelled	SPOkGoodGood	Alarm(_G_-ENTRY,parse_grep_colors-56400)
626	0.422124	FalseGround	Unlabelled	SPOkGoodGood	Alarm(_G_-ENTRY,fts_open-41006)
627	0.422124	FalseGround	Unlabelled	SPOkGoodGood	Alarm(_G_-ENTRY,fts_open-41007)
628	0.422124	FalseGround	Unlabelled	SPOkGoodGood	Alarm(_G_-ENTRY,fts_open-41010)
629	0.422124	FalseGround	Unlabelled	SPOkGoodGood	Alarm(_G_-ENTRY,fts_open-41011)
630	0.421592	FalseGround	Unlabelled	SPOkGoodGood	Alarm(_G_-ENTRY,prepend_args-56257)
631	0.419057	FalseGround	Unlabelled	SPOkGoodGood	Alarm(_G_-ENTRY,mb_case_map_apply-44095)
632	0.404804	FalseGround	Unlabelled	SPOkGoodGood	Alarm(_G_-ENTRY,mbsstr-39624)
633	0.404804	FalseGround	Unlabelled	SPOkGoodGood	Alarm(_G_-ENTRY,mbsstr-39625)
634	0.404804	FalseGround	Unlabelled	SPOkGoodGood	Alarm(_G_-ENTRY,mbsstr-39634)
635	0.404804	FalseGround	Unlabelled	SPOkGoodGood	Alarm(_G_-ENTRY,mbsstr-39635)
636	0.404804	FalseGround	Unlabelled	SPOkGoodGood	Alarm(_G_-ENTRY,mbsstr-39640)
637	0.404804	FalseGround	Unlabelled	SPOkGoodGood	Alarm(_G_-ENTRY,mbsstr-39641)
638	0.404804	FalseGround	Unlabelled	SPOkGoodGood	Alarm(_G_-ENTRY,print_line_tail-55263)
639	0.404804	FalseGround	Unlabelled	SPOkGoodGood	Alarm(_G_-ENTRY,print_line_tail-55264)
640	0.403835	FalseGround	Unlabelled	SPOkGoodGood	Alarm(_G_-ENTRY,print_offset-55151)
641	0.402624	FalseGround	Unlabelled	SPOkGoodGood	Alarm(_G_-ENTRY,memchr2-39209)
642	0.401799	FalseGround	Unlabelled	SPOkGoodGood	Alarm(_G_-ENTRY,build_state-50241)
643	0.401799	FalseGround	Unlabelled	SPOkGoodGood	Alarm(_G_-ENTRY,build_state-50242)
644	0.391051	FalseGround	Unlabelled	SPOkGoodGood	Alarm(_G_-ENTRY,prepend_default_options-56269)
645	0.388026	FalseGround	Unlabelled	SPOkGoodGood	Alarm(_G_-ENTRY,Pcompile-43841)
646	0.388026	FalseGround	Unlabelled	SPOkGoodGood	Alarm(_G_-ENTRY,Pcompile-43851)
647	0.38742	FalseGround	Unlabelled	SPOkGoodGood	Alarm(_G_-ENTRY,lex-47250)
648	0.38742	FalseGround	Unlabelled	SPOkGoodGood	Alarm(_G_-ENTRY,lex-47251)
649	0.38742	FalseGround	Unlabelled	SPOkGoodGood	Alarm(_G_-ENTRY,lex-47254)
650	0.38742	FalseGround	Unlabelled	SPOkGoodGood	Alarm(_G_-ENTRY,lex-47255)
651	0.38742	FalseGround	Unlabelled	SPOkGoodGood	Alarm(_G_-ENTRY,lex-47256)
652	0.38742	FalseGround	Unlabelled	SPOkGoodGood	Alarm(_G_-ENTRY,lex-47257)
653	0.38742	FalseGround	Unlabelled	SPOkGoodGood	Alarm(_G_-ENTRY,lex-47264)
654	0.38742	FalseGround	Unlabelled	SPOkGoodGood	Alarm(_G_-ENTRY,lex-47265)
655	0.38742	FalseGround	Unlabelled	SPOkGoodGood	Alarm(_G_-ENTRY,lex-47268)
656	0.38742	FalseGround	Unlabelled	SPOkGoodGood	Alarm(_G_-ENTRY,lex-47269)
657	0.38742	FalseGround	Unlabelled	SPOkGoodGood	Alarm(_G_-ENTRY,lex-47270)
658	0.38742	FalseGround	Unlabelled	SPOkGoodGood	Alarm(_G_-ENTRY,lex-47271)
659	0.38742	FalseGround	Unlabelled	SPOkGoodGood	Alarm(_G_-ENTRY,lex-47278)
660	0.38742	FalseGround	Unlabelled	SPOkGoodGood	Alarm(_G_-ENTRY,lex-47279)
661	0.38742	FalseGround	Unlabelled	SPOkGoodGood	Alarm(_G_-ENTRY,prepend_args-56229)
662	0.38742	FalseGround	Unlabelled	SPOkGoodGood	Alarm(_G_-ENTRY,prepend_args-56230)
663	0.38742	FalseGround	Unlabelled	SPOkGoodGood	Alarm(_G_-ENTRY,transit_state_consume_1char-50751)
664	0.38742	FalseGround	Unlabelled	SPOkGoodGood	Alarm(_G_-ENTRY,transit_state_consume_1char-50752)
665	0.38742	FalseGround	Unlabelled	SPOkGoodGood	Alarm(_G_-ENTRY,addtok-47758)
666	0.375458	FalseGround	Unlabelled	SPOkGoodGood	Alarm(_G_-ENTRY,dfaexec-51729)
667	0.375458	FalseGround	Unlabelled	SPOkGoodGood	Alarm(_G_-ENTRY,dfaexec-51730)
668	0.375458	FalseGround	Unlabelled	SPOkGoodGood	Alarm(_G_-ENTRY,dfaexec-51731)
669	0.375458	FalseGround	Unlabelled	SPOkGoodGood	Alarm(_G_-ENTRY,dfaexec-51732)
670	0.373623	FalseGround	Unlabelled	SPOkGoodGood	Alarm(_G_-ENTRY,knuth_morris_pratt_multibyte-39444)
671	0.373623	FalseGround	Unlabelled	SPOkGoodGood	Alarm(_G_-ENTRY,knuth_morris_pratt_multibyte-39445)
672	0.373623	FalseGround	Unlabelled	SPOkGoodGood	Alarm(_G_-ENTRY,knuth_morris_pratt_multibyte-39446)
673	0.373623	FalseGround	Unlabelled	SPOkGoodGood	Alarm(_G_-ENTRY,knuth_morris_pratt_multibyte-39472)
674	0.373623	FalseGround	Unlabelled	SPOkGoodGood	Alarm(_G_-ENTRY,parse_grep_colors-56397)
675	0.373623	FalseGround	Unlabelled	SPOkGoodGood	Alarm(_G_-ENTRY,parse_grep_colors-56402)
676	0.373623	FalseGround	Unlabelled	SPOkGoodGood	Alarm(_G_-ENTRY,parse_grep_colors-56404)
677	0.361619	FalseGround	Unlabelled	SPOkGoodGood	Alarm(_G_-ENTRY,dfastate-49655)
678	0.361619	FalseGround	Unlabelled	SPOkGoodGood	Alarm(_G_-ENTRY,dfastate-49656)
679	0.361619	FalseGround	Unlabelled	SPOkGoodGood	Alarm(_G_-ENTRY,dfastate-49659)
680	0.361619	FalseGround	Unlabelled	SPOkGoodGood	Alarm(_G_-ENTRY,dfastate-49660)
681	0.361619	FalseGround	Unlabelled	SPOkGoodGood	Alarm(_G_-ENTRY,dfastate-49663)
682	0.361619	FalseGround	Unlabelled	SPOkGoodGood	Alarm(_G_-ENTRY,dfastate-49664)
683	0.351375	FalseGround	Unlabelled	SPOkGoodGood	Alarm(_G_-ENTRY,mbsstr-39642)
684	0.351375	FalseGround	Unlabelled	SPOkGoodGood	Alarm(_G_-ENTRY,mbsstr-39643)
685	0.351375	FalseGround	Unlabelled	SPOkGoodGood	Alarm(_G_-ENTRY,mbsstr-39644)
686	0.351375	FalseGround	Unlabelled	SPOkGoodGood	Alarm(_G_-ENTRY,mbsstr-39645)
687	0.351375	FalseGround	Unlabelled	SPOkGoodGood	Alarm(_G_-ENTRY,mbsstr-39646)
688	0.351375	FalseGround	Unlabelled	SPOkGoodGood	Alarm(_G_-ENTRY,mbsstr-39647)
689	0.348678	FalseGround	Unlabelled	SPOkGoodGood	Alarm(_G_-ENTRY,hash_free-40504)
690	0.348678	FalseGround	Unlabelled	SPOkGoodGood	Alarm(_G_-ENTRY,hash_free-40505)
691	0.348678	FalseGround	Unlabelled	SPOkGoodGood	Alarm(_G_-ENTRY,hash_free-40492)
692	0.348678	FalseGround	Unlabelled	SPOkGoodGood	Alarm(_G_-ENTRY,hash_free-40493)
693	0.337957	FalseGround	Unlabelled	SPOkGoodGood	Alarm(_G_-ENTRY,mbsstr_trimmed_wordbounded-38596)
694	0.337957	FalseGround	Unlabelled	SPOkGoodGood	Alarm(_G_-ENTRY,mbsstr_trimmed_wordbounded-38597)
695	0.328199	FalseGround	Unlabelled	SPOkGoodGood	Alarm(_G_-ENTRY,parse_bracket_exp-46888)
696	0.326125	FalseGround	Unlabelled	SPOkGoodGood	Alarm(_G_-ENTRY,memchr2-39189)
697	0.326125	FalseGround	Unlabelled	SPOkGoodGood	Alarm(_G_-ENTRY,memchr2-39190)
698	0.326125	FalseGround	Unlabelled	SPOkGoodGood	Alarm(_G_-ENTRY,memchr2-39191)
699	0.326125	FalseGround	Unlabelled	SPOkGoodGood	Alarm(_G_-ENTRY,memchr2-39192)
700	0.313811	FalseGround	Unlabelled	SPOkGoodGood	Alarm(_G_-ENTRY,add_exclude-43006)
701	0.313811	FalseGround	Unlabelled	SPOkGoodGood	Alarm(_G_-ENTRY,knuth_morris_pratt_multibyte-39462)
702	0.313811	FalseGround	Unlabelled	SPOkGoodGood	Alarm(_G_-ENTRY,knuth_morris_pratt_multibyte-39463)
703	0.313811	FalseGround	Unlabelled	SPOkGoodGood	Alarm(_G_-ENTRY,trim2-37125)
704	0.313811	FalseGround	Unlabelled	SPOkGoodGood	Alarm(_G_-ENTRY,print_line_tail-55259)
705	0.313811	FalseGround	Unlabelled	SPOkGoodGood	Alarm(_G_-ENTRY,print_line_tail-55260)
706	0.313344	FalseGround	Unlabelled	SPOkGoodGood	Alarm(_G_-ENTRY,Pcompile-43832)
707	0.309263	FalseGround	Unlabelled	SPOkGoodGood	Alarm(_G_-ENTRY,mb_copy-36973)
708	0.309263	FalseGround	Unlabelled	SPOkGoodGood	Alarm(_G_-ENTRY,mb_copy-36974)
709	0.309263	FalseGround	Unlabelled	SPOkGoodGood	Alarm(_G_-ENTRY,mb_copy-36975)
710	0.309263	FalseGround	Unlabelled	SPOkGoodGood	Alarm(_G_-ENTRY,mb_copy-36976)
711	0.309263	FalseGround	Unlabelled	SPOkGoodGood	Alarm(_G_-ENTRY,mb_copy-36978)
712	0.309263	FalseGround	Unlabelled	SPOkGoodGood	Alarm(_G_-ENTRY,mb_copy-36979)
713	0.309263	FalseGround	Unlabelled	SPOkGoodGood	Alarm(_G_-ENTRY,trim2-37148)
714	0.302634	FalseGround	Unlabelled	SPOkGoodGood	Alarm(_G_-ENTRY,parse_grep_colors-56362)
715	0.302634	FalseGround	Unlabelled	SPOkGoodGood	Alarm(_G_-ENTRY,parse_grep_colors-56363)
716	0.302634	FalseGround	Unlabelled	SPOkGoodGood	Alarm(_G_-ENTRY,parse_grep_colors-56364)
717	0.302634	FalseGround	Unlabelled	SPOkGoodGood	Alarm(_G_-ENTRY,parse_grep_colors-56365)
718	0.302634	FalseGround	Unlabelled	SPOkGoodGood	Alarm(_G_-ENTRY,parse_grep_colors-56370)
719	0.302634	FalseGround	Unlabelled	SPOkGoodGood	Alarm(_G_-ENTRY,parse_grep_colors-56371)
720	0.302634	FalseGround	Unlabelled	SPOkGoodGood	Alarm(_G_-ENTRY,parse_grep_colors-56374)
721	0.302634	FalseGround	Unlabelled	SPOkGoodGood	Alarm(_G_-ENTRY,parse_grep_colors-56375)
722	0.302634	FalseGround	Unlabelled	SPOkGoodGood	Alarm(_G_-ENTRY,parse_grep_colors-56378)
723	0.302634	FalseGround	Unlabelled	SPOkGoodGood	Alarm(_G_-ENTRY,parse_grep_colors-56379)
724	0.302634	FalseGround	Unlabelled	SPOkGoodGood	Alarm(_G_-ENTRY,parse_grep_colors-56386)
725	0.302634	FalseGround	Unlabelled	SPOkGoodGood	Alarm(_G_-ENTRY,parse_grep_colors-56387)
726	0.302634	FalseGround	Unlabelled	SPOkGoodGood	Alarm(_G_-ENTRY,parse_grep_colors-56388)
727	0.302634	FalseGround	Unlabelled	SPOkGoodGood	Alarm(_G_-ENTRY,parse_grep_colors-56389)
728	0.302634	FalseGround	Unlabelled	SPOkGoodGood	Alarm(_G_-ENTRY,parse_grep_colors-56390)
729	0.302634	FalseGround	Unlabelled	SPOkGoodGood	Alarm(_G_-ENTRY,parse_grep_colors-56391)
730	0.302203	FalseGround	Unlabelled	SPOkGoodGood	Alarm(_G_-ENTRY,knuth_morris_pratt_multibyte-39366)
731	0.302203	FalseGround	Unlabelled	SPOkGoodGood	Alarm(_G_-ENTRY,knuth_morris_pratt_multibyte-39367)
732	0.301226	FalseGround	Unlabelled	SPOkGoodGood	Alarm(_G_-ENTRY,transfer_entries-40596)
733	0.301226	FalseGround	Unlabelled	SPOkGoodGood	Alarm(_G_-ENTRY,transfer_entries-40614)
734	0.301226	FalseGround	Unlabelled	SPOkGoodGood	Alarm(_G_-ENTRY,transfer_entries-40615)
735	0.292687	FalseGround	Unlabelled	SPOkGoodGood	Alarm(_G_-ENTRY,prepend_args-56262)
736	0.289432	FalseGround	Unlabelled	SPOkGoodGood	Alarm(_G_-ENTRY,knuth_morris_pratt_multibyte-39433)
737	0.28331	FalseGround	Unlabelled	SPOkGoodGood	Alarm(_G_-ENTRY,case_folded_counterparts-45838)
738	0.281638	FalseGround	Unlabelled	SPOkGoodGood	Alarm(_G_-ENTRY,fnmatch_pattern_has_wildcards-42588)
739	0.281638	FalseGround	Unlabelled	SPOkGoodGood	Alarm(_G_-ENTRY,fnmatch_pattern_has_wildcards-42589)
740	0.281638	FalseGround	Unlabelled	SPOkGoodGood	Alarm(_G_-ENTRY,fnmatch_pattern_has_wildcards-42592)
741	0.281638	FalseGround	Unlabelled	SPOkGoodGood	Alarm(_G_-ENTRY,fnmatch_pattern_has_wildcards-42593)
742	0.28074	FalseGround	Unlabelled	SPOkGoodGood	Alarm(_G_-ENTRY,add_exclude_fp-43059)
743	0.28074	FalseGround	Unlabelled	SPOkGoodGood	Alarm(_G_-ENTRY,add_exclude_fp-43060)
744	0.276956	FalseGround	Unlabelled	SPOkGoodGood	Alarm(_G_-ENTRY,hash_find_entry-40564)
745	0.257978	FalseGround	Unlabelled	SPOkGoodGood	Alarm(_G_-ENTRY,dfastate-49771)
746	0.254437	FalseGround	Unlabelled	SPOkGoodGood	Alarm(_G_-ENTRY,is_basic-33018)
747	0.254187	FalseGround	Unlabelled	SPOkGoodGood	Alarm(_G_-ENTRY,knuth_morris_pratt_multibyte-39370)
748	0.254187	FalseGround	Unlabelled	SPOkGoodGood	Alarm(_G_-ENTRY,knuth_morris_pratt_multibyte-39371)
749	0.254187	FalseGround	Unlabelled	SPOkGoodGood	Alarm(_G_-ENTRY,parse_bracket_exp-46761)
750	0.254187	FalseGround	Unlabelled	SPOkGoodGood	Alarm(_G_-ENTRY,prepend_args-56253)
751	0.254187	FalseGround	Unlabelled	SPOkGoodGood	Alarm(_G_-ENTRY,prepend_args-56254)
752	0.254187	FalseGround	Unlabelled	SPOkGoodGood	Alarm(_G_-ENTRY,prepend_args-56258)
753	0.245905	FalseGround	Unlabelled	SPOkGoodGood	Alarm(_G_-ENTRY,mbsstr_trimmed_wordbounded-38650)
754	0.245905	FalseGround	Unlabelled	SPOkGoodGood	Alarm(_G_-ENTRY,mbsstr_trimmed_wordbounded-38651)
755	0.245905	FalseGround	Unlabelled	SPOkGoodGood	Alarm(_G_-ENTRY,mbsstr_trimmed_wordbounded-38652)
756	0.245905	FalseGround	Unlabelled	SPOkGoodGood	Alarm(_G_-ENTRY,mbsstr_trimmed_wordbounded-38653)
757	0.243993	FalseGround	Unlabelled	SPOkGoodGood	Alarm(_G_-ENTRY,transfer_entries-40580)
758	0.243993	FalseGround	Unlabelled	SPOkGoodGood	Alarm(_G_-ENTRY,transfer_entries-40581)
759	0.243993	FalseGround	Unlabelled	SPOkGoodGood	Alarm(_G_-ENTRY,transfer_entries-40584)
760	0.243993	FalseGround	Unlabelled	SPOkGoodGood	Alarm(_G_-ENTRY,transfer_entries-40585)
761	0.239158	FalseGround	Unlabelled	SPOkGoodGood	Alarm(_G_-ENTRY,argmatch_valid-43736)
762	0.239158	FalseGround	Unlabelled	SPOkGoodGood	Alarm(_G_-ENTRY,argmatch_valid-43739)
763	0.228768	FalseGround	Unlabelled	SPOkGoodGood	Alarm(_G_-ENTRY,main-57466)
764	0.228768	FalseGround	Unlabelled	SPOkGoodGood	Alarm(_G_-ENTRY,main-57467)
765	0.228768	FalseGround	Unlabelled	SPOkGoodGood	Alarm(_G_-ENTRY,Pexecute-43968)
766	0.219593	FalseGround	Unlabelled	SPOkGoodGood	Alarm(_G_-ENTRY,transfer_entries-40601)
767	0.219593	FalseGround	Unlabelled	SPOkGoodGood	Alarm(_G_-ENTRY,transfer_entries-40602)
768	0.217106	FalseGround	Unlabelled	SPOkGoodGood	Alarm(_G_-ENTRY,add_exclude_file-43156)
769	0.217106	FalseGround	Unlabelled	SPOkGoodGood	Alarm(_G_-ENTRY,add_exclude_file-43157)
770	0.208962	FalseGround	Unlabelled	SPOkGoodGood	Alarm(_G_-ENTRY,dfastate-49647)
771	0.208962	FalseGround	Unlabelled	SPOkGoodGood	Alarm(_G_-ENTRY,dfastate-49648)
772	0.205891	FalseGround	Unlabelled	SPOkGoodGood	Alarm(_G_-ENTRY,prepend_args-56235)
773	0.205891	FalseGround	Unlabelled	SPOkGoodGood	Alarm(_G_-ENTRY,prepend_args-56236)
774	0.205891	FalseGround	Unlabelled	SPOkGoodGood	Alarm(_G_-ENTRY,AD_hash-38286)
775	0.205891	FalseGround	Unlabelled	SPOkGoodGood	Alarm(_G_-ENTRY,LCO_compare-39015)
776	0.205891	FalseGround	Unlabelled	SPOkGoodGood	Alarm(_G_-ENTRY,LCO_hash-39013)
777	0.205891	FalseGround	Unlabelled	SPOkGoodGood	Alarm(_G_-ENTRY,link_count_optimize_ok-39035)
778	0.182494	FalseGround	Unlabelled	SPOkGoodGood	Alarm(_G_-ENTRY,argmatch_valid-43722)
779	0.182494	FalseGround	Unlabelled	SPOkGoodGood	Alarm(_G_-ENTRY,argmatch_valid-43723)
780	0.180773	FalseGround	Unlabelled	SPOkGoodGood	Alarm(_G_-ENTRY,mbiter_multi_next-37001)
781	0.180773	FalseGround	Unlabelled	SPOkGoodGood	Alarm(_G_-ENTRY,mbiter_multi_next-37003)
782	0.174285	FalseGround	Unlabelled	SPOkGoodGood	Alarm(_G_-ENTRY,mb_case_map_apply-44097)
783	0.168335	FalseGround	Unlabelled	SPOkGoodGood	Alarm(_G_-ENTRY,mbsstr_trimmed_wordbounded-38660)
784	0.168335	FalseGround	Unlabelled	SPOkGoodGood	Alarm(_G_-ENTRY,mbsstr_trimmed_wordbounded-38661)
785	0.166772	FalseGround	Unlabelled	SPOkGoodGood	Alarm(_G_-ENTRY,AD_compare-40777)
786	0.166772	FalseGround	Unlabelled	SPOkGoodGood	Alarm(_G_-ENTRY,AD_compare-40778)
787	0.166772	FalseGround	Unlabelled	SPOkGoodGood	Alarm(_G_-ENTRY,AD_compare-40779)
788	0.166772	FalseGround	Unlabelled	SPOkGoodGood	Alarm(_G_-ENTRY,AD_compare-40780)
789	0.146426	FalseGround	Unlabelled	SPOkGoodGood	Alarm(_G_-ENTRY,mbiter_multi_next-36995)
790	0.146426	FalseGround	Unlabelled	SPOkGoodGood	Alarm(_G_-ENTRY,mbiter_multi_next-36996)
791	0.141811	FalseGround	Unlabelled	SPOkGoodGood	Alarm(_G_-ENTRY,knuth_morris_pratt-39248)
792	0.141811	FalseGround	Unlabelled	SPOkGoodGood	Alarm(_G_-ENTRY,knuth_morris_pratt-39249)
793	0.141811	FalseGround	Unlabelled	SPOkGoodGood	Alarm(_G_-ENTRY,parse_grep_colors-56366)
794	0.141811	FalseGround	Unlabelled	SPOkGoodGood	Alarm(_G_-ENTRY,parse_grep_colors-56367)
795	0.135085	FalseGround	Unlabelled	SPOkGoodGood	Alarm(_G_-ENTRY,get_charset_aliases-40099)
796	0.135085	FalseGround	Unlabelled	SPOkGoodGood	Alarm(_G_-ENTRY,get_charset_aliases-40100)
797	0.135085	FalseGround	Unlabelled	SPOkGoodGood	Alarm(_G_-ENTRY,knuth_morris_pratt_multibyte-39437)
798	0.135085	FalseGround	Unlabelled	SPOkGoodGood	Alarm(_G_-ENTRY,knuth_morris_pratt_multibyte-39438)
799	0.135085	FalseGround	Unlabelled	SPOkGoodGood	Alarm(_G_-ENTRY,match_mb_charset-50694)
800	0.135085	FalseGround	Unlabelled	SPOkGoodGood	Alarm(_G_-ENTRY,match_mb_charset-50701)
801	0.135085	FalseGround	Unlabelled	SPOkGoodGood	Alarm(_G_-ENTRY,match_mb_charset-50709)
802	0.135085	FalseGround	Unlabelled	SPOkGoodGood	Alarm(_G_-ENTRY,mfile_name_concat-42457)
803	0.135085	FalseGround	Unlabelled	SPOkGoodGood	Alarm(_G_-ENTRY,transit_state-51536)
804	0.135085	FalseGround	Unlabelled	SPOkGoodGood	Alarm(_G_-ENTRY,transit_state_consume_1char-50769)
805	0.12763	FalseGround	Unlabelled	SPOkGoodGood	Alarm(_G_-ENTRY,parse_grep_colors-56410)
806	0.122882	FalseGround	Unlabelled	SPOkGoodGood	Alarm(_G_-ENTRY,add_exclude_fp-43125)
807	0.121577	FalseGround	Unlabelled	SPOkGoodGood	Alarm(_G_-ENTRY,c_strcasecmp-43500)
808	0.121577	FalseGround	Unlabelled	SPOkGoodGood	Alarm(_G_-ENTRY,c_strcasecmp-43502)
809	0.109419	FalseGround	Unlabelled	SPOkGoodGood	Alarm(_G_-ENTRY,check_matching_with_multibyte_ops-50731)
810	0.109419	FalseGround	Unlabelled	SPOkGoodGood	Alarm(_G_-ENTRY,check_matching_with_multibyte_ops-50732)
811	0.109419	FalseGround	Unlabelled	SPOkGoodGood	Alarm(_G_-ENTRY,knuth_morris_pratt-39252)
812	0.109419	FalseGround	Unlabelled	SPOkGoodGood	Alarm(_G_-ENTRY,knuth_morris_pratt-39253)
813	0.109419	FalseGround	Unlabelled	SPOkGoodGood	Alarm(_G_-ENTRY,knuth_morris_pratt-39254)
814	0.109419	FalseGround	Unlabelled	SPOkGoodGood	Alarm(_G_-ENTRY,knuth_morris_pratt-39255)
815	0.109419	FalseGround	Unlabelled	SPOkGoodGood	Alarm(_G_-ENTRY,knuth_morris_pratt_multibyte-39348)
816	0.109419	FalseGround	Unlabelled	SPOkGoodGood	Alarm(_G_-ENTRY,knuth_morris_pratt_multibyte-39349)
817	0.109419	FalseGround	Unlabelled	SPOkGoodGood	Alarm(_G_-ENTRY,knuth_morris_pratt_multibyte-39350)
818	0.109419	FalseGround	Unlabelled	SPOkGoodGood	Alarm(_G_-ENTRY,knuth_morris_pratt_multibyte-39351)
819	0.109419	FalseGround	Unlabelled	SPOkGoodGood	Alarm(_G_-ENTRY,knuth_morris_pratt_multibyte-39352)
820	0.109419	FalseGround	Unlabelled	SPOkGoodGood	Alarm(_G_-ENTRY,knuth_morris_pratt_multibyte-39353)
821	0.109419	FalseGround	Unlabelled	SPOkGoodGood	Alarm(_G_-ENTRY,match_mb_charset-50660)
822	0.109419	FalseGround	Unlabelled	SPOkGoodGood	Alarm(_G_-ENTRY,match_mb_charset-50661)
823	0.109419	FalseGround	Unlabelled	SPOkGoodGood	Alarm(_G_-ENTRY,match_mb_charset-50664)
824	0.109419	FalseGround	Unlabelled	SPOkGoodGood	Alarm(_G_-ENTRY,match_mb_charset-50665)
825	0.109419	FalseGround	Unlabelled	SPOkGoodGood	Alarm(_G_-ENTRY,match_mb_charset-50668)
826	0.109419	FalseGround	Unlabelled	SPOkGoodGood	Alarm(_G_-ENTRY,match_mb_charset-50669)
827	0.109419	FalseGround	Unlabelled	SPOkGoodGood	Alarm(_G_-ENTRY,match_mb_charset-50670)
828	0.109419	FalseGround	Unlabelled	SPOkGoodGood	Alarm(_G_-ENTRY,match_mb_charset-50671)
829	0.109419	FalseGround	Unlabelled	SPOkGoodGood	Alarm(_G_-ENTRY,match_mb_charset-50672)
830	0.109419	FalseGround	Unlabelled	SPOkGoodGood	Alarm(_G_-ENTRY,match_mb_charset-50673)
831	0.109419	FalseGround	Unlabelled	SPOkGoodGood	Alarm(_G_-ENTRY,match_mb_charset-50674)
832	0.109419	FalseGround	Unlabelled	SPOkGoodGood	Alarm(_G_-ENTRY,match_mb_charset-50675)
833	0.109419	FalseGround	Unlabelled	SPOkGoodGood	Alarm(_G_-ENTRY,match_mb_charset-50676)
834	0.109419	FalseGround	Unlabelled	SPOkGoodGood	Alarm(_G_-ENTRY,match_mb_charset-50677)
835	0.109419	FalseGround	Unlabelled	SPOkGoodGood	Alarm(_G_-ENTRY,transit_state-51384)
836	0.109419	FalseGround	Unlabelled	SPOkGoodGood	Alarm(_G_-ENTRY,transit_state-51385)
837	0.109419	FalseGround	Unlabelled	SPOkGoodGood	Alarm(_G_-ENTRY,transit_state_consume_1char-50755)
838	0.109419	FalseGround	Unlabelled	SPOkGoodGood	Alarm(_G_-ENTRY,transit_state_consume_1char-50756)
839	0.0995344	FalseGround	Unlabelled	SPOkGoodGood	Alarm(_G_-ENTRY,add_exclude_fp-43065)
840	0.0995344	FalseGround	Unlabelled	SPOkGoodGood	Alarm(_G_-ENTRY,add_exclude_fp-43066)
841	0.0886294	FalseGround	Unlabelled	SPOkGoodGood	Alarm(_G_-ENTRY,prepend_args-56237)
842	0.0886294	FalseGround	Unlabelled	SPOkGoodGood	Alarm(_G_-ENTRY,prepend_args-56238)
843	0.0767963	FalseGround	Unlabelled	SPOkGoodGood	Alarm(_G_-ENTRY,mbsstr_trimmed_wordbounded-38654)
844	0.0767963	FalseGround	Unlabelled	SPOkGoodGood	Alarm(_G_-ENTRY,mbsstr_trimmed_wordbounded-38655)
845	0.0664511	FalseGround	Unlabelled	SPOkGoodGood	Alarm(_G_-ENTRY,fnmatch_no_wildcards-42776)
846	0.0520361	FalseGround	Unlabelled	SPOkGoodGood	Alarm(_G_-ENTRY,addtok_wc-47804)
847	0.0471013	FalseGround	Unlabelled	SPOkGoodGood	Alarm(_G_-ENTRY,fgrep_to_grep_pattern-56489)
848	0.0471013	FalseGround	Unlabelled	SPOkGoodGood	Alarm(_G_-ENTRY,fgrep_to_grep_pattern-56494)
849	0.0471013	FalseGround	Unlabelled	SPOkGoodGood	Alarm(_G_-ENTRY,fgrep_to_grep_pattern-56503)
850	0.0471013	FalseGround	Unlabelled	SPOkGoodGood	Alarm(_G_-ENTRY,transfer_entries-40617)
851	0.0343368	FalseGround	Unlabelled	SPOkGoodGood	Alarm(_G_-ENTRY,check_matching_with_multibyte_ops-50739)
852	0.0343368	FalseGround	Unlabelled	SPOkGoodGood	Alarm(_G_-ENTRY,match_mb_charset-50697)
853	0.0343368	FalseGround	Unlabelled	SPOkGoodGood	Alarm(_G_-ENTRY,match_mb_charset-50705)
854	0.0335712	FalseGround	Unlabelled	SPOkGoodGood	Alarm(_G_-ENTRY,trim2-37153)
855	0.0285079	FalseGround	Unlabelled	SPOkGoodGood	Alarm(_G_-ENTRY,fnmatch_pattern_has_wildcards-42556)
856	0.0285079	FalseGround	Unlabelled	SPOkGoodGood	Alarm(_G_-ENTRY,fnmatch_pattern_has_wildcards-42557)
857	0.0285079	FalseGround	Unlabelled	SPOkGoodGood	Alarm(_G_-ENTRY,fnmatch_pattern_has_wildcards-42558)
858	0.0285079	FalseGround	Unlabelled	SPOkGoodGood	Alarm(_G_-ENTRY,fnmatch_pattern_has_wildcards-42559)
859	0.0285079	FalseGround	Unlabelled	SPOkGoodGood	Alarm(_G_-ENTRY,fnmatch_pattern_has_wildcards-42560)
860	0.0285079	FalseGround	Unlabelled	SPOkGoodGood	Alarm(_G_-ENTRY,fnmatch_pattern_has_wildcards-42561)
861	0.0285079	FalseGround	Unlabelled	SPOkGoodGood	Alarm(_G_-ENTRY,fnmatch_pattern_has_wildcards-42562)
862	0.0285079	FalseGround	Unlabelled	SPOkGoodGood	Alarm(_G_-ENTRY,fnmatch_pattern_has_wildcards-42563)
863	0.0285079	FalseGround	Unlabelled	SPOkGoodGood	Alarm(_G_-ENTRY,fnmatch_pattern_has_wildcards-42564)
864	0.0285079	FalseGround	Unlabelled	SPOkGoodGood	Alarm(_G_-ENTRY,fnmatch_pattern_has_wildcards-42565)
865	0.0285079	FalseGround	Unlabelled	SPOkGoodGood	Alarm(_G_-ENTRY,fnmatch_pattern_has_wildcards-42566)
866	0.0285079	FalseGround	Unlabelled	SPOkGoodGood	Alarm(_G_-ENTRY,fnmatch_pattern_has_wildcards-42567)
867	0.0285079	FalseGround	Unlabelled	SPOkGoodGood	Alarm(_G_-ENTRY,fnmatch_pattern_has_wildcards-42568)
868	0.0285079	FalseGround	Unlabelled	SPOkGoodGood	Alarm(_G_-ENTRY,fnmatch_pattern_has_wildcards-42569)
869	0.0285079	FalseGround	Unlabelled	SPOkGoodGood	Alarm(_G_-ENTRY,fnmatch_pattern_has_wildcards-42570)
870	0.0285079	FalseGround	Unlabelled	SPOkGoodGood	Alarm(_G_-ENTRY,fnmatch_pattern_has_wildcards-42571)
871	0.0285079	FalseGround	Unlabelled	SPOkGoodGood	Alarm(_G_-ENTRY,fnmatch_pattern_has_wildcards-42572)
872	0.0285079	FalseGround	Unlabelled	SPOkGoodGood	Alarm(_G_-ENTRY,fnmatch_pattern_has_wildcards-42573)
873	0.0285079	FalseGround	Unlabelled	SPOkGoodGood	Alarm(_G_-ENTRY,fnmatch_pattern_has_wildcards-42574)
874	0.0285079	FalseGround	Unlabelled	SPOkGoodGood	Alarm(_G_-ENTRY,fnmatch_pattern_has_wildcards-42575)
875	0.0285079	FalseGround	Unlabelled	SPOkGoodGood	Alarm(_G_-ENTRY,fnmatch_pattern_has_wildcards-42576)
876	0.0285079	FalseGround	Unlabelled	SPOkGoodGood	Alarm(_G_-ENTRY,fnmatch_pattern_has_wildcards-42577)
877	0.0285079	FalseGround	Unlabelled	SPOkGoodGood	Alarm(_G_-ENTRY,fnmatch_pattern_has_wildcards-42578)
878	0.0285079	FalseGround	Unlabelled	SPOkGoodGood	Alarm(_G_-ENTRY,fnmatch_pattern_has_wildcards-42579)
879	0.0285079	FalseGround	Unlabelled	SPOkGoodGood	Alarm(_G_-ENTRY,fnmatch_pattern_has_wildcards-42580)
880	0.0285079	FalseGround	Unlabelled	SPOkGoodGood	Alarm(_G_-ENTRY,fnmatch_pattern_has_wildcards-42581)
881	0.0271927	FalseGround	Unlabelled	SPOkGoodGood	Alarm(_G_-ENTRY,trim2-37099)
882	0.0271927	FalseGround	Unlabelled	SPOkGoodGood	Alarm(_G_-ENTRY,trim2-37100)
883	0.0271927	FalseGround	Unlabelled	SPOkGoodGood	Alarm(_G_-ENTRY,trim2-37101)
884	0.0271927	FalseGround	Unlabelled	SPOkGoodGood	Alarm(_G_-ENTRY,trim2-37102)
885	0.0204298	FalseGround	Unlabelled	SPOkGoodGood	Alarm(_G_-ENTRY,fnmatch_no_wildcards-42780)
886	0.0133028	FalseGround	Unlabelled	SPOkGoodGood	Alarm(_G_-ENTRY,enter_dir-40819)
887	0.0133028	FalseGround	Unlabelled	SPOkGoodGood	Alarm(_G_-ENTRY,match_mb_charset-50688)
888	0.0133028	FalseGround	Unlabelled	SPOkGoodGood	Alarm(_G_-ENTRY,match_mb_charset-50690)
889	0.0133028	FalseGround	Unlabelled	SPOkGoodGood	Alarm(_G_-ENTRY,match_mb_charset-50692)
890	0.0133028	FalseGround	Unlabelled	SPOkGoodGood	Alarm(_G_-ENTRY,mfile_name_concat-42464)
891	0.0133028	FalseGround	Unlabelled	SPOkGoodGood	Alarm(_G_-ENTRY,strnlen1-37188)
892	0.0133028	FalseGround	Unlabelled	SPOkGoodGood	Alarm(_G_-ENTRY,transit_state_consume_1char-50766)
893	0.0107753	FalseGround	Unlabelled	SPOkGoodGood	Alarm(_G_-ENTRY,match_mb_charset-50652)
894	0.0107753	FalseGround	Unlabelled	SPOkGoodGood	Alarm(_G_-ENTRY,match_mb_charset-50653)
895	0.0107753	FalseGround	Unlabelled	SPOkGoodGood	Alarm(_G_-ENTRY,match_mb_charset-50656)
896	0.0107753	FalseGround	Unlabelled	SPOkGoodGood	Alarm(_G_-ENTRY,match_mb_charset-50657)
897	0.0107753	FalseGround	Unlabelled	SPOkGoodGood	Alarm(_G_-ENTRY,transit_state_consume_1char-50747)
898	0.0107753	FalseGround	Unlabelled	SPOkGoodGood	Alarm(_G_-ENTRY,transit_state_consume_1char-50748)
899	0.00909586	FalseGround	Unlabelled	SPOkGoodGood	Alarm(_G_-ENTRY,trim2-37157)
900	0.00736765	FalseGround	Unlabelled	SPOkGoodGood	Alarm(_G_-ENTRY,trim2-37107)
901	0.00736765	FalseGround	Unlabelled	SPOkGoodGood	Alarm(_G_-ENTRY,trim2-37108)
902	0.00508758	FalseGround	Unlabelled	SPOkGoodGood	Alarm(_G_-ENTRY,mbscasecmp-39930)
903	0.00508758	FalseGround	Unlabelled	SPOkGoodGood	Alarm(_G_-ENTRY,mbscasecmp-39932)
904	0.00508758	FalseGround	Unlabelled	SPOkGoodGood	Alarm(_G_-ENTRY,mbscasecmp-39934)
905	0.00508758	FalseGround	Unlabelled	SPOkGoodGood	Alarm(_G_-ENTRY,mbscasecmp-39936)
906	0.00412094	FalseGround	Unlabelled	SPOkGoodGood	Alarm(_G_-ENTRY,mbscasecmp-39870)
907	0.00412094	FalseGround	Unlabelled	SPOkGoodGood	Alarm(_G_-ENTRY,mbscasecmp-39871)
908	0.00412094	FalseGround	Unlabelled	SPOkGoodGood	Alarm(_G_-ENTRY,mbscasecmp-39872)
909	0.00412094	FalseGround	Unlabelled	SPOkGoodGood	Alarm(_G_-ENTRY,mbscasecmp-39873)
910	0.00218365	FalseGround	Unlabelled	SPOkGoodGood	Alarm(_G_-ENTRY,atom-47897)
911	0.00145558	FalseGround	Unlabelled	SPOkGoodGood	Alarm(_G_-ENTRY,set_program_name-39020)
912	0.00145558	FalseGround	Unlabelled	SPOkGoodGood	Alarm(_G_-ENTRY,set_program_name-39022)
