Rank	Confidence	Ground	Label	Comments	Tuple
1	1.0	TrueGround	PosLabel	SPOkGoodGood	Alarm(_G_-ENTRY,_asn1_ltostr-10264)
2	0.855215	FalseGround	Unlabelled	SPOkGoodGood	Alarm(_G_-ENTRY,_asn1_ltostr-10266)
3	0.842194	FalseGround	Unlabelled	SPOkGoodGood	Alarm(_G_-ENTRY,_asn1_insert_tag_der-14801)
4	0.842194	FalseGround	Unlabelled	SPOkGoodGood	Alarm(_G_-ENTRY,_asn1_insert_tag_der-14824)
5	0.832961	TrueGround	Unlabelled	SPOkGoodGood	Alarm(_G_-ENTRY,_asn1_ltostr-10260)
6	0.809994	FalseGround	Unlabelled	SPOkGoodGood	Alarm(_G_-ENTRY,_asn1_set_value-10110)
7	0.809978	FalseGround	Unlabelled	SPOkGoodGood	Alarm(_G_-ENTRY,asn1_get_length_der-12108)
8	0.809978	FalseGround	Unlabelled	SPOkGoodGood	Alarm(_G_-ENTRY,asn1_get_length_der-12109)
9	0.809978	FalseGround	Unlabelled	SPOkGoodGood	Alarm(_G_-ENTRY,asn1_get_length_der-12144)
10	0.809978	FalseGround	Unlabelled	SPOkGoodGood	Alarm(_G_-ENTRY,asn1_get_length_der-12145)
11	0.807586	FalseGround	Unlabelled	SPOkGoodGood	Alarm(_G_-ENTRY,asn1_get_tag_der-12175)
12	0.807586	FalseGround	Unlabelled	SPOkGoodGood	Alarm(_G_-ENTRY,asn1_get_tag_der-12176)
13	0.807586	FalseGround	Unlabelled	SPOkGoodGood	Alarm(_G_-ENTRY,asn1_get_tag_der-12209)
14	0.807586	FalseGround	Unlabelled	SPOkGoodGood	Alarm(_G_-ENTRY,asn1_get_tag_der-12211)
15	0.799748	FalseGround	Unlabelled	SPOkGoodGood	Alarm(_G_-ENTRY,_asn1_ordering_set_of-15033)
16	0.798781	FalseGround	Unlabelled	SPOkGoodGood	Alarm(_G_-ENTRY,_asn1_get_objectid_der-12365)
17	0.788617	FalseGround	Unlabelled	SPOkGoodGood	Alarm(_G_-ENTRY,_asn1_ordering_set_of-14967)
18	0.787271	FalseGround	Unlabelled	SPOkGoodGood	Alarm(_G_-ENTRY,_asn1_check_identifier-10613)
19	0.787271	FalseGround	Unlabelled	SPOkGoodGood	Alarm(_G_-ENTRY,_asn1_check_identifier-10621)
20	0.787271	FalseGround	Unlabelled	SPOkGoodGood	Alarm(_G_-ENTRY,_asn1_check_identifier-10633)
21	0.77965	FalseGround	Unlabelled	SPOkGoodGood	Alarm(_G_-ENTRY,_asn1_get_objectid_der-12329)
22	0.77965	FalseGround	Unlabelled	SPOkGoodGood	Alarm(_G_-ENTRY,_asn1_get_objectid_der-12330)
23	0.77965	FalseGround	Unlabelled	SPOkGoodGood	Alarm(_G_-ENTRY,_asn1_get_objectid_der-12335)
24	0.77965	FalseGround	Unlabelled	SPOkGoodGood	Alarm(_G_-ENTRY,_asn1_get_objectid_der-12336)
25	0.776412	FalseGround	Unlabelled	SPOkGoodGood	Alarm(_G_-ENTRY,asn1_length_der-14492)
26	0.769451	FalseGround	Unlabelled	SPOkGoodGood	Alarm(_G_-ENTRY,asn1_print_structure-9741)
27	0.769451	FalseGround	Unlabelled	SPOkGoodGood	Alarm(_G_-ENTRY,asn1_print_structure-9757)
28	0.769451	FalseGround	Unlabelled	SPOkGoodGood	Alarm(_G_-ENTRY,asn1_print_structure-9775)
29	0.769451	FalseGround	Unlabelled	SPOkGoodGood	Alarm(_G_-ENTRY,asn1_print_structure-9783)
30	0.768259	FalseGround	Unlabelled	SPOkGoodGood	Alarm(_G_-ENTRY,_asn1_ordering_set_of-14968)
31	0.761586	FalseGround	Unlabelled	SPOkGoodGood	Alarm(_G_-ENTRY,_asn1_yyparse-16693)
32	0.761586	FalseGround	Unlabelled	SPOkGoodGood	Alarm(_G_-ENTRY,_asn1_yyparse-16694)
33	0.761586	FalseGround	Unlabelled	SPOkGoodGood	Alarm(_G_-ENTRY,_asn1_yyparse-16695)
34	0.761586	FalseGround	Unlabelled	SPOkGoodGood	Alarm(_G_-ENTRY,_asn1_yyparse-16696)
35	0.761586	FalseGround	Unlabelled	SPOkGoodGood	Alarm(_G_-ENTRY,_asn1_yyparse-16697)
36	0.761586	FalseGround	Unlabelled	SPOkGoodGood	Alarm(_G_-ENTRY,_asn1_yyparse-16698)
37	0.761586	FalseGround	Unlabelled	SPOkGoodGood	Alarm(_G_-ENTRY,_asn1_yyparse-16699)
38	0.761586	FalseGround	Unlabelled	SPOkGoodGood	Alarm(_G_-ENTRY,_asn1_yyparse-16700)
39	0.761586	FalseGround	Unlabelled	SPOkGoodGood	Alarm(_G_-ENTRY,_asn1_yyparse-16701)
40	0.761586	FalseGround	Unlabelled	SPOkGoodGood	Alarm(_G_-ENTRY,_asn1_yyparse-16702)
41	0.761586	FalseGround	Unlabelled	SPOkGoodGood	Alarm(_G_-ENTRY,_asn1_yyparse-16703)
42	0.761586	FalseGround	Unlabelled	SPOkGoodGood	Alarm(_G_-ENTRY,_asn1_yyparse-16704)
43	0.761586	FalseGround	Unlabelled	SPOkGoodGood	Alarm(_G_-ENTRY,_asn1_yyparse-16706)
44	0.761586	FalseGround	Unlabelled	SPOkGoodGood	Alarm(_G_-ENTRY,_asn1_yyparse-16707)
45	0.761586	FalseGround	Unlabelled	SPOkGoodGood	Alarm(_G_-ENTRY,_asn1_yyparse-16709)
46	0.761586	FalseGround	Unlabelled	SPOkGoodGood	Alarm(_G_-ENTRY,_asn1_yyparse-16710)
47	0.761586	FalseGround	Unlabelled	SPOkGoodGood	Alarm(_G_-ENTRY,_asn1_yyparse-16711)
48	0.761586	FalseGround	Unlabelled	SPOkGoodGood	Alarm(_G_-ENTRY,_asn1_yyparse-16717)
49	0.761586	FalseGround	Unlabelled	SPOkGoodGood	Alarm(_G_-ENTRY,_asn1_yyparse-16718)
50	0.761586	FalseGround	Unlabelled	SPOkGoodGood	Alarm(_G_-ENTRY,_asn1_yyparse-16720)
51	0.761586	FalseGround	Unlabelled	SPOkGoodGood	Alarm(_G_-ENTRY,_asn1_yyparse-16721)
52	0.761586	FalseGround	Unlabelled	SPOkGoodGood	Alarm(_G_-ENTRY,_asn1_yyparse-16722)
53	0.761586	FalseGround	Unlabelled	SPOkGoodGood	Alarm(_G_-ENTRY,_asn1_yyparse-16731)
54	0.761586	FalseGround	Unlabelled	SPOkGoodGood	Alarm(_G_-ENTRY,_asn1_yyparse-16732)
55	0.761586	FalseGround	Unlabelled	SPOkGoodGood	Alarm(_G_-ENTRY,_asn1_yyparse-16734)
56	0.761586	FalseGround	Unlabelled	SPOkGoodGood	Alarm(_G_-ENTRY,_asn1_yyparse-16735)
57	0.761586	FalseGround	Unlabelled	SPOkGoodGood	Alarm(_G_-ENTRY,_asn1_yyparse-16740)
58	0.761586	FalseGround	Unlabelled	SPOkGoodGood	Alarm(_G_-ENTRY,_asn1_yyparse-16741)
59	0.761586	FalseGround	Unlabelled	SPOkGoodGood	Alarm(_G_-ENTRY,_asn1_yyparse-16751)
60	0.761586	FalseGround	Unlabelled	SPOkGoodGood	Alarm(_G_-ENTRY,_asn1_yyparse-16753)
61	0.761586	FalseGround	Unlabelled	SPOkGoodGood	Alarm(_G_-ENTRY,_asn1_yyparse-16755)
62	0.761586	FalseGround	Unlabelled	SPOkGoodGood	Alarm(_G_-ENTRY,_asn1_yyparse-16760)
63	0.761586	FalseGround	Unlabelled	SPOkGoodGood	Alarm(_G_-ENTRY,_asn1_yyparse-16761)
64	0.761586	FalseGround	Unlabelled	SPOkGoodGood	Alarm(_G_-ENTRY,_asn1_yyparse-16763)
65	0.761586	FalseGround	Unlabelled	SPOkGoodGood	Alarm(_G_-ENTRY,_asn1_yyparse-16764)
66	0.761586	FalseGround	Unlabelled	SPOkGoodGood	Alarm(_G_-ENTRY,_asn1_yyparse-16765)
67	0.761586	FalseGround	Unlabelled	SPOkGoodGood	Alarm(_G_-ENTRY,_asn1_yyparse-16799)
68	0.761586	FalseGround	Unlabelled	SPOkGoodGood	Alarm(_G_-ENTRY,_asn1_yyparse-16800)
69	0.761586	FalseGround	Unlabelled	SPOkGoodGood	Alarm(_G_-ENTRY,_asn1_yyparse-16801)
70	0.761586	FalseGround	Unlabelled	SPOkGoodGood	Alarm(_G_-ENTRY,_asn1_yyparse-16814)
71	0.761586	FalseGround	Unlabelled	SPOkGoodGood	Alarm(_G_-ENTRY,_asn1_yyparse-16815)
72	0.761586	FalseGround	Unlabelled	SPOkGoodGood	Alarm(_G_-ENTRY,_asn1_yyparse-16817)
73	0.761586	FalseGround	Unlabelled	SPOkGoodGood	Alarm(_G_-ENTRY,_asn1_yyparse-16818)
74	0.761586	FalseGround	Unlabelled	SPOkGoodGood	Alarm(_G_-ENTRY,_asn1_yyparse-16851)
75	0.761586	FalseGround	Unlabelled	SPOkGoodGood	Alarm(_G_-ENTRY,_asn1_yyparse-16877)
76	0.761586	FalseGround	Unlabelled	SPOkGoodGood	Alarm(_G_-ENTRY,_asn1_yyparse-16878)
77	0.761586	FalseGround	Unlabelled	SPOkGoodGood	Alarm(_G_-ENTRY,_asn1_yyparse-16881)
78	0.761586	FalseGround	Unlabelled	SPOkGoodGood	Alarm(_G_-ENTRY,_asn1_yyparse-16884)
79	0.761586	FalseGround	Unlabelled	SPOkGoodGood	Alarm(_G_-ENTRY,_asn1_yyparse-16885)
80	0.761586	FalseGround	Unlabelled	SPOkGoodGood	Alarm(_G_-ENTRY,_asn1_yyparse-16886)
81	0.761586	FalseGround	Unlabelled	SPOkGoodGood	Alarm(_G_-ENTRY,_asn1_yyparse-16889)
82	0.761586	FalseGround	Unlabelled	SPOkGoodGood	Alarm(_G_-ENTRY,_asn1_yyparse-16890)
83	0.761586	FalseGround	Unlabelled	SPOkGoodGood	Alarm(_G_-ENTRY,_asn1_yyparse-16891)
84	0.761586	FalseGround	Unlabelled	SPOkGoodGood	Alarm(_G_-ENTRY,_asn1_yyparse-16900)
85	0.761586	FalseGround	Unlabelled	SPOkGoodGood	Alarm(_G_-ENTRY,_asn1_yyparse-16902)
86	0.761586	FalseGround	Unlabelled	SPOkGoodGood	Alarm(_G_-ENTRY,_asn1_yyparse-16904)
87	0.756055	FalseGround	Unlabelled	SPOkGoodGood	Alarm(_G_-ENTRY,asn1_der_decoding2-13513)
88	0.756055	FalseGround	Unlabelled	SPOkGoodGood	Alarm(_G_-ENTRY,asn1_der_decoding2-13514)
89	0.756055	FalseGround	Unlabelled	SPOkGoodGood	Alarm(_G_-ENTRY,asn1_der_decoding2-13551)
90	0.756055	FalseGround	Unlabelled	SPOkGoodGood	Alarm(_G_-ENTRY,asn1_der_decoding2-13552)
91	0.756055	FalseGround	Unlabelled	SPOkGoodGood	Alarm(_G_-ENTRY,asn1_der_decoding2-13553)
92	0.756055	FalseGround	Unlabelled	SPOkGoodGood	Alarm(_G_-ENTRY,asn1_der_decoding2-13554)
93	0.756055	FalseGround	Unlabelled	SPOkGoodGood	Alarm(_G_-ENTRY,asn1_der_decoding2-13581)
94	0.756055	FalseGround	Unlabelled	SPOkGoodGood	Alarm(_G_-ENTRY,asn1_der_decoding2-13582)
95	0.756055	FalseGround	Unlabelled	SPOkGoodGood	Alarm(_G_-ENTRY,asn1_der_decoding2-13583)
96	0.756055	FalseGround	Unlabelled	SPOkGoodGood	Alarm(_G_-ENTRY,asn1_der_decoding2-13584)
97	0.756055	FalseGround	Unlabelled	SPOkGoodGood	Alarm(_G_-ENTRY,asn1_der_decoding2-13615)
98	0.756055	FalseGround	Unlabelled	SPOkGoodGood	Alarm(_G_-ENTRY,asn1_der_decoding2-13616)
99	0.756055	FalseGround	Unlabelled	SPOkGoodGood	Alarm(_G_-ENTRY,hash_pjw_bare-8242)
100	0.741379	FalseGround	Unlabelled	SPOkGoodGood	Alarm(_G_-ENTRY,_asn1_ordering_set_of-15028)
101	0.735832	FalseGround	Unlabelled	SPOkGoodGood	Alarm(_G_-ENTRY,_asn1_check_identifier-10590)
102	0.735832	FalseGround	Unlabelled	SPOkGoodGood	Alarm(_G_-ENTRY,_asn1_check_identifier-10591)
103	0.729	FalseGround	Unlabelled	SPOkGoodGood	Alarm(_G_-ENTRY,asn1_strerror-10761)
104	0.722206	FalseGround	Unlabelled	SPOkGoodGood	Alarm(_G_-ENTRY,yysyntax_error-15515)
105	0.720578	FalseGround	Unlabelled	SPOkGoodGood	Alarm(_G_-ENTRY,_asn1_str_cat-10723)
106	0.712167	FalseGround	Unlabelled	SPOkGoodGood	Alarm(_G_-ENTRY,asn1_length_der-14486)
107	0.680602	FalseGround	Unlabelled	SPOkGoodGood	Alarm(_G_-ENTRY,asn1_octet_der-14521)
108	0.68045	FalseGround	Unlabelled	SPOkGoodGood	Alarm(_G_-ENTRY,asn1_der_decoding2-13641)
109	0.68045	FalseGround	Unlabelled	SPOkGoodGood	Alarm(_G_-ENTRY,asn1_der_decoding2-13642)
110	0.68045	FalseGround	Unlabelled	SPOkGoodGood	Alarm(_G_-ENTRY,asn1_der_decoding2-13643)
111	0.68045	FalseGround	Unlabelled	SPOkGoodGood	Alarm(_G_-ENTRY,asn1_der_decoding2-13644)
112	0.6561	FalseGround	Unlabelled	SPOkGoodGood	Alarm(_G_-ENTRY,_asn1_convert_integer-10810)
113	0.6561	FalseGround	Unlabelled	SPOkGoodGood	Alarm(_G_-ENTRY,_asn1_convert_integer-10811)
114	0.6561	FalseGround	Unlabelled	SPOkGoodGood	Alarm(_G_-ENTRY,_asn1_convert_integer-10814)
115	0.6561	FalseGround	Unlabelled	SPOkGoodGood	Alarm(_G_-ENTRY,_asn1_convert_integer-10815)
116	0.6561	FalseGround	Unlabelled	SPOkGoodGood	Alarm(_G_-ENTRY,_asn1_convert_integer-10834)
117	0.6561	FalseGround	Unlabelled	SPOkGoodGood	Alarm(_G_-ENTRY,fread_file-8143)
118	0.645077	FalseGround	Unlabelled	SPOkGoodGood	Alarm(_G_-ENTRY,_asn1_get_time_der-12293)
119	0.634493	FalseGround	Unlabelled	SPOkGoodGood	Alarm(_G_-ENTRY,yysyntax_error-15471)
120	0.634493	FalseGround	Unlabelled	SPOkGoodGood	Alarm(_G_-ENTRY,yysyntax_error-15472)
121	0.612405	FalseGround	Unlabelled	SPOkGoodGood	Alarm(_G_-ENTRY,_asn1_get_octet_string-12705)
122	0.612405	FalseGround	Unlabelled	SPOkGoodGood	Alarm(_G_-ENTRY,_asn1_get_octet_string-12706)
123	0.592124	FalseGround	Unlabelled	SPOkGoodGood	Alarm(_G_-ENTRY,_asn1_get_time_der-12294)
124	0.59049	FalseGround	Unlabelled	SPOkGoodGood	Alarm(_G_-ENTRY,_asn1_expand_object_id-10329)
125	0.59049	FalseGround	Unlabelled	SPOkGoodGood	Alarm(_G_-ENTRY,_asn1_expand_object_id-10330)
126	0.59049	FalseGround	Unlabelled	SPOkGoodGood	Alarm(_G_-ENTRY,_asn1_get_indefinite_length_string-12794)
127	0.59049	FalseGround	Unlabelled	SPOkGoodGood	Alarm(_G_-ENTRY,_asn1_get_indefinite_length_string-12795)
128	0.59049	FalseGround	Unlabelled	SPOkGoodGood	Alarm(_G_-ENTRY,_asn1_get_indefinite_length_string-12796)
129	0.59049	FalseGround	Unlabelled	SPOkGoodGood	Alarm(_G_-ENTRY,_asn1_get_indefinite_length_string-12797)
130	0.59049	FalseGround	Unlabelled	SPOkGoodGood	Alarm(_G_-ENTRY,_asn1_get_octet_string-12733)
131	0.59049	FalseGround	Unlabelled	SPOkGoodGood	Alarm(_G_-ENTRY,_asn1_get_octet_string-12734)
132	0.59049	FalseGround	Unlabelled	SPOkGoodGood	Alarm(_G_-ENTRY,_asn1_str_cpy-10736)
133	0.59049	FalseGround	Unlabelled	SPOkGoodGood	Alarm(_G_-ENTRY,asn1_print_structure-9761)
134	0.59049	FalseGround	Unlabelled	SPOkGoodGood	Alarm(_G_-ENTRY,asn1_strerror-10757)
135	0.59049	FalseGround	Unlabelled	SPOkGoodGood	Alarm(_G_-ENTRY,asn1_strerror-10758)
136	0.590474	FalseGround	Unlabelled	SPOkGoodGood	Alarm(_G_-ENTRY,asn1_get_length_der-12124)
137	0.590474	FalseGround	Unlabelled	SPOkGoodGood	Alarm(_G_-ENTRY,asn1_get_length_der-12125)
138	0.590474	FalseGround	Unlabelled	SPOkGoodGood	Alarm(_G_-ENTRY,asn1_get_length_der-12151)
139	0.590474	FalseGround	Unlabelled	SPOkGoodGood	Alarm(_G_-ENTRY,asn1_get_length_der-12152)
140	0.590474	FalseGround	Unlabelled	SPOkGoodGood	Alarm(_G_-ENTRY,asn1_get_length_der-12153)
141	0.58873	FalseGround	Unlabelled	SPOkGoodGood	Alarm(_G_-ENTRY,asn1_get_tag_der-12203)
142	0.58873	FalseGround	Unlabelled	SPOkGoodGood	Alarm(_G_-ENTRY,asn1_get_tag_der-12204)
143	0.58873	FalseGround	Unlabelled	SPOkGoodGood	Alarm(_G_-ENTRY,asn1_get_tag_der-12226)
144	0.58873	FalseGround	Unlabelled	SPOkGoodGood	Alarm(_G_-ENTRY,asn1_get_tag_der-12227)
145	0.58873	FalseGround	Unlabelled	SPOkGoodGood	Alarm(_G_-ENTRY,asn1_get_tag_der-12228)
146	0.58873	FalseGround	Unlabelled	SPOkGoodGood	Alarm(_G_-ENTRY,asn1_get_tag_der-12230)
147	0.576933	FalseGround	Unlabelled	SPOkGoodGood	Alarm(_G_-ENTRY,_asn1_get_objectid_der-12351)
148	0.576933	FalseGround	Unlabelled	SPOkGoodGood	Alarm(_G_-ENTRY,_asn1_get_objectid_der-12352)
149	0.576933	FalseGround	Unlabelled	SPOkGoodGood	Alarm(_G_-ENTRY,_asn1_get_time_der-12305)
150	0.570347	FalseGround	Unlabelled	SPOkGoodGood	Alarm(_G_-ENTRY,_asn1_ordering_set_of-14969)
151	0.570347	FalseGround	Unlabelled	SPOkGoodGood	Alarm(_G_-ENTRY,_asn1_ordering_set_of-14970)
152	0.570347	FalseGround	Unlabelled	SPOkGoodGood	Alarm(_G_-ENTRY,_asn1_ordering_set_of-15020)
153	0.570347	FalseGround	Unlabelled	SPOkGoodGood	Alarm(_G_-ENTRY,_asn1_ordering_set_of-15021)
154	0.570347	FalseGround	Unlabelled	SPOkGoodGood	Alarm(_G_-ENTRY,_asn1_ordering_set_of-15022)
155	0.570347	FalseGround	Unlabelled	SPOkGoodGood	Alarm(_G_-ENTRY,_asn1_ordering_set_of-15024)
156	0.570347	FalseGround	Unlabelled	SPOkGoodGood	Alarm(_G_-ENTRY,_asn1_ordering_set_of-15025)
157	0.570347	FalseGround	Unlabelled	SPOkGoodGood	Alarm(_G_-ENTRY,_asn1_ordering_set_of-15027)
158	0.570347	FalseGround	Unlabelled	SPOkGoodGood	Alarm(_G_-ENTRY,_asn1_ordering_set_of-15037)
159	0.551164	FalseGround	Unlabelled	SPOkGoodGood	Alarm(_G_-ENTRY,asn1_der_decoding2-13399)
160	0.551164	FalseGround	Unlabelled	SPOkGoodGood	Alarm(_G_-ENTRY,asn1_der_decoding2-13400)
161	0.551164	FalseGround	Unlabelled	SPOkGoodGood	Alarm(_G_-ENTRY,asn1_der_decoding2-13401)
162	0.551164	FalseGround	Unlabelled	SPOkGoodGood	Alarm(_G_-ENTRY,asn1_der_decoding2-13402)
163	0.551164	FalseGround	Unlabelled	SPOkGoodGood	Alarm(_G_-ENTRY,asn1_der_decoding2-13517)
164	0.551164	FalseGround	Unlabelled	SPOkGoodGood	Alarm(_G_-ENTRY,asn1_der_decoding2-13518)
165	0.551164	FalseGround	Unlabelled	SPOkGoodGood	Alarm(_G_-ENTRY,asn1_der_decoding2-13519)
166	0.551164	FalseGround	Unlabelled	SPOkGoodGood	Alarm(_G_-ENTRY,asn1_der_decoding2-13520)
167	0.531441	FalseGround	Unlabelled	SPOkGoodGood	Alarm(_G_-ENTRY,asn1_strerror-10755)
168	0.531441	FalseGround	Unlabelled	SPOkGoodGood	Alarm(_G_-ENTRY,asn1_strerror-10756)
169	0.525416	FalseGround	Unlabelled	SPOkGoodGood	Alarm(_G_-ENTRY,yysyntax_error-15519)
170	0.525302	FalseGround	Unlabelled	SPOkGoodGood	Alarm(_G_-ENTRY,_asn1_str_cat-10725)
171	0.520459	FalseGround	Unlabelled	SPOkGoodGood	Alarm(_G_-ENTRY,_asn1_yyparse-16714)
172	0.520459	FalseGround	Unlabelled	SPOkGoodGood	Alarm(_G_-ENTRY,_asn1_yyparse-16725)
173	0.520459	FalseGround	Unlabelled	SPOkGoodGood	Alarm(_G_-ENTRY,_asn1_yyparse-16804)
174	0.520459	FalseGround	Unlabelled	SPOkGoodGood	Alarm(_G_-ENTRY,_asn1_yyparse-16854)
175	0.520459	FalseGround	Unlabelled	SPOkGoodGood	Alarm(_G_-ENTRY,_asn1_yyparse-16896)
176	0.51924	FalseGround	Unlabelled	SPOkGoodGood	Alarm(_G_-ENTRY,_asn1_get_time_der-12306)
177	0.518739	FalseGround	Unlabelled	SPOkGoodGood	Alarm(_G_-ENTRY,_asn1_yyparse-16685)
178	0.518739	FalseGround	Unlabelled	SPOkGoodGood	Alarm(_G_-ENTRY,_asn1_yyparse-16686)
179	0.518739	FalseGround	Unlabelled	SPOkGoodGood	Alarm(_G_-ENTRY,_asn1_yyparse-16687)
180	0.518739	FalseGround	Unlabelled	SPOkGoodGood	Alarm(_G_-ENTRY,_asn1_yyparse-16690)
181	0.518739	FalseGround	Unlabelled	SPOkGoodGood	Alarm(_G_-ENTRY,_asn1_yyparse-16691)
182	0.518739	FalseGround	Unlabelled	SPOkGoodGood	Alarm(_G_-ENTRY,_asn1_yyparse-16712)
183	0.518739	FalseGround	Unlabelled	SPOkGoodGood	Alarm(_G_-ENTRY,_asn1_yyparse-16713)
184	0.518739	FalseGround	Unlabelled	SPOkGoodGood	Alarm(_G_-ENTRY,_asn1_yyparse-16715)
185	0.518739	FalseGround	Unlabelled	SPOkGoodGood	Alarm(_G_-ENTRY,_asn1_yyparse-16723)
186	0.518739	FalseGround	Unlabelled	SPOkGoodGood	Alarm(_G_-ENTRY,_asn1_yyparse-16724)
187	0.518739	FalseGround	Unlabelled	SPOkGoodGood	Alarm(_G_-ENTRY,_asn1_yyparse-16733)
188	0.518739	FalseGround	Unlabelled	SPOkGoodGood	Alarm(_G_-ENTRY,_asn1_yyparse-16736)
189	0.518739	FalseGround	Unlabelled	SPOkGoodGood	Alarm(_G_-ENTRY,_asn1_yyparse-16737)
190	0.518739	FalseGround	Unlabelled	SPOkGoodGood	Alarm(_G_-ENTRY,_asn1_yyparse-16738)
191	0.518739	FalseGround	Unlabelled	SPOkGoodGood	Alarm(_G_-ENTRY,_asn1_yyparse-16766)
192	0.518739	FalseGround	Unlabelled	SPOkGoodGood	Alarm(_G_-ENTRY,_asn1_yyparse-16767)
193	0.518739	FalseGround	Unlabelled	SPOkGoodGood	Alarm(_G_-ENTRY,_asn1_yyparse-16770)
194	0.518739	FalseGround	Unlabelled	SPOkGoodGood	Alarm(_G_-ENTRY,_asn1_yyparse-16773)
195	0.518739	FalseGround	Unlabelled	SPOkGoodGood	Alarm(_G_-ENTRY,_asn1_yyparse-16776)
196	0.518739	FalseGround	Unlabelled	SPOkGoodGood	Alarm(_G_-ENTRY,_asn1_yyparse-16779)
197	0.518739	FalseGround	Unlabelled	SPOkGoodGood	Alarm(_G_-ENTRY,_asn1_yyparse-16782)
198	0.518739	FalseGround	Unlabelled	SPOkGoodGood	Alarm(_G_-ENTRY,_asn1_yyparse-16785)
199	0.518739	FalseGround	Unlabelled	SPOkGoodGood	Alarm(_G_-ENTRY,_asn1_yyparse-16788)
200	0.518739	FalseGround	Unlabelled	SPOkGoodGood	Alarm(_G_-ENTRY,_asn1_yyparse-16791)
201	0.518739	FalseGround	Unlabelled	SPOkGoodGood	Alarm(_G_-ENTRY,_asn1_yyparse-16794)
202	0.518739	FalseGround	Unlabelled	SPOkGoodGood	Alarm(_G_-ENTRY,_asn1_yyparse-16797)
203	0.518739	FalseGround	Unlabelled	SPOkGoodGood	Alarm(_G_-ENTRY,_asn1_yyparse-16802)
204	0.518739	FalseGround	Unlabelled	SPOkGoodGood	Alarm(_G_-ENTRY,_asn1_yyparse-16803)
205	0.518739	FalseGround	Unlabelled	SPOkGoodGood	Alarm(_G_-ENTRY,_asn1_yyparse-16805)
206	0.518739	FalseGround	Unlabelled	SPOkGoodGood	Alarm(_G_-ENTRY,_asn1_yyparse-16809)
207	0.518739	FalseGround	Unlabelled	SPOkGoodGood	Alarm(_G_-ENTRY,_asn1_yyparse-16811)
208	0.518739	FalseGround	Unlabelled	SPOkGoodGood	Alarm(_G_-ENTRY,_asn1_yyparse-16819)
209	0.518739	FalseGround	Unlabelled	SPOkGoodGood	Alarm(_G_-ENTRY,_asn1_yyparse-16820)
210	0.518739	FalseGround	Unlabelled	SPOkGoodGood	Alarm(_G_-ENTRY,_asn1_yyparse-16821)
211	0.518739	FalseGround	Unlabelled	SPOkGoodGood	Alarm(_G_-ENTRY,_asn1_yyparse-16822)
212	0.518739	FalseGround	Unlabelled	SPOkGoodGood	Alarm(_G_-ENTRY,_asn1_yyparse-16823)
213	0.518739	FalseGround	Unlabelled	SPOkGoodGood	Alarm(_G_-ENTRY,_asn1_yyparse-16824)
214	0.518739	FalseGround	Unlabelled	SPOkGoodGood	Alarm(_G_-ENTRY,_asn1_yyparse-16825)
215	0.518739	FalseGround	Unlabelled	SPOkGoodGood	Alarm(_G_-ENTRY,_asn1_yyparse-16826)
216	0.518739	FalseGround	Unlabelled	SPOkGoodGood	Alarm(_G_-ENTRY,_asn1_yyparse-16827)
217	0.518739	FalseGround	Unlabelled	SPOkGoodGood	Alarm(_G_-ENTRY,_asn1_yyparse-16828)
218	0.518739	FalseGround	Unlabelled	SPOkGoodGood	Alarm(_G_-ENTRY,_asn1_yyparse-16830)
219	0.518739	FalseGround	Unlabelled	SPOkGoodGood	Alarm(_G_-ENTRY,_asn1_yyparse-16831)
220	0.518739	FalseGround	Unlabelled	SPOkGoodGood	Alarm(_G_-ENTRY,_asn1_yyparse-16832)
221	0.518739	FalseGround	Unlabelled	SPOkGoodGood	Alarm(_G_-ENTRY,_asn1_yyparse-16833)
222	0.518739	FalseGround	Unlabelled	SPOkGoodGood	Alarm(_G_-ENTRY,_asn1_yyparse-16834)
223	0.518739	FalseGround	Unlabelled	SPOkGoodGood	Alarm(_G_-ENTRY,_asn1_yyparse-16835)
224	0.518739	FalseGround	Unlabelled	SPOkGoodGood	Alarm(_G_-ENTRY,_asn1_yyparse-16836)
225	0.518739	FalseGround	Unlabelled	SPOkGoodGood	Alarm(_G_-ENTRY,_asn1_yyparse-16837)
226	0.518739	FalseGround	Unlabelled	SPOkGoodGood	Alarm(_G_-ENTRY,_asn1_yyparse-16838)
227	0.518739	FalseGround	Unlabelled	SPOkGoodGood	Alarm(_G_-ENTRY,_asn1_yyparse-16840)
228	0.518739	FalseGround	Unlabelled	SPOkGoodGood	Alarm(_G_-ENTRY,_asn1_yyparse-16841)
229	0.518739	FalseGround	Unlabelled	SPOkGoodGood	Alarm(_G_-ENTRY,_asn1_yyparse-16844)
230	0.518739	FalseGround	Unlabelled	SPOkGoodGood	Alarm(_G_-ENTRY,_asn1_yyparse-16845)
231	0.518739	FalseGround	Unlabelled	SPOkGoodGood	Alarm(_G_-ENTRY,_asn1_yyparse-16846)
232	0.518739	FalseGround	Unlabelled	SPOkGoodGood	Alarm(_G_-ENTRY,_asn1_yyparse-16848)
233	0.518739	FalseGround	Unlabelled	SPOkGoodGood	Alarm(_G_-ENTRY,_asn1_yyparse-16850)
234	0.518739	FalseGround	Unlabelled	SPOkGoodGood	Alarm(_G_-ENTRY,_asn1_yyparse-16852)
235	0.518739	FalseGround	Unlabelled	SPOkGoodGood	Alarm(_G_-ENTRY,_asn1_yyparse-16855)
236	0.518739	FalseGround	Unlabelled	SPOkGoodGood	Alarm(_G_-ENTRY,_asn1_yyparse-16857)
237	0.518739	FalseGround	Unlabelled	SPOkGoodGood	Alarm(_G_-ENTRY,_asn1_yyparse-16859)
238	0.518739	FalseGround	Unlabelled	SPOkGoodGood	Alarm(_G_-ENTRY,_asn1_yyparse-16861)
239	0.518739	FalseGround	Unlabelled	SPOkGoodGood	Alarm(_G_-ENTRY,_asn1_yyparse-16862)
240	0.518739	FalseGround	Unlabelled	SPOkGoodGood	Alarm(_G_-ENTRY,_asn1_yyparse-16864)
241	0.518739	FalseGround	Unlabelled	SPOkGoodGood	Alarm(_G_-ENTRY,_asn1_yyparse-16866)
242	0.518739	FalseGround	Unlabelled	SPOkGoodGood	Alarm(_G_-ENTRY,_asn1_yyparse-16868)
243	0.518739	FalseGround	Unlabelled	SPOkGoodGood	Alarm(_G_-ENTRY,_asn1_yyparse-16869)
244	0.518739	FalseGround	Unlabelled	SPOkGoodGood	Alarm(_G_-ENTRY,_asn1_yyparse-16871)
245	0.518739	FalseGround	Unlabelled	SPOkGoodGood	Alarm(_G_-ENTRY,_asn1_yyparse-16879)
246	0.518739	FalseGround	Unlabelled	SPOkGoodGood	Alarm(_G_-ENTRY,_asn1_yyparse-16882)
247	0.518739	FalseGround	Unlabelled	SPOkGoodGood	Alarm(_G_-ENTRY,_asn1_yyparse-16887)
248	0.518739	FalseGround	Unlabelled	SPOkGoodGood	Alarm(_G_-ENTRY,_asn1_yyparse-16892)
249	0.518739	FalseGround	Unlabelled	SPOkGoodGood	Alarm(_G_-ENTRY,_asn1_yyparse-16894)
250	0.518739	FalseGround	Unlabelled	SPOkGoodGood	Alarm(_G_-ENTRY,_asn1_yyparse-16895)
251	0.518739	FalseGround	Unlabelled	SPOkGoodGood	Alarm(_G_-ENTRY,_asn1_yyparse-16897)
252	0.518739	FalseGround	Unlabelled	SPOkGoodGood	Alarm(_G_-ENTRY,_asn1_yyparse-16899)
253	0.518739	FalseGround	Unlabelled	SPOkGoodGood	Alarm(_G_-ENTRY,_asn1_yyparse-16911)
254	0.518739	FalseGround	Unlabelled	SPOkGoodGood	Alarm(_G_-ENTRY,_asn1_yyparse-16913)
255	0.518739	FalseGround	Unlabelled	SPOkGoodGood	Alarm(_G_-ENTRY,_asn1_yyparse-16945)
256	0.518739	FalseGround	Unlabelled	SPOkGoodGood	Alarm(_G_-ENTRY,_asn1_yyparse-16983)
257	0.518738	FalseGround	Unlabelled	SPOkGoodGood	Alarm(_G_-ENTRY,_asn1_yyparse-16682)
258	0.518738	FalseGround	Unlabelled	SPOkGoodGood	Alarm(_G_-ENTRY,_asn1_yyparse-16726)
259	0.518738	FalseGround	Unlabelled	SPOkGoodGood	Alarm(_G_-ENTRY,_asn1_yyparse-16746)
260	0.518738	FalseGround	Unlabelled	SPOkGoodGood	Alarm(_G_-ENTRY,_asn1_yyparse-16829)
261	0.518738	FalseGround	Unlabelled	SPOkGoodGood	Alarm(_G_-ENTRY,_asn1_yyparse-16843)
262	0.518738	FalseGround	Unlabelled	SPOkGoodGood	Alarm(_G_-ENTRY,_asn1_yyparse-16849)
263	0.518738	FalseGround	Unlabelled	SPOkGoodGood	Alarm(_G_-ENTRY,_asn1_yyparse-16853)
264	0.518738	FalseGround	Unlabelled	SPOkGoodGood	Alarm(_G_-ENTRY,_asn1_yyparse-16893)
265	0.518738	FalseGround	Unlabelled	SPOkGoodGood	Alarm(_G_-ENTRY,_asn1_yyparse-16947)
266	0.518738	FalseGround	Unlabelled	SPOkGoodGood	Alarm(_G_-ENTRY,_asn1_yyparse-16965)
267	0.515912	FalseGround	Unlabelled	SPOkGoodGood	Alarm(_G_-ENTRY,asn1_get_tag_der-12221)
268	0.478297	FalseGround	Unlabelled	SPOkGoodGood	Alarm(_G_-ENTRY,_asn1_get_octet_string-12723)
269	0.478297	FalseGround	Unlabelled	SPOkGoodGood	Alarm(_G_-ENTRY,_asn1_get_octet_string-12724)
270	0.478297	FalseGround	Unlabelled	SPOkGoodGood	Alarm(_G_-ENTRY,_asn1_get_octet_string-12725)
271	0.478297	FalseGround	Unlabelled	SPOkGoodGood	Alarm(_G_-ENTRY,_asn1_get_octet_string-12726)
272	0.478297	FalseGround	Unlabelled	SPOkGoodGood	Alarm(_G_-ENTRY,asn1_find_node-10048)
273	0.478297	FalseGround	Unlabelled	SPOkGoodGood	Alarm(_G_-ENTRY,asn1_find_node-10049)
274	0.478297	FalseGround	Unlabelled	SPOkGoodGood	Alarm(_G_-ENTRY,asn1_find_node-10063)
275	0.478297	FalseGround	Unlabelled	SPOkGoodGood	Alarm(_G_-ENTRY,asn1_find_node-10064)
276	0.478265	FalseGround	Unlabelled	SPOkGoodGood	Alarm(_G_-ENTRY,asn1_find_node-10000)
277	0.478265	FalseGround	Unlabelled	SPOkGoodGood	Alarm(_G_-ENTRY,asn1_find_node-9999)
278	0.467316	FalseGround	Unlabelled	SPOkGoodGood	Alarm(_G_-ENTRY,_asn1_append_value-10155)
279	0.467316	FalseGround	Unlabelled	SPOkGoodGood	Alarm(_G_-ENTRY,_asn1_append_value-10161)
280	0.467316	FalseGround	Unlabelled	SPOkGoodGood	Alarm(_G_-ENTRY,_asn1_append_value-10162)
281	0.44195	FalseGround	Unlabelled	SPOkGoodGood	Alarm(_G_-ENTRY,yysyntax_error-15475)
282	0.44195	FalseGround	Unlabelled	SPOkGoodGood	Alarm(_G_-ENTRY,yysyntax_error-15480)
283	0.430467	FalseGround	Unlabelled	SPOkGoodGood	Alarm(_G_-ENTRY,_asn1_str_cpy-10738)
284	0.430467	FalseGround	Unlabelled	SPOkGoodGood	Alarm(_G_-ENTRY,_asn1_str_cpy-10739)
285	0.420584	FalseGround	Unlabelled	SPOkGoodGood	Alarm(_G_-ENTRY,asn1_print_structure-9755)
286	0.420178	FalseGround	Unlabelled	SPOkGoodGood	Alarm(_G_-ENTRY,_asn1_yyparse-16593)
287	0.420178	FalseGround	Unlabelled	SPOkGoodGood	Alarm(_G_-ENTRY,_asn1_yyparse-16594)
288	0.415783	FalseGround	Unlabelled	SPOkGoodGood	Alarm(_G_-ENTRY,_asn1_ordering_set_of-14963)
289	0.415783	FalseGround	Unlabelled	SPOkGoodGood	Alarm(_G_-ENTRY,_asn1_ordering_set_of-14964)
290	0.415783	FalseGround	Unlabelled	SPOkGoodGood	Alarm(_G_-ENTRY,_asn1_ordering_set_of-14973)
291	0.415783	FalseGround	Unlabelled	SPOkGoodGood	Alarm(_G_-ENTRY,_asn1_ordering_set_of-14974)
292	0.415783	FalseGround	Unlabelled	SPOkGoodGood	Alarm(_G_-ENTRY,_asn1_ordering_set_of-15010)
293	0.415783	FalseGround	Unlabelled	SPOkGoodGood	Alarm(_G_-ENTRY,_asn1_ordering_set_of-15011)
294	0.38742	FalseGround	Unlabelled	SPOkGoodGood	Alarm(_G_-ENTRY,asn1_print_structure-9604)
295	0.38742	FalseGround	Unlabelled	SPOkGoodGood	Alarm(_G_-ENTRY,asn1_print_structure-9606)
296	0.367409	FalseGround	Unlabelled	SPOkGoodGood	Alarm(_G_-ENTRY,_asn1_yyparse-16915)
297	0.367409	FalseGround	Unlabelled	SPOkGoodGood	Alarm(_G_-ENTRY,_asn1_yyparse-16916)
298	0.367409	FalseGround	Unlabelled	SPOkGoodGood	Alarm(_G_-ENTRY,_asn1_yyparse-16917)
299	0.367409	FalseGround	Unlabelled	SPOkGoodGood	Alarm(_G_-ENTRY,_asn1_yyparse-16919)
300	0.367409	FalseGround	Unlabelled	SPOkGoodGood	Alarm(_G_-ENTRY,_asn1_yyparse-16953)
301	0.35814	FalseGround	Unlabelled	SPOkGoodGood	Alarm(_G_-ENTRY,main-17720)
302	0.353033	FalseGround	Unlabelled	SPOkGoodGood	Alarm(_G_-ENTRY,_asn1_tag_der-14509)
303	0.353033	FalseGround	Unlabelled	SPOkGoodGood	Alarm(_G_-ENTRY,yysyntax_error-15483)
304	0.349811	FalseGround	Unlabelled	SPOkGoodGood	Alarm(_G_-ENTRY,main-17724)
305	0.345516	FalseGround	Unlabelled	SPOkGoodGood	Alarm(_G_-ENTRY,asn1_print_structure-9748)
306	0.345516	FalseGround	Unlabelled	SPOkGoodGood	Alarm(_G_-ENTRY,asn1_print_structure-9768)
307	0.343008	FalseGround	Unlabelled	SPOkGoodGood	Alarm(_G_-ENTRY,main-17704)
308	0.343008	FalseGround	Unlabelled	SPOkGoodGood	Alarm(_G_-ENTRY,main-17713)
309	0.343008	FalseGround	Unlabelled	SPOkGoodGood	Alarm(_G_-ENTRY,main-17716)
310	0.343008	FalseGround	Unlabelled	SPOkGoodGood	Alarm(_G_-ENTRY,main-17717)
311	0.343008	FalseGround	Unlabelled	SPOkGoodGood	Alarm(_G_-ENTRY,main-17721)
312	0.313811	FalseGround	Unlabelled	SPOkGoodGood	Alarm(_G_-ENTRY,asn1_print_structure-9605)
313	0.313811	FalseGround	Unlabelled	SPOkGoodGood	Alarm(_G_-ENTRY,asn1_print_structure-9607)
314	0.313811	FalseGround	Unlabelled	SPOkGoodGood	Alarm(_G_-ENTRY,tolower-8261)
315	0.313811	FalseGround	Unlabelled	SPOkGoodGood	Alarm(_G_-ENTRY,toupper-8270)
316	0.254187	FalseGround	Unlabelled	SPOkGoodGood	Alarm(_G_-ENTRY,safe_memset-9974)
317	0.254187	FalseGround	Unlabelled	SPOkGoodGood	Alarm(_G_-ENTRY,safe_memset-9975)
318	0.220773	FalseGround	Unlabelled	SPOkGoodGood	Alarm(_G_-ENTRY,_asn1_hierarchical_name-10773)
319	0.191398	FalseGround	Unlabelled	SPOkGoodGood	Alarm(_G_-ENTRY,asn1_get_tag_der-12217)
320	0.191398	FalseGround	Unlabelled	SPOkGoodGood	Alarm(_G_-ENTRY,asn1_get_tag_der-12218)
321	0.191398	FalseGround	Unlabelled	SPOkGoodGood	Alarm(_G_-ENTRY,asn1_get_tag_der-12219)
322	0.155032	FalseGround	Unlabelled	SPOkGoodGood	Alarm(_G_-ENTRY,asn1_get_tag_der-12179)
323	0.155032	FalseGround	Unlabelled	SPOkGoodGood	Alarm(_G_-ENTRY,asn1_get_tag_der-12180)
324	0.155032	FalseGround	Unlabelled	SPOkGoodGood	Alarm(_G_-ENTRY,asn1_get_tag_der-12189)
325	0.155032	FalseGround	Unlabelled	SPOkGoodGood	Alarm(_G_-ENTRY,asn1_get_tag_der-12190)
326	0.135085	FalseGround	Unlabelled	SPOkGoodGood	Alarm(_G_-ENTRY,_asn1_tag_der-14514)
327	0.135085	FalseGround	Unlabelled	SPOkGoodGood	Alarm(_G_-ENTRY,yysyntax_error-15496)
328	0.135085	FalseGround	Unlabelled	SPOkGoodGood	Alarm(_G_-ENTRY,yysyntax_error-15516)
329	0.135085	FalseGround	Unlabelled	SPOkGoodGood	Alarm(_G_-ENTRY,yytnamerr-15416)
330	0.135085	FalseGround	Unlabelled	SPOkGoodGood	Alarm(_G_-ENTRY,yytnamerr-15418)
331	0.109419	FalseGround	Unlabelled	SPOkGoodGood	Alarm(_G_-ENTRY,yysyntax_error-15469)
332	0.109419	FalseGround	Unlabelled	SPOkGoodGood	Alarm(_G_-ENTRY,yysyntax_error-15470)
333	0.109419	FalseGround	Unlabelled	SPOkGoodGood	Alarm(_G_-ENTRY,yytnamerr-15396)
334	0.109419	FalseGround	Unlabelled	SPOkGoodGood	Alarm(_G_-ENTRY,yytnamerr-15397)
335	0.103974	FalseGround	Unlabelled	SPOkGoodGood	Alarm(_G_-ENTRY,_asn1_get_time_der-12275)
336	0.103974	FalseGround	Unlabelled	SPOkGoodGood	Alarm(_G_-ENTRY,_asn1_get_time_der-12276)
337	0.103974	FalseGround	Unlabelled	SPOkGoodGood	Alarm(_G_-ENTRY,yytnamerr-15398)
338	0.103974	FalseGround	Unlabelled	SPOkGoodGood	Alarm(_G_-ENTRY,yytnamerr-15399)
339	0.038152	FalseGround	Unlabelled	SPOkGoodGood	Alarm(_G_-ENTRY,yytnamerr-15400)
340	0.038152	FalseGround	Unlabelled	SPOkGoodGood	Alarm(_G_-ENTRY,yytnamerr-15401)
341	0.038152	FalseGround	Unlabelled	SPOkGoodGood	Alarm(_G_-ENTRY,yytnamerr-15402)
342	0.038152	FalseGround	Unlabelled	SPOkGoodGood	Alarm(_G_-ENTRY,yytnamerr-15403)
343	0.0312744	FalseGround	Unlabelled	SPOkGoodGood	Alarm(_G_-ENTRY,yytnamerr-15404)
344	0.0312744	FalseGround	Unlabelled	SPOkGoodGood	Alarm(_G_-ENTRY,yytnamerr-15405)
345	0.0278128	FalseGround	Unlabelled	SPOkGoodGood	Alarm(_G_-ENTRY,_asn1_get_time_der-12279)
346	0.0278128	FalseGround	Unlabelled	SPOkGoodGood	Alarm(_G_-ENTRY,_asn1_get_time_der-12280)
347	0.0278128	FalseGround	Unlabelled	SPOkGoodGood	Alarm(_G_-ENTRY,_asn1_get_time_der-12285)
348	0.0278128	FalseGround	Unlabelled	SPOkGoodGood	Alarm(_G_-ENTRY,_asn1_get_time_der-12286)
349	0.0278128	FalseGround	Unlabelled	SPOkGoodGood	Alarm(_G_-ENTRY,_asn1_get_time_der-12287)
350	0.0278128	FalseGround	Unlabelled	SPOkGoodGood	Alarm(_G_-ENTRY,_asn1_get_time_der-12288)
351	0.00246503	FalseGround	Unlabelled	SPOkGoodGood	Alarm(_G_-ENTRY,_asn1_hierarchical_name-10770)
352	0.00246503	FalseGround	Unlabelled	SPOkGoodGood	Alarm(_G_-ENTRY,_asn1_hierarchical_name-10771)
353	0.000435534	FalseGround	Unlabelled	SPOkGoodGood	Alarm(_G_-ENTRY,set_program_name-8216)
354	0.000435534	FalseGround	Unlabelled	SPOkGoodGood	Alarm(_G_-ENTRY,set_program_name-8218)
355	0.0	FalseGround	NegLabel	SPOkGoodGood	Alarm(_G_-ENTRY,_asn1_ordering_set_of-15026)
356	0.0	FalseGround	NegLabel	SPOkGoodGood	Alarm(_G_-ENTRY,_asn1_yyparse-16651)
357	0.0	FalseGround	NegLabel	SPOkGoodGood	Alarm(_G_-ENTRY,asn1_get_length_der-12155)
