Rank	Confidence	Ground	Label	Comments	Tuple
1	0.729485	FalseGround	Unlabelled	SPOkGoodGood	Alarm(_G_-ENTRY,asn1_get_length_der-12155)
2	0.722206	FalseGround	Unlabelled	SPOkGoodGood	Alarm(_G_-ENTRY,yysyntax_error-15515)
3	0.678498	TrueGround	Unlabelled	SPOkGoodGood	Alarm(_G_-ENTRY,_asn1_ltostr-10264)
4	0.634493	FalseGround	Unlabelled	SPOkGoodGood	Alarm(_G_-ENTRY,yysyntax_error-15471)
5	0.634493	FalseGround	Unlabelled	SPOkGoodGood	Alarm(_G_-ENTRY,yysyntax_error-15472)
6	0.584026	FalseGround	Unlabelled	SPOkGoodGood	Alarm(_G_-ENTRY,_asn1_set_value-10110)
7	0.575	FalseGround	Unlabelled	SPOkGoodGood	Alarm(_G_-ENTRY,asn1_get_length_der-12144)
8	0.575	FalseGround	Unlabelled	SPOkGoodGood	Alarm(_G_-ENTRY,asn1_get_length_der-12145)
9	0.575	FalseGround	Unlabelled	SPOkGoodGood	Alarm(_G_-ENTRY,asn1_get_length_der-12151)
10	0.575	FalseGround	Unlabelled	SPOkGoodGood	Alarm(_G_-ENTRY,asn1_get_length_der-12152)
11	0.575	FalseGround	Unlabelled	SPOkGoodGood	Alarm(_G_-ENTRY,asn1_get_length_der-12153)
12	0.562399	FalseGround	Unlabelled	SPOkGoodGood	Alarm(_G_-ENTRY,_asn1_insert_tag_der-14801)
13	0.562399	FalseGround	Unlabelled	SPOkGoodGood	Alarm(_G_-ENTRY,_asn1_insert_tag_der-14824)
14	0.562399	TrueGround	Unlabelled	SPOkGoodGood	Alarm(_G_-ENTRY,_asn1_ltostr-10260)
15	0.562399	FalseGround	Unlabelled	SPOkGoodGood	Alarm(_G_-ENTRY,_asn1_ltostr-10266)
16	0.543944	FalseGround	Unlabelled	SPOkGoodGood	Alarm(_G_-ENTRY,asn1_get_tag_der-12209)
17	0.543944	FalseGround	Unlabelled	SPOkGoodGood	Alarm(_G_-ENTRY,asn1_get_tag_der-12211)
18	0.543944	FalseGround	Unlabelled	SPOkGoodGood	Alarm(_G_-ENTRY,asn1_get_tag_der-12226)
19	0.543944	FalseGround	Unlabelled	SPOkGoodGood	Alarm(_G_-ENTRY,asn1_get_tag_der-12227)
20	0.543944	FalseGround	Unlabelled	SPOkGoodGood	Alarm(_G_-ENTRY,asn1_get_tag_der-12228)
21	0.543944	FalseGround	Unlabelled	SPOkGoodGood	Alarm(_G_-ENTRY,asn1_get_tag_der-12230)
22	0.525416	FalseGround	Unlabelled	SPOkGoodGood	Alarm(_G_-ENTRY,yysyntax_error-15519)
23	0.50473	FalseGround	Unlabelled	SPOkGoodGood	Alarm(_G_-ENTRY,_asn1_ordering_set_of-15026)
24	0.46575	FalseGround	Unlabelled	SPOkGoodGood	Alarm(_G_-ENTRY,asn1_get_length_der-12108)
25	0.46575	FalseGround	Unlabelled	SPOkGoodGood	Alarm(_G_-ENTRY,asn1_get_length_der-12109)
26	0.46575	FalseGround	Unlabelled	SPOkGoodGood	Alarm(_G_-ENTRY,asn1_get_length_der-12124)
27	0.46575	FalseGround	Unlabelled	SPOkGoodGood	Alarm(_G_-ENTRY,asn1_get_length_der-12125)
28	0.453584	FalseGround	Unlabelled	SPOkGoodGood	Alarm(_G_-ENTRY,asn1_find_node-10000)
29	0.453584	FalseGround	Unlabelled	SPOkGoodGood	Alarm(_G_-ENTRY,asn1_find_node-9999)
30	0.450811	FalseGround	Unlabelled	SPOkGoodGood	Alarm(_G_-ENTRY,_asn1_yyparse-16721)
31	0.450811	FalseGround	Unlabelled	SPOkGoodGood	Alarm(_G_-ENTRY,_asn1_yyparse-16904)
32	0.45081	FalseGround	Unlabelled	SPOkGoodGood	Alarm(_G_-ENTRY,_asn1_yyparse-16693)
33	0.45081	FalseGround	Unlabelled	SPOkGoodGood	Alarm(_G_-ENTRY,_asn1_yyparse-16694)
34	0.45081	FalseGround	Unlabelled	SPOkGoodGood	Alarm(_G_-ENTRY,_asn1_yyparse-16695)
35	0.45081	FalseGround	Unlabelled	SPOkGoodGood	Alarm(_G_-ENTRY,_asn1_yyparse-16696)
36	0.45081	FalseGround	Unlabelled	SPOkGoodGood	Alarm(_G_-ENTRY,_asn1_yyparse-16698)
37	0.45081	FalseGround	Unlabelled	SPOkGoodGood	Alarm(_G_-ENTRY,_asn1_yyparse-16699)
38	0.45081	FalseGround	Unlabelled	SPOkGoodGood	Alarm(_G_-ENTRY,_asn1_yyparse-16700)
39	0.45081	FalseGround	Unlabelled	SPOkGoodGood	Alarm(_G_-ENTRY,_asn1_yyparse-16701)
40	0.45081	FalseGround	Unlabelled	SPOkGoodGood	Alarm(_G_-ENTRY,_asn1_yyparse-16702)
41	0.45081	FalseGround	Unlabelled	SPOkGoodGood	Alarm(_G_-ENTRY,_asn1_yyparse-16703)
42	0.45081	FalseGround	Unlabelled	SPOkGoodGood	Alarm(_G_-ENTRY,_asn1_yyparse-16704)
43	0.45081	FalseGround	Unlabelled	SPOkGoodGood	Alarm(_G_-ENTRY,_asn1_yyparse-16706)
44	0.45081	FalseGround	Unlabelled	SPOkGoodGood	Alarm(_G_-ENTRY,_asn1_yyparse-16707)
45	0.45081	FalseGround	Unlabelled	SPOkGoodGood	Alarm(_G_-ENTRY,_asn1_yyparse-16709)
46	0.45081	FalseGround	Unlabelled	SPOkGoodGood	Alarm(_G_-ENTRY,_asn1_yyparse-16710)
47	0.45081	FalseGround	Unlabelled	SPOkGoodGood	Alarm(_G_-ENTRY,_asn1_yyparse-16711)
48	0.45081	FalseGround	Unlabelled	SPOkGoodGood	Alarm(_G_-ENTRY,_asn1_yyparse-16717)
49	0.45081	FalseGround	Unlabelled	SPOkGoodGood	Alarm(_G_-ENTRY,_asn1_yyparse-16718)
50	0.45081	FalseGround	Unlabelled	SPOkGoodGood	Alarm(_G_-ENTRY,_asn1_yyparse-16720)
51	0.45081	FalseGround	Unlabelled	SPOkGoodGood	Alarm(_G_-ENTRY,_asn1_yyparse-16722)
52	0.45081	FalseGround	Unlabelled	SPOkGoodGood	Alarm(_G_-ENTRY,_asn1_yyparse-16731)
53	0.45081	FalseGround	Unlabelled	SPOkGoodGood	Alarm(_G_-ENTRY,_asn1_yyparse-16732)
54	0.45081	FalseGround	Unlabelled	SPOkGoodGood	Alarm(_G_-ENTRY,_asn1_yyparse-16734)
55	0.45081	FalseGround	Unlabelled	SPOkGoodGood	Alarm(_G_-ENTRY,_asn1_yyparse-16735)
56	0.45081	FalseGround	Unlabelled	SPOkGoodGood	Alarm(_G_-ENTRY,_asn1_yyparse-16740)
57	0.45081	FalseGround	Unlabelled	SPOkGoodGood	Alarm(_G_-ENTRY,_asn1_yyparse-16741)
58	0.45081	FalseGround	Unlabelled	SPOkGoodGood	Alarm(_G_-ENTRY,_asn1_yyparse-16751)
59	0.45081	FalseGround	Unlabelled	SPOkGoodGood	Alarm(_G_-ENTRY,_asn1_yyparse-16753)
60	0.45081	FalseGround	Unlabelled	SPOkGoodGood	Alarm(_G_-ENTRY,_asn1_yyparse-16755)
61	0.45081	FalseGround	Unlabelled	SPOkGoodGood	Alarm(_G_-ENTRY,_asn1_yyparse-16760)
62	0.45081	FalseGround	Unlabelled	SPOkGoodGood	Alarm(_G_-ENTRY,_asn1_yyparse-16761)
63	0.45081	FalseGround	Unlabelled	SPOkGoodGood	Alarm(_G_-ENTRY,_asn1_yyparse-16763)
64	0.45081	FalseGround	Unlabelled	SPOkGoodGood	Alarm(_G_-ENTRY,_asn1_yyparse-16764)
65	0.45081	FalseGround	Unlabelled	SPOkGoodGood	Alarm(_G_-ENTRY,_asn1_yyparse-16765)
66	0.45081	FalseGround	Unlabelled	SPOkGoodGood	Alarm(_G_-ENTRY,_asn1_yyparse-16799)
67	0.45081	FalseGround	Unlabelled	SPOkGoodGood	Alarm(_G_-ENTRY,_asn1_yyparse-16800)
68	0.45081	FalseGround	Unlabelled	SPOkGoodGood	Alarm(_G_-ENTRY,_asn1_yyparse-16801)
69	0.45081	FalseGround	Unlabelled	SPOkGoodGood	Alarm(_G_-ENTRY,_asn1_yyparse-16814)
70	0.45081	FalseGround	Unlabelled	SPOkGoodGood	Alarm(_G_-ENTRY,_asn1_yyparse-16815)
71	0.45081	FalseGround	Unlabelled	SPOkGoodGood	Alarm(_G_-ENTRY,_asn1_yyparse-16817)
72	0.45081	FalseGround	Unlabelled	SPOkGoodGood	Alarm(_G_-ENTRY,_asn1_yyparse-16818)
73	0.45081	FalseGround	Unlabelled	SPOkGoodGood	Alarm(_G_-ENTRY,_asn1_yyparse-16851)
74	0.45081	FalseGround	Unlabelled	SPOkGoodGood	Alarm(_G_-ENTRY,_asn1_yyparse-16877)
75	0.45081	FalseGround	Unlabelled	SPOkGoodGood	Alarm(_G_-ENTRY,_asn1_yyparse-16878)
76	0.45081	FalseGround	Unlabelled	SPOkGoodGood	Alarm(_G_-ENTRY,_asn1_yyparse-16881)
77	0.45081	FalseGround	Unlabelled	SPOkGoodGood	Alarm(_G_-ENTRY,_asn1_yyparse-16884)
78	0.45081	FalseGround	Unlabelled	SPOkGoodGood	Alarm(_G_-ENTRY,_asn1_yyparse-16885)
79	0.45081	FalseGround	Unlabelled	SPOkGoodGood	Alarm(_G_-ENTRY,_asn1_yyparse-16886)
80	0.45081	FalseGround	Unlabelled	SPOkGoodGood	Alarm(_G_-ENTRY,_asn1_yyparse-16889)
81	0.45081	FalseGround	Unlabelled	SPOkGoodGood	Alarm(_G_-ENTRY,_asn1_yyparse-16890)
82	0.45081	FalseGround	Unlabelled	SPOkGoodGood	Alarm(_G_-ENTRY,_asn1_yyparse-16891)
83	0.45081	FalseGround	Unlabelled	SPOkGoodGood	Alarm(_G_-ENTRY,_asn1_yyparse-16900)
84	0.45081	FalseGround	Unlabelled	SPOkGoodGood	Alarm(_G_-ENTRY,_asn1_yyparse-16902)
85	0.449112	FalseGround	Unlabelled	SPOkGoodGood	Alarm(_G_-ENTRY,_asn1_ordering_set_of-15033)
86	0.440595	FalseGround	Unlabelled	SPOkGoodGood	Alarm(_G_-ENTRY,asn1_get_tag_der-12175)
87	0.440595	FalseGround	Unlabelled	SPOkGoodGood	Alarm(_G_-ENTRY,asn1_get_tag_der-12176)
88	0.440595	FalseGround	Unlabelled	SPOkGoodGood	Alarm(_G_-ENTRY,asn1_get_tag_der-12203)
89	0.440595	FalseGround	Unlabelled	SPOkGoodGood	Alarm(_G_-ENTRY,asn1_get_tag_der-12204)
90	0.384611	FalseGround	Unlabelled	SPOkGoodGood	Alarm(_G_-ENTRY,asn1_get_tag_der-12221)
91	0.373623	FalseGround	Unlabelled	SPOkGoodGood	Alarm(_G_-ENTRY,_asn1_ordering_set_of-15028)
92	0.373623	FalseGround	Unlabelled	SPOkGoodGood	Alarm(_G_-ENTRY,hash_pjw_bare-8242)
93	0.353033	FalseGround	Unlabelled	SPOkGoodGood	Alarm(_G_-ENTRY,_asn1_tag_der-14509)
94	0.353033	FalseGround	Unlabelled	SPOkGoodGood	Alarm(_G_-ENTRY,asn1_length_der-14486)
95	0.353033	FalseGround	Unlabelled	SPOkGoodGood	Alarm(_G_-ENTRY,asn1_length_der-14492)
96	0.353033	FalseGround	Unlabelled	SPOkGoodGood	Alarm(_G_-ENTRY,yysyntax_error-15483)
97	0.337719	FalseGround	Unlabelled	SPOkGoodGood	Alarm(_G_-ENTRY,yysyntax_error-15475)
98	0.337718	FalseGround	Unlabelled	SPOkGoodGood	Alarm(_G_-ENTRY,yysyntax_error-15480)
99	0.319578	FalseGround	Unlabelled	SPOkGoodGood	Alarm(_G_-ENTRY,_asn1_yyparse-16915)
100	0.319578	FalseGround	Unlabelled	SPOkGoodGood	Alarm(_G_-ENTRY,_asn1_yyparse-16916)
101	0.319578	FalseGround	Unlabelled	SPOkGoodGood	Alarm(_G_-ENTRY,_asn1_yyparse-16917)
102	0.319578	FalseGround	Unlabelled	SPOkGoodGood	Alarm(_G_-ENTRY,_asn1_yyparse-16919)
103	0.319578	FalseGround	Unlabelled	SPOkGoodGood	Alarm(_G_-ENTRY,_asn1_yyparse-16953)
104	0.313811	FalseGround	Unlabelled	SPOkGoodGood	Alarm(_G_-ENTRY,asn1_strerror-10761)
105	0.313811	FalseGround	Unlabelled	SPOkGoodGood	Alarm(_G_-ENTRY,main-17704)
106	0.313811	FalseGround	Unlabelled	SPOkGoodGood	Alarm(_G_-ENTRY,main-17713)
107	0.313811	FalseGround	Unlabelled	SPOkGoodGood	Alarm(_G_-ENTRY,main-17716)
108	0.313811	FalseGround	Unlabelled	SPOkGoodGood	Alarm(_G_-ENTRY,main-17717)
109	0.313811	FalseGround	Unlabelled	SPOkGoodGood	Alarm(_G_-ENTRY,main-17720)
110	0.313811	FalseGround	Unlabelled	SPOkGoodGood	Alarm(_G_-ENTRY,main-17721)
111	0.313811	FalseGround	Unlabelled	SPOkGoodGood	Alarm(_G_-ENTRY,main-17724)
112	0.313811	FalseGround	Unlabelled	SPOkGoodGood	Alarm(_G_-ENTRY,tolower-8261)
113	0.313811	FalseGround	Unlabelled	SPOkGoodGood	Alarm(_G_-ENTRY,toupper-8270)
114	0.302634	FalseGround	Unlabelled	SPOkGoodGood	Alarm(_G_-ENTRY,asn1_der_decoding2-13399)
115	0.302634	FalseGround	Unlabelled	SPOkGoodGood	Alarm(_G_-ENTRY,asn1_der_decoding2-13400)
116	0.302634	FalseGround	Unlabelled	SPOkGoodGood	Alarm(_G_-ENTRY,asn1_der_decoding2-13401)
117	0.302634	FalseGround	Unlabelled	SPOkGoodGood	Alarm(_G_-ENTRY,asn1_der_decoding2-13402)
118	0.302634	FalseGround	Unlabelled	SPOkGoodGood	Alarm(_G_-ENTRY,asn1_der_decoding2-13513)
119	0.302634	FalseGround	Unlabelled	SPOkGoodGood	Alarm(_G_-ENTRY,asn1_der_decoding2-13514)
120	0.302634	FalseGround	Unlabelled	SPOkGoodGood	Alarm(_G_-ENTRY,asn1_der_decoding2-13517)
121	0.302634	FalseGround	Unlabelled	SPOkGoodGood	Alarm(_G_-ENTRY,asn1_der_decoding2-13518)
122	0.302634	FalseGround	Unlabelled	SPOkGoodGood	Alarm(_G_-ENTRY,asn1_der_decoding2-13519)
123	0.302634	FalseGround	Unlabelled	SPOkGoodGood	Alarm(_G_-ENTRY,asn1_der_decoding2-13520)
124	0.302634	FalseGround	Unlabelled	SPOkGoodGood	Alarm(_G_-ENTRY,asn1_der_decoding2-13551)
125	0.302634	FalseGround	Unlabelled	SPOkGoodGood	Alarm(_G_-ENTRY,asn1_der_decoding2-13552)
126	0.302634	FalseGround	Unlabelled	SPOkGoodGood	Alarm(_G_-ENTRY,asn1_der_decoding2-13553)
127	0.302634	FalseGround	Unlabelled	SPOkGoodGood	Alarm(_G_-ENTRY,asn1_der_decoding2-13554)
128	0.302634	FalseGround	Unlabelled	SPOkGoodGood	Alarm(_G_-ENTRY,asn1_der_decoding2-13581)
129	0.302634	FalseGround	Unlabelled	SPOkGoodGood	Alarm(_G_-ENTRY,asn1_der_decoding2-13582)
130	0.302634	FalseGround	Unlabelled	SPOkGoodGood	Alarm(_G_-ENTRY,asn1_der_decoding2-13583)
131	0.302634	FalseGround	Unlabelled	SPOkGoodGood	Alarm(_G_-ENTRY,asn1_der_decoding2-13584)
132	0.302634	FalseGround	Unlabelled	SPOkGoodGood	Alarm(_G_-ENTRY,asn1_der_decoding2-13615)
133	0.302634	FalseGround	Unlabelled	SPOkGoodGood	Alarm(_G_-ENTRY,asn1_der_decoding2-13616)
134	0.302203	FalseGround	Unlabelled	SPOkGoodGood	Alarm(_G_-ENTRY,_asn1_ordering_set_of-14967)
135	0.302203	FalseGround	Unlabelled	SPOkGoodGood	Alarm(_G_-ENTRY,_asn1_ordering_set_of-14968)
136	0.290822	FalseGround	Unlabelled	SPOkGoodGood	Alarm(_G_-ENTRY,_asn1_check_identifier-10613)
137	0.290822	FalseGround	Unlabelled	SPOkGoodGood	Alarm(_G_-ENTRY,_asn1_check_identifier-10621)
138	0.290822	FalseGround	Unlabelled	SPOkGoodGood	Alarm(_G_-ENTRY,_asn1_check_identifier-10633)
139	0.27567	FalseGround	Unlabelled	SPOkGoodGood	Alarm(_G_-ENTRY,_asn1_yyparse-16682)
140	0.27567	FalseGround	Unlabelled	SPOkGoodGood	Alarm(_G_-ENTRY,_asn1_yyparse-16685)
141	0.27567	FalseGround	Unlabelled	SPOkGoodGood	Alarm(_G_-ENTRY,_asn1_yyparse-16686)
142	0.27567	FalseGround	Unlabelled	SPOkGoodGood	Alarm(_G_-ENTRY,_asn1_yyparse-16687)
143	0.27567	FalseGround	Unlabelled	SPOkGoodGood	Alarm(_G_-ENTRY,_asn1_yyparse-16690)
144	0.27567	FalseGround	Unlabelled	SPOkGoodGood	Alarm(_G_-ENTRY,_asn1_yyparse-16691)
145	0.27567	FalseGround	Unlabelled	SPOkGoodGood	Alarm(_G_-ENTRY,_asn1_yyparse-16712)
146	0.27567	FalseGround	Unlabelled	SPOkGoodGood	Alarm(_G_-ENTRY,_asn1_yyparse-16713)
147	0.27567	FalseGround	Unlabelled	SPOkGoodGood	Alarm(_G_-ENTRY,_asn1_yyparse-16714)
148	0.27567	FalseGround	Unlabelled	SPOkGoodGood	Alarm(_G_-ENTRY,_asn1_yyparse-16715)
149	0.27567	FalseGround	Unlabelled	SPOkGoodGood	Alarm(_G_-ENTRY,_asn1_yyparse-16723)
150	0.27567	FalseGround	Unlabelled	SPOkGoodGood	Alarm(_G_-ENTRY,_asn1_yyparse-16724)
151	0.27567	FalseGround	Unlabelled	SPOkGoodGood	Alarm(_G_-ENTRY,_asn1_yyparse-16725)
152	0.27567	FalseGround	Unlabelled	SPOkGoodGood	Alarm(_G_-ENTRY,_asn1_yyparse-16726)
153	0.27567	FalseGround	Unlabelled	SPOkGoodGood	Alarm(_G_-ENTRY,_asn1_yyparse-16733)
154	0.27567	FalseGround	Unlabelled	SPOkGoodGood	Alarm(_G_-ENTRY,_asn1_yyparse-16736)
155	0.27567	FalseGround	Unlabelled	SPOkGoodGood	Alarm(_G_-ENTRY,_asn1_yyparse-16737)
156	0.27567	FalseGround	Unlabelled	SPOkGoodGood	Alarm(_G_-ENTRY,_asn1_yyparse-16738)
157	0.27567	FalseGround	Unlabelled	SPOkGoodGood	Alarm(_G_-ENTRY,_asn1_yyparse-16746)
158	0.27567	FalseGround	Unlabelled	SPOkGoodGood	Alarm(_G_-ENTRY,_asn1_yyparse-16766)
159	0.27567	FalseGround	Unlabelled	SPOkGoodGood	Alarm(_G_-ENTRY,_asn1_yyparse-16767)
160	0.27567	FalseGround	Unlabelled	SPOkGoodGood	Alarm(_G_-ENTRY,_asn1_yyparse-16770)
161	0.27567	FalseGround	Unlabelled	SPOkGoodGood	Alarm(_G_-ENTRY,_asn1_yyparse-16773)
162	0.27567	FalseGround	Unlabelled	SPOkGoodGood	Alarm(_G_-ENTRY,_asn1_yyparse-16776)
163	0.27567	FalseGround	Unlabelled	SPOkGoodGood	Alarm(_G_-ENTRY,_asn1_yyparse-16779)
164	0.27567	FalseGround	Unlabelled	SPOkGoodGood	Alarm(_G_-ENTRY,_asn1_yyparse-16782)
165	0.27567	FalseGround	Unlabelled	SPOkGoodGood	Alarm(_G_-ENTRY,_asn1_yyparse-16785)
166	0.27567	FalseGround	Unlabelled	SPOkGoodGood	Alarm(_G_-ENTRY,_asn1_yyparse-16788)
167	0.27567	FalseGround	Unlabelled	SPOkGoodGood	Alarm(_G_-ENTRY,_asn1_yyparse-16791)
168	0.27567	FalseGround	Unlabelled	SPOkGoodGood	Alarm(_G_-ENTRY,_asn1_yyparse-16794)
169	0.27567	FalseGround	Unlabelled	SPOkGoodGood	Alarm(_G_-ENTRY,_asn1_yyparse-16797)
170	0.27567	FalseGround	Unlabelled	SPOkGoodGood	Alarm(_G_-ENTRY,_asn1_yyparse-16802)
171	0.27567	FalseGround	Unlabelled	SPOkGoodGood	Alarm(_G_-ENTRY,_asn1_yyparse-16803)
172	0.27567	FalseGround	Unlabelled	SPOkGoodGood	Alarm(_G_-ENTRY,_asn1_yyparse-16804)
173	0.27567	FalseGround	Unlabelled	SPOkGoodGood	Alarm(_G_-ENTRY,_asn1_yyparse-16805)
174	0.27567	FalseGround	Unlabelled	SPOkGoodGood	Alarm(_G_-ENTRY,_asn1_yyparse-16809)
175	0.27567	FalseGround	Unlabelled	SPOkGoodGood	Alarm(_G_-ENTRY,_asn1_yyparse-16811)
176	0.27567	FalseGround	Unlabelled	SPOkGoodGood	Alarm(_G_-ENTRY,_asn1_yyparse-16819)
177	0.27567	FalseGround	Unlabelled	SPOkGoodGood	Alarm(_G_-ENTRY,_asn1_yyparse-16820)
178	0.27567	FalseGround	Unlabelled	SPOkGoodGood	Alarm(_G_-ENTRY,_asn1_yyparse-16821)
179	0.27567	FalseGround	Unlabelled	SPOkGoodGood	Alarm(_G_-ENTRY,_asn1_yyparse-16822)
180	0.27567	FalseGround	Unlabelled	SPOkGoodGood	Alarm(_G_-ENTRY,_asn1_yyparse-16823)
181	0.27567	FalseGround	Unlabelled	SPOkGoodGood	Alarm(_G_-ENTRY,_asn1_yyparse-16824)
182	0.27567	FalseGround	Unlabelled	SPOkGoodGood	Alarm(_G_-ENTRY,_asn1_yyparse-16825)
183	0.27567	FalseGround	Unlabelled	SPOkGoodGood	Alarm(_G_-ENTRY,_asn1_yyparse-16826)
184	0.27567	FalseGround	Unlabelled	SPOkGoodGood	Alarm(_G_-ENTRY,_asn1_yyparse-16827)
185	0.27567	FalseGround	Unlabelled	SPOkGoodGood	Alarm(_G_-ENTRY,_asn1_yyparse-16828)
186	0.27567	FalseGround	Unlabelled	SPOkGoodGood	Alarm(_G_-ENTRY,_asn1_yyparse-16829)
187	0.27567	FalseGround	Unlabelled	SPOkGoodGood	Alarm(_G_-ENTRY,_asn1_yyparse-16830)
188	0.27567	FalseGround	Unlabelled	SPOkGoodGood	Alarm(_G_-ENTRY,_asn1_yyparse-16831)
189	0.27567	FalseGround	Unlabelled	SPOkGoodGood	Alarm(_G_-ENTRY,_asn1_yyparse-16832)
190	0.27567	FalseGround	Unlabelled	SPOkGoodGood	Alarm(_G_-ENTRY,_asn1_yyparse-16833)
191	0.27567	FalseGround	Unlabelled	SPOkGoodGood	Alarm(_G_-ENTRY,_asn1_yyparse-16834)
192	0.27567	FalseGround	Unlabelled	SPOkGoodGood	Alarm(_G_-ENTRY,_asn1_yyparse-16835)
193	0.27567	FalseGround	Unlabelled	SPOkGoodGood	Alarm(_G_-ENTRY,_asn1_yyparse-16836)
194	0.27567	FalseGround	Unlabelled	SPOkGoodGood	Alarm(_G_-ENTRY,_asn1_yyparse-16837)
195	0.27567	FalseGround	Unlabelled	SPOkGoodGood	Alarm(_G_-ENTRY,_asn1_yyparse-16838)
196	0.27567	FalseGround	Unlabelled	SPOkGoodGood	Alarm(_G_-ENTRY,_asn1_yyparse-16840)
197	0.27567	FalseGround	Unlabelled	SPOkGoodGood	Alarm(_G_-ENTRY,_asn1_yyparse-16841)
198	0.27567	FalseGround	Unlabelled	SPOkGoodGood	Alarm(_G_-ENTRY,_asn1_yyparse-16843)
199	0.27567	FalseGround	Unlabelled	SPOkGoodGood	Alarm(_G_-ENTRY,_asn1_yyparse-16844)
200	0.27567	FalseGround	Unlabelled	SPOkGoodGood	Alarm(_G_-ENTRY,_asn1_yyparse-16845)
201	0.27567	FalseGround	Unlabelled	SPOkGoodGood	Alarm(_G_-ENTRY,_asn1_yyparse-16846)
202	0.27567	FalseGround	Unlabelled	SPOkGoodGood	Alarm(_G_-ENTRY,_asn1_yyparse-16848)
203	0.27567	FalseGround	Unlabelled	SPOkGoodGood	Alarm(_G_-ENTRY,_asn1_yyparse-16849)
204	0.27567	FalseGround	Unlabelled	SPOkGoodGood	Alarm(_G_-ENTRY,_asn1_yyparse-16850)
205	0.27567	FalseGround	Unlabelled	SPOkGoodGood	Alarm(_G_-ENTRY,_asn1_yyparse-16852)
206	0.27567	FalseGround	Unlabelled	SPOkGoodGood	Alarm(_G_-ENTRY,_asn1_yyparse-16853)
207	0.27567	FalseGround	Unlabelled	SPOkGoodGood	Alarm(_G_-ENTRY,_asn1_yyparse-16854)
208	0.27567	FalseGround	Unlabelled	SPOkGoodGood	Alarm(_G_-ENTRY,_asn1_yyparse-16855)
209	0.27567	FalseGround	Unlabelled	SPOkGoodGood	Alarm(_G_-ENTRY,_asn1_yyparse-16857)
210	0.27567	FalseGround	Unlabelled	SPOkGoodGood	Alarm(_G_-ENTRY,_asn1_yyparse-16859)
211	0.27567	FalseGround	Unlabelled	SPOkGoodGood	Alarm(_G_-ENTRY,_asn1_yyparse-16861)
212	0.27567	FalseGround	Unlabelled	SPOkGoodGood	Alarm(_G_-ENTRY,_asn1_yyparse-16862)
213	0.27567	FalseGround	Unlabelled	SPOkGoodGood	Alarm(_G_-ENTRY,_asn1_yyparse-16864)
214	0.27567	FalseGround	Unlabelled	SPOkGoodGood	Alarm(_G_-ENTRY,_asn1_yyparse-16866)
215	0.27567	FalseGround	Unlabelled	SPOkGoodGood	Alarm(_G_-ENTRY,_asn1_yyparse-16868)
216	0.27567	FalseGround	Unlabelled	SPOkGoodGood	Alarm(_G_-ENTRY,_asn1_yyparse-16869)
217	0.27567	FalseGround	Unlabelled	SPOkGoodGood	Alarm(_G_-ENTRY,_asn1_yyparse-16871)
218	0.27567	FalseGround	Unlabelled	SPOkGoodGood	Alarm(_G_-ENTRY,_asn1_yyparse-16879)
219	0.27567	FalseGround	Unlabelled	SPOkGoodGood	Alarm(_G_-ENTRY,_asn1_yyparse-16882)
220	0.27567	FalseGround	Unlabelled	SPOkGoodGood	Alarm(_G_-ENTRY,_asn1_yyparse-16887)
221	0.27567	FalseGround	Unlabelled	SPOkGoodGood	Alarm(_G_-ENTRY,_asn1_yyparse-16892)
222	0.27567	FalseGround	Unlabelled	SPOkGoodGood	Alarm(_G_-ENTRY,_asn1_yyparse-16893)
223	0.27567	FalseGround	Unlabelled	SPOkGoodGood	Alarm(_G_-ENTRY,_asn1_yyparse-16894)
224	0.27567	FalseGround	Unlabelled	SPOkGoodGood	Alarm(_G_-ENTRY,_asn1_yyparse-16895)
225	0.27567	FalseGround	Unlabelled	SPOkGoodGood	Alarm(_G_-ENTRY,_asn1_yyparse-16896)
226	0.27567	FalseGround	Unlabelled	SPOkGoodGood	Alarm(_G_-ENTRY,_asn1_yyparse-16897)
227	0.27567	FalseGround	Unlabelled	SPOkGoodGood	Alarm(_G_-ENTRY,_asn1_yyparse-16899)
228	0.27567	FalseGround	Unlabelled	SPOkGoodGood	Alarm(_G_-ENTRY,_asn1_yyparse-16911)
229	0.27567	FalseGround	Unlabelled	SPOkGoodGood	Alarm(_G_-ENTRY,_asn1_yyparse-16913)
230	0.27567	FalseGround	Unlabelled	SPOkGoodGood	Alarm(_G_-ENTRY,_asn1_yyparse-16945)
231	0.27567	FalseGround	Unlabelled	SPOkGoodGood	Alarm(_G_-ENTRY,_asn1_yyparse-16947)
232	0.27567	FalseGround	Unlabelled	SPOkGoodGood	Alarm(_G_-ENTRY,_asn1_yyparse-16965)
233	0.27567	FalseGround	Unlabelled	SPOkGoodGood	Alarm(_G_-ENTRY,_asn1_yyparse-16983)
234	0.254187	FalseGround	Unlabelled	SPOkGoodGood	Alarm(_G_-ENTRY,safe_memset-9974)
235	0.254187	FalseGround	Unlabelled	SPOkGoodGood	Alarm(_G_-ENTRY,safe_memset-9975)
236	0.242007	FalseGround	Unlabelled	SPOkGoodGood	Alarm(_G_-ENTRY,_asn1_get_objectid_der-12365)
237	0.223293	FalseGround	Unlabelled	SPOkGoodGood	Alarm(_G_-ENTRY,_asn1_yyparse-16593)
238	0.223293	FalseGround	Unlabelled	SPOkGoodGood	Alarm(_G_-ENTRY,_asn1_yyparse-16594)
239	0.20424	FalseGround	Unlabelled	SPOkGoodGood	Alarm(_G_-ENTRY,_asn1_get_objectid_der-12329)
240	0.20424	FalseGround	Unlabelled	SPOkGoodGood	Alarm(_G_-ENTRY,_asn1_get_objectid_der-12330)
241	0.20424	FalseGround	Unlabelled	SPOkGoodGood	Alarm(_G_-ENTRY,_asn1_get_objectid_der-12335)
242	0.20424	FalseGround	Unlabelled	SPOkGoodGood	Alarm(_G_-ENTRY,_asn1_get_objectid_der-12336)
243	0.180773	FalseGround	Unlabelled	SPOkGoodGood	Alarm(_G_-ENTRY,_asn1_str_cat-10723)
244	0.180773	FalseGround	Unlabelled	SPOkGoodGood	Alarm(_G_-ENTRY,_asn1_str_cat-10725)
245	0.173763	FalseGround	Unlabelled	SPOkGoodGood	Alarm(_G_-ENTRY,_asn1_get_time_der-12293)
246	0.173763	FalseGround	Unlabelled	SPOkGoodGood	Alarm(_G_-ENTRY,_asn1_get_time_der-12294)
247	0.147448	FalseGround	Unlabelled	SPOkGoodGood	Alarm(_G_-ENTRY,asn1_octet_der-14521)
248	0.146426	FalseGround	Unlabelled	SPOkGoodGood	Alarm(_G_-ENTRY,_asn1_check_identifier-10590)
249	0.146426	FalseGround	Unlabelled	SPOkGoodGood	Alarm(_G_-ENTRY,_asn1_check_identifier-10591)
250	0.141811	FalseGround	Unlabelled	SPOkGoodGood	Alarm(_G_-ENTRY,asn1_der_decoding2-13641)
251	0.141811	FalseGround	Unlabelled	SPOkGoodGood	Alarm(_G_-ENTRY,asn1_der_decoding2-13642)
252	0.141811	FalseGround	Unlabelled	SPOkGoodGood	Alarm(_G_-ENTRY,asn1_der_decoding2-13643)
253	0.141811	FalseGround	Unlabelled	SPOkGoodGood	Alarm(_G_-ENTRY,asn1_der_decoding2-13644)
254	0.135085	FalseGround	Unlabelled	SPOkGoodGood	Alarm(_G_-ENTRY,_asn1_convert_integer-10834)
255	0.135085	FalseGround	Unlabelled	SPOkGoodGood	Alarm(_G_-ENTRY,_asn1_ordering_set_of-15010)
256	0.135085	FalseGround	Unlabelled	SPOkGoodGood	Alarm(_G_-ENTRY,_asn1_ordering_set_of-15011)
257	0.135085	FalseGround	Unlabelled	SPOkGoodGood	Alarm(_G_-ENTRY,_asn1_ordering_set_of-15020)
258	0.135085	FalseGround	Unlabelled	SPOkGoodGood	Alarm(_G_-ENTRY,_asn1_ordering_set_of-15021)
259	0.135085	FalseGround	Unlabelled	SPOkGoodGood	Alarm(_G_-ENTRY,_asn1_ordering_set_of-15022)
260	0.135085	FalseGround	Unlabelled	SPOkGoodGood	Alarm(_G_-ENTRY,_asn1_ordering_set_of-15024)
261	0.135085	FalseGround	Unlabelled	SPOkGoodGood	Alarm(_G_-ENTRY,_asn1_ordering_set_of-15025)
262	0.135085	FalseGround	Unlabelled	SPOkGoodGood	Alarm(_G_-ENTRY,_asn1_ordering_set_of-15027)
263	0.135085	FalseGround	Unlabelled	SPOkGoodGood	Alarm(_G_-ENTRY,_asn1_ordering_set_of-15037)
264	0.135085	FalseGround	Unlabelled	SPOkGoodGood	Alarm(_G_-ENTRY,_asn1_tag_der-14514)
265	0.135085	FalseGround	Unlabelled	SPOkGoodGood	Alarm(_G_-ENTRY,asn1_find_node-10048)
266	0.135085	FalseGround	Unlabelled	SPOkGoodGood	Alarm(_G_-ENTRY,asn1_find_node-10049)
267	0.135085	FalseGround	Unlabelled	SPOkGoodGood	Alarm(_G_-ENTRY,asn1_find_node-10063)
268	0.135085	FalseGround	Unlabelled	SPOkGoodGood	Alarm(_G_-ENTRY,asn1_find_node-10064)
269	0.135085	FalseGround	Unlabelled	SPOkGoodGood	Alarm(_G_-ENTRY,fread_file-8143)
270	0.135085	FalseGround	Unlabelled	SPOkGoodGood	Alarm(_G_-ENTRY,yysyntax_error-15496)
271	0.135085	FalseGround	Unlabelled	SPOkGoodGood	Alarm(_G_-ENTRY,yysyntax_error-15516)
272	0.135085	FalseGround	Unlabelled	SPOkGoodGood	Alarm(_G_-ENTRY,yytnamerr-15416)
273	0.135085	FalseGround	Unlabelled	SPOkGoodGood	Alarm(_G_-ENTRY,yytnamerr-15418)
274	0.12763	FalseGround	Unlabelled	SPOkGoodGood	Alarm(_G_-ENTRY,asn1_get_tag_der-12217)
275	0.12763	FalseGround	Unlabelled	SPOkGoodGood	Alarm(_G_-ENTRY,asn1_get_tag_der-12218)
276	0.12763	FalseGround	Unlabelled	SPOkGoodGood	Alarm(_G_-ENTRY,asn1_get_tag_der-12219)
277	0.124384	FalseGround	Unlabelled	SPOkGoodGood	Alarm(_G_-ENTRY,asn1_print_structure-9741)
278	0.124384	FalseGround	Unlabelled	SPOkGoodGood	Alarm(_G_-ENTRY,asn1_print_structure-9748)
279	0.124384	FalseGround	Unlabelled	SPOkGoodGood	Alarm(_G_-ENTRY,asn1_print_structure-9757)
280	0.124384	FalseGround	Unlabelled	SPOkGoodGood	Alarm(_G_-ENTRY,asn1_print_structure-9768)
281	0.124384	FalseGround	Unlabelled	SPOkGoodGood	Alarm(_G_-ENTRY,asn1_print_structure-9775)
282	0.124384	FalseGround	Unlabelled	SPOkGoodGood	Alarm(_G_-ENTRY,asn1_print_structure-9783)
283	0.112128	FalseGround	Unlabelled	SPOkGoodGood	Alarm(_G_-ENTRY,_asn1_hierarchical_name-10773)
284	0.109419	FalseGround	Unlabelled	SPOkGoodGood	Alarm(_G_-ENTRY,_asn1_convert_integer-10810)
285	0.109419	FalseGround	Unlabelled	SPOkGoodGood	Alarm(_G_-ENTRY,_asn1_convert_integer-10811)
286	0.109419	FalseGround	Unlabelled	SPOkGoodGood	Alarm(_G_-ENTRY,_asn1_convert_integer-10814)
287	0.109419	FalseGround	Unlabelled	SPOkGoodGood	Alarm(_G_-ENTRY,_asn1_convert_integer-10815)
288	0.109419	FalseGround	Unlabelled	SPOkGoodGood	Alarm(_G_-ENTRY,_asn1_get_octet_string-12723)
289	0.109419	FalseGround	Unlabelled	SPOkGoodGood	Alarm(_G_-ENTRY,_asn1_get_octet_string-12724)
290	0.109419	FalseGround	Unlabelled	SPOkGoodGood	Alarm(_G_-ENTRY,_asn1_get_octet_string-12725)
291	0.109419	FalseGround	Unlabelled	SPOkGoodGood	Alarm(_G_-ENTRY,_asn1_get_octet_string-12726)
292	0.109419	FalseGround	Unlabelled	SPOkGoodGood	Alarm(_G_-ENTRY,_asn1_ordering_set_of-14963)
293	0.109419	FalseGround	Unlabelled	SPOkGoodGood	Alarm(_G_-ENTRY,_asn1_ordering_set_of-14964)
294	0.109419	FalseGround	Unlabelled	SPOkGoodGood	Alarm(_G_-ENTRY,_asn1_ordering_set_of-14969)
295	0.109419	FalseGround	Unlabelled	SPOkGoodGood	Alarm(_G_-ENTRY,_asn1_ordering_set_of-14970)
296	0.109419	FalseGround	Unlabelled	SPOkGoodGood	Alarm(_G_-ENTRY,_asn1_ordering_set_of-14973)
297	0.109419	FalseGround	Unlabelled	SPOkGoodGood	Alarm(_G_-ENTRY,_asn1_ordering_set_of-14974)
298	0.109419	FalseGround	Unlabelled	SPOkGoodGood	Alarm(_G_-ENTRY,yysyntax_error-15469)
299	0.109419	FalseGround	Unlabelled	SPOkGoodGood	Alarm(_G_-ENTRY,yysyntax_error-15470)
300	0.109419	FalseGround	Unlabelled	SPOkGoodGood	Alarm(_G_-ENTRY,yytnamerr-15396)
301	0.109419	FalseGround	Unlabelled	SPOkGoodGood	Alarm(_G_-ENTRY,yytnamerr-15397)
302	0.103974	FalseGround	Unlabelled	SPOkGoodGood	Alarm(_G_-ENTRY,_asn1_get_time_der-12275)
303	0.103974	FalseGround	Unlabelled	SPOkGoodGood	Alarm(_G_-ENTRY,_asn1_get_time_der-12276)
304	0.103974	FalseGround	Unlabelled	SPOkGoodGood	Alarm(_G_-ENTRY,yytnamerr-15398)
305	0.103974	FalseGround	Unlabelled	SPOkGoodGood	Alarm(_G_-ENTRY,yytnamerr-15399)
306	0.10338	FalseGround	Unlabelled	SPOkGoodGood	Alarm(_G_-ENTRY,asn1_get_tag_der-12179)
307	0.10338	FalseGround	Unlabelled	SPOkGoodGood	Alarm(_G_-ENTRY,asn1_get_tag_der-12180)
308	0.10338	FalseGround	Unlabelled	SPOkGoodGood	Alarm(_G_-ENTRY,asn1_get_tag_der-12189)
309	0.10338	FalseGround	Unlabelled	SPOkGoodGood	Alarm(_G_-ENTRY,asn1_get_tag_der-12190)
310	0.0538254	FalseGround	Unlabelled	SPOkGoodGood	Alarm(_G_-ENTRY,_asn1_get_octet_string-12705)
311	0.0538254	FalseGround	Unlabelled	SPOkGoodGood	Alarm(_G_-ENTRY,_asn1_get_octet_string-12706)
312	0.0471013	FalseGround	Unlabelled	SPOkGoodGood	Alarm(_G_-ENTRY,_asn1_get_objectid_der-12351)
313	0.0471013	FalseGround	Unlabelled	SPOkGoodGood	Alarm(_G_-ENTRY,_asn1_get_objectid_der-12352)
314	0.0471013	FalseGround	Unlabelled	SPOkGoodGood	Alarm(_G_-ENTRY,_asn1_get_time_der-12305)
315	0.0471013	FalseGround	Unlabelled	SPOkGoodGood	Alarm(_G_-ENTRY,_asn1_str_cpy-10736)
316	0.0471013	FalseGround	Unlabelled	SPOkGoodGood	Alarm(_G_-ENTRY,_asn1_str_cpy-10738)
317	0.0471013	FalseGround	Unlabelled	SPOkGoodGood	Alarm(_G_-ENTRY,_asn1_str_cpy-10739)
318	0.0471013	FalseGround	Unlabelled	SPOkGoodGood	Alarm(_G_-ENTRY,asn1_print_structure-9755)
319	0.038152	FalseGround	Unlabelled	SPOkGoodGood	Alarm(_G_-ENTRY,_asn1_expand_object_id-10329)
320	0.038152	FalseGround	Unlabelled	SPOkGoodGood	Alarm(_G_-ENTRY,_asn1_expand_object_id-10330)
321	0.038152	FalseGround	Unlabelled	SPOkGoodGood	Alarm(_G_-ENTRY,_asn1_get_indefinite_length_string-12794)
322	0.038152	FalseGround	Unlabelled	SPOkGoodGood	Alarm(_G_-ENTRY,_asn1_get_indefinite_length_string-12795)
323	0.038152	FalseGround	Unlabelled	SPOkGoodGood	Alarm(_G_-ENTRY,_asn1_get_indefinite_length_string-12796)
324	0.038152	FalseGround	Unlabelled	SPOkGoodGood	Alarm(_G_-ENTRY,_asn1_get_indefinite_length_string-12797)
325	0.038152	FalseGround	Unlabelled	SPOkGoodGood	Alarm(_G_-ENTRY,_asn1_get_octet_string-12733)
326	0.038152	FalseGround	Unlabelled	SPOkGoodGood	Alarm(_G_-ENTRY,_asn1_get_octet_string-12734)
327	0.038152	FalseGround	Unlabelled	SPOkGoodGood	Alarm(_G_-ENTRY,asn1_strerror-10757)
328	0.038152	FalseGround	Unlabelled	SPOkGoodGood	Alarm(_G_-ENTRY,asn1_strerror-10758)
329	0.038152	FalseGround	Unlabelled	SPOkGoodGood	Alarm(_G_-ENTRY,yytnamerr-15400)
330	0.038152	FalseGround	Unlabelled	SPOkGoodGood	Alarm(_G_-ENTRY,yytnamerr-15401)
331	0.038152	FalseGround	Unlabelled	SPOkGoodGood	Alarm(_G_-ENTRY,yytnamerr-15402)
332	0.038152	FalseGround	Unlabelled	SPOkGoodGood	Alarm(_G_-ENTRY,yytnamerr-15403)
333	0.0343368	FalseGround	Unlabelled	SPOkGoodGood	Alarm(_G_-ENTRY,asn1_print_structure-9761)
334	0.0312744	FalseGround	Unlabelled	SPOkGoodGood	Alarm(_G_-ENTRY,yytnamerr-15404)
335	0.0312744	FalseGround	Unlabelled	SPOkGoodGood	Alarm(_G_-ENTRY,yytnamerr-15405)
336	0.0278128	FalseGround	Unlabelled	SPOkGoodGood	Alarm(_G_-ENTRY,_asn1_get_time_der-12279)
337	0.0278128	FalseGround	Unlabelled	SPOkGoodGood	Alarm(_G_-ENTRY,_asn1_get_time_der-12280)
338	0.0278128	FalseGround	Unlabelled	SPOkGoodGood	Alarm(_G_-ENTRY,_asn1_get_time_der-12285)
339	0.0278128	FalseGround	Unlabelled	SPOkGoodGood	Alarm(_G_-ENTRY,_asn1_get_time_der-12286)
340	0.0278128	FalseGround	Unlabelled	SPOkGoodGood	Alarm(_G_-ENTRY,_asn1_get_time_der-12287)
341	0.0278128	FalseGround	Unlabelled	SPOkGoodGood	Alarm(_G_-ENTRY,_asn1_get_time_der-12288)
342	0.0133028	FalseGround	Unlabelled	SPOkGoodGood	Alarm(_G_-ENTRY,_asn1_get_time_der-12306)
343	0.0107753	FalseGround	Unlabelled	SPOkGoodGood	Alarm(_G_-ENTRY,asn1_strerror-10755)
344	0.0107753	FalseGround	Unlabelled	SPOkGoodGood	Alarm(_G_-ENTRY,asn1_strerror-10756)
345	0.00785517	FalseGround	Unlabelled	SPOkGoodGood	Alarm(_G_-ENTRY,asn1_print_structure-9604)
346	0.00785517	FalseGround	Unlabelled	SPOkGoodGood	Alarm(_G_-ENTRY,asn1_print_structure-9605)
347	0.00785517	FalseGround	Unlabelled	SPOkGoodGood	Alarm(_G_-ENTRY,asn1_print_structure-9606)
348	0.00785517	FalseGround	Unlabelled	SPOkGoodGood	Alarm(_G_-ENTRY,asn1_print_structure-9607)
349	0.00304325	FalseGround	Unlabelled	SPOkGoodGood	Alarm(_G_-ENTRY,_asn1_append_value-10155)
350	0.00304325	FalseGround	Unlabelled	SPOkGoodGood	Alarm(_G_-ENTRY,_asn1_append_value-10161)
351	0.00304325	FalseGround	Unlabelled	SPOkGoodGood	Alarm(_G_-ENTRY,_asn1_append_value-10162)
352	0.00246503	FalseGround	Unlabelled	SPOkGoodGood	Alarm(_G_-ENTRY,_asn1_hierarchical_name-10770)
353	0.00246503	FalseGround	Unlabelled	SPOkGoodGood	Alarm(_G_-ENTRY,_asn1_hierarchical_name-10771)
354	0.00033299	FalseGround	Unlabelled	SPOkGoodGood	Alarm(_G_-ENTRY,set_program_name-8216)
355	0.00033299	FalseGround	Unlabelled	SPOkGoodGood	Alarm(_G_-ENTRY,set_program_name-8218)
356	0.0	FalseGround	NegLabel	SPOkGoodGood	Alarm(_G_-ENTRY,_asn1_yyparse-16651)
357	0.0	FalseGround	NegLabel	SPOkGoodGood	Alarm(_G_-ENTRY,_asn1_yyparse-16697)
