Rank	Confidence	Ground	Label	Comments	Tuple
1	1.0	TrueGround	PosLabel	SPOkGoodGood	Alarm(_G_-ENTRY,_asn1_ltostr-10264)
2	0.802867	FalseGround	Unlabelled	SPOkGoodGood	Alarm(_G_-ENTRY,_asn1_insert_tag_der-14824)
3	0.80014	TrueGround	Unlabelled	SPOkGoodGood	Alarm(_G_-ENTRY,_asn1_ltostr-10260)
4	0.799683	FalseGround	Unlabelled	SPOkGoodGood	Alarm(_G_-ENTRY,_asn1_ordering_set_of-15033)
5	0.798655	FalseGround	Unlabelled	SPOkGoodGood	Alarm(_G_-ENTRY,_asn1_get_objectid_der-12365)
6	0.797272	FalseGround	Unlabelled	SPOkGoodGood	Alarm(_G_-ENTRY,asn1_get_tag_der-12176)
7	0.797272	FalseGround	Unlabelled	SPOkGoodGood	Alarm(_G_-ENTRY,asn1_get_tag_der-12209)
8	0.797272	FalseGround	Unlabelled	SPOkGoodGood	Alarm(_G_-ENTRY,asn1_get_tag_der-12211)
9	0.788536	FalseGround	Unlabelled	SPOkGoodGood	Alarm(_G_-ENTRY,_asn1_ordering_set_of-14967)
10	0.78727	FalseGround	Unlabelled	SPOkGoodGood	Alarm(_G_-ENTRY,_asn1_check_identifier-10613)
11	0.78727	FalseGround	Unlabelled	SPOkGoodGood	Alarm(_G_-ENTRY,_asn1_check_identifier-10621)
12	0.78727	FalseGround	Unlabelled	SPOkGoodGood	Alarm(_G_-ENTRY,_asn1_check_identifier-10633)
13	0.779501	FalseGround	Unlabelled	SPOkGoodGood	Alarm(_G_-ENTRY,_asn1_get_objectid_der-12329)
14	0.779501	FalseGround	Unlabelled	SPOkGoodGood	Alarm(_G_-ENTRY,_asn1_get_objectid_der-12330)
15	0.779501	FalseGround	Unlabelled	SPOkGoodGood	Alarm(_G_-ENTRY,_asn1_get_objectid_der-12335)
16	0.779501	FalseGround	Unlabelled	SPOkGoodGood	Alarm(_G_-ENTRY,_asn1_get_objectid_der-12336)
17	0.769289	FalseGround	Unlabelled	SPOkGoodGood	Alarm(_G_-ENTRY,asn1_print_structure-9741)
18	0.769289	FalseGround	Unlabelled	SPOkGoodGood	Alarm(_G_-ENTRY,asn1_print_structure-9757)
19	0.769289	FalseGround	Unlabelled	SPOkGoodGood	Alarm(_G_-ENTRY,asn1_print_structure-9775)
20	0.769289	FalseGround	Unlabelled	SPOkGoodGood	Alarm(_G_-ENTRY,asn1_print_structure-9783)
21	0.768163	FalseGround	Unlabelled	SPOkGoodGood	Alarm(_G_-ENTRY,_asn1_ordering_set_of-14968)
22	0.761586	FalseGround	Unlabelled	SPOkGoodGood	Alarm(_G_-ENTRY,_asn1_yyparse-16693)
23	0.761586	FalseGround	Unlabelled	SPOkGoodGood	Alarm(_G_-ENTRY,_asn1_yyparse-16694)
24	0.761586	FalseGround	Unlabelled	SPOkGoodGood	Alarm(_G_-ENTRY,_asn1_yyparse-16695)
25	0.761586	FalseGround	Unlabelled	SPOkGoodGood	Alarm(_G_-ENTRY,_asn1_yyparse-16696)
26	0.761586	FalseGround	Unlabelled	SPOkGoodGood	Alarm(_G_-ENTRY,_asn1_yyparse-16697)
27	0.761586	FalseGround	Unlabelled	SPOkGoodGood	Alarm(_G_-ENTRY,_asn1_yyparse-16698)
28	0.761586	FalseGround	Unlabelled	SPOkGoodGood	Alarm(_G_-ENTRY,_asn1_yyparse-16699)
29	0.761586	FalseGround	Unlabelled	SPOkGoodGood	Alarm(_G_-ENTRY,_asn1_yyparse-16700)
30	0.761586	FalseGround	Unlabelled	SPOkGoodGood	Alarm(_G_-ENTRY,_asn1_yyparse-16701)
31	0.761586	FalseGround	Unlabelled	SPOkGoodGood	Alarm(_G_-ENTRY,_asn1_yyparse-16702)
32	0.761586	FalseGround	Unlabelled	SPOkGoodGood	Alarm(_G_-ENTRY,_asn1_yyparse-16703)
33	0.761586	FalseGround	Unlabelled	SPOkGoodGood	Alarm(_G_-ENTRY,_asn1_yyparse-16704)
34	0.761586	FalseGround	Unlabelled	SPOkGoodGood	Alarm(_G_-ENTRY,_asn1_yyparse-16706)
35	0.761586	FalseGround	Unlabelled	SPOkGoodGood	Alarm(_G_-ENTRY,_asn1_yyparse-16707)
36	0.761586	FalseGround	Unlabelled	SPOkGoodGood	Alarm(_G_-ENTRY,_asn1_yyparse-16709)
37	0.761586	FalseGround	Unlabelled	SPOkGoodGood	Alarm(_G_-ENTRY,_asn1_yyparse-16710)
38	0.761586	FalseGround	Unlabelled	SPOkGoodGood	Alarm(_G_-ENTRY,_asn1_yyparse-16711)
39	0.761586	FalseGround	Unlabelled	SPOkGoodGood	Alarm(_G_-ENTRY,_asn1_yyparse-16717)
40	0.761586	FalseGround	Unlabelled	SPOkGoodGood	Alarm(_G_-ENTRY,_asn1_yyparse-16718)
41	0.761586	FalseGround	Unlabelled	SPOkGoodGood	Alarm(_G_-ENTRY,_asn1_yyparse-16720)
42	0.761586	FalseGround	Unlabelled	SPOkGoodGood	Alarm(_G_-ENTRY,_asn1_yyparse-16721)
43	0.761586	FalseGround	Unlabelled	SPOkGoodGood	Alarm(_G_-ENTRY,_asn1_yyparse-16722)
44	0.761586	FalseGround	Unlabelled	SPOkGoodGood	Alarm(_G_-ENTRY,_asn1_yyparse-16731)
45	0.761586	FalseGround	Unlabelled	SPOkGoodGood	Alarm(_G_-ENTRY,_asn1_yyparse-16732)
46	0.761586	FalseGround	Unlabelled	SPOkGoodGood	Alarm(_G_-ENTRY,_asn1_yyparse-16734)
47	0.761586	FalseGround	Unlabelled	SPOkGoodGood	Alarm(_G_-ENTRY,_asn1_yyparse-16735)
48	0.761586	FalseGround	Unlabelled	SPOkGoodGood	Alarm(_G_-ENTRY,_asn1_yyparse-16740)
49	0.761586	FalseGround	Unlabelled	SPOkGoodGood	Alarm(_G_-ENTRY,_asn1_yyparse-16741)
50	0.761586	FalseGround	Unlabelled	SPOkGoodGood	Alarm(_G_-ENTRY,_asn1_yyparse-16751)
51	0.761586	FalseGround	Unlabelled	SPOkGoodGood	Alarm(_G_-ENTRY,_asn1_yyparse-16753)
52	0.761586	FalseGround	Unlabelled	SPOkGoodGood	Alarm(_G_-ENTRY,_asn1_yyparse-16755)
53	0.761586	FalseGround	Unlabelled	SPOkGoodGood	Alarm(_G_-ENTRY,_asn1_yyparse-16760)
54	0.761586	FalseGround	Unlabelled	SPOkGoodGood	Alarm(_G_-ENTRY,_asn1_yyparse-16761)
55	0.761586	FalseGround	Unlabelled	SPOkGoodGood	Alarm(_G_-ENTRY,_asn1_yyparse-16763)
56	0.761586	FalseGround	Unlabelled	SPOkGoodGood	Alarm(_G_-ENTRY,_asn1_yyparse-16764)
57	0.761586	FalseGround	Unlabelled	SPOkGoodGood	Alarm(_G_-ENTRY,_asn1_yyparse-16765)
58	0.761586	FalseGround	Unlabelled	SPOkGoodGood	Alarm(_G_-ENTRY,_asn1_yyparse-16799)
59	0.761586	FalseGround	Unlabelled	SPOkGoodGood	Alarm(_G_-ENTRY,_asn1_yyparse-16800)
60	0.761586	FalseGround	Unlabelled	SPOkGoodGood	Alarm(_G_-ENTRY,_asn1_yyparse-16801)
61	0.761586	FalseGround	Unlabelled	SPOkGoodGood	Alarm(_G_-ENTRY,_asn1_yyparse-16814)
62	0.761586	FalseGround	Unlabelled	SPOkGoodGood	Alarm(_G_-ENTRY,_asn1_yyparse-16815)
63	0.761586	FalseGround	Unlabelled	SPOkGoodGood	Alarm(_G_-ENTRY,_asn1_yyparse-16817)
64	0.761586	FalseGround	Unlabelled	SPOkGoodGood	Alarm(_G_-ENTRY,_asn1_yyparse-16818)
65	0.761586	FalseGround	Unlabelled	SPOkGoodGood	Alarm(_G_-ENTRY,_asn1_yyparse-16851)
66	0.761586	FalseGround	Unlabelled	SPOkGoodGood	Alarm(_G_-ENTRY,_asn1_yyparse-16877)
67	0.761586	FalseGround	Unlabelled	SPOkGoodGood	Alarm(_G_-ENTRY,_asn1_yyparse-16878)
68	0.761586	FalseGround	Unlabelled	SPOkGoodGood	Alarm(_G_-ENTRY,_asn1_yyparse-16881)
69	0.761586	FalseGround	Unlabelled	SPOkGoodGood	Alarm(_G_-ENTRY,_asn1_yyparse-16884)
70	0.761586	FalseGround	Unlabelled	SPOkGoodGood	Alarm(_G_-ENTRY,_asn1_yyparse-16885)
71	0.761586	FalseGround	Unlabelled	SPOkGoodGood	Alarm(_G_-ENTRY,_asn1_yyparse-16886)
72	0.761586	FalseGround	Unlabelled	SPOkGoodGood	Alarm(_G_-ENTRY,_asn1_yyparse-16889)
73	0.761586	FalseGround	Unlabelled	SPOkGoodGood	Alarm(_G_-ENTRY,_asn1_yyparse-16890)
74	0.761586	FalseGround	Unlabelled	SPOkGoodGood	Alarm(_G_-ENTRY,_asn1_yyparse-16891)
75	0.761586	FalseGround	Unlabelled	SPOkGoodGood	Alarm(_G_-ENTRY,_asn1_yyparse-16900)
76	0.761586	FalseGround	Unlabelled	SPOkGoodGood	Alarm(_G_-ENTRY,_asn1_yyparse-16902)
77	0.761586	FalseGround	Unlabelled	SPOkGoodGood	Alarm(_G_-ENTRY,_asn1_yyparse-16904)
78	0.761316	FalseGround	Unlabelled	SPOkGoodGood	Alarm(_G_-ENTRY,asn1_length_der-14492)
79	0.756055	FalseGround	Unlabelled	SPOkGoodGood	Alarm(_G_-ENTRY,hash_pjw_bare-8242)
80	0.75539	FalseGround	Unlabelled	SPOkGoodGood	Alarm(_G_-ENTRY,asn1_der_decoding2-13513)
81	0.75539	FalseGround	Unlabelled	SPOkGoodGood	Alarm(_G_-ENTRY,asn1_der_decoding2-13514)
82	0.75539	FalseGround	Unlabelled	SPOkGoodGood	Alarm(_G_-ENTRY,asn1_der_decoding2-13551)
83	0.75539	FalseGround	Unlabelled	SPOkGoodGood	Alarm(_G_-ENTRY,asn1_der_decoding2-13552)
84	0.75539	FalseGround	Unlabelled	SPOkGoodGood	Alarm(_G_-ENTRY,asn1_der_decoding2-13553)
85	0.75539	FalseGround	Unlabelled	SPOkGoodGood	Alarm(_G_-ENTRY,asn1_der_decoding2-13554)
86	0.75539	FalseGround	Unlabelled	SPOkGoodGood	Alarm(_G_-ENTRY,asn1_der_decoding2-13581)
87	0.75539	FalseGround	Unlabelled	SPOkGoodGood	Alarm(_G_-ENTRY,asn1_der_decoding2-13582)
88	0.75539	FalseGround	Unlabelled	SPOkGoodGood	Alarm(_G_-ENTRY,asn1_der_decoding2-13583)
89	0.75539	FalseGround	Unlabelled	SPOkGoodGood	Alarm(_G_-ENTRY,asn1_der_decoding2-13584)
90	0.75539	FalseGround	Unlabelled	SPOkGoodGood	Alarm(_G_-ENTRY,asn1_der_decoding2-13615)
91	0.75539	FalseGround	Unlabelled	SPOkGoodGood	Alarm(_G_-ENTRY,asn1_der_decoding2-13616)
92	0.739645	FalseGround	Unlabelled	SPOkGoodGood	Alarm(_G_-ENTRY,_asn1_ordering_set_of-15028)
93	0.73583	FalseGround	Unlabelled	SPOkGoodGood	Alarm(_G_-ENTRY,_asn1_check_identifier-10590)
94	0.73583	FalseGround	Unlabelled	SPOkGoodGood	Alarm(_G_-ENTRY,_asn1_check_identifier-10591)
95	0.729	FalseGround	Unlabelled	SPOkGoodGood	Alarm(_G_-ENTRY,asn1_strerror-10761)
96	0.722206	FalseGround	Unlabelled	SPOkGoodGood	Alarm(_G_-ENTRY,yysyntax_error-15515)
97	0.720576	FalseGround	Unlabelled	SPOkGoodGood	Alarm(_G_-ENTRY,_asn1_str_cat-10723)
98	0.680602	FalseGround	Unlabelled	SPOkGoodGood	Alarm(_G_-ENTRY,asn1_octet_der-14521)
99	0.679851	FalseGround	Unlabelled	SPOkGoodGood	Alarm(_G_-ENTRY,asn1_der_decoding2-13641)
100	0.679851	FalseGround	Unlabelled	SPOkGoodGood	Alarm(_G_-ENTRY,asn1_der_decoding2-13642)
101	0.679851	FalseGround	Unlabelled	SPOkGoodGood	Alarm(_G_-ENTRY,asn1_der_decoding2-13643)
102	0.679851	FalseGround	Unlabelled	SPOkGoodGood	Alarm(_G_-ENTRY,asn1_der_decoding2-13644)
103	0.6561	FalseGround	Unlabelled	SPOkGoodGood	Alarm(_G_-ENTRY,_asn1_convert_integer-10810)
104	0.6561	FalseGround	Unlabelled	SPOkGoodGood	Alarm(_G_-ENTRY,_asn1_convert_integer-10811)
105	0.6561	FalseGround	Unlabelled	SPOkGoodGood	Alarm(_G_-ENTRY,_asn1_convert_integer-10814)
106	0.6561	FalseGround	Unlabelled	SPOkGoodGood	Alarm(_G_-ENTRY,_asn1_convert_integer-10815)
107	0.6561	FalseGround	Unlabelled	SPOkGoodGood	Alarm(_G_-ENTRY,_asn1_convert_integer-10834)
108	0.6561	FalseGround	Unlabelled	SPOkGoodGood	Alarm(_G_-ENTRY,fread_file-8143)
109	0.635779	FalseGround	Unlabelled	SPOkGoodGood	Alarm(_G_-ENTRY,_asn1_get_time_der-12293)
110	0.634493	FalseGround	Unlabelled	SPOkGoodGood	Alarm(_G_-ENTRY,yysyntax_error-15471)
111	0.634493	FalseGround	Unlabelled	SPOkGoodGood	Alarm(_G_-ENTRY,yysyntax_error-15472)
112	0.611866	FalseGround	Unlabelled	SPOkGoodGood	Alarm(_G_-ENTRY,_asn1_get_octet_string-12705)
113	0.611866	FalseGround	Unlabelled	SPOkGoodGood	Alarm(_G_-ENTRY,_asn1_get_octet_string-12706)
114	0.59049	FalseGround	Unlabelled	SPOkGoodGood	Alarm(_G_-ENTRY,_asn1_get_octet_string-12733)
115	0.59049	FalseGround	Unlabelled	SPOkGoodGood	Alarm(_G_-ENTRY,_asn1_get_octet_string-12734)
116	0.59049	FalseGround	Unlabelled	SPOkGoodGood	Alarm(_G_-ENTRY,asn1_print_structure-9761)
117	0.59049	FalseGround	Unlabelled	SPOkGoodGood	Alarm(_G_-ENTRY,asn1_strerror-10757)
118	0.59049	FalseGround	Unlabelled	SPOkGoodGood	Alarm(_G_-ENTRY,asn1_strerror-10758)
119	0.590486	FalseGround	Unlabelled	SPOkGoodGood	Alarm(_G_-ENTRY,_asn1_expand_object_id-10329)
120	0.590486	FalseGround	Unlabelled	SPOkGoodGood	Alarm(_G_-ENTRY,_asn1_expand_object_id-10330)
121	0.590486	FalseGround	Unlabelled	SPOkGoodGood	Alarm(_G_-ENTRY,_asn1_str_cpy-10736)
122	0.589162	FalseGround	Unlabelled	SPOkGoodGood	Alarm(_G_-ENTRY,_asn1_get_indefinite_length_string-12794)
123	0.589162	FalseGround	Unlabelled	SPOkGoodGood	Alarm(_G_-ENTRY,_asn1_get_indefinite_length_string-12795)
124	0.589162	FalseGround	Unlabelled	SPOkGoodGood	Alarm(_G_-ENTRY,_asn1_get_indefinite_length_string-12796)
125	0.589162	FalseGround	Unlabelled	SPOkGoodGood	Alarm(_G_-ENTRY,_asn1_get_indefinite_length_string-12797)
126	0.583903	FalseGround	Unlabelled	SPOkGoodGood	Alarm(_G_-ENTRY,_asn1_get_time_der-12294)
127	0.581211	FalseGround	Unlabelled	SPOkGoodGood	Alarm(_G_-ENTRY,asn1_get_tag_der-12203)
128	0.581211	FalseGround	Unlabelled	SPOkGoodGood	Alarm(_G_-ENTRY,asn1_get_tag_der-12204)
129	0.581211	FalseGround	Unlabelled	SPOkGoodGood	Alarm(_G_-ENTRY,asn1_get_tag_der-12226)
130	0.581211	FalseGround	Unlabelled	SPOkGoodGood	Alarm(_G_-ENTRY,asn1_get_tag_der-12227)
131	0.581211	FalseGround	Unlabelled	SPOkGoodGood	Alarm(_G_-ENTRY,asn1_get_tag_der-12228)
132	0.581211	FalseGround	Unlabelled	SPOkGoodGood	Alarm(_G_-ENTRY,asn1_get_tag_der-12230)
133	0.578492	FalseGround	Unlabelled	SPOkGoodGood	Alarm(_G_-ENTRY,asn1_get_length_der-12124)
134	0.578492	FalseGround	Unlabelled	SPOkGoodGood	Alarm(_G_-ENTRY,asn1_get_length_der-12125)
135	0.578492	FalseGround	Unlabelled	SPOkGoodGood	Alarm(_G_-ENTRY,asn1_get_length_der-12151)
136	0.578492	FalseGround	Unlabelled	SPOkGoodGood	Alarm(_G_-ENTRY,asn1_get_length_der-12152)
137	0.578492	FalseGround	Unlabelled	SPOkGoodGood	Alarm(_G_-ENTRY,asn1_get_length_der-12153)
138	0.576532	FalseGround	Unlabelled	SPOkGoodGood	Alarm(_G_-ENTRY,_asn1_get_objectid_der-12351)
139	0.576532	FalseGround	Unlabelled	SPOkGoodGood	Alarm(_G_-ENTRY,_asn1_get_objectid_der-12352)
140	0.576532	FalseGround	Unlabelled	SPOkGoodGood	Alarm(_G_-ENTRY,_asn1_get_time_der-12305)
141	0.570109	FalseGround	Unlabelled	SPOkGoodGood	Alarm(_G_-ENTRY,_asn1_ordering_set_of-14969)
142	0.570109	FalseGround	Unlabelled	SPOkGoodGood	Alarm(_G_-ENTRY,_asn1_ordering_set_of-14970)
143	0.570109	FalseGround	Unlabelled	SPOkGoodGood	Alarm(_G_-ENTRY,_asn1_ordering_set_of-15020)
144	0.570109	FalseGround	Unlabelled	SPOkGoodGood	Alarm(_G_-ENTRY,_asn1_ordering_set_of-15021)
145	0.570109	FalseGround	Unlabelled	SPOkGoodGood	Alarm(_G_-ENTRY,_asn1_ordering_set_of-15022)
146	0.570109	FalseGround	Unlabelled	SPOkGoodGood	Alarm(_G_-ENTRY,_asn1_ordering_set_of-15024)
147	0.570109	FalseGround	Unlabelled	SPOkGoodGood	Alarm(_G_-ENTRY,_asn1_ordering_set_of-15025)
148	0.570109	FalseGround	Unlabelled	SPOkGoodGood	Alarm(_G_-ENTRY,_asn1_ordering_set_of-15027)
149	0.570109	FalseGround	Unlabelled	SPOkGoodGood	Alarm(_G_-ENTRY,_asn1_ordering_set_of-15037)
150	0.552196	FalseGround	Unlabelled	SPOkGoodGood	Alarm(_G_-ENTRY,asn1_length_der-14486)
151	0.550679	FalseGround	Unlabelled	SPOkGoodGood	Alarm(_G_-ENTRY,asn1_der_decoding2-13399)
152	0.550679	FalseGround	Unlabelled	SPOkGoodGood	Alarm(_G_-ENTRY,asn1_der_decoding2-13400)
153	0.550679	FalseGround	Unlabelled	SPOkGoodGood	Alarm(_G_-ENTRY,asn1_der_decoding2-13401)
154	0.550679	FalseGround	Unlabelled	SPOkGoodGood	Alarm(_G_-ENTRY,asn1_der_decoding2-13402)
155	0.531441	FalseGround	Unlabelled	SPOkGoodGood	Alarm(_G_-ENTRY,asn1_strerror-10755)
156	0.531441	FalseGround	Unlabelled	SPOkGoodGood	Alarm(_G_-ENTRY,asn1_strerror-10756)
157	0.525416	FalseGround	Unlabelled	SPOkGoodGood	Alarm(_G_-ENTRY,yysyntax_error-15519)
158	0.5253	FalseGround	Unlabelled	SPOkGoodGood	Alarm(_G_-ENTRY,_asn1_str_cat-10725)
159	0.520459	FalseGround	Unlabelled	SPOkGoodGood	Alarm(_G_-ENTRY,_asn1_yyparse-16725)
160	0.520459	FalseGround	Unlabelled	SPOkGoodGood	Alarm(_G_-ENTRY,_asn1_yyparse-16804)
161	0.520459	FalseGround	Unlabelled	SPOkGoodGood	Alarm(_G_-ENTRY,_asn1_yyparse-16854)
162	0.520459	FalseGround	Unlabelled	SPOkGoodGood	Alarm(_G_-ENTRY,_asn1_yyparse-16896)
163	0.520458	FalseGround	Unlabelled	SPOkGoodGood	Alarm(_G_-ENTRY,_asn1_yyparse-16714)
164	0.518879	FalseGround	Unlabelled	SPOkGoodGood	Alarm(_G_-ENTRY,_asn1_get_time_der-12306)
165	0.518739	FalseGround	Unlabelled	SPOkGoodGood	Alarm(_G_-ENTRY,_asn1_yyparse-16682)
166	0.518739	FalseGround	Unlabelled	SPOkGoodGood	Alarm(_G_-ENTRY,_asn1_yyparse-16685)
167	0.518739	FalseGround	Unlabelled	SPOkGoodGood	Alarm(_G_-ENTRY,_asn1_yyparse-16686)
168	0.518739	FalseGround	Unlabelled	SPOkGoodGood	Alarm(_G_-ENTRY,_asn1_yyparse-16690)
169	0.518739	FalseGround	Unlabelled	SPOkGoodGood	Alarm(_G_-ENTRY,_asn1_yyparse-16691)
170	0.518739	FalseGround	Unlabelled	SPOkGoodGood	Alarm(_G_-ENTRY,_asn1_yyparse-16723)
171	0.518739	FalseGround	Unlabelled	SPOkGoodGood	Alarm(_G_-ENTRY,_asn1_yyparse-16726)
172	0.518739	FalseGround	Unlabelled	SPOkGoodGood	Alarm(_G_-ENTRY,_asn1_yyparse-16736)
173	0.518739	FalseGround	Unlabelled	SPOkGoodGood	Alarm(_G_-ENTRY,_asn1_yyparse-16737)
174	0.518739	FalseGround	Unlabelled	SPOkGoodGood	Alarm(_G_-ENTRY,_asn1_yyparse-16738)
175	0.518739	FalseGround	Unlabelled	SPOkGoodGood	Alarm(_G_-ENTRY,_asn1_yyparse-16776)
176	0.518739	FalseGround	Unlabelled	SPOkGoodGood	Alarm(_G_-ENTRY,_asn1_yyparse-16782)
177	0.518739	FalseGround	Unlabelled	SPOkGoodGood	Alarm(_G_-ENTRY,_asn1_yyparse-16785)
178	0.518739	FalseGround	Unlabelled	SPOkGoodGood	Alarm(_G_-ENTRY,_asn1_yyparse-16794)
179	0.518739	FalseGround	Unlabelled	SPOkGoodGood	Alarm(_G_-ENTRY,_asn1_yyparse-16802)
180	0.518739	FalseGround	Unlabelled	SPOkGoodGood	Alarm(_G_-ENTRY,_asn1_yyparse-16803)
181	0.518739	FalseGround	Unlabelled	SPOkGoodGood	Alarm(_G_-ENTRY,_asn1_yyparse-16805)
182	0.518739	FalseGround	Unlabelled	SPOkGoodGood	Alarm(_G_-ENTRY,_asn1_yyparse-16811)
183	0.518739	FalseGround	Unlabelled	SPOkGoodGood	Alarm(_G_-ENTRY,_asn1_yyparse-16821)
184	0.518739	FalseGround	Unlabelled	SPOkGoodGood	Alarm(_G_-ENTRY,_asn1_yyparse-16823)
185	0.518739	FalseGround	Unlabelled	SPOkGoodGood	Alarm(_G_-ENTRY,_asn1_yyparse-16826)
186	0.518739	FalseGround	Unlabelled	SPOkGoodGood	Alarm(_G_-ENTRY,_asn1_yyparse-16827)
187	0.518739	FalseGround	Unlabelled	SPOkGoodGood	Alarm(_G_-ENTRY,_asn1_yyparse-16828)
188	0.518739	FalseGround	Unlabelled	SPOkGoodGood	Alarm(_G_-ENTRY,_asn1_yyparse-16829)
189	0.518739	FalseGround	Unlabelled	SPOkGoodGood	Alarm(_G_-ENTRY,_asn1_yyparse-16830)
190	0.518739	FalseGround	Unlabelled	SPOkGoodGood	Alarm(_G_-ENTRY,_asn1_yyparse-16831)
191	0.518739	FalseGround	Unlabelled	SPOkGoodGood	Alarm(_G_-ENTRY,_asn1_yyparse-16832)
192	0.518739	FalseGround	Unlabelled	SPOkGoodGood	Alarm(_G_-ENTRY,_asn1_yyparse-16845)
193	0.518739	FalseGround	Unlabelled	SPOkGoodGood	Alarm(_G_-ENTRY,_asn1_yyparse-16848)
194	0.518739	FalseGround	Unlabelled	SPOkGoodGood	Alarm(_G_-ENTRY,_asn1_yyparse-16849)
195	0.518739	FalseGround	Unlabelled	SPOkGoodGood	Alarm(_G_-ENTRY,_asn1_yyparse-16850)
196	0.518739	FalseGround	Unlabelled	SPOkGoodGood	Alarm(_G_-ENTRY,_asn1_yyparse-16852)
197	0.518739	FalseGround	Unlabelled	SPOkGoodGood	Alarm(_G_-ENTRY,_asn1_yyparse-16853)
198	0.518739	FalseGround	Unlabelled	SPOkGoodGood	Alarm(_G_-ENTRY,_asn1_yyparse-16859)
199	0.518739	FalseGround	Unlabelled	SPOkGoodGood	Alarm(_G_-ENTRY,_asn1_yyparse-16862)
200	0.518739	FalseGround	Unlabelled	SPOkGoodGood	Alarm(_G_-ENTRY,_asn1_yyparse-16868)
201	0.518739	FalseGround	Unlabelled	SPOkGoodGood	Alarm(_G_-ENTRY,_asn1_yyparse-16871)
202	0.518739	FalseGround	Unlabelled	SPOkGoodGood	Alarm(_G_-ENTRY,_asn1_yyparse-16879)
203	0.518739	FalseGround	Unlabelled	SPOkGoodGood	Alarm(_G_-ENTRY,_asn1_yyparse-16887)
204	0.518739	FalseGround	Unlabelled	SPOkGoodGood	Alarm(_G_-ENTRY,_asn1_yyparse-16893)
205	0.518739	FalseGround	Unlabelled	SPOkGoodGood	Alarm(_G_-ENTRY,_asn1_yyparse-16894)
206	0.518739	FalseGround	Unlabelled	SPOkGoodGood	Alarm(_G_-ENTRY,_asn1_yyparse-16897)
207	0.518739	FalseGround	Unlabelled	SPOkGoodGood	Alarm(_G_-ENTRY,_asn1_yyparse-16911)
208	0.518739	FalseGround	Unlabelled	SPOkGoodGood	Alarm(_G_-ENTRY,_asn1_yyparse-16913)
209	0.518739	FalseGround	Unlabelled	SPOkGoodGood	Alarm(_G_-ENTRY,_asn1_yyparse-16947)
210	0.518739	FalseGround	Unlabelled	SPOkGoodGood	Alarm(_G_-ENTRY,_asn1_yyparse-16965)
211	0.518738	FalseGround	Unlabelled	SPOkGoodGood	Alarm(_G_-ENTRY,_asn1_yyparse-16687)
212	0.518738	FalseGround	Unlabelled	SPOkGoodGood	Alarm(_G_-ENTRY,_asn1_yyparse-16712)
213	0.518738	FalseGround	Unlabelled	SPOkGoodGood	Alarm(_G_-ENTRY,_asn1_yyparse-16713)
214	0.518738	FalseGround	Unlabelled	SPOkGoodGood	Alarm(_G_-ENTRY,_asn1_yyparse-16715)
215	0.518738	FalseGround	Unlabelled	SPOkGoodGood	Alarm(_G_-ENTRY,_asn1_yyparse-16724)
216	0.518738	FalseGround	Unlabelled	SPOkGoodGood	Alarm(_G_-ENTRY,_asn1_yyparse-16733)
217	0.518738	FalseGround	Unlabelled	SPOkGoodGood	Alarm(_G_-ENTRY,_asn1_yyparse-16746)
218	0.518738	FalseGround	Unlabelled	SPOkGoodGood	Alarm(_G_-ENTRY,_asn1_yyparse-16766)
219	0.518738	FalseGround	Unlabelled	SPOkGoodGood	Alarm(_G_-ENTRY,_asn1_yyparse-16767)
220	0.518738	FalseGround	Unlabelled	SPOkGoodGood	Alarm(_G_-ENTRY,_asn1_yyparse-16770)
221	0.518738	FalseGround	Unlabelled	SPOkGoodGood	Alarm(_G_-ENTRY,_asn1_yyparse-16773)
222	0.518738	FalseGround	Unlabelled	SPOkGoodGood	Alarm(_G_-ENTRY,_asn1_yyparse-16779)
223	0.518738	FalseGround	Unlabelled	SPOkGoodGood	Alarm(_G_-ENTRY,_asn1_yyparse-16788)
224	0.518738	FalseGround	Unlabelled	SPOkGoodGood	Alarm(_G_-ENTRY,_asn1_yyparse-16791)
225	0.518738	FalseGround	Unlabelled	SPOkGoodGood	Alarm(_G_-ENTRY,_asn1_yyparse-16797)
226	0.518738	FalseGround	Unlabelled	SPOkGoodGood	Alarm(_G_-ENTRY,_asn1_yyparse-16809)
227	0.518738	FalseGround	Unlabelled	SPOkGoodGood	Alarm(_G_-ENTRY,_asn1_yyparse-16819)
228	0.518738	FalseGround	Unlabelled	SPOkGoodGood	Alarm(_G_-ENTRY,_asn1_yyparse-16820)
229	0.518738	FalseGround	Unlabelled	SPOkGoodGood	Alarm(_G_-ENTRY,_asn1_yyparse-16822)
230	0.518738	FalseGround	Unlabelled	SPOkGoodGood	Alarm(_G_-ENTRY,_asn1_yyparse-16824)
231	0.518738	FalseGround	Unlabelled	SPOkGoodGood	Alarm(_G_-ENTRY,_asn1_yyparse-16825)
232	0.518738	FalseGround	Unlabelled	SPOkGoodGood	Alarm(_G_-ENTRY,_asn1_yyparse-16833)
233	0.518738	FalseGround	Unlabelled	SPOkGoodGood	Alarm(_G_-ENTRY,_asn1_yyparse-16834)
234	0.518738	FalseGround	Unlabelled	SPOkGoodGood	Alarm(_G_-ENTRY,_asn1_yyparse-16835)
235	0.518738	FalseGround	Unlabelled	SPOkGoodGood	Alarm(_G_-ENTRY,_asn1_yyparse-16836)
236	0.518738	FalseGround	Unlabelled	SPOkGoodGood	Alarm(_G_-ENTRY,_asn1_yyparse-16837)
237	0.518738	FalseGround	Unlabelled	SPOkGoodGood	Alarm(_G_-ENTRY,_asn1_yyparse-16838)
238	0.518738	FalseGround	Unlabelled	SPOkGoodGood	Alarm(_G_-ENTRY,_asn1_yyparse-16840)
239	0.518738	FalseGround	Unlabelled	SPOkGoodGood	Alarm(_G_-ENTRY,_asn1_yyparse-16841)
240	0.518738	FalseGround	Unlabelled	SPOkGoodGood	Alarm(_G_-ENTRY,_asn1_yyparse-16843)
241	0.518738	FalseGround	Unlabelled	SPOkGoodGood	Alarm(_G_-ENTRY,_asn1_yyparse-16844)
242	0.518738	FalseGround	Unlabelled	SPOkGoodGood	Alarm(_G_-ENTRY,_asn1_yyparse-16846)
243	0.518738	FalseGround	Unlabelled	SPOkGoodGood	Alarm(_G_-ENTRY,_asn1_yyparse-16855)
244	0.518738	FalseGround	Unlabelled	SPOkGoodGood	Alarm(_G_-ENTRY,_asn1_yyparse-16857)
245	0.518738	FalseGround	Unlabelled	SPOkGoodGood	Alarm(_G_-ENTRY,_asn1_yyparse-16861)
246	0.518738	FalseGround	Unlabelled	SPOkGoodGood	Alarm(_G_-ENTRY,_asn1_yyparse-16864)
247	0.518738	FalseGround	Unlabelled	SPOkGoodGood	Alarm(_G_-ENTRY,_asn1_yyparse-16866)
248	0.518738	FalseGround	Unlabelled	SPOkGoodGood	Alarm(_G_-ENTRY,_asn1_yyparse-16869)
249	0.518738	FalseGround	Unlabelled	SPOkGoodGood	Alarm(_G_-ENTRY,_asn1_yyparse-16882)
250	0.518738	FalseGround	Unlabelled	SPOkGoodGood	Alarm(_G_-ENTRY,_asn1_yyparse-16892)
251	0.518738	FalseGround	Unlabelled	SPOkGoodGood	Alarm(_G_-ENTRY,_asn1_yyparse-16895)
252	0.518738	FalseGround	Unlabelled	SPOkGoodGood	Alarm(_G_-ENTRY,_asn1_yyparse-16899)
253	0.518738	FalseGround	Unlabelled	SPOkGoodGood	Alarm(_G_-ENTRY,_asn1_yyparse-16945)
254	0.518738	FalseGround	Unlabelled	SPOkGoodGood	Alarm(_G_-ENTRY,_asn1_yyparse-16983)
255	0.515912	FalseGround	Unlabelled	SPOkGoodGood	Alarm(_G_-ENTRY,asn1_get_tag_der-12221)
256	0.478297	FalseGround	Unlabelled	SPOkGoodGood	Alarm(_G_-ENTRY,_asn1_get_octet_string-12723)
257	0.478297	FalseGround	Unlabelled	SPOkGoodGood	Alarm(_G_-ENTRY,_asn1_get_octet_string-12724)
258	0.478297	FalseGround	Unlabelled	SPOkGoodGood	Alarm(_G_-ENTRY,_asn1_get_octet_string-12725)
259	0.478297	FalseGround	Unlabelled	SPOkGoodGood	Alarm(_G_-ENTRY,_asn1_get_octet_string-12726)
260	0.466991	FalseGround	Unlabelled	SPOkGoodGood	Alarm(_G_-ENTRY,_asn1_append_value-10155)
261	0.466991	FalseGround	Unlabelled	SPOkGoodGood	Alarm(_G_-ENTRY,_asn1_append_value-10161)
262	0.466991	FalseGround	Unlabelled	SPOkGoodGood	Alarm(_G_-ENTRY,_asn1_append_value-10162)
263	0.464973	FalseGround	Unlabelled	SPOkGoodGood	Alarm(_G_-ENTRY,asn1_der_decoding2-13517)
264	0.464973	FalseGround	Unlabelled	SPOkGoodGood	Alarm(_G_-ENTRY,asn1_der_decoding2-13518)
265	0.464973	FalseGround	Unlabelled	SPOkGoodGood	Alarm(_G_-ENTRY,asn1_der_decoding2-13519)
266	0.464973	FalseGround	Unlabelled	SPOkGoodGood	Alarm(_G_-ENTRY,asn1_der_decoding2-13520)
267	0.44195	FalseGround	Unlabelled	SPOkGoodGood	Alarm(_G_-ENTRY,yysyntax_error-15475)
268	0.44195	FalseGround	Unlabelled	SPOkGoodGood	Alarm(_G_-ENTRY,yysyntax_error-15480)
269	0.430464	FalseGround	Unlabelled	SPOkGoodGood	Alarm(_G_-ENTRY,_asn1_str_cpy-10738)
270	0.430464	FalseGround	Unlabelled	SPOkGoodGood	Alarm(_G_-ENTRY,_asn1_str_cpy-10739)
271	0.420178	FalseGround	Unlabelled	SPOkGoodGood	Alarm(_G_-ENTRY,_asn1_yyparse-16593)
272	0.420178	FalseGround	Unlabelled	SPOkGoodGood	Alarm(_G_-ENTRY,_asn1_yyparse-16594)
273	0.415609	FalseGround	Unlabelled	SPOkGoodGood	Alarm(_G_-ENTRY,_asn1_ordering_set_of-14963)
274	0.415609	FalseGround	Unlabelled	SPOkGoodGood	Alarm(_G_-ENTRY,_asn1_ordering_set_of-14964)
275	0.415609	FalseGround	Unlabelled	SPOkGoodGood	Alarm(_G_-ENTRY,_asn1_ordering_set_of-15010)
276	0.415609	FalseGround	Unlabelled	SPOkGoodGood	Alarm(_G_-ENTRY,_asn1_ordering_set_of-15011)
277	0.38742	FalseGround	Unlabelled	SPOkGoodGood	Alarm(_G_-ENTRY,asn1_print_structure-9604)
278	0.38742	FalseGround	Unlabelled	SPOkGoodGood	Alarm(_G_-ENTRY,asn1_print_structure-9606)
279	0.367409	FalseGround	Unlabelled	SPOkGoodGood	Alarm(_G_-ENTRY,_asn1_yyparse-16915)
280	0.367409	FalseGround	Unlabelled	SPOkGoodGood	Alarm(_G_-ENTRY,_asn1_yyparse-16916)
281	0.367409	FalseGround	Unlabelled	SPOkGoodGood	Alarm(_G_-ENTRY,_asn1_yyparse-16917)
282	0.367409	FalseGround	Unlabelled	SPOkGoodGood	Alarm(_G_-ENTRY,_asn1_yyparse-16919)
283	0.367409	FalseGround	Unlabelled	SPOkGoodGood	Alarm(_G_-ENTRY,_asn1_yyparse-16953)
284	0.35814	FalseGround	Unlabelled	SPOkGoodGood	Alarm(_G_-ENTRY,main-17720)
285	0.354879	FalseGround	Unlabelled	SPOkGoodGood	Alarm(_G_-ENTRY,asn1_print_structure-9755)
286	0.353033	FalseGround	Unlabelled	SPOkGoodGood	Alarm(_G_-ENTRY,_asn1_tag_der-14509)
287	0.353033	FalseGround	Unlabelled	SPOkGoodGood	Alarm(_G_-ENTRY,yysyntax_error-15483)
288	0.350925	FalseGround	Unlabelled	SPOkGoodGood	Alarm(_G_-ENTRY,_asn1_ordering_set_of-14973)
289	0.350925	FalseGround	Unlabelled	SPOkGoodGood	Alarm(_G_-ENTRY,_asn1_ordering_set_of-14974)
290	0.349811	FalseGround	Unlabelled	SPOkGoodGood	Alarm(_G_-ENTRY,main-17724)
291	0.345325	FalseGround	Unlabelled	SPOkGoodGood	Alarm(_G_-ENTRY,asn1_print_structure-9748)
292	0.345325	FalseGround	Unlabelled	SPOkGoodGood	Alarm(_G_-ENTRY,asn1_print_structure-9768)
293	0.343008	FalseGround	Unlabelled	SPOkGoodGood	Alarm(_G_-ENTRY,main-17704)
294	0.343008	FalseGround	Unlabelled	SPOkGoodGood	Alarm(_G_-ENTRY,main-17713)
295	0.343008	FalseGround	Unlabelled	SPOkGoodGood	Alarm(_G_-ENTRY,main-17716)
296	0.343008	FalseGround	Unlabelled	SPOkGoodGood	Alarm(_G_-ENTRY,main-17717)
297	0.343008	FalseGround	Unlabelled	SPOkGoodGood	Alarm(_G_-ENTRY,main-17721)
298	0.313811	FalseGround	Unlabelled	SPOkGoodGood	Alarm(_G_-ENTRY,asn1_print_structure-9605)
299	0.313811	FalseGround	Unlabelled	SPOkGoodGood	Alarm(_G_-ENTRY,asn1_print_structure-9607)
300	0.313811	FalseGround	Unlabelled	SPOkGoodGood	Alarm(_G_-ENTRY,tolower-8261)
301	0.313811	FalseGround	Unlabelled	SPOkGoodGood	Alarm(_G_-ENTRY,toupper-8270)
302	0.254187	FalseGround	Unlabelled	SPOkGoodGood	Alarm(_G_-ENTRY,safe_memset-9974)
303	0.254187	FalseGround	Unlabelled	SPOkGoodGood	Alarm(_G_-ENTRY,safe_memset-9975)
304	0.220751	FalseGround	Unlabelled	SPOkGoodGood	Alarm(_G_-ENTRY,_asn1_hierarchical_name-10773)
305	0.216172	FalseGround	Unlabelled	SPOkGoodGood	Alarm(_G_-ENTRY,asn1_find_node-10048)
306	0.216172	FalseGround	Unlabelled	SPOkGoodGood	Alarm(_G_-ENTRY,asn1_find_node-10049)
307	0.216172	FalseGround	Unlabelled	SPOkGoodGood	Alarm(_G_-ENTRY,asn1_find_node-10063)
308	0.216172	FalseGround	Unlabelled	SPOkGoodGood	Alarm(_G_-ENTRY,asn1_find_node-10064)
309	0.191398	FalseGround	Unlabelled	SPOkGoodGood	Alarm(_G_-ENTRY,asn1_get_tag_der-12217)
310	0.191398	FalseGround	Unlabelled	SPOkGoodGood	Alarm(_G_-ENTRY,asn1_get_tag_der-12218)
311	0.191398	FalseGround	Unlabelled	SPOkGoodGood	Alarm(_G_-ENTRY,asn1_get_tag_der-12219)
312	0.163682	FalseGround	Unlabelled	SPOkGoodGood	Alarm(_G_-ENTRY,asn1_find_node-10000)
313	0.155032	FalseGround	Unlabelled	SPOkGoodGood	Alarm(_G_-ENTRY,asn1_get_tag_der-12179)
314	0.155032	FalseGround	Unlabelled	SPOkGoodGood	Alarm(_G_-ENTRY,asn1_get_tag_der-12180)
315	0.155032	FalseGround	Unlabelled	SPOkGoodGood	Alarm(_G_-ENTRY,asn1_get_tag_der-12189)
316	0.155032	FalseGround	Unlabelled	SPOkGoodGood	Alarm(_G_-ENTRY,asn1_get_tag_der-12190)
317	0.135085	FalseGround	Unlabelled	SPOkGoodGood	Alarm(_G_-ENTRY,_asn1_tag_der-14514)
318	0.135085	FalseGround	Unlabelled	SPOkGoodGood	Alarm(_G_-ENTRY,yysyntax_error-15496)
319	0.135085	FalseGround	Unlabelled	SPOkGoodGood	Alarm(_G_-ENTRY,yysyntax_error-15516)
320	0.135085	FalseGround	Unlabelled	SPOkGoodGood	Alarm(_G_-ENTRY,yytnamerr-15416)
321	0.135085	FalseGround	Unlabelled	SPOkGoodGood	Alarm(_G_-ENTRY,yytnamerr-15418)
322	0.109419	FalseGround	Unlabelled	SPOkGoodGood	Alarm(_G_-ENTRY,yysyntax_error-15469)
323	0.109419	FalseGround	Unlabelled	SPOkGoodGood	Alarm(_G_-ENTRY,yysyntax_error-15470)
324	0.109419	FalseGround	Unlabelled	SPOkGoodGood	Alarm(_G_-ENTRY,yytnamerr-15396)
325	0.109419	FalseGround	Unlabelled	SPOkGoodGood	Alarm(_G_-ENTRY,yytnamerr-15397)
326	0.103974	FalseGround	Unlabelled	SPOkGoodGood	Alarm(_G_-ENTRY,_asn1_get_time_der-12275)
327	0.103974	FalseGround	Unlabelled	SPOkGoodGood	Alarm(_G_-ENTRY,_asn1_get_time_der-12276)
328	0.103974	FalseGround	Unlabelled	SPOkGoodGood	Alarm(_G_-ENTRY,yytnamerr-15398)
329	0.103974	FalseGround	Unlabelled	SPOkGoodGood	Alarm(_G_-ENTRY,yytnamerr-15399)
330	0.038152	FalseGround	Unlabelled	SPOkGoodGood	Alarm(_G_-ENTRY,yytnamerr-15400)
331	0.038152	FalseGround	Unlabelled	SPOkGoodGood	Alarm(_G_-ENTRY,yytnamerr-15401)
332	0.038152	FalseGround	Unlabelled	SPOkGoodGood	Alarm(_G_-ENTRY,yytnamerr-15402)
333	0.038152	FalseGround	Unlabelled	SPOkGoodGood	Alarm(_G_-ENTRY,yytnamerr-15403)
334	0.0312744	FalseGround	Unlabelled	SPOkGoodGood	Alarm(_G_-ENTRY,yytnamerr-15404)
335	0.0312744	FalseGround	Unlabelled	SPOkGoodGood	Alarm(_G_-ENTRY,yytnamerr-15405)
336	0.0278128	FalseGround	Unlabelled	SPOkGoodGood	Alarm(_G_-ENTRY,_asn1_get_time_der-12279)
337	0.0278128	FalseGround	Unlabelled	SPOkGoodGood	Alarm(_G_-ENTRY,_asn1_get_time_der-12280)
338	0.0278128	FalseGround	Unlabelled	SPOkGoodGood	Alarm(_G_-ENTRY,_asn1_get_time_der-12285)
339	0.0278128	FalseGround	Unlabelled	SPOkGoodGood	Alarm(_G_-ENTRY,_asn1_get_time_der-12286)
340	0.0278128	FalseGround	Unlabelled	SPOkGoodGood	Alarm(_G_-ENTRY,_asn1_get_time_der-12287)
341	0.0278128	FalseGround	Unlabelled	SPOkGoodGood	Alarm(_G_-ENTRY,_asn1_get_time_der-12288)
342	0.00713348	FalseGround	Unlabelled	SPOkGoodGood	Alarm(_G_-ENTRY,asn1_find_node-9999)
343	0.00246503	FalseGround	Unlabelled	SPOkGoodGood	Alarm(_G_-ENTRY,_asn1_hierarchical_name-10770)
344	0.00246503	FalseGround	Unlabelled	SPOkGoodGood	Alarm(_G_-ENTRY,_asn1_hierarchical_name-10771)
345	0.000435534	FalseGround	Unlabelled	SPOkGoodGood	Alarm(_G_-ENTRY,set_program_name-8216)
346	0.000435534	FalseGround	Unlabelled	SPOkGoodGood	Alarm(_G_-ENTRY,set_program_name-8218)
347	0.0	FalseGround	NegLabel	SPOkGoodGood	Alarm(_G_-ENTRY,_asn1_insert_tag_der-14801)
348	0.0	FalseGround	NegLabel	SPOkGoodGood	Alarm(_G_-ENTRY,_asn1_ltostr-10266)
349	0.0	FalseGround	NegLabel	SPOkGoodGood	Alarm(_G_-ENTRY,_asn1_ordering_set_of-15026)
350	0.0	FalseGround	NegLabel	SPOkGoodGood	Alarm(_G_-ENTRY,_asn1_set_value-10110)
351	0.0	FalseGround	NegLabel	SPOkGoodGood	Alarm(_G_-ENTRY,_asn1_yyparse-16651)
352	0.0	FalseGround	NegLabel	SPOkGoodGood	Alarm(_G_-ENTRY,asn1_get_length_der-12108)
353	0.0	FalseGround	NegLabel	SPOkGoodGood	Alarm(_G_-ENTRY,asn1_get_length_der-12109)
354	0.0	FalseGround	NegLabel	SPOkGoodGood	Alarm(_G_-ENTRY,asn1_get_length_der-12144)
355	0.0	FalseGround	NegLabel	SPOkGoodGood	Alarm(_G_-ENTRY,asn1_get_length_der-12145)
356	0.0	FalseGround	NegLabel	SPOkGoodGood	Alarm(_G_-ENTRY,asn1_get_length_der-12155)
357	0.0	FalseGround	NegLabel	SPOkGoodGood	Alarm(_G_-ENTRY,asn1_get_tag_der-12175)
