Rank	Confidence	Ground	Label	Comments	Tuple
1	1.0	TrueGround	PosLabel	SPOkGoodGood	Alarm(_G_-ENTRY,_asn1_ltostr-10264)
2	0.809978	FalseGround	Unlabelled	SPOkGoodGood	Alarm(_G_-ENTRY,asn1_get_length_der-12108)
3	0.809978	FalseGround	Unlabelled	SPOkGoodGood	Alarm(_G_-ENTRY,asn1_get_length_der-12109)
4	0.809978	FalseGround	Unlabelled	SPOkGoodGood	Alarm(_G_-ENTRY,asn1_get_length_der-12144)
5	0.809978	FalseGround	Unlabelled	SPOkGoodGood	Alarm(_G_-ENTRY,asn1_get_length_der-12145)
6	0.807586	FalseGround	Unlabelled	SPOkGoodGood	Alarm(_G_-ENTRY,asn1_get_tag_der-12175)
7	0.807586	FalseGround	Unlabelled	SPOkGoodGood	Alarm(_G_-ENTRY,asn1_get_tag_der-12176)
8	0.807586	FalseGround	Unlabelled	SPOkGoodGood	Alarm(_G_-ENTRY,asn1_get_tag_der-12209)
9	0.807586	FalseGround	Unlabelled	SPOkGoodGood	Alarm(_G_-ENTRY,asn1_get_tag_der-12211)
10	0.802867	FalseGround	Unlabelled	SPOkGoodGood	Alarm(_G_-ENTRY,_asn1_insert_tag_der-14824)
11	0.80014	TrueGround	Unlabelled	SPOkGoodGood	Alarm(_G_-ENTRY,_asn1_ltostr-10260)
12	0.799748	FalseGround	Unlabelled	SPOkGoodGood	Alarm(_G_-ENTRY,_asn1_ordering_set_of-15033)
13	0.798781	FalseGround	Unlabelled	SPOkGoodGood	Alarm(_G_-ENTRY,_asn1_get_objectid_der-12365)
14	0.788617	FalseGround	Unlabelled	SPOkGoodGood	Alarm(_G_-ENTRY,_asn1_ordering_set_of-14967)
15	0.78727	FalseGround	Unlabelled	SPOkGoodGood	Alarm(_G_-ENTRY,_asn1_check_identifier-10613)
16	0.78727	FalseGround	Unlabelled	SPOkGoodGood	Alarm(_G_-ENTRY,_asn1_check_identifier-10621)
17	0.78727	FalseGround	Unlabelled	SPOkGoodGood	Alarm(_G_-ENTRY,_asn1_check_identifier-10633)
18	0.77965	FalseGround	Unlabelled	SPOkGoodGood	Alarm(_G_-ENTRY,_asn1_get_objectid_der-12329)
19	0.77965	FalseGround	Unlabelled	SPOkGoodGood	Alarm(_G_-ENTRY,_asn1_get_objectid_der-12330)
20	0.77965	FalseGround	Unlabelled	SPOkGoodGood	Alarm(_G_-ENTRY,_asn1_get_objectid_der-12335)
21	0.77965	FalseGround	Unlabelled	SPOkGoodGood	Alarm(_G_-ENTRY,_asn1_get_objectid_der-12336)
22	0.769451	FalseGround	Unlabelled	SPOkGoodGood	Alarm(_G_-ENTRY,asn1_print_structure-9741)
23	0.769451	FalseGround	Unlabelled	SPOkGoodGood	Alarm(_G_-ENTRY,asn1_print_structure-9757)
24	0.769451	FalseGround	Unlabelled	SPOkGoodGood	Alarm(_G_-ENTRY,asn1_print_structure-9775)
25	0.769451	FalseGround	Unlabelled	SPOkGoodGood	Alarm(_G_-ENTRY,asn1_print_structure-9783)
26	0.768259	FalseGround	Unlabelled	SPOkGoodGood	Alarm(_G_-ENTRY,_asn1_ordering_set_of-14968)
27	0.761586	FalseGround	Unlabelled	SPOkGoodGood	Alarm(_G_-ENTRY,_asn1_yyparse-16693)
28	0.761586	FalseGround	Unlabelled	SPOkGoodGood	Alarm(_G_-ENTRY,_asn1_yyparse-16694)
29	0.761586	FalseGround	Unlabelled	SPOkGoodGood	Alarm(_G_-ENTRY,_asn1_yyparse-16695)
30	0.761586	FalseGround	Unlabelled	SPOkGoodGood	Alarm(_G_-ENTRY,_asn1_yyparse-16696)
31	0.761586	FalseGround	Unlabelled	SPOkGoodGood	Alarm(_G_-ENTRY,_asn1_yyparse-16697)
32	0.761586	FalseGround	Unlabelled	SPOkGoodGood	Alarm(_G_-ENTRY,_asn1_yyparse-16698)
33	0.761586	FalseGround	Unlabelled	SPOkGoodGood	Alarm(_G_-ENTRY,_asn1_yyparse-16699)
34	0.761586	FalseGround	Unlabelled	SPOkGoodGood	Alarm(_G_-ENTRY,_asn1_yyparse-16700)
35	0.761586	FalseGround	Unlabelled	SPOkGoodGood	Alarm(_G_-ENTRY,_asn1_yyparse-16701)
36	0.761586	FalseGround	Unlabelled	SPOkGoodGood	Alarm(_G_-ENTRY,_asn1_yyparse-16702)
37	0.761586	FalseGround	Unlabelled	SPOkGoodGood	Alarm(_G_-ENTRY,_asn1_yyparse-16703)
38	0.761586	FalseGround	Unlabelled	SPOkGoodGood	Alarm(_G_-ENTRY,_asn1_yyparse-16704)
39	0.761586	FalseGround	Unlabelled	SPOkGoodGood	Alarm(_G_-ENTRY,_asn1_yyparse-16706)
40	0.761586	FalseGround	Unlabelled	SPOkGoodGood	Alarm(_G_-ENTRY,_asn1_yyparse-16707)
41	0.761586	FalseGround	Unlabelled	SPOkGoodGood	Alarm(_G_-ENTRY,_asn1_yyparse-16709)
42	0.761586	FalseGround	Unlabelled	SPOkGoodGood	Alarm(_G_-ENTRY,_asn1_yyparse-16710)
43	0.761586	FalseGround	Unlabelled	SPOkGoodGood	Alarm(_G_-ENTRY,_asn1_yyparse-16711)
44	0.761586	FalseGround	Unlabelled	SPOkGoodGood	Alarm(_G_-ENTRY,_asn1_yyparse-16717)
45	0.761586	FalseGround	Unlabelled	SPOkGoodGood	Alarm(_G_-ENTRY,_asn1_yyparse-16718)
46	0.761586	FalseGround	Unlabelled	SPOkGoodGood	Alarm(_G_-ENTRY,_asn1_yyparse-16720)
47	0.761586	FalseGround	Unlabelled	SPOkGoodGood	Alarm(_G_-ENTRY,_asn1_yyparse-16721)
48	0.761586	FalseGround	Unlabelled	SPOkGoodGood	Alarm(_G_-ENTRY,_asn1_yyparse-16722)
49	0.761586	FalseGround	Unlabelled	SPOkGoodGood	Alarm(_G_-ENTRY,_asn1_yyparse-16731)
50	0.761586	FalseGround	Unlabelled	SPOkGoodGood	Alarm(_G_-ENTRY,_asn1_yyparse-16732)
51	0.761586	FalseGround	Unlabelled	SPOkGoodGood	Alarm(_G_-ENTRY,_asn1_yyparse-16734)
52	0.761586	FalseGround	Unlabelled	SPOkGoodGood	Alarm(_G_-ENTRY,_asn1_yyparse-16735)
53	0.761586	FalseGround	Unlabelled	SPOkGoodGood	Alarm(_G_-ENTRY,_asn1_yyparse-16740)
54	0.761586	FalseGround	Unlabelled	SPOkGoodGood	Alarm(_G_-ENTRY,_asn1_yyparse-16741)
55	0.761586	FalseGround	Unlabelled	SPOkGoodGood	Alarm(_G_-ENTRY,_asn1_yyparse-16751)
56	0.761586	FalseGround	Unlabelled	SPOkGoodGood	Alarm(_G_-ENTRY,_asn1_yyparse-16753)
57	0.761586	FalseGround	Unlabelled	SPOkGoodGood	Alarm(_G_-ENTRY,_asn1_yyparse-16755)
58	0.761586	FalseGround	Unlabelled	SPOkGoodGood	Alarm(_G_-ENTRY,_asn1_yyparse-16760)
59	0.761586	FalseGround	Unlabelled	SPOkGoodGood	Alarm(_G_-ENTRY,_asn1_yyparse-16761)
60	0.761586	FalseGround	Unlabelled	SPOkGoodGood	Alarm(_G_-ENTRY,_asn1_yyparse-16763)
61	0.761586	FalseGround	Unlabelled	SPOkGoodGood	Alarm(_G_-ENTRY,_asn1_yyparse-16764)
62	0.761586	FalseGround	Unlabelled	SPOkGoodGood	Alarm(_G_-ENTRY,_asn1_yyparse-16765)
63	0.761586	FalseGround	Unlabelled	SPOkGoodGood	Alarm(_G_-ENTRY,_asn1_yyparse-16799)
64	0.761586	FalseGround	Unlabelled	SPOkGoodGood	Alarm(_G_-ENTRY,_asn1_yyparse-16800)
65	0.761586	FalseGround	Unlabelled	SPOkGoodGood	Alarm(_G_-ENTRY,_asn1_yyparse-16801)
66	0.761586	FalseGround	Unlabelled	SPOkGoodGood	Alarm(_G_-ENTRY,_asn1_yyparse-16814)
67	0.761586	FalseGround	Unlabelled	SPOkGoodGood	Alarm(_G_-ENTRY,_asn1_yyparse-16815)
68	0.761586	FalseGround	Unlabelled	SPOkGoodGood	Alarm(_G_-ENTRY,_asn1_yyparse-16817)
69	0.761586	FalseGround	Unlabelled	SPOkGoodGood	Alarm(_G_-ENTRY,_asn1_yyparse-16818)
70	0.761586	FalseGround	Unlabelled	SPOkGoodGood	Alarm(_G_-ENTRY,_asn1_yyparse-16851)
71	0.761586	FalseGround	Unlabelled	SPOkGoodGood	Alarm(_G_-ENTRY,_asn1_yyparse-16877)
72	0.761586	FalseGround	Unlabelled	SPOkGoodGood	Alarm(_G_-ENTRY,_asn1_yyparse-16878)
73	0.761586	FalseGround	Unlabelled	SPOkGoodGood	Alarm(_G_-ENTRY,_asn1_yyparse-16881)
74	0.761586	FalseGround	Unlabelled	SPOkGoodGood	Alarm(_G_-ENTRY,_asn1_yyparse-16884)
75	0.761586	FalseGround	Unlabelled	SPOkGoodGood	Alarm(_G_-ENTRY,_asn1_yyparse-16885)
76	0.761586	FalseGround	Unlabelled	SPOkGoodGood	Alarm(_G_-ENTRY,_asn1_yyparse-16886)
77	0.761586	FalseGround	Unlabelled	SPOkGoodGood	Alarm(_G_-ENTRY,_asn1_yyparse-16889)
78	0.761586	FalseGround	Unlabelled	SPOkGoodGood	Alarm(_G_-ENTRY,_asn1_yyparse-16890)
79	0.761586	FalseGround	Unlabelled	SPOkGoodGood	Alarm(_G_-ENTRY,_asn1_yyparse-16891)
80	0.761586	FalseGround	Unlabelled	SPOkGoodGood	Alarm(_G_-ENTRY,_asn1_yyparse-16900)
81	0.761586	FalseGround	Unlabelled	SPOkGoodGood	Alarm(_G_-ENTRY,_asn1_yyparse-16902)
82	0.761586	FalseGround	Unlabelled	SPOkGoodGood	Alarm(_G_-ENTRY,_asn1_yyparse-16904)
83	0.761316	FalseGround	Unlabelled	SPOkGoodGood	Alarm(_G_-ENTRY,asn1_length_der-14492)
84	0.756055	FalseGround	Unlabelled	SPOkGoodGood	Alarm(_G_-ENTRY,asn1_der_decoding2-13513)
85	0.756055	FalseGround	Unlabelled	SPOkGoodGood	Alarm(_G_-ENTRY,asn1_der_decoding2-13514)
86	0.756055	FalseGround	Unlabelled	SPOkGoodGood	Alarm(_G_-ENTRY,asn1_der_decoding2-13551)
87	0.756055	FalseGround	Unlabelled	SPOkGoodGood	Alarm(_G_-ENTRY,asn1_der_decoding2-13552)
88	0.756055	FalseGround	Unlabelled	SPOkGoodGood	Alarm(_G_-ENTRY,asn1_der_decoding2-13553)
89	0.756055	FalseGround	Unlabelled	SPOkGoodGood	Alarm(_G_-ENTRY,asn1_der_decoding2-13554)
90	0.756055	FalseGround	Unlabelled	SPOkGoodGood	Alarm(_G_-ENTRY,asn1_der_decoding2-13581)
91	0.756055	FalseGround	Unlabelled	SPOkGoodGood	Alarm(_G_-ENTRY,asn1_der_decoding2-13582)
92	0.756055	FalseGround	Unlabelled	SPOkGoodGood	Alarm(_G_-ENTRY,asn1_der_decoding2-13583)
93	0.756055	FalseGround	Unlabelled	SPOkGoodGood	Alarm(_G_-ENTRY,asn1_der_decoding2-13584)
94	0.756055	FalseGround	Unlabelled	SPOkGoodGood	Alarm(_G_-ENTRY,asn1_der_decoding2-13615)
95	0.756055	FalseGround	Unlabelled	SPOkGoodGood	Alarm(_G_-ENTRY,asn1_der_decoding2-13616)
96	0.756055	FalseGround	Unlabelled	SPOkGoodGood	Alarm(_G_-ENTRY,hash_pjw_bare-8242)
97	0.741379	FalseGround	Unlabelled	SPOkGoodGood	Alarm(_G_-ENTRY,_asn1_ordering_set_of-15028)
98	0.73583	FalseGround	Unlabelled	SPOkGoodGood	Alarm(_G_-ENTRY,_asn1_check_identifier-10590)
99	0.73583	FalseGround	Unlabelled	SPOkGoodGood	Alarm(_G_-ENTRY,_asn1_check_identifier-10591)
100	0.729	FalseGround	Unlabelled	SPOkGoodGood	Alarm(_G_-ENTRY,asn1_strerror-10761)
101	0.722206	FalseGround	Unlabelled	SPOkGoodGood	Alarm(_G_-ENTRY,yysyntax_error-15515)
102	0.720576	FalseGround	Unlabelled	SPOkGoodGood	Alarm(_G_-ENTRY,_asn1_str_cat-10723)
103	0.680602	FalseGround	Unlabelled	SPOkGoodGood	Alarm(_G_-ENTRY,asn1_octet_der-14521)
104	0.68045	FalseGround	Unlabelled	SPOkGoodGood	Alarm(_G_-ENTRY,asn1_der_decoding2-13641)
105	0.68045	FalseGround	Unlabelled	SPOkGoodGood	Alarm(_G_-ENTRY,asn1_der_decoding2-13642)
106	0.68045	FalseGround	Unlabelled	SPOkGoodGood	Alarm(_G_-ENTRY,asn1_der_decoding2-13643)
107	0.68045	FalseGround	Unlabelled	SPOkGoodGood	Alarm(_G_-ENTRY,asn1_der_decoding2-13644)
108	0.6561	FalseGround	Unlabelled	SPOkGoodGood	Alarm(_G_-ENTRY,_asn1_convert_integer-10810)
109	0.6561	FalseGround	Unlabelled	SPOkGoodGood	Alarm(_G_-ENTRY,_asn1_convert_integer-10811)
110	0.6561	FalseGround	Unlabelled	SPOkGoodGood	Alarm(_G_-ENTRY,_asn1_convert_integer-10814)
111	0.6561	FalseGround	Unlabelled	SPOkGoodGood	Alarm(_G_-ENTRY,_asn1_convert_integer-10815)
112	0.6561	FalseGround	Unlabelled	SPOkGoodGood	Alarm(_G_-ENTRY,_asn1_convert_integer-10834)
113	0.6561	FalseGround	Unlabelled	SPOkGoodGood	Alarm(_G_-ENTRY,fread_file-8143)
114	0.636073	FalseGround	Unlabelled	SPOkGoodGood	Alarm(_G_-ENTRY,_asn1_get_time_der-12293)
115	0.634493	FalseGround	Unlabelled	SPOkGoodGood	Alarm(_G_-ENTRY,yysyntax_error-15471)
116	0.634493	FalseGround	Unlabelled	SPOkGoodGood	Alarm(_G_-ENTRY,yysyntax_error-15472)
117	0.612405	FalseGround	Unlabelled	SPOkGoodGood	Alarm(_G_-ENTRY,_asn1_get_octet_string-12705)
118	0.612405	FalseGround	Unlabelled	SPOkGoodGood	Alarm(_G_-ENTRY,_asn1_get_octet_string-12706)
119	0.59049	FalseGround	Unlabelled	SPOkGoodGood	Alarm(_G_-ENTRY,_asn1_get_indefinite_length_string-12794)
120	0.59049	FalseGround	Unlabelled	SPOkGoodGood	Alarm(_G_-ENTRY,_asn1_get_indefinite_length_string-12795)
121	0.59049	FalseGround	Unlabelled	SPOkGoodGood	Alarm(_G_-ENTRY,_asn1_get_indefinite_length_string-12796)
122	0.59049	FalseGround	Unlabelled	SPOkGoodGood	Alarm(_G_-ENTRY,_asn1_get_indefinite_length_string-12797)
123	0.59049	FalseGround	Unlabelled	SPOkGoodGood	Alarm(_G_-ENTRY,_asn1_get_octet_string-12733)
124	0.59049	FalseGround	Unlabelled	SPOkGoodGood	Alarm(_G_-ENTRY,_asn1_get_octet_string-12734)
125	0.59049	FalseGround	Unlabelled	SPOkGoodGood	Alarm(_G_-ENTRY,asn1_print_structure-9761)
126	0.59049	FalseGround	Unlabelled	SPOkGoodGood	Alarm(_G_-ENTRY,asn1_strerror-10757)
127	0.59049	FalseGround	Unlabelled	SPOkGoodGood	Alarm(_G_-ENTRY,asn1_strerror-10758)
128	0.590486	FalseGround	Unlabelled	SPOkGoodGood	Alarm(_G_-ENTRY,_asn1_expand_object_id-10329)
129	0.590486	FalseGround	Unlabelled	SPOkGoodGood	Alarm(_G_-ENTRY,_asn1_expand_object_id-10330)
130	0.590486	FalseGround	Unlabelled	SPOkGoodGood	Alarm(_G_-ENTRY,_asn1_str_cpy-10736)
131	0.590474	FalseGround	Unlabelled	SPOkGoodGood	Alarm(_G_-ENTRY,asn1_get_length_der-12124)
132	0.590474	FalseGround	Unlabelled	SPOkGoodGood	Alarm(_G_-ENTRY,asn1_get_length_der-12125)
133	0.590474	FalseGround	Unlabelled	SPOkGoodGood	Alarm(_G_-ENTRY,asn1_get_length_der-12151)
134	0.590474	FalseGround	Unlabelled	SPOkGoodGood	Alarm(_G_-ENTRY,asn1_get_length_der-12152)
135	0.590474	FalseGround	Unlabelled	SPOkGoodGood	Alarm(_G_-ENTRY,asn1_get_length_der-12153)
136	0.58873	FalseGround	Unlabelled	SPOkGoodGood	Alarm(_G_-ENTRY,asn1_get_tag_der-12203)
137	0.58873	FalseGround	Unlabelled	SPOkGoodGood	Alarm(_G_-ENTRY,asn1_get_tag_der-12204)
138	0.58873	FalseGround	Unlabelled	SPOkGoodGood	Alarm(_G_-ENTRY,asn1_get_tag_der-12226)
139	0.58873	FalseGround	Unlabelled	SPOkGoodGood	Alarm(_G_-ENTRY,asn1_get_tag_der-12227)
140	0.58873	FalseGround	Unlabelled	SPOkGoodGood	Alarm(_G_-ENTRY,asn1_get_tag_der-12228)
141	0.58873	FalseGround	Unlabelled	SPOkGoodGood	Alarm(_G_-ENTRY,asn1_get_tag_der-12230)
142	0.584183	FalseGround	Unlabelled	SPOkGoodGood	Alarm(_G_-ENTRY,_asn1_get_time_der-12294)
143	0.576933	FalseGround	Unlabelled	SPOkGoodGood	Alarm(_G_-ENTRY,_asn1_get_objectid_der-12351)
144	0.576933	FalseGround	Unlabelled	SPOkGoodGood	Alarm(_G_-ENTRY,_asn1_get_objectid_der-12352)
145	0.576933	FalseGround	Unlabelled	SPOkGoodGood	Alarm(_G_-ENTRY,_asn1_get_time_der-12305)
146	0.570347	FalseGround	Unlabelled	SPOkGoodGood	Alarm(_G_-ENTRY,_asn1_ordering_set_of-14969)
147	0.570347	FalseGround	Unlabelled	SPOkGoodGood	Alarm(_G_-ENTRY,_asn1_ordering_set_of-14970)
148	0.570347	FalseGround	Unlabelled	SPOkGoodGood	Alarm(_G_-ENTRY,_asn1_ordering_set_of-15020)
149	0.570347	FalseGround	Unlabelled	SPOkGoodGood	Alarm(_G_-ENTRY,_asn1_ordering_set_of-15021)
150	0.570347	FalseGround	Unlabelled	SPOkGoodGood	Alarm(_G_-ENTRY,_asn1_ordering_set_of-15022)
151	0.570347	FalseGround	Unlabelled	SPOkGoodGood	Alarm(_G_-ENTRY,_asn1_ordering_set_of-15024)
152	0.570347	FalseGround	Unlabelled	SPOkGoodGood	Alarm(_G_-ENTRY,_asn1_ordering_set_of-15025)
153	0.570347	FalseGround	Unlabelled	SPOkGoodGood	Alarm(_G_-ENTRY,_asn1_ordering_set_of-15027)
154	0.570347	FalseGround	Unlabelled	SPOkGoodGood	Alarm(_G_-ENTRY,_asn1_ordering_set_of-15037)
155	0.552196	FalseGround	Unlabelled	SPOkGoodGood	Alarm(_G_-ENTRY,asn1_length_der-14486)
156	0.551164	FalseGround	Unlabelled	SPOkGoodGood	Alarm(_G_-ENTRY,asn1_der_decoding2-13399)
157	0.551164	FalseGround	Unlabelled	SPOkGoodGood	Alarm(_G_-ENTRY,asn1_der_decoding2-13400)
158	0.551164	FalseGround	Unlabelled	SPOkGoodGood	Alarm(_G_-ENTRY,asn1_der_decoding2-13401)
159	0.551164	FalseGround	Unlabelled	SPOkGoodGood	Alarm(_G_-ENTRY,asn1_der_decoding2-13402)
160	0.531441	FalseGround	Unlabelled	SPOkGoodGood	Alarm(_G_-ENTRY,asn1_strerror-10755)
161	0.531441	FalseGround	Unlabelled	SPOkGoodGood	Alarm(_G_-ENTRY,asn1_strerror-10756)
162	0.525416	FalseGround	Unlabelled	SPOkGoodGood	Alarm(_G_-ENTRY,yysyntax_error-15519)
163	0.5253	FalseGround	Unlabelled	SPOkGoodGood	Alarm(_G_-ENTRY,_asn1_str_cat-10725)
164	0.520459	FalseGround	Unlabelled	SPOkGoodGood	Alarm(_G_-ENTRY,_asn1_yyparse-16714)
165	0.520459	FalseGround	Unlabelled	SPOkGoodGood	Alarm(_G_-ENTRY,_asn1_yyparse-16725)
166	0.520459	FalseGround	Unlabelled	SPOkGoodGood	Alarm(_G_-ENTRY,_asn1_yyparse-16804)
167	0.520459	FalseGround	Unlabelled	SPOkGoodGood	Alarm(_G_-ENTRY,_asn1_yyparse-16854)
168	0.520459	FalseGround	Unlabelled	SPOkGoodGood	Alarm(_G_-ENTRY,_asn1_yyparse-16896)
169	0.51924	FalseGround	Unlabelled	SPOkGoodGood	Alarm(_G_-ENTRY,_asn1_get_time_der-12306)
170	0.518739	FalseGround	Unlabelled	SPOkGoodGood	Alarm(_G_-ENTRY,_asn1_yyparse-16686)
171	0.518739	FalseGround	Unlabelled	SPOkGoodGood	Alarm(_G_-ENTRY,_asn1_yyparse-16687)
172	0.518739	FalseGround	Unlabelled	SPOkGoodGood	Alarm(_G_-ENTRY,_asn1_yyparse-16690)
173	0.518739	FalseGround	Unlabelled	SPOkGoodGood	Alarm(_G_-ENTRY,_asn1_yyparse-16691)
174	0.518739	FalseGround	Unlabelled	SPOkGoodGood	Alarm(_G_-ENTRY,_asn1_yyparse-16712)
175	0.518739	FalseGround	Unlabelled	SPOkGoodGood	Alarm(_G_-ENTRY,_asn1_yyparse-16713)
176	0.518739	FalseGround	Unlabelled	SPOkGoodGood	Alarm(_G_-ENTRY,_asn1_yyparse-16715)
177	0.518739	FalseGround	Unlabelled	SPOkGoodGood	Alarm(_G_-ENTRY,_asn1_yyparse-16723)
178	0.518739	FalseGround	Unlabelled	SPOkGoodGood	Alarm(_G_-ENTRY,_asn1_yyparse-16724)
179	0.518739	FalseGround	Unlabelled	SPOkGoodGood	Alarm(_G_-ENTRY,_asn1_yyparse-16726)
180	0.518739	FalseGround	Unlabelled	SPOkGoodGood	Alarm(_G_-ENTRY,_asn1_yyparse-16733)
181	0.518739	FalseGround	Unlabelled	SPOkGoodGood	Alarm(_G_-ENTRY,_asn1_yyparse-16736)
182	0.518739	FalseGround	Unlabelled	SPOkGoodGood	Alarm(_G_-ENTRY,_asn1_yyparse-16737)
183	0.518739	FalseGround	Unlabelled	SPOkGoodGood	Alarm(_G_-ENTRY,_asn1_yyparse-16738)
184	0.518739	FalseGround	Unlabelled	SPOkGoodGood	Alarm(_G_-ENTRY,_asn1_yyparse-16746)
185	0.518739	FalseGround	Unlabelled	SPOkGoodGood	Alarm(_G_-ENTRY,_asn1_yyparse-16766)
186	0.518739	FalseGround	Unlabelled	SPOkGoodGood	Alarm(_G_-ENTRY,_asn1_yyparse-16767)
187	0.518739	FalseGround	Unlabelled	SPOkGoodGood	Alarm(_G_-ENTRY,_asn1_yyparse-16770)
188	0.518739	FalseGround	Unlabelled	SPOkGoodGood	Alarm(_G_-ENTRY,_asn1_yyparse-16773)
189	0.518739	FalseGround	Unlabelled	SPOkGoodGood	Alarm(_G_-ENTRY,_asn1_yyparse-16776)
190	0.518739	FalseGround	Unlabelled	SPOkGoodGood	Alarm(_G_-ENTRY,_asn1_yyparse-16779)
191	0.518739	FalseGround	Unlabelled	SPOkGoodGood	Alarm(_G_-ENTRY,_asn1_yyparse-16782)
192	0.518739	FalseGround	Unlabelled	SPOkGoodGood	Alarm(_G_-ENTRY,_asn1_yyparse-16788)
193	0.518739	FalseGround	Unlabelled	SPOkGoodGood	Alarm(_G_-ENTRY,_asn1_yyparse-16794)
194	0.518739	FalseGround	Unlabelled	SPOkGoodGood	Alarm(_G_-ENTRY,_asn1_yyparse-16797)
195	0.518739	FalseGround	Unlabelled	SPOkGoodGood	Alarm(_G_-ENTRY,_asn1_yyparse-16802)
196	0.518739	FalseGround	Unlabelled	SPOkGoodGood	Alarm(_G_-ENTRY,_asn1_yyparse-16803)
197	0.518739	FalseGround	Unlabelled	SPOkGoodGood	Alarm(_G_-ENTRY,_asn1_yyparse-16805)
198	0.518739	FalseGround	Unlabelled	SPOkGoodGood	Alarm(_G_-ENTRY,_asn1_yyparse-16809)
199	0.518739	FalseGround	Unlabelled	SPOkGoodGood	Alarm(_G_-ENTRY,_asn1_yyparse-16811)
200	0.518739	FalseGround	Unlabelled	SPOkGoodGood	Alarm(_G_-ENTRY,_asn1_yyparse-16819)
201	0.518739	FalseGround	Unlabelled	SPOkGoodGood	Alarm(_G_-ENTRY,_asn1_yyparse-16820)
202	0.518739	FalseGround	Unlabelled	SPOkGoodGood	Alarm(_G_-ENTRY,_asn1_yyparse-16821)
203	0.518739	FalseGround	Unlabelled	SPOkGoodGood	Alarm(_G_-ENTRY,_asn1_yyparse-16822)
204	0.518739	FalseGround	Unlabelled	SPOkGoodGood	Alarm(_G_-ENTRY,_asn1_yyparse-16823)
205	0.518739	FalseGround	Unlabelled	SPOkGoodGood	Alarm(_G_-ENTRY,_asn1_yyparse-16824)
206	0.518739	FalseGround	Unlabelled	SPOkGoodGood	Alarm(_G_-ENTRY,_asn1_yyparse-16825)
207	0.518739	FalseGround	Unlabelled	SPOkGoodGood	Alarm(_G_-ENTRY,_asn1_yyparse-16826)
208	0.518739	FalseGround	Unlabelled	SPOkGoodGood	Alarm(_G_-ENTRY,_asn1_yyparse-16827)
209	0.518739	FalseGround	Unlabelled	SPOkGoodGood	Alarm(_G_-ENTRY,_asn1_yyparse-16828)
210	0.518739	FalseGround	Unlabelled	SPOkGoodGood	Alarm(_G_-ENTRY,_asn1_yyparse-16829)
211	0.518739	FalseGround	Unlabelled	SPOkGoodGood	Alarm(_G_-ENTRY,_asn1_yyparse-16830)
212	0.518739	FalseGround	Unlabelled	SPOkGoodGood	Alarm(_G_-ENTRY,_asn1_yyparse-16831)
213	0.518739	FalseGround	Unlabelled	SPOkGoodGood	Alarm(_G_-ENTRY,_asn1_yyparse-16832)
214	0.518739	FalseGround	Unlabelled	SPOkGoodGood	Alarm(_G_-ENTRY,_asn1_yyparse-16833)
215	0.518739	FalseGround	Unlabelled	SPOkGoodGood	Alarm(_G_-ENTRY,_asn1_yyparse-16834)
216	0.518739	FalseGround	Unlabelled	SPOkGoodGood	Alarm(_G_-ENTRY,_asn1_yyparse-16835)
217	0.518739	FalseGround	Unlabelled	SPOkGoodGood	Alarm(_G_-ENTRY,_asn1_yyparse-16836)
218	0.518739	FalseGround	Unlabelled	SPOkGoodGood	Alarm(_G_-ENTRY,_asn1_yyparse-16837)
219	0.518739	FalseGround	Unlabelled	SPOkGoodGood	Alarm(_G_-ENTRY,_asn1_yyparse-16838)
220	0.518739	FalseGround	Unlabelled	SPOkGoodGood	Alarm(_G_-ENTRY,_asn1_yyparse-16840)
221	0.518739	FalseGround	Unlabelled	SPOkGoodGood	Alarm(_G_-ENTRY,_asn1_yyparse-16841)
222	0.518739	FalseGround	Unlabelled	SPOkGoodGood	Alarm(_G_-ENTRY,_asn1_yyparse-16843)
223	0.518739	FalseGround	Unlabelled	SPOkGoodGood	Alarm(_G_-ENTRY,_asn1_yyparse-16844)
224	0.518739	FalseGround	Unlabelled	SPOkGoodGood	Alarm(_G_-ENTRY,_asn1_yyparse-16846)
225	0.518739	FalseGround	Unlabelled	SPOkGoodGood	Alarm(_G_-ENTRY,_asn1_yyparse-16848)
226	0.518739	FalseGround	Unlabelled	SPOkGoodGood	Alarm(_G_-ENTRY,_asn1_yyparse-16849)
227	0.518739	FalseGround	Unlabelled	SPOkGoodGood	Alarm(_G_-ENTRY,_asn1_yyparse-16850)
228	0.518739	FalseGround	Unlabelled	SPOkGoodGood	Alarm(_G_-ENTRY,_asn1_yyparse-16852)
229	0.518739	FalseGround	Unlabelled	SPOkGoodGood	Alarm(_G_-ENTRY,_asn1_yyparse-16853)
230	0.518739	FalseGround	Unlabelled	SPOkGoodGood	Alarm(_G_-ENTRY,_asn1_yyparse-16855)
231	0.518739	FalseGround	Unlabelled	SPOkGoodGood	Alarm(_G_-ENTRY,_asn1_yyparse-16859)
232	0.518739	FalseGround	Unlabelled	SPOkGoodGood	Alarm(_G_-ENTRY,_asn1_yyparse-16861)
233	0.518739	FalseGround	Unlabelled	SPOkGoodGood	Alarm(_G_-ENTRY,_asn1_yyparse-16862)
234	0.518739	FalseGround	Unlabelled	SPOkGoodGood	Alarm(_G_-ENTRY,_asn1_yyparse-16866)
235	0.518739	FalseGround	Unlabelled	SPOkGoodGood	Alarm(_G_-ENTRY,_asn1_yyparse-16868)
236	0.518739	FalseGround	Unlabelled	SPOkGoodGood	Alarm(_G_-ENTRY,_asn1_yyparse-16869)
237	0.518739	FalseGround	Unlabelled	SPOkGoodGood	Alarm(_G_-ENTRY,_asn1_yyparse-16871)
238	0.518739	FalseGround	Unlabelled	SPOkGoodGood	Alarm(_G_-ENTRY,_asn1_yyparse-16879)
239	0.518739	FalseGround	Unlabelled	SPOkGoodGood	Alarm(_G_-ENTRY,_asn1_yyparse-16882)
240	0.518739	FalseGround	Unlabelled	SPOkGoodGood	Alarm(_G_-ENTRY,_asn1_yyparse-16887)
241	0.518739	FalseGround	Unlabelled	SPOkGoodGood	Alarm(_G_-ENTRY,_asn1_yyparse-16892)
242	0.518739	FalseGround	Unlabelled	SPOkGoodGood	Alarm(_G_-ENTRY,_asn1_yyparse-16897)
243	0.518739	FalseGround	Unlabelled	SPOkGoodGood	Alarm(_G_-ENTRY,_asn1_yyparse-16899)
244	0.518739	FalseGround	Unlabelled	SPOkGoodGood	Alarm(_G_-ENTRY,_asn1_yyparse-16911)
245	0.518739	FalseGround	Unlabelled	SPOkGoodGood	Alarm(_G_-ENTRY,_asn1_yyparse-16913)
246	0.518739	FalseGround	Unlabelled	SPOkGoodGood	Alarm(_G_-ENTRY,_asn1_yyparse-16945)
247	0.518739	FalseGround	Unlabelled	SPOkGoodGood	Alarm(_G_-ENTRY,_asn1_yyparse-16947)
248	0.518739	FalseGround	Unlabelled	SPOkGoodGood	Alarm(_G_-ENTRY,_asn1_yyparse-16965)
249	0.518739	FalseGround	Unlabelled	SPOkGoodGood	Alarm(_G_-ENTRY,_asn1_yyparse-16983)
250	0.518738	FalseGround	Unlabelled	SPOkGoodGood	Alarm(_G_-ENTRY,_asn1_yyparse-16682)
251	0.518738	FalseGround	Unlabelled	SPOkGoodGood	Alarm(_G_-ENTRY,_asn1_yyparse-16685)
252	0.518738	FalseGround	Unlabelled	SPOkGoodGood	Alarm(_G_-ENTRY,_asn1_yyparse-16785)
253	0.518738	FalseGround	Unlabelled	SPOkGoodGood	Alarm(_G_-ENTRY,_asn1_yyparse-16791)
254	0.518738	FalseGround	Unlabelled	SPOkGoodGood	Alarm(_G_-ENTRY,_asn1_yyparse-16845)
255	0.518738	FalseGround	Unlabelled	SPOkGoodGood	Alarm(_G_-ENTRY,_asn1_yyparse-16857)
256	0.518738	FalseGround	Unlabelled	SPOkGoodGood	Alarm(_G_-ENTRY,_asn1_yyparse-16864)
257	0.518738	FalseGround	Unlabelled	SPOkGoodGood	Alarm(_G_-ENTRY,_asn1_yyparse-16893)
258	0.518738	FalseGround	Unlabelled	SPOkGoodGood	Alarm(_G_-ENTRY,_asn1_yyparse-16894)
259	0.518738	FalseGround	Unlabelled	SPOkGoodGood	Alarm(_G_-ENTRY,_asn1_yyparse-16895)
260	0.515912	FalseGround	Unlabelled	SPOkGoodGood	Alarm(_G_-ENTRY,asn1_get_tag_der-12221)
261	0.478297	FalseGround	Unlabelled	SPOkGoodGood	Alarm(_G_-ENTRY,_asn1_get_octet_string-12723)
262	0.478297	FalseGround	Unlabelled	SPOkGoodGood	Alarm(_G_-ENTRY,_asn1_get_octet_string-12724)
263	0.478297	FalseGround	Unlabelled	SPOkGoodGood	Alarm(_G_-ENTRY,_asn1_get_octet_string-12725)
264	0.478297	FalseGround	Unlabelled	SPOkGoodGood	Alarm(_G_-ENTRY,_asn1_get_octet_string-12726)
265	0.467316	FalseGround	Unlabelled	SPOkGoodGood	Alarm(_G_-ENTRY,_asn1_append_value-10155)
266	0.467316	FalseGround	Unlabelled	SPOkGoodGood	Alarm(_G_-ENTRY,_asn1_append_value-10161)
267	0.467316	FalseGround	Unlabelled	SPOkGoodGood	Alarm(_G_-ENTRY,_asn1_append_value-10162)
268	0.465383	FalseGround	Unlabelled	SPOkGoodGood	Alarm(_G_-ENTRY,asn1_der_decoding2-13517)
269	0.465383	FalseGround	Unlabelled	SPOkGoodGood	Alarm(_G_-ENTRY,asn1_der_decoding2-13518)
270	0.465383	FalseGround	Unlabelled	SPOkGoodGood	Alarm(_G_-ENTRY,asn1_der_decoding2-13519)
271	0.465383	FalseGround	Unlabelled	SPOkGoodGood	Alarm(_G_-ENTRY,asn1_der_decoding2-13520)
272	0.44195	FalseGround	Unlabelled	SPOkGoodGood	Alarm(_G_-ENTRY,yysyntax_error-15475)
273	0.44195	FalseGround	Unlabelled	SPOkGoodGood	Alarm(_G_-ENTRY,yysyntax_error-15480)
274	0.430464	FalseGround	Unlabelled	SPOkGoodGood	Alarm(_G_-ENTRY,_asn1_str_cpy-10738)
275	0.430464	FalseGround	Unlabelled	SPOkGoodGood	Alarm(_G_-ENTRY,_asn1_str_cpy-10739)
276	0.420178	FalseGround	Unlabelled	SPOkGoodGood	Alarm(_G_-ENTRY,_asn1_yyparse-16593)
277	0.420178	FalseGround	Unlabelled	SPOkGoodGood	Alarm(_G_-ENTRY,_asn1_yyparse-16594)
278	0.415783	FalseGround	Unlabelled	SPOkGoodGood	Alarm(_G_-ENTRY,_asn1_ordering_set_of-14963)
279	0.415783	FalseGround	Unlabelled	SPOkGoodGood	Alarm(_G_-ENTRY,_asn1_ordering_set_of-14964)
280	0.415783	FalseGround	Unlabelled	SPOkGoodGood	Alarm(_G_-ENTRY,_asn1_ordering_set_of-15010)
281	0.415783	FalseGround	Unlabelled	SPOkGoodGood	Alarm(_G_-ENTRY,_asn1_ordering_set_of-15011)
282	0.38742	FalseGround	Unlabelled	SPOkGoodGood	Alarm(_G_-ENTRY,asn1_print_structure-9604)
283	0.38742	FalseGround	Unlabelled	SPOkGoodGood	Alarm(_G_-ENTRY,asn1_print_structure-9606)
284	0.367409	FalseGround	Unlabelled	SPOkGoodGood	Alarm(_G_-ENTRY,_asn1_yyparse-16915)
285	0.367409	FalseGround	Unlabelled	SPOkGoodGood	Alarm(_G_-ENTRY,_asn1_yyparse-16916)
286	0.367409	FalseGround	Unlabelled	SPOkGoodGood	Alarm(_G_-ENTRY,_asn1_yyparse-16917)
287	0.367409	FalseGround	Unlabelled	SPOkGoodGood	Alarm(_G_-ENTRY,_asn1_yyparse-16919)
288	0.367409	FalseGround	Unlabelled	SPOkGoodGood	Alarm(_G_-ENTRY,_asn1_yyparse-16953)
289	0.35814	FalseGround	Unlabelled	SPOkGoodGood	Alarm(_G_-ENTRY,main-17720)
290	0.355126	FalseGround	Unlabelled	SPOkGoodGood	Alarm(_G_-ENTRY,asn1_print_structure-9755)
291	0.353033	FalseGround	Unlabelled	SPOkGoodGood	Alarm(_G_-ENTRY,_asn1_tag_der-14509)
292	0.353033	FalseGround	Unlabelled	SPOkGoodGood	Alarm(_G_-ENTRY,yysyntax_error-15483)
293	0.351072	FalseGround	Unlabelled	SPOkGoodGood	Alarm(_G_-ENTRY,_asn1_ordering_set_of-14973)
294	0.351072	FalseGround	Unlabelled	SPOkGoodGood	Alarm(_G_-ENTRY,_asn1_ordering_set_of-14974)
295	0.349811	FalseGround	Unlabelled	SPOkGoodGood	Alarm(_G_-ENTRY,main-17724)
296	0.345516	FalseGround	Unlabelled	SPOkGoodGood	Alarm(_G_-ENTRY,asn1_print_structure-9748)
297	0.345516	FalseGround	Unlabelled	SPOkGoodGood	Alarm(_G_-ENTRY,asn1_print_structure-9768)
298	0.343008	FalseGround	Unlabelled	SPOkGoodGood	Alarm(_G_-ENTRY,main-17704)
299	0.343008	FalseGround	Unlabelled	SPOkGoodGood	Alarm(_G_-ENTRY,main-17713)
300	0.343008	FalseGround	Unlabelled	SPOkGoodGood	Alarm(_G_-ENTRY,main-17716)
301	0.343008	FalseGround	Unlabelled	SPOkGoodGood	Alarm(_G_-ENTRY,main-17717)
302	0.343008	FalseGround	Unlabelled	SPOkGoodGood	Alarm(_G_-ENTRY,main-17721)
303	0.313811	FalseGround	Unlabelled	SPOkGoodGood	Alarm(_G_-ENTRY,asn1_print_structure-9605)
304	0.313811	FalseGround	Unlabelled	SPOkGoodGood	Alarm(_G_-ENTRY,asn1_print_structure-9607)
305	0.313811	FalseGround	Unlabelled	SPOkGoodGood	Alarm(_G_-ENTRY,tolower-8261)
306	0.313811	FalseGround	Unlabelled	SPOkGoodGood	Alarm(_G_-ENTRY,toupper-8270)
307	0.254187	FalseGround	Unlabelled	SPOkGoodGood	Alarm(_G_-ENTRY,safe_memset-9974)
308	0.254187	FalseGround	Unlabelled	SPOkGoodGood	Alarm(_G_-ENTRY,safe_memset-9975)
309	0.220773	FalseGround	Unlabelled	SPOkGoodGood	Alarm(_G_-ENTRY,_asn1_hierarchical_name-10773)
310	0.216172	FalseGround	Unlabelled	SPOkGoodGood	Alarm(_G_-ENTRY,asn1_find_node-10048)
311	0.216172	FalseGround	Unlabelled	SPOkGoodGood	Alarm(_G_-ENTRY,asn1_find_node-10049)
312	0.216172	FalseGround	Unlabelled	SPOkGoodGood	Alarm(_G_-ENTRY,asn1_find_node-10063)
313	0.216172	FalseGround	Unlabelled	SPOkGoodGood	Alarm(_G_-ENTRY,asn1_find_node-10064)
314	0.191398	FalseGround	Unlabelled	SPOkGoodGood	Alarm(_G_-ENTRY,asn1_get_tag_der-12217)
315	0.191398	FalseGround	Unlabelled	SPOkGoodGood	Alarm(_G_-ENTRY,asn1_get_tag_der-12218)
316	0.191398	FalseGround	Unlabelled	SPOkGoodGood	Alarm(_G_-ENTRY,asn1_get_tag_der-12219)
317	0.163682	FalseGround	Unlabelled	SPOkGoodGood	Alarm(_G_-ENTRY,asn1_find_node-10000)
318	0.155032	FalseGround	Unlabelled	SPOkGoodGood	Alarm(_G_-ENTRY,asn1_get_tag_der-12179)
319	0.155032	FalseGround	Unlabelled	SPOkGoodGood	Alarm(_G_-ENTRY,asn1_get_tag_der-12180)
320	0.155032	FalseGround	Unlabelled	SPOkGoodGood	Alarm(_G_-ENTRY,asn1_get_tag_der-12189)
321	0.155032	FalseGround	Unlabelled	SPOkGoodGood	Alarm(_G_-ENTRY,asn1_get_tag_der-12190)
322	0.135085	FalseGround	Unlabelled	SPOkGoodGood	Alarm(_G_-ENTRY,_asn1_tag_der-14514)
323	0.135085	FalseGround	Unlabelled	SPOkGoodGood	Alarm(_G_-ENTRY,yysyntax_error-15496)
324	0.135085	FalseGround	Unlabelled	SPOkGoodGood	Alarm(_G_-ENTRY,yysyntax_error-15516)
325	0.135085	FalseGround	Unlabelled	SPOkGoodGood	Alarm(_G_-ENTRY,yytnamerr-15416)
326	0.135085	FalseGround	Unlabelled	SPOkGoodGood	Alarm(_G_-ENTRY,yytnamerr-15418)
327	0.109419	FalseGround	Unlabelled	SPOkGoodGood	Alarm(_G_-ENTRY,yysyntax_error-15469)
328	0.109419	FalseGround	Unlabelled	SPOkGoodGood	Alarm(_G_-ENTRY,yysyntax_error-15470)
329	0.109419	FalseGround	Unlabelled	SPOkGoodGood	Alarm(_G_-ENTRY,yytnamerr-15396)
330	0.109419	FalseGround	Unlabelled	SPOkGoodGood	Alarm(_G_-ENTRY,yytnamerr-15397)
331	0.103974	FalseGround	Unlabelled	SPOkGoodGood	Alarm(_G_-ENTRY,_asn1_get_time_der-12275)
332	0.103974	FalseGround	Unlabelled	SPOkGoodGood	Alarm(_G_-ENTRY,_asn1_get_time_der-12276)
333	0.103974	FalseGround	Unlabelled	SPOkGoodGood	Alarm(_G_-ENTRY,yytnamerr-15398)
334	0.103974	FalseGround	Unlabelled	SPOkGoodGood	Alarm(_G_-ENTRY,yytnamerr-15399)
335	0.038152	FalseGround	Unlabelled	SPOkGoodGood	Alarm(_G_-ENTRY,yytnamerr-15400)
336	0.038152	FalseGround	Unlabelled	SPOkGoodGood	Alarm(_G_-ENTRY,yytnamerr-15401)
337	0.038152	FalseGround	Unlabelled	SPOkGoodGood	Alarm(_G_-ENTRY,yytnamerr-15402)
338	0.038152	FalseGround	Unlabelled	SPOkGoodGood	Alarm(_G_-ENTRY,yytnamerr-15403)
339	0.0312744	FalseGround	Unlabelled	SPOkGoodGood	Alarm(_G_-ENTRY,yytnamerr-15404)
340	0.0312744	FalseGround	Unlabelled	SPOkGoodGood	Alarm(_G_-ENTRY,yytnamerr-15405)
341	0.0278128	FalseGround	Unlabelled	SPOkGoodGood	Alarm(_G_-ENTRY,_asn1_get_time_der-12279)
342	0.0278128	FalseGround	Unlabelled	SPOkGoodGood	Alarm(_G_-ENTRY,_asn1_get_time_der-12280)
343	0.0278128	FalseGround	Unlabelled	SPOkGoodGood	Alarm(_G_-ENTRY,_asn1_get_time_der-12285)
344	0.0278128	FalseGround	Unlabelled	SPOkGoodGood	Alarm(_G_-ENTRY,_asn1_get_time_der-12286)
345	0.0278128	FalseGround	Unlabelled	SPOkGoodGood	Alarm(_G_-ENTRY,_asn1_get_time_der-12287)
346	0.0278128	FalseGround	Unlabelled	SPOkGoodGood	Alarm(_G_-ENTRY,_asn1_get_time_der-12288)
347	0.00713349	FalseGround	Unlabelled	SPOkGoodGood	Alarm(_G_-ENTRY,asn1_find_node-9999)
348	0.00246503	FalseGround	Unlabelled	SPOkGoodGood	Alarm(_G_-ENTRY,_asn1_hierarchical_name-10770)
349	0.00246503	FalseGround	Unlabelled	SPOkGoodGood	Alarm(_G_-ENTRY,_asn1_hierarchical_name-10771)
350	0.000435534	FalseGround	Unlabelled	SPOkGoodGood	Alarm(_G_-ENTRY,set_program_name-8216)
351	0.000435534	FalseGround	Unlabelled	SPOkGoodGood	Alarm(_G_-ENTRY,set_program_name-8218)
352	0.0	FalseGround	NegLabel	SPOkGoodGood	Alarm(_G_-ENTRY,_asn1_insert_tag_der-14801)
353	0.0	FalseGround	NegLabel	SPOkGoodGood	Alarm(_G_-ENTRY,_asn1_ltostr-10266)
354	0.0	FalseGround	NegLabel	SPOkGoodGood	Alarm(_G_-ENTRY,_asn1_ordering_set_of-15026)
355	0.0	FalseGround	NegLabel	SPOkGoodGood	Alarm(_G_-ENTRY,_asn1_set_value-10110)
356	0.0	FalseGround	NegLabel	SPOkGoodGood	Alarm(_G_-ENTRY,_asn1_yyparse-16651)
357	0.0	FalseGround	NegLabel	SPOkGoodGood	Alarm(_G_-ENTRY,asn1_get_length_der-12155)
