Rank	Confidence	Ground	Label	Comments	Tuple
1	1.0	TrueGround	PosLabel	SPOkGoodGood	Alarm(_G_-ENTRY,_asn1_ltostr-10264)
2	0.809885	FalseGround	Unlabelled	SPOkGoodGood	Alarm(_G_-ENTRY,asn1_get_length_der-12109)
3	0.809885	FalseGround	Unlabelled	SPOkGoodGood	Alarm(_G_-ENTRY,asn1_get_length_der-12144)
4	0.809885	FalseGround	Unlabelled	SPOkGoodGood	Alarm(_G_-ENTRY,asn1_get_length_der-12145)
5	0.807586	FalseGround	Unlabelled	SPOkGoodGood	Alarm(_G_-ENTRY,asn1_get_tag_der-12175)
6	0.807586	FalseGround	Unlabelled	SPOkGoodGood	Alarm(_G_-ENTRY,asn1_get_tag_der-12176)
7	0.807586	FalseGround	Unlabelled	SPOkGoodGood	Alarm(_G_-ENTRY,asn1_get_tag_der-12209)
8	0.807586	FalseGround	Unlabelled	SPOkGoodGood	Alarm(_G_-ENTRY,asn1_get_tag_der-12211)
9	0.802867	FalseGround	Unlabelled	SPOkGoodGood	Alarm(_G_-ENTRY,_asn1_insert_tag_der-14824)
10	0.80014	TrueGround	Unlabelled	SPOkGoodGood	Alarm(_G_-ENTRY,_asn1_ltostr-10260)
11	0.799748	FalseGround	Unlabelled	SPOkGoodGood	Alarm(_G_-ENTRY,_asn1_ordering_set_of-15033)
12	0.79878	FalseGround	Unlabelled	SPOkGoodGood	Alarm(_G_-ENTRY,_asn1_get_objectid_der-12365)
13	0.788617	FalseGround	Unlabelled	SPOkGoodGood	Alarm(_G_-ENTRY,_asn1_ordering_set_of-14967)
14	0.78727	FalseGround	Unlabelled	SPOkGoodGood	Alarm(_G_-ENTRY,_asn1_check_identifier-10613)
15	0.78727	FalseGround	Unlabelled	SPOkGoodGood	Alarm(_G_-ENTRY,_asn1_check_identifier-10621)
16	0.78727	FalseGround	Unlabelled	SPOkGoodGood	Alarm(_G_-ENTRY,_asn1_check_identifier-10633)
17	0.779649	FalseGround	Unlabelled	SPOkGoodGood	Alarm(_G_-ENTRY,_asn1_get_objectid_der-12329)
18	0.779649	FalseGround	Unlabelled	SPOkGoodGood	Alarm(_G_-ENTRY,_asn1_get_objectid_der-12330)
19	0.779649	FalseGround	Unlabelled	SPOkGoodGood	Alarm(_G_-ENTRY,_asn1_get_objectid_der-12335)
20	0.779649	FalseGround	Unlabelled	SPOkGoodGood	Alarm(_G_-ENTRY,_asn1_get_objectid_der-12336)
21	0.76945	FalseGround	Unlabelled	SPOkGoodGood	Alarm(_G_-ENTRY,asn1_print_structure-9741)
22	0.76945	FalseGround	Unlabelled	SPOkGoodGood	Alarm(_G_-ENTRY,asn1_print_structure-9757)
23	0.76945	FalseGround	Unlabelled	SPOkGoodGood	Alarm(_G_-ENTRY,asn1_print_structure-9775)
24	0.76945	FalseGround	Unlabelled	SPOkGoodGood	Alarm(_G_-ENTRY,asn1_print_structure-9783)
25	0.768259	FalseGround	Unlabelled	SPOkGoodGood	Alarm(_G_-ENTRY,_asn1_ordering_set_of-14968)
26	0.761586	FalseGround	Unlabelled	SPOkGoodGood	Alarm(_G_-ENTRY,_asn1_yyparse-16693)
27	0.761586	FalseGround	Unlabelled	SPOkGoodGood	Alarm(_G_-ENTRY,_asn1_yyparse-16694)
28	0.761586	FalseGround	Unlabelled	SPOkGoodGood	Alarm(_G_-ENTRY,_asn1_yyparse-16695)
29	0.761586	FalseGround	Unlabelled	SPOkGoodGood	Alarm(_G_-ENTRY,_asn1_yyparse-16696)
30	0.761586	FalseGround	Unlabelled	SPOkGoodGood	Alarm(_G_-ENTRY,_asn1_yyparse-16697)
31	0.761586	FalseGround	Unlabelled	SPOkGoodGood	Alarm(_G_-ENTRY,_asn1_yyparse-16698)
32	0.761586	FalseGround	Unlabelled	SPOkGoodGood	Alarm(_G_-ENTRY,_asn1_yyparse-16699)
33	0.761586	FalseGround	Unlabelled	SPOkGoodGood	Alarm(_G_-ENTRY,_asn1_yyparse-16700)
34	0.761586	FalseGround	Unlabelled	SPOkGoodGood	Alarm(_G_-ENTRY,_asn1_yyparse-16701)
35	0.761586	FalseGround	Unlabelled	SPOkGoodGood	Alarm(_G_-ENTRY,_asn1_yyparse-16702)
36	0.761586	FalseGround	Unlabelled	SPOkGoodGood	Alarm(_G_-ENTRY,_asn1_yyparse-16703)
37	0.761586	FalseGround	Unlabelled	SPOkGoodGood	Alarm(_G_-ENTRY,_asn1_yyparse-16704)
38	0.761586	FalseGround	Unlabelled	SPOkGoodGood	Alarm(_G_-ENTRY,_asn1_yyparse-16706)
39	0.761586	FalseGround	Unlabelled	SPOkGoodGood	Alarm(_G_-ENTRY,_asn1_yyparse-16707)
40	0.761586	FalseGround	Unlabelled	SPOkGoodGood	Alarm(_G_-ENTRY,_asn1_yyparse-16709)
41	0.761586	FalseGround	Unlabelled	SPOkGoodGood	Alarm(_G_-ENTRY,_asn1_yyparse-16710)
42	0.761586	FalseGround	Unlabelled	SPOkGoodGood	Alarm(_G_-ENTRY,_asn1_yyparse-16711)
43	0.761586	FalseGround	Unlabelled	SPOkGoodGood	Alarm(_G_-ENTRY,_asn1_yyparse-16717)
44	0.761586	FalseGround	Unlabelled	SPOkGoodGood	Alarm(_G_-ENTRY,_asn1_yyparse-16718)
45	0.761586	FalseGround	Unlabelled	SPOkGoodGood	Alarm(_G_-ENTRY,_asn1_yyparse-16720)
46	0.761586	FalseGround	Unlabelled	SPOkGoodGood	Alarm(_G_-ENTRY,_asn1_yyparse-16721)
47	0.761586	FalseGround	Unlabelled	SPOkGoodGood	Alarm(_G_-ENTRY,_asn1_yyparse-16722)
48	0.761586	FalseGround	Unlabelled	SPOkGoodGood	Alarm(_G_-ENTRY,_asn1_yyparse-16731)
49	0.761586	FalseGround	Unlabelled	SPOkGoodGood	Alarm(_G_-ENTRY,_asn1_yyparse-16732)
50	0.761586	FalseGround	Unlabelled	SPOkGoodGood	Alarm(_G_-ENTRY,_asn1_yyparse-16734)
51	0.761586	FalseGround	Unlabelled	SPOkGoodGood	Alarm(_G_-ENTRY,_asn1_yyparse-16735)
52	0.761586	FalseGround	Unlabelled	SPOkGoodGood	Alarm(_G_-ENTRY,_asn1_yyparse-16740)
53	0.761586	FalseGround	Unlabelled	SPOkGoodGood	Alarm(_G_-ENTRY,_asn1_yyparse-16741)
54	0.761586	FalseGround	Unlabelled	SPOkGoodGood	Alarm(_G_-ENTRY,_asn1_yyparse-16751)
55	0.761586	FalseGround	Unlabelled	SPOkGoodGood	Alarm(_G_-ENTRY,_asn1_yyparse-16753)
56	0.761586	FalseGround	Unlabelled	SPOkGoodGood	Alarm(_G_-ENTRY,_asn1_yyparse-16755)
57	0.761586	FalseGround	Unlabelled	SPOkGoodGood	Alarm(_G_-ENTRY,_asn1_yyparse-16760)
58	0.761586	FalseGround	Unlabelled	SPOkGoodGood	Alarm(_G_-ENTRY,_asn1_yyparse-16761)
59	0.761586	FalseGround	Unlabelled	SPOkGoodGood	Alarm(_G_-ENTRY,_asn1_yyparse-16763)
60	0.761586	FalseGround	Unlabelled	SPOkGoodGood	Alarm(_G_-ENTRY,_asn1_yyparse-16764)
61	0.761586	FalseGround	Unlabelled	SPOkGoodGood	Alarm(_G_-ENTRY,_asn1_yyparse-16765)
62	0.761586	FalseGround	Unlabelled	SPOkGoodGood	Alarm(_G_-ENTRY,_asn1_yyparse-16799)
63	0.761586	FalseGround	Unlabelled	SPOkGoodGood	Alarm(_G_-ENTRY,_asn1_yyparse-16800)
64	0.761586	FalseGround	Unlabelled	SPOkGoodGood	Alarm(_G_-ENTRY,_asn1_yyparse-16801)
65	0.761586	FalseGround	Unlabelled	SPOkGoodGood	Alarm(_G_-ENTRY,_asn1_yyparse-16814)
66	0.761586	FalseGround	Unlabelled	SPOkGoodGood	Alarm(_G_-ENTRY,_asn1_yyparse-16815)
67	0.761586	FalseGround	Unlabelled	SPOkGoodGood	Alarm(_G_-ENTRY,_asn1_yyparse-16817)
68	0.761586	FalseGround	Unlabelled	SPOkGoodGood	Alarm(_G_-ENTRY,_asn1_yyparse-16818)
69	0.761586	FalseGround	Unlabelled	SPOkGoodGood	Alarm(_G_-ENTRY,_asn1_yyparse-16851)
70	0.761586	FalseGround	Unlabelled	SPOkGoodGood	Alarm(_G_-ENTRY,_asn1_yyparse-16877)
71	0.761586	FalseGround	Unlabelled	SPOkGoodGood	Alarm(_G_-ENTRY,_asn1_yyparse-16878)
72	0.761586	FalseGround	Unlabelled	SPOkGoodGood	Alarm(_G_-ENTRY,_asn1_yyparse-16881)
73	0.761586	FalseGround	Unlabelled	SPOkGoodGood	Alarm(_G_-ENTRY,_asn1_yyparse-16884)
74	0.761586	FalseGround	Unlabelled	SPOkGoodGood	Alarm(_G_-ENTRY,_asn1_yyparse-16885)
75	0.761586	FalseGround	Unlabelled	SPOkGoodGood	Alarm(_G_-ENTRY,_asn1_yyparse-16886)
76	0.761586	FalseGround	Unlabelled	SPOkGoodGood	Alarm(_G_-ENTRY,_asn1_yyparse-16889)
77	0.761586	FalseGround	Unlabelled	SPOkGoodGood	Alarm(_G_-ENTRY,_asn1_yyparse-16890)
78	0.761586	FalseGround	Unlabelled	SPOkGoodGood	Alarm(_G_-ENTRY,_asn1_yyparse-16891)
79	0.761586	FalseGround	Unlabelled	SPOkGoodGood	Alarm(_G_-ENTRY,_asn1_yyparse-16900)
80	0.761586	FalseGround	Unlabelled	SPOkGoodGood	Alarm(_G_-ENTRY,_asn1_yyparse-16902)
81	0.761586	FalseGround	Unlabelled	SPOkGoodGood	Alarm(_G_-ENTRY,_asn1_yyparse-16904)
82	0.761316	FalseGround	Unlabelled	SPOkGoodGood	Alarm(_G_-ENTRY,asn1_length_der-14492)
83	0.756055	FalseGround	Unlabelled	SPOkGoodGood	Alarm(_G_-ENTRY,asn1_der_decoding2-13513)
84	0.756055	FalseGround	Unlabelled	SPOkGoodGood	Alarm(_G_-ENTRY,asn1_der_decoding2-13514)
85	0.756055	FalseGround	Unlabelled	SPOkGoodGood	Alarm(_G_-ENTRY,asn1_der_decoding2-13551)
86	0.756055	FalseGround	Unlabelled	SPOkGoodGood	Alarm(_G_-ENTRY,asn1_der_decoding2-13552)
87	0.756055	FalseGround	Unlabelled	SPOkGoodGood	Alarm(_G_-ENTRY,asn1_der_decoding2-13553)
88	0.756055	FalseGround	Unlabelled	SPOkGoodGood	Alarm(_G_-ENTRY,asn1_der_decoding2-13554)
89	0.756055	FalseGround	Unlabelled	SPOkGoodGood	Alarm(_G_-ENTRY,asn1_der_decoding2-13581)
90	0.756055	FalseGround	Unlabelled	SPOkGoodGood	Alarm(_G_-ENTRY,asn1_der_decoding2-13582)
91	0.756055	FalseGround	Unlabelled	SPOkGoodGood	Alarm(_G_-ENTRY,asn1_der_decoding2-13583)
92	0.756055	FalseGround	Unlabelled	SPOkGoodGood	Alarm(_G_-ENTRY,asn1_der_decoding2-13584)
93	0.756055	FalseGround	Unlabelled	SPOkGoodGood	Alarm(_G_-ENTRY,asn1_der_decoding2-13615)
94	0.756055	FalseGround	Unlabelled	SPOkGoodGood	Alarm(_G_-ENTRY,asn1_der_decoding2-13616)
95	0.756055	FalseGround	Unlabelled	SPOkGoodGood	Alarm(_G_-ENTRY,hash_pjw_bare-8242)
96	0.741379	FalseGround	Unlabelled	SPOkGoodGood	Alarm(_G_-ENTRY,_asn1_ordering_set_of-15028)
97	0.73583	FalseGround	Unlabelled	SPOkGoodGood	Alarm(_G_-ENTRY,_asn1_check_identifier-10590)
98	0.73583	FalseGround	Unlabelled	SPOkGoodGood	Alarm(_G_-ENTRY,_asn1_check_identifier-10591)
99	0.729	FalseGround	Unlabelled	SPOkGoodGood	Alarm(_G_-ENTRY,asn1_strerror-10761)
100	0.722206	FalseGround	Unlabelled	SPOkGoodGood	Alarm(_G_-ENTRY,yysyntax_error-15515)
101	0.720576	FalseGround	Unlabelled	SPOkGoodGood	Alarm(_G_-ENTRY,_asn1_str_cat-10723)
102	0.680602	FalseGround	Unlabelled	SPOkGoodGood	Alarm(_G_-ENTRY,asn1_octet_der-14521)
103	0.68045	FalseGround	Unlabelled	SPOkGoodGood	Alarm(_G_-ENTRY,asn1_der_decoding2-13641)
104	0.68045	FalseGround	Unlabelled	SPOkGoodGood	Alarm(_G_-ENTRY,asn1_der_decoding2-13642)
105	0.68045	FalseGround	Unlabelled	SPOkGoodGood	Alarm(_G_-ENTRY,asn1_der_decoding2-13643)
106	0.68045	FalseGround	Unlabelled	SPOkGoodGood	Alarm(_G_-ENTRY,asn1_der_decoding2-13644)
107	0.6561	FalseGround	Unlabelled	SPOkGoodGood	Alarm(_G_-ENTRY,_asn1_convert_integer-10810)
108	0.6561	FalseGround	Unlabelled	SPOkGoodGood	Alarm(_G_-ENTRY,_asn1_convert_integer-10811)
109	0.6561	FalseGround	Unlabelled	SPOkGoodGood	Alarm(_G_-ENTRY,_asn1_convert_integer-10814)
110	0.6561	FalseGround	Unlabelled	SPOkGoodGood	Alarm(_G_-ENTRY,_asn1_convert_integer-10815)
111	0.6561	FalseGround	Unlabelled	SPOkGoodGood	Alarm(_G_-ENTRY,_asn1_convert_integer-10834)
112	0.6561	FalseGround	Unlabelled	SPOkGoodGood	Alarm(_G_-ENTRY,fread_file-8143)
113	0.636072	FalseGround	Unlabelled	SPOkGoodGood	Alarm(_G_-ENTRY,_asn1_get_time_der-12293)
114	0.634493	FalseGround	Unlabelled	SPOkGoodGood	Alarm(_G_-ENTRY,yysyntax_error-15471)
115	0.634493	FalseGround	Unlabelled	SPOkGoodGood	Alarm(_G_-ENTRY,yysyntax_error-15472)
116	0.612405	FalseGround	Unlabelled	SPOkGoodGood	Alarm(_G_-ENTRY,_asn1_get_octet_string-12705)
117	0.612405	FalseGround	Unlabelled	SPOkGoodGood	Alarm(_G_-ENTRY,_asn1_get_octet_string-12706)
118	0.59049	FalseGround	Unlabelled	SPOkGoodGood	Alarm(_G_-ENTRY,_asn1_get_indefinite_length_string-12794)
119	0.59049	FalseGround	Unlabelled	SPOkGoodGood	Alarm(_G_-ENTRY,_asn1_get_indefinite_length_string-12795)
120	0.59049	FalseGround	Unlabelled	SPOkGoodGood	Alarm(_G_-ENTRY,_asn1_get_indefinite_length_string-12796)
121	0.59049	FalseGround	Unlabelled	SPOkGoodGood	Alarm(_G_-ENTRY,_asn1_get_indefinite_length_string-12797)
122	0.59049	FalseGround	Unlabelled	SPOkGoodGood	Alarm(_G_-ENTRY,_asn1_get_octet_string-12733)
123	0.59049	FalseGround	Unlabelled	SPOkGoodGood	Alarm(_G_-ENTRY,_asn1_get_octet_string-12734)
124	0.59049	FalseGround	Unlabelled	SPOkGoodGood	Alarm(_G_-ENTRY,asn1_print_structure-9761)
125	0.59049	FalseGround	Unlabelled	SPOkGoodGood	Alarm(_G_-ENTRY,asn1_strerror-10757)
126	0.59049	FalseGround	Unlabelled	SPOkGoodGood	Alarm(_G_-ENTRY,asn1_strerror-10758)
127	0.590486	FalseGround	Unlabelled	SPOkGoodGood	Alarm(_G_-ENTRY,_asn1_expand_object_id-10329)
128	0.590486	FalseGround	Unlabelled	SPOkGoodGood	Alarm(_G_-ENTRY,_asn1_expand_object_id-10330)
129	0.590486	FalseGround	Unlabelled	SPOkGoodGood	Alarm(_G_-ENTRY,_asn1_str_cpy-10736)
130	0.590406	FalseGround	Unlabelled	SPOkGoodGood	Alarm(_G_-ENTRY,asn1_get_length_der-12124)
131	0.590406	FalseGround	Unlabelled	SPOkGoodGood	Alarm(_G_-ENTRY,asn1_get_length_der-12125)
132	0.590406	FalseGround	Unlabelled	SPOkGoodGood	Alarm(_G_-ENTRY,asn1_get_length_der-12151)
133	0.590406	FalseGround	Unlabelled	SPOkGoodGood	Alarm(_G_-ENTRY,asn1_get_length_der-12152)
134	0.590406	FalseGround	Unlabelled	SPOkGoodGood	Alarm(_G_-ENTRY,asn1_get_length_der-12153)
135	0.58873	FalseGround	Unlabelled	SPOkGoodGood	Alarm(_G_-ENTRY,asn1_get_tag_der-12203)
136	0.58873	FalseGround	Unlabelled	SPOkGoodGood	Alarm(_G_-ENTRY,asn1_get_tag_der-12204)
137	0.58873	FalseGround	Unlabelled	SPOkGoodGood	Alarm(_G_-ENTRY,asn1_get_tag_der-12226)
138	0.58873	FalseGround	Unlabelled	SPOkGoodGood	Alarm(_G_-ENTRY,asn1_get_tag_der-12227)
139	0.58873	FalseGround	Unlabelled	SPOkGoodGood	Alarm(_G_-ENTRY,asn1_get_tag_der-12228)
140	0.58873	FalseGround	Unlabelled	SPOkGoodGood	Alarm(_G_-ENTRY,asn1_get_tag_der-12230)
141	0.584183	FalseGround	Unlabelled	SPOkGoodGood	Alarm(_G_-ENTRY,_asn1_get_time_der-12294)
142	0.576931	FalseGround	Unlabelled	SPOkGoodGood	Alarm(_G_-ENTRY,_asn1_get_objectid_der-12351)
143	0.576931	FalseGround	Unlabelled	SPOkGoodGood	Alarm(_G_-ENTRY,_asn1_get_objectid_der-12352)
144	0.576931	FalseGround	Unlabelled	SPOkGoodGood	Alarm(_G_-ENTRY,_asn1_get_time_der-12305)
145	0.570347	FalseGround	Unlabelled	SPOkGoodGood	Alarm(_G_-ENTRY,_asn1_ordering_set_of-14969)
146	0.570347	FalseGround	Unlabelled	SPOkGoodGood	Alarm(_G_-ENTRY,_asn1_ordering_set_of-14970)
147	0.570347	FalseGround	Unlabelled	SPOkGoodGood	Alarm(_G_-ENTRY,_asn1_ordering_set_of-15020)
148	0.570347	FalseGround	Unlabelled	SPOkGoodGood	Alarm(_G_-ENTRY,_asn1_ordering_set_of-15021)
149	0.570347	FalseGround	Unlabelled	SPOkGoodGood	Alarm(_G_-ENTRY,_asn1_ordering_set_of-15022)
150	0.570347	FalseGround	Unlabelled	SPOkGoodGood	Alarm(_G_-ENTRY,_asn1_ordering_set_of-15024)
151	0.570347	FalseGround	Unlabelled	SPOkGoodGood	Alarm(_G_-ENTRY,_asn1_ordering_set_of-15025)
152	0.570347	FalseGround	Unlabelled	SPOkGoodGood	Alarm(_G_-ENTRY,_asn1_ordering_set_of-15027)
153	0.570347	FalseGround	Unlabelled	SPOkGoodGood	Alarm(_G_-ENTRY,_asn1_ordering_set_of-15037)
154	0.552196	FalseGround	Unlabelled	SPOkGoodGood	Alarm(_G_-ENTRY,asn1_length_der-14486)
155	0.551164	FalseGround	Unlabelled	SPOkGoodGood	Alarm(_G_-ENTRY,asn1_der_decoding2-13399)
156	0.551164	FalseGround	Unlabelled	SPOkGoodGood	Alarm(_G_-ENTRY,asn1_der_decoding2-13400)
157	0.551164	FalseGround	Unlabelled	SPOkGoodGood	Alarm(_G_-ENTRY,asn1_der_decoding2-13401)
158	0.551164	FalseGround	Unlabelled	SPOkGoodGood	Alarm(_G_-ENTRY,asn1_der_decoding2-13402)
159	0.531441	FalseGround	Unlabelled	SPOkGoodGood	Alarm(_G_-ENTRY,asn1_strerror-10755)
160	0.531441	FalseGround	Unlabelled	SPOkGoodGood	Alarm(_G_-ENTRY,asn1_strerror-10756)
161	0.525416	FalseGround	Unlabelled	SPOkGoodGood	Alarm(_G_-ENTRY,yysyntax_error-15519)
162	0.5253	FalseGround	Unlabelled	SPOkGoodGood	Alarm(_G_-ENTRY,_asn1_str_cat-10725)
163	0.520459	FalseGround	Unlabelled	SPOkGoodGood	Alarm(_G_-ENTRY,_asn1_yyparse-16714)
164	0.520459	FalseGround	Unlabelled	SPOkGoodGood	Alarm(_G_-ENTRY,_asn1_yyparse-16725)
165	0.520459	FalseGround	Unlabelled	SPOkGoodGood	Alarm(_G_-ENTRY,_asn1_yyparse-16804)
166	0.520459	FalseGround	Unlabelled	SPOkGoodGood	Alarm(_G_-ENTRY,_asn1_yyparse-16854)
167	0.520459	FalseGround	Unlabelled	SPOkGoodGood	Alarm(_G_-ENTRY,_asn1_yyparse-16896)
168	0.519238	FalseGround	Unlabelled	SPOkGoodGood	Alarm(_G_-ENTRY,_asn1_get_time_der-12306)
169	0.518739	FalseGround	Unlabelled	SPOkGoodGood	Alarm(_G_-ENTRY,_asn1_yyparse-16682)
170	0.518739	FalseGround	Unlabelled	SPOkGoodGood	Alarm(_G_-ENTRY,_asn1_yyparse-16685)
171	0.518739	FalseGround	Unlabelled	SPOkGoodGood	Alarm(_G_-ENTRY,_asn1_yyparse-16686)
172	0.518739	FalseGround	Unlabelled	SPOkGoodGood	Alarm(_G_-ENTRY,_asn1_yyparse-16687)
173	0.518739	FalseGround	Unlabelled	SPOkGoodGood	Alarm(_G_-ENTRY,_asn1_yyparse-16690)
174	0.518739	FalseGround	Unlabelled	SPOkGoodGood	Alarm(_G_-ENTRY,_asn1_yyparse-16691)
175	0.518739	FalseGround	Unlabelled	SPOkGoodGood	Alarm(_G_-ENTRY,_asn1_yyparse-16712)
176	0.518739	FalseGround	Unlabelled	SPOkGoodGood	Alarm(_G_-ENTRY,_asn1_yyparse-16713)
177	0.518739	FalseGround	Unlabelled	SPOkGoodGood	Alarm(_G_-ENTRY,_asn1_yyparse-16715)
178	0.518739	FalseGround	Unlabelled	SPOkGoodGood	Alarm(_G_-ENTRY,_asn1_yyparse-16723)
179	0.518739	FalseGround	Unlabelled	SPOkGoodGood	Alarm(_G_-ENTRY,_asn1_yyparse-16724)
180	0.518739	FalseGround	Unlabelled	SPOkGoodGood	Alarm(_G_-ENTRY,_asn1_yyparse-16726)
181	0.518739	FalseGround	Unlabelled	SPOkGoodGood	Alarm(_G_-ENTRY,_asn1_yyparse-16737)
182	0.518739	FalseGround	Unlabelled	SPOkGoodGood	Alarm(_G_-ENTRY,_asn1_yyparse-16738)
183	0.518739	FalseGround	Unlabelled	SPOkGoodGood	Alarm(_G_-ENTRY,_asn1_yyparse-16746)
184	0.518739	FalseGround	Unlabelled	SPOkGoodGood	Alarm(_G_-ENTRY,_asn1_yyparse-16766)
185	0.518739	FalseGround	Unlabelled	SPOkGoodGood	Alarm(_G_-ENTRY,_asn1_yyparse-16767)
186	0.518739	FalseGround	Unlabelled	SPOkGoodGood	Alarm(_G_-ENTRY,_asn1_yyparse-16770)
187	0.518739	FalseGround	Unlabelled	SPOkGoodGood	Alarm(_G_-ENTRY,_asn1_yyparse-16773)
188	0.518739	FalseGround	Unlabelled	SPOkGoodGood	Alarm(_G_-ENTRY,_asn1_yyparse-16776)
189	0.518739	FalseGround	Unlabelled	SPOkGoodGood	Alarm(_G_-ENTRY,_asn1_yyparse-16779)
190	0.518739	FalseGround	Unlabelled	SPOkGoodGood	Alarm(_G_-ENTRY,_asn1_yyparse-16782)
191	0.518739	FalseGround	Unlabelled	SPOkGoodGood	Alarm(_G_-ENTRY,_asn1_yyparse-16785)
192	0.518739	FalseGround	Unlabelled	SPOkGoodGood	Alarm(_G_-ENTRY,_asn1_yyparse-16788)
193	0.518739	FalseGround	Unlabelled	SPOkGoodGood	Alarm(_G_-ENTRY,_asn1_yyparse-16791)
194	0.518739	FalseGround	Unlabelled	SPOkGoodGood	Alarm(_G_-ENTRY,_asn1_yyparse-16794)
195	0.518739	FalseGround	Unlabelled	SPOkGoodGood	Alarm(_G_-ENTRY,_asn1_yyparse-16797)
196	0.518739	FalseGround	Unlabelled	SPOkGoodGood	Alarm(_G_-ENTRY,_asn1_yyparse-16802)
197	0.518739	FalseGround	Unlabelled	SPOkGoodGood	Alarm(_G_-ENTRY,_asn1_yyparse-16803)
198	0.518739	FalseGround	Unlabelled	SPOkGoodGood	Alarm(_G_-ENTRY,_asn1_yyparse-16805)
199	0.518739	FalseGround	Unlabelled	SPOkGoodGood	Alarm(_G_-ENTRY,_asn1_yyparse-16809)
200	0.518739	FalseGround	Unlabelled	SPOkGoodGood	Alarm(_G_-ENTRY,_asn1_yyparse-16811)
201	0.518739	FalseGround	Unlabelled	SPOkGoodGood	Alarm(_G_-ENTRY,_asn1_yyparse-16819)
202	0.518739	FalseGround	Unlabelled	SPOkGoodGood	Alarm(_G_-ENTRY,_asn1_yyparse-16820)
203	0.518739	FalseGround	Unlabelled	SPOkGoodGood	Alarm(_G_-ENTRY,_asn1_yyparse-16821)
204	0.518739	FalseGround	Unlabelled	SPOkGoodGood	Alarm(_G_-ENTRY,_asn1_yyparse-16822)
205	0.518739	FalseGround	Unlabelled	SPOkGoodGood	Alarm(_G_-ENTRY,_asn1_yyparse-16823)
206	0.518739	FalseGround	Unlabelled	SPOkGoodGood	Alarm(_G_-ENTRY,_asn1_yyparse-16824)
207	0.518739	FalseGround	Unlabelled	SPOkGoodGood	Alarm(_G_-ENTRY,_asn1_yyparse-16825)
208	0.518739	FalseGround	Unlabelled	SPOkGoodGood	Alarm(_G_-ENTRY,_asn1_yyparse-16826)
209	0.518739	FalseGround	Unlabelled	SPOkGoodGood	Alarm(_G_-ENTRY,_asn1_yyparse-16828)
210	0.518739	FalseGround	Unlabelled	SPOkGoodGood	Alarm(_G_-ENTRY,_asn1_yyparse-16829)
211	0.518739	FalseGround	Unlabelled	SPOkGoodGood	Alarm(_G_-ENTRY,_asn1_yyparse-16830)
212	0.518739	FalseGround	Unlabelled	SPOkGoodGood	Alarm(_G_-ENTRY,_asn1_yyparse-16831)
213	0.518739	FalseGround	Unlabelled	SPOkGoodGood	Alarm(_G_-ENTRY,_asn1_yyparse-16832)
214	0.518739	FalseGround	Unlabelled	SPOkGoodGood	Alarm(_G_-ENTRY,_asn1_yyparse-16833)
215	0.518739	FalseGround	Unlabelled	SPOkGoodGood	Alarm(_G_-ENTRY,_asn1_yyparse-16834)
216	0.518739	FalseGround	Unlabelled	SPOkGoodGood	Alarm(_G_-ENTRY,_asn1_yyparse-16835)
217	0.518739	FalseGround	Unlabelled	SPOkGoodGood	Alarm(_G_-ENTRY,_asn1_yyparse-16836)
218	0.518739	FalseGround	Unlabelled	SPOkGoodGood	Alarm(_G_-ENTRY,_asn1_yyparse-16837)
219	0.518739	FalseGround	Unlabelled	SPOkGoodGood	Alarm(_G_-ENTRY,_asn1_yyparse-16838)
220	0.518739	FalseGround	Unlabelled	SPOkGoodGood	Alarm(_G_-ENTRY,_asn1_yyparse-16840)
221	0.518739	FalseGround	Unlabelled	SPOkGoodGood	Alarm(_G_-ENTRY,_asn1_yyparse-16841)
222	0.518739	FalseGround	Unlabelled	SPOkGoodGood	Alarm(_G_-ENTRY,_asn1_yyparse-16843)
223	0.518739	FalseGround	Unlabelled	SPOkGoodGood	Alarm(_G_-ENTRY,_asn1_yyparse-16844)
224	0.518739	FalseGround	Unlabelled	SPOkGoodGood	Alarm(_G_-ENTRY,_asn1_yyparse-16845)
225	0.518739	FalseGround	Unlabelled	SPOkGoodGood	Alarm(_G_-ENTRY,_asn1_yyparse-16846)
226	0.518739	FalseGround	Unlabelled	SPOkGoodGood	Alarm(_G_-ENTRY,_asn1_yyparse-16848)
227	0.518739	FalseGround	Unlabelled	SPOkGoodGood	Alarm(_G_-ENTRY,_asn1_yyparse-16849)
228	0.518739	FalseGround	Unlabelled	SPOkGoodGood	Alarm(_G_-ENTRY,_asn1_yyparse-16850)
229	0.518739	FalseGround	Unlabelled	SPOkGoodGood	Alarm(_G_-ENTRY,_asn1_yyparse-16853)
230	0.518739	FalseGround	Unlabelled	SPOkGoodGood	Alarm(_G_-ENTRY,_asn1_yyparse-16855)
231	0.518739	FalseGround	Unlabelled	SPOkGoodGood	Alarm(_G_-ENTRY,_asn1_yyparse-16857)
232	0.518739	FalseGround	Unlabelled	SPOkGoodGood	Alarm(_G_-ENTRY,_asn1_yyparse-16859)
233	0.518739	FalseGround	Unlabelled	SPOkGoodGood	Alarm(_G_-ENTRY,_asn1_yyparse-16861)
234	0.518739	FalseGround	Unlabelled	SPOkGoodGood	Alarm(_G_-ENTRY,_asn1_yyparse-16862)
235	0.518739	FalseGround	Unlabelled	SPOkGoodGood	Alarm(_G_-ENTRY,_asn1_yyparse-16864)
236	0.518739	FalseGround	Unlabelled	SPOkGoodGood	Alarm(_G_-ENTRY,_asn1_yyparse-16866)
237	0.518739	FalseGround	Unlabelled	SPOkGoodGood	Alarm(_G_-ENTRY,_asn1_yyparse-16868)
238	0.518739	FalseGround	Unlabelled	SPOkGoodGood	Alarm(_G_-ENTRY,_asn1_yyparse-16869)
239	0.518739	FalseGround	Unlabelled	SPOkGoodGood	Alarm(_G_-ENTRY,_asn1_yyparse-16871)
240	0.518739	FalseGround	Unlabelled	SPOkGoodGood	Alarm(_G_-ENTRY,_asn1_yyparse-16879)
241	0.518739	FalseGround	Unlabelled	SPOkGoodGood	Alarm(_G_-ENTRY,_asn1_yyparse-16882)
242	0.518739	FalseGround	Unlabelled	SPOkGoodGood	Alarm(_G_-ENTRY,_asn1_yyparse-16887)
243	0.518739	FalseGround	Unlabelled	SPOkGoodGood	Alarm(_G_-ENTRY,_asn1_yyparse-16892)
244	0.518739	FalseGround	Unlabelled	SPOkGoodGood	Alarm(_G_-ENTRY,_asn1_yyparse-16893)
245	0.518739	FalseGround	Unlabelled	SPOkGoodGood	Alarm(_G_-ENTRY,_asn1_yyparse-16895)
246	0.518739	FalseGround	Unlabelled	SPOkGoodGood	Alarm(_G_-ENTRY,_asn1_yyparse-16897)
247	0.518739	FalseGround	Unlabelled	SPOkGoodGood	Alarm(_G_-ENTRY,_asn1_yyparse-16899)
248	0.518739	FalseGround	Unlabelled	SPOkGoodGood	Alarm(_G_-ENTRY,_asn1_yyparse-16911)
249	0.518739	FalseGround	Unlabelled	SPOkGoodGood	Alarm(_G_-ENTRY,_asn1_yyparse-16913)
250	0.518739	FalseGround	Unlabelled	SPOkGoodGood	Alarm(_G_-ENTRY,_asn1_yyparse-16945)
251	0.518739	FalseGround	Unlabelled	SPOkGoodGood	Alarm(_G_-ENTRY,_asn1_yyparse-16947)
252	0.518739	FalseGround	Unlabelled	SPOkGoodGood	Alarm(_G_-ENTRY,_asn1_yyparse-16965)
253	0.518739	FalseGround	Unlabelled	SPOkGoodGood	Alarm(_G_-ENTRY,_asn1_yyparse-16983)
254	0.518738	FalseGround	Unlabelled	SPOkGoodGood	Alarm(_G_-ENTRY,_asn1_yyparse-16733)
255	0.518738	FalseGround	Unlabelled	SPOkGoodGood	Alarm(_G_-ENTRY,_asn1_yyparse-16736)
256	0.518738	FalseGround	Unlabelled	SPOkGoodGood	Alarm(_G_-ENTRY,_asn1_yyparse-16827)
257	0.518738	FalseGround	Unlabelled	SPOkGoodGood	Alarm(_G_-ENTRY,_asn1_yyparse-16852)
258	0.518738	FalseGround	Unlabelled	SPOkGoodGood	Alarm(_G_-ENTRY,_asn1_yyparse-16894)
259	0.515912	FalseGround	Unlabelled	SPOkGoodGood	Alarm(_G_-ENTRY,asn1_get_tag_der-12221)
260	0.478297	FalseGround	Unlabelled	SPOkGoodGood	Alarm(_G_-ENTRY,_asn1_get_octet_string-12723)
261	0.478297	FalseGround	Unlabelled	SPOkGoodGood	Alarm(_G_-ENTRY,_asn1_get_octet_string-12724)
262	0.478297	FalseGround	Unlabelled	SPOkGoodGood	Alarm(_G_-ENTRY,_asn1_get_octet_string-12725)
263	0.478297	FalseGround	Unlabelled	SPOkGoodGood	Alarm(_G_-ENTRY,_asn1_get_octet_string-12726)
264	0.467314	FalseGround	Unlabelled	SPOkGoodGood	Alarm(_G_-ENTRY,_asn1_append_value-10155)
265	0.467314	FalseGround	Unlabelled	SPOkGoodGood	Alarm(_G_-ENTRY,_asn1_append_value-10161)
266	0.467314	FalseGround	Unlabelled	SPOkGoodGood	Alarm(_G_-ENTRY,_asn1_append_value-10162)
267	0.465383	FalseGround	Unlabelled	SPOkGoodGood	Alarm(_G_-ENTRY,asn1_der_decoding2-13517)
268	0.465383	FalseGround	Unlabelled	SPOkGoodGood	Alarm(_G_-ENTRY,asn1_der_decoding2-13518)
269	0.465383	FalseGround	Unlabelled	SPOkGoodGood	Alarm(_G_-ENTRY,asn1_der_decoding2-13519)
270	0.465383	FalseGround	Unlabelled	SPOkGoodGood	Alarm(_G_-ENTRY,asn1_der_decoding2-13520)
271	0.44195	FalseGround	Unlabelled	SPOkGoodGood	Alarm(_G_-ENTRY,yysyntax_error-15475)
272	0.44195	FalseGround	Unlabelled	SPOkGoodGood	Alarm(_G_-ENTRY,yysyntax_error-15480)
273	0.430464	FalseGround	Unlabelled	SPOkGoodGood	Alarm(_G_-ENTRY,_asn1_str_cpy-10738)
274	0.430464	FalseGround	Unlabelled	SPOkGoodGood	Alarm(_G_-ENTRY,_asn1_str_cpy-10739)
275	0.420178	FalseGround	Unlabelled	SPOkGoodGood	Alarm(_G_-ENTRY,_asn1_yyparse-16593)
276	0.420178	FalseGround	Unlabelled	SPOkGoodGood	Alarm(_G_-ENTRY,_asn1_yyparse-16594)
277	0.415783	FalseGround	Unlabelled	SPOkGoodGood	Alarm(_G_-ENTRY,_asn1_ordering_set_of-14963)
278	0.415783	FalseGround	Unlabelled	SPOkGoodGood	Alarm(_G_-ENTRY,_asn1_ordering_set_of-14964)
279	0.415783	FalseGround	Unlabelled	SPOkGoodGood	Alarm(_G_-ENTRY,_asn1_ordering_set_of-15010)
280	0.415783	FalseGround	Unlabelled	SPOkGoodGood	Alarm(_G_-ENTRY,_asn1_ordering_set_of-15011)
281	0.38742	FalseGround	Unlabelled	SPOkGoodGood	Alarm(_G_-ENTRY,asn1_print_structure-9604)
282	0.38742	FalseGround	Unlabelled	SPOkGoodGood	Alarm(_G_-ENTRY,asn1_print_structure-9606)
283	0.367409	FalseGround	Unlabelled	SPOkGoodGood	Alarm(_G_-ENTRY,_asn1_yyparse-16915)
284	0.367409	FalseGround	Unlabelled	SPOkGoodGood	Alarm(_G_-ENTRY,_asn1_yyparse-16916)
285	0.367409	FalseGround	Unlabelled	SPOkGoodGood	Alarm(_G_-ENTRY,_asn1_yyparse-16917)
286	0.367409	FalseGround	Unlabelled	SPOkGoodGood	Alarm(_G_-ENTRY,_asn1_yyparse-16919)
287	0.367409	FalseGround	Unlabelled	SPOkGoodGood	Alarm(_G_-ENTRY,_asn1_yyparse-16953)
288	0.35814	FalseGround	Unlabelled	SPOkGoodGood	Alarm(_G_-ENTRY,main-17720)
289	0.355124	FalseGround	Unlabelled	SPOkGoodGood	Alarm(_G_-ENTRY,asn1_print_structure-9755)
290	0.353033	FalseGround	Unlabelled	SPOkGoodGood	Alarm(_G_-ENTRY,_asn1_tag_der-14509)
291	0.353033	FalseGround	Unlabelled	SPOkGoodGood	Alarm(_G_-ENTRY,yysyntax_error-15483)
292	0.351072	FalseGround	Unlabelled	SPOkGoodGood	Alarm(_G_-ENTRY,_asn1_ordering_set_of-14973)
293	0.351072	FalseGround	Unlabelled	SPOkGoodGood	Alarm(_G_-ENTRY,_asn1_ordering_set_of-14974)
294	0.349811	FalseGround	Unlabelled	SPOkGoodGood	Alarm(_G_-ENTRY,main-17724)
295	0.345515	FalseGround	Unlabelled	SPOkGoodGood	Alarm(_G_-ENTRY,asn1_print_structure-9748)
296	0.345515	FalseGround	Unlabelled	SPOkGoodGood	Alarm(_G_-ENTRY,asn1_print_structure-9768)
297	0.343008	FalseGround	Unlabelled	SPOkGoodGood	Alarm(_G_-ENTRY,main-17704)
298	0.343008	FalseGround	Unlabelled	SPOkGoodGood	Alarm(_G_-ENTRY,main-17713)
299	0.343008	FalseGround	Unlabelled	SPOkGoodGood	Alarm(_G_-ENTRY,main-17716)
300	0.343008	FalseGround	Unlabelled	SPOkGoodGood	Alarm(_G_-ENTRY,main-17717)
301	0.343008	FalseGround	Unlabelled	SPOkGoodGood	Alarm(_G_-ENTRY,main-17721)
302	0.313811	FalseGround	Unlabelled	SPOkGoodGood	Alarm(_G_-ENTRY,asn1_print_structure-9605)
303	0.313811	FalseGround	Unlabelled	SPOkGoodGood	Alarm(_G_-ENTRY,asn1_print_structure-9607)
304	0.313811	FalseGround	Unlabelled	SPOkGoodGood	Alarm(_G_-ENTRY,tolower-8261)
305	0.313811	FalseGround	Unlabelled	SPOkGoodGood	Alarm(_G_-ENTRY,toupper-8270)
306	0.254187	FalseGround	Unlabelled	SPOkGoodGood	Alarm(_G_-ENTRY,safe_memset-9974)
307	0.254187	FalseGround	Unlabelled	SPOkGoodGood	Alarm(_G_-ENTRY,safe_memset-9975)
308	0.220773	FalseGround	Unlabelled	SPOkGoodGood	Alarm(_G_-ENTRY,_asn1_hierarchical_name-10773)
309	0.216172	FalseGround	Unlabelled	SPOkGoodGood	Alarm(_G_-ENTRY,asn1_find_node-10048)
310	0.216172	FalseGround	Unlabelled	SPOkGoodGood	Alarm(_G_-ENTRY,asn1_find_node-10049)
311	0.216172	FalseGround	Unlabelled	SPOkGoodGood	Alarm(_G_-ENTRY,asn1_find_node-10063)
312	0.216172	FalseGround	Unlabelled	SPOkGoodGood	Alarm(_G_-ENTRY,asn1_find_node-10064)
313	0.191398	FalseGround	Unlabelled	SPOkGoodGood	Alarm(_G_-ENTRY,asn1_get_tag_der-12217)
314	0.191398	FalseGround	Unlabelled	SPOkGoodGood	Alarm(_G_-ENTRY,asn1_get_tag_der-12218)
315	0.191398	FalseGround	Unlabelled	SPOkGoodGood	Alarm(_G_-ENTRY,asn1_get_tag_der-12219)
316	0.163682	FalseGround	Unlabelled	SPOkGoodGood	Alarm(_G_-ENTRY,asn1_find_node-10000)
317	0.155032	FalseGround	Unlabelled	SPOkGoodGood	Alarm(_G_-ENTRY,asn1_get_tag_der-12179)
318	0.155032	FalseGround	Unlabelled	SPOkGoodGood	Alarm(_G_-ENTRY,asn1_get_tag_der-12180)
319	0.155032	FalseGround	Unlabelled	SPOkGoodGood	Alarm(_G_-ENTRY,asn1_get_tag_der-12189)
320	0.155032	FalseGround	Unlabelled	SPOkGoodGood	Alarm(_G_-ENTRY,asn1_get_tag_der-12190)
321	0.135085	FalseGround	Unlabelled	SPOkGoodGood	Alarm(_G_-ENTRY,_asn1_tag_der-14514)
322	0.135085	FalseGround	Unlabelled	SPOkGoodGood	Alarm(_G_-ENTRY,yysyntax_error-15496)
323	0.135085	FalseGround	Unlabelled	SPOkGoodGood	Alarm(_G_-ENTRY,yysyntax_error-15516)
324	0.135085	FalseGround	Unlabelled	SPOkGoodGood	Alarm(_G_-ENTRY,yytnamerr-15416)
325	0.135085	FalseGround	Unlabelled	SPOkGoodGood	Alarm(_G_-ENTRY,yytnamerr-15418)
326	0.109419	FalseGround	Unlabelled	SPOkGoodGood	Alarm(_G_-ENTRY,yysyntax_error-15469)
327	0.109419	FalseGround	Unlabelled	SPOkGoodGood	Alarm(_G_-ENTRY,yysyntax_error-15470)
328	0.109419	FalseGround	Unlabelled	SPOkGoodGood	Alarm(_G_-ENTRY,yytnamerr-15396)
329	0.109419	FalseGround	Unlabelled	SPOkGoodGood	Alarm(_G_-ENTRY,yytnamerr-15397)
330	0.103974	FalseGround	Unlabelled	SPOkGoodGood	Alarm(_G_-ENTRY,_asn1_get_time_der-12275)
331	0.103974	FalseGround	Unlabelled	SPOkGoodGood	Alarm(_G_-ENTRY,_asn1_get_time_der-12276)
332	0.103974	FalseGround	Unlabelled	SPOkGoodGood	Alarm(_G_-ENTRY,yytnamerr-15398)
333	0.103974	FalseGround	Unlabelled	SPOkGoodGood	Alarm(_G_-ENTRY,yytnamerr-15399)
334	0.038152	FalseGround	Unlabelled	SPOkGoodGood	Alarm(_G_-ENTRY,yytnamerr-15400)
335	0.038152	FalseGround	Unlabelled	SPOkGoodGood	Alarm(_G_-ENTRY,yytnamerr-15401)
336	0.038152	FalseGround	Unlabelled	SPOkGoodGood	Alarm(_G_-ENTRY,yytnamerr-15402)
337	0.038152	FalseGround	Unlabelled	SPOkGoodGood	Alarm(_G_-ENTRY,yytnamerr-15403)
338	0.0312744	FalseGround	Unlabelled	SPOkGoodGood	Alarm(_G_-ENTRY,yytnamerr-15404)
339	0.0312744	FalseGround	Unlabelled	SPOkGoodGood	Alarm(_G_-ENTRY,yytnamerr-15405)
340	0.0278128	FalseGround	Unlabelled	SPOkGoodGood	Alarm(_G_-ENTRY,_asn1_get_time_der-12279)
341	0.0278128	FalseGround	Unlabelled	SPOkGoodGood	Alarm(_G_-ENTRY,_asn1_get_time_der-12280)
342	0.0278128	FalseGround	Unlabelled	SPOkGoodGood	Alarm(_G_-ENTRY,_asn1_get_time_der-12285)
343	0.0278128	FalseGround	Unlabelled	SPOkGoodGood	Alarm(_G_-ENTRY,_asn1_get_time_der-12286)
344	0.0278128	FalseGround	Unlabelled	SPOkGoodGood	Alarm(_G_-ENTRY,_asn1_get_time_der-12287)
345	0.0278128	FalseGround	Unlabelled	SPOkGoodGood	Alarm(_G_-ENTRY,_asn1_get_time_der-12288)
346	0.00713349	FalseGround	Unlabelled	SPOkGoodGood	Alarm(_G_-ENTRY,asn1_find_node-9999)
347	0.00246503	FalseGround	Unlabelled	SPOkGoodGood	Alarm(_G_-ENTRY,_asn1_hierarchical_name-10770)
348	0.00246503	FalseGround	Unlabelled	SPOkGoodGood	Alarm(_G_-ENTRY,_asn1_hierarchical_name-10771)
349	0.000435534	FalseGround	Unlabelled	SPOkGoodGood	Alarm(_G_-ENTRY,set_program_name-8216)
350	0.000435534	FalseGround	Unlabelled	SPOkGoodGood	Alarm(_G_-ENTRY,set_program_name-8218)
351	0.0	FalseGround	NegLabel	SPOkGoodGood	Alarm(_G_-ENTRY,_asn1_insert_tag_der-14801)
352	0.0	FalseGround	NegLabel	SPOkGoodGood	Alarm(_G_-ENTRY,_asn1_ltostr-10266)
353	0.0	FalseGround	NegLabel	SPOkGoodGood	Alarm(_G_-ENTRY,_asn1_ordering_set_of-15026)
354	0.0	FalseGround	NegLabel	SPOkGoodGood	Alarm(_G_-ENTRY,_asn1_set_value-10110)
355	0.0	FalseGround	NegLabel	SPOkGoodGood	Alarm(_G_-ENTRY,_asn1_yyparse-16651)
356	0.0	FalseGround	NegLabel	SPOkGoodGood	Alarm(_G_-ENTRY,asn1_get_length_der-12108)
357	0.0	FalseGround	NegLabel	SPOkGoodGood	Alarm(_G_-ENTRY,asn1_get_length_der-12155)
