Redirecting stdout to file: /data/tcli/neuro/pjbench/cache4j/./chord_output_thresc_metaback/Master/log.txt
Redirecting stderr to file: /data/tcli/neuro/pjbench/cache4j/./chord_output_thresc_metaback/Master/log.txt
Redirecting stdout to file: /data/tcli/neuro/pjbench/cache4j/./chord_output_thresc_metaback/Worker2/log.txtRedirecting stdout to file: /data/tcli/neuro/pjbench/cache4j/./chord_output_thresc_metaback/Worker1/log.txt

Redirecting stderr to file: /data/tcli/neuro/pjbench/cache4j/./chord_output_thresc_metaback/Worker2/log.txtRedirecting stderr to file: /data/tcli/neuro/pjbench/cache4j/./chord_output_thresc_metaback/Worker1/log.txt

Redirecting stdout to file: /data/tcli/neuro/pjbench/java_grande/raytracer/./chord_output_thresc_metaback/Worker1/log.txt
Redirecting stderr to file: /data/tcli/neuro/pjbench/java_grande/raytracer/./chord_output_thresc_metaback/Worker1/log.txt
Redirecting stdout to file: /data/tcli/neuro/pjbench/java_grande/raytracer/./chord_output_thresc_metaback/Master/log.txt
Redirecting stderr to file: /data/tcli/neuro/pjbench/java_grande/raytracer/./chord_output_thresc_metaback/Master/log.txt
Redirecting stdout to file: /data/tcli/neuro/pjbench/java_grande/raytracer/./chord_output_thresc_metaback/Worker2/log.txt
Redirecting stderr to file: /data/tcli/neuro/pjbench/java_grande/raytracer/./chord_output_thresc_metaback/Worker2/log.txt
Redirecting stdout to file: /data/tcli/neuro/pjbench/cache4j/./chord_output_thresc_metaback/Master/log.txt
Redirecting stderr to file: /data/tcli/neuro/pjbench/cache4j/./chord_output_thresc_metaback/Master/log.txt
Redirecting stdout to file: /data/tcli/neuro/pjbench/cache4j/./chord_output_thresc_metaback/Worker1/log.txt
Redirecting stderr to file: /data/tcli/neuro/pjbench/cache4j/./chord_output_thresc_metaback/Worker1/log.txt
Redirecting stdout to file: /data/tcli/neuro/pjbench/cache4j/./chord_output_thresc_metaback/Worker2/log.txt
Redirecting stderr to file: /data/tcli/neuro/pjbench/cache4j/./chord_output_thresc_metaback/Worker2/log.txt
Redirecting stdout to file: /data/tcli/neuro/pjbench/cache4j/./chord_output_thresc_metaback/Worker1/log.txt
Redirecting stderr to file: /data/tcli/neuro/pjbench/cache4j/./chord_output_thresc_metaback/Worker1/log.txt
Redirecting stdout to file: /data/tcli/neuro/pjbench/cache4j/./chord_output_thresc_metaback/Worker2/log.txt
Redirecting stderr to file: /data/tcli/neuro/pjbench/cache4j/./chord_output_thresc_metaback/Worker2/log.txt
Redirecting stdout to file: /data/tcli/neuro/pjbench/cache4j/./chord_output_thresc_metaback/Master/log.txt
Redirecting stderr to file: /data/tcli/neuro/pjbench/cache4j/./chord_output_thresc_metaback/Master/log.txt
