Rank	Confidence	Ground	Label	Comments	Tuple
1	0.826735	FalseGround	Unlabelled	SPOkGoodGood	Alarm(_G_-ENTRY,vasnprintf-88661)
2	0.812598	FalseGround	Unlabelled	SPOkGoodGood	Alarm(_G_-ENTRY,get_charset_aliases-78101)
3	0.764253	FalseGround	Unlabelled	SPOkGoodGood	Alarm(_G_-ENTRY,add_exclude_file-84040)
4	0.764253	FalseGround	Unlabelled	SPOkGoodGood	Alarm(_G_-ENTRY,read_utmp-106659)
5	0.764253	FalseGround	Unlabelled	SPOkGoodGood	Alarm(_G_-ENTRY,readtokens-107302)
6	0.764253	FalseGround	Unlabelled	SPOkGoodGood	Alarm(_G_-ENTRY,readtokens-107321)
7	0.706509	FalseGround	Unlabelled	SPOkGoodGood	Alarm(_G_-ENTRY,mergefps-118337)
8	0.697513	FalseGround	Unlabelled	SPOkGoodGood	Alarm(_G_-ENTRY,mergefps-118203)
9	0.697513	FalseGround	Unlabelled	SPOkGoodGood	Alarm(_G_-ENTRY,mergefps-118204)
10	0.676366	FalseGround	Unlabelled	SPOkGoodGood	Alarm(_G_-ENTRY,vasnprintf-88172)
11	0.668806	FalseGround	Unlabelled	SPOkGoodGood	Alarm(_G_-ENTRY,check-117728)
12	0.66639	FalseGround	Unlabelled	SPOkGoodGood	Alarm(_G_-ENTRY,vasnprintf-88613)
13	0.658985	FalseGround	Unlabelled	SPOkGoodGood	Alarm(_G_-ENTRY,fillbuf___7-116658)
14	0.65706	FalseGround	Unlabelled	SPOkGoodGood	Alarm(_G_-ENTRY,vasnprintf-88170)
15	0.645842	FalseGround	Unlabelled	SPOkGoodGood	Alarm(_G_-ENTRY,fts_open-80749)
16	0.645842	FalseGround	Unlabelled	SPOkGoodGood	Alarm(_G_-ENTRY,fts_open-80812)
17	0.623203	FalseGround	Unlabelled	SPOkGoodGood	Alarm(_G_-ENTRY,fillbuf___7-116677)
18	0.586164	FalseGround	Unlabelled	SPOkGoodGood	Alarm(_G_-ENTRY,vasnprintf-88017)
19	0.586164	FalseGround	Unlabelled	SPOkGoodGood	Alarm(_G_-ENTRY,vasnprintf-88018)
20	0.583965	FalseGround	Unlabelled	SPOkGoodGood	Alarm(_G_-ENTRY,hash_find_entry-79248)
21	0.583965	FalseGround	Unlabelled	SPOkGoodGood	Alarm(_G_-ENTRY,hash_find_entry-79249)
22	0.583965	FalseGround	Unlabelled	SPOkGoodGood	Alarm(_G_-ENTRY,hash_find_entry-79250)
23	0.583965	FalseGround	Unlabelled	SPOkGoodGood	Alarm(_G_-ENTRY,hash_find_entry-79251)
24	0.583965	FalseGround	Unlabelled	SPOkGoodGood	Alarm(_G_-ENTRY,hash_find_entry-79253)
25	0.581963	FalseGround	Unlabelled	SPOkGoodGood	Alarm(_G_-ENTRY,fillbuf___7-116626)
26	0.581963	FalseGround	Unlabelled	SPOkGoodGood	Alarm(_G_-ENTRY,fillbuf___7-116627)
27	0.579363	FalseGround	Unlabelled	SPOkGoodGood	Alarm(_G_-ENTRY,keycompare-117547)
28	0.579363	FalseGround	Unlabelled	SPOkGoodGood	Alarm(_G_-ENTRY,keycompare-117551)
29	0.562399	FalseGround	Unlabelled	SPOkGoodGood	Alarm(_G_-ENTRY,fillbuf___7-116705)
30	0.562399	FalseGround	Unlabelled	SPOkGoodGood	Alarm(_G_-ENTRY,readtoken-107009)
31	0.562399	FalseGround	Unlabelled	SPOkGoodGood	Alarm(_G_-ENTRY,readtoken-107010)
32	0.562399	FalseGround	Unlabelled	SPOkGoodGood	Alarm(_G_-ENTRY,readtoken-107013)
33	0.55976	FalseGround	Unlabelled	SPOkGoodGood	Alarm(_G_-ENTRY,mergefps-118336)
34	0.552343	FalseGround	Unlabelled	SPOkGoodGood	Alarm(_G_-ENTRY,canonicalize_filename_mode-84753)
35	0.552343	FalseGround	Unlabelled	SPOkGoodGood	Alarm(_G_-ENTRY,canonicalize_filename_mode-84805)
36	0.552343	FalseGround	Unlabelled	SPOkGoodGood	Alarm(_G_-ENTRY,xgethostname-87017)
37	0.54539	FalseGround	Unlabelled	SPOkGoodGood	Alarm(_G_-ENTRY,vasnprintf-88462)
38	0.54539	FalseGround	Unlabelled	SPOkGoodGood	Alarm(_G_-ENTRY,vasnprintf-88472)
39	0.525416	FalseGround	Unlabelled	SPOkGoodGood	Alarm(_G_-ENTRY,build_trtable-105760)
40	0.525416	FalseGround	Unlabelled	SPOkGoodGood	Alarm(_G_-ENTRY,build_trtable-105761)
41	0.525416	FalseGround	Unlabelled	SPOkGoodGood	Alarm(_G_-ENTRY,build_trtable-105778)
42	0.525416	FalseGround	Unlabelled	SPOkGoodGood	Alarm(_G_-ENTRY,build_trtable-105779)
43	0.518871	FalseGround	Unlabelled	SPOkGoodGood	Alarm(_G_-ENTRY,keycompare-117545)
44	0.512443	FalseGround	Unlabelled	SPOkGoodGood	Alarm(_G_-ENTRY,hash_find_entry-79231)
45	0.512443	FalseGround	Unlabelled	SPOkGoodGood	Alarm(_G_-ENTRY,hash_find_entry-79232)
46	0.50473	FalseGround	Unlabelled	SPOkGoodGood	Alarm(_G_-ENTRY,keycompare-117558)
47	0.50473	FalseGround	Unlabelled	SPOkGoodGood	Alarm(_G_-ENTRY,keycompare-117560)
48	0.50473	FalseGround	Unlabelled	SPOkGoodGood	Alarm(_G_-ENTRY,keycompare-117562)
49	0.50473	FalseGround	Unlabelled	SPOkGoodGood	Alarm(_G_-ENTRY,keycompare-117564)
50	0.50473	FalseGround	Unlabelled	SPOkGoodGood	Alarm(_G_-ENTRY,keycompare-117570)
51	0.50473	FalseGround	Unlabelled	SPOkGoodGood	Alarm(_G_-ENTRY,keycompare-117572)
52	0.50473	FalseGround	Unlabelled	SPOkGoodGood	Alarm(_G_-ENTRY,keycompare-117574)
53	0.50473	FalseGround	Unlabelled	SPOkGoodGood	Alarm(_G_-ENTRY,keycompare-117575)
54	0.500893	FalseGround	Unlabelled	SPOkGoodGood	Alarm(_G_-ENTRY,vasnprintf-88434)
55	0.499758	FalseGround	Unlabelled	SPOkGoodGood	Alarm(_G_-ENTRY,add_exclude_file-84053)
56	0.499758	FalseGround	Unlabelled	SPOkGoodGood	Alarm(_G_-ENTRY,get_charset_aliases-78102)
57	0.499758	FalseGround	Unlabelled	SPOkGoodGood	Alarm(_G_-ENTRY,memxfrm-112610)
58	0.499758	FalseGround	Unlabelled	SPOkGoodGood	Alarm(_G_-ENTRY,memxfrm-112617)
59	0.492468	FalseGround	Unlabelled	SPOkGoodGood	Alarm(_G_-ENTRY,fillbuf___7-116662)
60	0.489985	FalseGround	Unlabelled	SPOkGoodGood	Alarm(_G_-ENTRY,get_charset_aliases-78049)
61	0.489985	FalseGround	Unlabelled	SPOkGoodGood	Alarm(_G_-ENTRY,get_charset_aliases-78050)
62	0.477686	FalseGround	Unlabelled	SPOkGoodGood	Alarm(_G_-ENTRY,check-117697)
63	0.477686	FalseGround	Unlabelled	SPOkGoodGood	Alarm(_G_-ENTRY,check-117698)
64	0.477596	FalseGround	Unlabelled	SPOkGoodGood	Alarm(_G_-ENTRY,fillbuf___7-116636)
65	0.477596	FalseGround	Unlabelled	SPOkGoodGood	Alarm(_G_-ENTRY,fillbuf___7-116638)
66	0.477596	FalseGround	Unlabelled	SPOkGoodGood	Alarm(_G_-ENTRY,fillbuf___7-116639)
67	0.477596	FalseGround	Unlabelled	SPOkGoodGood	Alarm(_G_-ENTRY,fillbuf___7-116640)
68	0.477596	FalseGround	Unlabelled	SPOkGoodGood	Alarm(_G_-ENTRY,fillbuf___7-116674)
69	0.477596	FalseGround	Unlabelled	SPOkGoodGood	Alarm(_G_-ENTRY,fillbuf___7-116675)
70	0.477596	FalseGround	Unlabelled	SPOkGoodGood	Alarm(_G_-ENTRY,fillbuf___7-116683)
71	0.477596	FalseGround	Unlabelled	SPOkGoodGood	Alarm(_G_-ENTRY,mergefps-118306)
72	0.477596	FalseGround	Unlabelled	SPOkGoodGood	Alarm(_G_-ENTRY,mergefps-118311)
73	0.477596	FalseGround	Unlabelled	SPOkGoodGood	Alarm(_G_-ENTRY,mergefps-118323)
74	0.477596	FalseGround	Unlabelled	SPOkGoodGood	Alarm(_G_-ENTRY,mergefps-118324)
75	0.477596	FalseGround	Unlabelled	SPOkGoodGood	Alarm(_G_-ENTRY,mergefps-118326)
76	0.477596	FalseGround	Unlabelled	SPOkGoodGood	Alarm(_G_-ENTRY,mergefps-118328)
77	0.477596	FalseGround	Unlabelled	SPOkGoodGood	Alarm(_G_-ENTRY,mergefps-118329)
78	0.477596	FalseGround	Unlabelled	SPOkGoodGood	Alarm(_G_-ENTRY,mergefps-118351)
79	0.462383	FalseGround	Unlabelled	SPOkGoodGood	Alarm(_G_-ENTRY,compare-117664)
80	0.462383	FalseGround	Unlabelled	SPOkGoodGood	Alarm(_G_-ENTRY,compare-117665)
81	0.462383	FalseGround	Unlabelled	SPOkGoodGood	Alarm(_G_-ENTRY,compare-117668)
82	0.462383	FalseGround	Unlabelled	SPOkGoodGood	Alarm(_G_-ENTRY,compare-117671)
83	0.462383	FalseGround	Unlabelled	SPOkGoodGood	Alarm(_G_-ENTRY,hash_lookup-71882)
84	0.462383	FalseGround	Unlabelled	SPOkGoodGood	Alarm(_G_-ENTRY,hash_lookup-78983)
85	0.462383	FalseGround	Unlabelled	SPOkGoodGood	Alarm(_G_-ENTRY,hash_lookup-78984)
86	0.447398	FalseGround	Unlabelled	SPOkGoodGood	Alarm(_G_-ENTRY,canonicalize_filename_mode-84641)
87	0.447398	FalseGround	Unlabelled	SPOkGoodGood	Alarm(_G_-ENTRY,canonicalize_filename_mode-84642)
88	0.447398	FalseGround	Unlabelled	SPOkGoodGood	Alarm(_G_-ENTRY,canonicalize_filename_mode-84643)
89	0.447398	FalseGround	Unlabelled	SPOkGoodGood	Alarm(_G_-ENTRY,canonicalize_filename_mode-84644)
90	0.447398	FalseGround	Unlabelled	SPOkGoodGood	Alarm(_G_-ENTRY,canonicalize_filename_mode-84645)
91	0.447398	FalseGround	Unlabelled	SPOkGoodGood	Alarm(_G_-ENTRY,canonicalize_filename_mode-84646)
92	0.447398	FalseGround	Unlabelled	SPOkGoodGood	Alarm(_G_-ENTRY,canonicalize_filename_mode-84647)
93	0.447398	FalseGround	Unlabelled	SPOkGoodGood	Alarm(_G_-ENTRY,canonicalize_filename_mode-84648)
94	0.447398	FalseGround	Unlabelled	SPOkGoodGood	Alarm(_G_-ENTRY,canonicalize_filename_mode-84653)
95	0.447398	FalseGround	Unlabelled	SPOkGoodGood	Alarm(_G_-ENTRY,canonicalize_filename_mode-84654)
96	0.447398	FalseGround	Unlabelled	SPOkGoodGood	Alarm(_G_-ENTRY,canonicalize_filename_mode-84657)
97	0.447398	FalseGround	Unlabelled	SPOkGoodGood	Alarm(_G_-ENTRY,canonicalize_filename_mode-84658)
98	0.447398	FalseGround	Unlabelled	SPOkGoodGood	Alarm(_G_-ENTRY,canonicalize_filename_mode-84659)
99	0.447398	FalseGround	Unlabelled	SPOkGoodGood	Alarm(_G_-ENTRY,canonicalize_filename_mode-84660)
100	0.447398	FalseGround	Unlabelled	SPOkGoodGood	Alarm(_G_-ENTRY,canonicalize_filename_mode-84663)
101	0.447398	FalseGround	Unlabelled	SPOkGoodGood	Alarm(_G_-ENTRY,canonicalize_filename_mode-84664)
102	0.447398	FalseGround	Unlabelled	SPOkGoodGood	Alarm(_G_-ENTRY,canonicalize_filename_mode-84665)
103	0.447398	FalseGround	Unlabelled	SPOkGoodGood	Alarm(_G_-ENTRY,canonicalize_filename_mode-84666)
104	0.447398	FalseGround	Unlabelled	SPOkGoodGood	Alarm(_G_-ENTRY,canonicalize_filename_mode-84677)
105	0.447398	FalseGround	Unlabelled	SPOkGoodGood	Alarm(_G_-ENTRY,canonicalize_filename_mode-84678)
106	0.447398	FalseGround	Unlabelled	SPOkGoodGood	Alarm(_G_-ENTRY,canonicalize_filename_mode-84705)
107	0.447398	FalseGround	Unlabelled	SPOkGoodGood	Alarm(_G_-ENTRY,canonicalize_filename_mode-84706)
108	0.447398	FalseGround	Unlabelled	SPOkGoodGood	Alarm(_G_-ENTRY,canonicalize_filename_mode-84711)
109	0.447398	FalseGround	Unlabelled	SPOkGoodGood	Alarm(_G_-ENTRY,canonicalize_filename_mode-84712)
110	0.445213	FalseGround	Unlabelled	SPOkGoodGood	Alarm(_G_-ENTRY,add_exclude_file-83990)
111	0.445213	FalseGround	Unlabelled	SPOkGoodGood	Alarm(_G_-ENTRY,add_exclude_file-83991)
112	0.437732	FalseGround	Unlabelled	SPOkGoodGood	Alarm(_G_-ENTRY,sort-118816)
113	0.436035	FalseGround	Unlabelled	SPOkGoodGood	Alarm(_G_-ENTRY,verrevcmp-83400)
114	0.42892	FalseGround	Unlabelled	SPOkGoodGood	Alarm(_G_-ENTRY,verrevcmp-83419)
115	0.426599	FalseGround	Unlabelled	SPOkGoodGood	Alarm(_G_-ENTRY,vasnprintf-88178)
116	0.424393	FalseGround	Unlabelled	SPOkGoodGood	Alarm(_G_-ENTRY,md5_init_ctx-112766)
117	0.424393	FalseGround	Unlabelled	SPOkGoodGood	Alarm(_G_-ENTRY,md5_init_ctx-112767)
118	0.424393	FalseGround	Unlabelled	SPOkGoodGood	Alarm(_G_-ENTRY,md5_init_ctx-112768)
119	0.424393	FalseGround	Unlabelled	SPOkGoodGood	Alarm(_G_-ENTRY,md5_init_ctx-112769)
120	0.424393	FalseGround	Unlabelled	SPOkGoodGood	Alarm(_G_-ENTRY,md5_init_ctx-112773)
121	0.424393	FalseGround	Unlabelled	SPOkGoodGood	Alarm(_G_-ENTRY,md5_process_bytes-112871)
122	0.424393	FalseGround	Unlabelled	SPOkGoodGood	Alarm(_G_-ENTRY,md5_process_bytes-112875)
123	0.424393	FalseGround	Unlabelled	SPOkGoodGood	Alarm(_G_-ENTRY,md5_process_bytes-112876)
124	0.424393	FalseGround	Unlabelled	SPOkGoodGood	Alarm(_G_-ENTRY,md5_process_bytes-112877)
125	0.424393	FalseGround	Unlabelled	SPOkGoodGood	Alarm(_G_-ENTRY,md5_process_bytes-112878)
126	0.424393	FalseGround	Unlabelled	SPOkGoodGood	Alarm(_G_-ENTRY,md5_process_bytes-112879)
127	0.424393	FalseGround	Unlabelled	SPOkGoodGood	Alarm(_G_-ENTRY,md5_process_bytes-112882)
128	0.424393	FalseGround	Unlabelled	SPOkGoodGood	Alarm(_G_-ENTRY,md5_process_bytes-112889)
129	0.424393	FalseGround	Unlabelled	SPOkGoodGood	Alarm(_G_-ENTRY,md5_process_bytes-112890)
130	0.424393	FalseGround	Unlabelled	SPOkGoodGood	Alarm(_G_-ENTRY,md5_process_bytes-112892)
131	0.424393	FalseGround	Unlabelled	SPOkGoodGood	Alarm(_G_-ENTRY,md5_process_bytes-112894)
132	0.424393	FalseGround	Unlabelled	SPOkGoodGood	Alarm(_G_-ENTRY,md5_process_bytes-112895)
133	0.417231	FalseGround	Unlabelled	SPOkGoodGood	Alarm(_G_-ENTRY,keycompare-117583)
134	0.417231	FalseGround	Unlabelled	SPOkGoodGood	Alarm(_G_-ENTRY,keycompare-117587)
135	0.417231	FalseGround	Unlabelled	SPOkGoodGood	Alarm(_G_-ENTRY,verrevcmp-83399)
136	0.417231	FalseGround	Unlabelled	SPOkGoodGood	Alarm(_G_-ENTRY,verrevcmp-83402)
137	0.389496	FalseGround	Unlabelled	SPOkGoodGood	Alarm(_G_-ENTRY,getmonth-116802)
138	0.386933	FalseGround	Unlabelled	SPOkGoodGood	Alarm(_G_-ENTRY,fillbuf___7-116673)
139	0.386853	FalseGround	Unlabelled	SPOkGoodGood	Alarm(_G_-ENTRY,fillbuf___7-116592)
140	0.386853	FalseGround	Unlabelled	SPOkGoodGood	Alarm(_G_-ENTRY,fillbuf___7-116593)
141	0.386853	FalseGround	Unlabelled	SPOkGoodGood	Alarm(_G_-ENTRY,fillbuf___7-116594)
142	0.386853	FalseGround	Unlabelled	SPOkGoodGood	Alarm(_G_-ENTRY,fillbuf___7-116595)
143	0.386853	FalseGround	Unlabelled	SPOkGoodGood	Alarm(_G_-ENTRY,fillbuf___7-116624)
144	0.386853	FalseGround	Unlabelled	SPOkGoodGood	Alarm(_G_-ENTRY,fillbuf___7-116625)
145	0.386853	FalseGround	Unlabelled	SPOkGoodGood	Alarm(_G_-ENTRY,mergefps-118175)
146	0.386853	FalseGround	Unlabelled	SPOkGoodGood	Alarm(_G_-ENTRY,mergefps-118176)
147	0.386853	FalseGround	Unlabelled	SPOkGoodGood	Alarm(_G_-ENTRY,mergefps-118179)
148	0.386853	FalseGround	Unlabelled	SPOkGoodGood	Alarm(_G_-ENTRY,mergefps-118180)
149	0.386853	FalseGround	Unlabelled	SPOkGoodGood	Alarm(_G_-ENTRY,mergefps-118183)
150	0.386853	FalseGround	Unlabelled	SPOkGoodGood	Alarm(_G_-ENTRY,mergefps-118184)
151	0.384607	FalseGround	Unlabelled	SPOkGoodGood	Alarm(_G_-ENTRY,vasnprintf-88196)
152	0.384607	FalseGround	Unlabelled	SPOkGoodGood	Alarm(_G_-ENTRY,vasnprintf-88432)
153	0.384607	FalseGround	Unlabelled	SPOkGoodGood	Alarm(_G_-ENTRY,vasnprintf-88517)
154	0.384607	FalseGround	Unlabelled	SPOkGoodGood	Alarm(_G_-ENTRY,vasnprintf-88631)
155	0.384607	FalseGround	Unlabelled	SPOkGoodGood	Alarm(_G_-ENTRY,vasnprintf-88658)
156	0.384607	FalseGround	Unlabelled	SPOkGoodGood	Alarm(_G_-ENTRY,vasnprintf-88680)
157	0.37453	FalseGround	Unlabelled	SPOkGoodGood	Alarm(_G_-ENTRY,hash_lookup-78973)
158	0.37453	FalseGround	Unlabelled	SPOkGoodGood	Alarm(_G_-ENTRY,hash_lookup-78974)
159	0.373623	FalseGround	Unlabelled	SPOkGoodGood	Alarm(_G_-ENTRY,add_temp_dir-115800)
160	0.373623	FalseGround	Unlabelled	SPOkGoodGood	Alarm(_G_-ENTRY,fillbuf___7-116641)
161	0.373623	FalseGround	Unlabelled	SPOkGoodGood	Alarm(_G_-ENTRY,fillbuf___7-116644)
162	0.373623	FalseGround	Unlabelled	SPOkGoodGood	Alarm(_G_-ENTRY,fillbuf___7-116645)
163	0.373623	FalseGround	Unlabelled	SPOkGoodGood	Alarm(_G_-ENTRY,fillbuf___7-116646)
164	0.373623	FalseGround	Unlabelled	SPOkGoodGood	Alarm(_G_-ENTRY,fillbuf___7-116647)
165	0.373623	FalseGround	Unlabelled	SPOkGoodGood	Alarm(_G_-ENTRY,fillbuf___7-116680)
166	0.373623	FalseGround	Unlabelled	SPOkGoodGood	Alarm(_G_-ENTRY,fillbuf___7-116682)
167	0.373623	FalseGround	Unlabelled	SPOkGoodGood	Alarm(_G_-ENTRY,fillbuf___7-116685)
168	0.373623	FalseGround	Unlabelled	SPOkGoodGood	Alarm(_G_-ENTRY,fillbuf___7-116686)
169	0.373623	FalseGround	Unlabelled	SPOkGoodGood	Alarm(_G_-ENTRY,fillbuf___7-116704)
170	0.373623	FalseGround	Unlabelled	SPOkGoodGood	Alarm(_G_-ENTRY,keycompare-117604)
171	0.373623	FalseGround	Unlabelled	SPOkGoodGood	Alarm(_G_-ENTRY,keycompare-117606)
172	0.373623	FalseGround	Unlabelled	SPOkGoodGood	Alarm(_G_-ENTRY,md5_finish_ctx-112795)
173	0.373623	FalseGround	Unlabelled	SPOkGoodGood	Alarm(_G_-ENTRY,random_state-116804)
174	0.373623	FalseGround	Unlabelled	SPOkGoodGood	Alarm(_G_-ENTRY,readisaac-107466)
175	0.373623	FalseGround	Unlabelled	SPOkGoodGood	Alarm(_G_-ENTRY,readisaac-107468)
176	0.372794	FalseGround	Unlabelled	SPOkGoodGood	Alarm(_G_-ENTRY,mergefps-118338)
177	0.368093	FalseGround	Unlabelled	SPOkGoodGood	Alarm(_G_-ENTRY,hash_insert-79354)
178	0.366761	FalseGround	Unlabelled	SPOkGoodGood	Alarm(_G_-ENTRY,vasnprintf-87657)
179	0.366761	FalseGround	Unlabelled	SPOkGoodGood	Alarm(_G_-ENTRY,vasnprintf-87658)
180	0.353033	FalseGround	Unlabelled	SPOkGoodGood	Alarm(_G_-ENTRY,keycompare-117520)
181	0.353033	FalseGround	Unlabelled	SPOkGoodGood	Alarm(_G_-ENTRY,randint_genmax-107721)
182	0.353033	FalseGround	Unlabelled	SPOkGoodGood	Alarm(_G_-ENTRY,sort-118841)
183	0.353033	FalseGround	Unlabelled	SPOkGoodGood	Alarm(_G_-ENTRY,vasnprintf-88198)
184	0.353033	FalseGround	Unlabelled	SPOkGoodGood	Alarm(_G_-ENTRY,vasnprintf-88221)
185	0.353033	FalseGround	Unlabelled	SPOkGoodGood	Alarm(_G_-ENTRY,vasnprintf-88236)
186	0.353033	FalseGround	Unlabelled	SPOkGoodGood	Alarm(_G_-ENTRY,vasnprintf-88519)
187	0.353033	FalseGround	Unlabelled	SPOkGoodGood	Alarm(_G_-ENTRY,vasnprintf-88682)
188	0.352883	FalseGround	Unlabelled	SPOkGoodGood	Alarm(_G_-ENTRY,set_uint32-91902)
189	0.34953	FalseGround	Unlabelled	SPOkGoodGood	Alarm(_G_-ENTRY,mergefps-118303)
190	0.343759	FalseGround	Unlabelled	SPOkGoodGood	Alarm(_G_-ENTRY,md5_process_bytes-112855)
191	0.343759	FalseGround	Unlabelled	SPOkGoodGood	Alarm(_G_-ENTRY,md5_process_bytes-112856)
192	0.343759	FalseGround	Unlabelled	SPOkGoodGood	Alarm(_G_-ENTRY,md5_process_bytes-112859)
193	0.343759	FalseGround	Unlabelled	SPOkGoodGood	Alarm(_G_-ENTRY,md5_process_bytes-112860)
194	0.330334	FalseGround	Unlabelled	SPOkGoodGood	Alarm(_G_-ENTRY,hash_rehash-79298)
195	0.330334	FalseGround	Unlabelled	SPOkGoodGood	Alarm(_G_-ENTRY,hash_rehash-79300)
196	0.328956	FalseGround	Unlabelled	SPOkGoodGood	Alarm(_G_-ENTRY,hash_insert-79356)
197	0.319578	FalseGround	Unlabelled	SPOkGoodGood	Alarm(_G_-ENTRY,initbuf-116178)
198	0.319578	FalseGround	Unlabelled	SPOkGoodGood	Alarm(_G_-ENTRY,initbuf-116183)
199	0.319578	FalseGround	Unlabelled	SPOkGoodGood	Alarm(_G_-ENTRY,initbuf-116184)
200	0.319578	FalseGround	Unlabelled	SPOkGoodGood	Alarm(_G_-ENTRY,initbuf-116190)
201	0.319578	FalseGround	Unlabelled	SPOkGoodGood	Alarm(_G_-ENTRY,vasnprintf-88154)
202	0.319578	FalseGround	Unlabelled	SPOkGoodGood	Alarm(_G_-ENTRY,vasnprintf-88208)
203	0.319578	FalseGround	Unlabelled	SPOkGoodGood	Alarm(_G_-ENTRY,vasnprintf-88216)
204	0.319578	FalseGround	Unlabelled	SPOkGoodGood	Alarm(_G_-ENTRY,vasnprintf-88230)
205	0.319578	FalseGround	Unlabelled	SPOkGoodGood	Alarm(_G_-ENTRY,vasnprintf-88340)
206	0.319578	FalseGround	Unlabelled	SPOkGoodGood	Alarm(_G_-ENTRY,vasnprintf-88368)
207	0.319578	FalseGround	Unlabelled	SPOkGoodGood	Alarm(_G_-ENTRY,vasnprintf-88382)
208	0.319578	FalseGround	Unlabelled	SPOkGoodGood	Alarm(_G_-ENTRY,vasnprintf-88438)
209	0.319578	FalseGround	Unlabelled	SPOkGoodGood	Alarm(_G_-ENTRY,vasnprintf-88442)
210	0.319578	FalseGround	Unlabelled	SPOkGoodGood	Alarm(_G_-ENTRY,vasnprintf-88461)
211	0.319578	FalseGround	Unlabelled	SPOkGoodGood	Alarm(_G_-ENTRY,vasnprintf-88464)
212	0.319578	FalseGround	Unlabelled	SPOkGoodGood	Alarm(_G_-ENTRY,vasnprintf-88471)
213	0.319578	FalseGround	Unlabelled	SPOkGoodGood	Alarm(_G_-ENTRY,vasnprintf-88474)
214	0.319578	FalseGround	Unlabelled	SPOkGoodGood	Alarm(_G_-ENTRY,vasnprintf-88490)
215	0.313811	FalseGround	Unlabelled	SPOkGoodGood	Alarm(_G_-ENTRY,canonicalize_filename_mode-84766)
216	0.313811	FalseGround	Unlabelled	SPOkGoodGood	Alarm(_G_-ENTRY,canonicalize_filename_mode-84794)
217	0.313811	FalseGround	Unlabelled	SPOkGoodGood	Alarm(_G_-ENTRY,check-117741)
218	0.313811	FalseGround	Unlabelled	SPOkGoodGood	Alarm(_G_-ENTRY,check-117742)
219	0.313811	FalseGround	Unlabelled	SPOkGoodGood	Alarm(_G_-ENTRY,check-117743)
220	0.313811	FalseGround	Unlabelled	SPOkGoodGood	Alarm(_G_-ENTRY,check-117744)
221	0.313811	FalseGround	Unlabelled	SPOkGoodGood	Alarm(_G_-ENTRY,get_charset_aliases-78103)
222	0.313811	FalseGround	Unlabelled	SPOkGoodGood	Alarm(_G_-ENTRY,initbuf-116186)
223	0.313811	FalseGround	Unlabelled	SPOkGoodGood	Alarm(_G_-ENTRY,keycompare-117515)
224	0.313811	FalseGround	Unlabelled	SPOkGoodGood	Alarm(_G_-ENTRY,keycompare-117516)
225	0.313811	FalseGround	Unlabelled	SPOkGoodGood	Alarm(_G_-ENTRY,md5_init_ctx-112771)
226	0.313811	FalseGround	Unlabelled	SPOkGoodGood	Alarm(_G_-ENTRY,md5_init_ctx-112772)
227	0.313811	FalseGround	Unlabelled	SPOkGoodGood	Alarm(_G_-ENTRY,memcoll-112673)
228	0.313811	FalseGround	Unlabelled	SPOkGoodGood	Alarm(_G_-ENTRY,mergefps-118281)
229	0.313811	FalseGround	Unlabelled	SPOkGoodGood	Alarm(_G_-ENTRY,mergefps-118300)
230	0.313811	FalseGround	Unlabelled	SPOkGoodGood	Alarm(_G_-ENTRY,mergefps-118319)
231	0.313811	FalseGround	Unlabelled	SPOkGoodGood	Alarm(_G_-ENTRY,mergefps-118320)
232	0.313811	FalseGround	Unlabelled	SPOkGoodGood	Alarm(_G_-ENTRY,mergefps-118321)
233	0.313811	FalseGround	Unlabelled	SPOkGoodGood	Alarm(_G_-ENTRY,mergefps-118322)
234	0.313811	FalseGround	Unlabelled	SPOkGoodGood	Alarm(_G_-ENTRY,mergefps-118325)
235	0.313811	FalseGround	Unlabelled	SPOkGoodGood	Alarm(_G_-ENTRY,mergefps-118352)
236	0.313811	FalseGround	Unlabelled	SPOkGoodGood	Alarm(_G_-ENTRY,re_search_internal-102750)
237	0.313811	FalseGround	Unlabelled	SPOkGoodGood	Alarm(_G_-ENTRY,re_search_internal-102752)
238	0.313811	FalseGround	Unlabelled	SPOkGoodGood	Alarm(_G_-ENTRY,vasnprintf-88201)
239	0.313811	FalseGround	Unlabelled	SPOkGoodGood	Alarm(_G_-ENTRY,vasnprintf-88202)
240	0.313811	FalseGround	Unlabelled	SPOkGoodGood	Alarm(_G_-ENTRY,vasnprintf-88203)
241	0.313811	FalseGround	Unlabelled	SPOkGoodGood	Alarm(_G_-ENTRY,vasnprintf-88204)
242	0.313811	FalseGround	Unlabelled	SPOkGoodGood	Alarm(_G_-ENTRY,vasnprintf-88205)
243	0.313811	FalseGround	Unlabelled	SPOkGoodGood	Alarm(_G_-ENTRY,vasnprintf-88207)
244	0.313811	FalseGround	Unlabelled	SPOkGoodGood	Alarm(_G_-ENTRY,vasnprintf-88212)
245	0.313811	FalseGround	Unlabelled	SPOkGoodGood	Alarm(_G_-ENTRY,vasnprintf-88227)
246	0.313811	FalseGround	Unlabelled	SPOkGoodGood	Alarm(_G_-ENTRY,vasnprintf-88255)
247	0.313811	FalseGround	Unlabelled	SPOkGoodGood	Alarm(_G_-ENTRY,vasnprintf-88437)
248	0.313811	FalseGround	Unlabelled	SPOkGoodGood	Alarm(_G_-ENTRY,vasnprintf-88496)
249	0.313811	FalseGround	Unlabelled	SPOkGoodGood	Alarm(_G_-ENTRY,vasnprintf-88500)
250	0.313811	FalseGround	Unlabelled	SPOkGoodGood	Alarm(_G_-ENTRY,vasnprintf-88525)
251	0.313811	FalseGround	Unlabelled	SPOkGoodGood	Alarm(_G_-ENTRY,vasnprintf-88530)
252	0.313811	FalseGround	Unlabelled	SPOkGoodGood	Alarm(_G_-ENTRY,vasnprintf-88535)
253	0.313811	FalseGround	Unlabelled	SPOkGoodGood	Alarm(_G_-ENTRY,vasnprintf-88540)
254	0.313811	FalseGround	Unlabelled	SPOkGoodGood	Alarm(_G_-ENTRY,vasnprintf-88545)
255	0.313811	FalseGround	Unlabelled	SPOkGoodGood	Alarm(_G_-ENTRY,vasnprintf-88550)
256	0.313811	FalseGround	Unlabelled	SPOkGoodGood	Alarm(_G_-ENTRY,vasnprintf-88555)
257	0.313811	FalseGround	Unlabelled	SPOkGoodGood	Alarm(_G_-ENTRY,vasnprintf-88560)
258	0.313811	FalseGround	Unlabelled	SPOkGoodGood	Alarm(_G_-ENTRY,vasnprintf-88565)
259	0.313811	FalseGround	Unlabelled	SPOkGoodGood	Alarm(_G_-ENTRY,vasnprintf-88570)
260	0.313811	FalseGround	Unlabelled	SPOkGoodGood	Alarm(_G_-ENTRY,vasnprintf-88575)
261	0.313811	FalseGround	Unlabelled	SPOkGoodGood	Alarm(_G_-ENTRY,vasnprintf-88580)
262	0.313811	FalseGround	Unlabelled	SPOkGoodGood	Alarm(_G_-ENTRY,vasnprintf-88585)
263	0.313811	FalseGround	Unlabelled	SPOkGoodGood	Alarm(_G_-ENTRY,vasnprintf-88590)
264	0.313811	FalseGround	Unlabelled	SPOkGoodGood	Alarm(_G_-ENTRY,vasnprintf-88595)
265	0.313811	FalseGround	Unlabelled	SPOkGoodGood	Alarm(_G_-ENTRY,vasnprintf-88600)
266	0.313811	FalseGround	Unlabelled	SPOkGoodGood	Alarm(_G_-ENTRY,vasnprintf-88605)
267	0.309263	FalseGround	Unlabelled	SPOkGoodGood	Alarm(_G_-ENTRY,buffer_linelim-116147)
268	0.309263	FalseGround	Unlabelled	SPOkGoodGood	Alarm(_G_-ENTRY,hash_insert-79346)
269	0.309263	FalseGround	Unlabelled	SPOkGoodGood	Alarm(_G_-ENTRY,hash_insert-79352)
270	0.309263	FalseGround	Unlabelled	SPOkGoodGood	Alarm(_G_-ENTRY,hash_insert-79353)
271	0.303901	FalseGround	Unlabelled	SPOkGoodGood	Alarm(_G_-ENTRY,vasnprintf-88404)
272	0.303901	FalseGround	Unlabelled	SPOkGoodGood	Alarm(_G_-ENTRY,vasnprintf-88412)
273	0.302634	FalseGround	Unlabelled	SPOkGoodGood	Alarm(_G_-ENTRY,fillbuf___7-116596)
274	0.302634	FalseGround	Unlabelled	SPOkGoodGood	Alarm(_G_-ENTRY,fillbuf___7-116597)
275	0.302634	FalseGround	Unlabelled	SPOkGoodGood	Alarm(_G_-ENTRY,fillbuf___7-116606)
276	0.302634	FalseGround	Unlabelled	SPOkGoodGood	Alarm(_G_-ENTRY,fillbuf___7-116607)
277	0.302634	FalseGround	Unlabelled	SPOkGoodGood	Alarm(_G_-ENTRY,humblock-78855)
278	0.302634	FalseGround	Unlabelled	SPOkGoodGood	Alarm(_G_-ENTRY,humblock-78856)
279	0.302634	FalseGround	Unlabelled	SPOkGoodGood	Alarm(_G_-ENTRY,humblock-78861)
280	0.302634	FalseGround	Unlabelled	SPOkGoodGood	Alarm(_G_-ENTRY,humblock-78862)
281	0.302634	FalseGround	Unlabelled	SPOkGoodGood	Alarm(_G_-ENTRY,humblock-78863)
282	0.302634	FalseGround	Unlabelled	SPOkGoodGood	Alarm(_G_-ENTRY,humblock-78864)
283	0.302203	FalseGround	Unlabelled	SPOkGoodGood	Alarm(_G_-ENTRY,build_trtable-105645)
284	0.302203	FalseGround	Unlabelled	SPOkGoodGood	Alarm(_G_-ENTRY,build_trtable-105646)
285	0.302203	FalseGround	Unlabelled	SPOkGoodGood	Alarm(_G_-ENTRY,build_trtable-105655)
286	0.302203	FalseGround	Unlabelled	SPOkGoodGood	Alarm(_G_-ENTRY,build_trtable-105656)
287	0.258858	FalseGround	Unlabelled	SPOkGoodGood	Alarm(_G_-ENTRY,initbuf-116172)
288	0.258858	FalseGround	Unlabelled	SPOkGoodGood	Alarm(_G_-ENTRY,initbuf-116173)
289	0.258858	FalseGround	Unlabelled	SPOkGoodGood	Alarm(_G_-ENTRY,vasnprintf-87557)
290	0.258858	FalseGround	Unlabelled	SPOkGoodGood	Alarm(_G_-ENTRY,vasnprintf-87558)
291	0.258858	FalseGround	Unlabelled	SPOkGoodGood	Alarm(_G_-ENTRY,vasnprintf-87587)
292	0.258858	FalseGround	Unlabelled	SPOkGoodGood	Alarm(_G_-ENTRY,vasnprintf-87588)
293	0.258858	FalseGround	Unlabelled	SPOkGoodGood	Alarm(_G_-ENTRY,vasnprintf-87589)
294	0.258858	FalseGround	Unlabelled	SPOkGoodGood	Alarm(_G_-ENTRY,vasnprintf-87590)
295	0.258858	FalseGround	Unlabelled	SPOkGoodGood	Alarm(_G_-ENTRY,vasnprintf-87613)
296	0.258858	FalseGround	Unlabelled	SPOkGoodGood	Alarm(_G_-ENTRY,vasnprintf-87614)
297	0.258858	FalseGround	Unlabelled	SPOkGoodGood	Alarm(_G_-ENTRY,vasnprintf-87615)
298	0.258858	FalseGround	Unlabelled	SPOkGoodGood	Alarm(_G_-ENTRY,vasnprintf-87616)
299	0.258858	FalseGround	Unlabelled	SPOkGoodGood	Alarm(_G_-ENTRY,vasnprintf-87627)
300	0.258858	FalseGround	Unlabelled	SPOkGoodGood	Alarm(_G_-ENTRY,vasnprintf-87628)
301	0.258858	FalseGround	Unlabelled	SPOkGoodGood	Alarm(_G_-ENTRY,vasnprintf-87629)
302	0.258858	FalseGround	Unlabelled	SPOkGoodGood	Alarm(_G_-ENTRY,vasnprintf-87630)
303	0.258858	FalseGround	Unlabelled	SPOkGoodGood	Alarm(_G_-ENTRY,vasnprintf-87631)
304	0.258858	FalseGround	Unlabelled	SPOkGoodGood	Alarm(_G_-ENTRY,vasnprintf-87632)
305	0.258858	FalseGround	Unlabelled	SPOkGoodGood	Alarm(_G_-ENTRY,vasnprintf-87633)
306	0.258858	FalseGround	Unlabelled	SPOkGoodGood	Alarm(_G_-ENTRY,vasnprintf-87634)
307	0.258858	FalseGround	Unlabelled	SPOkGoodGood	Alarm(_G_-ENTRY,vasnprintf-87635)
308	0.258858	FalseGround	Unlabelled	SPOkGoodGood	Alarm(_G_-ENTRY,vasnprintf-87636)
309	0.258858	FalseGround	Unlabelled	SPOkGoodGood	Alarm(_G_-ENTRY,vasnprintf-87637)
310	0.258858	FalseGround	Unlabelled	SPOkGoodGood	Alarm(_G_-ENTRY,vasnprintf-87638)
311	0.258858	FalseGround	Unlabelled	SPOkGoodGood	Alarm(_G_-ENTRY,vasnprintf-87639)
312	0.258858	FalseGround	Unlabelled	SPOkGoodGood	Alarm(_G_-ENTRY,vasnprintf-87640)
313	0.258858	FalseGround	Unlabelled	SPOkGoodGood	Alarm(_G_-ENTRY,vasnprintf-87641)
314	0.258858	FalseGround	Unlabelled	SPOkGoodGood	Alarm(_G_-ENTRY,vasnprintf-87642)
315	0.258858	FalseGround	Unlabelled	SPOkGoodGood	Alarm(_G_-ENTRY,vasnprintf-87647)
316	0.258858	FalseGround	Unlabelled	SPOkGoodGood	Alarm(_G_-ENTRY,vasnprintf-87648)
317	0.258858	FalseGround	Unlabelled	SPOkGoodGood	Alarm(_G_-ENTRY,vasnprintf-87649)
318	0.258858	FalseGround	Unlabelled	SPOkGoodGood	Alarm(_G_-ENTRY,vasnprintf-87650)
319	0.258858	FalseGround	Unlabelled	SPOkGoodGood	Alarm(_G_-ENTRY,vasnprintf-87659)
320	0.258858	FalseGround	Unlabelled	SPOkGoodGood	Alarm(_G_-ENTRY,vasnprintf-87660)
321	0.258858	FalseGround	Unlabelled	SPOkGoodGood	Alarm(_G_-ENTRY,vasnprintf-87661)
322	0.258858	FalseGround	Unlabelled	SPOkGoodGood	Alarm(_G_-ENTRY,vasnprintf-87662)
323	0.258858	FalseGround	Unlabelled	SPOkGoodGood	Alarm(_G_-ENTRY,vasnprintf-87673)
324	0.258858	FalseGround	Unlabelled	SPOkGoodGood	Alarm(_G_-ENTRY,vasnprintf-87674)
325	0.258858	FalseGround	Unlabelled	SPOkGoodGood	Alarm(_G_-ENTRY,vasnprintf-87675)
326	0.258858	FalseGround	Unlabelled	SPOkGoodGood	Alarm(_G_-ENTRY,vasnprintf-87676)
327	0.258858	FalseGround	Unlabelled	SPOkGoodGood	Alarm(_G_-ENTRY,vasnprintf-87689)
328	0.258858	FalseGround	Unlabelled	SPOkGoodGood	Alarm(_G_-ENTRY,vasnprintf-87690)
329	0.258858	FalseGround	Unlabelled	SPOkGoodGood	Alarm(_G_-ENTRY,vasnprintf-87691)
330	0.258858	FalseGround	Unlabelled	SPOkGoodGood	Alarm(_G_-ENTRY,vasnprintf-87692)
331	0.258858	FalseGround	Unlabelled	SPOkGoodGood	Alarm(_G_-ENTRY,vasnprintf-87709)
332	0.258858	FalseGround	Unlabelled	SPOkGoodGood	Alarm(_G_-ENTRY,vasnprintf-87710)
333	0.258858	FalseGround	Unlabelled	SPOkGoodGood	Alarm(_G_-ENTRY,vasnprintf-87711)
334	0.258858	FalseGround	Unlabelled	SPOkGoodGood	Alarm(_G_-ENTRY,vasnprintf-87712)
335	0.258858	FalseGround	Unlabelled	SPOkGoodGood	Alarm(_G_-ENTRY,vasnprintf-87715)
336	0.258858	FalseGround	Unlabelled	SPOkGoodGood	Alarm(_G_-ENTRY,vasnprintf-87716)
337	0.258858	FalseGround	Unlabelled	SPOkGoodGood	Alarm(_G_-ENTRY,vasnprintf-87717)
338	0.258858	FalseGround	Unlabelled	SPOkGoodGood	Alarm(_G_-ENTRY,vasnprintf-87718)
339	0.258858	FalseGround	Unlabelled	SPOkGoodGood	Alarm(_G_-ENTRY,vasnprintf-87725)
340	0.258858	FalseGround	Unlabelled	SPOkGoodGood	Alarm(_G_-ENTRY,vasnprintf-87726)
341	0.258858	FalseGround	Unlabelled	SPOkGoodGood	Alarm(_G_-ENTRY,vasnprintf-87727)
342	0.258858	FalseGround	Unlabelled	SPOkGoodGood	Alarm(_G_-ENTRY,vasnprintf-87728)
343	0.258858	FalseGround	Unlabelled	SPOkGoodGood	Alarm(_G_-ENTRY,vasnprintf-87735)
344	0.258858	FalseGround	Unlabelled	SPOkGoodGood	Alarm(_G_-ENTRY,vasnprintf-87736)
345	0.258858	FalseGround	Unlabelled	SPOkGoodGood	Alarm(_G_-ENTRY,vasnprintf-87737)
346	0.258858	FalseGround	Unlabelled	SPOkGoodGood	Alarm(_G_-ENTRY,vasnprintf-87738)
347	0.258858	FalseGround	Unlabelled	SPOkGoodGood	Alarm(_G_-ENTRY,vasnprintf-87745)
348	0.258858	FalseGround	Unlabelled	SPOkGoodGood	Alarm(_G_-ENTRY,vasnprintf-87746)
349	0.258858	FalseGround	Unlabelled	SPOkGoodGood	Alarm(_G_-ENTRY,vasnprintf-87747)
350	0.258858	FalseGround	Unlabelled	SPOkGoodGood	Alarm(_G_-ENTRY,vasnprintf-87748)
351	0.258858	FalseGround	Unlabelled	SPOkGoodGood	Alarm(_G_-ENTRY,vasnprintf-87815)
352	0.258858	FalseGround	Unlabelled	SPOkGoodGood	Alarm(_G_-ENTRY,vasnprintf-87816)
353	0.258858	FalseGround	Unlabelled	SPOkGoodGood	Alarm(_G_-ENTRY,vasnprintf-87821)
354	0.258858	FalseGround	Unlabelled	SPOkGoodGood	Alarm(_G_-ENTRY,vasnprintf-87822)
355	0.258858	FalseGround	Unlabelled	SPOkGoodGood	Alarm(_G_-ENTRY,vasnprintf-87841)
356	0.258858	FalseGround	Unlabelled	SPOkGoodGood	Alarm(_G_-ENTRY,vasnprintf-87842)
357	0.258858	FalseGround	Unlabelled	SPOkGoodGood	Alarm(_G_-ENTRY,vasnprintf-87845)
358	0.258858	FalseGround	Unlabelled	SPOkGoodGood	Alarm(_G_-ENTRY,vasnprintf-87846)
359	0.254187	FalseGround	Unlabelled	SPOkGoodGood	Alarm(_G_-ENTRY,vasnprintf-87617)
360	0.254187	FalseGround	Unlabelled	SPOkGoodGood	Alarm(_G_-ENTRY,vasnprintf-87618)
361	0.254187	FalseGround	Unlabelled	SPOkGoodGood	Alarm(_G_-ENTRY,vasnprintf-87619)
362	0.254187	FalseGround	Unlabelled	SPOkGoodGood	Alarm(_G_-ENTRY,vasnprintf-87620)
363	0.254187	FalseGround	Unlabelled	SPOkGoodGood	Alarm(_G_-ENTRY,vasnprintf-87621)
364	0.254187	FalseGround	Unlabelled	SPOkGoodGood	Alarm(_G_-ENTRY,vasnprintf-87622)
365	0.254187	FalseGround	Unlabelled	SPOkGoodGood	Alarm(_G_-ENTRY,vasnprintf-87623)
366	0.254187	FalseGround	Unlabelled	SPOkGoodGood	Alarm(_G_-ENTRY,vasnprintf-87624)
367	0.254187	FalseGround	Unlabelled	SPOkGoodGood	Alarm(_G_-ENTRY,vasnprintf-87625)
368	0.254187	FalseGround	Unlabelled	SPOkGoodGood	Alarm(_G_-ENTRY,vasnprintf-87626)
369	0.254187	FalseGround	Unlabelled	SPOkGoodGood	Alarm(_G_-ENTRY,vasnprintf-87643)
370	0.254187	FalseGround	Unlabelled	SPOkGoodGood	Alarm(_G_-ENTRY,vasnprintf-87644)
371	0.254187	FalseGround	Unlabelled	SPOkGoodGood	Alarm(_G_-ENTRY,vasnprintf-87651)
372	0.254187	FalseGround	Unlabelled	SPOkGoodGood	Alarm(_G_-ENTRY,vasnprintf-87652)
373	0.254187	FalseGround	Unlabelled	SPOkGoodGood	Alarm(_G_-ENTRY,vasnprintf-87663)
374	0.254187	FalseGround	Unlabelled	SPOkGoodGood	Alarm(_G_-ENTRY,vasnprintf-87664)
375	0.254187	FalseGround	Unlabelled	SPOkGoodGood	Alarm(_G_-ENTRY,vasnprintf-87843)
376	0.254187	FalseGround	Unlabelled	SPOkGoodGood	Alarm(_G_-ENTRY,vasnprintf-87844)
377	0.254187	FalseGround	Unlabelled	SPOkGoodGood	Alarm(_G_-ENTRY,vasnprintf-87847)
378	0.254187	FalseGround	Unlabelled	SPOkGoodGood	Alarm(_G_-ENTRY,vasnprintf-87848)
379	0.2481	FalseGround	Unlabelled	SPOkGoodGood	Alarm(_G_-ENTRY,free_entry-79218)
380	0.2481	FalseGround	Unlabelled	SPOkGoodGood	Alarm(_G_-ENTRY,free_entry-79219)
381	0.246352	FalseGround	Unlabelled	SPOkGoodGood	Alarm(_G_-ENTRY,mergefps-118339)
382	0.246352	FalseGround	Unlabelled	SPOkGoodGood	Alarm(_G_-ENTRY,mergefps-118340)
383	0.246352	FalseGround	Unlabelled	SPOkGoodGood	Alarm(_G_-ENTRY,mergefps-118341)
384	0.246352	FalseGround	Unlabelled	SPOkGoodGood	Alarm(_G_-ENTRY,mergefps-118342)
385	0.246352	FalseGround	Unlabelled	SPOkGoodGood	Alarm(_G_-ENTRY,mergefps-118343)
386	0.241967	FalseGround	Unlabelled	SPOkGoodGood	Alarm(_G_-ENTRY,merge-118651)
387	0.23444	FalseGround	Unlabelled	SPOkGoodGood	Alarm(_G_-ENTRY,xgethostname-86981)
388	0.23444	FalseGround	Unlabelled	SPOkGoodGood	Alarm(_G_-ENTRY,xgethostname-86982)
389	0.233224	FalseGround	Unlabelled	SPOkGoodGood	Alarm(_G_-ENTRY,hash_rehash-79264)
390	0.233224	FalseGround	Unlabelled	SPOkGoodGood	Alarm(_G_-ENTRY,hash_rehash-79265)
391	0.231419	FalseGround	Unlabelled	SPOkGoodGood	Alarm(_G_-ENTRY,begfield-116303)
392	0.231419	FalseGround	Unlabelled	SPOkGoodGood	Alarm(_G_-ENTRY,begfield-116304)
393	0.231419	FalseGround	Unlabelled	SPOkGoodGood	Alarm(_G_-ENTRY,begfield-116313)
394	0.231419	FalseGround	Unlabelled	SPOkGoodGood	Alarm(_G_-ENTRY,begfield-116315)
395	0.231419	FalseGround	Unlabelled	SPOkGoodGood	Alarm(_G_-ENTRY,begfield-116317)
396	0.231419	FalseGround	Unlabelled	SPOkGoodGood	Alarm(_G_-ENTRY,limfield-116436)
397	0.231419	FalseGround	Unlabelled	SPOkGoodGood	Alarm(_G_-ENTRY,limfield-116437)
398	0.231419	FalseGround	Unlabelled	SPOkGoodGood	Alarm(_G_-ENTRY,limfield-116447)
399	0.231419	FalseGround	Unlabelled	SPOkGoodGood	Alarm(_G_-ENTRY,limfield-116449)
400	0.231419	FalseGround	Unlabelled	SPOkGoodGood	Alarm(_G_-ENTRY,limfield-116451)
401	0.187449	FalseGround	Unlabelled	SPOkGoodGood	Alarm(_G_-ENTRY,begfield-116279)
402	0.187449	FalseGround	Unlabelled	SPOkGoodGood	Alarm(_G_-ENTRY,begfield-116280)
403	0.187449	FalseGround	Unlabelled	SPOkGoodGood	Alarm(_G_-ENTRY,limfield-116408)
404	0.187449	FalseGround	Unlabelled	SPOkGoodGood	Alarm(_G_-ENTRY,limfield-116409)
405	0.182675	FalseGround	Unlabelled	SPOkGoodGood	Alarm(_G_-ENTRY,hash_rehash-79284)
406	0.182675	FalseGround	Unlabelled	SPOkGoodGood	Alarm(_G_-ENTRY,hash_rehash-79288)
407	0.182675	FalseGround	Unlabelled	SPOkGoodGood	Alarm(_G_-ENTRY,hash_rehash-79291)
408	0.182675	FalseGround	Unlabelled	SPOkGoodGood	Alarm(_G_-ENTRY,hash_rehash-79297)
409	0.180773	FalseGround	Unlabelled	SPOkGoodGood	Alarm(_G_-ENTRY,vasnprintf-88469)
410	0.180773	FalseGround	Unlabelled	SPOkGoodGood	Alarm(_G_-ENTRY,vasnprintf-88479)
411	0.175076	FalseGround	Unlabelled	SPOkGoodGood	Alarm(_G_-ENTRY,check-117734)
412	0.175076	FalseGround	Unlabelled	SPOkGoodGood	Alarm(_G_-ENTRY,fillbuf___7-116661)
413	0.175076	FalseGround	Unlabelled	SPOkGoodGood	Alarm(_G_-ENTRY,getmonth-116799)
414	0.175076	FalseGround	Unlabelled	SPOkGoodGood	Alarm(_G_-ENTRY,md5_process_block-113715)
415	0.175076	FalseGround	Unlabelled	SPOkGoodGood	Alarm(_G_-ENTRY,md5_process_block-113716)
416	0.175076	FalseGround	Unlabelled	SPOkGoodGood	Alarm(_G_-ENTRY,md5_process_block-113717)
417	0.175076	FalseGround	Unlabelled	SPOkGoodGood	Alarm(_G_-ENTRY,md5_process_block-113718)
418	0.175076	FalseGround	Unlabelled	SPOkGoodGood	Alarm(_G_-ENTRY,md5_process_block-113719)
419	0.175076	FalseGround	Unlabelled	SPOkGoodGood	Alarm(_G_-ENTRY,md5_process_block-113720)
420	0.175076	FalseGround	Unlabelled	SPOkGoodGood	Alarm(_G_-ENTRY,md5_process_block-113728)
421	0.175076	FalseGround	Unlabelled	SPOkGoodGood	Alarm(_G_-ENTRY,md5_process_block-113736)
422	0.175076	FalseGround	Unlabelled	SPOkGoodGood	Alarm(_G_-ENTRY,md5_process_block-113744)
423	0.175076	FalseGround	Unlabelled	SPOkGoodGood	Alarm(_G_-ENTRY,md5_process_block-113752)
424	0.175076	FalseGround	Unlabelled	SPOkGoodGood	Alarm(_G_-ENTRY,md5_process_block-113760)
425	0.175076	FalseGround	Unlabelled	SPOkGoodGood	Alarm(_G_-ENTRY,md5_process_block-113768)
426	0.175076	FalseGround	Unlabelled	SPOkGoodGood	Alarm(_G_-ENTRY,md5_process_block-113776)
427	0.175076	FalseGround	Unlabelled	SPOkGoodGood	Alarm(_G_-ENTRY,md5_process_block-113784)
428	0.175076	FalseGround	Unlabelled	SPOkGoodGood	Alarm(_G_-ENTRY,md5_process_block-113792)
429	0.175076	FalseGround	Unlabelled	SPOkGoodGood	Alarm(_G_-ENTRY,md5_process_block-113800)
430	0.175076	FalseGround	Unlabelled	SPOkGoodGood	Alarm(_G_-ENTRY,md5_process_block-113808)
431	0.175076	FalseGround	Unlabelled	SPOkGoodGood	Alarm(_G_-ENTRY,md5_process_block-113816)
432	0.175076	FalseGround	Unlabelled	SPOkGoodGood	Alarm(_G_-ENTRY,md5_process_block-113824)
433	0.175076	FalseGround	Unlabelled	SPOkGoodGood	Alarm(_G_-ENTRY,md5_process_block-113832)
434	0.175076	FalseGround	Unlabelled	SPOkGoodGood	Alarm(_G_-ENTRY,md5_process_block-113840)
435	0.175076	FalseGround	Unlabelled	SPOkGoodGood	Alarm(_G_-ENTRY,md5_process_block-113848)
436	0.175076	FalseGround	Unlabelled	SPOkGoodGood	Alarm(_G_-ENTRY,md5_process_block-114002)
437	0.175076	FalseGround	Unlabelled	SPOkGoodGood	Alarm(_G_-ENTRY,md5_process_block-114003)
438	0.175076	FalseGround	Unlabelled	SPOkGoodGood	Alarm(_G_-ENTRY,md5_process_block-114004)
439	0.175076	FalseGround	Unlabelled	SPOkGoodGood	Alarm(_G_-ENTRY,md5_process_block-114005)
440	0.175076	FalseGround	Unlabelled	SPOkGoodGood	Alarm(_G_-ENTRY,verrevcmp-83413)
441	0.175076	FalseGround	Unlabelled	SPOkGoodGood	Alarm(_G_-ENTRY,verrevcmp-83414)
442	0.175076	FalseGround	Unlabelled	SPOkGoodGood	Alarm(_G_-ENTRY,verrevcmp-83415)
443	0.175076	FalseGround	Unlabelled	SPOkGoodGood	Alarm(_G_-ENTRY,verrevcmp-83418)
444	0.152712	FalseGround	Unlabelled	SPOkGoodGood	Alarm(_G_-ENTRY,hash_find_entry-79241)
445	0.147093	FalseGround	Unlabelled	SPOkGoodGood	Alarm(_G_-ENTRY,numcompare___3-116732)
446	0.147093	FalseGround	Unlabelled	SPOkGoodGood	Alarm(_G_-ENTRY,numcompare___3-116734)
447	0.147093	FalseGround	Unlabelled	SPOkGoodGood	Alarm(_G_-ENTRY,vasnprintf-88326)
448	0.147093	FalseGround	Unlabelled	SPOkGoodGood	Alarm(_G_-ENTRY,vasnprintf-88336)
449	0.147093	FalseGround	Unlabelled	SPOkGoodGood	Alarm(_G_-ENTRY,vasnprintf-88343)
450	0.147093	FalseGround	Unlabelled	SPOkGoodGood	Alarm(_G_-ENTRY,vasnprintf-88361)
451	0.147093	FalseGround	Unlabelled	SPOkGoodGood	Alarm(_G_-ENTRY,vasnprintf-88378)
452	0.147093	FalseGround	Unlabelled	SPOkGoodGood	Alarm(_G_-ENTRY,vasnprintf-88385)
453	0.147093	FalseGround	Unlabelled	SPOkGoodGood	Alarm(_G_-ENTRY,vasnprintf-88445)
454	0.147093	FalseGround	Unlabelled	SPOkGoodGood	Alarm(_G_-ENTRY,vasnprintf-88448)
455	0.147093	FalseGround	Unlabelled	SPOkGoodGood	Alarm(_G_-ENTRY,vasnprintf-88451)
456	0.147093	FalseGround	Unlabelled	SPOkGoodGood	Alarm(_G_-ENTRY,vasnprintf-88454)
457	0.147093	FalseGround	Unlabelled	SPOkGoodGood	Alarm(_G_-ENTRY,vasnprintf-88457)
458	0.147093	FalseGround	Unlabelled	SPOkGoodGood	Alarm(_G_-ENTRY,vasnprintf-88460)
459	0.147093	FalseGround	Unlabelled	SPOkGoodGood	Alarm(_G_-ENTRY,vasnprintf-88483)
460	0.147093	FalseGround	Unlabelled	SPOkGoodGood	Alarm(_G_-ENTRY,vasnprintf-88486)
461	0.147093	FalseGround	Unlabelled	SPOkGoodGood	Alarm(_G_-ENTRY,vasnprintf-88489)
462	0.147093	FalseGround	Unlabelled	SPOkGoodGood	Alarm(_G_-ENTRY,vasnprintf-88491)
463	0.141811	FalseGround	Unlabelled	SPOkGoodGood	Alarm(_G_-ENTRY,check-117701)
464	0.141811	FalseGround	Unlabelled	SPOkGoodGood	Alarm(_G_-ENTRY,check-117702)
465	0.141811	FalseGround	Unlabelled	SPOkGoodGood	Alarm(_G_-ENTRY,fillbuf___7-116608)
466	0.141811	FalseGround	Unlabelled	SPOkGoodGood	Alarm(_G_-ENTRY,fillbuf___7-116609)
467	0.141811	FalseGround	Unlabelled	SPOkGoodGood	Alarm(_G_-ENTRY,md5_process_block-113708)
468	0.141811	FalseGround	Unlabelled	SPOkGoodGood	Alarm(_G_-ENTRY,md5_process_block-113709)
469	0.141782	FalseGround	Unlabelled	SPOkGoodGood	Alarm(_G_-ENTRY,build_wcs_upper_buffer-95383)
470	0.141782	FalseGround	Unlabelled	SPOkGoodGood	Alarm(_G_-ENTRY,merge-118666)
471	0.141782	FalseGround	Unlabelled	SPOkGoodGood	Alarm(_G_-ENTRY,merge-118678)
472	0.141782	FalseGround	Unlabelled	SPOkGoodGood	Alarm(_G_-ENTRY,mergefps-118290)
473	0.138713	FalseGround	Unlabelled	SPOkGoodGood	Alarm(_G_-ENTRY,hash_find_entry-79242)
474	0.138713	FalseGround	Unlabelled	SPOkGoodGood	Alarm(_G_-ENTRY,hash_find_entry-79243)
475	0.138713	FalseGround	Unlabelled	SPOkGoodGood	Alarm(_G_-ENTRY,hash_find_entry-79246)
476	0.135085	FalseGround	Unlabelled	SPOkGoodGood	Alarm(_G_-ENTRY,add_exclude_file-84064)
477	0.135085	FalseGround	Unlabelled	SPOkGoodGood	Alarm(_G_-ENTRY,avoid_trashing_input-118573)
478	0.135085	FalseGround	Unlabelled	SPOkGoodGood	Alarm(_G_-ENTRY,avoid_trashing_input-118574)
479	0.135085	TrueGround	Unlabelled	SPOkGoodGood	Alarm(_G_-ENTRY,avoid_trashing_input-118575)
480	0.135085	FalseGround	Unlabelled	SPOkGoodGood	Alarm(_G_-ENTRY,build_trtable-105788)
481	0.135085	FalseGround	Unlabelled	SPOkGoodGood	Alarm(_G_-ENTRY,build_wcs_upper_buffer-95322)
482	0.135085	FalseGround	Unlabelled	SPOkGoodGood	Alarm(_G_-ENTRY,build_wcs_upper_buffer-95360)
483	0.135085	FalseGround	Unlabelled	SPOkGoodGood	Alarm(_G_-ENTRY,build_wcs_upper_buffer-95368)
484	0.135085	FalseGround	Unlabelled	SPOkGoodGood	Alarm(_G_-ENTRY,canonicalize_filename_mode-84769)
485	0.135085	FalseGround	Unlabelled	SPOkGoodGood	Alarm(_G_-ENTRY,get_charset_aliases-78124)
486	0.135085	FalseGround	Unlabelled	SPOkGoodGood	Alarm(_G_-ENTRY,get_charset_aliases-78125)
487	0.135085	FalseGround	Unlabelled	SPOkGoodGood	Alarm(_G_-ENTRY,get_charset_aliases-78128)
488	0.135085	FalseGround	Unlabelled	SPOkGoodGood	Alarm(_G_-ENTRY,initbuf-116188)
489	0.135085	FalseGround	Unlabelled	SPOkGoodGood	Alarm(_G_-ENTRY,initbuf-116189)
490	0.135085	FalseGround	Unlabelled	SPOkGoodGood	Alarm(_G_-ENTRY,keycompare-117512)
491	0.135085	FalseGround	Unlabelled	SPOkGoodGood	Alarm(_G_-ENTRY,keycompare-117513)
492	0.135085	FalseGround	Unlabelled	SPOkGoodGood	Alarm(_G_-ENTRY,keycompare-117521)
493	0.135085	FalseGround	Unlabelled	SPOkGoodGood	Alarm(_G_-ENTRY,keycompare-117541)
494	0.135085	FalseGround	Unlabelled	SPOkGoodGood	Alarm(_G_-ENTRY,keycompare-117542)
495	0.135085	FalseGround	Unlabelled	SPOkGoodGood	Alarm(_G_-ENTRY,keycompare-117543)
496	0.135085	FalseGround	Unlabelled	SPOkGoodGood	Alarm(_G_-ENTRY,keycompare-117548)
497	0.135085	FalseGround	Unlabelled	SPOkGoodGood	Alarm(_G_-ENTRY,keycompare-117549)
498	0.135085	FalseGround	Unlabelled	SPOkGoodGood	Alarm(_G_-ENTRY,match_suffix-83343)
499	0.135085	FalseGround	Unlabelled	SPOkGoodGood	Alarm(_G_-ENTRY,match_suffix-83347)
500	0.135085	FalseGround	Unlabelled	SPOkGoodGood	Alarm(_G_-ENTRY,memcoll-112674)
501	0.135085	FalseGround	Unlabelled	SPOkGoodGood	Alarm(_G_-ENTRY,merge-118630)
502	0.135085	FalseGround	Unlabelled	SPOkGoodGood	Alarm(_G_-ENTRY,merge-118631)
503	0.135085	FalseGround	Unlabelled	SPOkGoodGood	Alarm(_G_-ENTRY,merge-118646)
504	0.135085	FalseGround	Unlabelled	SPOkGoodGood	Alarm(_G_-ENTRY,merge-118649)
505	0.135085	FalseGround	Unlabelled	SPOkGoodGood	Alarm(_G_-ENTRY,mergefps-118284)
506	0.135085	FalseGround	Unlabelled	SPOkGoodGood	Alarm(_G_-ENTRY,mergefps-118285)
507	0.135085	FalseGround	Unlabelled	SPOkGoodGood	Alarm(_G_-ENTRY,mergefps-118287)
508	0.135085	FalseGround	Unlabelled	SPOkGoodGood	Alarm(_G_-ENTRY,mergefps-118289)
509	0.135085	FalseGround	Unlabelled	SPOkGoodGood	Alarm(_G_-ENTRY,mergefps-118297)
510	0.135085	FalseGround	Unlabelled	SPOkGoodGood	Alarm(_G_-ENTRY,mergefps-118301)
511	0.135085	FalseGround	Unlabelled	SPOkGoodGood	Alarm(_G_-ENTRY,mergefps-118302)
512	0.135085	FalseGround	Unlabelled	SPOkGoodGood	Alarm(_G_-ENTRY,mergefps-118334)
513	0.135085	FalseGround	Unlabelled	SPOkGoodGood	Alarm(_G_-ENTRY,mergefps-118346)
514	0.135085	FalseGround	Unlabelled	SPOkGoodGood	Alarm(_G_-ENTRY,mergefps-118361)
515	0.135085	FalseGround	Unlabelled	SPOkGoodGood	Alarm(_G_-ENTRY,mergefps-118363)
516	0.135085	FalseGround	Unlabelled	SPOkGoodGood	Alarm(_G_-ENTRY,open_input_files-117802)
517	0.135085	FalseGround	Unlabelled	SPOkGoodGood	Alarm(_G_-ENTRY,open_input_files-117803)
518	0.135085	FalseGround	Unlabelled	SPOkGoodGood	Alarm(_G_-ENTRY,open_input_files-117805)
519	0.135085	FalseGround	Unlabelled	SPOkGoodGood	Alarm(_G_-ENTRY,open_input_files-117811)
520	0.135085	FalseGround	Unlabelled	SPOkGoodGood	Alarm(_G_-ENTRY,sort-118840)
521	0.135085	FalseGround	Unlabelled	SPOkGoodGood	Alarm(_G_-ENTRY,verrevcmp-83406)
522	0.124384	FalseGround	Unlabelled	SPOkGoodGood	Alarm(_G_-ENTRY,areadlink_with_size-85848)
523	0.123697	FalseGround	Unlabelled	SPOkGoodGood	Alarm(_G_-ENTRY,hash_find_entry-79223)
524	0.123697	FalseGround	Unlabelled	SPOkGoodGood	Alarm(_G_-ENTRY,hash_find_entry-79224)
525	0.123697	FalseGround	Unlabelled	SPOkGoodGood	Alarm(_G_-ENTRY,hash_find_entry-79229)
526	0.123697	FalseGround	Unlabelled	SPOkGoodGood	Alarm(_G_-ENTRY,hash_find_entry-79230)
527	0.119433	FalseGround	Unlabelled	SPOkGoodGood	Alarm(_G_-ENTRY,hash_insert-79326)
528	0.119433	FalseGround	Unlabelled	SPOkGoodGood	Alarm(_G_-ENTRY,hash_insert-79327)
529	0.109419	FalseGround	Unlabelled	SPOkGoodGood	Alarm(_G_-ENTRY,add_exclude_file-83994)
530	0.109419	FalseGround	Unlabelled	SPOkGoodGood	Alarm(_G_-ENTRY,add_exclude_file-83995)
531	0.109419	FalseGround	Unlabelled	SPOkGoodGood	Alarm(_G_-ENTRY,add_exclude_file-84000)
532	0.109419	FalseGround	Unlabelled	SPOkGoodGood	Alarm(_G_-ENTRY,add_exclude_file-84001)
533	0.109419	FalseGround	Unlabelled	SPOkGoodGood	Alarm(_G_-ENTRY,get_charset_aliases-78045)
534	0.109419	FalseGround	Unlabelled	SPOkGoodGood	Alarm(_G_-ENTRY,get_charset_aliases-78046)
535	0.109419	FalseGround	Unlabelled	SPOkGoodGood	Alarm(_G_-ENTRY,match_suffix-83324)
536	0.109419	FalseGround	Unlabelled	SPOkGoodGood	Alarm(_G_-ENTRY,match_suffix-83325)
537	0.109419	FalseGround	Unlabelled	SPOkGoodGood	Alarm(_G_-ENTRY,match_suffix-83330)
538	0.109419	FalseGround	Unlabelled	SPOkGoodGood	Alarm(_G_-ENTRY,match_suffix-83331)
539	0.109419	FalseGround	Unlabelled	SPOkGoodGood	Alarm(_G_-ENTRY,match_suffix-83332)
540	0.109419	FalseGround	Unlabelled	SPOkGoodGood	Alarm(_G_-ENTRY,match_suffix-83333)
541	0.109419	FalseGround	Unlabelled	SPOkGoodGood	Alarm(_G_-ENTRY,match_suffix-83338)
542	0.109419	FalseGround	Unlabelled	SPOkGoodGood	Alarm(_G_-ENTRY,match_suffix-83339)
543	0.109419	FalseGround	Unlabelled	SPOkGoodGood	Alarm(_G_-ENTRY,mergefps-118189)
544	0.109419	FalseGround	Unlabelled	SPOkGoodGood	Alarm(_G_-ENTRY,mergefps-118190)
545	0.109419	FalseGround	Unlabelled	SPOkGoodGood	Alarm(_G_-ENTRY,mergefps-118191)
546	0.109419	FalseGround	Unlabelled	SPOkGoodGood	Alarm(_G_-ENTRY,mergefps-118192)
547	0.109419	FalseGround	Unlabelled	SPOkGoodGood	Alarm(_G_-ENTRY,posix2_version-111376)
548	0.109419	FalseGround	Unlabelled	SPOkGoodGood	Alarm(_G_-ENTRY,posix2_version-111377)
549	0.109419	FalseGround	Unlabelled	SPOkGoodGood	Alarm(_G_-ENTRY,vasnprintf-87667)
550	0.109419	FalseGround	Unlabelled	SPOkGoodGood	Alarm(_G_-ENTRY,vasnprintf-87668)
551	0.107335	FalseGround	Unlabelled	SPOkGoodGood	Alarm(_G_-ENTRY,mergefps-118331)
552	0.103974	FalseGround	Unlabelled	SPOkGoodGood	Alarm(_G_-ENTRY,open_input_files-117782)
553	0.103974	FalseGround	Unlabelled	SPOkGoodGood	Alarm(_G_-ENTRY,open_input_files-117783)
554	0.101054	FalseGround	Unlabelled	SPOkGoodGood	Alarm(_G_-ENTRY,keycompare-117499)
555	0.101054	FalseGround	Unlabelled	SPOkGoodGood	Alarm(_G_-ENTRY,keycompare-117500)
556	0.101054	FalseGround	Unlabelled	SPOkGoodGood	Alarm(_G_-ENTRY,keycompare-117501)
557	0.101054	FalseGround	Unlabelled	SPOkGoodGood	Alarm(_G_-ENTRY,keycompare-117502)
558	0.101054	FalseGround	Unlabelled	SPOkGoodGood	Alarm(_G_-ENTRY,keycompare-117598)
559	0.101054	FalseGround	Unlabelled	SPOkGoodGood	Alarm(_G_-ENTRY,keycompare-117599)
560	0.101054	FalseGround	Unlabelled	SPOkGoodGood	Alarm(_G_-ENTRY,keycompare-117602)
561	0.101054	FalseGround	Unlabelled	SPOkGoodGood	Alarm(_G_-ENTRY,keycompare-117603)
562	0.096944	FalseGround	Unlabelled	SPOkGoodGood	Alarm(_G_-ENTRY,hash_rehash-79270)
563	0.096944	FalseGround	Unlabelled	SPOkGoodGood	Alarm(_G_-ENTRY,hash_rehash-79271)
564	0.0843026	FalseGround	Unlabelled	SPOkGoodGood	Alarm(_G_-ENTRY,hash_rehash-79299)
565	0.0843026	FalseGround	Unlabelled	SPOkGoodGood	Alarm(_G_-ENTRY,hash_rehash-79301)
566	0.0843026	FalseGround	Unlabelled	SPOkGoodGood	Alarm(_G_-ENTRY,hash_rehash-79302)
567	0.0833666	FalseGround	Unlabelled	SPOkGoodGood	Alarm(_G_-ENTRY,sortlines_temp-118497)
568	0.074978	FalseGround	Unlabelled	SPOkGoodGood	Alarm(_G_-ENTRY,compare_version-116984)
569	0.074978	FalseGround	Unlabelled	SPOkGoodGood	Alarm(_G_-ENTRY,compare_version-116985)
570	0.074978	FalseGround	Unlabelled	SPOkGoodGood	Alarm(_G_-ENTRY,compare_version-116986)
571	0.074978	FalseGround	Unlabelled	SPOkGoodGood	Alarm(_G_-ENTRY,compare_version-116987)
572	0.074978	FalseGround	Unlabelled	SPOkGoodGood	Alarm(_G_-ENTRY,compare_version-116989)
573	0.074978	FalseGround	Unlabelled	SPOkGoodGood	Alarm(_G_-ENTRY,compare_version-116990)
574	0.0679158	FalseGround	Unlabelled	SPOkGoodGood	Alarm(_G_-ENTRY,verrevcmp-83380)
575	0.0679158	FalseGround	Unlabelled	SPOkGoodGood	Alarm(_G_-ENTRY,verrevcmp-83381)
576	0.0679158	FalseGround	Unlabelled	SPOkGoodGood	Alarm(_G_-ENTRY,verrevcmp-83382)
577	0.0679158	FalseGround	Unlabelled	SPOkGoodGood	Alarm(_G_-ENTRY,verrevcmp-83383)
578	0.0664511	FalseGround	Unlabelled	SPOkGoodGood	Alarm(_G_-ENTRY,fillbuf___7-116666)
579	0.0664511	FalseGround	Unlabelled	SPOkGoodGood	Alarm(_G_-ENTRY,fillbuf___7-116667)
580	0.0664511	FalseGround	Unlabelled	SPOkGoodGood	Alarm(_G_-ENTRY,fillbuf___7-116671)
581	0.0664511	FalseGround	Unlabelled	SPOkGoodGood	Alarm(_G_-ENTRY,mergelines-118455)
582	0.0664511	FalseGround	Unlabelled	SPOkGoodGood	Alarm(_G_-ENTRY,mergelines-118459)
583	0.0664511	FalseGround	Unlabelled	SPOkGoodGood	Alarm(_G_-ENTRY,sortlines_temp-118496)
584	0.064993	FalseGround	Unlabelled	SPOkGoodGood	Alarm(_G_-ENTRY,fillbuf___7-116669)
585	0.0639008	FalseGround	Unlabelled	SPOkGoodGood	Alarm(_G_-ENTRY,fraccompare-87266)
586	0.0639008	FalseGround	Unlabelled	SPOkGoodGood	Alarm(_G_-ENTRY,fraccompare-87290)
587	0.0639008	FalseGround	Unlabelled	SPOkGoodGood	Alarm(_G_-ENTRY,fraccompare-87308)
588	0.0628493	FalseGround	Unlabelled	SPOkGoodGood	Alarm(_G_-ENTRY,getmonth-116793)
589	0.0607322	FalseGround	Unlabelled	SPOkGoodGood	Alarm(_G_-ENTRY,hash_delete-79374)
590	0.0607322	FalseGround	Unlabelled	SPOkGoodGood	Alarm(_G_-ENTRY,hash_delete-79375)
591	0.059516	FalseGround	Unlabelled	SPOkGoodGood	Alarm(_G_-ENTRY,umaxtostr-89387)
592	0.059516	FalseGround	Unlabelled	SPOkGoodGood	Alarm(_G_-ENTRY,umaxtostr-89392)
593	0.0548397	FalseGround	Unlabelled	SPOkGoodGood	Alarm(_G_-ENTRY,vasnprintf-88346)
594	0.0548397	FalseGround	Unlabelled	SPOkGoodGood	Alarm(_G_-ENTRY,vasnprintf-88388)
595	0.0538254	FalseGround	Unlabelled	SPOkGoodGood	Alarm(_G_-ENTRY,fillbuf___7-116612)
596	0.0538254	FalseGround	Unlabelled	SPOkGoodGood	Alarm(_G_-ENTRY,fillbuf___7-116613)
597	0.0517597	FalseGround	Unlabelled	SPOkGoodGood	Alarm(_G_-ENTRY,fraccompare-89736)
598	0.0517597	FalseGround	Unlabelled	SPOkGoodGood	Alarm(_G_-ENTRY,fraccompare-89737)
599	0.0517597	FalseGround	Unlabelled	SPOkGoodGood	Alarm(_G_-ENTRY,fraccompare-89738)
600	0.0517597	FalseGround	Unlabelled	SPOkGoodGood	Alarm(_G_-ENTRY,fraccompare-89739)
601	0.0517597	FalseGround	Unlabelled	SPOkGoodGood	Alarm(_G_-ENTRY,fraccompare-89740)
602	0.0517597	FalseGround	Unlabelled	SPOkGoodGood	Alarm(_G_-ENTRY,fraccompare-89741)
603	0.0517597	FalseGround	Unlabelled	SPOkGoodGood	Alarm(_G_-ENTRY,fraccompare-89742)
604	0.0517597	FalseGround	Unlabelled	SPOkGoodGood	Alarm(_G_-ENTRY,fraccompare-89743)
605	0.0517597	FalseGround	Unlabelled	SPOkGoodGood	Alarm(_G_-ENTRY,fraccompare-89744)
606	0.0517597	FalseGround	Unlabelled	SPOkGoodGood	Alarm(_G_-ENTRY,fraccompare-89745)
607	0.0517597	FalseGround	Unlabelled	SPOkGoodGood	Alarm(_G_-ENTRY,fraccompare-89746)
608	0.0517597	FalseGround	Unlabelled	SPOkGoodGood	Alarm(_G_-ENTRY,fraccompare-89747)
609	0.0517597	FalseGround	Unlabelled	SPOkGoodGood	Alarm(_G_-ENTRY,fraccompare-89748)
610	0.0517597	FalseGround	Unlabelled	SPOkGoodGood	Alarm(_G_-ENTRY,fraccompare-89749)
611	0.0517597	FalseGround	Unlabelled	SPOkGoodGood	Alarm(_G_-ENTRY,fraccompare-89750)
612	0.0517597	FalseGround	Unlabelled	SPOkGoodGood	Alarm(_G_-ENTRY,fraccompare-89751)
613	0.0517597	FalseGround	Unlabelled	SPOkGoodGood	Alarm(_G_-ENTRY,fraccompare-89752)
614	0.0517597	FalseGround	Unlabelled	SPOkGoodGood	Alarm(_G_-ENTRY,fraccompare-89753)
615	0.0517597	FalseGround	Unlabelled	SPOkGoodGood	Alarm(_G_-ENTRY,fraccompare-89754)
616	0.0517597	FalseGround	Unlabelled	SPOkGoodGood	Alarm(_G_-ENTRY,fraccompare-89755)
617	0.0517597	FalseGround	Unlabelled	SPOkGoodGood	Alarm(_G_-ENTRY,fraccompare-89756)
618	0.0517597	FalseGround	Unlabelled	SPOkGoodGood	Alarm(_G_-ENTRY,fraccompare-89757)
619	0.0517597	FalseGround	Unlabelled	SPOkGoodGood	Alarm(_G_-ENTRY,fraccompare-89758)
620	0.0517597	FalseGround	Unlabelled	SPOkGoodGood	Alarm(_G_-ENTRY,fraccompare-89759)
621	0.0472874	FalseGround	Unlabelled	SPOkGoodGood	Alarm(_G_-ENTRY,hash_find_entry-79244)
622	0.0471013	FalseGround	Unlabelled	SPOkGoodGood	Alarm(_G_-ENTRY,build_wcs_upper_buffer-95384)
623	0.0471013	FalseGround	Unlabelled	SPOkGoodGood	Alarm(_G_-ENTRY,merge-118668)
624	0.0471013	FalseGround	Unlabelled	SPOkGoodGood	Alarm(_G_-ENTRY,merge-118676)
625	0.0471013	FalseGround	Unlabelled	SPOkGoodGood	Alarm(_G_-ENTRY,merge-118677)
626	0.0471013	FalseGround	Unlabelled	SPOkGoodGood	Alarm(_G_-ENTRY,mergefiles-118435)
627	0.0471013	FalseGround	Unlabelled	SPOkGoodGood	Alarm(_G_-ENTRY,mergefps-118293)
628	0.0471013	FalseGround	Unlabelled	SPOkGoodGood	Alarm(_G_-ENTRY,mergefps-118294)
629	0.0471013	FalseGround	Unlabelled	SPOkGoodGood	Alarm(_G_-ENTRY,numcompare-89882)
630	0.0471013	FalseGround	Unlabelled	SPOkGoodGood	Alarm(_G_-ENTRY,numcompare-89883)
631	0.0471013	FalseGround	Unlabelled	SPOkGoodGood	Alarm(_G_-ENTRY,numcompare-89885)
632	0.0471013	FalseGround	Unlabelled	SPOkGoodGood	Alarm(_G_-ENTRY,numcompare-89887)
633	0.0471013	FalseGround	Unlabelled	SPOkGoodGood	Alarm(_G_-ENTRY,numcompare-89889)
634	0.0471013	FalseGround	Unlabelled	SPOkGoodGood	Alarm(_G_-ENTRY,numcompare-89891)
635	0.0471013	FalseGround	Unlabelled	SPOkGoodGood	Alarm(_G_-ENTRY,numcompare-89893)
636	0.0471013	FalseGround	Unlabelled	SPOkGoodGood	Alarm(_G_-ENTRY,numcompare-89895)
637	0.0471013	FalseGround	Unlabelled	SPOkGoodGood	Alarm(_G_-ENTRY,numcompare-89897)
638	0.0471013	FalseGround	Unlabelled	SPOkGoodGood	Alarm(_G_-ENTRY,numcompare-89903)
639	0.0471013	FalseGround	Unlabelled	SPOkGoodGood	Alarm(_G_-ENTRY,numcompare-89907)
640	0.0471013	FalseGround	Unlabelled	SPOkGoodGood	Alarm(_G_-ENTRY,numcompare-89912)
641	0.0471013	FalseGround	Unlabelled	SPOkGoodGood	Alarm(_G_-ENTRY,numcompare-89914)
642	0.0471013	FalseGround	Unlabelled	SPOkGoodGood	Alarm(_G_-ENTRY,numcompare-89916)
643	0.0471013	FalseGround	Unlabelled	SPOkGoodGood	Alarm(_G_-ENTRY,numcompare-89918)
644	0.0471013	FalseGround	Unlabelled	SPOkGoodGood	Alarm(_G_-ENTRY,numcompare-89920)
645	0.0471013	FalseGround	Unlabelled	SPOkGoodGood	Alarm(_G_-ENTRY,numcompare-89922)
646	0.0471013	FalseGround	Unlabelled	SPOkGoodGood	Alarm(_G_-ENTRY,numcompare-89924)
647	0.0471013	FalseGround	Unlabelled	SPOkGoodGood	Alarm(_G_-ENTRY,numcompare-89926)
648	0.0471013	FalseGround	Unlabelled	SPOkGoodGood	Alarm(_G_-ENTRY,numcompare-89932)
649	0.0471013	FalseGround	Unlabelled	SPOkGoodGood	Alarm(_G_-ENTRY,numcompare-89936)
650	0.0471013	FalseGround	Unlabelled	SPOkGoodGood	Alarm(_G_-ENTRY,sortlines-118474)
651	0.0471013	FalseGround	Unlabelled	SPOkGoodGood	Alarm(_G_-ENTRY,sortlines-118475)
652	0.0471013	FalseGround	Unlabelled	SPOkGoodGood	Alarm(_G_-ENTRY,sortlines-118476)
653	0.0471013	FalseGround	Unlabelled	SPOkGoodGood	Alarm(_G_-ENTRY,strftime_case____0-90781)
654	0.0471013	FalseGround	Unlabelled	SPOkGoodGood	Alarm(_G_-ENTRY,strftime_case____0-91018)
655	0.0471013	FalseGround	Unlabelled	SPOkGoodGood	Alarm(_G_-ENTRY,vasnprintf-88396)
656	0.0471013	FalseGround	Unlabelled	SPOkGoodGood	Alarm(_G_-ENTRY,vasnprintf-88401)
657	0.0471013	FalseGround	Unlabelled	SPOkGoodGood	Alarm(_G_-ENTRY,vasnprintf-88409)
658	0.038152	FalseGround	Unlabelled	SPOkGoodGood	Alarm(_G_-ENTRY,canonicalize_filename_mode-84701)
659	0.038152	FalseGround	Unlabelled	SPOkGoodGood	Alarm(_G_-ENTRY,canonicalize_filename_mode-84702)
660	0.034478	FalseGround	Unlabelled	SPOkGoodGood	Alarm(_G_-ENTRY,isaac_refill-107768)
661	0.034478	FalseGround	Unlabelled	SPOkGoodGood	Alarm(_G_-ENTRY,isaac_refill-107774)
662	0.034478	FalseGround	Unlabelled	SPOkGoodGood	Alarm(_G_-ENTRY,isaac_refill-107780)
663	0.034478	FalseGround	Unlabelled	SPOkGoodGood	Alarm(_G_-ENTRY,isaac_refill-107786)
664	0.0278128	FalseGround	Unlabelled	SPOkGoodGood	Alarm(_G_-ENTRY,open_input_files-117780)
665	0.0278128	FalseGround	Unlabelled	SPOkGoodGood	Alarm(_G_-ENTRY,open_input_files-117781)
666	0.0262269	FalseGround	Unlabelled	SPOkGoodGood	Alarm(_G_-ENTRY,mergelines-118463)
667	0.0257372	FalseGround	Unlabelled	SPOkGoodGood	Alarm(_G_-ENTRY,umaxtostr-89390)
668	0.021563	FalseGround	Unlabelled	SPOkGoodGood	Alarm(_G_-ENTRY,memxfrm-112593)
669	0.021563	FalseGround	Unlabelled	SPOkGoodGood	Alarm(_G_-ENTRY,memxfrm-112594)
670	0.0202285	FalseGround	Unlabelled	SPOkGoodGood	Alarm(_G_-ENTRY,strftime_case_-82902)
671	0.0202285	FalseGround	Unlabelled	SPOkGoodGood	Alarm(_G_-ENTRY,strftime_case____0-90767)
672	0.0165608	FalseGround	Unlabelled	SPOkGoodGood	Alarm(_G_-ENTRY,vasnprintf-88349)
673	0.0163945	FalseGround	Unlabelled	SPOkGoodGood	Alarm(_G_-ENTRY,re_compile_fastmap_iter-97084)
674	0.0138301	FalseGround	Unlabelled	SPOkGoodGood	Alarm(_G_-ENTRY,isaac_refill-107794)
675	0.0138301	FalseGround	Unlabelled	SPOkGoodGood	Alarm(_G_-ENTRY,isaac_refill-107800)
676	0.0138301	FalseGround	Unlabelled	SPOkGoodGood	Alarm(_G_-ENTRY,isaac_refill-107806)
677	0.0138301	FalseGround	Unlabelled	SPOkGoodGood	Alarm(_G_-ENTRY,isaac_refill-107812)
678	0.0133028	FalseGround	Unlabelled	SPOkGoodGood	Alarm(_G_-ENTRY,avoid_trashing_input-118550)
679	0.0133028	FalseGround	Unlabelled	SPOkGoodGood	Alarm(_G_-ENTRY,avoid_trashing_input-118552)
680	0.0133028	FalseGround	Unlabelled	SPOkGoodGood	Alarm(_G_-ENTRY,avoid_trashing_input-118561)
681	0.0133028	FalseGround	Unlabelled	SPOkGoodGood	Alarm(_G_-ENTRY,sortlines-118484)
682	0.0133028	FalseGround	Unlabelled	SPOkGoodGood	Alarm(_G_-ENTRY,strftime_case_-82893)
683	0.0133028	FalseGround	Unlabelled	SPOkGoodGood	Alarm(_G_-ENTRY,strftime_case____0-90758)
684	0.0117197	FalseGround	Unlabelled	SPOkGoodGood	Alarm(_G_-ENTRY,strftime_case_-82903)
685	0.0117197	FalseGround	Unlabelled	SPOkGoodGood	Alarm(_G_-ENTRY,strftime_case____0-90768)
686	0.0104236	FalseGround	Unlabelled	SPOkGoodGood	Alarm(_G_-ENTRY,strftime_case_-82896)
687	0.0104236	FalseGround	Unlabelled	SPOkGoodGood	Alarm(_G_-ENTRY,strftime_case____0-90761)
688	0.0104236	FalseGround	Unlabelled	SPOkGoodGood	Alarm(_G_-ENTRY,strftime_case____0-90885)
689	0.00696351	FalseGround	Unlabelled	SPOkGoodGood	Alarm(_G_-ENTRY,filevercmp-83464)
690	0.00685476	FalseGround	Unlabelled	SPOkGoodGood	Alarm(_G_-ENTRY,filevercmp-78931)
691	0.00555235	FalseGround	Unlabelled	SPOkGoodGood	Alarm(_G_-ENTRY,filevercmp-83430)
692	0.00555235	FalseGround	Unlabelled	SPOkGoodGood	Alarm(_G_-ENTRY,filevercmp-83431)
693	0.00555235	FalseGround	Unlabelled	SPOkGoodGood	Alarm(_G_-ENTRY,filevercmp-83432)
694	0.00555235	FalseGround	Unlabelled	SPOkGoodGood	Alarm(_G_-ENTRY,filevercmp-83433)
695	0.00555235	FalseGround	Unlabelled	SPOkGoodGood	Alarm(_G_-ENTRY,filevercmp-83434)
696	0.00555235	FalseGround	Unlabelled	SPOkGoodGood	Alarm(_G_-ENTRY,filevercmp-83435)
697	0.00304325	FalseGround	Unlabelled	SPOkGoodGood	Alarm(_G_-ENTRY,strftime_case_-82899)
698	0.00304325	FalseGround	Unlabelled	SPOkGoodGood	Alarm(_G_-ENTRY,strftime_case_-82942)
699	0.00304325	FalseGround	Unlabelled	SPOkGoodGood	Alarm(_G_-ENTRY,strftime_case_-82945)
700	0.00304325	FalseGround	Unlabelled	SPOkGoodGood	Alarm(_G_-ENTRY,strftime_case_-83084)
701	0.00304325	FalseGround	Unlabelled	SPOkGoodGood	Alarm(_G_-ENTRY,strftime_case____0-90764)
702	0.00304325	FalseGround	Unlabelled	SPOkGoodGood	Alarm(_G_-ENTRY,strftime_case____0-90806)
703	0.00304325	FalseGround	Unlabelled	SPOkGoodGood	Alarm(_G_-ENTRY,strftime_case____0-90809)
704	0.00304325	FalseGround	Unlabelled	SPOkGoodGood	Alarm(_G_-ENTRY,strftime_case____0-90940)
705	0.00275788	FalseGround	Unlabelled	SPOkGoodGood	Alarm(_G_-ENTRY,uinttostr-89403)
706	0.00275788	FalseGround	Unlabelled	SPOkGoodGood	Alarm(_G_-ENTRY,uinttostr-89408)
707	0.000681272	FalseGround	Unlabelled	SPOkGoodGood	Alarm(_G_-ENTRY,uinttostr-89406)
708	0.000563921	FalseGround	Unlabelled	SPOkGoodGood	Alarm(_G_-ENTRY,memcoll-112648)
709	0.000563921	FalseGround	Unlabelled	SPOkGoodGood	Alarm(_G_-ENTRY,memcoll-112649)
710	0.000563921	FalseGround	Unlabelled	SPOkGoodGood	Alarm(_G_-ENTRY,memcoll-112652)
711	0.000563921	FalseGround	Unlabelled	SPOkGoodGood	Alarm(_G_-ENTRY,memcoll-112655)
712	8.46415e-05	FalseGround	Unlabelled	SPOkGoodGood	Alarm(_G_-ENTRY,create_temp_file-115435)
713	6.85596e-05	FalseGround	Unlabelled	SPOkGoodGood	Alarm(_G_-ENTRY,extract_trimmed_name-106538)
714	6.85596e-05	FalseGround	Unlabelled	SPOkGoodGood	Alarm(_G_-ENTRY,extract_trimmed_name-106539)
715	3.28724e-05	FalseGround	Unlabelled	SPOkGoodGood	Alarm(_G_-ENTRY,extract_trimmed_name-106551)
