Rank	Confidence	Ground	Label	Comments	Tuple
1	0.899308	FalseGround	Unlabelled	SPOkGoodGood	Alarm(_G_-ENTRY,vasnprintf-88661)
2	0.888548	FalseGround	Unlabelled	SPOkGoodGood	Alarm(_G_-ENTRY,vasnprintf-88172)
3	0.88143	FalseGround	Unlabelled	SPOkGoodGood	Alarm(_G_-ENTRY,fillbuf___7-116677)
4	0.880513	FalseGround	Unlabelled	SPOkGoodGood	Alarm(_G_-ENTRY,check-117728)
5	0.880195	FalseGround	Unlabelled	SPOkGoodGood	Alarm(_G_-ENTRY,mergefps-118203)
6	0.880195	FalseGround	Unlabelled	SPOkGoodGood	Alarm(_G_-ENTRY,mergefps-118204)
7	0.873902	FalseGround	Unlabelled	SPOkGoodGood	Alarm(_G_-ENTRY,mergefps-118337)
8	0.870343	FalseGround	Unlabelled	SPOkGoodGood	Alarm(_G_-ENTRY,mergefps-118303)
9	0.870306	FalseGround	Unlabelled	SPOkGoodGood	Alarm(_G_-ENTRY,fillbuf___7-116658)
10	0.864401	FalseGround	Unlabelled	SPOkGoodGood	Alarm(_G_-ENTRY,vasnprintf-88017)
11	0.864401	FalseGround	Unlabelled	SPOkGoodGood	Alarm(_G_-ENTRY,vasnprintf-88018)
12	0.864236	FalseGround	Unlabelled	SPOkGoodGood	Alarm(_G_-ENTRY,fillbuf___7-116626)
13	0.864236	FalseGround	Unlabelled	SPOkGoodGood	Alarm(_G_-ENTRY,fillbuf___7-116627)
14	0.860653	FalseGround	Unlabelled	SPOkGoodGood	Alarm(_G_-ENTRY,vasnprintf-88170)
15	0.859749	FalseGround	Unlabelled	SPOkGoodGood	Alarm(_G_-ENTRY,vasnprintf-88462)
16	0.859749	FalseGround	Unlabelled	SPOkGoodGood	Alarm(_G_-ENTRY,vasnprintf-88472)
17	0.848628	FalseGround	Unlabelled	SPOkGoodGood	Alarm(_G_-ENTRY,verrevcmp-83400)
18	0.848352	FalseGround	Unlabelled	SPOkGoodGood	Alarm(_G_-ENTRY,merge-118651)
19	0.848016	FalseGround	Unlabelled	SPOkGoodGood	Alarm(_G_-ENTRY,fillbuf___7-116662)
20	0.84752	FalseGround	Unlabelled	SPOkGoodGood	Alarm(_G_-ENTRY,check-117698)
21	0.846406	FalseGround	Unlabelled	SPOkGoodGood	Alarm(_G_-ENTRY,check-117697)
22	0.843686	FalseGround	Unlabelled	SPOkGoodGood	Alarm(_G_-ENTRY,sort-118816)
23	0.842194	FalseGround	Unlabelled	SPOkGoodGood	Alarm(_G_-ENTRY,readtoken-107010)
24	0.841519	FalseGround	Unlabelled	SPOkGoodGood	Alarm(_G_-ENTRY,mergefps-118336)
25	0.833041	FalseGround	Unlabelled	SPOkGoodGood	Alarm(_G_-ENTRY,fillbuf___7-116673)
26	0.831063	FalseGround	Unlabelled	SPOkGoodGood	Alarm(_G_-ENTRY,readtoken-107013)
27	0.829892	FalseGround	Unlabelled	SPOkGoodGood	Alarm(_G_-ENTRY,vasnprintf-88613)
28	0.827061	FalseGround	Unlabelled	SPOkGoodGood	Alarm(_G_-ENTRY,fillbuf___7-116705)
29	0.823225	FalseGround	Unlabelled	SPOkGoodGood	Alarm(_G_-ENTRY,filevercmp-83464)
30	0.822585	FalseGround	Unlabelled	SPOkGoodGood	Alarm(_G_-ENTRY,sortlines_temp-118497)
31	0.82008	FalseGround	Unlabelled	SPOkGoodGood	Alarm(_G_-ENTRY,vasnprintf-88178)
32	0.817591	FalseGround	Unlabelled	SPOkGoodGood	Alarm(_G_-ENTRY,keycompare-117520)
33	0.817591	FalseGround	Unlabelled	SPOkGoodGood	Alarm(_G_-ENTRY,vasnprintf-88519)
34	0.812598	FalseGround	Unlabelled	SPOkGoodGood	Alarm(_G_-ENTRY,get_charset_aliases-78101)
35	0.81121	FalseGround	Unlabelled	SPOkGoodGood	Alarm(_G_-ENTRY,readtokens-107302)
36	0.81121	FalseGround	Unlabelled	SPOkGoodGood	Alarm(_G_-ENTRY,readtokens-107321)
37	0.810267	FalseGround	Unlabelled	SPOkGoodGood	Alarm(_G_-ENTRY,readtoken-107009)
38	0.806931	FalseGround	Unlabelled	SPOkGoodGood	Alarm(_G_-ENTRY,compare-117664)
39	0.806931	FalseGround	Unlabelled	SPOkGoodGood	Alarm(_G_-ENTRY,compare-117665)
40	0.806931	FalseGround	Unlabelled	SPOkGoodGood	Alarm(_G_-ENTRY,compare-117671)
41	0.805225	FalseGround	Unlabelled	SPOkGoodGood	Alarm(_G_-ENTRY,fillbuf___7-116636)
42	0.805225	FalseGround	Unlabelled	SPOkGoodGood	Alarm(_G_-ENTRY,fillbuf___7-116638)
43	0.805225	FalseGround	Unlabelled	SPOkGoodGood	Alarm(_G_-ENTRY,fillbuf___7-116639)
44	0.805225	FalseGround	Unlabelled	SPOkGoodGood	Alarm(_G_-ENTRY,fillbuf___7-116640)
45	0.805225	FalseGround	Unlabelled	SPOkGoodGood	Alarm(_G_-ENTRY,fillbuf___7-116674)
46	0.805225	FalseGround	Unlabelled	SPOkGoodGood	Alarm(_G_-ENTRY,fillbuf___7-116675)
47	0.805225	FalseGround	Unlabelled	SPOkGoodGood	Alarm(_G_-ENTRY,fillbuf___7-116683)
48	0.805225	FalseGround	Unlabelled	SPOkGoodGood	Alarm(_G_-ENTRY,fillbuf___7-116592)
49	0.805225	FalseGround	Unlabelled	SPOkGoodGood	Alarm(_G_-ENTRY,fillbuf___7-116593)
50	0.805225	FalseGround	Unlabelled	SPOkGoodGood	Alarm(_G_-ENTRY,fillbuf___7-116594)
51	0.805225	FalseGround	Unlabelled	SPOkGoodGood	Alarm(_G_-ENTRY,fillbuf___7-116595)
52	0.805225	FalseGround	Unlabelled	SPOkGoodGood	Alarm(_G_-ENTRY,fillbuf___7-116624)
53	0.805225	FalseGround	Unlabelled	SPOkGoodGood	Alarm(_G_-ENTRY,fillbuf___7-116625)
54	0.803681	FalseGround	Unlabelled	SPOkGoodGood	Alarm(_G_-ENTRY,mergefps-118306)
55	0.803681	FalseGround	Unlabelled	SPOkGoodGood	Alarm(_G_-ENTRY,mergefps-118323)
56	0.803681	FalseGround	Unlabelled	SPOkGoodGood	Alarm(_G_-ENTRY,mergefps-118324)
57	0.803681	FalseGround	Unlabelled	SPOkGoodGood	Alarm(_G_-ENTRY,mergefps-118351)
58	0.803681	FalseGround	Unlabelled	SPOkGoodGood	Alarm(_G_-ENTRY,mergefps-118183)
59	0.803681	FalseGround	Unlabelled	SPOkGoodGood	Alarm(_G_-ENTRY,mergefps-118184)
60	0.800721	FalseGround	Unlabelled	SPOkGoodGood	Alarm(_G_-ENTRY,add_exclude_file-84040)
61	0.800643	FalseGround	Unlabelled	SPOkGoodGood	Alarm(_G_-ENTRY,randint_genmax-107721)
62	0.800643	FalseGround	Unlabelled	SPOkGoodGood	Alarm(_G_-ENTRY,sort-118841)
63	0.795946	FalseGround	Unlabelled	SPOkGoodGood	Alarm(_G_-ENTRY,read_utmp-106659)
64	0.794779	FalseGround	Unlabelled	SPOkGoodGood	Alarm(_G_-ENTRY,verrevcmp-83399)
65	0.794779	FalseGround	Unlabelled	SPOkGoodGood	Alarm(_G_-ENTRY,verrevcmp-83402)
66	0.787818	FalseGround	Unlabelled	SPOkGoodGood	Alarm(_G_-ENTRY,mergefps-118338)
67	0.787331	FalseGround	Unlabelled	SPOkGoodGood	Alarm(_G_-ENTRY,keycompare-117547)
68	0.787331	FalseGround	Unlabelled	SPOkGoodGood	Alarm(_G_-ENTRY,keycompare-117551)
69	0.787156	FalseGround	Unlabelled	SPOkGoodGood	Alarm(_G_-ENTRY,keycompare-117583)
70	0.787156	FalseGround	Unlabelled	SPOkGoodGood	Alarm(_G_-ENTRY,keycompare-117587)
71	0.784209	FalseGround	Unlabelled	SPOkGoodGood	Alarm(_G_-ENTRY,buffer_linelim-116147)
72	0.780179	FalseGround	Unlabelled	SPOkGoodGood	Alarm(_G_-ENTRY,md5_init_ctx-112766)
73	0.780179	FalseGround	Unlabelled	SPOkGoodGood	Alarm(_G_-ENTRY,md5_init_ctx-112767)
74	0.780179	FalseGround	Unlabelled	SPOkGoodGood	Alarm(_G_-ENTRY,md5_init_ctx-112768)
75	0.780179	FalseGround	Unlabelled	SPOkGoodGood	Alarm(_G_-ENTRY,md5_init_ctx-112769)
76	0.780179	FalseGround	Unlabelled	SPOkGoodGood	Alarm(_G_-ENTRY,md5_init_ctx-112773)
77	0.777152	FalseGround	Unlabelled	SPOkGoodGood	Alarm(_G_-ENTRY,md5_process_bytes-112871)
78	0.777152	FalseGround	Unlabelled	SPOkGoodGood	Alarm(_G_-ENTRY,md5_process_bytes-112875)
79	0.777152	FalseGround	Unlabelled	SPOkGoodGood	Alarm(_G_-ENTRY,md5_process_bytes-112876)
80	0.777152	FalseGround	Unlabelled	SPOkGoodGood	Alarm(_G_-ENTRY,md5_process_bytes-112889)
81	0.777152	FalseGround	Unlabelled	SPOkGoodGood	Alarm(_G_-ENTRY,md5_process_bytes-112890)
82	0.777152	FalseGround	Unlabelled	SPOkGoodGood	Alarm(_G_-ENTRY,md5_process_bytes-112895)
83	0.777152	FalseGround	Unlabelled	SPOkGoodGood	Alarm(_G_-ENTRY,md5_process_bytes-112855)
84	0.777152	FalseGround	Unlabelled	SPOkGoodGood	Alarm(_G_-ENTRY,md5_process_bytes-112856)
85	0.777152	FalseGround	Unlabelled	SPOkGoodGood	Alarm(_G_-ENTRY,md5_process_bytes-112859)
86	0.777152	FalseGround	Unlabelled	SPOkGoodGood	Alarm(_G_-ENTRY,md5_process_bytes-112860)
87	0.770262	FalseGround	Unlabelled	SPOkGoodGood	Alarm(_G_-ENTRY,initbuf-116178)
88	0.770262	FalseGround	Unlabelled	SPOkGoodGood	Alarm(_G_-ENTRY,initbuf-116183)
89	0.770262	FalseGround	Unlabelled	SPOkGoodGood	Alarm(_G_-ENTRY,initbuf-116184)
90	0.770262	FalseGround	Unlabelled	SPOkGoodGood	Alarm(_G_-ENTRY,initbuf-116190)
91	0.770262	FalseGround	Unlabelled	SPOkGoodGood	Alarm(_G_-ENTRY,initbuf-116172)
92	0.770262	FalseGround	Unlabelled	SPOkGoodGood	Alarm(_G_-ENTRY,initbuf-116173)
93	0.757847	FalseGround	Unlabelled	SPOkGoodGood	Alarm(_G_-ENTRY,keycompare-117558)
94	0.757847	FalseGround	Unlabelled	SPOkGoodGood	Alarm(_G_-ENTRY,keycompare-117560)
95	0.757847	FalseGround	Unlabelled	SPOkGoodGood	Alarm(_G_-ENTRY,keycompare-117562)
96	0.757847	FalseGround	Unlabelled	SPOkGoodGood	Alarm(_G_-ENTRY,keycompare-117564)
97	0.757847	FalseGround	Unlabelled	SPOkGoodGood	Alarm(_G_-ENTRY,keycompare-117570)
98	0.757847	FalseGround	Unlabelled	SPOkGoodGood	Alarm(_G_-ENTRY,keycompare-117572)
99	0.757847	FalseGround	Unlabelled	SPOkGoodGood	Alarm(_G_-ENTRY,keycompare-117574)
100	0.757847	FalseGround	Unlabelled	SPOkGoodGood	Alarm(_G_-ENTRY,keycompare-117575)
101	0.757338	FalseGround	Unlabelled	SPOkGoodGood	Alarm(_G_-ENTRY,vasnprintf-88682)
102	0.756694	FalseGround	Unlabelled	SPOkGoodGood	Alarm(_G_-ENTRY,open_input_files-117782)
103	0.756694	FalseGround	Unlabelled	SPOkGoodGood	Alarm(_G_-ENTRY,open_input_files-117783)
104	0.756055	FalseGround	Unlabelled	SPOkGoodGood	Alarm(_G_-ENTRY,fillbuf___7-116641)
105	0.756055	FalseGround	Unlabelled	SPOkGoodGood	Alarm(_G_-ENTRY,fillbuf___7-116644)
106	0.756055	FalseGround	Unlabelled	SPOkGoodGood	Alarm(_G_-ENTRY,fillbuf___7-116645)
107	0.756055	FalseGround	Unlabelled	SPOkGoodGood	Alarm(_G_-ENTRY,fillbuf___7-116646)
108	0.756055	FalseGround	Unlabelled	SPOkGoodGood	Alarm(_G_-ENTRY,fillbuf___7-116647)
109	0.756055	FalseGround	Unlabelled	SPOkGoodGood	Alarm(_G_-ENTRY,fillbuf___7-116680)
110	0.756055	FalseGround	Unlabelled	SPOkGoodGood	Alarm(_G_-ENTRY,fillbuf___7-116682)
111	0.756055	FalseGround	Unlabelled	SPOkGoodGood	Alarm(_G_-ENTRY,fillbuf___7-116685)
112	0.756055	FalseGround	Unlabelled	SPOkGoodGood	Alarm(_G_-ENTRY,fillbuf___7-116686)
113	0.756055	FalseGround	Unlabelled	SPOkGoodGood	Alarm(_G_-ENTRY,fillbuf___7-116704)
114	0.756055	FalseGround	Unlabelled	SPOkGoodGood	Alarm(_G_-ENTRY,md5_finish_ctx-112795)
115	0.756055	FalseGround	Unlabelled	SPOkGoodGood	Alarm(_G_-ENTRY,random_state-116804)
116	0.756055	FalseGround	Unlabelled	SPOkGoodGood	Alarm(_G_-ENTRY,fillbuf___7-116596)
117	0.756055	FalseGround	Unlabelled	SPOkGoodGood	Alarm(_G_-ENTRY,fillbuf___7-116597)
118	0.756055	FalseGround	Unlabelled	SPOkGoodGood	Alarm(_G_-ENTRY,fillbuf___7-116606)
119	0.756055	FalseGround	Unlabelled	SPOkGoodGood	Alarm(_G_-ENTRY,fillbuf___7-116607)
120	0.748092	FalseGround	Unlabelled	SPOkGoodGood	Alarm(_G_-ENTRY,begfield-116303)
121	0.748092	FalseGround	Unlabelled	SPOkGoodGood	Alarm(_G_-ENTRY,begfield-116304)
122	0.748092	FalseGround	Unlabelled	SPOkGoodGood	Alarm(_G_-ENTRY,begfield-116313)
123	0.748092	FalseGround	Unlabelled	SPOkGoodGood	Alarm(_G_-ENTRY,begfield-116315)
124	0.748092	FalseGround	Unlabelled	SPOkGoodGood	Alarm(_G_-ENTRY,begfield-116317)
125	0.748092	FalseGround	Unlabelled	SPOkGoodGood	Alarm(_G_-ENTRY,limfield-116436)
126	0.748092	FalseGround	Unlabelled	SPOkGoodGood	Alarm(_G_-ENTRY,limfield-116437)
127	0.748092	FalseGround	Unlabelled	SPOkGoodGood	Alarm(_G_-ENTRY,limfield-116447)
128	0.748092	FalseGround	Unlabelled	SPOkGoodGood	Alarm(_G_-ENTRY,limfield-116449)
129	0.748092	FalseGround	Unlabelled	SPOkGoodGood	Alarm(_G_-ENTRY,limfield-116451)
130	0.748092	FalseGround	Unlabelled	SPOkGoodGood	Alarm(_G_-ENTRY,begfield-116279)
131	0.748092	FalseGround	Unlabelled	SPOkGoodGood	Alarm(_G_-ENTRY,begfield-116280)
132	0.748092	FalseGround	Unlabelled	SPOkGoodGood	Alarm(_G_-ENTRY,limfield-116408)
133	0.748092	FalseGround	Unlabelled	SPOkGoodGood	Alarm(_G_-ENTRY,limfield-116409)
134	0.747957	FalseGround	Unlabelled	SPOkGoodGood	Alarm(_G_-ENTRY,vasnprintf-88154)
135	0.747957	FalseGround	Unlabelled	SPOkGoodGood	Alarm(_G_-ENTRY,vasnprintf-88438)
136	0.747957	FalseGround	Unlabelled	SPOkGoodGood	Alarm(_G_-ENTRY,vasnprintf-88461)
137	0.747957	FalseGround	Unlabelled	SPOkGoodGood	Alarm(_G_-ENTRY,vasnprintf-88471)
138	0.747957	FalseGround	Unlabelled	SPOkGoodGood	Alarm(_G_-ENTRY,vasnprintf-88490)
139	0.747957	FalseGround	Unlabelled	SPOkGoodGood	Alarm(_G_-ENTRY,vasnprintf-87557)
140	0.747957	FalseGround	Unlabelled	SPOkGoodGood	Alarm(_G_-ENTRY,vasnprintf-87558)
141	0.747957	FalseGround	Unlabelled	SPOkGoodGood	Alarm(_G_-ENTRY,vasnprintf-87587)
142	0.747957	FalseGround	Unlabelled	SPOkGoodGood	Alarm(_G_-ENTRY,vasnprintf-87588)
143	0.747957	FalseGround	Unlabelled	SPOkGoodGood	Alarm(_G_-ENTRY,vasnprintf-87613)
144	0.747957	FalseGround	Unlabelled	SPOkGoodGood	Alarm(_G_-ENTRY,vasnprintf-87614)
145	0.747957	FalseGround	Unlabelled	SPOkGoodGood	Alarm(_G_-ENTRY,vasnprintf-87615)
146	0.747957	FalseGround	Unlabelled	SPOkGoodGood	Alarm(_G_-ENTRY,vasnprintf-87616)
147	0.747957	FalseGround	Unlabelled	SPOkGoodGood	Alarm(_G_-ENTRY,vasnprintf-87627)
148	0.747957	FalseGround	Unlabelled	SPOkGoodGood	Alarm(_G_-ENTRY,vasnprintf-87628)
149	0.747957	FalseGround	Unlabelled	SPOkGoodGood	Alarm(_G_-ENTRY,vasnprintf-87629)
150	0.747957	FalseGround	Unlabelled	SPOkGoodGood	Alarm(_G_-ENTRY,vasnprintf-87630)
151	0.747957	FalseGround	Unlabelled	SPOkGoodGood	Alarm(_G_-ENTRY,vasnprintf-87631)
152	0.747957	FalseGround	Unlabelled	SPOkGoodGood	Alarm(_G_-ENTRY,vasnprintf-87632)
153	0.747957	FalseGround	Unlabelled	SPOkGoodGood	Alarm(_G_-ENTRY,vasnprintf-87633)
154	0.747957	FalseGround	Unlabelled	SPOkGoodGood	Alarm(_G_-ENTRY,vasnprintf-87634)
155	0.747957	FalseGround	Unlabelled	SPOkGoodGood	Alarm(_G_-ENTRY,vasnprintf-87635)
156	0.747957	FalseGround	Unlabelled	SPOkGoodGood	Alarm(_G_-ENTRY,vasnprintf-87636)
157	0.747957	FalseGround	Unlabelled	SPOkGoodGood	Alarm(_G_-ENTRY,vasnprintf-87637)
158	0.747957	FalseGround	Unlabelled	SPOkGoodGood	Alarm(_G_-ENTRY,vasnprintf-87638)
159	0.747957	FalseGround	Unlabelled	SPOkGoodGood	Alarm(_G_-ENTRY,vasnprintf-87639)
160	0.747957	FalseGround	Unlabelled	SPOkGoodGood	Alarm(_G_-ENTRY,vasnprintf-87640)
161	0.747957	FalseGround	Unlabelled	SPOkGoodGood	Alarm(_G_-ENTRY,vasnprintf-87641)
162	0.747957	FalseGround	Unlabelled	SPOkGoodGood	Alarm(_G_-ENTRY,vasnprintf-87642)
163	0.747957	FalseGround	Unlabelled	SPOkGoodGood	Alarm(_G_-ENTRY,vasnprintf-87815)
164	0.747957	FalseGround	Unlabelled	SPOkGoodGood	Alarm(_G_-ENTRY,vasnprintf-87816)
165	0.747957	FalseGround	Unlabelled	SPOkGoodGood	Alarm(_G_-ENTRY,vasnprintf-87821)
166	0.747957	FalseGround	Unlabelled	SPOkGoodGood	Alarm(_G_-ENTRY,vasnprintf-87822)
167	0.747957	FalseGround	Unlabelled	SPOkGoodGood	Alarm(_G_-ENTRY,vasnprintf-87841)
168	0.747957	FalseGround	Unlabelled	SPOkGoodGood	Alarm(_G_-ENTRY,vasnprintf-87842)
169	0.747957	FalseGround	Unlabelled	SPOkGoodGood	Alarm(_G_-ENTRY,vasnprintf-87845)
170	0.747957	FalseGround	Unlabelled	SPOkGoodGood	Alarm(_G_-ENTRY,vasnprintf-87846)
171	0.733894	FalseGround	Unlabelled	SPOkGoodGood	Alarm(_G_-ENTRY,mergefps-118290)
172	0.73295	FalseGround	Unlabelled	SPOkGoodGood	Alarm(_G_-ENTRY,mergefps-118331)
173	0.729	FalseGround	Unlabelled	SPOkGoodGood	Alarm(_G_-ENTRY,check-117741)
174	0.729	FalseGround	Unlabelled	SPOkGoodGood	Alarm(_G_-ENTRY,check-117742)
175	0.729	FalseGround	Unlabelled	SPOkGoodGood	Alarm(_G_-ENTRY,check-117743)
176	0.729	FalseGround	Unlabelled	SPOkGoodGood	Alarm(_G_-ENTRY,check-117744)
177	0.729	FalseGround	Unlabelled	SPOkGoodGood	Alarm(_G_-ENTRY,initbuf-116186)
178	0.729	FalseGround	Unlabelled	SPOkGoodGood	Alarm(_G_-ENTRY,keycompare-117515)
179	0.729	FalseGround	Unlabelled	SPOkGoodGood	Alarm(_G_-ENTRY,keycompare-117516)
180	0.729	FalseGround	Unlabelled	SPOkGoodGood	Alarm(_G_-ENTRY,md5_init_ctx-112771)
181	0.729	FalseGround	Unlabelled	SPOkGoodGood	Alarm(_G_-ENTRY,md5_init_ctx-112772)
182	0.729	FalseGround	Unlabelled	SPOkGoodGood	Alarm(_G_-ENTRY,mergefps-118281)
183	0.729	FalseGround	Unlabelled	SPOkGoodGood	Alarm(_G_-ENTRY,mergefps-118300)
184	0.729	FalseGround	Unlabelled	SPOkGoodGood	Alarm(_G_-ENTRY,mergefps-118325)
185	0.729	FalseGround	Unlabelled	SPOkGoodGood	Alarm(_G_-ENTRY,mergefps-118352)
186	0.729	FalseGround	Unlabelled	SPOkGoodGood	Alarm(_G_-ENTRY,vasnprintf-88207)
187	0.729	FalseGround	Unlabelled	SPOkGoodGood	Alarm(_G_-ENTRY,vasnprintf-88437)
188	0.729	FalseGround	Unlabelled	SPOkGoodGood	Alarm(_G_-ENTRY,vasnprintf-88496)
189	0.729	FalseGround	Unlabelled	SPOkGoodGood	Alarm(_G_-ENTRY,vasnprintf-88500)
190	0.729	FalseGround	Unlabelled	SPOkGoodGood	Alarm(_G_-ENTRY,vasnprintf-88555)
191	0.729	FalseGround	Unlabelled	SPOkGoodGood	Alarm(_G_-ENTRY,vasnprintf-88585)
192	0.729	FalseGround	Unlabelled	SPOkGoodGood	Alarm(_G_-ENTRY,vasnprintf-88595)
193	0.729	FalseGround	Unlabelled	SPOkGoodGood	Alarm(_G_-ENTRY,vasnprintf-87643)
194	0.729	FalseGround	Unlabelled	SPOkGoodGood	Alarm(_G_-ENTRY,vasnprintf-87644)
195	0.729	FalseGround	Unlabelled	SPOkGoodGood	Alarm(_G_-ENTRY,vasnprintf-87843)
196	0.729	FalseGround	Unlabelled	SPOkGoodGood	Alarm(_G_-ENTRY,vasnprintf-87844)
197	0.729	FalseGround	Unlabelled	SPOkGoodGood	Alarm(_G_-ENTRY,vasnprintf-87847)
198	0.729	FalseGround	Unlabelled	SPOkGoodGood	Alarm(_G_-ENTRY,vasnprintf-87848)
199	0.724281	FalseGround	Unlabelled	SPOkGoodGood	Alarm(_G_-ENTRY,verrevcmp-83419)
200	0.717909	FalseGround	Unlabelled	SPOkGoodGood	Alarm(_G_-ENTRY,vasnprintf-88196)
201	0.717909	FalseGround	Unlabelled	SPOkGoodGood	Alarm(_G_-ENTRY,vasnprintf-88432)
202	0.717909	FalseGround	Unlabelled	SPOkGoodGood	Alarm(_G_-ENTRY,vasnprintf-88517)
203	0.717909	FalseGround	Unlabelled	SPOkGoodGood	Alarm(_G_-ENTRY,vasnprintf-88631)
204	0.717909	FalseGround	Unlabelled	SPOkGoodGood	Alarm(_G_-ENTRY,vasnprintf-88658)
205	0.717909	FalseGround	Unlabelled	SPOkGoodGood	Alarm(_G_-ENTRY,vasnprintf-88680)
206	0.716139	FalseGround	Unlabelled	SPOkGoodGood	Alarm(_G_-ENTRY,vasnprintf-88434)
207	0.68045	FalseGround	Unlabelled	SPOkGoodGood	Alarm(_G_-ENTRY,check-117734)
208	0.68045	FalseGround	Unlabelled	SPOkGoodGood	Alarm(_G_-ENTRY,md5_process_block-113715)
209	0.68045	FalseGround	Unlabelled	SPOkGoodGood	Alarm(_G_-ENTRY,md5_process_block-113716)
210	0.68045	FalseGround	Unlabelled	SPOkGoodGood	Alarm(_G_-ENTRY,md5_process_block-113717)
211	0.68045	FalseGround	Unlabelled	SPOkGoodGood	Alarm(_G_-ENTRY,md5_process_block-113718)
212	0.68045	FalseGround	Unlabelled	SPOkGoodGood	Alarm(_G_-ENTRY,md5_process_block-113719)
213	0.68045	FalseGround	Unlabelled	SPOkGoodGood	Alarm(_G_-ENTRY,md5_process_block-114002)
214	0.68045	FalseGround	Unlabelled	SPOkGoodGood	Alarm(_G_-ENTRY,md5_process_block-114003)
215	0.68045	FalseGround	Unlabelled	SPOkGoodGood	Alarm(_G_-ENTRY,md5_process_block-114004)
216	0.68045	FalseGround	Unlabelled	SPOkGoodGood	Alarm(_G_-ENTRY,md5_process_block-114005)
217	0.68045	FalseGround	Unlabelled	SPOkGoodGood	Alarm(_G_-ENTRY,verrevcmp-83415)
218	0.68045	FalseGround	Unlabelled	SPOkGoodGood	Alarm(_G_-ENTRY,fillbuf___7-116608)
219	0.68045	FalseGround	Unlabelled	SPOkGoodGood	Alarm(_G_-ENTRY,fillbuf___7-116609)
220	0.68045	FalseGround	Unlabelled	SPOkGoodGood	Alarm(_G_-ENTRY,md5_process_block-113708)
221	0.68045	FalseGround	Unlabelled	SPOkGoodGood	Alarm(_G_-ENTRY,md5_process_block-113709)
222	0.673161	FalseGround	Unlabelled	SPOkGoodGood	Alarm(_G_-ENTRY,vasnprintf-88491)
223	0.669753	FalseGround	Unlabelled	SPOkGoodGood	Alarm(_G_-ENTRY,numcompare___3-116732)
224	0.669753	FalseGround	Unlabelled	SPOkGoodGood	Alarm(_G_-ENTRY,numcompare___3-116734)
225	0.666936	FalseGround	Unlabelled	SPOkGoodGood	Alarm(_G_-ENTRY,vasnprintf-87657)
226	0.666936	FalseGround	Unlabelled	SPOkGoodGood	Alarm(_G_-ENTRY,vasnprintf-87658)
227	0.66086	FalseGround	Unlabelled	SPOkGoodGood	Alarm(_G_-ENTRY,keycompare-117545)
228	0.6561	FalseGround	Unlabelled	SPOkGoodGood	Alarm(_G_-ENTRY,initbuf-116188)
229	0.6561	FalseGround	Unlabelled	SPOkGoodGood	Alarm(_G_-ENTRY,initbuf-116189)
230	0.6561	FalseGround	Unlabelled	SPOkGoodGood	Alarm(_G_-ENTRY,keycompare-117512)
231	0.6561	FalseGround	Unlabelled	SPOkGoodGood	Alarm(_G_-ENTRY,keycompare-117513)
232	0.6561	FalseGround	Unlabelled	SPOkGoodGood	Alarm(_G_-ENTRY,keycompare-117521)
233	0.6561	FalseGround	Unlabelled	SPOkGoodGood	Alarm(_G_-ENTRY,match_suffix-83343)
234	0.6561	FalseGround	Unlabelled	SPOkGoodGood	Alarm(_G_-ENTRY,match_suffix-83347)
235	0.6561	FalseGround	Unlabelled	SPOkGoodGood	Alarm(_G_-ENTRY,merge-118630)
236	0.6561	FalseGround	Unlabelled	SPOkGoodGood	Alarm(_G_-ENTRY,merge-118631)
237	0.6561	FalseGround	Unlabelled	SPOkGoodGood	Alarm(_G_-ENTRY,mergefps-118284)
238	0.6561	FalseGround	Unlabelled	SPOkGoodGood	Alarm(_G_-ENTRY,mergefps-118285)
239	0.6561	FalseGround	Unlabelled	SPOkGoodGood	Alarm(_G_-ENTRY,mergefps-118287)
240	0.6561	FalseGround	Unlabelled	SPOkGoodGood	Alarm(_G_-ENTRY,mergefps-118297)
241	0.6561	FalseGround	Unlabelled	SPOkGoodGood	Alarm(_G_-ENTRY,mergefps-118301)
242	0.6561	FalseGround	Unlabelled	SPOkGoodGood	Alarm(_G_-ENTRY,mergefps-118302)
243	0.6561	FalseGround	Unlabelled	SPOkGoodGood	Alarm(_G_-ENTRY,mergefps-118334)
244	0.6561	FalseGround	Unlabelled	SPOkGoodGood	Alarm(_G_-ENTRY,mergefps-118346)
245	0.6561	FalseGround	Unlabelled	SPOkGoodGood	Alarm(_G_-ENTRY,mergefps-118363)
246	0.6561	FalseGround	Unlabelled	SPOkGoodGood	Alarm(_G_-ENTRY,open_input_files-117802)
247	0.6561	FalseGround	Unlabelled	SPOkGoodGood	Alarm(_G_-ENTRY,open_input_files-117803)
248	0.6561	FalseGround	Unlabelled	SPOkGoodGood	Alarm(_G_-ENTRY,open_input_files-117805)
249	0.6561	FalseGround	Unlabelled	SPOkGoodGood	Alarm(_G_-ENTRY,open_input_files-117811)
250	0.6561	FalseGround	Unlabelled	SPOkGoodGood	Alarm(_G_-ENTRY,sort-118840)
251	0.6561	FalseGround	Unlabelled	SPOkGoodGood	Alarm(_G_-ENTRY,verrevcmp-83406)
252	0.6561	FalseGround	Unlabelled	SPOkGoodGood	Alarm(_G_-ENTRY,match_suffix-83324)
253	0.6561	FalseGround	Unlabelled	SPOkGoodGood	Alarm(_G_-ENTRY,match_suffix-83325)
254	0.6561	FalseGround	Unlabelled	SPOkGoodGood	Alarm(_G_-ENTRY,match_suffix-83330)
255	0.6561	FalseGround	Unlabelled	SPOkGoodGood	Alarm(_G_-ENTRY,match_suffix-83331)
256	0.6561	FalseGround	Unlabelled	SPOkGoodGood	Alarm(_G_-ENTRY,match_suffix-83332)
257	0.6561	FalseGround	Unlabelled	SPOkGoodGood	Alarm(_G_-ENTRY,match_suffix-83333)
258	0.6561	FalseGround	Unlabelled	SPOkGoodGood	Alarm(_G_-ENTRY,match_suffix-83338)
259	0.6561	FalseGround	Unlabelled	SPOkGoodGood	Alarm(_G_-ENTRY,match_suffix-83339)
260	0.6561	FalseGround	Unlabelled	SPOkGoodGood	Alarm(_G_-ENTRY,mergefps-118189)
261	0.6561	FalseGround	Unlabelled	SPOkGoodGood	Alarm(_G_-ENTRY,mergefps-118190)
262	0.6561	FalseGround	Unlabelled	SPOkGoodGood	Alarm(_G_-ENTRY,mergefps-118191)
263	0.6561	FalseGround	Unlabelled	SPOkGoodGood	Alarm(_G_-ENTRY,mergefps-118192)
264	0.653614	FalseGround	Unlabelled	SPOkGoodGood	Alarm(_G_-ENTRY,keycompare-117499)
265	0.653614	FalseGround	Unlabelled	SPOkGoodGood	Alarm(_G_-ENTRY,keycompare-117500)
266	0.653614	FalseGround	Unlabelled	SPOkGoodGood	Alarm(_G_-ENTRY,keycompare-117501)
267	0.653614	FalseGround	Unlabelled	SPOkGoodGood	Alarm(_G_-ENTRY,keycompare-117502)
268	0.653614	FalseGround	Unlabelled	SPOkGoodGood	Alarm(_G_-ENTRY,keycompare-117598)
269	0.653614	FalseGround	Unlabelled	SPOkGoodGood	Alarm(_G_-ENTRY,keycompare-117599)
270	0.653614	FalseGround	Unlabelled	SPOkGoodGood	Alarm(_G_-ENTRY,keycompare-117602)
271	0.653614	FalseGround	Unlabelled	SPOkGoodGood	Alarm(_G_-ENTRY,keycompare-117603)
272	0.648521	FalseGround	Unlabelled	SPOkGoodGood	Alarm(_G_-ENTRY,compare_version-116984)
273	0.648521	FalseGround	Unlabelled	SPOkGoodGood	Alarm(_G_-ENTRY,compare_version-116985)
274	0.648521	FalseGround	Unlabelled	SPOkGoodGood	Alarm(_G_-ENTRY,compare_version-116986)
275	0.648521	FalseGround	Unlabelled	SPOkGoodGood	Alarm(_G_-ENTRY,compare_version-116987)
276	0.648521	FalseGround	Unlabelled	SPOkGoodGood	Alarm(_G_-ENTRY,compare_version-116989)
277	0.648521	FalseGround	Unlabelled	SPOkGoodGood	Alarm(_G_-ENTRY,compare_version-116990)
278	0.645842	FalseGround	Unlabelled	SPOkGoodGood	Alarm(_G_-ENTRY,fts_open-80749)
279	0.645842	FalseGround	Unlabelled	SPOkGoodGood	Alarm(_G_-ENTRY,fts_open-80812)
280	0.643771	FalseGround	Unlabelled	SPOkGoodGood	Alarm(_G_-ENTRY,verrevcmp-83380)
281	0.643771	FalseGround	Unlabelled	SPOkGoodGood	Alarm(_G_-ENTRY,verrevcmp-83381)
282	0.643771	FalseGround	Unlabelled	SPOkGoodGood	Alarm(_G_-ENTRY,verrevcmp-83382)
283	0.643771	FalseGround	Unlabelled	SPOkGoodGood	Alarm(_G_-ENTRY,verrevcmp-83383)
284	0.62751	FalseGround	Unlabelled	SPOkGoodGood	Alarm(_G_-ENTRY,fillbuf___7-116669)
285	0.623151	FalseGround	Unlabelled	SPOkGoodGood	Alarm(_G_-ENTRY,sortlines_temp-118496)
286	0.612405	FalseGround	Unlabelled	SPOkGoodGood	Alarm(_G_-ENTRY,fillbuf___7-116666)
287	0.612405	FalseGround	Unlabelled	SPOkGoodGood	Alarm(_G_-ENTRY,fillbuf___7-116667)
288	0.612405	FalseGround	Unlabelled	SPOkGoodGood	Alarm(_G_-ENTRY,fillbuf___7-116671)
289	0.600272	FalseGround	Unlabelled	SPOkGoodGood	Alarm(_G_-ENTRY,getmonth-116802)
290	0.59049	FalseGround	Unlabelled	SPOkGoodGood	Alarm(_G_-ENTRY,mergefps-118293)
291	0.59049	FalseGround	Unlabelled	SPOkGoodGood	Alarm(_G_-ENTRY,mergefps-118294)
292	0.59049	FalseGround	Unlabelled	SPOkGoodGood	Alarm(_G_-ENTRY,sortlines-118474)
293	0.59049	FalseGround	Unlabelled	SPOkGoodGood	Alarm(_G_-ENTRY,sortlines-118475)
294	0.59049	FalseGround	Unlabelled	SPOkGoodGood	Alarm(_G_-ENTRY,sortlines-118476)
295	0.59049	FalseGround	Unlabelled	SPOkGoodGood	Alarm(_G_-ENTRY,open_input_files-117780)
296	0.59049	FalseGround	Unlabelled	SPOkGoodGood	Alarm(_G_-ENTRY,open_input_files-117781)
297	0.588253	FalseGround	Unlabelled	SPOkGoodGood	Alarm(_G_-ENTRY,compare-117668)
298	0.585961	FalseGround	Unlabelled	SPOkGoodGood	Alarm(_G_-ENTRY,hash_find_entry-79248)
299	0.585961	FalseGround	Unlabelled	SPOkGoodGood	Alarm(_G_-ENTRY,hash_find_entry-79249)
300	0.585961	FalseGround	Unlabelled	SPOkGoodGood	Alarm(_G_-ENTRY,hash_find_entry-79250)
301	0.585961	FalseGround	Unlabelled	SPOkGoodGood	Alarm(_G_-ENTRY,hash_find_entry-79251)
302	0.585961	FalseGround	Unlabelled	SPOkGoodGood	Alarm(_G_-ENTRY,hash_find_entry-79253)
303	0.585884	FalseGround	Unlabelled	SPOkGoodGood	Alarm(_G_-ENTRY,mergefps-118311)
304	0.585884	FalseGround	Unlabelled	SPOkGoodGood	Alarm(_G_-ENTRY,mergefps-118326)
305	0.585884	FalseGround	Unlabelled	SPOkGoodGood	Alarm(_G_-ENTRY,mergefps-118328)
306	0.585884	FalseGround	Unlabelled	SPOkGoodGood	Alarm(_G_-ENTRY,mergefps-118329)
307	0.585884	FalseGround	Unlabelled	SPOkGoodGood	Alarm(_G_-ENTRY,mergefps-118175)
308	0.585884	FalseGround	Unlabelled	SPOkGoodGood	Alarm(_G_-ENTRY,mergefps-118176)
309	0.585884	FalseGround	Unlabelled	SPOkGoodGood	Alarm(_G_-ENTRY,mergefps-118179)
310	0.585884	FalseGround	Unlabelled	SPOkGoodGood	Alarm(_G_-ENTRY,mergefps-118180)
311	0.582812	FalseGround	Unlabelled	SPOkGoodGood	Alarm(_G_-ENTRY,merge-118678)
312	0.568811	FalseGround	Unlabelled	SPOkGoodGood	Alarm(_G_-ENTRY,xgethostname-87017)
313	0.566544	FalseGround	Unlabelled	SPOkGoodGood	Alarm(_G_-ENTRY,md5_process_bytes-112877)
314	0.566544	FalseGround	Unlabelled	SPOkGoodGood	Alarm(_G_-ENTRY,md5_process_bytes-112878)
315	0.566544	FalseGround	Unlabelled	SPOkGoodGood	Alarm(_G_-ENTRY,md5_process_bytes-112879)
316	0.566544	FalseGround	Unlabelled	SPOkGoodGood	Alarm(_G_-ENTRY,md5_process_bytes-112882)
317	0.566544	FalseGround	Unlabelled	SPOkGoodGood	Alarm(_G_-ENTRY,md5_process_bytes-112892)
318	0.566544	FalseGround	Unlabelled	SPOkGoodGood	Alarm(_G_-ENTRY,md5_process_bytes-112894)
319	0.563597	FalseGround	Unlabelled	SPOkGoodGood	Alarm(_G_-ENTRY,canonicalize_filename_mode-84753)
320	0.563597	FalseGround	Unlabelled	SPOkGoodGood	Alarm(_G_-ENTRY,canonicalize_filename_mode-84805)
321	0.551164	FalseGround	Unlabelled	SPOkGoodGood	Alarm(_G_-ENTRY,keycompare-117604)
322	0.551164	FalseGround	Unlabelled	SPOkGoodGood	Alarm(_G_-ENTRY,keycompare-117606)
323	0.54526	FalseGround	Unlabelled	SPOkGoodGood	Alarm(_G_-ENTRY,vasnprintf-88208)
324	0.54526	FalseGround	Unlabelled	SPOkGoodGood	Alarm(_G_-ENTRY,vasnprintf-88216)
325	0.54526	FalseGround	Unlabelled	SPOkGoodGood	Alarm(_G_-ENTRY,vasnprintf-88230)
326	0.54526	FalseGround	Unlabelled	SPOkGoodGood	Alarm(_G_-ENTRY,vasnprintf-88340)
327	0.54526	FalseGround	Unlabelled	SPOkGoodGood	Alarm(_G_-ENTRY,vasnprintf-88368)
328	0.54526	FalseGround	Unlabelled	SPOkGoodGood	Alarm(_G_-ENTRY,vasnprintf-88382)
329	0.54526	FalseGround	Unlabelled	SPOkGoodGood	Alarm(_G_-ENTRY,vasnprintf-88442)
330	0.54526	FalseGround	Unlabelled	SPOkGoodGood	Alarm(_G_-ENTRY,vasnprintf-88464)
331	0.54526	FalseGround	Unlabelled	SPOkGoodGood	Alarm(_G_-ENTRY,vasnprintf-88474)
332	0.54526	FalseGround	Unlabelled	SPOkGoodGood	Alarm(_G_-ENTRY,vasnprintf-87589)
333	0.54526	FalseGround	Unlabelled	SPOkGoodGood	Alarm(_G_-ENTRY,vasnprintf-87590)
334	0.54526	FalseGround	Unlabelled	SPOkGoodGood	Alarm(_G_-ENTRY,vasnprintf-87647)
335	0.54526	FalseGround	Unlabelled	SPOkGoodGood	Alarm(_G_-ENTRY,vasnprintf-87648)
336	0.54526	FalseGround	Unlabelled	SPOkGoodGood	Alarm(_G_-ENTRY,vasnprintf-87649)
337	0.54526	FalseGround	Unlabelled	SPOkGoodGood	Alarm(_G_-ENTRY,vasnprintf-87650)
338	0.54526	FalseGround	Unlabelled	SPOkGoodGood	Alarm(_G_-ENTRY,vasnprintf-87659)
339	0.54526	FalseGround	Unlabelled	SPOkGoodGood	Alarm(_G_-ENTRY,vasnprintf-87660)
340	0.54526	FalseGround	Unlabelled	SPOkGoodGood	Alarm(_G_-ENTRY,vasnprintf-87661)
341	0.54526	FalseGround	Unlabelled	SPOkGoodGood	Alarm(_G_-ENTRY,vasnprintf-87662)
342	0.54526	FalseGround	Unlabelled	SPOkGoodGood	Alarm(_G_-ENTRY,vasnprintf-87673)
343	0.54526	FalseGround	Unlabelled	SPOkGoodGood	Alarm(_G_-ENTRY,vasnprintf-87674)
344	0.54526	FalseGround	Unlabelled	SPOkGoodGood	Alarm(_G_-ENTRY,vasnprintf-87675)
345	0.54526	FalseGround	Unlabelled	SPOkGoodGood	Alarm(_G_-ENTRY,vasnprintf-87676)
346	0.54526	FalseGround	Unlabelled	SPOkGoodGood	Alarm(_G_-ENTRY,vasnprintf-87689)
347	0.54526	FalseGround	Unlabelled	SPOkGoodGood	Alarm(_G_-ENTRY,vasnprintf-87690)
348	0.54526	FalseGround	Unlabelled	SPOkGoodGood	Alarm(_G_-ENTRY,vasnprintf-87691)
349	0.54526	FalseGround	Unlabelled	SPOkGoodGood	Alarm(_G_-ENTRY,vasnprintf-87692)
350	0.54526	FalseGround	Unlabelled	SPOkGoodGood	Alarm(_G_-ENTRY,vasnprintf-87709)
351	0.54526	FalseGround	Unlabelled	SPOkGoodGood	Alarm(_G_-ENTRY,vasnprintf-87710)
352	0.54526	FalseGround	Unlabelled	SPOkGoodGood	Alarm(_G_-ENTRY,vasnprintf-87711)
353	0.54526	FalseGround	Unlabelled	SPOkGoodGood	Alarm(_G_-ENTRY,vasnprintf-87712)
354	0.54526	FalseGround	Unlabelled	SPOkGoodGood	Alarm(_G_-ENTRY,vasnprintf-87715)
355	0.54526	FalseGround	Unlabelled	SPOkGoodGood	Alarm(_G_-ENTRY,vasnprintf-87716)
356	0.54526	FalseGround	Unlabelled	SPOkGoodGood	Alarm(_G_-ENTRY,vasnprintf-87717)
357	0.54526	FalseGround	Unlabelled	SPOkGoodGood	Alarm(_G_-ENTRY,vasnprintf-87718)
358	0.54526	FalseGround	Unlabelled	SPOkGoodGood	Alarm(_G_-ENTRY,vasnprintf-87725)
359	0.54526	FalseGround	Unlabelled	SPOkGoodGood	Alarm(_G_-ENTRY,vasnprintf-87726)
360	0.54526	FalseGround	Unlabelled	SPOkGoodGood	Alarm(_G_-ENTRY,vasnprintf-87727)
361	0.54526	FalseGround	Unlabelled	SPOkGoodGood	Alarm(_G_-ENTRY,vasnprintf-87728)
362	0.54526	FalseGround	Unlabelled	SPOkGoodGood	Alarm(_G_-ENTRY,vasnprintf-87735)
363	0.54526	FalseGround	Unlabelled	SPOkGoodGood	Alarm(_G_-ENTRY,vasnprintf-87736)
364	0.54526	FalseGround	Unlabelled	SPOkGoodGood	Alarm(_G_-ENTRY,vasnprintf-87737)
365	0.54526	FalseGround	Unlabelled	SPOkGoodGood	Alarm(_G_-ENTRY,vasnprintf-87738)
366	0.54526	FalseGround	Unlabelled	SPOkGoodGood	Alarm(_G_-ENTRY,vasnprintf-87745)
367	0.54526	FalseGround	Unlabelled	SPOkGoodGood	Alarm(_G_-ENTRY,vasnprintf-87746)
368	0.54526	FalseGround	Unlabelled	SPOkGoodGood	Alarm(_G_-ENTRY,vasnprintf-87747)
369	0.54526	FalseGround	Unlabelled	SPOkGoodGood	Alarm(_G_-ENTRY,vasnprintf-87748)
370	0.536421	FalseGround	Unlabelled	SPOkGoodGood	Alarm(_G_-ENTRY,vasnprintf-88469)
371	0.536421	FalseGround	Unlabelled	SPOkGoodGood	Alarm(_G_-ENTRY,vasnprintf-88479)
372	0.531441	FalseGround	Unlabelled	SPOkGoodGood	Alarm(_G_-ENTRY,mergefps-118319)
373	0.531441	FalseGround	Unlabelled	SPOkGoodGood	Alarm(_G_-ENTRY,mergefps-118320)
374	0.531441	FalseGround	Unlabelled	SPOkGoodGood	Alarm(_G_-ENTRY,mergefps-118321)
375	0.531441	FalseGround	Unlabelled	SPOkGoodGood	Alarm(_G_-ENTRY,mergefps-118322)
376	0.531441	FalseGround	Unlabelled	SPOkGoodGood	Alarm(_G_-ENTRY,vasnprintf-88201)
377	0.531441	FalseGround	Unlabelled	SPOkGoodGood	Alarm(_G_-ENTRY,vasnprintf-88202)
378	0.531441	FalseGround	Unlabelled	SPOkGoodGood	Alarm(_G_-ENTRY,vasnprintf-88203)
379	0.531441	FalseGround	Unlabelled	SPOkGoodGood	Alarm(_G_-ENTRY,vasnprintf-88204)
380	0.531441	FalseGround	Unlabelled	SPOkGoodGood	Alarm(_G_-ENTRY,vasnprintf-88205)
381	0.531441	FalseGround	Unlabelled	SPOkGoodGood	Alarm(_G_-ENTRY,vasnprintf-88212)
382	0.531441	FalseGround	Unlabelled	SPOkGoodGood	Alarm(_G_-ENTRY,vasnprintf-88227)
383	0.531441	FalseGround	Unlabelled	SPOkGoodGood	Alarm(_G_-ENTRY,vasnprintf-88255)
384	0.531441	FalseGround	Unlabelled	SPOkGoodGood	Alarm(_G_-ENTRY,vasnprintf-88525)
385	0.531441	FalseGround	Unlabelled	SPOkGoodGood	Alarm(_G_-ENTRY,vasnprintf-88530)
386	0.531441	FalseGround	Unlabelled	SPOkGoodGood	Alarm(_G_-ENTRY,vasnprintf-88535)
387	0.531441	FalseGround	Unlabelled	SPOkGoodGood	Alarm(_G_-ENTRY,vasnprintf-88540)
388	0.531441	FalseGround	Unlabelled	SPOkGoodGood	Alarm(_G_-ENTRY,vasnprintf-88545)
389	0.531441	FalseGround	Unlabelled	SPOkGoodGood	Alarm(_G_-ENTRY,vasnprintf-88550)
390	0.531441	FalseGround	Unlabelled	SPOkGoodGood	Alarm(_G_-ENTRY,vasnprintf-88560)
391	0.531441	FalseGround	Unlabelled	SPOkGoodGood	Alarm(_G_-ENTRY,vasnprintf-88565)
392	0.531441	FalseGround	Unlabelled	SPOkGoodGood	Alarm(_G_-ENTRY,vasnprintf-88570)
393	0.531441	FalseGround	Unlabelled	SPOkGoodGood	Alarm(_G_-ENTRY,vasnprintf-88575)
394	0.531441	FalseGround	Unlabelled	SPOkGoodGood	Alarm(_G_-ENTRY,vasnprintf-88580)
395	0.531441	FalseGround	Unlabelled	SPOkGoodGood	Alarm(_G_-ENTRY,vasnprintf-88590)
396	0.531441	FalseGround	Unlabelled	SPOkGoodGood	Alarm(_G_-ENTRY,vasnprintf-88600)
397	0.531441	FalseGround	Unlabelled	SPOkGoodGood	Alarm(_G_-ENTRY,vasnprintf-88605)
398	0.531441	FalseGround	Unlabelled	SPOkGoodGood	Alarm(_G_-ENTRY,vasnprintf-87617)
399	0.531441	FalseGround	Unlabelled	SPOkGoodGood	Alarm(_G_-ENTRY,vasnprintf-87618)
400	0.531441	FalseGround	Unlabelled	SPOkGoodGood	Alarm(_G_-ENTRY,vasnprintf-87619)
401	0.531441	FalseGround	Unlabelled	SPOkGoodGood	Alarm(_G_-ENTRY,vasnprintf-87620)
402	0.531441	FalseGround	Unlabelled	SPOkGoodGood	Alarm(_G_-ENTRY,vasnprintf-87621)
403	0.531441	FalseGround	Unlabelled	SPOkGoodGood	Alarm(_G_-ENTRY,vasnprintf-87622)
404	0.531441	FalseGround	Unlabelled	SPOkGoodGood	Alarm(_G_-ENTRY,vasnprintf-87623)
405	0.531441	FalseGround	Unlabelled	SPOkGoodGood	Alarm(_G_-ENTRY,vasnprintf-87624)
406	0.531441	FalseGround	Unlabelled	SPOkGoodGood	Alarm(_G_-ENTRY,vasnprintf-87625)
407	0.531441	FalseGround	Unlabelled	SPOkGoodGood	Alarm(_G_-ENTRY,vasnprintf-87626)
408	0.531441	FalseGround	Unlabelled	SPOkGoodGood	Alarm(_G_-ENTRY,vasnprintf-87651)
409	0.531441	FalseGround	Unlabelled	SPOkGoodGood	Alarm(_G_-ENTRY,vasnprintf-87652)
410	0.531441	FalseGround	Unlabelled	SPOkGoodGood	Alarm(_G_-ENTRY,vasnprintf-87663)
411	0.531441	FalseGround	Unlabelled	SPOkGoodGood	Alarm(_G_-ENTRY,vasnprintf-87664)
412	0.531441	FalseGround	Unlabelled	SPOkGoodGood	Alarm(_G_-ENTRY,sortlines-118484)
413	0.527295	FalseGround	Unlabelled	SPOkGoodGood	Alarm(_G_-ENTRY,mergefps-118339)
414	0.527295	FalseGround	Unlabelled	SPOkGoodGood	Alarm(_G_-ENTRY,mergefps-118340)
415	0.527295	FalseGround	Unlabelled	SPOkGoodGood	Alarm(_G_-ENTRY,mergefps-118341)
416	0.527295	FalseGround	Unlabelled	SPOkGoodGood	Alarm(_G_-ENTRY,mergefps-118342)
417	0.527295	FalseGround	Unlabelled	SPOkGoodGood	Alarm(_G_-ENTRY,mergefps-118343)
418	0.525416	FalseGround	Unlabelled	SPOkGoodGood	Alarm(_G_-ENTRY,build_trtable-105760)
419	0.525416	FalseGround	Unlabelled	SPOkGoodGood	Alarm(_G_-ENTRY,build_trtable-105761)
420	0.525416	FalseGround	Unlabelled	SPOkGoodGood	Alarm(_G_-ENTRY,build_trtable-105778)
421	0.525416	FalseGround	Unlabelled	SPOkGoodGood	Alarm(_G_-ENTRY,build_trtable-105779)
422	0.525302	FalseGround	Unlabelled	SPOkGoodGood	Alarm(_G_-ENTRY,filevercmp-83430)
423	0.525302	FalseGround	Unlabelled	SPOkGoodGood	Alarm(_G_-ENTRY,filevercmp-83431)
424	0.525302	FalseGround	Unlabelled	SPOkGoodGood	Alarm(_G_-ENTRY,filevercmp-83432)
425	0.525302	FalseGround	Unlabelled	SPOkGoodGood	Alarm(_G_-ENTRY,filevercmp-83433)
426	0.525159	FalseGround	Unlabelled	SPOkGoodGood	Alarm(_G_-ENTRY,vasnprintf-88404)
427	0.525159	FalseGround	Unlabelled	SPOkGoodGood	Alarm(_G_-ENTRY,vasnprintf-88412)
428	0.520128	FalseGround	Unlabelled	SPOkGoodGood	Alarm(_G_-ENTRY,merge-118666)
429	0.517063	FalseGround	Unlabelled	SPOkGoodGood	Alarm(_G_-ENTRY,add_exclude_file-84053)
430	0.514454	FalseGround	Unlabelled	SPOkGoodGood	Alarm(_G_-ENTRY,hash_find_entry-79231)
431	0.514454	FalseGround	Unlabelled	SPOkGoodGood	Alarm(_G_-ENTRY,hash_find_entry-79232)
432	0.499758	FalseGround	Unlabelled	SPOkGoodGood	Alarm(_G_-ENTRY,get_charset_aliases-78102)
433	0.499758	FalseGround	Unlabelled	SPOkGoodGood	Alarm(_G_-ENTRY,memxfrm-112610)
434	0.499758	FalseGround	Unlabelled	SPOkGoodGood	Alarm(_G_-ENTRY,memxfrm-112617)
435	0.496048	FalseGround	Unlabelled	SPOkGoodGood	Alarm(_G_-ENTRY,fillbuf___7-116661)
436	0.496048	FalseGround	Unlabelled	SPOkGoodGood	Alarm(_G_-ENTRY,md5_process_block-113720)
437	0.496048	FalseGround	Unlabelled	SPOkGoodGood	Alarm(_G_-ENTRY,md5_process_block-113728)
438	0.496048	FalseGround	Unlabelled	SPOkGoodGood	Alarm(_G_-ENTRY,md5_process_block-113736)
439	0.496048	FalseGround	Unlabelled	SPOkGoodGood	Alarm(_G_-ENTRY,md5_process_block-113744)
440	0.496048	FalseGround	Unlabelled	SPOkGoodGood	Alarm(_G_-ENTRY,md5_process_block-113752)
441	0.496048	FalseGround	Unlabelled	SPOkGoodGood	Alarm(_G_-ENTRY,md5_process_block-113760)
442	0.496048	FalseGround	Unlabelled	SPOkGoodGood	Alarm(_G_-ENTRY,md5_process_block-113768)
443	0.496048	FalseGround	Unlabelled	SPOkGoodGood	Alarm(_G_-ENTRY,md5_process_block-113776)
444	0.496048	FalseGround	Unlabelled	SPOkGoodGood	Alarm(_G_-ENTRY,md5_process_block-113784)
445	0.496048	FalseGround	Unlabelled	SPOkGoodGood	Alarm(_G_-ENTRY,md5_process_block-113792)
446	0.496048	FalseGround	Unlabelled	SPOkGoodGood	Alarm(_G_-ENTRY,md5_process_block-113800)
447	0.496048	FalseGround	Unlabelled	SPOkGoodGood	Alarm(_G_-ENTRY,md5_process_block-113808)
448	0.496048	FalseGround	Unlabelled	SPOkGoodGood	Alarm(_G_-ENTRY,md5_process_block-113816)
449	0.496048	FalseGround	Unlabelled	SPOkGoodGood	Alarm(_G_-ENTRY,md5_process_block-113824)
450	0.496048	FalseGround	Unlabelled	SPOkGoodGood	Alarm(_G_-ENTRY,md5_process_block-113832)
451	0.496048	FalseGround	Unlabelled	SPOkGoodGood	Alarm(_G_-ENTRY,md5_process_block-113840)
452	0.496048	FalseGround	Unlabelled	SPOkGoodGood	Alarm(_G_-ENTRY,md5_process_block-113848)
453	0.496048	FalseGround	Unlabelled	SPOkGoodGood	Alarm(_G_-ENTRY,verrevcmp-83413)
454	0.496048	FalseGround	Unlabelled	SPOkGoodGood	Alarm(_G_-ENTRY,verrevcmp-83414)
455	0.496048	FalseGround	Unlabelled	SPOkGoodGood	Alarm(_G_-ENTRY,verrevcmp-83418)
456	0.489985	FalseGround	Unlabelled	SPOkGoodGood	Alarm(_G_-ENTRY,get_charset_aliases-78049)
457	0.489985	FalseGround	Unlabelled	SPOkGoodGood	Alarm(_G_-ENTRY,get_charset_aliases-78050)
458	0.488778	FalseGround	Unlabelled	SPOkGoodGood	Alarm(_G_-ENTRY,vasnprintf-88221)
459	0.478297	FalseGround	Unlabelled	SPOkGoodGood	Alarm(_G_-ENTRY,avoid_trashing_input-118573)
460	0.478297	FalseGround	Unlabelled	SPOkGoodGood	Alarm(_G_-ENTRY,avoid_trashing_input-118574)
461	0.478297	TrueGround	Unlabelled	SPOkGoodGood	Alarm(_G_-ENTRY,avoid_trashing_input-118575)
462	0.478297	FalseGround	Unlabelled	SPOkGoodGood	Alarm(_G_-ENTRY,merge-118646)
463	0.478297	FalseGround	Unlabelled	SPOkGoodGood	Alarm(_G_-ENTRY,merge-118649)
464	0.478297	FalseGround	Unlabelled	SPOkGoodGood	Alarm(_G_-ENTRY,mergefps-118289)
465	0.478297	FalseGround	Unlabelled	SPOkGoodGood	Alarm(_G_-ENTRY,mergefps-118361)
466	0.466818	FalseGround	Unlabelled	SPOkGoodGood	Alarm(_G_-ENTRY,hash_lookup-71882)
467	0.466818	FalseGround	Unlabelled	SPOkGoodGood	Alarm(_G_-ENTRY,hash_lookup-78983)
468	0.466818	FalseGround	Unlabelled	SPOkGoodGood	Alarm(_G_-ENTRY,hash_lookup-78984)
469	0.463401	FalseGround	Unlabelled	SPOkGoodGood	Alarm(_G_-ENTRY,add_temp_dir-115800)
470	0.462593	FalseGround	Unlabelled	SPOkGoodGood	Alarm(_G_-ENTRY,add_exclude_file-83990)
471	0.462593	FalseGround	Unlabelled	SPOkGoodGood	Alarm(_G_-ENTRY,add_exclude_file-83991)
472	0.456513	FalseGround	Unlabelled	SPOkGoodGood	Alarm(_G_-ENTRY,canonicalize_filename_mode-84641)
473	0.456513	FalseGround	Unlabelled	SPOkGoodGood	Alarm(_G_-ENTRY,canonicalize_filename_mode-84642)
474	0.456513	FalseGround	Unlabelled	SPOkGoodGood	Alarm(_G_-ENTRY,canonicalize_filename_mode-84643)
475	0.456513	FalseGround	Unlabelled	SPOkGoodGood	Alarm(_G_-ENTRY,canonicalize_filename_mode-84644)
476	0.456513	FalseGround	Unlabelled	SPOkGoodGood	Alarm(_G_-ENTRY,canonicalize_filename_mode-84645)
477	0.456513	FalseGround	Unlabelled	SPOkGoodGood	Alarm(_G_-ENTRY,canonicalize_filename_mode-84646)
478	0.456513	FalseGround	Unlabelled	SPOkGoodGood	Alarm(_G_-ENTRY,canonicalize_filename_mode-84647)
479	0.456513	FalseGround	Unlabelled	SPOkGoodGood	Alarm(_G_-ENTRY,canonicalize_filename_mode-84648)
480	0.456513	FalseGround	Unlabelled	SPOkGoodGood	Alarm(_G_-ENTRY,canonicalize_filename_mode-84653)
481	0.456513	FalseGround	Unlabelled	SPOkGoodGood	Alarm(_G_-ENTRY,canonicalize_filename_mode-84654)
482	0.456513	FalseGround	Unlabelled	SPOkGoodGood	Alarm(_G_-ENTRY,canonicalize_filename_mode-84657)
483	0.456513	FalseGround	Unlabelled	SPOkGoodGood	Alarm(_G_-ENTRY,canonicalize_filename_mode-84658)
484	0.456513	FalseGround	Unlabelled	SPOkGoodGood	Alarm(_G_-ENTRY,canonicalize_filename_mode-84659)
485	0.456513	FalseGround	Unlabelled	SPOkGoodGood	Alarm(_G_-ENTRY,canonicalize_filename_mode-84660)
486	0.456513	FalseGround	Unlabelled	SPOkGoodGood	Alarm(_G_-ENTRY,canonicalize_filename_mode-84663)
487	0.456513	FalseGround	Unlabelled	SPOkGoodGood	Alarm(_G_-ENTRY,canonicalize_filename_mode-84664)
488	0.456513	FalseGround	Unlabelled	SPOkGoodGood	Alarm(_G_-ENTRY,canonicalize_filename_mode-84665)
489	0.456513	FalseGround	Unlabelled	SPOkGoodGood	Alarm(_G_-ENTRY,canonicalize_filename_mode-84666)
490	0.456513	FalseGround	Unlabelled	SPOkGoodGood	Alarm(_G_-ENTRY,canonicalize_filename_mode-84677)
491	0.456513	FalseGround	Unlabelled	SPOkGoodGood	Alarm(_G_-ENTRY,canonicalize_filename_mode-84678)
492	0.456513	FalseGround	Unlabelled	SPOkGoodGood	Alarm(_G_-ENTRY,canonicalize_filename_mode-84705)
493	0.456513	FalseGround	Unlabelled	SPOkGoodGood	Alarm(_G_-ENTRY,canonicalize_filename_mode-84706)
494	0.456513	FalseGround	Unlabelled	SPOkGoodGood	Alarm(_G_-ENTRY,canonicalize_filename_mode-84711)
495	0.456513	FalseGround	Unlabelled	SPOkGoodGood	Alarm(_G_-ENTRY,canonicalize_filename_mode-84712)
496	0.446443	FalseGround	Unlabelled	SPOkGoodGood	Alarm(_G_-ENTRY,fillbuf___7-116612)
497	0.446443	FalseGround	Unlabelled	SPOkGoodGood	Alarm(_G_-ENTRY,fillbuf___7-116613)
498	0.43777	FalseGround	Unlabelled	SPOkGoodGood	Alarm(_G_-ENTRY,check-117702)
499	0.430467	FalseGround	Unlabelled	SPOkGoodGood	Alarm(_G_-ENTRY,merge-118668)
500	0.430467	FalseGround	Unlabelled	SPOkGoodGood	Alarm(_G_-ENTRY,merge-118676)
501	0.430467	FalseGround	Unlabelled	SPOkGoodGood	Alarm(_G_-ENTRY,merge-118677)
502	0.408517	FalseGround	Unlabelled	SPOkGoodGood	Alarm(_G_-ENTRY,check-117701)
503	0.38742	FalseGround	Unlabelled	SPOkGoodGood	Alarm(_G_-ENTRY,avoid_trashing_input-118550)
504	0.38742	FalseGround	Unlabelled	SPOkGoodGood	Alarm(_G_-ENTRY,avoid_trashing_input-118552)
505	0.38742	FalseGround	Unlabelled	SPOkGoodGood	Alarm(_G_-ENTRY,avoid_trashing_input-118561)
506	0.38742	FalseGround	Unlabelled	SPOkGoodGood	Alarm(_G_-ENTRY,create_temp_file-115435)
507	0.382945	FalseGround	Unlabelled	SPOkGoodGood	Alarm(_G_-ENTRY,filevercmp-78931)
508	0.382945	FalseGround	Unlabelled	SPOkGoodGood	Alarm(_G_-ENTRY,filevercmp-83434)
509	0.382945	FalseGround	Unlabelled	SPOkGoodGood	Alarm(_G_-ENTRY,filevercmp-83435)
510	0.378167	FalseGround	Unlabelled	SPOkGoodGood	Alarm(_G_-ENTRY,hash_insert-79354)
511	0.378122	FalseGround	Unlabelled	SPOkGoodGood	Alarm(_G_-ENTRY,hash_lookup-78973)
512	0.378122	FalseGround	Unlabelled	SPOkGoodGood	Alarm(_G_-ENTRY,hash_lookup-78974)
513	0.373623	FalseGround	Unlabelled	SPOkGoodGood	Alarm(_G_-ENTRY,readisaac-107466)
514	0.373623	FalseGround	Unlabelled	SPOkGoodGood	Alarm(_G_-ENTRY,readisaac-107468)
515	0.353033	FalseGround	Unlabelled	SPOkGoodGood	Alarm(_G_-ENTRY,vasnprintf-88198)
516	0.353033	FalseGround	Unlabelled	SPOkGoodGood	Alarm(_G_-ENTRY,vasnprintf-88236)
517	0.352883	FalseGround	Unlabelled	SPOkGoodGood	Alarm(_G_-ENTRY,set_uint32-91902)
518	0.338203	FalseGround	Unlabelled	SPOkGoodGood	Alarm(_G_-ENTRY,hash_insert-79356)
519	0.333614	FalseGround	Unlabelled	SPOkGoodGood	Alarm(_G_-ENTRY,hash_rehash-79298)
520	0.333614	FalseGround	Unlabelled	SPOkGoodGood	Alarm(_G_-ENTRY,hash_rehash-79300)
521	0.320229	FalseGround	Unlabelled	SPOkGoodGood	Alarm(_G_-ENTRY,getmonth-116793)
522	0.318763	FalseGround	Unlabelled	SPOkGoodGood	Alarm(_G_-ENTRY,canonicalize_filename_mode-84766)
523	0.318763	FalseGround	Unlabelled	SPOkGoodGood	Alarm(_G_-ENTRY,canonicalize_filename_mode-84794)
524	0.31822	FalseGround	Unlabelled	SPOkGoodGood	Alarm(_G_-ENTRY,hash_insert-79346)
525	0.31822	FalseGround	Unlabelled	SPOkGoodGood	Alarm(_G_-ENTRY,hash_insert-79352)
526	0.31822	FalseGround	Unlabelled	SPOkGoodGood	Alarm(_G_-ENTRY,hash_insert-79353)
527	0.313811	FalseGround	Unlabelled	SPOkGoodGood	Alarm(_G_-ENTRY,get_charset_aliases-78103)
528	0.313811	FalseGround	Unlabelled	SPOkGoodGood	Alarm(_G_-ENTRY,memcoll-112673)
529	0.313811	FalseGround	Unlabelled	SPOkGoodGood	Alarm(_G_-ENTRY,re_search_internal-102750)
530	0.313811	FalseGround	Unlabelled	SPOkGoodGood	Alarm(_G_-ENTRY,re_search_internal-102752)
531	0.303539	FalseGround	Unlabelled	SPOkGoodGood	Alarm(_G_-ENTRY,mergelines-118455)
532	0.303539	FalseGround	Unlabelled	SPOkGoodGood	Alarm(_G_-ENTRY,mergelines-118459)
533	0.302634	FalseGround	Unlabelled	SPOkGoodGood	Alarm(_G_-ENTRY,humblock-78855)
534	0.302634	FalseGround	Unlabelled	SPOkGoodGood	Alarm(_G_-ENTRY,humblock-78856)
535	0.302634	FalseGround	Unlabelled	SPOkGoodGood	Alarm(_G_-ENTRY,humblock-78861)
536	0.302634	FalseGround	Unlabelled	SPOkGoodGood	Alarm(_G_-ENTRY,humblock-78862)
537	0.302634	FalseGround	Unlabelled	SPOkGoodGood	Alarm(_G_-ENTRY,humblock-78863)
538	0.302634	FalseGround	Unlabelled	SPOkGoodGood	Alarm(_G_-ENTRY,humblock-78864)
539	0.302203	FalseGround	Unlabelled	SPOkGoodGood	Alarm(_G_-ENTRY,build_trtable-105645)
540	0.302203	FalseGround	Unlabelled	SPOkGoodGood	Alarm(_G_-ENTRY,build_trtable-105646)
541	0.302203	FalseGround	Unlabelled	SPOkGoodGood	Alarm(_G_-ENTRY,build_trtable-105655)
542	0.302203	FalseGround	Unlabelled	SPOkGoodGood	Alarm(_G_-ENTRY,build_trtable-105656)
543	0.289774	FalseGround	Unlabelled	SPOkGoodGood	Alarm(_G_-ENTRY,vasnprintf-88326)
544	0.289774	FalseGround	Unlabelled	SPOkGoodGood	Alarm(_G_-ENTRY,vasnprintf-88336)
545	0.289774	FalseGround	Unlabelled	SPOkGoodGood	Alarm(_G_-ENTRY,vasnprintf-88343)
546	0.289774	FalseGround	Unlabelled	SPOkGoodGood	Alarm(_G_-ENTRY,vasnprintf-88361)
547	0.289774	FalseGround	Unlabelled	SPOkGoodGood	Alarm(_G_-ENTRY,vasnprintf-88378)
548	0.289774	FalseGround	Unlabelled	SPOkGoodGood	Alarm(_G_-ENTRY,vasnprintf-88385)
549	0.289774	FalseGround	Unlabelled	SPOkGoodGood	Alarm(_G_-ENTRY,vasnprintf-88445)
550	0.289774	FalseGround	Unlabelled	SPOkGoodGood	Alarm(_G_-ENTRY,vasnprintf-88448)
551	0.289774	FalseGround	Unlabelled	SPOkGoodGood	Alarm(_G_-ENTRY,vasnprintf-88451)
552	0.289774	FalseGround	Unlabelled	SPOkGoodGood	Alarm(_G_-ENTRY,vasnprintf-88454)
553	0.289774	FalseGround	Unlabelled	SPOkGoodGood	Alarm(_G_-ENTRY,vasnprintf-88457)
554	0.289774	FalseGround	Unlabelled	SPOkGoodGood	Alarm(_G_-ENTRY,vasnprintf-88460)
555	0.289774	FalseGround	Unlabelled	SPOkGoodGood	Alarm(_G_-ENTRY,vasnprintf-88483)
556	0.289774	FalseGround	Unlabelled	SPOkGoodGood	Alarm(_G_-ENTRY,vasnprintf-88486)
557	0.289774	FalseGround	Unlabelled	SPOkGoodGood	Alarm(_G_-ENTRY,vasnprintf-88489)
558	0.254187	FalseGround	Unlabelled	SPOkGoodGood	Alarm(_G_-ENTRY,vasnprintf-88396)
559	0.254187	FalseGround	Unlabelled	SPOkGoodGood	Alarm(_G_-ENTRY,vasnprintf-88401)
560	0.254187	FalseGround	Unlabelled	SPOkGoodGood	Alarm(_G_-ENTRY,vasnprintf-88409)
561	0.251212	FalseGround	Unlabelled	SPOkGoodGood	Alarm(_G_-ENTRY,free_entry-79218)
562	0.251212	FalseGround	Unlabelled	SPOkGoodGood	Alarm(_G_-ENTRY,free_entry-79219)
563	0.242962	FalseGround	Unlabelled	SPOkGoodGood	Alarm(_G_-ENTRY,xgethostname-86981)
564	0.242962	FalseGround	Unlabelled	SPOkGoodGood	Alarm(_G_-ENTRY,xgethostname-86982)
565	0.233224	FalseGround	Unlabelled	SPOkGoodGood	Alarm(_G_-ENTRY,hash_rehash-79264)
566	0.233224	FalseGround	Unlabelled	SPOkGoodGood	Alarm(_G_-ENTRY,hash_rehash-79265)
567	0.199833	FalseGround	Unlabelled	SPOkGoodGood	Alarm(_G_-ENTRY,mergelines-118463)
568	0.186144	FalseGround	Unlabelled	SPOkGoodGood	Alarm(_G_-ENTRY,hash_rehash-79284)
569	0.186144	FalseGround	Unlabelled	SPOkGoodGood	Alarm(_G_-ENTRY,hash_rehash-79288)
570	0.186144	FalseGround	Unlabelled	SPOkGoodGood	Alarm(_G_-ENTRY,hash_rehash-79291)
571	0.186144	FalseGround	Unlabelled	SPOkGoodGood	Alarm(_G_-ENTRY,hash_rehash-79297)
572	0.175076	FalseGround	Unlabelled	SPOkGoodGood	Alarm(_G_-ENTRY,getmonth-116799)
573	0.155834	FalseGround	Unlabelled	SPOkGoodGood	Alarm(_G_-ENTRY,hash_find_entry-79241)
574	0.141782	FalseGround	Unlabelled	SPOkGoodGood	Alarm(_G_-ENTRY,build_wcs_upper_buffer-95383)
575	0.141578	FalseGround	Unlabelled	SPOkGoodGood	Alarm(_G_-ENTRY,hash_find_entry-79242)
576	0.141578	FalseGround	Unlabelled	SPOkGoodGood	Alarm(_G_-ENTRY,hash_find_entry-79243)
577	0.141578	FalseGround	Unlabelled	SPOkGoodGood	Alarm(_G_-ENTRY,hash_find_entry-79246)
578	0.138088	FalseGround	Unlabelled	SPOkGoodGood	Alarm(_G_-ENTRY,canonicalize_filename_mode-84769)
579	0.135085	FalseGround	Unlabelled	SPOkGoodGood	Alarm(_G_-ENTRY,add_exclude_file-84064)
580	0.135085	FalseGround	Unlabelled	SPOkGoodGood	Alarm(_G_-ENTRY,build_trtable-105788)
581	0.135085	FalseGround	Unlabelled	SPOkGoodGood	Alarm(_G_-ENTRY,build_wcs_upper_buffer-95322)
582	0.135085	FalseGround	Unlabelled	SPOkGoodGood	Alarm(_G_-ENTRY,build_wcs_upper_buffer-95360)
583	0.135085	FalseGround	Unlabelled	SPOkGoodGood	Alarm(_G_-ENTRY,build_wcs_upper_buffer-95368)
584	0.135085	FalseGround	Unlabelled	SPOkGoodGood	Alarm(_G_-ENTRY,get_charset_aliases-78124)
585	0.135085	FalseGround	Unlabelled	SPOkGoodGood	Alarm(_G_-ENTRY,get_charset_aliases-78125)
586	0.135085	FalseGround	Unlabelled	SPOkGoodGood	Alarm(_G_-ENTRY,get_charset_aliases-78128)
587	0.135085	FalseGround	Unlabelled	SPOkGoodGood	Alarm(_G_-ENTRY,keycompare-117541)
588	0.135085	FalseGround	Unlabelled	SPOkGoodGood	Alarm(_G_-ENTRY,keycompare-117542)
589	0.135085	FalseGround	Unlabelled	SPOkGoodGood	Alarm(_G_-ENTRY,keycompare-117543)
590	0.135085	FalseGround	Unlabelled	SPOkGoodGood	Alarm(_G_-ENTRY,keycompare-117548)
591	0.135085	FalseGround	Unlabelled	SPOkGoodGood	Alarm(_G_-ENTRY,keycompare-117549)
592	0.135085	FalseGround	Unlabelled	SPOkGoodGood	Alarm(_G_-ENTRY,memcoll-112674)
593	0.126225	FalseGround	Unlabelled	SPOkGoodGood	Alarm(_G_-ENTRY,hash_find_entry-79223)
594	0.126225	FalseGround	Unlabelled	SPOkGoodGood	Alarm(_G_-ENTRY,hash_find_entry-79224)
595	0.126225	FalseGround	Unlabelled	SPOkGoodGood	Alarm(_G_-ENTRY,hash_find_entry-79229)
596	0.126225	FalseGround	Unlabelled	SPOkGoodGood	Alarm(_G_-ENTRY,hash_find_entry-79230)
597	0.124738	FalseGround	Unlabelled	SPOkGoodGood	Alarm(_G_-ENTRY,vasnprintf-88346)
598	0.124738	FalseGround	Unlabelled	SPOkGoodGood	Alarm(_G_-ENTRY,vasnprintf-88388)
599	0.124384	FalseGround	Unlabelled	SPOkGoodGood	Alarm(_G_-ENTRY,areadlink_with_size-85848)
600	0.123441	FalseGround	Unlabelled	SPOkGoodGood	Alarm(_G_-ENTRY,hash_insert-79326)
601	0.123441	FalseGround	Unlabelled	SPOkGoodGood	Alarm(_G_-ENTRY,hash_insert-79327)
602	0.109419	FalseGround	Unlabelled	SPOkGoodGood	Alarm(_G_-ENTRY,add_exclude_file-83994)
603	0.109419	FalseGround	Unlabelled	SPOkGoodGood	Alarm(_G_-ENTRY,add_exclude_file-83995)
604	0.109419	FalseGround	Unlabelled	SPOkGoodGood	Alarm(_G_-ENTRY,add_exclude_file-84000)
605	0.109419	FalseGround	Unlabelled	SPOkGoodGood	Alarm(_G_-ENTRY,add_exclude_file-84001)
606	0.109419	FalseGround	Unlabelled	SPOkGoodGood	Alarm(_G_-ENTRY,get_charset_aliases-78045)
607	0.109419	FalseGround	Unlabelled	SPOkGoodGood	Alarm(_G_-ENTRY,get_charset_aliases-78046)
608	0.109419	FalseGround	Unlabelled	SPOkGoodGood	Alarm(_G_-ENTRY,posix2_version-111376)
609	0.109419	FalseGround	Unlabelled	SPOkGoodGood	Alarm(_G_-ENTRY,posix2_version-111377)
610	0.109419	FalseGround	Unlabelled	SPOkGoodGood	Alarm(_G_-ENTRY,vasnprintf-87667)
611	0.109419	FalseGround	Unlabelled	SPOkGoodGood	Alarm(_G_-ENTRY,vasnprintf-87668)
612	0.096944	FalseGround	Unlabelled	SPOkGoodGood	Alarm(_G_-ENTRY,hash_rehash-79270)
613	0.096944	FalseGround	Unlabelled	SPOkGoodGood	Alarm(_G_-ENTRY,hash_rehash-79271)
614	0.0843026	FalseGround	Unlabelled	SPOkGoodGood	Alarm(_G_-ENTRY,hash_rehash-79299)
615	0.0843026	FalseGround	Unlabelled	SPOkGoodGood	Alarm(_G_-ENTRY,hash_rehash-79301)
616	0.0843026	FalseGround	Unlabelled	SPOkGoodGood	Alarm(_G_-ENTRY,hash_rehash-79302)
617	0.0639008	FalseGround	Unlabelled	SPOkGoodGood	Alarm(_G_-ENTRY,fraccompare-87266)
618	0.0639008	FalseGround	Unlabelled	SPOkGoodGood	Alarm(_G_-ENTRY,fraccompare-87290)
619	0.0639008	FalseGround	Unlabelled	SPOkGoodGood	Alarm(_G_-ENTRY,fraccompare-87308)
620	0.0607322	FalseGround	Unlabelled	SPOkGoodGood	Alarm(_G_-ENTRY,hash_delete-79374)
621	0.0607322	FalseGround	Unlabelled	SPOkGoodGood	Alarm(_G_-ENTRY,hash_delete-79375)
622	0.059516	FalseGround	Unlabelled	SPOkGoodGood	Alarm(_G_-ENTRY,umaxtostr-89387)
623	0.059516	FalseGround	Unlabelled	SPOkGoodGood	Alarm(_G_-ENTRY,umaxtostr-89392)
624	0.0517597	FalseGround	Unlabelled	SPOkGoodGood	Alarm(_G_-ENTRY,fraccompare-89736)
625	0.0517597	FalseGround	Unlabelled	SPOkGoodGood	Alarm(_G_-ENTRY,fraccompare-89737)
626	0.0517597	FalseGround	Unlabelled	SPOkGoodGood	Alarm(_G_-ENTRY,fraccompare-89738)
627	0.0517597	FalseGround	Unlabelled	SPOkGoodGood	Alarm(_G_-ENTRY,fraccompare-89739)
628	0.0517597	FalseGround	Unlabelled	SPOkGoodGood	Alarm(_G_-ENTRY,fraccompare-89740)
629	0.0517597	FalseGround	Unlabelled	SPOkGoodGood	Alarm(_G_-ENTRY,fraccompare-89741)
630	0.0517597	FalseGround	Unlabelled	SPOkGoodGood	Alarm(_G_-ENTRY,fraccompare-89742)
631	0.0517597	FalseGround	Unlabelled	SPOkGoodGood	Alarm(_G_-ENTRY,fraccompare-89743)
632	0.0517597	FalseGround	Unlabelled	SPOkGoodGood	Alarm(_G_-ENTRY,fraccompare-89744)
633	0.0517597	FalseGround	Unlabelled	SPOkGoodGood	Alarm(_G_-ENTRY,fraccompare-89745)
634	0.0517597	FalseGround	Unlabelled	SPOkGoodGood	Alarm(_G_-ENTRY,fraccompare-89746)
635	0.0517597	FalseGround	Unlabelled	SPOkGoodGood	Alarm(_G_-ENTRY,fraccompare-89747)
636	0.0517597	FalseGround	Unlabelled	SPOkGoodGood	Alarm(_G_-ENTRY,fraccompare-89748)
637	0.0517597	FalseGround	Unlabelled	SPOkGoodGood	Alarm(_G_-ENTRY,fraccompare-89749)
638	0.0517597	FalseGround	Unlabelled	SPOkGoodGood	Alarm(_G_-ENTRY,fraccompare-89750)
639	0.0517597	FalseGround	Unlabelled	SPOkGoodGood	Alarm(_G_-ENTRY,fraccompare-89751)
640	0.0517597	FalseGround	Unlabelled	SPOkGoodGood	Alarm(_G_-ENTRY,fraccompare-89752)
641	0.0517597	FalseGround	Unlabelled	SPOkGoodGood	Alarm(_G_-ENTRY,fraccompare-89753)
642	0.0517597	FalseGround	Unlabelled	SPOkGoodGood	Alarm(_G_-ENTRY,fraccompare-89754)
643	0.0517597	FalseGround	Unlabelled	SPOkGoodGood	Alarm(_G_-ENTRY,fraccompare-89755)
644	0.0517597	FalseGround	Unlabelled	SPOkGoodGood	Alarm(_G_-ENTRY,fraccompare-89756)
645	0.0517597	FalseGround	Unlabelled	SPOkGoodGood	Alarm(_G_-ENTRY,fraccompare-89757)
646	0.0517597	FalseGround	Unlabelled	SPOkGoodGood	Alarm(_G_-ENTRY,fraccompare-89758)
647	0.0517597	FalseGround	Unlabelled	SPOkGoodGood	Alarm(_G_-ENTRY,fraccompare-89759)
648	0.0483316	FalseGround	Unlabelled	SPOkGoodGood	Alarm(_G_-ENTRY,hash_find_entry-79244)
649	0.0471013	FalseGround	Unlabelled	SPOkGoodGood	Alarm(_G_-ENTRY,build_wcs_upper_buffer-95384)
650	0.0471013	FalseGround	Unlabelled	SPOkGoodGood	Alarm(_G_-ENTRY,mergefiles-118435)
651	0.0471013	FalseGround	Unlabelled	SPOkGoodGood	Alarm(_G_-ENTRY,numcompare-89882)
652	0.0471013	FalseGround	Unlabelled	SPOkGoodGood	Alarm(_G_-ENTRY,numcompare-89883)
653	0.0471013	FalseGround	Unlabelled	SPOkGoodGood	Alarm(_G_-ENTRY,numcompare-89885)
654	0.0471013	FalseGround	Unlabelled	SPOkGoodGood	Alarm(_G_-ENTRY,numcompare-89887)
655	0.0471013	FalseGround	Unlabelled	SPOkGoodGood	Alarm(_G_-ENTRY,numcompare-89889)
656	0.0471013	FalseGround	Unlabelled	SPOkGoodGood	Alarm(_G_-ENTRY,numcompare-89891)
657	0.0471013	FalseGround	Unlabelled	SPOkGoodGood	Alarm(_G_-ENTRY,numcompare-89893)
658	0.0471013	FalseGround	Unlabelled	SPOkGoodGood	Alarm(_G_-ENTRY,numcompare-89895)
659	0.0471013	FalseGround	Unlabelled	SPOkGoodGood	Alarm(_G_-ENTRY,numcompare-89897)
660	0.0471013	FalseGround	Unlabelled	SPOkGoodGood	Alarm(_G_-ENTRY,numcompare-89903)
661	0.0471013	FalseGround	Unlabelled	SPOkGoodGood	Alarm(_G_-ENTRY,numcompare-89907)
662	0.0471013	FalseGround	Unlabelled	SPOkGoodGood	Alarm(_G_-ENTRY,numcompare-89912)
663	0.0471013	FalseGround	Unlabelled	SPOkGoodGood	Alarm(_G_-ENTRY,numcompare-89914)
664	0.0471013	FalseGround	Unlabelled	SPOkGoodGood	Alarm(_G_-ENTRY,numcompare-89916)
665	0.0471013	FalseGround	Unlabelled	SPOkGoodGood	Alarm(_G_-ENTRY,numcompare-89918)
666	0.0471013	FalseGround	Unlabelled	SPOkGoodGood	Alarm(_G_-ENTRY,numcompare-89920)
667	0.0471013	FalseGround	Unlabelled	SPOkGoodGood	Alarm(_G_-ENTRY,numcompare-89922)
668	0.0471013	FalseGround	Unlabelled	SPOkGoodGood	Alarm(_G_-ENTRY,numcompare-89924)
669	0.0471013	FalseGround	Unlabelled	SPOkGoodGood	Alarm(_G_-ENTRY,numcompare-89926)
670	0.0471013	FalseGround	Unlabelled	SPOkGoodGood	Alarm(_G_-ENTRY,numcompare-89932)
671	0.0471013	FalseGround	Unlabelled	SPOkGoodGood	Alarm(_G_-ENTRY,numcompare-89936)
672	0.0471013	FalseGround	Unlabelled	SPOkGoodGood	Alarm(_G_-ENTRY,strftime_case____0-90781)
673	0.0471013	FalseGround	Unlabelled	SPOkGoodGood	Alarm(_G_-ENTRY,strftime_case____0-91018)
674	0.0434935	FalseGround	Unlabelled	SPOkGoodGood	Alarm(_G_-ENTRY,vasnprintf-88349)
675	0.0392478	FalseGround	Unlabelled	SPOkGoodGood	Alarm(_G_-ENTRY,canonicalize_filename_mode-84701)
676	0.0392478	FalseGround	Unlabelled	SPOkGoodGood	Alarm(_G_-ENTRY,canonicalize_filename_mode-84702)
677	0.034478	FalseGround	Unlabelled	SPOkGoodGood	Alarm(_G_-ENTRY,isaac_refill-107768)
678	0.034478	FalseGround	Unlabelled	SPOkGoodGood	Alarm(_G_-ENTRY,isaac_refill-107774)
679	0.034478	FalseGround	Unlabelled	SPOkGoodGood	Alarm(_G_-ENTRY,isaac_refill-107780)
680	0.034478	FalseGround	Unlabelled	SPOkGoodGood	Alarm(_G_-ENTRY,isaac_refill-107786)
681	0.0324863	FalseGround	Unlabelled	SPOkGoodGood	Alarm(_G_-ENTRY,memxfrm-112593)
682	0.0324863	FalseGround	Unlabelled	SPOkGoodGood	Alarm(_G_-ENTRY,memxfrm-112594)
683	0.0257372	FalseGround	Unlabelled	SPOkGoodGood	Alarm(_G_-ENTRY,umaxtostr-89390)
684	0.0202285	FalseGround	Unlabelled	SPOkGoodGood	Alarm(_G_-ENTRY,strftime_case_-82902)
685	0.0202285	FalseGround	Unlabelled	SPOkGoodGood	Alarm(_G_-ENTRY,strftime_case____0-90767)
686	0.0163945	FalseGround	Unlabelled	SPOkGoodGood	Alarm(_G_-ENTRY,re_compile_fastmap_iter-97084)
687	0.0138301	FalseGround	Unlabelled	SPOkGoodGood	Alarm(_G_-ENTRY,isaac_refill-107794)
688	0.0138301	FalseGround	Unlabelled	SPOkGoodGood	Alarm(_G_-ENTRY,isaac_refill-107800)
689	0.0138301	FalseGround	Unlabelled	SPOkGoodGood	Alarm(_G_-ENTRY,isaac_refill-107806)
690	0.0138301	FalseGround	Unlabelled	SPOkGoodGood	Alarm(_G_-ENTRY,isaac_refill-107812)
691	0.0133028	FalseGround	Unlabelled	SPOkGoodGood	Alarm(_G_-ENTRY,strftime_case_-82893)
692	0.0133028	FalseGround	Unlabelled	SPOkGoodGood	Alarm(_G_-ENTRY,strftime_case____0-90758)
693	0.0117197	FalseGround	Unlabelled	SPOkGoodGood	Alarm(_G_-ENTRY,strftime_case_-82903)
694	0.0117197	FalseGround	Unlabelled	SPOkGoodGood	Alarm(_G_-ENTRY,strftime_case____0-90768)
695	0.0104236	FalseGround	Unlabelled	SPOkGoodGood	Alarm(_G_-ENTRY,strftime_case_-82896)
696	0.0104236	FalseGround	Unlabelled	SPOkGoodGood	Alarm(_G_-ENTRY,strftime_case____0-90761)
697	0.0104236	FalseGround	Unlabelled	SPOkGoodGood	Alarm(_G_-ENTRY,strftime_case____0-90885)
698	0.00785517	FalseGround	Unlabelled	SPOkGoodGood	Alarm(_G_-ENTRY,extract_trimmed_name-106538)
699	0.00785517	FalseGround	Unlabelled	SPOkGoodGood	Alarm(_G_-ENTRY,extract_trimmed_name-106539)
700	0.00659683	FalseGround	Unlabelled	SPOkGoodGood	Alarm(_G_-ENTRY,extract_trimmed_name-106551)
701	0.00304325	FalseGround	Unlabelled	SPOkGoodGood	Alarm(_G_-ENTRY,strftime_case_-82899)
702	0.00304325	FalseGround	Unlabelled	SPOkGoodGood	Alarm(_G_-ENTRY,strftime_case_-82942)
703	0.00304325	FalseGround	Unlabelled	SPOkGoodGood	Alarm(_G_-ENTRY,strftime_case_-82945)
704	0.00304325	FalseGround	Unlabelled	SPOkGoodGood	Alarm(_G_-ENTRY,strftime_case_-83084)
705	0.00304325	FalseGround	Unlabelled	SPOkGoodGood	Alarm(_G_-ENTRY,strftime_case____0-90764)
706	0.00304325	FalseGround	Unlabelled	SPOkGoodGood	Alarm(_G_-ENTRY,strftime_case____0-90806)
707	0.00304325	FalseGround	Unlabelled	SPOkGoodGood	Alarm(_G_-ENTRY,strftime_case____0-90809)
708	0.00304325	FalseGround	Unlabelled	SPOkGoodGood	Alarm(_G_-ENTRY,strftime_case____0-90940)
709	0.00275788	FalseGround	Unlabelled	SPOkGoodGood	Alarm(_G_-ENTRY,uinttostr-89403)
710	0.00275788	FalseGround	Unlabelled	SPOkGoodGood	Alarm(_G_-ENTRY,uinttostr-89408)
711	0.000681272	FalseGround	Unlabelled	SPOkGoodGood	Alarm(_G_-ENTRY,uinttostr-89406)
712	0.000563921	FalseGround	Unlabelled	SPOkGoodGood	Alarm(_G_-ENTRY,memcoll-112648)
713	0.000563921	FalseGround	Unlabelled	SPOkGoodGood	Alarm(_G_-ENTRY,memcoll-112649)
714	0.000563921	FalseGround	Unlabelled	SPOkGoodGood	Alarm(_G_-ENTRY,memcoll-112652)
715	0.000563921	FalseGround	Unlabelled	SPOkGoodGood	Alarm(_G_-ENTRY,memcoll-112655)
