Rank	Confidence	Ground	Label	Comments	Tuple
1	0.839344	FalseGround	Unlabelled	SPOkGoodGood	Alarm(_G_-ENTRY,yyparse-24377)
2	0.839344	FalseGround	Unlabelled	SPOkGoodGood	Alarm(_G_-ENTRY,yyparse-24465)
3	0.839344	FalseGround	Unlabelled	SPOkGoodGood	Alarm(_G_-ENTRY,yyparse-24495)
4	0.839344	FalseGround	Unlabelled	SPOkGoodGood	Alarm(_G_-ENTRY,yyparse-24570)
5	0.839344	FalseGround	Unlabelled	SPOkGoodGood	Alarm(_G_-ENTRY,yyparse-24579)
6	0.759436	FalseGround	Unlabelled	SPOkGoodGood	Alarm(_G_-ENTRY,yyparse-24222)
7	0.759436	FalseGround	Unlabelled	SPOkGoodGood	Alarm(_G_-ENTRY,yyparse-24375)
8	0.759436	FalseGround	Unlabelled	SPOkGoodGood	Alarm(_G_-ENTRY,yyparse-24558)
9	0.696337	FalseGround	Unlabelled	SPOkGoodGood	Alarm(_G_-ENTRY,yyparse-24120)
10	0.685744	FalseGround	Unlabelled	SPOkGoodGood	Alarm(_G_-ENTRY,yyparse-24050)
11	0.685744	FalseGround	Unlabelled	SPOkGoodGood	Alarm(_G_-ENTRY,yyparse-24051)
12	0.619299	FalseGround	Unlabelled	SPOkGoodGood	Alarm(_G_-ENTRY,addbyte-21926)
13	0.58256	FalseGround	Unlabelled	SPOkGoodGood	Alarm(_G_-ENTRY,rt_error-20988)
14	0.562399	FalseGround	Unlabelled	SPOkGoodGood	Alarm(_G_-ENTRY,_bc_do_sub-19190)
15	0.562399	FalseGround	Unlabelled	SPOkGoodGood	Alarm(_G_-ENTRY,bc_divide-19756)
16	0.556392	FalseGround	Unlabelled	SPOkGoodGood	Alarm(_G_-ENTRY,addbyte-21925)
17	0.556392	FalseGround	Unlabelled	SPOkGoodGood	Alarm(_G_-ENTRY,addbyte-21932)
18	0.556392	FalseGround	Unlabelled	SPOkGoodGood	Alarm(_G_-ENTRY,addbyte-21933)
19	0.556392	FalseGround	Unlabelled	SPOkGoodGood	Alarm(_G_-ENTRY,addbyte-21934)
20	0.556392	FalseGround	Unlabelled	SPOkGoodGood	Alarm(_G_-ENTRY,addbyte-21935)
21	0.556392	FalseGround	Unlabelled	SPOkGoodGood	Alarm(_G_-ENTRY,addbyte-21936)
22	0.552343	FalseGround	Unlabelled	SPOkGoodGood	Alarm(_G_-ENTRY,yyparse-24092)
23	0.552343	FalseGround	Unlabelled	SPOkGoodGood	Alarm(_G_-ENTRY,yyparse-24136)
24	0.552343	FalseGround	Unlabelled	SPOkGoodGood	Alarm(_G_-ENTRY,yyparse-24144)
25	0.552343	FalseGround	Unlabelled	SPOkGoodGood	Alarm(_G_-ENTRY,yyparse-24156)
26	0.552343	FalseGround	Unlabelled	SPOkGoodGood	Alarm(_G_-ENTRY,yyparse-24164)
27	0.552343	FalseGround	Unlabelled	SPOkGoodGood	Alarm(_G_-ENTRY,yyparse-24170)
28	0.552343	FalseGround	Unlabelled	SPOkGoodGood	Alarm(_G_-ENTRY,yyparse-24185)
29	0.552343	FalseGround	Unlabelled	SPOkGoodGood	Alarm(_G_-ENTRY,yyparse-24186)
30	0.552343	FalseGround	Unlabelled	SPOkGoodGood	Alarm(_G_-ENTRY,yyparse-24187)
31	0.552343	FalseGround	Unlabelled	SPOkGoodGood	Alarm(_G_-ENTRY,yyparse-24195)
32	0.552343	FalseGround	Unlabelled	SPOkGoodGood	Alarm(_G_-ENTRY,yyparse-24198)
33	0.552343	FalseGround	Unlabelled	SPOkGoodGood	Alarm(_G_-ENTRY,yyparse-24201)
34	0.552343	FalseGround	Unlabelled	SPOkGoodGood	Alarm(_G_-ENTRY,yyparse-24209)
35	0.552343	FalseGround	Unlabelled	SPOkGoodGood	Alarm(_G_-ENTRY,yyparse-24213)
36	0.552343	FalseGround	Unlabelled	SPOkGoodGood	Alarm(_G_-ENTRY,yyparse-24219)
37	0.552343	FalseGround	Unlabelled	SPOkGoodGood	Alarm(_G_-ENTRY,yyparse-24223)
38	0.552343	FalseGround	Unlabelled	SPOkGoodGood	Alarm(_G_-ENTRY,yyparse-24224)
39	0.552343	FalseGround	Unlabelled	SPOkGoodGood	Alarm(_G_-ENTRY,yyparse-24225)
40	0.552343	FalseGround	Unlabelled	SPOkGoodGood	Alarm(_G_-ENTRY,yyparse-24229)
41	0.552343	FalseGround	Unlabelled	SPOkGoodGood	Alarm(_G_-ENTRY,yyparse-24230)
42	0.552343	FalseGround	Unlabelled	SPOkGoodGood	Alarm(_G_-ENTRY,yyparse-24231)
43	0.552343	FalseGround	Unlabelled	SPOkGoodGood	Alarm(_G_-ENTRY,yyparse-24234)
44	0.552343	FalseGround	Unlabelled	SPOkGoodGood	Alarm(_G_-ENTRY,yyparse-24237)
45	0.552343	FalseGround	Unlabelled	SPOkGoodGood	Alarm(_G_-ENTRY,yyparse-24238)
46	0.552343	FalseGround	Unlabelled	SPOkGoodGood	Alarm(_G_-ENTRY,yyparse-24246)
47	0.552343	FalseGround	Unlabelled	SPOkGoodGood	Alarm(_G_-ENTRY,yyparse-24248)
48	0.552343	FalseGround	Unlabelled	SPOkGoodGood	Alarm(_G_-ENTRY,yyparse-24250)
49	0.552343	FalseGround	Unlabelled	SPOkGoodGood	Alarm(_G_-ENTRY,yyparse-24259)
50	0.552343	FalseGround	Unlabelled	SPOkGoodGood	Alarm(_G_-ENTRY,yyparse-24263)
51	0.552343	FalseGround	Unlabelled	SPOkGoodGood	Alarm(_G_-ENTRY,yyparse-24283)
52	0.552343	FalseGround	Unlabelled	SPOkGoodGood	Alarm(_G_-ENTRY,yyparse-24288)
53	0.552343	FalseGround	Unlabelled	SPOkGoodGood	Alarm(_G_-ENTRY,yyparse-24292)
54	0.552343	FalseGround	Unlabelled	SPOkGoodGood	Alarm(_G_-ENTRY,yyparse-24300)
55	0.552343	FalseGround	Unlabelled	SPOkGoodGood	Alarm(_G_-ENTRY,yyparse-24301)
56	0.552343	FalseGround	Unlabelled	SPOkGoodGood	Alarm(_G_-ENTRY,yyparse-24312)
57	0.552343	FalseGround	Unlabelled	SPOkGoodGood	Alarm(_G_-ENTRY,yyparse-24314)
58	0.552343	FalseGround	Unlabelled	SPOkGoodGood	Alarm(_G_-ENTRY,yyparse-24316)
59	0.552343	FalseGround	Unlabelled	SPOkGoodGood	Alarm(_G_-ENTRY,yyparse-24318)
60	0.552343	FalseGround	Unlabelled	SPOkGoodGood	Alarm(_G_-ENTRY,yyparse-24320)
61	0.552343	FalseGround	Unlabelled	SPOkGoodGood	Alarm(_G_-ENTRY,yyparse-24322)
62	0.552343	FalseGround	Unlabelled	SPOkGoodGood	Alarm(_G_-ENTRY,yyparse-24324)
63	0.552343	FalseGround	Unlabelled	SPOkGoodGood	Alarm(_G_-ENTRY,yyparse-24335)
64	0.552343	FalseGround	Unlabelled	SPOkGoodGood	Alarm(_G_-ENTRY,yyparse-24338)
65	0.552343	FalseGround	Unlabelled	SPOkGoodGood	Alarm(_G_-ENTRY,yyparse-24341)
66	0.552343	FalseGround	Unlabelled	SPOkGoodGood	Alarm(_G_-ENTRY,yyparse-24343)
67	0.552343	FalseGround	Unlabelled	SPOkGoodGood	Alarm(_G_-ENTRY,yyparse-24346)
68	0.552343	FalseGround	Unlabelled	SPOkGoodGood	Alarm(_G_-ENTRY,yyparse-24390)
69	0.552343	FalseGround	Unlabelled	SPOkGoodGood	Alarm(_G_-ENTRY,yyparse-24409)
70	0.552343	FalseGround	Unlabelled	SPOkGoodGood	Alarm(_G_-ENTRY,yyparse-24471)
71	0.552343	FalseGround	Unlabelled	SPOkGoodGood	Alarm(_G_-ENTRY,yyparse-24480)
72	0.552343	FalseGround	Unlabelled	SPOkGoodGood	Alarm(_G_-ENTRY,yyparse-24483)
73	0.552343	FalseGround	Unlabelled	SPOkGoodGood	Alarm(_G_-ENTRY,yyparse-24501)
74	0.552343	FalseGround	Unlabelled	SPOkGoodGood	Alarm(_G_-ENTRY,yyparse-24516)
75	0.552343	FalseGround	Unlabelled	SPOkGoodGood	Alarm(_G_-ENTRY,yyparse-24549)
76	0.552343	FalseGround	Unlabelled	SPOkGoodGood	Alarm(_G_-ENTRY,yyparse-24552)
77	0.552343	FalseGround	Unlabelled	SPOkGoodGood	Alarm(_G_-ENTRY,yyparse-24561)
78	0.552343	FalseGround	Unlabelled	SPOkGoodGood	Alarm(_G_-ENTRY,yyparse-24564)
79	0.552343	FalseGround	Unlabelled	SPOkGoodGood	Alarm(_G_-ENTRY,yyparse-24573)
80	0.552343	FalseGround	Unlabelled	SPOkGoodGood	Alarm(_G_-ENTRY,yyparse-24582)
81	0.552343	FalseGround	Unlabelled	SPOkGoodGood	Alarm(_G_-ENTRY,yyparse-24630)
82	0.552343	FalseGround	Unlabelled	SPOkGoodGood	Alarm(_G_-ENTRY,yyparse-24633)
83	0.552343	FalseGround	Unlabelled	SPOkGoodGood	Alarm(_G_-ENTRY,yyparse-24660)
84	0.552343	FalseGround	Unlabelled	SPOkGoodGood	Alarm(_G_-ENTRY,yyparse-24663)
85	0.552343	FalseGround	Unlabelled	SPOkGoodGood	Alarm(_G_-ENTRY,yyparse-24666)
86	0.552343	FalseGround	Unlabelled	SPOkGoodGood	Alarm(_G_-ENTRY,yyparse-24669)
87	0.552343	FalseGround	Unlabelled	SPOkGoodGood	Alarm(_G_-ENTRY,yyparse-24672)
88	0.552343	FalseGround	Unlabelled	SPOkGoodGood	Alarm(_G_-ENTRY,yyparse-24675)
89	0.552343	FalseGround	Unlabelled	SPOkGoodGood	Alarm(_G_-ENTRY,yyparse-24678)
90	0.552343	FalseGround	Unlabelled	SPOkGoodGood	Alarm(_G_-ENTRY,yyparse-24681)
91	0.552343	FalseGround	Unlabelled	SPOkGoodGood	Alarm(_G_-ENTRY,yyparse-24684)
92	0.552343	FalseGround	Unlabelled	SPOkGoodGood	Alarm(_G_-ENTRY,yyparse-24687)
93	0.546942	FalseGround	Unlabelled	SPOkGoodGood	Alarm(_G_-ENTRY,yyparse-24145)
94	0.546942	FalseGround	Unlabelled	SPOkGoodGood	Alarm(_G_-ENTRY,yyparse-24214)
95	0.546942	FalseGround	Unlabelled	SPOkGoodGood	Alarm(_G_-ENTRY,yyparse-24226)
96	0.546942	FalseGround	Unlabelled	SPOkGoodGood	Alarm(_G_-ENTRY,yyparse-24239)
97	0.546942	FalseGround	Unlabelled	SPOkGoodGood	Alarm(_G_-ENTRY,yyparse-24241)
98	0.546942	FalseGround	Unlabelled	SPOkGoodGood	Alarm(_G_-ENTRY,yyparse-24243)
99	0.546942	FalseGround	Unlabelled	SPOkGoodGood	Alarm(_G_-ENTRY,yyparse-24245)
100	0.546942	FalseGround	Unlabelled	SPOkGoodGood	Alarm(_G_-ENTRY,yyparse-24247)
101	0.546942	FalseGround	Unlabelled	SPOkGoodGood	Alarm(_G_-ENTRY,yyparse-24249)
102	0.546942	FalseGround	Unlabelled	SPOkGoodGood	Alarm(_G_-ENTRY,yyparse-24254)
103	0.546942	FalseGround	Unlabelled	SPOkGoodGood	Alarm(_G_-ENTRY,yyparse-24260)
104	0.546942	FalseGround	Unlabelled	SPOkGoodGood	Alarm(_G_-ENTRY,yyparse-24329)
105	0.546942	FalseGround	Unlabelled	SPOkGoodGood	Alarm(_G_-ENTRY,yyparse-24340)
106	0.546942	FalseGround	Unlabelled	SPOkGoodGood	Alarm(_G_-ENTRY,yyparse-24344)
107	0.546942	FalseGround	Unlabelled	SPOkGoodGood	Alarm(_G_-ENTRY,yyparse-24347)
108	0.511083	FalseGround	Unlabelled	SPOkGoodGood	Alarm(_G_-ENTRY,_bc_shift_addsub-19385)
109	0.511083	FalseGround	Unlabelled	SPOkGoodGood	Alarm(_G_-ENTRY,_bc_shift_addsub-19401)
110	0.499758	FalseGround	Unlabelled	SPOkGoodGood	Alarm(_G_-ENTRY,_bc_shift_addsub-19381)
111	0.499758	FalseGround	Unlabelled	SPOkGoodGood	Alarm(_G_-ENTRY,_bc_shift_addsub-19397)
112	0.450677	FalseGround	Unlabelled	SPOkGoodGood	Alarm(_G_-ENTRY,addbyte-21919)
113	0.450677	FalseGround	Unlabelled	SPOkGoodGood	Alarm(_G_-ENTRY,addbyte-21920)
114	0.447398	FalseGround	Unlabelled	SPOkGoodGood	Alarm(_G_-ENTRY,yyparse-23972)
115	0.447398	FalseGround	Unlabelled	SPOkGoodGood	Alarm(_G_-ENTRY,yyparse-23973)
116	0.447398	FalseGround	Unlabelled	SPOkGoodGood	Alarm(_G_-ENTRY,yyparse-23974)
117	0.447398	FalseGround	Unlabelled	SPOkGoodGood	Alarm(_G_-ENTRY,yyparse-23975)
118	0.447398	FalseGround	Unlabelled	SPOkGoodGood	Alarm(_G_-ENTRY,yyparse-23980)
119	0.447398	FalseGround	Unlabelled	SPOkGoodGood	Alarm(_G_-ENTRY,yyparse-23981)
120	0.447398	FalseGround	Unlabelled	SPOkGoodGood	Alarm(_G_-ENTRY,yyparse-23982)
121	0.447398	FalseGround	Unlabelled	SPOkGoodGood	Alarm(_G_-ENTRY,yyparse-23983)
122	0.447398	FalseGround	Unlabelled	SPOkGoodGood	Alarm(_G_-ENTRY,yyparse-23984)
123	0.447398	FalseGround	Unlabelled	SPOkGoodGood	Alarm(_G_-ENTRY,yyparse-23985)
124	0.447398	FalseGround	Unlabelled	SPOkGoodGood	Alarm(_G_-ENTRY,yyparse-23986)
125	0.447398	FalseGround	Unlabelled	SPOkGoodGood	Alarm(_G_-ENTRY,yyparse-23987)
126	0.447398	FalseGround	Unlabelled	SPOkGoodGood	Alarm(_G_-ENTRY,yyparse-23988)
127	0.447398	FalseGround	Unlabelled	SPOkGoodGood	Alarm(_G_-ENTRY,yyparse-23989)
128	0.447398	FalseGround	Unlabelled	SPOkGoodGood	Alarm(_G_-ENTRY,yyparse-23990)
129	0.447398	FalseGround	Unlabelled	SPOkGoodGood	Alarm(_G_-ENTRY,yyparse-23991)
130	0.447398	FalseGround	Unlabelled	SPOkGoodGood	Alarm(_G_-ENTRY,yyparse-23992)
131	0.447398	FalseGround	Unlabelled	SPOkGoodGood	Alarm(_G_-ENTRY,yyparse-23993)
132	0.447398	FalseGround	Unlabelled	SPOkGoodGood	Alarm(_G_-ENTRY,yyparse-23994)
133	0.447398	FalseGround	Unlabelled	SPOkGoodGood	Alarm(_G_-ENTRY,yyparse-23995)
134	0.447398	FalseGround	Unlabelled	SPOkGoodGood	Alarm(_G_-ENTRY,yyparse-23996)
135	0.447398	FalseGround	Unlabelled	SPOkGoodGood	Alarm(_G_-ENTRY,yyparse-23997)
136	0.447398	FalseGround	Unlabelled	SPOkGoodGood	Alarm(_G_-ENTRY,yyparse-24000)
137	0.447398	FalseGround	Unlabelled	SPOkGoodGood	Alarm(_G_-ENTRY,yyparse-24001)
138	0.447398	FalseGround	Unlabelled	SPOkGoodGood	Alarm(_G_-ENTRY,yyparse-24002)
139	0.447398	FalseGround	Unlabelled	SPOkGoodGood	Alarm(_G_-ENTRY,yyparse-24003)
140	0.447398	FalseGround	Unlabelled	SPOkGoodGood	Alarm(_G_-ENTRY,yyparse-24006)
141	0.447398	FalseGround	Unlabelled	SPOkGoodGood	Alarm(_G_-ENTRY,yyparse-24007)
142	0.447398	FalseGround	Unlabelled	SPOkGoodGood	Alarm(_G_-ENTRY,yyparse-24020)
143	0.447398	FalseGround	Unlabelled	SPOkGoodGood	Alarm(_G_-ENTRY,yyparse-24021)
144	0.447398	FalseGround	Unlabelled	SPOkGoodGood	Alarm(_G_-ENTRY,yyparse-24030)
145	0.447398	FalseGround	Unlabelled	SPOkGoodGood	Alarm(_G_-ENTRY,yyparse-24031)
146	0.447398	FalseGround	Unlabelled	SPOkGoodGood	Alarm(_G_-ENTRY,yyparse-24032)
147	0.447398	FalseGround	Unlabelled	SPOkGoodGood	Alarm(_G_-ENTRY,yyparse-24033)
148	0.447398	FalseGround	Unlabelled	SPOkGoodGood	Alarm(_G_-ENTRY,yyparse-24038)
149	0.447398	FalseGround	Unlabelled	SPOkGoodGood	Alarm(_G_-ENTRY,yyparse-24039)
150	0.447398	FalseGround	Unlabelled	SPOkGoodGood	Alarm(_G_-ENTRY,yyparse-24044)
151	0.447398	FalseGround	Unlabelled	SPOkGoodGood	Alarm(_G_-ENTRY,yyparse-24045)
152	0.443023	FalseGround	Unlabelled	SPOkGoodGood	Alarm(_G_-ENTRY,yyparse-23998)
153	0.443023	FalseGround	Unlabelled	SPOkGoodGood	Alarm(_G_-ENTRY,yyparse-23999)
154	0.443023	FalseGround	Unlabelled	SPOkGoodGood	Alarm(_G_-ENTRY,yyparse-24004)
155	0.443023	FalseGround	Unlabelled	SPOkGoodGood	Alarm(_G_-ENTRY,yyparse-24005)
156	0.443023	FalseGround	Unlabelled	SPOkGoodGood	Alarm(_G_-ENTRY,yyparse-24008)
157	0.443023	FalseGround	Unlabelled	SPOkGoodGood	Alarm(_G_-ENTRY,yyparse-24009)
158	0.443023	FalseGround	Unlabelled	SPOkGoodGood	Alarm(_G_-ENTRY,yyparse-24010)
159	0.443023	FalseGround	Unlabelled	SPOkGoodGood	Alarm(_G_-ENTRY,yyparse-24011)
160	0.443023	FalseGround	Unlabelled	SPOkGoodGood	Alarm(_G_-ENTRY,yyparse-24012)
161	0.443023	FalseGround	Unlabelled	SPOkGoodGood	Alarm(_G_-ENTRY,yyparse-24013)
162	0.443023	FalseGround	Unlabelled	SPOkGoodGood	Alarm(_G_-ENTRY,yyparse-24014)
163	0.443023	FalseGround	Unlabelled	SPOkGoodGood	Alarm(_G_-ENTRY,yyparse-24015)
164	0.443023	FalseGround	Unlabelled	SPOkGoodGood	Alarm(_G_-ENTRY,yyparse-24016)
165	0.443023	FalseGround	Unlabelled	SPOkGoodGood	Alarm(_G_-ENTRY,yyparse-24017)
166	0.443023	FalseGround	Unlabelled	SPOkGoodGood	Alarm(_G_-ENTRY,yyparse-24018)
167	0.443023	FalseGround	Unlabelled	SPOkGoodGood	Alarm(_G_-ENTRY,yyparse-24019)
168	0.443023	FalseGround	Unlabelled	SPOkGoodGood	Alarm(_G_-ENTRY,yyparse-24024)
169	0.443023	FalseGround	Unlabelled	SPOkGoodGood	Alarm(_G_-ENTRY,yyparse-24025)
170	0.443023	FalseGround	Unlabelled	SPOkGoodGood	Alarm(_G_-ENTRY,yyparse-24028)
171	0.443023	FalseGround	Unlabelled	SPOkGoodGood	Alarm(_G_-ENTRY,yyparse-24029)
172	0.443023	FalseGround	Unlabelled	SPOkGoodGood	Alarm(_G_-ENTRY,yyparse-24034)
173	0.443023	FalseGround	Unlabelled	SPOkGoodGood	Alarm(_G_-ENTRY,yyparse-24035)
174	0.443023	FalseGround	Unlabelled	SPOkGoodGood	Alarm(_G_-ENTRY,yyparse-24036)
175	0.443023	FalseGround	Unlabelled	SPOkGoodGood	Alarm(_G_-ENTRY,yyparse-24037)
176	0.443023	FalseGround	Unlabelled	SPOkGoodGood	Alarm(_G_-ENTRY,yyparse-24040)
177	0.443023	FalseGround	Unlabelled	SPOkGoodGood	Alarm(_G_-ENTRY,yyparse-24041)
178	0.443023	FalseGround	Unlabelled	SPOkGoodGood	Alarm(_G_-ENTRY,yyparse-24042)
179	0.443023	FalseGround	Unlabelled	SPOkGoodGood	Alarm(_G_-ENTRY,yyparse-24043)
180	0.41013	FalseGround	Unlabelled	SPOkGoodGood	Alarm(_G_-ENTRY,yyparse-24392)
181	0.404804	FalseGround	Unlabelled	SPOkGoodGood	Alarm(_G_-ENTRY,_bc_shift_addsub-19357)
182	0.404804	FalseGround	Unlabelled	SPOkGoodGood	Alarm(_G_-ENTRY,_bc_shift_addsub-19358)
183	0.404804	FalseGround	Unlabelled	SPOkGoodGood	Alarm(_G_-ENTRY,_bc_shift_addsub-19365)
184	0.404804	FalseGround	Unlabelled	SPOkGoodGood	Alarm(_G_-ENTRY,_bc_shift_addsub-19366)
185	0.373623	FalseGround	Unlabelled	SPOkGoodGood	Alarm(_G_-ENTRY,_bc_do_sub-19203)
186	0.373623	FalseGround	Unlabelled	SPOkGoodGood	Alarm(_G_-ENTRY,_bc_do_sub-19214)
187	0.373623	FalseGround	Unlabelled	SPOkGoodGood	Alarm(_G_-ENTRY,_bc_simp_mul-19341)
188	0.373623	FalseGround	Unlabelled	SPOkGoodGood	Alarm(_G_-ENTRY,_bc_simp_mul-19344)
189	0.373623	FalseGround	Unlabelled	SPOkGoodGood	Alarm(_G_-ENTRY,_bc_simp_mul-19347)
190	0.373623	FalseGround	Unlabelled	SPOkGoodGood	Alarm(_G_-ENTRY,bc_divide-19741)
191	0.373623	FalseGround	Unlabelled	SPOkGoodGood	Alarm(_G_-ENTRY,parse_args-24952)
192	0.353033	FalseGround	Unlabelled	SPOkGoodGood	Alarm(_G_-ENTRY,bc_out_long-20081)
193	0.353033	FalseGround	Unlabelled	SPOkGoodGood	Alarm(_G_-ENTRY,get_array_num-21296)
194	0.353033	FalseGround	Unlabelled	SPOkGoodGood	Alarm(_G_-ENTRY,get_array_num-21317)
195	0.353033	FalseGround	Unlabelled	SPOkGoodGood	Alarm(_G_-ENTRY,main-25015)
196	0.319578	FalseGround	Unlabelled	SPOkGoodGood	Alarm(_G_-ENTRY,_bc_do_add-19112)
197	0.319578	FalseGround	Unlabelled	SPOkGoodGood	Alarm(_G_-ENTRY,_bc_do_add-19114)
198	0.319578	FalseGround	Unlabelled	SPOkGoodGood	Alarm(_G_-ENTRY,_bc_do_add-19117)
199	0.319578	FalseGround	Unlabelled	SPOkGoodGood	Alarm(_G_-ENTRY,_bc_do_sub-19197)
200	0.313811	FalseGround	Unlabelled	SPOkGoodGood	Alarm(_G_-ENTRY,decr_array-21631)
201	0.313811	FalseGround	Unlabelled	SPOkGoodGood	Alarm(_G_-ENTRY,decr_array-21634)
202	0.313811	FalseGround	Unlabelled	SPOkGoodGood	Alarm(_G_-ENTRY,decr_array-21637)
203	0.313811	FalseGround	Unlabelled	SPOkGoodGood	Alarm(_G_-ENTRY,def_label-21956)
204	0.313811	FalseGround	Unlabelled	SPOkGoodGood	Alarm(_G_-ENTRY,incr_array-21706)
205	0.313811	FalseGround	Unlabelled	SPOkGoodGood	Alarm(_G_-ENTRY,incr_array-21709)
206	0.313811	FalseGround	Unlabelled	SPOkGoodGood	Alarm(_G_-ENTRY,incr_array-21712)
207	0.313811	FalseGround	Unlabelled	SPOkGoodGood	Alarm(_G_-ENTRY,load_array-21556)
208	0.313811	FalseGround	Unlabelled	SPOkGoodGood	Alarm(_G_-ENTRY,load_array-21559)
209	0.313811	FalseGround	Unlabelled	SPOkGoodGood	Alarm(_G_-ENTRY,load_array-21562)
210	0.313811	FalseGround	Unlabelled	SPOkGoodGood	Alarm(_G_-ENTRY,store_array-21489)
211	0.313811	FalseGround	Unlabelled	SPOkGoodGood	Alarm(_G_-ENTRY,store_array-21492)
212	0.313811	FalseGround	Unlabelled	SPOkGoodGood	Alarm(_G_-ENTRY,store_array-21495)
213	0.309263	FalseGround	Unlabelled	SPOkGoodGood	Alarm(_G_-ENTRY,rt_warn-20999)
214	0.289432	FalseGround	Unlabelled	SPOkGoodGood	Alarm(_G_-ENTRY,yyparse-24403)
215	0.282448	FalseGround	Unlabelled	SPOkGoodGood	Alarm(_G_-ENTRY,process_params-21873)
216	0.258858	FalseGround	Unlabelled	SPOkGoodGood	Alarm(_G_-ENTRY,_bc_do_add-19057)
217	0.258858	FalseGround	Unlabelled	SPOkGoodGood	Alarm(_G_-ENTRY,_bc_do_add-19058)
218	0.255425	FalseGround	Unlabelled	SPOkGoodGood	Alarm(_G_-ENTRY,_bc_shift_addsub-19349)
219	0.255425	FalseGround	Unlabelled	SPOkGoodGood	Alarm(_G_-ENTRY,_bc_shift_addsub-19350)
220	0.204552	FalseGround	Unlabelled	SPOkGoodGood	Alarm(_G_-ENTRY,long_val-21969)
221	0.204552	FalseGround	Unlabelled	SPOkGoodGood	Alarm(_G_-ENTRY,long_val-21970)
222	0.195042	FalseGround	Unlabelled	SPOkGoodGood	Alarm(_G_-ENTRY,byte-17259)
223	0.179914	FalseGround	Unlabelled	SPOkGoodGood	Alarm(_G_-ENTRY,yy_get_previous_state-23512)
224	0.175076	FalseGround	Unlabelled	SPOkGoodGood	Alarm(_G_-ENTRY,_bc_do_sub-19208)
225	0.175076	FalseGround	Unlabelled	SPOkGoodGood	Alarm(_G_-ENTRY,bc_divide-19735)
226	0.14573	FalseGround	Unlabelled	SPOkGoodGood	Alarm(_G_-ENTRY,yy_get_previous_state-23502)
227	0.14573	FalseGround	Unlabelled	SPOkGoodGood	Alarm(_G_-ENTRY,yy_get_previous_state-23503)
228	0.141782	FalseGround	Unlabelled	SPOkGoodGood	Alarm(_G_-ENTRY,bc_divide-19699)
229	0.141782	FalseGround	Unlabelled	SPOkGoodGood	Alarm(_G_-ENTRY,load_code-22106)
230	0.141782	FalseGround	Unlabelled	SPOkGoodGood	Alarm(_G_-ENTRY,load_code-22108)
231	0.135085	FalseGround	Unlabelled	SPOkGoodGood	Alarm(_G_-ENTRY,_bc_do_add-19099)
232	0.135085	FalseGround	Unlabelled	SPOkGoodGood	Alarm(_G_-ENTRY,_bc_do_add-19101)
233	0.135085	FalseGround	Unlabelled	SPOkGoodGood	Alarm(_G_-ENTRY,_bc_do_sub-19184)
234	0.135085	FalseGround	Unlabelled	SPOkGoodGood	Alarm(_G_-ENTRY,_bc_shift_addsub-19388)
235	0.135085	FalseGround	Unlabelled	SPOkGoodGood	Alarm(_G_-ENTRY,_bc_shift_addsub-19404)
236	0.135085	FalseGround	Unlabelled	SPOkGoodGood	Alarm(_G_-ENTRY,_one_mult-19613)
237	0.135085	FalseGround	Unlabelled	SPOkGoodGood	Alarm(_G_-ENTRY,_one_mult-19616)
238	0.135085	FalseGround	Unlabelled	SPOkGoodGood	Alarm(_G_-ENTRY,_one_mult-19618)
239	0.135085	FalseGround	Unlabelled	SPOkGoodGood	Alarm(_G_-ENTRY,bc_divide-19750)
240	0.135085	FalseGround	Unlabelled	SPOkGoodGood	Alarm(_G_-ENTRY,bc_divide-19758)
241	0.135085	FalseGround	Unlabelled	SPOkGoodGood	Alarm(_G_-ENTRY,bc_int2num-20275)
242	0.135085	FalseGround	Unlabelled	SPOkGoodGood	Alarm(_G_-ENTRY,bc_int2num-20287)
243	0.135085	FalseGround	Unlabelled	SPOkGoodGood	Alarm(_G_-ENTRY,bc_out_num-20171)
244	0.135085	FalseGround	Unlabelled	SPOkGoodGood	Alarm(_G_-ENTRY,bc_out_num-20182)
245	0.135085	FalseGround	Unlabelled	SPOkGoodGood	Alarm(_G_-ENTRY,call_str-20533)
246	0.135085	FalseGround	Unlabelled	SPOkGoodGood	Alarm(_G_-ENTRY,call_str-20534)
247	0.135085	FalseGround	Unlabelled	SPOkGoodGood	Alarm(_G_-ENTRY,call_str-20536)
248	0.135085	FalseGround	Unlabelled	SPOkGoodGood	Alarm(_G_-ENTRY,load_code-22071)
249	0.135085	FalseGround	Unlabelled	SPOkGoodGood	Alarm(_G_-ENTRY,load_code-22076)
250	0.135085	FalseGround	Unlabelled	SPOkGoodGood	Alarm(_G_-ENTRY,load_code-22079)
251	0.135085	FalseGround	Unlabelled	SPOkGoodGood	Alarm(_G_-ENTRY,load_code-22082)
252	0.135085	FalseGround	Unlabelled	SPOkGoodGood	Alarm(_G_-ENTRY,load_code-22085)
253	0.135085	FalseGround	Unlabelled	SPOkGoodGood	Alarm(_G_-ENTRY,load_code-22092)
254	0.135085	FalseGround	Unlabelled	SPOkGoodGood	Alarm(_G_-ENTRY,load_code-22115)
255	0.135085	FalseGround	Unlabelled	SPOkGoodGood	Alarm(_G_-ENTRY,load_code-22119)
256	0.135085	FalseGround	Unlabelled	SPOkGoodGood	Alarm(_G_-ENTRY,load_code-22127)
257	0.135085	FalseGround	Unlabelled	SPOkGoodGood	Alarm(_G_-ENTRY,load_code-22131)
258	0.135085	FalseGround	Unlabelled	SPOkGoodGood	Alarm(_G_-ENTRY,load_code-22132)
259	0.135085	FalseGround	Unlabelled	SPOkGoodGood	Alarm(_G_-ENTRY,load_code-22133)
260	0.135085	FalseGround	Unlabelled	SPOkGoodGood	Alarm(_G_-ENTRY,load_code-22137)
261	0.135085	FalseGround	Unlabelled	SPOkGoodGood	Alarm(_G_-ENTRY,load_code-22145)
262	0.135085	FalseGround	Unlabelled	SPOkGoodGood	Alarm(_G_-ENTRY,long_val-21982)
263	0.135085	TrueGround	Unlabelled	SPOkGoodGood	Alarm(_G_-ENTRY,lookup-20844)
264	0.135085	FalseGround	Unlabelled	SPOkGoodGood	Alarm(_G_-ENTRY,lookup-20855)
265	0.135085	FalseGround	Unlabelled	SPOkGoodGood	Alarm(_G_-ENTRY,lookup-20863)
266	0.135085	FalseGround	Unlabelled	SPOkGoodGood	Alarm(_G_-ENTRY,main-25017)
267	0.135085	FalseGround	Unlabelled	SPOkGoodGood	Alarm(_G_-ENTRY,more_arrays-21133)
268	0.135085	FalseGround	Unlabelled	SPOkGoodGood	Alarm(_G_-ENTRY,more_functions-21053)
269	0.135085	FalseGround	Unlabelled	SPOkGoodGood	Alarm(_G_-ENTRY,more_functions-21054)
270	0.135085	FalseGround	Unlabelled	SPOkGoodGood	Alarm(_G_-ENTRY,more_functions-21057)
271	0.135085	FalseGround	Unlabelled	SPOkGoodGood	Alarm(_G_-ENTRY,more_functions-21063)
272	0.135085	FalseGround	Unlabelled	SPOkGoodGood	Alarm(_G_-ENTRY,more_functions-21064)
273	0.135085	FalseGround	Unlabelled	SPOkGoodGood	Alarm(_G_-ENTRY,more_functions-21065)
274	0.135085	FalseGround	Unlabelled	SPOkGoodGood	Alarm(_G_-ENTRY,more_functions-21066)
275	0.135085	FalseGround	Unlabelled	SPOkGoodGood	Alarm(_G_-ENTRY,more_functions-21067)
276	0.135085	FalseGround	Unlabelled	SPOkGoodGood	Alarm(_G_-ENTRY,more_functions-21068)
277	0.135085	FalseGround	Unlabelled	SPOkGoodGood	Alarm(_G_-ENTRY,more_variables-21100)
278	0.135085	FalseGround	Unlabelled	SPOkGoodGood	Alarm(_G_-ENTRY,process_params-21885)
279	0.135085	FalseGround	Unlabelled	SPOkGoodGood	Alarm(_G_-ENTRY,yy_get_next_buffer-23480)
280	0.135085	FalseGround	Unlabelled	SPOkGoodGood	Alarm(_G_-ENTRY,yy_get_next_buffer-23481)
281	0.129426	FalseGround	Unlabelled	SPOkGoodGood	Alarm(_G_-ENTRY,push_b10_const-23051)
282	0.129426	FalseGround	Unlabelled	SPOkGoodGood	Alarm(_G_-ENTRY,push_b10_const-23054)
283	0.124384	FalseGround	Unlabelled	SPOkGoodGood	Alarm(_G_-ENTRY,_bc_shift_addsub-19391)
284	0.124384	FalseGround	Unlabelled	SPOkGoodGood	Alarm(_G_-ENTRY,_bc_shift_addsub-19407)
285	0.124384	FalseGround	Unlabelled	SPOkGoodGood	Alarm(_G_-ENTRY,bc_num2long-20250)
286	0.123029	FalseGround	Unlabelled	SPOkGoodGood	Alarm(_G_-ENTRY,open_new_file-25099)
287	0.122848	FalseGround	Unlabelled	SPOkGoodGood	Alarm(_G_-ENTRY,yylex-18861)
288	0.122848	FalseGround	Unlabelled	SPOkGoodGood	Alarm(_G_-ENTRY,yylex-18870)
289	0.122848	FalseGround	Unlabelled	SPOkGoodGood	Alarm(_G_-ENTRY,yylex-23265)
290	0.122848	FalseGround	Unlabelled	SPOkGoodGood	Alarm(_G_-ENTRY,yylex-23290)
291	0.122848	FalseGround	Unlabelled	SPOkGoodGood	Alarm(_G_-ENTRY,yylex-23291)
292	0.122848	FalseGround	Unlabelled	SPOkGoodGood	Alarm(_G_-ENTRY,yylex-23292)
293	0.122848	FalseGround	Unlabelled	SPOkGoodGood	Alarm(_G_-ENTRY,yylex-23303)
294	0.122848	FalseGround	Unlabelled	SPOkGoodGood	Alarm(_G_-ENTRY,yylex-23374)
295	0.122848	FalseGround	Unlabelled	SPOkGoodGood	Alarm(_G_-ENTRY,yylex-23377)
296	0.119433	FalseGround	Unlabelled	SPOkGoodGood	Alarm(_G_-ENTRY,bc_is_zero-19001)
297	0.119433	FalseGround	Unlabelled	SPOkGoodGood	Alarm(_G_-ENTRY,bc_is_zero-19002)
298	0.112529	FalseGround	Unlabelled	SPOkGoodGood	Alarm(_G_-ENTRY,strcopyof-20446)
299	0.109419	FalseGround	Unlabelled	SPOkGoodGood	Alarm(_G_-ENTRY,_bc_do_add-19051)
300	0.109419	FalseGround	Unlabelled	SPOkGoodGood	Alarm(_G_-ENTRY,_bc_do_add-19052)
301	0.109419	FalseGround	Unlabelled	SPOkGoodGood	Alarm(_G_-ENTRY,_bc_shift_addsub-19361)
302	0.109419	FalseGround	Unlabelled	SPOkGoodGood	Alarm(_G_-ENTRY,_bc_shift_addsub-19362)
303	0.109419	FalseGround	Unlabelled	SPOkGoodGood	Alarm(_G_-ENTRY,_bc_shift_addsub-19369)
304	0.109419	FalseGround	Unlabelled	SPOkGoodGood	Alarm(_G_-ENTRY,_bc_shift_addsub-19370)
305	0.109419	FalseGround	Unlabelled	SPOkGoodGood	Alarm(_G_-ENTRY,bc_divide-19655)
306	0.109419	FalseGround	Unlabelled	SPOkGoodGood	Alarm(_G_-ENTRY,bc_divide-19656)
307	0.109419	FalseGround	Unlabelled	SPOkGoodGood	Alarm(_G_-ENTRY,load_code-21985)
308	0.109419	FalseGround	Unlabelled	SPOkGoodGood	Alarm(_G_-ENTRY,load_code-21986)
309	0.109419	FalseGround	Unlabelled	SPOkGoodGood	Alarm(_G_-ENTRY,load_code-21991)
310	0.109419	FalseGround	Unlabelled	SPOkGoodGood	Alarm(_G_-ENTRY,load_code-21992)
311	0.109419	FalseGround	Unlabelled	SPOkGoodGood	Alarm(_G_-ENTRY,load_code-21995)
312	0.109419	FalseGround	Unlabelled	SPOkGoodGood	Alarm(_G_-ENTRY,load_code-21996)
313	0.109419	FalseGround	Unlabelled	SPOkGoodGood	Alarm(_G_-ENTRY,load_code-21997)
314	0.109419	FalseGround	Unlabelled	SPOkGoodGood	Alarm(_G_-ENTRY,load_code-21998)
315	0.109419	FalseGround	Unlabelled	SPOkGoodGood	Alarm(_G_-ENTRY,load_code-21999)
316	0.109419	FalseGround	Unlabelled	SPOkGoodGood	Alarm(_G_-ENTRY,load_code-22000)
317	0.109419	FalseGround	Unlabelled	SPOkGoodGood	Alarm(_G_-ENTRY,load_code-22001)
318	0.109419	FalseGround	Unlabelled	SPOkGoodGood	Alarm(_G_-ENTRY,load_code-22002)
319	0.109419	FalseGround	Unlabelled	SPOkGoodGood	Alarm(_G_-ENTRY,load_code-22003)
320	0.109419	FalseGround	Unlabelled	SPOkGoodGood	Alarm(_G_-ENTRY,load_code-22004)
321	0.109419	FalseGround	Unlabelled	SPOkGoodGood	Alarm(_G_-ENTRY,load_code-22005)
322	0.109419	FalseGround	Unlabelled	SPOkGoodGood	Alarm(_G_-ENTRY,load_code-22006)
323	0.109419	FalseGround	Unlabelled	SPOkGoodGood	Alarm(_G_-ENTRY,load_code-22007)
324	0.109419	FalseGround	Unlabelled	SPOkGoodGood	Alarm(_G_-ENTRY,load_code-22008)
325	0.109419	FalseGround	Unlabelled	SPOkGoodGood	Alarm(_G_-ENTRY,load_code-22009)
326	0.109419	FalseGround	Unlabelled	SPOkGoodGood	Alarm(_G_-ENTRY,load_code-22010)
327	0.109419	FalseGround	Unlabelled	SPOkGoodGood	Alarm(_G_-ENTRY,load_code-22011)
328	0.109419	FalseGround	Unlabelled	SPOkGoodGood	Alarm(_G_-ENTRY,load_code-22012)
329	0.109419	FalseGround	Unlabelled	SPOkGoodGood	Alarm(_G_-ENTRY,load_code-22013)
330	0.109419	FalseGround	Unlabelled	SPOkGoodGood	Alarm(_G_-ENTRY,load_code-22014)
331	0.109419	FalseGround	Unlabelled	SPOkGoodGood	Alarm(_G_-ENTRY,load_code-22015)
332	0.109419	FalseGround	Unlabelled	SPOkGoodGood	Alarm(_G_-ENTRY,load_code-22016)
333	0.109419	FalseGround	Unlabelled	SPOkGoodGood	Alarm(_G_-ENTRY,load_code-22017)
334	0.109419	FalseGround	Unlabelled	SPOkGoodGood	Alarm(_G_-ENTRY,load_code-22018)
335	0.109419	FalseGround	Unlabelled	SPOkGoodGood	Alarm(_G_-ENTRY,load_code-22019)
336	0.109419	FalseGround	Unlabelled	SPOkGoodGood	Alarm(_G_-ENTRY,load_code-22020)
337	0.109419	FalseGround	Unlabelled	SPOkGoodGood	Alarm(_G_-ENTRY,load_code-22021)
338	0.109419	FalseGround	Unlabelled	SPOkGoodGood	Alarm(_G_-ENTRY,load_code-22022)
339	0.109419	FalseGround	Unlabelled	SPOkGoodGood	Alarm(_G_-ENTRY,load_code-22023)
340	0.109419	FalseGround	Unlabelled	SPOkGoodGood	Alarm(_G_-ENTRY,load_code-22024)
341	0.109419	FalseGround	Unlabelled	SPOkGoodGood	Alarm(_G_-ENTRY,load_code-22025)
342	0.109419	FalseGround	Unlabelled	SPOkGoodGood	Alarm(_G_-ENTRY,load_code-22026)
343	0.109419	FalseGround	Unlabelled	SPOkGoodGood	Alarm(_G_-ENTRY,load_code-22027)
344	0.109419	FalseGround	Unlabelled	SPOkGoodGood	Alarm(_G_-ENTRY,load_code-22028)
345	0.109419	FalseGround	Unlabelled	SPOkGoodGood	Alarm(_G_-ENTRY,load_code-22029)
346	0.109419	FalseGround	Unlabelled	SPOkGoodGood	Alarm(_G_-ENTRY,load_code-22030)
347	0.109419	FalseGround	Unlabelled	SPOkGoodGood	Alarm(_G_-ENTRY,load_code-22031)
348	0.109419	FalseGround	Unlabelled	SPOkGoodGood	Alarm(_G_-ENTRY,load_code-22032)
349	0.109419	FalseGround	Unlabelled	SPOkGoodGood	Alarm(_G_-ENTRY,load_code-22033)
350	0.109419	FalseGround	Unlabelled	SPOkGoodGood	Alarm(_G_-ENTRY,load_code-22034)
351	0.109419	FalseGround	Unlabelled	SPOkGoodGood	Alarm(_G_-ENTRY,load_code-22035)
352	0.109419	FalseGround	Unlabelled	SPOkGoodGood	Alarm(_G_-ENTRY,load_code-22036)
353	0.109419	FalseGround	Unlabelled	SPOkGoodGood	Alarm(_G_-ENTRY,load_code-22037)
354	0.109419	FalseGround	Unlabelled	SPOkGoodGood	Alarm(_G_-ENTRY,load_code-22038)
355	0.109419	FalseGround	Unlabelled	SPOkGoodGood	Alarm(_G_-ENTRY,load_code-22039)
356	0.109419	FalseGround	Unlabelled	SPOkGoodGood	Alarm(_G_-ENTRY,load_code-22040)
357	0.109419	FalseGround	Unlabelled	SPOkGoodGood	Alarm(_G_-ENTRY,load_code-22041)
358	0.109419	FalseGround	Unlabelled	SPOkGoodGood	Alarm(_G_-ENTRY,load_code-22042)
359	0.109419	FalseGround	Unlabelled	SPOkGoodGood	Alarm(_G_-ENTRY,long_val-21971)
360	0.109419	FalseGround	Unlabelled	SPOkGoodGood	Alarm(_G_-ENTRY,long_val-21972)
361	0.109419	FalseGround	Unlabelled	SPOkGoodGood	Alarm(_G_-ENTRY,main-24976)
362	0.109419	FalseGround	Unlabelled	SPOkGoodGood	Alarm(_G_-ENTRY,main-24977)
363	0.109419	FalseGround	Unlabelled	SPOkGoodGood	Alarm(_G_-ENTRY,main-24978)
364	0.109419	FalseGround	Unlabelled	SPOkGoodGood	Alarm(_G_-ENTRY,main-24979)
365	0.109419	FalseGround	Unlabelled	SPOkGoodGood	Alarm(_G_-ENTRY,main-24980)
366	0.109419	FalseGround	Unlabelled	SPOkGoodGood	Alarm(_G_-ENTRY,main-24981)
367	0.109419	FalseGround	Unlabelled	SPOkGoodGood	Alarm(_G_-ENTRY,main-24982)
368	0.109419	FalseGround	Unlabelled	SPOkGoodGood	Alarm(_G_-ENTRY,main-24983)
369	0.109419	FalseGround	Unlabelled	SPOkGoodGood	Alarm(_G_-ENTRY,main-24984)
370	0.109419	FalseGround	Unlabelled	SPOkGoodGood	Alarm(_G_-ENTRY,main-24985)
371	0.0830016	FalseGround	Unlabelled	SPOkGoodGood	Alarm(_G_-ENTRY,yylex-23262)
372	0.0830016	FalseGround	Unlabelled	SPOkGoodGood	Alarm(_G_-ENTRY,yylex-23278)
373	0.0830016	FalseGround	Unlabelled	SPOkGoodGood	Alarm(_G_-ENTRY,yylex-23279)
374	0.0791293	FalseGround	Unlabelled	SPOkGoodGood	Alarm(_G_-ENTRY,input-23554)
375	0.0761228	FalseGround	Unlabelled	SPOkGoodGood	Alarm(_G_-ENTRY,input-23553)
376	0.0738901	FalseGround	Unlabelled	SPOkGoodGood	Alarm(_G_-ENTRY,bc_divide-19724)
377	0.0707728	FalseGround	Unlabelled	SPOkGoodGood	Alarm(_G_-ENTRY,open_new_file-25079)
378	0.0707728	FalseGround	Unlabelled	SPOkGoodGood	Alarm(_G_-ENTRY,open_new_file-25080)
379	0.0664511	FalseGround	Unlabelled	SPOkGoodGood	Alarm(_G_-ENTRY,process_params-21874)
380	0.0664511	FalseGround	Unlabelled	SPOkGoodGood	Alarm(_G_-ENTRY,process_params-21875)
381	0.0623934	FalseGround	Unlabelled	SPOkGoodGood	Alarm(_G_-ENTRY,bc_divide-19653)
382	0.0623934	FalseGround	Unlabelled	SPOkGoodGood	Alarm(_G_-ENTRY,bc_divide-19654)
383	0.0616595	FalseGround	Unlabelled	SPOkGoodGood	Alarm(_G_-ENTRY,input-23539)
384	0.0616595	FalseGround	Unlabelled	SPOkGoodGood	Alarm(_G_-ENTRY,input-23540)
385	0.0471013	FalseGround	Unlabelled	SPOkGoodGood	Alarm(_G_-ENTRY,bc_divide-19684)
386	0.0471013	FalseGround	Unlabelled	SPOkGoodGood	Alarm(_G_-ENTRY,bc_divide-19703)
387	0.0471013	FalseGround	Unlabelled	SPOkGoodGood	Alarm(_G_-ENTRY,bc_divide-19761)
388	0.0471013	FalseGround	Unlabelled	SPOkGoodGood	Alarm(_G_-ENTRY,bc_out_num-20136)
389	0.0471013	FalseGround	Unlabelled	SPOkGoodGood	Alarm(_G_-ENTRY,bc_out_num-20145)
390	0.0471013	FalseGround	Unlabelled	SPOkGoodGood	Alarm(_G_-ENTRY,load_code-22111)
391	0.0471013	TrueGround	Unlabelled	SPOkGoodGood	Alarm(_G_-ENTRY,more_arrays-21135)
392	0.0471013	FalseGround	Unlabelled	SPOkGoodGood	Alarm(_G_-ENTRY,more_variables-21102)
393	0.0471013	FalseGround	Unlabelled	SPOkGoodGood	Alarm(_G_-ENTRY,process_params-21864)
394	0.0471013	FalseGround	Unlabelled	SPOkGoodGood	Alarm(_G_-ENTRY,process_params-21867)
395	0.0471013	FalseGround	Unlabelled	SPOkGoodGood	Alarm(_G_-ENTRY,process_params-21888)
396	0.0471013	FalseGround	Unlabelled	SPOkGoodGood	Alarm(_G_-ENTRY,process_params-21891)
397	0.0471013	FalseGround	Unlabelled	SPOkGoodGood	Alarm(_G_-ENTRY,yyparse-24394)
398	0.0471013	FalseGround	Unlabelled	SPOkGoodGood	Alarm(_G_-ENTRY,yyparse-24395)
399	0.0471013	FalseGround	Unlabelled	SPOkGoodGood	Alarm(_G_-ENTRY,yyparse-24396)
400	0.0446033	FalseGround	Unlabelled	SPOkGoodGood	Alarm(_G_-ENTRY,_bc_rm_leading_zeros-18911)
401	0.0446033	FalseGround	Unlabelled	SPOkGoodGood	Alarm(_G_-ENTRY,_bc_rm_leading_zeros-18912)
402	0.0433982	FalseGround	Unlabelled	SPOkGoodGood	Alarm(_G_-ENTRY,bc_divide-19704)
403	0.040216	FalseGround	Unlabelled	SPOkGoodGood	Alarm(_G_-ENTRY,yylex-23299)
404	0.040216	FalseGround	Unlabelled	SPOkGoodGood	Alarm(_G_-ENTRY,yylex-23300)
405	0.038152	FalseGround	Unlabelled	SPOkGoodGood	Alarm(_G_-ENTRY,bc_divide-19627)
406	0.038152	FalseGround	Unlabelled	SPOkGoodGood	Alarm(_G_-ENTRY,bc_divide-19628)
407	0.038152	FalseGround	Unlabelled	SPOkGoodGood	Alarm(_G_-ENTRY,bc_divide-19635)
408	0.038152	FalseGround	Unlabelled	SPOkGoodGood	Alarm(_G_-ENTRY,bc_divide-19636)
409	0.038152	FalseGround	Unlabelled	SPOkGoodGood	Alarm(_G_-ENTRY,bc_divide-19657)
410	0.038152	FalseGround	Unlabelled	SPOkGoodGood	Alarm(_G_-ENTRY,bc_divide-19658)
411	0.038152	FalseGround	Unlabelled	SPOkGoodGood	Alarm(_G_-ENTRY,load_code-22057)
412	0.038152	FalseGround	Unlabelled	SPOkGoodGood	Alarm(_G_-ENTRY,load_code-22058)
413	0.038152	FalseGround	Unlabelled	SPOkGoodGood	Alarm(_G_-ENTRY,load_code-22059)
414	0.038152	FalseGround	Unlabelled	SPOkGoodGood	Alarm(_G_-ENTRY,load_code-22060)
415	0.038152	FalseGround	Unlabelled	SPOkGoodGood	Alarm(_G_-ENTRY,load_code-22063)
416	0.038152	FalseGround	Unlabelled	SPOkGoodGood	Alarm(_G_-ENTRY,load_code-22064)
417	0.038152	FalseGround	Unlabelled	SPOkGoodGood	Alarm(_G_-ENTRY,load_code-22065)
418	0.038152	FalseGround	Unlabelled	SPOkGoodGood	Alarm(_G_-ENTRY,load_code-22066)
419	0.0359715	FalseGround	Unlabelled	SPOkGoodGood	Alarm(_G_-ENTRY,bc_out_num-20099)
420	0.0359715	FalseGround	Unlabelled	SPOkGoodGood	Alarm(_G_-ENTRY,bc_out_num-20100)
421	0.0188294	FalseGround	Unlabelled	SPOkGoodGood	Alarm(_G_-ENTRY,make_arg_str-20482)
422	0.0150711	FalseGround	Unlabelled	SPOkGoodGood	Alarm(_G_-ENTRY,pop_vars-21781)
423	0.0150711	FalseGround	Unlabelled	SPOkGoodGood	Alarm(_G_-ENTRY,pop_vars-21782)
424	0.0150711	FalseGround	Unlabelled	SPOkGoodGood	Alarm(_G_-ENTRY,pop_vars-21786)
425	0.0150711	FalseGround	Unlabelled	SPOkGoodGood	Alarm(_G_-ENTRY,pop_vars-21787)
426	0.0133028	FalseGround	Unlabelled	SPOkGoodGood	Alarm(_G_-ENTRY,_one_mult-19605)
427	0.0133028	FalseGround	Unlabelled	SPOkGoodGood	Alarm(_G_-ENTRY,bc_divide-19717)
428	0.0133028	FalseGround	Unlabelled	SPOkGoodGood	Alarm(_G_-ENTRY,bc_divide-19728)
429	0.0133028	FalseGround	Unlabelled	SPOkGoodGood	Alarm(_G_-ENTRY,clear_func-21150)
430	0.0133028	FalseGround	Unlabelled	SPOkGoodGood	Alarm(_G_-ENTRY,clear_func-21151)
431	0.0133028	FalseGround	Unlabelled	SPOkGoodGood	Alarm(_G_-ENTRY,clear_func-21152)
432	0.0133028	FalseGround	Unlabelled	SPOkGoodGood	Alarm(_G_-ENTRY,clear_func-21154)
433	0.0133028	FalseGround	Unlabelled	SPOkGoodGood	Alarm(_G_-ENTRY,clear_func-21156)
434	0.0133028	FalseGround	Unlabelled	SPOkGoodGood	Alarm(_G_-ENTRY,def_label-21954)
435	0.0133028	FalseGround	Unlabelled	SPOkGoodGood	Alarm(_G_-ENTRY,def_label-21955)
436	0.0133028	FalseGround	Unlabelled	SPOkGoodGood	Alarm(_G_-ENTRY,execute-22446)
437	0.0133028	FalseGround	Unlabelled	SPOkGoodGood	Alarm(_G_-ENTRY,execute-22459)
438	0.0133028	FalseGround	Unlabelled	SPOkGoodGood	Alarm(_G_-ENTRY,execute-22496)
439	0.0133028	FalseGround	Unlabelled	SPOkGoodGood	Alarm(_G_-ENTRY,execute-22497)
440	0.0133028	FalseGround	Unlabelled	SPOkGoodGood	Alarm(_G_-ENTRY,execute-22650)
441	0.0133028	FalseGround	Unlabelled	SPOkGoodGood	Alarm(_G_-ENTRY,execute-22651)
442	0.0133028	FalseGround	Unlabelled	SPOkGoodGood	Alarm(_G_-ENTRY,execute-22658)
443	0.0133028	FalseGround	Unlabelled	SPOkGoodGood	Alarm(_G_-ENTRY,input-23563)
444	0.0107753	FalseGround	Unlabelled	SPOkGoodGood	Alarm(_G_-ENTRY,bc_divide-19639)
445	0.0107753	FalseGround	Unlabelled	SPOkGoodGood	Alarm(_G_-ENTRY,bc_divide-19640)
446	0.0107753	FalseGround	Unlabelled	SPOkGoodGood	Alarm(_G_-ENTRY,clear_func-21143)
447	0.0107753	FalseGround	Unlabelled	SPOkGoodGood	Alarm(_G_-ENTRY,clear_func-21144)
448	0.0107753	FalseGround	Unlabelled	SPOkGoodGood	Alarm(_G_-ENTRY,clear_func-21145)
449	0.0107753	FalseGround	Unlabelled	SPOkGoodGood	Alarm(_G_-ENTRY,clear_func-21146)
450	0.0107753	FalseGround	Unlabelled	SPOkGoodGood	Alarm(_G_-ENTRY,def_label-21940)
451	0.0107753	FalseGround	Unlabelled	SPOkGoodGood	Alarm(_G_-ENTRY,def_label-21941)
452	0.0107753	FalseGround	Unlabelled	SPOkGoodGood	Alarm(_G_-ENTRY,execute-22198)
453	0.0107753	FalseGround	Unlabelled	SPOkGoodGood	Alarm(_G_-ENTRY,execute-22199)
454	0.0107753	FalseGround	Unlabelled	SPOkGoodGood	Alarm(_G_-ENTRY,execute-22304)
455	0.0107753	FalseGround	Unlabelled	SPOkGoodGood	Alarm(_G_-ENTRY,execute-22305)
456	0.0107753	FalseGround	Unlabelled	SPOkGoodGood	Alarm(_G_-ENTRY,execute-22356)
457	0.0107753	FalseGround	Unlabelled	SPOkGoodGood	Alarm(_G_-ENTRY,execute-22357)
458	0.0107753	FalseGround	Unlabelled	SPOkGoodGood	Alarm(_G_-ENTRY,load_code-22045)
459	0.0107753	FalseGround	Unlabelled	SPOkGoodGood	Alarm(_G_-ENTRY,load_code-22046)
460	0.0107753	FalseGround	Unlabelled	SPOkGoodGood	Alarm(_G_-ENTRY,load_code-22047)
461	0.0107753	FalseGround	Unlabelled	SPOkGoodGood	Alarm(_G_-ENTRY,load_code-22048)
462	0.0107753	FalseGround	Unlabelled	SPOkGoodGood	Alarm(_G_-ENTRY,load_code-22049)
463	0.0107753	FalseGround	Unlabelled	SPOkGoodGood	Alarm(_G_-ENTRY,load_code-22050)
464	0.0107753	FalseGround	Unlabelled	SPOkGoodGood	Alarm(_G_-ENTRY,load_code-22051)
465	0.0107753	FalseGround	Unlabelled	SPOkGoodGood	Alarm(_G_-ENTRY,load_code-22052)
466	0.0107753	FalseGround	Unlabelled	SPOkGoodGood	Alarm(_G_-ENTRY,load_code-22053)
467	0.0107753	FalseGround	Unlabelled	SPOkGoodGood	Alarm(_G_-ENTRY,load_code-22054)
468	0.0104236	FalseGround	Unlabelled	SPOkGoodGood	Alarm(_G_-ENTRY,clear_func-21158)
469	0.00904304	FalseGround	Unlabelled	SPOkGoodGood	Alarm(_G_-ENTRY,clear_func-21153)
470	0.00904304	FalseGround	Unlabelled	SPOkGoodGood	Alarm(_G_-ENTRY,clear_func-21155)
471	0.0085864	FalseGround	Unlabelled	SPOkGoodGood	Alarm(_G_-ENTRY,clear_func-21147)
472	0.0085864	FalseGround	Unlabelled	SPOkGoodGood	Alarm(_G_-ENTRY,clear_func-21148)
473	0.00304325	FalseGround	Unlabelled	SPOkGoodGood	Alarm(_G_-ENTRY,auto_var-21733)
474	0.00304325	FalseGround	Unlabelled	SPOkGoodGood	Alarm(_G_-ENTRY,auto_var-21735)
475	0.00304325	FalseGround	Unlabelled	SPOkGoodGood	Alarm(_G_-ENTRY,auto_var-21743)
476	0.00304325	FalseGround	Unlabelled	SPOkGoodGood	Alarm(_G_-ENTRY,auto_var-21746)
477	0.00304325	FalseGround	Unlabelled	SPOkGoodGood	Alarm(_G_-ENTRY,bc_init_numbers-18902)
478	0.00304325	FalseGround	Unlabelled	SPOkGoodGood	Alarm(_G_-ENTRY,bc_init_numbers-18904)
479	0.00304325	FalseGround	Unlabelled	SPOkGoodGood	Alarm(_G_-ENTRY,bc_sqrt-20010)
480	0.00304325	FalseGround	Unlabelled	SPOkGoodGood	Alarm(_G_-ENTRY,clear_func-21157)
481	0.00304325	FalseGround	Unlabelled	SPOkGoodGood	Alarm(_G_-ENTRY,get_array_num-21270)
482	0.00304325	FalseGround	Unlabelled	SPOkGoodGood	Alarm(_G_-ENTRY,get_array_num-21277)
483	0.00304325	FalseGround	Unlabelled	SPOkGoodGood	Alarm(_G_-ENTRY,input-23564)
484	0.00304325	FalseGround	Unlabelled	SPOkGoodGood	Alarm(_G_-ENTRY,push_b10_const-23046)
485	0.00304325	FalseGround	Unlabelled	SPOkGoodGood	Alarm(_G_-ENTRY,yylex-23281)
486	0.00304325	FalseGround	Unlabelled	SPOkGoodGood	Alarm(_G_-ENTRY,yylex-23294)
487	0.00304325	FalseGround	Unlabelled	SPOkGoodGood	Alarm(_G_-ENTRY,yylex-23321)
488	0.00304325	FalseGround	Unlabelled	SPOkGoodGood	Alarm(_G_-ENTRY,yylex-23341)
489	0.00269434	FalseGround	Unlabelled	SPOkGoodGood	Alarm(_G_-ENTRY,_bc_do_add-19090)
490	0.00265306	FalseGround	Unlabelled	SPOkGoodGood	Alarm(_G_-ENTRY,yy_get_next_buffer-23448)
491	0.00246503	FalseGround	Unlabelled	SPOkGoodGood	Alarm(_G_-ENTRY,yylex-23217)
492	0.00246503	FalseGround	Unlabelled	SPOkGoodGood	Alarm(_G_-ENTRY,yylex-23218)
493	0.00246503	FalseGround	Unlabelled	SPOkGoodGood	Alarm(_G_-ENTRY,yylex-23219)
494	0.00246503	FalseGround	Unlabelled	SPOkGoodGood	Alarm(_G_-ENTRY,yylex-23220)
495	0.00246503	FalseGround	Unlabelled	SPOkGoodGood	Alarm(_G_-ENTRY,yylex-23221)
496	0.00246503	FalseGround	Unlabelled	SPOkGoodGood	Alarm(_G_-ENTRY,yylex-23222)
497	0.00246503	FalseGround	Unlabelled	SPOkGoodGood	Alarm(_G_-ENTRY,yylex-23225)
498	0.00246503	FalseGround	Unlabelled	SPOkGoodGood	Alarm(_G_-ENTRY,yylex-23226)
499	0.00246503	FalseGround	Unlabelled	SPOkGoodGood	Alarm(_G_-ENTRY,yylex-23235)
500	0.00246503	FalseGround	Unlabelled	SPOkGoodGood	Alarm(_G_-ENTRY,yylex-23236)
501	0.00246503	FalseGround	Unlabelled	SPOkGoodGood	Alarm(_G_-ENTRY,yylex-23237)
502	0.00246503	FalseGround	Unlabelled	SPOkGoodGood	Alarm(_G_-ENTRY,yylex-23238)
503	0.00199656	FalseGround	Unlabelled	SPOkGoodGood	Alarm(_G_-ENTRY,input-23566)
504	0.00141939	FalseGround	Unlabelled	SPOkGoodGood	Alarm(_G_-ENTRY,_bc_do_add-19084)
505	0.00125238	FalseGround	Unlabelled	SPOkGoodGood	Alarm(_G_-ENTRY,_bc_do_compare-18939)
506	0.00125238	FalseGround	Unlabelled	SPOkGoodGood	Alarm(_G_-ENTRY,_bc_do_compare-18940)
507	0.00125238	FalseGround	Unlabelled	SPOkGoodGood	Alarm(_G_-ENTRY,_bc_do_compare-18949)
508	0.00125238	FalseGround	Unlabelled	SPOkGoodGood	Alarm(_G_-ENTRY,_bc_do_compare-18950)
509	0.000707874	FalseGround	Unlabelled	SPOkGoodGood	Alarm(_G_-ENTRY,get_var-21230)
510	0.000563921	FalseGround	Unlabelled	SPOkGoodGood	Alarm(_G_-ENTRY,_bc_do_add-19073)
511	0.000563921	FalseGround	Unlabelled	SPOkGoodGood	Alarm(_G_-ENTRY,_bc_do_sub-19168)
512	0.000563921	FalseGround	Unlabelled	SPOkGoodGood	Alarm(_G_-ENTRY,get_var-21237)
513	0.000563921	FalseGround	Unlabelled	SPOkGoodGood	Alarm(_G_-ENTRY,load_var-21524)
514	0.000563921	FalseGround	Unlabelled	SPOkGoodGood	Alarm(_G_-ENTRY,process_params-21854)
515	0.000563921	FalseGround	Unlabelled	SPOkGoodGood	Alarm(_G_-ENTRY,yylex-23333)
516	0.000563921	FalseGround	Unlabelled	SPOkGoodGood	Alarm(_G_-ENTRY,yylex-23334)
517	0.000530791	FalseGround	Unlabelled	SPOkGoodGood	Alarm(_G_-ENTRY,_bc_do_sub-19179)
518	0.000456776	FalseGround	Unlabelled	SPOkGoodGood	Alarm(_G_-ENTRY,bc_is_near_zero-19014)
519	0.000456776	FalseGround	Unlabelled	SPOkGoodGood	Alarm(_G_-ENTRY,bc_is_near_zero-19015)
520	0.000456776	FalseGround	Unlabelled	SPOkGoodGood	Alarm(_G_-ENTRY,bc_raise-19899)
521	0.000456776	FalseGround	Unlabelled	SPOkGoodGood	Alarm(_G_-ENTRY,bc_raise-19900)
522	0.000456776	FalseGround	Unlabelled	SPOkGoodGood	Alarm(_G_-ENTRY,yylex-23227)
523	0.000456776	FalseGround	Unlabelled	SPOkGoodGood	Alarm(_G_-ENTRY,yylex-23228)
524	0.000456776	FalseGround	Unlabelled	SPOkGoodGood	Alarm(_G_-ENTRY,yylex-23229)
525	0.000456776	FalseGround	Unlabelled	SPOkGoodGood	Alarm(_G_-ENTRY,yylex-23230)
526	0.000456776	FalseGround	Unlabelled	SPOkGoodGood	Alarm(_G_-ENTRY,yylex-23231)
527	0.000456776	FalseGround	Unlabelled	SPOkGoodGood	Alarm(_G_-ENTRY,yylex-23232)
528	0.000456776	FalseGround	Unlabelled	SPOkGoodGood	Alarm(_G_-ENTRY,yylex-23233)
529	0.000456776	FalseGround	Unlabelled	SPOkGoodGood	Alarm(_G_-ENTRY,yylex-23234)
530	0.000238978	FalseGround	Unlabelled	SPOkGoodGood	Alarm(_G_-ENTRY,_bc_do_compare-18965)
531	0.000238978	FalseGround	Unlabelled	SPOkGoodGood	Alarm(_G_-ENTRY,_bc_do_compare-18966)
532	0.000238978	FalseGround	Unlabelled	SPOkGoodGood	Alarm(_G_-ENTRY,_bc_do_compare-18973)
533	0.000238978	FalseGround	Unlabelled	SPOkGoodGood	Alarm(_G_-ENTRY,_bc_do_compare-18974)
534	6.85596e-05	FalseGround	Unlabelled	SPOkGoodGood	Alarm(_G_-ENTRY,bc_is_near_zero-19020)
535	6.85596e-05	FalseGround	Unlabelled	SPOkGoodGood	Alarm(_G_-ENTRY,bc_is_near_zero-19021)
