Rank	Confidence	Ground	Label	Comments	Tuple
1	0.848126	FalseGround	Unlabelled	SPOkGoodGood	Alarm(_G_-ENTRY,yyparse-24377)
2	0.848126	FalseGround	Unlabelled	SPOkGoodGood	Alarm(_G_-ENTRY,yyparse-24465)
3	0.848126	FalseGround	Unlabelled	SPOkGoodGood	Alarm(_G_-ENTRY,yyparse-24495)
4	0.848126	FalseGround	Unlabelled	SPOkGoodGood	Alarm(_G_-ENTRY,yyparse-24570)
5	0.848126	FalseGround	Unlabelled	SPOkGoodGood	Alarm(_G_-ENTRY,yyparse-24579)
6	0.845459	FalseGround	Unlabelled	SPOkGoodGood	Alarm(_G_-ENTRY,_bc_do_sub-19190)
7	0.842194	FalseGround	Unlabelled	SPOkGoodGood	Alarm(_G_-ENTRY,bc_divide-19756)
8	0.825815	FalseGround	Unlabelled	SPOkGoodGood	Alarm(_G_-ENTRY,process_params-21873)
9	0.819398	FalseGround	Unlabelled	SPOkGoodGood	Alarm(_G_-ENTRY,bc_divide-19724)
10	0.81	FalseGround	Unlabelled	SPOkGoodGood	Alarm(_G_-ENTRY,addbyte-21935)
11	0.81	FalseGround	Unlabelled	SPOkGoodGood	Alarm(_G_-ENTRY,addbyte-21936)
12	0.81	FalseGround	Unlabelled	SPOkGoodGood	Alarm(_G_-ENTRY,addbyte-21919)
13	0.81	FalseGround	Unlabelled	SPOkGoodGood	Alarm(_G_-ENTRY,addbyte-21920)
14	0.807387	FalseGround	Unlabelled	SPOkGoodGood	Alarm(_G_-ENTRY,_bc_shift_addsub-19349)
15	0.807387	FalseGround	Unlabelled	SPOkGoodGood	Alarm(_G_-ENTRY,_bc_shift_addsub-19350)
16	0.80566	FalseGround	Unlabelled	SPOkGoodGood	Alarm(_G_-ENTRY,yyparse-24223)
17	0.80566	FalseGround	Unlabelled	SPOkGoodGood	Alarm(_G_-ENTRY,yyparse-24224)
18	0.80566	FalseGround	Unlabelled	SPOkGoodGood	Alarm(_G_-ENTRY,yyparse-24225)
19	0.80566	FalseGround	Unlabelled	SPOkGoodGood	Alarm(_G_-ENTRY,yyparse-24343)
20	0.803228	FalseGround	Unlabelled	SPOkGoodGood	Alarm(_G_-ENTRY,addbyte-21926)
21	0.802169	FalseGround	Unlabelled	SPOkGoodGood	Alarm(_G_-ENTRY,long_val-21969)
22	0.802169	FalseGround	Unlabelled	SPOkGoodGood	Alarm(_G_-ENTRY,long_val-21970)
23	0.8005	FalseGround	Unlabelled	SPOkGoodGood	Alarm(_G_-ENTRY,bc_divide-19653)
24	0.8005	FalseGround	Unlabelled	SPOkGoodGood	Alarm(_G_-ENTRY,bc_divide-19654)
25	0.794301	FalseGround	Unlabelled	SPOkGoodGood	Alarm(_G_-ENTRY,_bc_shift_addsub-19381)
26	0.794301	FalseGround	Unlabelled	SPOkGoodGood	Alarm(_G_-ENTRY,_bc_shift_addsub-19397)
27	0.794301	FalseGround	Unlabelled	SPOkGoodGood	Alarm(_G_-ENTRY,_bc_shift_addsub-19357)
28	0.794301	FalseGround	Unlabelled	SPOkGoodGood	Alarm(_G_-ENTRY,_bc_shift_addsub-19358)
29	0.794301	FalseGround	Unlabelled	SPOkGoodGood	Alarm(_G_-ENTRY,_bc_shift_addsub-19365)
30	0.794301	FalseGround	Unlabelled	SPOkGoodGood	Alarm(_G_-ENTRY,_bc_shift_addsub-19366)
31	0.787302	FalseGround	Unlabelled	SPOkGoodGood	Alarm(_G_-ENTRY,byte-17259)
32	0.779077	FalseGround	Unlabelled	SPOkGoodGood	Alarm(_G_-ENTRY,get_array_num-21296)
33	0.779077	FalseGround	Unlabelled	SPOkGoodGood	Alarm(_G_-ENTRY,get_array_num-21317)
34	0.774929	FalseGround	Unlabelled	SPOkGoodGood	Alarm(_G_-ENTRY,bc_divide-19699)
35	0.774929	FalseGround	Unlabelled	SPOkGoodGood	Alarm(_G_-ENTRY,load_code-22106)
36	0.774929	FalseGround	Unlabelled	SPOkGoodGood	Alarm(_G_-ENTRY,load_code-22108)
37	0.774929	FalseGround	Unlabelled	SPOkGoodGood	Alarm(_G_-ENTRY,bc_num2long-20250)
38	0.770987	FalseGround	Unlabelled	SPOkGoodGood	Alarm(_G_-ENTRY,yyparse-24222)
39	0.770987	FalseGround	Unlabelled	SPOkGoodGood	Alarm(_G_-ENTRY,yyparse-24375)
40	0.770987	FalseGround	Unlabelled	SPOkGoodGood	Alarm(_G_-ENTRY,yyparse-24558)
41	0.770262	FalseGround	Unlabelled	SPOkGoodGood	Alarm(_G_-ENTRY,_bc_do_sub-19197)
42	0.769322	FalseGround	Unlabelled	SPOkGoodGood	Alarm(_G_-ENTRY,_bc_do_sub-19203)
43	0.769322	FalseGround	Unlabelled	SPOkGoodGood	Alarm(_G_-ENTRY,bc_divide-19741)
44	0.75821	FalseGround	Unlabelled	SPOkGoodGood	Alarm(_G_-ENTRY,open_new_file-25099)
45	0.756157	FalseGround	Unlabelled	SPOkGoodGood	Alarm(_G_-ENTRY,pop_vars-21781)
46	0.756157	FalseGround	Unlabelled	SPOkGoodGood	Alarm(_G_-ENTRY,pop_vars-21782)
47	0.756157	FalseGround	Unlabelled	SPOkGoodGood	Alarm(_G_-ENTRY,pop_vars-21786)
48	0.756157	FalseGround	Unlabelled	SPOkGoodGood	Alarm(_G_-ENTRY,pop_vars-21787)
49	0.756055	FalseGround	Unlabelled	SPOkGoodGood	Alarm(_G_-ENTRY,_bc_do_sub-19214)
50	0.756055	FalseGround	Unlabelled	SPOkGoodGood	Alarm(_G_-ENTRY,_bc_simp_mul-19347)
51	0.756055	FalseGround	Unlabelled	SPOkGoodGood	Alarm(_G_-ENTRY,parse_args-24952)
52	0.755157	FalseGround	Unlabelled	SPOkGoodGood	Alarm(_G_-ENTRY,push_b10_const-23054)
53	0.747957	FalseGround	Unlabelled	SPOkGoodGood	Alarm(_G_-ENTRY,_bc_do_add-19112)
54	0.747957	FalseGround	Unlabelled	SPOkGoodGood	Alarm(_G_-ENTRY,_bc_do_add-19114)
55	0.747957	FalseGround	Unlabelled	SPOkGoodGood	Alarm(_G_-ENTRY,_bc_do_add-19117)
56	0.747957	FalseGround	Unlabelled	SPOkGoodGood	Alarm(_G_-ENTRY,_bc_do_add-19057)
57	0.747957	FalseGround	Unlabelled	SPOkGoodGood	Alarm(_G_-ENTRY,_bc_do_add-19058)
58	0.746816	FalseGround	Unlabelled	SPOkGoodGood	Alarm(_G_-ENTRY,_bc_shift_addsub-19385)
59	0.746816	FalseGround	Unlabelled	SPOkGoodGood	Alarm(_G_-ENTRY,_bc_shift_addsub-19401)
60	0.729105	FalseGround	Unlabelled	SPOkGoodGood	Alarm(_G_-ENTRY,bc_divide-19704)
61	0.729	FalseGround	Unlabelled	SPOkGoodGood	Alarm(_G_-ENTRY,def_label-21956)
62	0.722151	FalseGround	Unlabelled	SPOkGoodGood	Alarm(_G_-ENTRY,yyparse-24120)
63	0.711892	FalseGround	Unlabelled	SPOkGoodGood	Alarm(_G_-ENTRY,open_new_file-25079)
64	0.711892	FalseGround	Unlabelled	SPOkGoodGood	Alarm(_G_-ENTRY,open_new_file-25080)
65	0.705054	FalseGround	Unlabelled	SPOkGoodGood	Alarm(_G_-ENTRY,_bc_rm_leading_zeros-18911)
66	0.705054	FalseGround	Unlabelled	SPOkGoodGood	Alarm(_G_-ENTRY,_bc_rm_leading_zeros-18912)
67	0.701346	FalseGround	Unlabelled	SPOkGoodGood	Alarm(_G_-ENTRY,bc_out_num-20099)
68	0.701346	FalseGround	Unlabelled	SPOkGoodGood	Alarm(_G_-ENTRY,bc_out_num-20100)
69	0.698781	FalseGround	Unlabelled	SPOkGoodGood	Alarm(_G_-ENTRY,yyparse-24050)
70	0.698781	FalseGround	Unlabelled	SPOkGoodGood	Alarm(_G_-ENTRY,yyparse-24051)
71	0.692825	FalseGround	Unlabelled	SPOkGoodGood	Alarm(_G_-ENTRY,get_var-21230)
72	0.69239	FalseGround	Unlabelled	SPOkGoodGood	Alarm(_G_-ENTRY,bc_divide-19735)
73	0.68548	FalseGround	Unlabelled	SPOkGoodGood	Alarm(_G_-ENTRY,bc_is_zero-19001)
74	0.68548	FalseGround	Unlabelled	SPOkGoodGood	Alarm(_G_-ENTRY,bc_is_zero-19002)
75	0.681847	FalseGround	Unlabelled	SPOkGoodGood	Alarm(_G_-ENTRY,clear_func-21158)
76	0.68045	FalseGround	Unlabelled	SPOkGoodGood	Alarm(_G_-ENTRY,_bc_do_sub-19208)
77	0.658973	FalseGround	Unlabelled	SPOkGoodGood	Alarm(_G_-ENTRY,_bc_shift_addsub-19391)
78	0.658973	FalseGround	Unlabelled	SPOkGoodGood	Alarm(_G_-ENTRY,_bc_shift_addsub-19407)
79	0.6561	FalseGround	Unlabelled	SPOkGoodGood	Alarm(_G_-ENTRY,_bc_do_add-19099)
80	0.6561	FalseGround	Unlabelled	SPOkGoodGood	Alarm(_G_-ENTRY,_bc_do_add-19101)
81	0.6561	FalseGround	Unlabelled	SPOkGoodGood	Alarm(_G_-ENTRY,_bc_do_sub-19184)
82	0.6561	FalseGround	Unlabelled	SPOkGoodGood	Alarm(_G_-ENTRY,_bc_shift_addsub-19388)
83	0.6561	FalseGround	Unlabelled	SPOkGoodGood	Alarm(_G_-ENTRY,_bc_shift_addsub-19404)
84	0.6561	FalseGround	Unlabelled	SPOkGoodGood	Alarm(_G_-ENTRY,_one_mult-19613)
85	0.6561	FalseGround	Unlabelled	SPOkGoodGood	Alarm(_G_-ENTRY,_one_mult-19616)
86	0.6561	FalseGround	Unlabelled	SPOkGoodGood	Alarm(_G_-ENTRY,_one_mult-19618)
87	0.6561	FalseGround	Unlabelled	SPOkGoodGood	Alarm(_G_-ENTRY,bc_divide-19750)
88	0.6561	FalseGround	Unlabelled	SPOkGoodGood	Alarm(_G_-ENTRY,bc_divide-19758)
89	0.6561	FalseGround	Unlabelled	SPOkGoodGood	Alarm(_G_-ENTRY,bc_int2num-20275)
90	0.6561	FalseGround	Unlabelled	SPOkGoodGood	Alarm(_G_-ENTRY,call_str-20533)
91	0.6561	FalseGround	Unlabelled	SPOkGoodGood	Alarm(_G_-ENTRY,call_str-20534)
92	0.6561	FalseGround	Unlabelled	SPOkGoodGood	Alarm(_G_-ENTRY,load_code-22115)
93	0.6561	FalseGround	Unlabelled	SPOkGoodGood	Alarm(_G_-ENTRY,load_code-22131)
94	0.6561	FalseGround	Unlabelled	SPOkGoodGood	Alarm(_G_-ENTRY,load_code-22132)
95	0.6561	FalseGround	Unlabelled	SPOkGoodGood	Alarm(_G_-ENTRY,load_code-22133)
96	0.6561	FalseGround	Unlabelled	SPOkGoodGood	Alarm(_G_-ENTRY,load_code-22145)
97	0.6561	FalseGround	Unlabelled	SPOkGoodGood	Alarm(_G_-ENTRY,long_val-21982)
98	0.6561	TrueGround	Unlabelled	SPOkGoodGood	Alarm(_G_-ENTRY,lookup-20844)
99	0.6561	FalseGround	Unlabelled	SPOkGoodGood	Alarm(_G_-ENTRY,lookup-20855)
100	0.6561	FalseGround	Unlabelled	SPOkGoodGood	Alarm(_G_-ENTRY,lookup-20863)
101	0.6561	FalseGround	Unlabelled	SPOkGoodGood	Alarm(_G_-ENTRY,more_functions-21057)
102	0.6561	FalseGround	Unlabelled	SPOkGoodGood	Alarm(_G_-ENTRY,more_functions-21063)
103	0.6561	FalseGround	Unlabelled	SPOkGoodGood	Alarm(_G_-ENTRY,more_functions-21064)
104	0.6561	FalseGround	Unlabelled	SPOkGoodGood	Alarm(_G_-ENTRY,more_functions-21065)
105	0.6561	FalseGround	Unlabelled	SPOkGoodGood	Alarm(_G_-ENTRY,more_functions-21066)
106	0.6561	FalseGround	Unlabelled	SPOkGoodGood	Alarm(_G_-ENTRY,more_functions-21067)
107	0.6561	FalseGround	Unlabelled	SPOkGoodGood	Alarm(_G_-ENTRY,more_functions-21068)
108	0.6561	FalseGround	Unlabelled	SPOkGoodGood	Alarm(_G_-ENTRY,process_params-21885)
109	0.6561	FalseGround	Unlabelled	SPOkGoodGood	Alarm(_G_-ENTRY,_bc_do_add-19051)
110	0.6561	FalseGround	Unlabelled	SPOkGoodGood	Alarm(_G_-ENTRY,_bc_do_add-19052)
111	0.6561	FalseGround	Unlabelled	SPOkGoodGood	Alarm(_G_-ENTRY,_bc_shift_addsub-19361)
112	0.6561	FalseGround	Unlabelled	SPOkGoodGood	Alarm(_G_-ENTRY,_bc_shift_addsub-19362)
113	0.6561	FalseGround	Unlabelled	SPOkGoodGood	Alarm(_G_-ENTRY,_bc_shift_addsub-19369)
114	0.6561	FalseGround	Unlabelled	SPOkGoodGood	Alarm(_G_-ENTRY,_bc_shift_addsub-19370)
115	0.6561	FalseGround	Unlabelled	SPOkGoodGood	Alarm(_G_-ENTRY,bc_divide-19655)
116	0.6561	FalseGround	Unlabelled	SPOkGoodGood	Alarm(_G_-ENTRY,bc_divide-19656)
117	0.6561	FalseGround	Unlabelled	SPOkGoodGood	Alarm(_G_-ENTRY,load_code-21985)
118	0.6561	FalseGround	Unlabelled	SPOkGoodGood	Alarm(_G_-ENTRY,load_code-21986)
119	0.6561	FalseGround	Unlabelled	SPOkGoodGood	Alarm(_G_-ENTRY,load_code-21991)
120	0.6561	FalseGround	Unlabelled	SPOkGoodGood	Alarm(_G_-ENTRY,load_code-21992)
121	0.6561	FalseGround	Unlabelled	SPOkGoodGood	Alarm(_G_-ENTRY,load_code-21995)
122	0.6561	FalseGround	Unlabelled	SPOkGoodGood	Alarm(_G_-ENTRY,load_code-21996)
123	0.6561	FalseGround	Unlabelled	SPOkGoodGood	Alarm(_G_-ENTRY,load_code-21997)
124	0.6561	FalseGround	Unlabelled	SPOkGoodGood	Alarm(_G_-ENTRY,load_code-21998)
125	0.6561	FalseGround	Unlabelled	SPOkGoodGood	Alarm(_G_-ENTRY,load_code-21999)
126	0.6561	FalseGround	Unlabelled	SPOkGoodGood	Alarm(_G_-ENTRY,load_code-22000)
127	0.6561	FalseGround	Unlabelled	SPOkGoodGood	Alarm(_G_-ENTRY,load_code-22001)
128	0.6561	FalseGround	Unlabelled	SPOkGoodGood	Alarm(_G_-ENTRY,load_code-22002)
129	0.655015	FalseGround	Unlabelled	SPOkGoodGood	Alarm(_G_-ENTRY,strcopyof-20446)
130	0.653877	FalseGround	Unlabelled	SPOkGoodGood	Alarm(_G_-ENTRY,clear_func-21147)
131	0.653877	FalseGround	Unlabelled	SPOkGoodGood	Alarm(_G_-ENTRY,clear_func-21148)
132	0.638561	FalseGround	Unlabelled	SPOkGoodGood	Alarm(_G_-ENTRY,clear_func-21153)
133	0.638561	FalseGround	Unlabelled	SPOkGoodGood	Alarm(_G_-ENTRY,clear_func-21155)
134	0.617988	FalseGround	Unlabelled	SPOkGoodGood	Alarm(_G_-ENTRY,addbyte-21925)
135	0.612405	FalseGround	Unlabelled	SPOkGoodGood	Alarm(_G_-ENTRY,process_params-21874)
136	0.612405	FalseGround	Unlabelled	SPOkGoodGood	Alarm(_G_-ENTRY,process_params-21875)
137	0.59049	FalseGround	Unlabelled	SPOkGoodGood	Alarm(_G_-ENTRY,addbyte-21932)
138	0.59049	FalseGround	Unlabelled	SPOkGoodGood	Alarm(_G_-ENTRY,addbyte-21933)
139	0.59049	FalseGround	Unlabelled	SPOkGoodGood	Alarm(_G_-ENTRY,addbyte-21934)
140	0.59049	FalseGround	Unlabelled	SPOkGoodGood	Alarm(_G_-ENTRY,bc_divide-19684)
141	0.59049	FalseGround	Unlabelled	SPOkGoodGood	Alarm(_G_-ENTRY,bc_divide-19703)
142	0.59049	FalseGround	Unlabelled	SPOkGoodGood	Alarm(_G_-ENTRY,bc_divide-19761)
143	0.59049	FalseGround	Unlabelled	SPOkGoodGood	Alarm(_G_-ENTRY,load_code-22111)
144	0.59049	TrueGround	Unlabelled	SPOkGoodGood	Alarm(_G_-ENTRY,more_arrays-21135)
145	0.59049	FalseGround	Unlabelled	SPOkGoodGood	Alarm(_G_-ENTRY,more_variables-21102)
146	0.59049	FalseGround	Unlabelled	SPOkGoodGood	Alarm(_G_-ENTRY,process_params-21864)
147	0.59049	FalseGround	Unlabelled	SPOkGoodGood	Alarm(_G_-ENTRY,process_params-21867)
148	0.59049	FalseGround	Unlabelled	SPOkGoodGood	Alarm(_G_-ENTRY,bc_divide-19627)
149	0.59049	FalseGround	Unlabelled	SPOkGoodGood	Alarm(_G_-ENTRY,bc_divide-19628)
150	0.59049	FalseGround	Unlabelled	SPOkGoodGood	Alarm(_G_-ENTRY,bc_divide-19635)
151	0.59049	FalseGround	Unlabelled	SPOkGoodGood	Alarm(_G_-ENTRY,bc_divide-19636)
152	0.59049	FalseGround	Unlabelled	SPOkGoodGood	Alarm(_G_-ENTRY,bc_divide-19657)
153	0.59049	FalseGround	Unlabelled	SPOkGoodGood	Alarm(_G_-ENTRY,bc_divide-19658)
154	0.59049	FalseGround	Unlabelled	SPOkGoodGood	Alarm(_G_-ENTRY,load_code-22057)
155	0.59049	FalseGround	Unlabelled	SPOkGoodGood	Alarm(_G_-ENTRY,load_code-22058)
156	0.59049	FalseGround	Unlabelled	SPOkGoodGood	Alarm(_G_-ENTRY,load_code-22059)
157	0.59049	FalseGround	Unlabelled	SPOkGoodGood	Alarm(_G_-ENTRY,load_code-22060)
158	0.5892	FalseGround	Unlabelled	SPOkGoodGood	Alarm(_G_-ENTRY,yyparse-24246)
159	0.5892	FalseGround	Unlabelled	SPOkGoodGood	Alarm(_G_-ENTRY,yyparse-24248)
160	0.5892	FalseGround	Unlabelled	SPOkGoodGood	Alarm(_G_-ENTRY,yyparse-24250)
161	0.5892	FalseGround	Unlabelled	SPOkGoodGood	Alarm(_G_-ENTRY,yyparse-24259)
162	0.5892	FalseGround	Unlabelled	SPOkGoodGood	Alarm(_G_-ENTRY,yyparse-24263)
163	0.587326	FalseGround	Unlabelled	SPOkGoodGood	Alarm(_G_-ENTRY,yyparse-24092)
164	0.587326	FalseGround	Unlabelled	SPOkGoodGood	Alarm(_G_-ENTRY,yyparse-24136)
165	0.587326	FalseGround	Unlabelled	SPOkGoodGood	Alarm(_G_-ENTRY,yyparse-24144)
166	0.587326	FalseGround	Unlabelled	SPOkGoodGood	Alarm(_G_-ENTRY,yyparse-24156)
167	0.587326	FalseGround	Unlabelled	SPOkGoodGood	Alarm(_G_-ENTRY,yyparse-24164)
168	0.587326	FalseGround	Unlabelled	SPOkGoodGood	Alarm(_G_-ENTRY,yyparse-24170)
169	0.587326	FalseGround	Unlabelled	SPOkGoodGood	Alarm(_G_-ENTRY,yyparse-24185)
170	0.587326	FalseGround	Unlabelled	SPOkGoodGood	Alarm(_G_-ENTRY,yyparse-24186)
171	0.587326	FalseGround	Unlabelled	SPOkGoodGood	Alarm(_G_-ENTRY,yyparse-24187)
172	0.587326	FalseGround	Unlabelled	SPOkGoodGood	Alarm(_G_-ENTRY,yyparse-24195)
173	0.587326	FalseGround	Unlabelled	SPOkGoodGood	Alarm(_G_-ENTRY,yyparse-24198)
174	0.587326	FalseGround	Unlabelled	SPOkGoodGood	Alarm(_G_-ENTRY,yyparse-24201)
175	0.587326	FalseGround	Unlabelled	SPOkGoodGood	Alarm(_G_-ENTRY,yyparse-24209)
176	0.587326	FalseGround	Unlabelled	SPOkGoodGood	Alarm(_G_-ENTRY,yyparse-24213)
177	0.587326	FalseGround	Unlabelled	SPOkGoodGood	Alarm(_G_-ENTRY,yyparse-24219)
178	0.587326	FalseGround	Unlabelled	SPOkGoodGood	Alarm(_G_-ENTRY,yyparse-24229)
179	0.587326	FalseGround	Unlabelled	SPOkGoodGood	Alarm(_G_-ENTRY,yyparse-24230)
180	0.587326	FalseGround	Unlabelled	SPOkGoodGood	Alarm(_G_-ENTRY,yyparse-24231)
181	0.587326	FalseGround	Unlabelled	SPOkGoodGood	Alarm(_G_-ENTRY,yyparse-24234)
182	0.587326	FalseGround	Unlabelled	SPOkGoodGood	Alarm(_G_-ENTRY,yyparse-24237)
183	0.587326	FalseGround	Unlabelled	SPOkGoodGood	Alarm(_G_-ENTRY,yyparse-24238)
184	0.587326	FalseGround	Unlabelled	SPOkGoodGood	Alarm(_G_-ENTRY,yyparse-24283)
185	0.587326	FalseGround	Unlabelled	SPOkGoodGood	Alarm(_G_-ENTRY,yyparse-24288)
186	0.587326	FalseGround	Unlabelled	SPOkGoodGood	Alarm(_G_-ENTRY,yyparse-24292)
187	0.587326	FalseGround	Unlabelled	SPOkGoodGood	Alarm(_G_-ENTRY,yyparse-24300)
188	0.587326	FalseGround	Unlabelled	SPOkGoodGood	Alarm(_G_-ENTRY,yyparse-24301)
189	0.587326	FalseGround	Unlabelled	SPOkGoodGood	Alarm(_G_-ENTRY,yyparse-24312)
190	0.587326	FalseGround	Unlabelled	SPOkGoodGood	Alarm(_G_-ENTRY,yyparse-24314)
191	0.587326	FalseGround	Unlabelled	SPOkGoodGood	Alarm(_G_-ENTRY,yyparse-24316)
192	0.587326	FalseGround	Unlabelled	SPOkGoodGood	Alarm(_G_-ENTRY,yyparse-24318)
193	0.587326	FalseGround	Unlabelled	SPOkGoodGood	Alarm(_G_-ENTRY,yyparse-24320)
194	0.587326	FalseGround	Unlabelled	SPOkGoodGood	Alarm(_G_-ENTRY,yyparse-24322)
195	0.587326	FalseGround	Unlabelled	SPOkGoodGood	Alarm(_G_-ENTRY,yyparse-24324)
196	0.587326	FalseGround	Unlabelled	SPOkGoodGood	Alarm(_G_-ENTRY,yyparse-24335)
197	0.587326	FalseGround	Unlabelled	SPOkGoodGood	Alarm(_G_-ENTRY,yyparse-24338)
198	0.587326	FalseGround	Unlabelled	SPOkGoodGood	Alarm(_G_-ENTRY,yyparse-24341)
199	0.587326	FalseGround	Unlabelled	SPOkGoodGood	Alarm(_G_-ENTRY,yyparse-24346)
200	0.587326	FalseGround	Unlabelled	SPOkGoodGood	Alarm(_G_-ENTRY,yyparse-24390)
201	0.587326	FalseGround	Unlabelled	SPOkGoodGood	Alarm(_G_-ENTRY,yyparse-24409)
202	0.587326	FalseGround	Unlabelled	SPOkGoodGood	Alarm(_G_-ENTRY,yyparse-24471)
203	0.587326	FalseGround	Unlabelled	SPOkGoodGood	Alarm(_G_-ENTRY,yyparse-24480)
204	0.587326	FalseGround	Unlabelled	SPOkGoodGood	Alarm(_G_-ENTRY,yyparse-24483)
205	0.587326	FalseGround	Unlabelled	SPOkGoodGood	Alarm(_G_-ENTRY,yyparse-24501)
206	0.587326	FalseGround	Unlabelled	SPOkGoodGood	Alarm(_G_-ENTRY,yyparse-24516)
207	0.587326	FalseGround	Unlabelled	SPOkGoodGood	Alarm(_G_-ENTRY,yyparse-24549)
208	0.587326	FalseGround	Unlabelled	SPOkGoodGood	Alarm(_G_-ENTRY,yyparse-24552)
209	0.587326	FalseGround	Unlabelled	SPOkGoodGood	Alarm(_G_-ENTRY,yyparse-24561)
210	0.587326	FalseGround	Unlabelled	SPOkGoodGood	Alarm(_G_-ENTRY,yyparse-24564)
211	0.587326	FalseGround	Unlabelled	SPOkGoodGood	Alarm(_G_-ENTRY,yyparse-24573)
212	0.587326	FalseGround	Unlabelled	SPOkGoodGood	Alarm(_G_-ENTRY,yyparse-24582)
213	0.587326	FalseGround	Unlabelled	SPOkGoodGood	Alarm(_G_-ENTRY,yyparse-24630)
214	0.587326	FalseGround	Unlabelled	SPOkGoodGood	Alarm(_G_-ENTRY,yyparse-24633)
215	0.587326	FalseGround	Unlabelled	SPOkGoodGood	Alarm(_G_-ENTRY,yyparse-24660)
216	0.587326	FalseGround	Unlabelled	SPOkGoodGood	Alarm(_G_-ENTRY,yyparse-24663)
217	0.587326	FalseGround	Unlabelled	SPOkGoodGood	Alarm(_G_-ENTRY,yyparse-24666)
218	0.587326	FalseGround	Unlabelled	SPOkGoodGood	Alarm(_G_-ENTRY,yyparse-24669)
219	0.587326	FalseGround	Unlabelled	SPOkGoodGood	Alarm(_G_-ENTRY,yyparse-24672)
220	0.587326	FalseGround	Unlabelled	SPOkGoodGood	Alarm(_G_-ENTRY,yyparse-24675)
221	0.587326	FalseGround	Unlabelled	SPOkGoodGood	Alarm(_G_-ENTRY,yyparse-24678)
222	0.587326	FalseGround	Unlabelled	SPOkGoodGood	Alarm(_G_-ENTRY,yyparse-24681)
223	0.587326	FalseGround	Unlabelled	SPOkGoodGood	Alarm(_G_-ENTRY,yyparse-24684)
224	0.587326	FalseGround	Unlabelled	SPOkGoodGood	Alarm(_G_-ENTRY,yyparse-24687)
225	0.58256	FalseGround	Unlabelled	SPOkGoodGood	Alarm(_G_-ENTRY,rt_error-20988)
226	0.559706	FalseGround	Unlabelled	SPOkGoodGood	Alarm(_G_-ENTRY,make_arg_str-20482)
227	0.552397	FalseGround	Unlabelled	SPOkGoodGood	Alarm(_G_-ENTRY,yyparse-24145)
228	0.552397	FalseGround	Unlabelled	SPOkGoodGood	Alarm(_G_-ENTRY,yyparse-24214)
229	0.552397	FalseGround	Unlabelled	SPOkGoodGood	Alarm(_G_-ENTRY,yyparse-24226)
230	0.552397	FalseGround	Unlabelled	SPOkGoodGood	Alarm(_G_-ENTRY,yyparse-24239)
231	0.552397	FalseGround	Unlabelled	SPOkGoodGood	Alarm(_G_-ENTRY,yyparse-24241)
232	0.552397	FalseGround	Unlabelled	SPOkGoodGood	Alarm(_G_-ENTRY,yyparse-24243)
233	0.552397	FalseGround	Unlabelled	SPOkGoodGood	Alarm(_G_-ENTRY,yyparse-24245)
234	0.552397	FalseGround	Unlabelled	SPOkGoodGood	Alarm(_G_-ENTRY,yyparse-24247)
235	0.552397	FalseGround	Unlabelled	SPOkGoodGood	Alarm(_G_-ENTRY,yyparse-24249)
236	0.552397	FalseGround	Unlabelled	SPOkGoodGood	Alarm(_G_-ENTRY,yyparse-24254)
237	0.552397	FalseGround	Unlabelled	SPOkGoodGood	Alarm(_G_-ENTRY,yyparse-24260)
238	0.552397	FalseGround	Unlabelled	SPOkGoodGood	Alarm(_G_-ENTRY,yyparse-24329)
239	0.552397	FalseGround	Unlabelled	SPOkGoodGood	Alarm(_G_-ENTRY,yyparse-24340)
240	0.552397	FalseGround	Unlabelled	SPOkGoodGood	Alarm(_G_-ENTRY,yyparse-24344)
241	0.552397	FalseGround	Unlabelled	SPOkGoodGood	Alarm(_G_-ENTRY,yyparse-24347)
242	0.551164	FalseGround	Unlabelled	SPOkGoodGood	Alarm(_G_-ENTRY,_bc_simp_mul-19341)
243	0.551164	FalseGround	Unlabelled	SPOkGoodGood	Alarm(_G_-ENTRY,_bc_simp_mul-19344)
244	0.55051	FalseGround	Unlabelled	SPOkGoodGood	Alarm(_G_-ENTRY,push_b10_const-23051)
245	0.531441	FalseGround	Unlabelled	SPOkGoodGood	Alarm(_G_-ENTRY,_one_mult-19605)
246	0.531441	FalseGround	Unlabelled	SPOkGoodGood	Alarm(_G_-ENTRY,bc_divide-19717)
247	0.531441	FalseGround	Unlabelled	SPOkGoodGood	Alarm(_G_-ENTRY,bc_divide-19728)
248	0.531441	FalseGround	Unlabelled	SPOkGoodGood	Alarm(_G_-ENTRY,clear_func-21150)
249	0.531441	FalseGround	Unlabelled	SPOkGoodGood	Alarm(_G_-ENTRY,clear_func-21151)
250	0.531441	FalseGround	Unlabelled	SPOkGoodGood	Alarm(_G_-ENTRY,clear_func-21156)
251	0.531441	FalseGround	Unlabelled	SPOkGoodGood	Alarm(_G_-ENTRY,def_label-21954)
252	0.531441	FalseGround	Unlabelled	SPOkGoodGood	Alarm(_G_-ENTRY,def_label-21955)
253	0.531441	FalseGround	Unlabelled	SPOkGoodGood	Alarm(_G_-ENTRY,execute-22446)
254	0.531441	FalseGround	Unlabelled	SPOkGoodGood	Alarm(_G_-ENTRY,execute-22459)
255	0.531441	FalseGround	Unlabelled	SPOkGoodGood	Alarm(_G_-ENTRY,execute-22496)
256	0.531441	FalseGround	Unlabelled	SPOkGoodGood	Alarm(_G_-ENTRY,execute-22497)
257	0.531441	FalseGround	Unlabelled	SPOkGoodGood	Alarm(_G_-ENTRY,execute-22650)
258	0.531441	FalseGround	Unlabelled	SPOkGoodGood	Alarm(_G_-ENTRY,execute-22651)
259	0.531441	FalseGround	Unlabelled	SPOkGoodGood	Alarm(_G_-ENTRY,bc_divide-19639)
260	0.531441	FalseGround	Unlabelled	SPOkGoodGood	Alarm(_G_-ENTRY,bc_divide-19640)
261	0.531441	FalseGround	Unlabelled	SPOkGoodGood	Alarm(_G_-ENTRY,clear_func-21143)
262	0.531441	FalseGround	Unlabelled	SPOkGoodGood	Alarm(_G_-ENTRY,clear_func-21144)
263	0.531441	FalseGround	Unlabelled	SPOkGoodGood	Alarm(_G_-ENTRY,clear_func-21145)
264	0.531441	FalseGround	Unlabelled	SPOkGoodGood	Alarm(_G_-ENTRY,clear_func-21146)
265	0.531441	FalseGround	Unlabelled	SPOkGoodGood	Alarm(_G_-ENTRY,def_label-21940)
266	0.531441	FalseGround	Unlabelled	SPOkGoodGood	Alarm(_G_-ENTRY,def_label-21941)
267	0.531441	FalseGround	Unlabelled	SPOkGoodGood	Alarm(_G_-ENTRY,execute-22198)
268	0.531441	FalseGround	Unlabelled	SPOkGoodGood	Alarm(_G_-ENTRY,execute-22199)
269	0.531441	FalseGround	Unlabelled	SPOkGoodGood	Alarm(_G_-ENTRY,execute-22304)
270	0.531441	FalseGround	Unlabelled	SPOkGoodGood	Alarm(_G_-ENTRY,execute-22305)
271	0.531441	FalseGround	Unlabelled	SPOkGoodGood	Alarm(_G_-ENTRY,load_code-22047)
272	0.531441	FalseGround	Unlabelled	SPOkGoodGood	Alarm(_G_-ENTRY,load_code-22048)
273	0.531441	FalseGround	Unlabelled	SPOkGoodGood	Alarm(_G_-ENTRY,load_code-22049)
274	0.531441	FalseGround	Unlabelled	SPOkGoodGood	Alarm(_G_-ENTRY,load_code-22050)
275	0.531441	FalseGround	Unlabelled	SPOkGoodGood	Alarm(_G_-ENTRY,load_code-22051)
276	0.531441	FalseGround	Unlabelled	SPOkGoodGood	Alarm(_G_-ENTRY,load_code-22052)
277	0.531441	FalseGround	Unlabelled	SPOkGoodGood	Alarm(_G_-ENTRY,load_code-22053)
278	0.531441	FalseGround	Unlabelled	SPOkGoodGood	Alarm(_G_-ENTRY,load_code-22054)
279	0.527429	FalseGround	Unlabelled	SPOkGoodGood	Alarm(_G_-ENTRY,_bc_do_add-19090)
280	0.508431	FalseGround	Unlabelled	SPOkGoodGood	Alarm(_G_-ENTRY,_bc_do_compare-18939)
281	0.508431	FalseGround	Unlabelled	SPOkGoodGood	Alarm(_G_-ENTRY,_bc_do_compare-18940)
282	0.508431	FalseGround	Unlabelled	SPOkGoodGood	Alarm(_G_-ENTRY,_bc_do_compare-18949)
283	0.508431	FalseGround	Unlabelled	SPOkGoodGood	Alarm(_G_-ENTRY,_bc_do_compare-18950)
284	0.478297	FalseGround	Unlabelled	SPOkGoodGood	Alarm(_G_-ENTRY,bc_int2num-20287)
285	0.478297	FalseGround	Unlabelled	SPOkGoodGood	Alarm(_G_-ENTRY,call_str-20536)
286	0.478297	FalseGround	Unlabelled	SPOkGoodGood	Alarm(_G_-ENTRY,load_code-22071)
287	0.478297	FalseGround	Unlabelled	SPOkGoodGood	Alarm(_G_-ENTRY,load_code-22076)
288	0.478297	FalseGround	Unlabelled	SPOkGoodGood	Alarm(_G_-ENTRY,load_code-22079)
289	0.478297	FalseGround	Unlabelled	SPOkGoodGood	Alarm(_G_-ENTRY,load_code-22082)
290	0.478297	FalseGround	Unlabelled	SPOkGoodGood	Alarm(_G_-ENTRY,load_code-22085)
291	0.478297	FalseGround	Unlabelled	SPOkGoodGood	Alarm(_G_-ENTRY,load_code-22092)
292	0.478297	FalseGround	Unlabelled	SPOkGoodGood	Alarm(_G_-ENTRY,load_code-22119)
293	0.478297	FalseGround	Unlabelled	SPOkGoodGood	Alarm(_G_-ENTRY,load_code-22127)
294	0.478297	FalseGround	Unlabelled	SPOkGoodGood	Alarm(_G_-ENTRY,load_code-22137)
295	0.478297	FalseGround	Unlabelled	SPOkGoodGood	Alarm(_G_-ENTRY,more_arrays-21133)
296	0.478297	FalseGround	Unlabelled	SPOkGoodGood	Alarm(_G_-ENTRY,more_functions-21053)
297	0.478297	FalseGround	Unlabelled	SPOkGoodGood	Alarm(_G_-ENTRY,more_functions-21054)
298	0.478297	FalseGround	Unlabelled	SPOkGoodGood	Alarm(_G_-ENTRY,more_variables-21100)
299	0.478297	FalseGround	Unlabelled	SPOkGoodGood	Alarm(_G_-ENTRY,load_code-22003)
300	0.478297	FalseGround	Unlabelled	SPOkGoodGood	Alarm(_G_-ENTRY,load_code-22004)
301	0.478297	FalseGround	Unlabelled	SPOkGoodGood	Alarm(_G_-ENTRY,load_code-22005)
302	0.478297	FalseGround	Unlabelled	SPOkGoodGood	Alarm(_G_-ENTRY,load_code-22006)
303	0.478297	FalseGround	Unlabelled	SPOkGoodGood	Alarm(_G_-ENTRY,load_code-22007)
304	0.478297	FalseGround	Unlabelled	SPOkGoodGood	Alarm(_G_-ENTRY,load_code-22008)
305	0.478297	FalseGround	Unlabelled	SPOkGoodGood	Alarm(_G_-ENTRY,load_code-22009)
306	0.478297	FalseGround	Unlabelled	SPOkGoodGood	Alarm(_G_-ENTRY,load_code-22010)
307	0.478297	FalseGround	Unlabelled	SPOkGoodGood	Alarm(_G_-ENTRY,load_code-22011)
308	0.478297	FalseGround	Unlabelled	SPOkGoodGood	Alarm(_G_-ENTRY,load_code-22012)
309	0.478297	FalseGround	Unlabelled	SPOkGoodGood	Alarm(_G_-ENTRY,load_code-22013)
310	0.478297	FalseGround	Unlabelled	SPOkGoodGood	Alarm(_G_-ENTRY,load_code-22014)
311	0.478297	FalseGround	Unlabelled	SPOkGoodGood	Alarm(_G_-ENTRY,load_code-22015)
312	0.478297	FalseGround	Unlabelled	SPOkGoodGood	Alarm(_G_-ENTRY,load_code-22016)
313	0.478297	FalseGround	Unlabelled	SPOkGoodGood	Alarm(_G_-ENTRY,load_code-22017)
314	0.478297	FalseGround	Unlabelled	SPOkGoodGood	Alarm(_G_-ENTRY,load_code-22018)
315	0.478297	FalseGround	Unlabelled	SPOkGoodGood	Alarm(_G_-ENTRY,load_code-22019)
316	0.478297	FalseGround	Unlabelled	SPOkGoodGood	Alarm(_G_-ENTRY,load_code-22020)
317	0.478297	FalseGround	Unlabelled	SPOkGoodGood	Alarm(_G_-ENTRY,load_code-22021)
318	0.478297	FalseGround	Unlabelled	SPOkGoodGood	Alarm(_G_-ENTRY,load_code-22022)
319	0.478297	FalseGround	Unlabelled	SPOkGoodGood	Alarm(_G_-ENTRY,load_code-22023)
320	0.478297	FalseGround	Unlabelled	SPOkGoodGood	Alarm(_G_-ENTRY,load_code-22024)
321	0.478297	FalseGround	Unlabelled	SPOkGoodGood	Alarm(_G_-ENTRY,load_code-22025)
322	0.478297	FalseGround	Unlabelled	SPOkGoodGood	Alarm(_G_-ENTRY,load_code-22026)
323	0.478297	FalseGround	Unlabelled	SPOkGoodGood	Alarm(_G_-ENTRY,load_code-22027)
324	0.478297	FalseGround	Unlabelled	SPOkGoodGood	Alarm(_G_-ENTRY,load_code-22028)
325	0.478297	FalseGround	Unlabelled	SPOkGoodGood	Alarm(_G_-ENTRY,load_code-22029)
326	0.478297	FalseGround	Unlabelled	SPOkGoodGood	Alarm(_G_-ENTRY,load_code-22030)
327	0.478297	FalseGround	Unlabelled	SPOkGoodGood	Alarm(_G_-ENTRY,load_code-22031)
328	0.478297	FalseGround	Unlabelled	SPOkGoodGood	Alarm(_G_-ENTRY,load_code-22032)
329	0.478297	FalseGround	Unlabelled	SPOkGoodGood	Alarm(_G_-ENTRY,load_code-22033)
330	0.478297	FalseGround	Unlabelled	SPOkGoodGood	Alarm(_G_-ENTRY,load_code-22034)
331	0.478297	FalseGround	Unlabelled	SPOkGoodGood	Alarm(_G_-ENTRY,load_code-22035)
332	0.478297	FalseGround	Unlabelled	SPOkGoodGood	Alarm(_G_-ENTRY,load_code-22036)
333	0.478297	FalseGround	Unlabelled	SPOkGoodGood	Alarm(_G_-ENTRY,load_code-22037)
334	0.478297	FalseGround	Unlabelled	SPOkGoodGood	Alarm(_G_-ENTRY,load_code-22038)
335	0.478297	FalseGround	Unlabelled	SPOkGoodGood	Alarm(_G_-ENTRY,load_code-22039)
336	0.478297	FalseGround	Unlabelled	SPOkGoodGood	Alarm(_G_-ENTRY,load_code-22040)
337	0.478297	FalseGround	Unlabelled	SPOkGoodGood	Alarm(_G_-ENTRY,load_code-22041)
338	0.478297	FalseGround	Unlabelled	SPOkGoodGood	Alarm(_G_-ENTRY,load_code-22042)
339	0.478297	FalseGround	Unlabelled	SPOkGoodGood	Alarm(_G_-ENTRY,auto_var-21733)
340	0.478297	FalseGround	Unlabelled	SPOkGoodGood	Alarm(_G_-ENTRY,auto_var-21735)
341	0.478297	FalseGround	Unlabelled	SPOkGoodGood	Alarm(_G_-ENTRY,auto_var-21743)
342	0.478297	FalseGround	Unlabelled	SPOkGoodGood	Alarm(_G_-ENTRY,auto_var-21746)
343	0.478297	FalseGround	Unlabelled	SPOkGoodGood	Alarm(_G_-ENTRY,bc_init_numbers-18902)
344	0.478297	FalseGround	Unlabelled	SPOkGoodGood	Alarm(_G_-ENTRY,bc_init_numbers-18904)
345	0.478297	FalseGround	Unlabelled	SPOkGoodGood	Alarm(_G_-ENTRY,bc_sqrt-20010)
346	0.478297	FalseGround	Unlabelled	SPOkGoodGood	Alarm(_G_-ENTRY,clear_func-21157)
347	0.478297	FalseGround	Unlabelled	SPOkGoodGood	Alarm(_G_-ENTRY,get_array_num-21270)
348	0.478297	FalseGround	Unlabelled	SPOkGoodGood	Alarm(_G_-ENTRY,get_array_num-21277)
349	0.4767	FalseGround	Unlabelled	SPOkGoodGood	Alarm(_G_-ENTRY,rt_warn-20999)
350	0.476408	FalseGround	Unlabelled	SPOkGoodGood	Alarm(_G_-ENTRY,_bc_do_add-19084)
351	0.475734	FalseGround	Unlabelled	SPOkGoodGood	Alarm(_G_-ENTRY,yyparse-23972)
352	0.475734	FalseGround	Unlabelled	SPOkGoodGood	Alarm(_G_-ENTRY,yyparse-23973)
353	0.475734	FalseGround	Unlabelled	SPOkGoodGood	Alarm(_G_-ENTRY,yyparse-23974)
354	0.475734	FalseGround	Unlabelled	SPOkGoodGood	Alarm(_G_-ENTRY,yyparse-23975)
355	0.475734	FalseGround	Unlabelled	SPOkGoodGood	Alarm(_G_-ENTRY,yyparse-23980)
356	0.475734	FalseGround	Unlabelled	SPOkGoodGood	Alarm(_G_-ENTRY,yyparse-23981)
357	0.475734	FalseGround	Unlabelled	SPOkGoodGood	Alarm(_G_-ENTRY,yyparse-23982)
358	0.475734	FalseGround	Unlabelled	SPOkGoodGood	Alarm(_G_-ENTRY,yyparse-23983)
359	0.475734	FalseGround	Unlabelled	SPOkGoodGood	Alarm(_G_-ENTRY,yyparse-23984)
360	0.475734	FalseGround	Unlabelled	SPOkGoodGood	Alarm(_G_-ENTRY,yyparse-23985)
361	0.475734	FalseGround	Unlabelled	SPOkGoodGood	Alarm(_G_-ENTRY,yyparse-23986)
362	0.475734	FalseGround	Unlabelled	SPOkGoodGood	Alarm(_G_-ENTRY,yyparse-23987)
363	0.475734	FalseGround	Unlabelled	SPOkGoodGood	Alarm(_G_-ENTRY,yyparse-23988)
364	0.475734	FalseGround	Unlabelled	SPOkGoodGood	Alarm(_G_-ENTRY,yyparse-23989)
365	0.475734	FalseGround	Unlabelled	SPOkGoodGood	Alarm(_G_-ENTRY,yyparse-23990)
366	0.475734	FalseGround	Unlabelled	SPOkGoodGood	Alarm(_G_-ENTRY,yyparse-23991)
367	0.475734	FalseGround	Unlabelled	SPOkGoodGood	Alarm(_G_-ENTRY,yyparse-23992)
368	0.475734	FalseGround	Unlabelled	SPOkGoodGood	Alarm(_G_-ENTRY,yyparse-23993)
369	0.475734	FalseGround	Unlabelled	SPOkGoodGood	Alarm(_G_-ENTRY,yyparse-23994)
370	0.475734	FalseGround	Unlabelled	SPOkGoodGood	Alarm(_G_-ENTRY,yyparse-23995)
371	0.475734	FalseGround	Unlabelled	SPOkGoodGood	Alarm(_G_-ENTRY,yyparse-23996)
372	0.475734	FalseGround	Unlabelled	SPOkGoodGood	Alarm(_G_-ENTRY,yyparse-23997)
373	0.475734	FalseGround	Unlabelled	SPOkGoodGood	Alarm(_G_-ENTRY,yyparse-24000)
374	0.475734	FalseGround	Unlabelled	SPOkGoodGood	Alarm(_G_-ENTRY,yyparse-24001)
375	0.475734	FalseGround	Unlabelled	SPOkGoodGood	Alarm(_G_-ENTRY,yyparse-24002)
376	0.475734	FalseGround	Unlabelled	SPOkGoodGood	Alarm(_G_-ENTRY,yyparse-24003)
377	0.475734	FalseGround	Unlabelled	SPOkGoodGood	Alarm(_G_-ENTRY,yyparse-24006)
378	0.475734	FalseGround	Unlabelled	SPOkGoodGood	Alarm(_G_-ENTRY,yyparse-24007)
379	0.475734	FalseGround	Unlabelled	SPOkGoodGood	Alarm(_G_-ENTRY,yyparse-24020)
380	0.475734	FalseGround	Unlabelled	SPOkGoodGood	Alarm(_G_-ENTRY,yyparse-24021)
381	0.475734	FalseGround	Unlabelled	SPOkGoodGood	Alarm(_G_-ENTRY,yyparse-24030)
382	0.475734	FalseGround	Unlabelled	SPOkGoodGood	Alarm(_G_-ENTRY,yyparse-24031)
383	0.475734	FalseGround	Unlabelled	SPOkGoodGood	Alarm(_G_-ENTRY,yyparse-24032)
384	0.475734	FalseGround	Unlabelled	SPOkGoodGood	Alarm(_G_-ENTRY,yyparse-24033)
385	0.475734	FalseGround	Unlabelled	SPOkGoodGood	Alarm(_G_-ENTRY,yyparse-24038)
386	0.475734	FalseGround	Unlabelled	SPOkGoodGood	Alarm(_G_-ENTRY,yyparse-24039)
387	0.475734	FalseGround	Unlabelled	SPOkGoodGood	Alarm(_G_-ENTRY,yyparse-24044)
388	0.475734	FalseGround	Unlabelled	SPOkGoodGood	Alarm(_G_-ENTRY,yyparse-24045)
389	0.447441	FalseGround	Unlabelled	SPOkGoodGood	Alarm(_G_-ENTRY,yyparse-23998)
390	0.447441	FalseGround	Unlabelled	SPOkGoodGood	Alarm(_G_-ENTRY,yyparse-23999)
391	0.447441	FalseGround	Unlabelled	SPOkGoodGood	Alarm(_G_-ENTRY,yyparse-24004)
392	0.447441	FalseGround	Unlabelled	SPOkGoodGood	Alarm(_G_-ENTRY,yyparse-24005)
393	0.447441	FalseGround	Unlabelled	SPOkGoodGood	Alarm(_G_-ENTRY,yyparse-24008)
394	0.447441	FalseGround	Unlabelled	SPOkGoodGood	Alarm(_G_-ENTRY,yyparse-24009)
395	0.447441	FalseGround	Unlabelled	SPOkGoodGood	Alarm(_G_-ENTRY,yyparse-24010)
396	0.447441	FalseGround	Unlabelled	SPOkGoodGood	Alarm(_G_-ENTRY,yyparse-24011)
397	0.447441	FalseGround	Unlabelled	SPOkGoodGood	Alarm(_G_-ENTRY,yyparse-24012)
398	0.447441	FalseGround	Unlabelled	SPOkGoodGood	Alarm(_G_-ENTRY,yyparse-24013)
399	0.447441	FalseGround	Unlabelled	SPOkGoodGood	Alarm(_G_-ENTRY,yyparse-24014)
400	0.447441	FalseGround	Unlabelled	SPOkGoodGood	Alarm(_G_-ENTRY,yyparse-24015)
401	0.447441	FalseGround	Unlabelled	SPOkGoodGood	Alarm(_G_-ENTRY,yyparse-24016)
402	0.447441	FalseGround	Unlabelled	SPOkGoodGood	Alarm(_G_-ENTRY,yyparse-24017)
403	0.447441	FalseGround	Unlabelled	SPOkGoodGood	Alarm(_G_-ENTRY,yyparse-24018)
404	0.447441	FalseGround	Unlabelled	SPOkGoodGood	Alarm(_G_-ENTRY,yyparse-24019)
405	0.447441	FalseGround	Unlabelled	SPOkGoodGood	Alarm(_G_-ENTRY,yyparse-24024)
406	0.447441	FalseGround	Unlabelled	SPOkGoodGood	Alarm(_G_-ENTRY,yyparse-24025)
407	0.447441	FalseGround	Unlabelled	SPOkGoodGood	Alarm(_G_-ENTRY,yyparse-24028)
408	0.447441	FalseGround	Unlabelled	SPOkGoodGood	Alarm(_G_-ENTRY,yyparse-24029)
409	0.447441	FalseGround	Unlabelled	SPOkGoodGood	Alarm(_G_-ENTRY,yyparse-24034)
410	0.447441	FalseGround	Unlabelled	SPOkGoodGood	Alarm(_G_-ENTRY,yyparse-24035)
411	0.447441	FalseGround	Unlabelled	SPOkGoodGood	Alarm(_G_-ENTRY,yyparse-24036)
412	0.447441	FalseGround	Unlabelled	SPOkGoodGood	Alarm(_G_-ENTRY,yyparse-24037)
413	0.447441	FalseGround	Unlabelled	SPOkGoodGood	Alarm(_G_-ENTRY,yyparse-24040)
414	0.447441	FalseGround	Unlabelled	SPOkGoodGood	Alarm(_G_-ENTRY,yyparse-24041)
415	0.447441	FalseGround	Unlabelled	SPOkGoodGood	Alarm(_G_-ENTRY,yyparse-24042)
416	0.447441	FalseGround	Unlabelled	SPOkGoodGood	Alarm(_G_-ENTRY,yyparse-24043)
417	0.433143	FalseGround	Unlabelled	SPOkGoodGood	Alarm(_G_-ENTRY,yyparse-24392)
418	0.430467	FalseGround	Unlabelled	SPOkGoodGood	Alarm(_G_-ENTRY,bc_out_num-20136)
419	0.430467	FalseGround	Unlabelled	SPOkGoodGood	Alarm(_G_-ENTRY,bc_out_num-20145)
420	0.430467	FalseGround	Unlabelled	SPOkGoodGood	Alarm(_G_-ENTRY,process_params-21888)
421	0.430467	FalseGround	Unlabelled	SPOkGoodGood	Alarm(_G_-ENTRY,process_params-21891)
422	0.430467	FalseGround	Unlabelled	SPOkGoodGood	Alarm(_G_-ENTRY,get_var-21237)
423	0.430467	FalseGround	Unlabelled	SPOkGoodGood	Alarm(_G_-ENTRY,load_var-21524)
424	0.430467	FalseGround	Unlabelled	SPOkGoodGood	Alarm(_G_-ENTRY,process_params-21854)
425	0.430467	FalseGround	Unlabelled	SPOkGoodGood	Alarm(_G_-ENTRY,bc_is_near_zero-19014)
426	0.430467	FalseGround	Unlabelled	SPOkGoodGood	Alarm(_G_-ENTRY,bc_is_near_zero-19015)
427	0.430467	FalseGround	Unlabelled	SPOkGoodGood	Alarm(_G_-ENTRY,bc_raise-19899)
428	0.430467	FalseGround	Unlabelled	SPOkGoodGood	Alarm(_G_-ENTRY,bc_raise-19900)
429	0.38742	FalseGround	Unlabelled	SPOkGoodGood	Alarm(_G_-ENTRY,long_val-21971)
430	0.38742	FalseGround	Unlabelled	SPOkGoodGood	Alarm(_G_-ENTRY,long_val-21972)
431	0.38742	FalseGround	Unlabelled	SPOkGoodGood	Alarm(_G_-ENTRY,clear_func-21152)
432	0.38742	FalseGround	Unlabelled	SPOkGoodGood	Alarm(_G_-ENTRY,clear_func-21154)
433	0.38742	FalseGround	Unlabelled	SPOkGoodGood	Alarm(_G_-ENTRY,execute-22658)
434	0.38742	FalseGround	Unlabelled	SPOkGoodGood	Alarm(_G_-ENTRY,execute-22356)
435	0.38742	FalseGround	Unlabelled	SPOkGoodGood	Alarm(_G_-ENTRY,execute-22357)
436	0.38742	FalseGround	Unlabelled	SPOkGoodGood	Alarm(_G_-ENTRY,bc_is_near_zero-19020)
437	0.38742	FalseGround	Unlabelled	SPOkGoodGood	Alarm(_G_-ENTRY,bc_is_near_zero-19021)
438	0.384621	FalseGround	Unlabelled	SPOkGoodGood	Alarm(_G_-ENTRY,bc_out_long-20081)
439	0.37434	FalseGround	Unlabelled	SPOkGoodGood	Alarm(_G_-ENTRY,_bc_do_sub-19179)
440	0.353033	FalseGround	Unlabelled	SPOkGoodGood	Alarm(_G_-ENTRY,main-25015)
441	0.348678	FalseGround	Unlabelled	SPOkGoodGood	Alarm(_G_-ENTRY,push_b10_const-23046)
442	0.313811	FalseGround	Unlabelled	SPOkGoodGood	Alarm(_G_-ENTRY,decr_array-21631)
443	0.313811	FalseGround	Unlabelled	SPOkGoodGood	Alarm(_G_-ENTRY,decr_array-21634)
444	0.313811	FalseGround	Unlabelled	SPOkGoodGood	Alarm(_G_-ENTRY,decr_array-21637)
445	0.313811	FalseGround	Unlabelled	SPOkGoodGood	Alarm(_G_-ENTRY,incr_array-21706)
446	0.313811	FalseGround	Unlabelled	SPOkGoodGood	Alarm(_G_-ENTRY,incr_array-21709)
447	0.313811	FalseGround	Unlabelled	SPOkGoodGood	Alarm(_G_-ENTRY,incr_array-21712)
448	0.313811	FalseGround	Unlabelled	SPOkGoodGood	Alarm(_G_-ENTRY,load_array-21556)
449	0.313811	FalseGround	Unlabelled	SPOkGoodGood	Alarm(_G_-ENTRY,load_array-21559)
450	0.313811	FalseGround	Unlabelled	SPOkGoodGood	Alarm(_G_-ENTRY,load_array-21562)
451	0.313811	FalseGround	Unlabelled	SPOkGoodGood	Alarm(_G_-ENTRY,store_array-21489)
452	0.313811	FalseGround	Unlabelled	SPOkGoodGood	Alarm(_G_-ENTRY,store_array-21492)
453	0.313811	FalseGround	Unlabelled	SPOkGoodGood	Alarm(_G_-ENTRY,store_array-21495)
454	0.312129	FalseGround	Unlabelled	SPOkGoodGood	Alarm(_G_-ENTRY,yyparse-24403)
455	0.293341	FalseGround	Unlabelled	SPOkGoodGood	Alarm(_G_-ENTRY,bc_out_num-20182)
456	0.236614	FalseGround	Unlabelled	SPOkGoodGood	Alarm(_G_-ENTRY,bc_out_num-20171)
457	0.205891	FalseGround	Unlabelled	SPOkGoodGood	Alarm(_G_-ENTRY,load_code-22063)
458	0.205891	FalseGround	Unlabelled	SPOkGoodGood	Alarm(_G_-ENTRY,load_code-22064)
459	0.205891	FalseGround	Unlabelled	SPOkGoodGood	Alarm(_G_-ENTRY,load_code-22065)
460	0.205891	FalseGround	Unlabelled	SPOkGoodGood	Alarm(_G_-ENTRY,load_code-22066)
461	0.193347	FalseGround	Unlabelled	SPOkGoodGood	Alarm(_G_-ENTRY,yy_get_previous_state-23512)
462	0.185302	FalseGround	Unlabelled	SPOkGoodGood	Alarm(_G_-ENTRY,load_code-22045)
463	0.185302	FalseGround	Unlabelled	SPOkGoodGood	Alarm(_G_-ENTRY,load_code-22046)
464	0.185302	FalseGround	Unlabelled	SPOkGoodGood	Alarm(_G_-ENTRY,_bc_do_add-19073)
465	0.185302	FalseGround	Unlabelled	SPOkGoodGood	Alarm(_G_-ENTRY,_bc_do_sub-19168)
466	0.159551	FalseGround	Unlabelled	SPOkGoodGood	Alarm(_G_-ENTRY,_bc_do_compare-18965)
467	0.159551	FalseGround	Unlabelled	SPOkGoodGood	Alarm(_G_-ENTRY,_bc_do_compare-18966)
468	0.159551	FalseGround	Unlabelled	SPOkGoodGood	Alarm(_G_-ENTRY,_bc_do_compare-18973)
469	0.159551	FalseGround	Unlabelled	SPOkGoodGood	Alarm(_G_-ENTRY,_bc_do_compare-18974)
470	0.156611	FalseGround	Unlabelled	SPOkGoodGood	Alarm(_G_-ENTRY,yy_get_previous_state-23502)
471	0.156611	FalseGround	Unlabelled	SPOkGoodGood	Alarm(_G_-ENTRY,yy_get_previous_state-23503)
472	0.135085	FalseGround	Unlabelled	SPOkGoodGood	Alarm(_G_-ENTRY,main-25017)
473	0.135085	FalseGround	Unlabelled	SPOkGoodGood	Alarm(_G_-ENTRY,yy_get_next_buffer-23480)
474	0.135085	FalseGround	Unlabelled	SPOkGoodGood	Alarm(_G_-ENTRY,yy_get_next_buffer-23481)
475	0.134361	FalseGround	Unlabelled	SPOkGoodGood	Alarm(_G_-ENTRY,yylex-18861)
476	0.134361	FalseGround	Unlabelled	SPOkGoodGood	Alarm(_G_-ENTRY,yylex-18870)
477	0.134361	FalseGround	Unlabelled	SPOkGoodGood	Alarm(_G_-ENTRY,yylex-23265)
478	0.134361	FalseGround	Unlabelled	SPOkGoodGood	Alarm(_G_-ENTRY,yylex-23290)
479	0.134361	FalseGround	Unlabelled	SPOkGoodGood	Alarm(_G_-ENTRY,yylex-23291)
480	0.134361	FalseGround	Unlabelled	SPOkGoodGood	Alarm(_G_-ENTRY,yylex-23292)
481	0.134361	FalseGround	Unlabelled	SPOkGoodGood	Alarm(_G_-ENTRY,yylex-23303)
482	0.134361	FalseGround	Unlabelled	SPOkGoodGood	Alarm(_G_-ENTRY,yylex-23374)
483	0.134361	FalseGround	Unlabelled	SPOkGoodGood	Alarm(_G_-ENTRY,yylex-23377)
484	0.109419	FalseGround	Unlabelled	SPOkGoodGood	Alarm(_G_-ENTRY,main-24976)
485	0.109419	FalseGround	Unlabelled	SPOkGoodGood	Alarm(_G_-ENTRY,main-24977)
486	0.109419	FalseGround	Unlabelled	SPOkGoodGood	Alarm(_G_-ENTRY,main-24978)
487	0.109419	FalseGround	Unlabelled	SPOkGoodGood	Alarm(_G_-ENTRY,main-24979)
488	0.109419	FalseGround	Unlabelled	SPOkGoodGood	Alarm(_G_-ENTRY,main-24980)
489	0.109419	FalseGround	Unlabelled	SPOkGoodGood	Alarm(_G_-ENTRY,main-24981)
490	0.109419	FalseGround	Unlabelled	SPOkGoodGood	Alarm(_G_-ENTRY,main-24982)
491	0.109419	FalseGround	Unlabelled	SPOkGoodGood	Alarm(_G_-ENTRY,main-24983)
492	0.109419	FalseGround	Unlabelled	SPOkGoodGood	Alarm(_G_-ENTRY,main-24984)
493	0.109419	FalseGround	Unlabelled	SPOkGoodGood	Alarm(_G_-ENTRY,main-24985)
494	0.0898071	FalseGround	Unlabelled	SPOkGoodGood	Alarm(_G_-ENTRY,yylex-23262)
495	0.0898071	FalseGround	Unlabelled	SPOkGoodGood	Alarm(_G_-ENTRY,yylex-23278)
496	0.0898071	FalseGround	Unlabelled	SPOkGoodGood	Alarm(_G_-ENTRY,yylex-23279)
497	0.0870772	FalseGround	Unlabelled	SPOkGoodGood	Alarm(_G_-ENTRY,input-23554)
498	0.0835925	FalseGround	Unlabelled	SPOkGoodGood	Alarm(_G_-ENTRY,input-23553)
499	0.0677099	FalseGround	Unlabelled	SPOkGoodGood	Alarm(_G_-ENTRY,input-23539)
500	0.0677099	FalseGround	Unlabelled	SPOkGoodGood	Alarm(_G_-ENTRY,input-23540)
501	0.0471013	FalseGround	Unlabelled	SPOkGoodGood	Alarm(_G_-ENTRY,yyparse-24394)
502	0.0471013	FalseGround	Unlabelled	SPOkGoodGood	Alarm(_G_-ENTRY,yyparse-24395)
503	0.0471013	FalseGround	Unlabelled	SPOkGoodGood	Alarm(_G_-ENTRY,yyparse-24396)
504	0.0435802	FalseGround	Unlabelled	SPOkGoodGood	Alarm(_G_-ENTRY,yylex-23299)
505	0.0435802	FalseGround	Unlabelled	SPOkGoodGood	Alarm(_G_-ENTRY,yylex-23300)
506	0.0133028	FalseGround	Unlabelled	SPOkGoodGood	Alarm(_G_-ENTRY,input-23563)
507	0.00304325	FalseGround	Unlabelled	SPOkGoodGood	Alarm(_G_-ENTRY,input-23564)
508	0.00304325	FalseGround	Unlabelled	SPOkGoodGood	Alarm(_G_-ENTRY,yylex-23281)
509	0.00304325	FalseGround	Unlabelled	SPOkGoodGood	Alarm(_G_-ENTRY,yylex-23294)
510	0.00304325	FalseGround	Unlabelled	SPOkGoodGood	Alarm(_G_-ENTRY,yylex-23321)
511	0.00304325	FalseGround	Unlabelled	SPOkGoodGood	Alarm(_G_-ENTRY,yylex-23341)
512	0.00302695	FalseGround	Unlabelled	SPOkGoodGood	Alarm(_G_-ENTRY,yy_get_next_buffer-23448)
513	0.00246503	FalseGround	Unlabelled	SPOkGoodGood	Alarm(_G_-ENTRY,yylex-23217)
514	0.00246503	FalseGround	Unlabelled	SPOkGoodGood	Alarm(_G_-ENTRY,yylex-23218)
515	0.00246503	FalseGround	Unlabelled	SPOkGoodGood	Alarm(_G_-ENTRY,yylex-23219)
516	0.00246503	FalseGround	Unlabelled	SPOkGoodGood	Alarm(_G_-ENTRY,yylex-23220)
517	0.00246503	FalseGround	Unlabelled	SPOkGoodGood	Alarm(_G_-ENTRY,yylex-23221)
518	0.00246503	FalseGround	Unlabelled	SPOkGoodGood	Alarm(_G_-ENTRY,yylex-23222)
519	0.00246503	FalseGround	Unlabelled	SPOkGoodGood	Alarm(_G_-ENTRY,yylex-23225)
520	0.00246503	FalseGround	Unlabelled	SPOkGoodGood	Alarm(_G_-ENTRY,yylex-23226)
521	0.00246503	FalseGround	Unlabelled	SPOkGoodGood	Alarm(_G_-ENTRY,yylex-23235)
522	0.00246503	FalseGround	Unlabelled	SPOkGoodGood	Alarm(_G_-ENTRY,yylex-23236)
523	0.00246503	FalseGround	Unlabelled	SPOkGoodGood	Alarm(_G_-ENTRY,yylex-23237)
524	0.00246503	FalseGround	Unlabelled	SPOkGoodGood	Alarm(_G_-ENTRY,yylex-23238)
525	0.00199656	FalseGround	Unlabelled	SPOkGoodGood	Alarm(_G_-ENTRY,input-23566)
526	0.000563921	FalseGround	Unlabelled	SPOkGoodGood	Alarm(_G_-ENTRY,yylex-23333)
527	0.000563921	FalseGround	Unlabelled	SPOkGoodGood	Alarm(_G_-ENTRY,yylex-23334)
528	0.000456776	FalseGround	Unlabelled	SPOkGoodGood	Alarm(_G_-ENTRY,yylex-23227)
529	0.000456776	FalseGround	Unlabelled	SPOkGoodGood	Alarm(_G_-ENTRY,yylex-23228)
530	0.000456776	FalseGround	Unlabelled	SPOkGoodGood	Alarm(_G_-ENTRY,yylex-23229)
531	0.000456776	FalseGround	Unlabelled	SPOkGoodGood	Alarm(_G_-ENTRY,yylex-23230)
532	0.000456776	FalseGround	Unlabelled	SPOkGoodGood	Alarm(_G_-ENTRY,yylex-23231)
533	0.000456776	FalseGround	Unlabelled	SPOkGoodGood	Alarm(_G_-ENTRY,yylex-23232)
534	0.000456776	FalseGround	Unlabelled	SPOkGoodGood	Alarm(_G_-ENTRY,yylex-23233)
535	0.000456776	FalseGround	Unlabelled	SPOkGoodGood	Alarm(_G_-ENTRY,yylex-23234)
