Redirecting stdout to file: /home/tcli/NESA/benchmarks/pjbench/java_grande/moldyn/./chord_output_mln-pts-oracle/log.txt
Redirecting stderr to file: /home/tcli/NESA/benchmarks/pjbench/java_grande/moldyn/./chord_output_mln-pts-oracle/log.txt
Redirecting stdout to file: /home/tcli/NESA/benchmarks/pjbench/java_grande/moldyn/./chord_output_mln-pts-problem/log.txt
Redirecting stderr to file: /home/tcli/NESA/benchmarks/pjbench/java_grande/moldyn/./chord_output_mln-pts-problem/log.txt
Redirecting stdout to file: /home/tcli/NESA/benchmarks/pjbench/java_grande/montecarlo/./chord_output_mln-pts-oracle/log.txt
Redirecting stderr to file: /home/tcli/NESA/benchmarks/pjbench/java_grande/montecarlo/./chord_output_mln-pts-oracle/log.txt
Redirecting stdout to file: /home/tcli/NESA/benchmarks/pjbench/java_grande/montecarlo/./chord_output_mln-pts-problem/log.txt
Redirecting stderr to file: /home/tcli/NESA/benchmarks/pjbench/java_grande/montecarlo/./chord_output_mln-pts-problem/log.txt
Redirecting stdout to file: /home/tcli/NESA/benchmarks/pjbench/java_grande/moldyn/./chord_output_mln-pts-oracle/log.txt
Redirecting stderr to file: /home/tcli/NESA/benchmarks/pjbench/java_grande/moldyn/./chord_output_mln-pts-oracle/log.txt
Redirecting stdout to file: /home/tcli/NESA/benchmarks/pjbench/java_grande/moldyn/./chord_output_mln-pts-problem/log.txt
Redirecting stderr to file: /home/tcli/NESA/benchmarks/pjbench/java_grande/moldyn/./chord_output_mln-pts-problem/log.txt
Redirecting stdout to file: /home/tcli/NESA/benchmarks/pjbench/java_grande/montecarlo/./chord_output_mln-pts-oracle/log.txt
Redirecting stderr to file: /home/tcli/NESA/benchmarks/pjbench/java_grande/montecarlo/./chord_output_mln-pts-oracle/log.txt
Redirecting stdout to file: /home/tcli/NESA/benchmarks/pjbench/java_grande/montecarlo/./chord_output_mln-pts-problem/log.txt
Redirecting stderr to file: /home/tcli/NESA/benchmarks/pjbench/java_grande/montecarlo/./chord_output_mln-pts-problem/log.txt
Redirecting stdout to file: /home/tcli/NESA/benchmarks/pjbench/java_grande/montecarlo/./chord_output_mln-pts-oracle/log.txt
Redirecting stderr to file: /home/tcli/NESA/benchmarks/pjbench/java_grande/montecarlo/./chord_output_mln-pts-oracle/log.txt
Redirecting stdout to file: /home/tcli/NESA/benchmarks/pjbench/java_grande/montecarlo/./chord_output_mln-pts-problem/log.txt
Redirecting stderr to file: /home/tcli/NESA/benchmarks/pjbench/java_grande/montecarlo/./chord_output_mln-pts-problem/log.txt
