Rank	Confidence	Ground	Label	Comments	Tuple
1	0.8538	FalseGround	Unlabelled	SPOkGoodGood	Alarm(_G_-ENTRY,scan_tree-14536)
2	0.657917	FalseGround	Unlabelled	SPOkGoodGood	Alarm(_G_-ENTRY,inflate_dynamic-14072)
3	0.621154	FalseGround	Unlabelled	SPOkGoodGood	Alarm(_G_-ENTRY,send_bits-11413)
4	0.567635	FalseGround	Unlabelled	SPOkGoodGood	Alarm(_G_-ENTRY,flush_block-14662)
5	0.563773	FalseGround	Unlabelled	SPOkGoodGood	Alarm(_G_-ENTRY,send_bits-11409)
6	0.563617	FalseGround	Unlabelled	SPOkGoodGood	Alarm(_G_-ENTRY,huft_free-13636)
7	0.563397	FalseGround	Unlabelled	SPOkGoodGood	Alarm(_G_-ENTRY,get_method-12851)
8	0.563397	FalseGround	Unlabelled	SPOkGoodGood	Alarm(_G_-ENTRY,get_method-12863)
9	0.563397	FalseGround	Unlabelled	SPOkGoodGood	Alarm(_G_-ENTRY,get_method-12884)
10	0.563397	FalseGround	Unlabelled	SPOkGoodGood	Alarm(_G_-ENTRY,get_method-12896)
11	0.563397	FalseGround	Unlabelled	SPOkGoodGood	Alarm(_G_-ENTRY,get_method-12902)
12	0.563397	FalseGround	Unlabelled	SPOkGoodGood	Alarm(_G_-ENTRY,get_method-12908)
13	0.563397	FalseGround	Unlabelled	SPOkGoodGood	Alarm(_G_-ENTRY,get_method-12914)
14	0.563397	FalseGround	Unlabelled	SPOkGoodGood	Alarm(_G_-ENTRY,get_method-12927)
15	0.563397	FalseGround	Unlabelled	SPOkGoodGood	Alarm(_G_-ENTRY,get_method-12933)
16	0.563397	FalseGround	Unlabelled	SPOkGoodGood	Alarm(_G_-ENTRY,get_method-12946)
17	0.562399	FalseGround	Unlabelled	SPOkGoodGood	Alarm(_G_-ENTRY,unlzw-15239)
18	0.552343	FalseGround	Unlabelled	SPOkGoodGood	Alarm(_G_-ENTRY,scan_tree-14539)
19	0.547282	FalseGround	Unlabelled	SPOkGoodGood	Alarm(_G_-ENTRY,unlzw-15287)
20	0.51361	FalseGround	Unlabelled	SPOkGoodGood	Alarm(_G_-ENTRY,unpack-15428)
21	0.51361	FalseGround	Unlabelled	SPOkGoodGood	Alarm(_G_-ENTRY,unpack-15437)
22	0.51361	FalseGround	Unlabelled	SPOkGoodGood	Alarm(_G_-ENTRY,unpack-15445)
23	0.506814	FalseGround	Unlabelled	SPOkGoodGood	Alarm(_G_-ENTRY,get_method-12845)
24	0.506814	FalseGround	Unlabelled	SPOkGoodGood	Alarm(_G_-ENTRY,get_method-12857)
25	0.506814	FalseGround	Unlabelled	SPOkGoodGood	Alarm(_G_-ENTRY,get_method-12875)
26	0.506814	FalseGround	Unlabelled	SPOkGoodGood	Alarm(_G_-ENTRY,get_method-12940)
27	0.506814	FalseGround	Unlabelled	SPOkGoodGood	Alarm(_G_-ENTRY,get_method-12958)
28	0.506814	FalseGround	Unlabelled	SPOkGoodGood	Alarm(_G_-ENTRY,get_method-12966)
29	0.506814	FalseGround	Unlabelled	SPOkGoodGood	Alarm(_G_-ENTRY,get_method-12976)
30	0.499758	FalseGround	Unlabelled	SPOkGoodGood	Alarm(_G_-ENTRY,build_tree-14461)
31	0.499758	FalseGround	Unlabelled	SPOkGoodGood	Alarm(_G_-ENTRY,build_tree-14463)
32	0.499758	FalseGround	Unlabelled	SPOkGoodGood	Alarm(_G_-ENTRY,compress_block-14770)
33	0.499758	FalseGround	Unlabelled	SPOkGoodGood	Alarm(_G_-ENTRY,compress_block-14772)
34	0.499758	FalseGround	Unlabelled	SPOkGoodGood	Alarm(_G_-ENTRY,scan_tree-14541)
35	0.499758	FalseGround	Unlabelled	SPOkGoodGood	Alarm(_G_-ENTRY,scan_tree-14542)
36	0.498857	FalseGround	Unlabelled	SPOkGoodGood	Alarm(_G_-ENTRY,unzip-15577)
37	0.490952	FalseGround	Unlabelled	SPOkGoodGood	Alarm(_G_-ENTRY,updcrc-15684)
38	0.490123	FalseGround	Unlabelled	SPOkGoodGood	Alarm(_G_-ENTRY,deflate_fast-11739)
39	0.477155	FalseGround	Unlabelled	SPOkGoodGood	Alarm(_G_-ENTRY,inflate_dynamic-14053)
40	0.474466	FalseGround	Unlabelled	SPOkGoodGood	Alarm(_G_-ENTRY,ct_tally-14720)
41	0.474466	FalseGround	Unlabelled	SPOkGoodGood	Alarm(_G_-ENTRY,ct_tally-14721)
42	0.474466	FalseGround	Unlabelled	SPOkGoodGood	Alarm(_G_-ENTRY,ct_tally-14723)
43	0.474466	FalseGround	Unlabelled	SPOkGoodGood	Alarm(_G_-ENTRY,ct_tally-14724)
44	0.474466	FalseGround	Unlabelled	SPOkGoodGood	Alarm(_G_-ENTRY,ct_tally-14725)
45	0.474466	FalseGround	Unlabelled	SPOkGoodGood	Alarm(_G_-ENTRY,ct_tally-14726)
46	0.474466	FalseGround	Unlabelled	SPOkGoodGood	Alarm(_G_-ENTRY,ct_tally-14729)
47	0.474466	FalseGround	Unlabelled	SPOkGoodGood	Alarm(_G_-ENTRY,ct_tally-14734)
48	0.463421	FalseGround	Unlabelled	SPOkGoodGood	Alarm(_G_-ENTRY,compress_block-14782)
49	0.463421	FalseGround	Unlabelled	SPOkGoodGood	Alarm(_G_-ENTRY,compress_block-14783)
50	0.453169	FalseGround	Unlabelled	SPOkGoodGood	Alarm(_G_-ENTRY,unzip-15571)
51	0.441042	FalseGround	Unlabelled	SPOkGoodGood	Alarm(_G_-ENTRY,unpack-15411)
52	0.441042	FalseGround	Unlabelled	SPOkGoodGood	Alarm(_G_-ENTRY,unpack-15412)
53	0.390831	FalseGround	Unlabelled	SPOkGoodGood	Alarm(_G_-ENTRY,unlzw-15212)
54	0.390831	FalseGround	Unlabelled	SPOkGoodGood	Alarm(_G_-ENTRY,unzip-15585)
55	0.390831	FalseGround	Unlabelled	SPOkGoodGood	Alarm(_G_-ENTRY,unzip-15595)
56	0.390831	FalseGround	Unlabelled	SPOkGoodGood	Alarm(_G_-ENTRY,zip-16181)
57	0.384611	FalseGround	Unlabelled	SPOkGoodGood	Alarm(_G_-ENTRY,ct_init-14252)
58	0.384611	FalseGround	Unlabelled	SPOkGoodGood	Alarm(_G_-ENTRY,ct_init-14262)
59	0.38065	FalseGround	Unlabelled	SPOkGoodGood	Alarm(_G_-ENTRY,zip-16087)
60	0.38065	FalseGround	Unlabelled	SPOkGoodGood	Alarm(_G_-ENTRY,zip-16088)
61	0.373623	FalseGround	Unlabelled	SPOkGoodGood	Alarm(_G_-ENTRY,ct_init-14255)
62	0.373623	FalseGround	Unlabelled	SPOkGoodGood	Alarm(_G_-ENTRY,deflate_fast-11727)
63	0.373623	FalseGround	Unlabelled	SPOkGoodGood	Alarm(_G_-ENTRY,deflate_fast-11728)
64	0.373623	FalseGround	Unlabelled	SPOkGoodGood	Alarm(_G_-ENTRY,deflate_fast-11729)
65	0.373623	FalseGround	Unlabelled	SPOkGoodGood	Alarm(_G_-ENTRY,deflate_fast-11730)
66	0.373623	FalseGround	Unlabelled	SPOkGoodGood	Alarm(_G_-ENTRY,deflate_fast-11748)
67	0.373623	FalseGround	Unlabelled	SPOkGoodGood	Alarm(_G_-ENTRY,read_tree-15376)
68	0.373623	FalseGround	Unlabelled	SPOkGoodGood	Alarm(_G_-ENTRY,send_tree-14590)
69	0.373623	FalseGround	Unlabelled	SPOkGoodGood	Alarm(_G_-ENTRY,unpack-15453)
70	0.367659	FalseGround	Unlabelled	SPOkGoodGood	Alarm(_G_-ENTRY,deflate_fast-11740)
71	0.36623	FalseGround	Unlabelled	SPOkGoodGood	Alarm(_G_-ENTRY,shorten_name-13202)
72	0.353033	FalseGround	Unlabelled	SPOkGoodGood	Alarm(_G_-ENTRY,deflate-11835)
73	0.353033	FalseGround	Unlabelled	SPOkGoodGood	Alarm(_G_-ENTRY,gen_codes-14429)
74	0.353033	FalseGround	Unlabelled	SPOkGoodGood	Alarm(_G_-ENTRY,gen_codes-14430)
75	0.353033	FalseGround	Unlabelled	SPOkGoodGood	Alarm(_G_-ENTRY,huft_build-13554)
76	0.353033	FalseGround	Unlabelled	SPOkGoodGood	Alarm(_G_-ENTRY,huft_build-13555)
77	0.353033	FalseGround	Unlabelled	SPOkGoodGood	Alarm(_G_-ENTRY,huft_build-13556)
78	0.353033	FalseGround	Unlabelled	SPOkGoodGood	Alarm(_G_-ENTRY,huft_build-13557)
79	0.353033	FalseGround	Unlabelled	SPOkGoodGood	Alarm(_G_-ENTRY,inflate_dynamic-14029)
80	0.316573	FalseGround	Unlabelled	SPOkGoodGood	Alarm(_G_-ENTRY,unzip-15543)
81	0.316573	FalseGround	Unlabelled	SPOkGoodGood	Alarm(_G_-ENTRY,unzip-15544)
82	0.313811	FalseGround	Unlabelled	SPOkGoodGood	Alarm(_G_-ENTRY,do_list-13103)
83	0.313811	FalseGround	Unlabelled	SPOkGoodGood	Alarm(_G_-ENTRY,gen_bitlen-14396)
84	0.313811	FalseGround	Unlabelled	SPOkGoodGood	Alarm(_G_-ENTRY,huft_build-13597)
85	0.313811	FalseGround	Unlabelled	SPOkGoodGood	Alarm(_G_-ENTRY,huft_build-13603)
86	0.313811	FalseGround	Unlabelled	SPOkGoodGood	Alarm(_G_-ENTRY,huft_build-13605)
87	0.313811	FalseGround	Unlabelled	SPOkGoodGood	Alarm(_G_-ENTRY,huft_build-13608)
88	0.313811	FalseGround	Unlabelled	SPOkGoodGood	Alarm(_G_-ENTRY,huft_build-13611)
89	0.313811	FalseGround	Unlabelled	SPOkGoodGood	Alarm(_G_-ENTRY,main-12100)
90	0.313811	FalseGround	Unlabelled	SPOkGoodGood	Alarm(_G_-ENTRY,make_ofname-12696)
91	0.313811	FalseGround	Unlabelled	SPOkGoodGood	Alarm(_G_-ENTRY,make_ofname-12699)
92	0.313811	FalseGround	Unlabelled	SPOkGoodGood	Alarm(_G_-ENTRY,shorten_name-13229)
93	0.305578	TrueGround	Unlabelled	SPOkGoodGood	Alarm(_G_-ENTRY,shorten_name-13199)
94	0.291889	FalseGround	Unlabelled	SPOkGoodGood	Alarm(_G_-ENTRY,read_tree-15385)
95	0.278487	FalseGround	Unlabelled	SPOkGoodGood	Alarm(_G_-ENTRY,longest_match-11655)
96	0.254789	FalseGround	Unlabelled	SPOkGoodGood	Alarm(_G_-ENTRY,compress_block-14766)
97	0.254789	FalseGround	Unlabelled	SPOkGoodGood	Alarm(_G_-ENTRY,compress_block-14769)
98	0.254789	FalseGround	Unlabelled	SPOkGoodGood	Alarm(_G_-ENTRY,compress_block-14778)
99	0.254789	FalseGround	Unlabelled	SPOkGoodGood	Alarm(_G_-ENTRY,compress_block-14781)
100	0.254789	FalseGround	Unlabelled	SPOkGoodGood	Alarm(_G_-ENTRY,inflate_dynamic-14044)
101	0.254789	FalseGround	Unlabelled	SPOkGoodGood	Alarm(_G_-ENTRY,inflate_dynamic-14060)
102	0.254789	FalseGround	Unlabelled	SPOkGoodGood	Alarm(_G_-ENTRY,inflate_dynamic-14075)
103	0.254789	FalseGround	Unlabelled	SPOkGoodGood	Alarm(_G_-ENTRY,inflate_dynamic-14091)
104	0.248986	FalseGround	Unlabelled	SPOkGoodGood	Alarm(_G_-ENTRY,inflate_codes-13785)
105	0.242007	FalseGround	Unlabelled	SPOkGoodGood	Alarm(_G_-ENTRY,read_tree-15377)
106	0.241967	FalseGround	Unlabelled	SPOkGoodGood	Alarm(_G_-ENTRY,build_tree-14495)
107	0.180773	FalseGround	Unlabelled	SPOkGoodGood	Alarm(_G_-ENTRY,fillbuf-14826)
108	0.175076	FalseGround	Unlabelled	SPOkGoodGood	Alarm(_G_-ENTRY,deflate_fast-11738)
109	0.175076	FalseGround	Unlabelled	SPOkGoodGood	Alarm(_G_-ENTRY,deflate_fast-11746)
110	0.175076	FalseGround	Unlabelled	SPOkGoodGood	Alarm(_G_-ENTRY,deflate_fast-11747)
111	0.175076	FalseGround	Unlabelled	SPOkGoodGood	Alarm(_G_-ENTRY,read_tree-15382)
112	0.175076	FalseGround	Unlabelled	SPOkGoodGood	Alarm(_G_-ENTRY,send_tree-14588)
113	0.175076	FalseGround	Unlabelled	SPOkGoodGood	Alarm(_G_-ENTRY,unpack-15431)
114	0.169117	FalseGround	Unlabelled	SPOkGoodGood	Alarm(_G_-ENTRY,ct_init-14270)
115	0.162408	FalseGround	Unlabelled	SPOkGoodGood	Alarm(_G_-ENTRY,inflate_codes-13707)
116	0.162408	FalseGround	Unlabelled	SPOkGoodGood	Alarm(_G_-ENTRY,inflate_codes-13713)
117	0.162408	FalseGround	Unlabelled	SPOkGoodGood	Alarm(_G_-ENTRY,inflate_codes-13752)
118	0.154351	FalseGround	Unlabelled	SPOkGoodGood	Alarm(_G_-ENTRY,gen_bitlen-14388)
119	0.150451	FalseGround	Unlabelled	SPOkGoodGood	Alarm(_G_-ENTRY,build_tree-14437)
120	0.150451	FalseGround	Unlabelled	SPOkGoodGood	Alarm(_G_-ENTRY,build_tree-14438)
121	0.145536	FalseGround	Unlabelled	SPOkGoodGood	Alarm(_G_-ENTRY,longest_match-11626)
122	0.145536	FalseGround	Unlabelled	SPOkGoodGood	Alarm(_G_-ENTRY,longest_match-11627)
123	0.141782	FalseGround	Unlabelled	SPOkGoodGood	Alarm(_G_-ENTRY,build_tree-14486)
124	0.141782	FalseGround	Unlabelled	SPOkGoodGood	Alarm(_G_-ENTRY,deflate-11824)
125	0.141782	FalseGround	Unlabelled	SPOkGoodGood	Alarm(_G_-ENTRY,inflate_codes-13735)
126	0.141782	FalseGround	Unlabelled	SPOkGoodGood	Alarm(_G_-ENTRY,main-12062)
127	0.135085	FalseGround	Unlabelled	SPOkGoodGood	Alarm(_G_-ENTRY,add_envopt-15845)
128	0.135085	FalseGround	Unlabelled	SPOkGoodGood	Alarm(_G_-ENTRY,build_tree-14482)
129	0.135085	FalseGround	Unlabelled	SPOkGoodGood	Alarm(_G_-ENTRY,build_tree-14489)
130	0.135085	FalseGround	Unlabelled	SPOkGoodGood	Alarm(_G_-ENTRY,build_tree-14492)
131	0.135085	FalseGround	Unlabelled	SPOkGoodGood	Alarm(_G_-ENTRY,build_tree-14494)
132	0.135085	FalseGround	Unlabelled	SPOkGoodGood	Alarm(_G_-ENTRY,decode-15112)
133	0.135085	FalseGround	Unlabelled	SPOkGoodGood	Alarm(_G_-ENTRY,deflate-11808)
134	0.135085	FalseGround	Unlabelled	SPOkGoodGood	Alarm(_G_-ENTRY,deflate-11809)
135	0.135085	FalseGround	Unlabelled	SPOkGoodGood	Alarm(_G_-ENTRY,deflate-11810)
136	0.135085	FalseGround	Unlabelled	SPOkGoodGood	Alarm(_G_-ENTRY,deflate-11811)
137	0.135085	FalseGround	Unlabelled	SPOkGoodGood	Alarm(_G_-ENTRY,deflate-11823)
138	0.135085	FalseGround	Unlabelled	SPOkGoodGood	Alarm(_G_-ENTRY,deflate-11846)
139	0.135085	FalseGround	Unlabelled	SPOkGoodGood	Alarm(_G_-ENTRY,gen_bitlen-14398)
140	0.135085	FalseGround	Unlabelled	SPOkGoodGood	Alarm(_G_-ENTRY,gen_codes-14432)
141	0.135085	FalseGround	Unlabelled	SPOkGoodGood	Alarm(_G_-ENTRY,get_suffix-12580)
142	0.135085	FalseGround	Unlabelled	SPOkGoodGood	Alarm(_G_-ENTRY,get_suffix-12581)
143	0.135085	FalseGround	Unlabelled	SPOkGoodGood	Alarm(_G_-ENTRY,huft_build-13518)
144	0.135085	FalseGround	Unlabelled	SPOkGoodGood	Alarm(_G_-ENTRY,huft_build-13548)
145	0.135085	FalseGround	Unlabelled	SPOkGoodGood	Alarm(_G_-ENTRY,huft_build-13549)
146	0.135085	FalseGround	Unlabelled	SPOkGoodGood	Alarm(_G_-ENTRY,huft_build-13582)
147	0.135085	FalseGround	Unlabelled	SPOkGoodGood	Alarm(_G_-ENTRY,huft_build-13591)
148	0.135085	FalseGround	Unlabelled	SPOkGoodGood	Alarm(_G_-ENTRY,huft_build-13592)
149	0.135085	FalseGround	Unlabelled	SPOkGoodGood	Alarm(_G_-ENTRY,inflate_codes-13720)
150	0.135085	FalseGround	Unlabelled	SPOkGoodGood	Alarm(_G_-ENTRY,inflate_codes-13724)
151	0.135085	FalseGround	Unlabelled	SPOkGoodGood	Alarm(_G_-ENTRY,inflate_dynamic-14087)
152	0.135085	FalseGround	Unlabelled	SPOkGoodGood	Alarm(_G_-ENTRY,inflate_dynamic-14103)
153	0.135085	FalseGround	Unlabelled	SPOkGoodGood	Alarm(_G_-ENTRY,main-12013)
154	0.135085	FalseGround	Unlabelled	SPOkGoodGood	Alarm(_G_-ENTRY,main-12093)
155	0.135085	FalseGround	Unlabelled	SPOkGoodGood	Alarm(_G_-ENTRY,read_tree-15366)
156	0.135085	FalseGround	Unlabelled	SPOkGoodGood	Alarm(_G_-ENTRY,read_tree-15369)
157	0.135085	FalseGround	Unlabelled	SPOkGoodGood	Alarm(_G_-ENTRY,read_tree-15370)
158	0.135085	FalseGround	Unlabelled	SPOkGoodGood	Alarm(_G_-ENTRY,read_tree-15373)
159	0.135085	TrueGround	Unlabelled	SPOkGoodGood	Alarm(_G_-ENTRY,shorten_name-13222)
160	0.135085	FalseGround	Unlabelled	SPOkGoodGood	Alarm(_G_-ENTRY,unlzw-15280)
161	0.135085	FalseGround	Unlabelled	SPOkGoodGood	Alarm(_G_-ENTRY,unlzw-15281)
162	0.135085	FalseGround	Unlabelled	SPOkGoodGood	Alarm(_G_-ENTRY,unlzw-15283)
163	0.135085	FalseGround	Unlabelled	SPOkGoodGood	Alarm(_G_-ENTRY,unlzw-15297)
164	0.135085	FalseGround	Unlabelled	SPOkGoodGood	Alarm(_G_-ENTRY,unlzw-15298)
165	0.129344	FalseGround	Unlabelled	SPOkGoodGood	Alarm(_G_-ENTRY,bi_windup-11448)
166	0.129344	FalseGround	Unlabelled	SPOkGoodGood	Alarm(_G_-ENTRY,bi_windup-11456)
167	0.12763	FalseGround	Unlabelled	SPOkGoodGood	Alarm(_G_-ENTRY,deflate_fast-11751)
168	0.12763	FalseGround	Unlabelled	SPOkGoodGood	Alarm(_G_-ENTRY,deflate_fast-11756)
169	0.12763	FalseGround	Unlabelled	SPOkGoodGood	Alarm(_G_-ENTRY,send_tree-14586)
170	0.109419	FalseGround	Unlabelled	SPOkGoodGood	Alarm(_G_-ENTRY,add_envopt-15810)
171	0.109419	FalseGround	Unlabelled	SPOkGoodGood	Alarm(_G_-ENTRY,add_envopt-15811)
172	0.109419	FalseGround	Unlabelled	SPOkGoodGood	Alarm(_G_-ENTRY,add_envopt-15812)
173	0.109419	FalseGround	Unlabelled	SPOkGoodGood	Alarm(_G_-ENTRY,add_envopt-15813)
174	0.109419	FalseGround	Unlabelled	SPOkGoodGood	Alarm(_G_-ENTRY,add_envopt-15814)
175	0.109419	FalseGround	Unlabelled	SPOkGoodGood	Alarm(_G_-ENTRY,add_envopt-15815)
176	0.109419	FalseGround	Unlabelled	SPOkGoodGood	Alarm(_G_-ENTRY,add_envopt-15822)
177	0.109419	FalseGround	Unlabelled	SPOkGoodGood	Alarm(_G_-ENTRY,add_envopt-15823)
178	0.109419	FalseGround	Unlabelled	SPOkGoodGood	Alarm(_G_-ENTRY,huft_build-13495)
179	0.109419	FalseGround	Unlabelled	SPOkGoodGood	Alarm(_G_-ENTRY,huft_build-13496)
180	0.109419	FalseGround	Unlabelled	SPOkGoodGood	Alarm(_G_-ENTRY,huft_build-13501)
181	0.109419	FalseGround	Unlabelled	SPOkGoodGood	Alarm(_G_-ENTRY,huft_build-13502)
182	0.109419	FalseGround	Unlabelled	SPOkGoodGood	Alarm(_G_-ENTRY,huft_build-13503)
183	0.109419	FalseGround	Unlabelled	SPOkGoodGood	Alarm(_G_-ENTRY,huft_build-13504)
184	0.109419	FalseGround	Unlabelled	SPOkGoodGood	Alarm(_G_-ENTRY,huft_build-13509)
185	0.109419	FalseGround	Unlabelled	SPOkGoodGood	Alarm(_G_-ENTRY,huft_build-13510)
186	0.10546	FalseGround	Unlabelled	SPOkGoodGood	Alarm(_G_-ENTRY,build_tree-14488)
187	0.10546	FalseGround	Unlabelled	SPOkGoodGood	Alarm(_G_-ENTRY,copy_block-11494)
188	0.105218	FalseGround	Unlabelled	SPOkGoodGood	Alarm(_G_-ENTRY,compress_block-14771)
189	0.105218	FalseGround	Unlabelled	SPOkGoodGood	Alarm(_G_-ENTRY,compress_block-14774)
190	0.105218	FalseGround	Unlabelled	SPOkGoodGood	Alarm(_G_-ENTRY,gen_bitlen-14386)
191	0.105218	FalseGround	Unlabelled	SPOkGoodGood	Alarm(_G_-ENTRY,gen_bitlen-14395)
192	0.105218	FalseGround	Unlabelled	SPOkGoodGood	Alarm(_G_-ENTRY,gen_bitlen-14402)
193	0.105218	FalseGround	Unlabelled	SPOkGoodGood	Alarm(_G_-ENTRY,gen_bitlen-14403)
194	0.105218	FalseGround	Unlabelled	SPOkGoodGood	Alarm(_G_-ENTRY,gen_bitlen-14409)
195	0.105218	FalseGround	Unlabelled	SPOkGoodGood	Alarm(_G_-ENTRY,gen_bitlen-14410)
196	0.105218	FalseGround	Unlabelled	SPOkGoodGood	Alarm(_G_-ENTRY,gen_bitlen-14411)
197	0.105218	FalseGround	Unlabelled	SPOkGoodGood	Alarm(_G_-ENTRY,inflate_block-14159)
198	0.105218	FalseGround	Unlabelled	SPOkGoodGood	Alarm(_G_-ENTRY,inflate_block-14169)
199	0.105218	FalseGround	Unlabelled	SPOkGoodGood	Alarm(_G_-ENTRY,inflate_dynamic-14050)
200	0.0905042	TrueGround	Unlabelled	SPOkGoodGood	Alarm(_G_-ENTRY,name_too_long-13151)
201	0.0905042	TrueGround	Unlabelled	SPOkGoodGood	Alarm(_G_-ENTRY,name_too_long-13153)
202	0.0905042	FalseGround	Unlabelled	SPOkGoodGood	Alarm(_G_-ENTRY,name_too_long-13160)
203	0.0852263	FalseGround	Unlabelled	SPOkGoodGood	Alarm(_G_-ENTRY,gen_bitlen-14364)
204	0.0852263	FalseGround	Unlabelled	SPOkGoodGood	Alarm(_G_-ENTRY,gen_bitlen-14365)
205	0.0852263	FalseGround	Unlabelled	SPOkGoodGood	Alarm(_G_-ENTRY,gen_bitlen-14374)
206	0.0852263	FalseGround	Unlabelled	SPOkGoodGood	Alarm(_G_-ENTRY,gen_bitlen-14375)
207	0.0664511	FalseGround	Unlabelled	SPOkGoodGood	Alarm(_G_-ENTRY,deflate_fast-11741)
208	0.0628493	FalseGround	Unlabelled	SPOkGoodGood	Alarm(_G_-ENTRY,copy_block-11504)
209	0.0471013	FalseGround	Unlabelled	SPOkGoodGood	Alarm(_G_-ENTRY,build_tree-14490)
210	0.0471013	FalseGround	Unlabelled	SPOkGoodGood	Alarm(_G_-ENTRY,copy_block-11490)
211	0.0471013	FalseGround	Unlabelled	SPOkGoodGood	Alarm(_G_-ENTRY,deflate-11825)
212	0.0471013	FalseGround	Unlabelled	SPOkGoodGood	Alarm(_G_-ENTRY,deflate-11826)
213	0.0471013	FalseGround	Unlabelled	SPOkGoodGood	Alarm(_G_-ENTRY,do_list-13104)
214	0.0471013	FalseGround	Unlabelled	SPOkGoodGood	Alarm(_G_-ENTRY,gen_bitlen-14389)
215	0.0471013	FalseGround	Unlabelled	SPOkGoodGood	Alarm(_G_-ENTRY,gen_bitlen-14392)
216	0.0471013	FalseGround	Unlabelled	SPOkGoodGood	Alarm(_G_-ENTRY,get_method-12969)
217	0.0471013	FalseGround	Unlabelled	SPOkGoodGood	Alarm(_G_-ENTRY,get_suffix-12587)
218	0.0471013	FalseGround	Unlabelled	SPOkGoodGood	Alarm(_G_-ENTRY,inflate_codes-13701)
219	0.0471013	FalseGround	Unlabelled	SPOkGoodGood	Alarm(_G_-ENTRY,inflate_codes-13708)
220	0.0471013	FalseGround	Unlabelled	SPOkGoodGood	Alarm(_G_-ENTRY,inflate_codes-13709)
221	0.0471013	FalseGround	Unlabelled	SPOkGoodGood	Alarm(_G_-ENTRY,inflate_codes-13718)
222	0.0471013	FalseGround	Unlabelled	SPOkGoodGood	Alarm(_G_-ENTRY,inflate_codes-13721)
223	0.0471013	FalseGround	Unlabelled	SPOkGoodGood	Alarm(_G_-ENTRY,inflate_codes-13730)
224	0.0471013	FalseGround	Unlabelled	SPOkGoodGood	Alarm(_G_-ENTRY,inflate_codes-13740)
225	0.0471013	FalseGround	Unlabelled	SPOkGoodGood	Alarm(_G_-ENTRY,inflate_codes-13763)
226	0.0471013	FalseGround	Unlabelled	SPOkGoodGood	Alarm(_G_-ENTRY,inflate_dynamic-14024)
227	0.0471013	FalseGround	Unlabelled	SPOkGoodGood	Alarm(_G_-ENTRY,inflate_stored-13856)
228	0.0471013	FalseGround	Unlabelled	SPOkGoodGood	Alarm(_G_-ENTRY,main-12023)
229	0.0471013	FalseGround	Unlabelled	SPOkGoodGood	Alarm(_G_-ENTRY,main-12025)
230	0.0471013	FalseGround	Unlabelled	SPOkGoodGood	Alarm(_G_-ENTRY,read_tree-15388)
231	0.0471013	FalseGround	Unlabelled	SPOkGoodGood	Alarm(_G_-ENTRY,unlzw-15254)
232	0.0471013	FalseGround	Unlabelled	SPOkGoodGood	Alarm(_G_-ENTRY,unlzw-15262)
233	0.0471013	FalseGround	Unlabelled	SPOkGoodGood	Alarm(_G_-ENTRY,zip-16195)
234	0.0471013	FalseGround	Unlabelled	SPOkGoodGood	Alarm(_G_-ENTRY,zip-16199)
235	0.0471013	FalseGround	Unlabelled	SPOkGoodGood	Alarm(_G_-ENTRY,zip-16209)
236	0.0471013	FalseGround	Unlabelled	SPOkGoodGood	Alarm(_G_-ENTRY,zip-16213)
237	0.0471013	FalseGround	Unlabelled	SPOkGoodGood	Alarm(_G_-ENTRY,zip-16223)
238	0.0471013	FalseGround	Unlabelled	SPOkGoodGood	Alarm(_G_-ENTRY,zip-16227)
239	0.0471013	FalseGround	Unlabelled	SPOkGoodGood	Alarm(_G_-ENTRY,zip-16237)
240	0.0471013	FalseGround	Unlabelled	SPOkGoodGood	Alarm(_G_-ENTRY,zip-16241)
241	0.0433982	FalseGround	Unlabelled	SPOkGoodGood	Alarm(_G_-ENTRY,longest_match-11653)
242	0.0433982	FalseGround	Unlabelled	SPOkGoodGood	Alarm(_G_-ENTRY,longest_match-11654)
243	0.038152	FalseGround	Unlabelled	SPOkGoodGood	Alarm(_G_-ENTRY,build_tree-14447)
244	0.038152	FalseGround	Unlabelled	SPOkGoodGood	Alarm(_G_-ENTRY,build_tree-14448)
245	0.038152	FalseGround	Unlabelled	SPOkGoodGood	Alarm(_G_-ENTRY,get_suffix-12569)
246	0.038152	FalseGround	Unlabelled	SPOkGoodGood	Alarm(_G_-ENTRY,get_suffix-12570)
247	0.038152	FalseGround	Unlabelled	SPOkGoodGood	Alarm(_G_-ENTRY,shorten_name-13176)
248	0.038152	FalseGround	Unlabelled	SPOkGoodGood	Alarm(_G_-ENTRY,shorten_name-13177)
249	0.035195	FalseGround	Unlabelled	SPOkGoodGood	Alarm(_G_-ENTRY,compress_block-14773)
250	0.0343368	FalseGround	Unlabelled	SPOkGoodGood	Alarm(_G_-ENTRY,deflate-11831)
251	0.0343368	FalseGround	Unlabelled	SPOkGoodGood	Alarm(_G_-ENTRY,deflate-11836)
252	0.0343368	FalseGround	Unlabelled	SPOkGoodGood	Alarm(_G_-ENTRY,deflate-11847)
253	0.0343368	FalseGround	Unlabelled	SPOkGoodGood	Alarm(_G_-ENTRY,gen_codes-14428)
254	0.0256571	FalseGround	Unlabelled	SPOkGoodGood	Alarm(_G_-ENTRY,compress_block-14780)
255	0.0133028	FalseGround	Unlabelled	SPOkGoodGood	Alarm(_G_-ENTRY,add_envopt-15876)
256	0.0133028	FalseGround	Unlabelled	SPOkGoodGood	Alarm(_G_-ENTRY,bi_windup-11452)
257	0.0133028	FalseGround	Unlabelled	SPOkGoodGood	Alarm(_G_-ENTRY,copy_block-11508)
258	0.0133028	FalseGround	Unlabelled	SPOkGoodGood	Alarm(_G_-ENTRY,copy_block-11516)
259	0.0133028	FalseGround	Unlabelled	SPOkGoodGood	Alarm(_G_-ENTRY,inflate_stored-13849)
260	0.0133028	FalseGround	Unlabelled	SPOkGoodGood	Alarm(_G_-ENTRY,pqdownheap-14342)
261	0.0133028	FalseGround	Unlabelled	SPOkGoodGood	Alarm(_G_-ENTRY,pqdownheap-14346)
262	0.0133028	FalseGround	Unlabelled	SPOkGoodGood	Alarm(_G_-ENTRY,pqdownheap-14349)
263	0.0107753	FalseGround	Unlabelled	SPOkGoodGood	Alarm(_G_-ENTRY,get_method-12799)
264	0.0107753	FalseGround	Unlabelled	SPOkGoodGood	Alarm(_G_-ENTRY,get_method-12800)
265	0.0107753	FalseGround	Unlabelled	SPOkGoodGood	Alarm(_G_-ENTRY,pqdownheap-14330)
266	0.0107753	FalseGround	Unlabelled	SPOkGoodGood	Alarm(_G_-ENTRY,pqdownheap-14331)
267	0.0107753	FalseGround	Unlabelled	SPOkGoodGood	Alarm(_G_-ENTRY,pqdownheap-14332)
268	0.0107753	FalseGround	Unlabelled	SPOkGoodGood	Alarm(_G_-ENTRY,pqdownheap-14333)
269	0.0107753	FalseGround	Unlabelled	SPOkGoodGood	Alarm(_G_-ENTRY,pqdownheap-14334)
270	0.0107753	FalseGround	Unlabelled	SPOkGoodGood	Alarm(_G_-ENTRY,pqdownheap-14335)
271	0.0107753	FalseGround	Unlabelled	SPOkGoodGood	Alarm(_G_-ENTRY,pqdownheap-14336)
272	0.0107753	FalseGround	Unlabelled	SPOkGoodGood	Alarm(_G_-ENTRY,pqdownheap-14337)
273	0.0107753	FalseGround	Unlabelled	SPOkGoodGood	Alarm(_G_-ENTRY,pqdownheap-14338)
274	0.0107753	FalseGround	Unlabelled	SPOkGoodGood	Alarm(_G_-ENTRY,pqdownheap-14339)
275	0.0107753	FalseGround	Unlabelled	SPOkGoodGood	Alarm(_G_-ENTRY,pqdownheap-14340)
276	0.0107753	FalseGround	Unlabelled	SPOkGoodGood	Alarm(_G_-ENTRY,pqdownheap-14341)
277	0.0107753	FalseGround	Unlabelled	SPOkGoodGood	Alarm(_G_-ENTRY,shorten_name-13180)
278	0.0107753	FalseGround	Unlabelled	SPOkGoodGood	Alarm(_G_-ENTRY,shorten_name-13181)
279	0.00969774	FalseGround	Unlabelled	SPOkGoodGood	Alarm(_G_-ENTRY,build_tree-14491)
280	0.00911323	FalseGround	Unlabelled	SPOkGoodGood	Alarm(_G_-ENTRY,get_suffix-12573)
281	0.00911323	FalseGround	Unlabelled	SPOkGoodGood	Alarm(_G_-ENTRY,get_suffix-12574)
282	0.00911323	TrueGround	Unlabelled	SPOkGoodGood	Alarm(_G_-ENTRY,shorten_name-13192)
283	0.00911323	TrueGround	Unlabelled	SPOkGoodGood	Alarm(_G_-ENTRY,shorten_name-13193)
284	0.00872796	FalseGround	Unlabelled	SPOkGoodGood	Alarm(_G_-ENTRY,add_envopt-15866)
285	0.00706965	FalseGround	Unlabelled	SPOkGoodGood	Alarm(_G_-ENTRY,longest_match-11585)
286	0.00706965	FalseGround	Unlabelled	SPOkGoodGood	Alarm(_G_-ENTRY,longest_match-11586)
287	0.00706965	FalseGround	Unlabelled	SPOkGoodGood	Alarm(_G_-ENTRY,longest_match-11587)
288	0.00706965	FalseGround	Unlabelled	SPOkGoodGood	Alarm(_G_-ENTRY,longest_match-11588)
289	0.00706965	FalseGround	Unlabelled	SPOkGoodGood	Alarm(_G_-ENTRY,longest_match-11589)
290	0.00706965	FalseGround	Unlabelled	SPOkGoodGood	Alarm(_G_-ENTRY,longest_match-11590)
291	0.00706965	FalseGround	Unlabelled	SPOkGoodGood	Alarm(_G_-ENTRY,longest_match-11591)
292	0.00706965	FalseGround	Unlabelled	SPOkGoodGood	Alarm(_G_-ENTRY,longest_match-11592)
293	0.00685154	FalseGround	Unlabelled	SPOkGoodGood	Alarm(_G_-ENTRY,get_istat-12626)
294	0.00685154	FalseGround	Unlabelled	SPOkGoodGood	Alarm(_G_-ENTRY,get_istat-12627)
295	0.00685154	TrueGround	Unlabelled	SPOkGoodGood	Alarm(_G_-ENTRY,get_istat-12629)
296	0.00554975	FalseGround	Unlabelled	SPOkGoodGood	Alarm(_G_-ENTRY,get_istat-12609)
297	0.00554975	FalseGround	Unlabelled	SPOkGoodGood	Alarm(_G_-ENTRY,get_istat-12610)
298	0.00316385	FalseGround	Unlabelled	SPOkGoodGood	Alarm(_G_-ENTRY,get_suffix-12585)
299	0.00304325	FalseGround	Unlabelled	SPOkGoodGood	Alarm(_G_-ENTRY,build_tree-14501)
300	0.00304325	FalseGround	Unlabelled	SPOkGoodGood	Alarm(_G_-ENTRY,inflate_dynamic-13993)
301	0.00304325	FalseGround	Unlabelled	SPOkGoodGood	Alarm(_G_-ENTRY,inflate_dynamic-14003)
302	0.00304325	FalseGround	Unlabelled	SPOkGoodGood	Alarm(_G_-ENTRY,inflate_dynamic-14013)
303	0.00304325	FalseGround	Unlabelled	SPOkGoodGood	Alarm(_G_-ENTRY,inflate_stored-13828)
304	0.00304325	FalseGround	Unlabelled	SPOkGoodGood	Alarm(_G_-ENTRY,inflate_stored-13838)
305	0.00304325	FalseGround	Unlabelled	SPOkGoodGood	Alarm(_G_-ENTRY,read_tree-15350)
306	0.00304325	FalseGround	Unlabelled	SPOkGoodGood	Alarm(_G_-ENTRY,read_tree-15357)
307	0.00288033	FalseGround	Unlabelled	SPOkGoodGood	Alarm(_G_-ENTRY,make_ofname-12690)
308	0.00246503	FalseGround	Unlabelled	SPOkGoodGood	Alarm(_G_-ENTRY,help-11861)
309	0.00246503	FalseGround	Unlabelled	SPOkGoodGood	Alarm(_G_-ENTRY,help-11862)
310	0.00246503	FalseGround	Unlabelled	SPOkGoodGood	Alarm(_G_-ENTRY,license-11872)
311	0.00246503	FalseGround	Unlabelled	SPOkGoodGood	Alarm(_G_-ENTRY,license-11873)
312	0.00199668	FalseGround	Unlabelled	SPOkGoodGood	Alarm(_G_-ENTRY,shorten_name-13215)
313	0.00179701	FalseGround	Unlabelled	SPOkGoodGood	Alarm(_G_-ENTRY,add_envopt-15877)
314	0.00172835	FalseGround	Unlabelled	SPOkGoodGood	Alarm(_G_-ENTRY,help-11868)
315	0.00172835	FalseGround	Unlabelled	SPOkGoodGood	Alarm(_G_-ENTRY,license-11878)
316	0.00161731	FalseGround	Unlabelled	SPOkGoodGood	Alarm(_G_-ENTRY,longest_match-11593)
317	0.00161731	FalseGround	Unlabelled	SPOkGoodGood	Alarm(_G_-ENTRY,longest_match-11594)
318	0.00097866	FalseGround	Unlabelled	SPOkGoodGood	Alarm(_G_-ENTRY,shorten_name-13188)
319	0.00097866	FalseGround	Unlabelled	SPOkGoodGood	Alarm(_G_-ENTRY,shorten_name-13189)
320	0.000563921	FalseGround	Unlabelled	SPOkGoodGood	Alarm(_G_-ENTRY,get_istat-12612)
321	0.000563921	FalseGround	Unlabelled	SPOkGoodGood	Alarm(_G_-ENTRY,get_istat-12631)
322	0.000563921	FalseGround	Unlabelled	SPOkGoodGood	Alarm(_G_-ENTRY,make_ofname-12681)
323	0.000563921	TrueGround	Unlabelled	SPOkGoodGood	Alarm(_G_-ENTRY,make_ofname-12695)
324	0.000563921	FalseGround	Unlabelled	SPOkGoodGood	Alarm(_G_-ENTRY,strlwr-15746)
325	0.000563921	FalseGround	Unlabelled	SPOkGoodGood	Alarm(_G_-ENTRY,strlwr-15747)
326	0.000456776	FalseGround	Unlabelled	SPOkGoodGood	Alarm(_G_-ENTRY,strlwr-15740)
327	0.000456776	FalseGround	Unlabelled	SPOkGoodGood	Alarm(_G_-ENTRY,strlwr-15741)
328	0.000456776	FalseGround	Unlabelled	SPOkGoodGood	Alarm(_G_-ENTRY,strlwr-15742)
329	0.000456776	FalseGround	Unlabelled	SPOkGoodGood	Alarm(_G_-ENTRY,strlwr-15743)
330	0.000196627	FalseGround	Unlabelled	SPOkGoodGood	Alarm(_G_-ENTRY,longest_match-11595)
331	0.000196627	FalseGround	Unlabelled	SPOkGoodGood	Alarm(_G_-ENTRY,longest_match-11596)
332	1.74269e-05	FalseGround	Unlabelled	SPOkGoodGood	Alarm(_G_-ENTRY,longest_match-11597)
333	1.74269e-05	FalseGround	Unlabelled	SPOkGoodGood	Alarm(_G_-ENTRY,longest_match-11598)
334	7.50172e-06	FalseGround	Unlabelled	SPOkGoodGood	Alarm(_G_-ENTRY,add_envopt-15837)
335	1.12597e-06	FalseGround	Unlabelled	SPOkGoodGood	Alarm(_G_-ENTRY,longest_match-11599)
336	1.12597e-06	FalseGround	Unlabelled	SPOkGoodGood	Alarm(_G_-ENTRY,longest_match-11600)
337	5.30346e-08	FalseGround	Unlabelled	SPOkGoodGood	Alarm(_G_-ENTRY,longest_match-11601)
338	5.30346e-08	FalseGround	Unlabelled	SPOkGoodGood	Alarm(_G_-ENTRY,longest_match-11602)
339	1.82104e-09	FalseGround	Unlabelled	SPOkGoodGood	Alarm(_G_-ENTRY,longest_match-11603)
340	3.85493e-10	FalseGround	Unlabelled	SPOkGoodGood	Alarm(_G_-ENTRY,longest_match-11604)
341	9.6495e-12	FalseGround	Unlabelled	SPOkGoodGood	Alarm(_G_-ENTRY,longest_match-11605)
342	9.6495e-12	FalseGround	Unlabelled	SPOkGoodGood	Alarm(_G_-ENTRY,longest_match-11606)
343	1.76084e-13	FalseGround	Unlabelled	SPOkGoodGood	Alarm(_G_-ENTRY,longest_match-11607)
344	1.76084e-13	FalseGround	Unlabelled	SPOkGoodGood	Alarm(_G_-ENTRY,longest_match-11608)
