Rank	Confidence	Ground	Label	Comments	Tuple
1	0.896606	FalseGround	Unlabelled	SPOkGoodGood	Alarm(_G_-ENTRY,scan_tree-14536)
2	0.874127	FalseGround	Unlabelled	SPOkGoodGood	Alarm(_G_-ENTRY,longest_match-11655)
3	0.85675	FalseGround	Unlabelled	SPOkGoodGood	Alarm(_G_-ENTRY,get_method-12902)
4	0.85675	FalseGround	Unlabelled	SPOkGoodGood	Alarm(_G_-ENTRY,get_method-12908)
5	0.85675	FalseGround	Unlabelled	SPOkGoodGood	Alarm(_G_-ENTRY,get_method-12914)
6	0.848352	FalseGround	Unlabelled	SPOkGoodGood	Alarm(_G_-ENTRY,build_tree-14495)
7	0.843061	FalseGround	Unlabelled	SPOkGoodGood	Alarm(_G_-ENTRY,compress_block-14782)
8	0.843061	FalseGround	Unlabelled	SPOkGoodGood	Alarm(_G_-ENTRY,compress_block-14783)
9	0.842703	FalseGround	Unlabelled	SPOkGoodGood	Alarm(_G_-ENTRY,inflate_dynamic-14072)
10	0.838258	FalseGround	Unlabelled	SPOkGoodGood	Alarm(_G_-ENTRY,inflate_dynamic-14053)
11	0.831213	FalseGround	Unlabelled	SPOkGoodGood	Alarm(_G_-ENTRY,ct_init-14252)
12	0.831213	FalseGround	Unlabelled	SPOkGoodGood	Alarm(_G_-ENTRY,ct_init-14262)
13	0.817591	FalseGround	Unlabelled	SPOkGoodGood	Alarm(_G_-ENTRY,deflate-11835)
14	0.817591	FalseGround	Unlabelled	SPOkGoodGood	Alarm(_G_-ENTRY,huft_build-13555)
15	0.817591	FalseGround	Unlabelled	SPOkGoodGood	Alarm(_G_-ENTRY,huft_build-13556)
16	0.817591	FalseGround	Unlabelled	SPOkGoodGood	Alarm(_G_-ENTRY,huft_build-13557)
17	0.817591	FalseGround	Unlabelled	SPOkGoodGood	Alarm(_G_-ENTRY,inflate_dynamic-14029)
18	0.809586	FalseGround	Unlabelled	SPOkGoodGood	Alarm(_G_-ENTRY,flush_block-14662)
19	0.80955	FalseGround	Unlabelled	SPOkGoodGood	Alarm(_G_-ENTRY,huft_free-13636)
20	0.807474	FalseGround	Unlabelled	SPOkGoodGood	Alarm(_G_-ENTRY,updcrc-15684)
21	0.806945	FalseGround	Unlabelled	SPOkGoodGood	Alarm(_G_-ENTRY,scan_tree-14539)
22	0.806726	FalseGround	Unlabelled	SPOkGoodGood	Alarm(_G_-ENTRY,get_method-12958)
23	0.806075	FalseGround	Unlabelled	SPOkGoodGood	Alarm(_G_-ENTRY,build_tree-14488)
24	0.805947	FalseGround	Unlabelled	SPOkGoodGood	Alarm(_G_-ENTRY,ct_tally-14720)
25	0.805947	FalseGround	Unlabelled	SPOkGoodGood	Alarm(_G_-ENTRY,ct_tally-14721)
26	0.805947	FalseGround	Unlabelled	SPOkGoodGood	Alarm(_G_-ENTRY,ct_tally-14723)
27	0.805947	FalseGround	Unlabelled	SPOkGoodGood	Alarm(_G_-ENTRY,ct_tally-14729)
28	0.805947	FalseGround	Unlabelled	SPOkGoodGood	Alarm(_G_-ENTRY,ct_tally-14734)
29	0.802375	FalseGround	Unlabelled	SPOkGoodGood	Alarm(_G_-ENTRY,get_method-12884)
30	0.798802	FalseGround	Unlabelled	SPOkGoodGood	Alarm(_G_-ENTRY,build_tree-14461)
31	0.798802	FalseGround	Unlabelled	SPOkGoodGood	Alarm(_G_-ENTRY,build_tree-14463)
32	0.794301	FalseGround	Unlabelled	SPOkGoodGood	Alarm(_G_-ENTRY,compress_block-14772)
33	0.794301	FalseGround	Unlabelled	SPOkGoodGood	Alarm(_G_-ENTRY,scan_tree-14541)
34	0.794301	FalseGround	Unlabelled	SPOkGoodGood	Alarm(_G_-ENTRY,scan_tree-14542)
35	0.790145	FalseGround	Unlabelled	SPOkGoodGood	Alarm(_G_-ENTRY,ct_init-14270)
36	0.782702	FalseGround	Unlabelled	SPOkGoodGood	Alarm(_G_-ENTRY,gen_bitlen-14388)
37	0.778393	FalseGround	Unlabelled	SPOkGoodGood	Alarm(_G_-ENTRY,huft_build-13554)
38	0.774929	FalseGround	Unlabelled	SPOkGoodGood	Alarm(_G_-ENTRY,build_tree-14486)
39	0.774929	FalseGround	Unlabelled	SPOkGoodGood	Alarm(_G_-ENTRY,inflate_codes-13735)
40	0.770741	FalseGround	Unlabelled	SPOkGoodGood	Alarm(_G_-ENTRY,inflate_codes-13707)
41	0.767673	FalseGround	Unlabelled	SPOkGoodGood	Alarm(_G_-ENTRY,gen_codes-14429)
42	0.767673	FalseGround	Unlabelled	SPOkGoodGood	Alarm(_G_-ENTRY,gen_codes-14430)
43	0.761413	FalseGround	Unlabelled	SPOkGoodGood	Alarm(_G_-ENTRY,unzip-15577)
44	0.756055	FalseGround	Unlabelled	SPOkGoodGood	Alarm(_G_-ENTRY,ct_init-14255)
45	0.74836	FalseGround	Unlabelled	SPOkGoodGood	Alarm(_G_-ENTRY,shorten_name-13202)
46	0.729105	FalseGround	Unlabelled	SPOkGoodGood	Alarm(_G_-ENTRY,longest_match-11653)
47	0.729105	FalseGround	Unlabelled	SPOkGoodGood	Alarm(_G_-ENTRY,longest_match-11654)
48	0.729	FalseGround	Unlabelled	SPOkGoodGood	Alarm(_G_-ENTRY,do_list-13103)
49	0.729	FalseGround	Unlabelled	SPOkGoodGood	Alarm(_G_-ENTRY,gen_bitlen-14396)
50	0.729	FalseGround	Unlabelled	SPOkGoodGood	Alarm(_G_-ENTRY,huft_build-13597)
51	0.729	FalseGround	Unlabelled	SPOkGoodGood	Alarm(_G_-ENTRY,huft_build-13603)
52	0.729	FalseGround	Unlabelled	SPOkGoodGood	Alarm(_G_-ENTRY,huft_build-13605)
53	0.729	FalseGround	Unlabelled	SPOkGoodGood	Alarm(_G_-ENTRY,huft_build-13608)
54	0.729	FalseGround	Unlabelled	SPOkGoodGood	Alarm(_G_-ENTRY,huft_build-13611)
55	0.722725	FalseGround	Unlabelled	SPOkGoodGood	Alarm(_G_-ENTRY,longest_match-11626)
56	0.722725	FalseGround	Unlabelled	SPOkGoodGood	Alarm(_G_-ENTRY,longest_match-11627)
57	0.718921	FalseGround	Unlabelled	SPOkGoodGood	Alarm(_G_-ENTRY,build_tree-14437)
58	0.718921	FalseGround	Unlabelled	SPOkGoodGood	Alarm(_G_-ENTRY,build_tree-14438)
59	0.714871	FalseGround	Unlabelled	SPOkGoodGood	Alarm(_G_-ENTRY,compress_block-14766)
60	0.714871	FalseGround	Unlabelled	SPOkGoodGood	Alarm(_G_-ENTRY,compress_block-14769)
61	0.714871	FalseGround	Unlabelled	SPOkGoodGood	Alarm(_G_-ENTRY,compress_block-14778)
62	0.714871	FalseGround	Unlabelled	SPOkGoodGood	Alarm(_G_-ENTRY,compress_block-14781)
63	0.712531	FalseGround	Unlabelled	SPOkGoodGood	Alarm(_G_-ENTRY,send_bits-11413)
64	0.711137	FalseGround	Unlabelled	SPOkGoodGood	Alarm(_G_-ENTRY,get_method-12851)
65	0.711137	FalseGround	Unlabelled	SPOkGoodGood	Alarm(_G_-ENTRY,get_method-12863)
66	0.711137	FalseGround	Unlabelled	SPOkGoodGood	Alarm(_G_-ENTRY,get_method-12896)
67	0.711137	FalseGround	Unlabelled	SPOkGoodGood	Alarm(_G_-ENTRY,get_method-12927)
68	0.711137	FalseGround	Unlabelled	SPOkGoodGood	Alarm(_G_-ENTRY,get_method-12933)
69	0.711137	FalseGround	Unlabelled	SPOkGoodGood	Alarm(_G_-ENTRY,get_method-12946)
70	0.705641	TrueGround	Unlabelled	SPOkGoodGood	Alarm(_G_-ENTRY,name_too_long-13153)
71	0.705641	FalseGround	Unlabelled	SPOkGoodGood	Alarm(_G_-ENTRY,name_too_long-13160)
72	0.693751	FalseGround	Unlabelled	SPOkGoodGood	Alarm(_G_-ENTRY,unzip-15571)
73	0.681324	FalseGround	Unlabelled	SPOkGoodGood	Alarm(_G_-ENTRY,inflate_codes-13785)
74	0.68045	FalseGround	Unlabelled	SPOkGoodGood	Alarm(_G_-ENTRY,send_tree-14586)
75	0.678083	FalseGround	Unlabelled	SPOkGoodGood	Alarm(_G_-ENTRY,unpack-15437)
76	0.678083	FalseGround	Unlabelled	SPOkGoodGood	Alarm(_G_-ENTRY,unpack-15445)
77	0.675292	FalseGround	Unlabelled	SPOkGoodGood	Alarm(_G_-ENTRY,unlzw-15287)
78	0.67113	FalseGround	Unlabelled	SPOkGoodGood	Alarm(_G_-ENTRY,inflate_codes-13713)
79	0.67113	FalseGround	Unlabelled	SPOkGoodGood	Alarm(_G_-ENTRY,inflate_codes-13752)
80	0.658973	FalseGround	Unlabelled	SPOkGoodGood	Alarm(_G_-ENTRY,deflate-11824)
81	0.6561	FalseGround	Unlabelled	SPOkGoodGood	Alarm(_G_-ENTRY,build_tree-14489)
82	0.6561	FalseGround	Unlabelled	SPOkGoodGood	Alarm(_G_-ENTRY,build_tree-14492)
83	0.6561	FalseGround	Unlabelled	SPOkGoodGood	Alarm(_G_-ENTRY,build_tree-14494)
84	0.6561	FalseGround	Unlabelled	SPOkGoodGood	Alarm(_G_-ENTRY,deflate-11809)
85	0.6561	FalseGround	Unlabelled	SPOkGoodGood	Alarm(_G_-ENTRY,deflate-11846)
86	0.6561	FalseGround	Unlabelled	SPOkGoodGood	Alarm(_G_-ENTRY,gen_bitlen-14398)
87	0.6561	FalseGround	Unlabelled	SPOkGoodGood	Alarm(_G_-ENTRY,gen_codes-14432)
88	0.6561	FalseGround	Unlabelled	SPOkGoodGood	Alarm(_G_-ENTRY,huft_build-13518)
89	0.6561	FalseGround	Unlabelled	SPOkGoodGood	Alarm(_G_-ENTRY,huft_build-13582)
90	0.6561	FalseGround	Unlabelled	SPOkGoodGood	Alarm(_G_-ENTRY,huft_build-13591)
91	0.6561	FalseGround	Unlabelled	SPOkGoodGood	Alarm(_G_-ENTRY,huft_build-13592)
92	0.6561	FalseGround	Unlabelled	SPOkGoodGood	Alarm(_G_-ENTRY,inflate_codes-13720)
93	0.6561	FalseGround	Unlabelled	SPOkGoodGood	Alarm(_G_-ENTRY,inflate_codes-13724)
94	0.6561	FalseGround	Unlabelled	SPOkGoodGood	Alarm(_G_-ENTRY,main-12093)
95	0.6561	FalseGround	Unlabelled	SPOkGoodGood	Alarm(_G_-ENTRY,huft_build-13501)
96	0.6561	FalseGround	Unlabelled	SPOkGoodGood	Alarm(_G_-ENTRY,huft_build-13502)
97	0.6561	FalseGround	Unlabelled	SPOkGoodGood	Alarm(_G_-ENTRY,huft_build-13503)
98	0.6561	FalseGround	Unlabelled	SPOkGoodGood	Alarm(_G_-ENTRY,huft_build-13504)
99	0.6561	FalseGround	Unlabelled	SPOkGoodGood	Alarm(_G_-ENTRY,huft_build-13509)
100	0.6561	FalseGround	Unlabelled	SPOkGoodGood	Alarm(_G_-ENTRY,huft_build-13510)
101	0.647029	FalseGround	Unlabelled	SPOkGoodGood	Alarm(_G_-ENTRY,gen_bitlen-14386)
102	0.647029	FalseGround	Unlabelled	SPOkGoodGood	Alarm(_G_-ENTRY,gen_bitlen-14395)
103	0.647029	FalseGround	Unlabelled	SPOkGoodGood	Alarm(_G_-ENTRY,gen_bitlen-14403)
104	0.647029	FalseGround	Unlabelled	SPOkGoodGood	Alarm(_G_-ENTRY,gen_bitlen-14409)
105	0.647029	FalseGround	Unlabelled	SPOkGoodGood	Alarm(_G_-ENTRY,gen_bitlen-14410)
106	0.647029	FalseGround	Unlabelled	SPOkGoodGood	Alarm(_G_-ENTRY,gen_bitlen-14411)
107	0.647029	FalseGround	Unlabelled	SPOkGoodGood	Alarm(_G_-ENTRY,gen_bitlen-14364)
108	0.647029	FalseGround	Unlabelled	SPOkGoodGood	Alarm(_G_-ENTRY,gen_bitlen-14365)
109	0.647029	FalseGround	Unlabelled	SPOkGoodGood	Alarm(_G_-ENTRY,gen_bitlen-14374)
110	0.647029	FalseGround	Unlabelled	SPOkGoodGood	Alarm(_G_-ENTRY,gen_bitlen-14375)
111	0.643384	FalseGround	Unlabelled	SPOkGoodGood	Alarm(_G_-ENTRY,compress_block-14771)
112	0.643384	FalseGround	Unlabelled	SPOkGoodGood	Alarm(_G_-ENTRY,compress_block-14774)
113	0.643384	FalseGround	Unlabelled	SPOkGoodGood	Alarm(_G_-ENTRY,inflate_dynamic-14050)
114	0.641758	FalseGround	Unlabelled	SPOkGoodGood	Alarm(_G_-ENTRY,unpack-15428)
115	0.639388	FalseGround	Unlabelled	SPOkGoodGood	Alarm(_G_-ENTRY,deflate_fast-11739)
116	0.605644	FalseGround	Unlabelled	SPOkGoodGood	Alarm(_G_-ENTRY,zip-16087)
117	0.605644	FalseGround	Unlabelled	SPOkGoodGood	Alarm(_G_-ENTRY,zip-16088)
118	0.597341	FalseGround	Unlabelled	SPOkGoodGood	Alarm(_G_-ENTRY,make_ofname-12690)
119	0.593298	FalseGround	Unlabelled	SPOkGoodGood	Alarm(_G_-ENTRY,unpack-15411)
120	0.593298	FalseGround	Unlabelled	SPOkGoodGood	Alarm(_G_-ENTRY,unpack-15412)
121	0.59049	FalseGround	Unlabelled	SPOkGoodGood	Alarm(_G_-ENTRY,build_tree-14490)
122	0.59049	FalseGround	Unlabelled	SPOkGoodGood	Alarm(_G_-ENTRY,gen_bitlen-14389)
123	0.59049	FalseGround	Unlabelled	SPOkGoodGood	Alarm(_G_-ENTRY,gen_bitlen-14392)
124	0.59049	FalseGround	Unlabelled	SPOkGoodGood	Alarm(_G_-ENTRY,get_suffix-12587)
125	0.59049	FalseGround	Unlabelled	SPOkGoodGood	Alarm(_G_-ENTRY,inflate_codes-13721)
126	0.59049	FalseGround	Unlabelled	SPOkGoodGood	Alarm(_G_-ENTRY,main-12023)
127	0.59049	FalseGround	Unlabelled	SPOkGoodGood	Alarm(_G_-ENTRY,main-12025)
128	0.59049	FalseGround	Unlabelled	SPOkGoodGood	Alarm(_G_-ENTRY,build_tree-14447)
129	0.59049	FalseGround	Unlabelled	SPOkGoodGood	Alarm(_G_-ENTRY,build_tree-14448)
130	0.59049	FalseGround	Unlabelled	SPOkGoodGood	Alarm(_G_-ENTRY,deflate-11831)
131	0.59049	FalseGround	Unlabelled	SPOkGoodGood	Alarm(_G_-ENTRY,deflate-11836)
132	0.59049	FalseGround	Unlabelled	SPOkGoodGood	Alarm(_G_-ENTRY,gen_codes-14428)
133	0.59049	FalseGround	Unlabelled	SPOkGoodGood	Alarm(_G_-ENTRY,get_suffix-12569)
134	0.59049	FalseGround	Unlabelled	SPOkGoodGood	Alarm(_G_-ENTRY,get_suffix-12570)
135	0.589669	FalseGround	Unlabelled	SPOkGoodGood	Alarm(_G_-ENTRY,send_bits-11409)
136	0.588103	FalseGround	Unlabelled	SPOkGoodGood	Alarm(_G_-ENTRY,get_method-12845)
137	0.588103	FalseGround	Unlabelled	SPOkGoodGood	Alarm(_G_-ENTRY,get_method-12857)
138	0.588103	FalseGround	Unlabelled	SPOkGoodGood	Alarm(_G_-ENTRY,get_method-12875)
139	0.588103	FalseGround	Unlabelled	SPOkGoodGood	Alarm(_G_-ENTRY,get_method-12940)
140	0.588103	FalseGround	Unlabelled	SPOkGoodGood	Alarm(_G_-ENTRY,get_method-12966)
141	0.588103	FalseGround	Unlabelled	SPOkGoodGood	Alarm(_G_-ENTRY,get_method-12976)
142	0.587535	FalseGround	Unlabelled	SPOkGoodGood	Alarm(_G_-ENTRY,ct_tally-14724)
143	0.587535	FalseGround	Unlabelled	SPOkGoodGood	Alarm(_G_-ENTRY,ct_tally-14725)
144	0.587535	FalseGround	Unlabelled	SPOkGoodGood	Alarm(_G_-ENTRY,ct_tally-14726)
145	0.579066	FalseGround	Unlabelled	SPOkGoodGood	Alarm(_G_-ENTRY,compress_block-14770)
146	0.579045	FalseGround	Unlabelled	SPOkGoodGood	Alarm(_G_-ENTRY,compress_block-14773)
147	0.568575	FalseGround	Unlabelled	SPOkGoodGood	Alarm(_G_-ENTRY,unzip-15585)
148	0.568575	FalseGround	Unlabelled	SPOkGoodGood	Alarm(_G_-ENTRY,unzip-15595)
149	0.568575	FalseGround	Unlabelled	SPOkGoodGood	Alarm(_G_-ENTRY,zip-16181)
150	0.568575	FalseGround	Unlabelled	SPOkGoodGood	Alarm(_G_-ENTRY,unzip-15543)
151	0.568575	FalseGround	Unlabelled	SPOkGoodGood	Alarm(_G_-ENTRY,unzip-15544)
152	0.562399	FalseGround	Unlabelled	SPOkGoodGood	Alarm(_G_-ENTRY,unlzw-15239)
153	0.553545	FalseGround	Unlabelled	SPOkGoodGood	Alarm(_G_-ENTRY,main-12062)
154	0.551319	FalseGround	Unlabelled	SPOkGoodGood	Alarm(_G_-ENTRY,deflate_fast-11748)
155	0.551184	FalseGround	Unlabelled	SPOkGoodGood	Alarm(_G_-ENTRY,send_tree-14590)
156	0.551164	FalseGround	Unlabelled	SPOkGoodGood	Alarm(_G_-ENTRY,deflate_fast-11727)
157	0.551164	FalseGround	Unlabelled	SPOkGoodGood	Alarm(_G_-ENTRY,deflate_fast-11728)
158	0.551164	FalseGround	Unlabelled	SPOkGoodGood	Alarm(_G_-ENTRY,deflate_fast-11729)
159	0.551164	FalseGround	Unlabelled	SPOkGoodGood	Alarm(_G_-ENTRY,deflate_fast-11730)
160	0.551164	FalseGround	Unlabelled	SPOkGoodGood	Alarm(_G_-ENTRY,unpack-15453)
161	0.534563	TrueGround	Unlabelled	SPOkGoodGood	Alarm(_G_-ENTRY,shorten_name-13199)
162	0.531441	FalseGround	Unlabelled	SPOkGoodGood	Alarm(_G_-ENTRY,shorten_name-13229)
163	0.531441	FalseGround	Unlabelled	SPOkGoodGood	Alarm(_G_-ENTRY,pqdownheap-14342)
164	0.531441	FalseGround	Unlabelled	SPOkGoodGood	Alarm(_G_-ENTRY,pqdownheap-14346)
165	0.531441	FalseGround	Unlabelled	SPOkGoodGood	Alarm(_G_-ENTRY,pqdownheap-14349)
166	0.531441	FalseGround	Unlabelled	SPOkGoodGood	Alarm(_G_-ENTRY,build_tree-14491)
167	0.531441	FalseGround	Unlabelled	SPOkGoodGood	Alarm(_G_-ENTRY,pqdownheap-14330)
168	0.531441	FalseGround	Unlabelled	SPOkGoodGood	Alarm(_G_-ENTRY,pqdownheap-14331)
169	0.531441	FalseGround	Unlabelled	SPOkGoodGood	Alarm(_G_-ENTRY,pqdownheap-14332)
170	0.531441	FalseGround	Unlabelled	SPOkGoodGood	Alarm(_G_-ENTRY,pqdownheap-14333)
171	0.531441	FalseGround	Unlabelled	SPOkGoodGood	Alarm(_G_-ENTRY,pqdownheap-14334)
172	0.531441	FalseGround	Unlabelled	SPOkGoodGood	Alarm(_G_-ENTRY,pqdownheap-14335)
173	0.531441	FalseGround	Unlabelled	SPOkGoodGood	Alarm(_G_-ENTRY,longest_match-11585)
174	0.531441	FalseGround	Unlabelled	SPOkGoodGood	Alarm(_G_-ENTRY,longest_match-11586)
175	0.531441	FalseGround	Unlabelled	SPOkGoodGood	Alarm(_G_-ENTRY,longest_match-11587)
176	0.531441	FalseGround	Unlabelled	SPOkGoodGood	Alarm(_G_-ENTRY,longest_match-11588)
177	0.531441	FalseGround	Unlabelled	SPOkGoodGood	Alarm(_G_-ENTRY,longest_match-11589)
178	0.531441	FalseGround	Unlabelled	SPOkGoodGood	Alarm(_G_-ENTRY,longest_match-11590)
179	0.531441	FalseGround	Unlabelled	SPOkGoodGood	Alarm(_G_-ENTRY,longest_match-11591)
180	0.531441	FalseGround	Unlabelled	SPOkGoodGood	Alarm(_G_-ENTRY,longest_match-11592)
181	0.52933	FalseGround	Unlabelled	SPOkGoodGood	Alarm(_G_-ENTRY,unlzw-15212)
182	0.521141	FalseGround	Unlabelled	SPOkGoodGood	Alarm(_G_-ENTRY,inflate_dynamic-14044)
183	0.521141	FalseGround	Unlabelled	SPOkGoodGood	Alarm(_G_-ENTRY,inflate_dynamic-14060)
184	0.521141	FalseGround	Unlabelled	SPOkGoodGood	Alarm(_G_-ENTRY,inflate_dynamic-14075)
185	0.521141	FalseGround	Unlabelled	SPOkGoodGood	Alarm(_G_-ENTRY,inflate_dynamic-14091)
186	0.514412	TrueGround	Unlabelled	SPOkGoodGood	Alarm(_G_-ENTRY,name_too_long-13151)
187	0.494786	FalseGround	Unlabelled	SPOkGoodGood	Alarm(_G_-ENTRY,read_tree-15385)
188	0.489708	FalseGround	Unlabelled	SPOkGoodGood	Alarm(_G_-ENTRY,copy_block-11494)
189	0.484911	FalseGround	Unlabelled	SPOkGoodGood	Alarm(_G_-ENTRY,deflate_fast-11740)
190	0.478297	FalseGround	Unlabelled	SPOkGoodGood	Alarm(_G_-ENTRY,build_tree-14482)
191	0.478297	FalseGround	Unlabelled	SPOkGoodGood	Alarm(_G_-ENTRY,deflate-11808)
192	0.478297	FalseGround	Unlabelled	SPOkGoodGood	Alarm(_G_-ENTRY,deflate-11810)
193	0.478297	FalseGround	Unlabelled	SPOkGoodGood	Alarm(_G_-ENTRY,deflate-11811)
194	0.478297	FalseGround	Unlabelled	SPOkGoodGood	Alarm(_G_-ENTRY,deflate-11823)
195	0.478297	FalseGround	Unlabelled	SPOkGoodGood	Alarm(_G_-ENTRY,get_suffix-12580)
196	0.478297	FalseGround	Unlabelled	SPOkGoodGood	Alarm(_G_-ENTRY,get_suffix-12581)
197	0.478297	FalseGround	Unlabelled	SPOkGoodGood	Alarm(_G_-ENTRY,huft_build-13548)
198	0.478297	FalseGround	Unlabelled	SPOkGoodGood	Alarm(_G_-ENTRY,huft_build-13549)
199	0.478297	FalseGround	Unlabelled	SPOkGoodGood	Alarm(_G_-ENTRY,inflate_dynamic-14087)
200	0.478297	FalseGround	Unlabelled	SPOkGoodGood	Alarm(_G_-ENTRY,inflate_dynamic-14103)
201	0.478297	FalseGround	Unlabelled	SPOkGoodGood	Alarm(_G_-ENTRY,main-12013)
202	0.478297	FalseGround	Unlabelled	SPOkGoodGood	Alarm(_G_-ENTRY,huft_build-13495)
203	0.478297	FalseGround	Unlabelled	SPOkGoodGood	Alarm(_G_-ENTRY,huft_build-13496)
204	0.478297	FalseGround	Unlabelled	SPOkGoodGood	Alarm(_G_-ENTRY,build_tree-14501)
205	0.471684	FalseGround	Unlabelled	SPOkGoodGood	Alarm(_G_-ENTRY,gen_bitlen-14402)
206	0.435089	FalseGround	Unlabelled	SPOkGoodGood	Alarm(_G_-ENTRY,inflate_block-14159)
207	0.435089	FalseGround	Unlabelled	SPOkGoodGood	Alarm(_G_-ENTRY,inflate_block-14169)
208	0.430467	FalseGround	Unlabelled	SPOkGoodGood	Alarm(_G_-ENTRY,deflate-11825)
209	0.430467	FalseGround	Unlabelled	SPOkGoodGood	Alarm(_G_-ENTRY,do_list-13104)
210	0.430467	FalseGround	Unlabelled	SPOkGoodGood	Alarm(_G_-ENTRY,inflate_codes-13701)
211	0.430467	FalseGround	Unlabelled	SPOkGoodGood	Alarm(_G_-ENTRY,inflate_codes-13708)
212	0.430467	FalseGround	Unlabelled	SPOkGoodGood	Alarm(_G_-ENTRY,inflate_codes-13709)
213	0.430467	FalseGround	Unlabelled	SPOkGoodGood	Alarm(_G_-ENTRY,inflate_codes-13718)
214	0.430467	FalseGround	Unlabelled	SPOkGoodGood	Alarm(_G_-ENTRY,inflate_codes-13730)
215	0.430467	FalseGround	Unlabelled	SPOkGoodGood	Alarm(_G_-ENTRY,inflate_codes-13740)
216	0.430467	FalseGround	Unlabelled	SPOkGoodGood	Alarm(_G_-ENTRY,strlwr-15746)
217	0.430467	FalseGround	Unlabelled	SPOkGoodGood	Alarm(_G_-ENTRY,strlwr-15747)
218	0.430467	FalseGround	Unlabelled	SPOkGoodGood	Alarm(_G_-ENTRY,strlwr-15740)
219	0.430467	FalseGround	Unlabelled	SPOkGoodGood	Alarm(_G_-ENTRY,strlwr-15741)
220	0.430467	FalseGround	Unlabelled	SPOkGoodGood	Alarm(_G_-ENTRY,strlwr-15742)
221	0.430467	FalseGround	Unlabelled	SPOkGoodGood	Alarm(_G_-ENTRY,strlwr-15743)
222	0.422124	FalseGround	Unlabelled	SPOkGoodGood	Alarm(_G_-ENTRY,compress_block-14780)
223	0.419413	FalseGround	Unlabelled	SPOkGoodGood	Alarm(_G_-ENTRY,get_suffix-12585)
224	0.38742	FalseGround	Unlabelled	SPOkGoodGood	Alarm(_G_-ENTRY,add_envopt-15876)
225	0.38742	FalseGround	Unlabelled	SPOkGoodGood	Alarm(_G_-ENTRY,pqdownheap-14336)
226	0.38742	FalseGround	Unlabelled	SPOkGoodGood	Alarm(_G_-ENTRY,pqdownheap-14337)
227	0.38742	FalseGround	Unlabelled	SPOkGoodGood	Alarm(_G_-ENTRY,pqdownheap-14338)
228	0.38742	FalseGround	Unlabelled	SPOkGoodGood	Alarm(_G_-ENTRY,pqdownheap-14339)
229	0.38742	FalseGround	Unlabelled	SPOkGoodGood	Alarm(_G_-ENTRY,pqdownheap-14340)
230	0.38742	FalseGround	Unlabelled	SPOkGoodGood	Alarm(_G_-ENTRY,pqdownheap-14341)
231	0.377471	FalseGround	Unlabelled	SPOkGoodGood	Alarm(_G_-ENTRY,get_suffix-12573)
232	0.377471	FalseGround	Unlabelled	SPOkGoodGood	Alarm(_G_-ENTRY,get_suffix-12574)
233	0.373623	FalseGround	Unlabelled	SPOkGoodGood	Alarm(_G_-ENTRY,read_tree-15376)
234	0.348678	FalseGround	Unlabelled	SPOkGoodGood	Alarm(_G_-ENTRY,inflate_dynamic-13993)
235	0.348678	FalseGround	Unlabelled	SPOkGoodGood	Alarm(_G_-ENTRY,inflate_dynamic-14003)
236	0.348678	FalseGround	Unlabelled	SPOkGoodGood	Alarm(_G_-ENTRY,inflate_dynamic-14013)
237	0.320229	FalseGround	Unlabelled	SPOkGoodGood	Alarm(_G_-ENTRY,copy_block-11504)
238	0.313811	FalseGround	Unlabelled	SPOkGoodGood	Alarm(_G_-ENTRY,main-12100)
239	0.313811	FalseGround	Unlabelled	SPOkGoodGood	Alarm(_G_-ENTRY,make_ofname-12696)
240	0.313811	FalseGround	Unlabelled	SPOkGoodGood	Alarm(_G_-ENTRY,make_ofname-12699)
241	0.313811	FalseGround	Unlabelled	SPOkGoodGood	Alarm(_G_-ENTRY,make_ofname-12681)
242	0.313811	TrueGround	Unlabelled	SPOkGoodGood	Alarm(_G_-ENTRY,make_ofname-12695)
243	0.292911	FalseGround	Unlabelled	SPOkGoodGood	Alarm(_G_-ENTRY,deflate_fast-11738)
244	0.292911	FalseGround	Unlabelled	SPOkGoodGood	Alarm(_G_-ENTRY,deflate_fast-11746)
245	0.292911	FalseGround	Unlabelled	SPOkGoodGood	Alarm(_G_-ENTRY,deflate_fast-11747)
246	0.292911	FalseGround	Unlabelled	SPOkGoodGood	Alarm(_G_-ENTRY,send_tree-14588)
247	0.292911	FalseGround	Unlabelled	SPOkGoodGood	Alarm(_G_-ENTRY,unpack-15431)
248	0.254187	FalseGround	Unlabelled	SPOkGoodGood	Alarm(_G_-ENTRY,copy_block-11490)
249	0.254187	FalseGround	Unlabelled	SPOkGoodGood	Alarm(_G_-ENTRY,deflate-11826)
250	0.254187	FalseGround	Unlabelled	SPOkGoodGood	Alarm(_G_-ENTRY,get_method-12969)
251	0.254187	FalseGround	Unlabelled	SPOkGoodGood	Alarm(_G_-ENTRY,inflate_codes-13763)
252	0.254187	FalseGround	Unlabelled	SPOkGoodGood	Alarm(_G_-ENTRY,inflate_dynamic-14024)
253	0.254187	FalseGround	Unlabelled	SPOkGoodGood	Alarm(_G_-ENTRY,deflate-11847)
254	0.254187	FalseGround	Unlabelled	SPOkGoodGood	Alarm(_G_-ENTRY,add_envopt-15837)
255	0.249773	FalseGround	Unlabelled	SPOkGoodGood	Alarm(_G_-ENTRY,get_istat-12626)
256	0.249773	FalseGround	Unlabelled	SPOkGoodGood	Alarm(_G_-ENTRY,get_istat-12627)
257	0.249773	TrueGround	Unlabelled	SPOkGoodGood	Alarm(_G_-ENTRY,get_istat-12629)
258	0.24369	FalseGround	Unlabelled	SPOkGoodGood	Alarm(_G_-ENTRY,read_tree-15377)
259	0.213532	FalseGround	Unlabelled	SPOkGoodGood	Alarm(_G_-ENTRY,deflate_fast-11751)
260	0.213532	FalseGround	Unlabelled	SPOkGoodGood	Alarm(_G_-ENTRY,deflate_fast-11756)
261	0.202316	FalseGround	Unlabelled	SPOkGoodGood	Alarm(_G_-ENTRY,get_istat-12609)
262	0.202316	FalseGround	Unlabelled	SPOkGoodGood	Alarm(_G_-ENTRY,get_istat-12610)
263	0.180773	FalseGround	Unlabelled	SPOkGoodGood	Alarm(_G_-ENTRY,fillbuf-14826)
264	0.175076	FalseGround	Unlabelled	SPOkGoodGood	Alarm(_G_-ENTRY,read_tree-15382)
265	0.137724	FalseGround	Unlabelled	SPOkGoodGood	Alarm(_G_-ENTRY,read_tree-15366)
266	0.137724	FalseGround	Unlabelled	SPOkGoodGood	Alarm(_G_-ENTRY,read_tree-15369)
267	0.137724	FalseGround	Unlabelled	SPOkGoodGood	Alarm(_G_-ENTRY,read_tree-15370)
268	0.137724	FalseGround	Unlabelled	SPOkGoodGood	Alarm(_G_-ENTRY,read_tree-15373)
269	0.135085	FalseGround	Unlabelled	SPOkGoodGood	Alarm(_G_-ENTRY,add_envopt-15845)
270	0.135085	FalseGround	Unlabelled	SPOkGoodGood	Alarm(_G_-ENTRY,decode-15112)
271	0.135085	TrueGround	Unlabelled	SPOkGoodGood	Alarm(_G_-ENTRY,shorten_name-13222)
272	0.135085	FalseGround	Unlabelled	SPOkGoodGood	Alarm(_G_-ENTRY,unlzw-15280)
273	0.135085	FalseGround	Unlabelled	SPOkGoodGood	Alarm(_G_-ENTRY,unlzw-15281)
274	0.135085	FalseGround	Unlabelled	SPOkGoodGood	Alarm(_G_-ENTRY,unlzw-15283)
275	0.135085	FalseGround	Unlabelled	SPOkGoodGood	Alarm(_G_-ENTRY,unlzw-15297)
276	0.135085	FalseGround	Unlabelled	SPOkGoodGood	Alarm(_G_-ENTRY,unlzw-15298)
277	0.135016	FalseGround	Unlabelled	SPOkGoodGood	Alarm(_G_-ENTRY,bi_windup-11448)
278	0.135016	FalseGround	Unlabelled	SPOkGoodGood	Alarm(_G_-ENTRY,bi_windup-11456)
279	0.126089	FalseGround	Unlabelled	SPOkGoodGood	Alarm(_G_-ENTRY,deflate_fast-11741)
280	0.121577	FalseGround	Unlabelled	SPOkGoodGood	Alarm(_G_-ENTRY,zip-16195)
281	0.121577	FalseGround	Unlabelled	SPOkGoodGood	Alarm(_G_-ENTRY,zip-16199)
282	0.121577	FalseGround	Unlabelled	SPOkGoodGood	Alarm(_G_-ENTRY,zip-16209)
283	0.121577	FalseGround	Unlabelled	SPOkGoodGood	Alarm(_G_-ENTRY,zip-16213)
284	0.121577	FalseGround	Unlabelled	SPOkGoodGood	Alarm(_G_-ENTRY,zip-16223)
285	0.121577	FalseGround	Unlabelled	SPOkGoodGood	Alarm(_G_-ENTRY,zip-16227)
286	0.121577	FalseGround	Unlabelled	SPOkGoodGood	Alarm(_G_-ENTRY,zip-16237)
287	0.121577	FalseGround	Unlabelled	SPOkGoodGood	Alarm(_G_-ENTRY,zip-16241)
288	0.109419	FalseGround	Unlabelled	SPOkGoodGood	Alarm(_G_-ENTRY,add_envopt-15810)
289	0.109419	FalseGround	Unlabelled	SPOkGoodGood	Alarm(_G_-ENTRY,add_envopt-15811)
290	0.109419	FalseGround	Unlabelled	SPOkGoodGood	Alarm(_G_-ENTRY,add_envopt-15812)
291	0.109419	FalseGround	Unlabelled	SPOkGoodGood	Alarm(_G_-ENTRY,add_envopt-15813)
292	0.109419	FalseGround	Unlabelled	SPOkGoodGood	Alarm(_G_-ENTRY,add_envopt-15814)
293	0.109419	FalseGround	Unlabelled	SPOkGoodGood	Alarm(_G_-ENTRY,add_envopt-15815)
294	0.109419	FalseGround	Unlabelled	SPOkGoodGood	Alarm(_G_-ENTRY,add_envopt-15822)
295	0.109419	FalseGround	Unlabelled	SPOkGoodGood	Alarm(_G_-ENTRY,add_envopt-15823)
296	0.109419	FalseGround	Unlabelled	SPOkGoodGood	Alarm(_G_-ENTRY,bi_windup-11452)
297	0.109419	FalseGround	Unlabelled	SPOkGoodGood	Alarm(_G_-ENTRY,copy_block-11508)
298	0.109419	FalseGround	Unlabelled	SPOkGoodGood	Alarm(_G_-ENTRY,copy_block-11516)
299	0.0984771	FalseGround	Unlabelled	SPOkGoodGood	Alarm(_G_-ENTRY,shorten_name-13176)
300	0.0984771	FalseGround	Unlabelled	SPOkGoodGood	Alarm(_G_-ENTRY,shorten_name-13177)
301	0.0927352	FalseGround	Unlabelled	SPOkGoodGood	Alarm(_G_-ENTRY,get_istat-12612)
302	0.0927352	FalseGround	Unlabelled	SPOkGoodGood	Alarm(_G_-ENTRY,get_istat-12631)
303	0.0886294	FalseGround	Unlabelled	SPOkGoodGood	Alarm(_G_-ENTRY,get_method-12799)
304	0.0886294	FalseGround	Unlabelled	SPOkGoodGood	Alarm(_G_-ENTRY,get_method-12800)
305	0.0523348	FalseGround	Unlabelled	SPOkGoodGood	Alarm(_G_-ENTRY,longest_match-11593)
306	0.0523348	FalseGround	Unlabelled	SPOkGoodGood	Alarm(_G_-ENTRY,longest_match-11594)
307	0.048346	FalseGround	Unlabelled	SPOkGoodGood	Alarm(_G_-ENTRY,read_tree-15388)
308	0.0471013	FalseGround	Unlabelled	SPOkGoodGood	Alarm(_G_-ENTRY,inflate_stored-13856)
309	0.0471013	FalseGround	Unlabelled	SPOkGoodGood	Alarm(_G_-ENTRY,unlzw-15254)
310	0.0471013	FalseGround	Unlabelled	SPOkGoodGood	Alarm(_G_-ENTRY,unlzw-15262)
311	0.038152	FalseGround	Unlabelled	SPOkGoodGood	Alarm(_G_-ENTRY,inflate_stored-13828)
312	0.038152	FalseGround	Unlabelled	SPOkGoodGood	Alarm(_G_-ENTRY,inflate_stored-13838)
313	0.038152	FalseGround	Unlabelled	SPOkGoodGood	Alarm(_G_-ENTRY,read_tree-15350)
314	0.038152	FalseGround	Unlabelled	SPOkGoodGood	Alarm(_G_-ENTRY,read_tree-15357)
315	0.0343368	FalseGround	Unlabelled	SPOkGoodGood	Alarm(_G_-ENTRY,shorten_name-13180)
316	0.0343368	FalseGround	Unlabelled	SPOkGoodGood	Alarm(_G_-ENTRY,shorten_name-13181)
317	0.0309032	FalseGround	Unlabelled	SPOkGoodGood	Alarm(_G_-ENTRY,help-11861)
318	0.0309032	FalseGround	Unlabelled	SPOkGoodGood	Alarm(_G_-ENTRY,help-11862)
319	0.0309032	FalseGround	Unlabelled	SPOkGoodGood	Alarm(_G_-ENTRY,license-11872)
320	0.0309032	FalseGround	Unlabelled	SPOkGoodGood	Alarm(_G_-ENTRY,license-11873)
321	0.0306729	FalseGround	Unlabelled	SPOkGoodGood	Alarm(_G_-ENTRY,help-11868)
322	0.0306729	FalseGround	Unlabelled	SPOkGoodGood	Alarm(_G_-ENTRY,license-11878)
323	0.0133028	FalseGround	Unlabelled	SPOkGoodGood	Alarm(_G_-ENTRY,inflate_stored-13849)
324	0.0119725	FalseGround	Unlabelled	SPOkGoodGood	Alarm(_G_-ENTRY,longest_match-11595)
325	0.0119725	FalseGround	Unlabelled	SPOkGoodGood	Alarm(_G_-ENTRY,longest_match-11596)
326	0.00911323	TrueGround	Unlabelled	SPOkGoodGood	Alarm(_G_-ENTRY,shorten_name-13192)
327	0.00911323	TrueGround	Unlabelled	SPOkGoodGood	Alarm(_G_-ENTRY,shorten_name-13193)
328	0.00872796	FalseGround	Unlabelled	SPOkGoodGood	Alarm(_G_-ENTRY,add_envopt-15866)
329	0.00785517	FalseGround	Unlabelled	SPOkGoodGood	Alarm(_G_-ENTRY,shorten_name-13215)
330	0.00463472	FalseGround	Unlabelled	SPOkGoodGood	Alarm(_G_-ENTRY,shorten_name-13188)
331	0.00463472	FalseGround	Unlabelled	SPOkGoodGood	Alarm(_G_-ENTRY,shorten_name-13189)
332	0.00199668	FalseGround	Unlabelled	SPOkGoodGood	Alarm(_G_-ENTRY,longest_match-11597)
333	0.00199668	FalseGround	Unlabelled	SPOkGoodGood	Alarm(_G_-ENTRY,longest_match-11598)
334	0.00179701	FalseGround	Unlabelled	SPOkGoodGood	Alarm(_G_-ENTRY,add_envopt-15877)
335	0.000242749	FalseGround	Unlabelled	SPOkGoodGood	Alarm(_G_-ENTRY,longest_match-11599)
336	0.000242749	FalseGround	Unlabelled	SPOkGoodGood	Alarm(_G_-ENTRY,longest_match-11600)
337	2.15147e-05	FalseGround	Unlabelled	SPOkGoodGood	Alarm(_G_-ENTRY,longest_match-11601)
338	2.15147e-05	FalseGround	Unlabelled	SPOkGoodGood	Alarm(_G_-ENTRY,longest_match-11602)
339	1.39008e-06	FalseGround	Unlabelled	SPOkGoodGood	Alarm(_G_-ENTRY,longest_match-11603)
340	1.39008e-06	FalseGround	Unlabelled	SPOkGoodGood	Alarm(_G_-ENTRY,longest_match-11604)
341	6.54748e-08	FalseGround	Unlabelled	SPOkGoodGood	Alarm(_G_-ENTRY,longest_match-11605)
342	6.54748e-08	FalseGround	Unlabelled	SPOkGoodGood	Alarm(_G_-ENTRY,longest_match-11606)
343	2.2482e-09	FalseGround	Unlabelled	SPOkGoodGood	Alarm(_G_-ENTRY,longest_match-11607)
344	2.2482e-09	FalseGround	Unlabelled	SPOkGoodGood	Alarm(_G_-ENTRY,longest_match-11608)
