Rank	Confidence	Ground	Label	Comments	Tuple
1	0.873602	FalseGround	Unlabelled	SPOkGoodGood	Alarm(_G_-ENTRY,display_debug_frames-174799)
2	0.840045	FalseGround	Unlabelled	SPOkGoodGood	Alarm(_G_-ENTRY,display_debug_frames-174825)
3	0.824753	FalseGround	Unlabelled	SPOkGoodGood	Alarm(_G_-ENTRY,display_debug_frames-174823)
4	0.823977	FalseGround	Unlabelled	SPOkGoodGood	Alarm(_G_-ENTRY,display_debug_frames-174797)
5	0.812598	FalseGround	Unlabelled	SPOkGoodGood	Alarm(_G_-ENTRY,display_debug_frames-174924)
6	0.74257	FalseGround	Unlabelled	SPOkGoodGood	Alarm(_G_-ENTRY,display_debug_frames-174803)
7	0.74257	FalseGround	Unlabelled	SPOkGoodGood	Alarm(_G_-ENTRY,display_debug_frames-174804)
8	0.74257	FalseGround	Unlabelled	SPOkGoodGood	Alarm(_G_-ENTRY,display_debug_frames-174817)
9	0.729315	FalseGround	Unlabelled	SPOkGoodGood	Alarm(_G_-ENTRY,display_debug_loc-173191)
10	0.701369	FalseGround	Unlabelled	SPOkGoodGood	Alarm(_G_-ENTRY,display_debug_frames-174807)
11	0.678498	FalseGround	Unlabelled	SPOkGoodGood	Alarm(_G_-ENTRY,decode_tic6x_unwind_bytecode-202777)
12	0.678498	FalseGround	Unlabelled	SPOkGoodGood	Alarm(_G_-ENTRY,decode_tic6x_unwind_bytecode-202778)
13	0.678498	FalseGround	Unlabelled	SPOkGoodGood	Alarm(_G_-ENTRY,decode_tic6x_unwind_bytecode-202781)
14	0.678498	FalseGround	Unlabelled	SPOkGoodGood	Alarm(_G_-ENTRY,decode_tic6x_unwind_bytecode-202789)
15	0.657917	FalseGround	Unlabelled	SPOkGoodGood	Alarm(_G_-ENTRY,buildargv-165204)
16	0.657917	FalseGround	Unlabelled	SPOkGoodGood	Alarm(_G_-ENTRY,display_debug_frames-174831)
17	0.657917	FalseGround	Unlabelled	SPOkGoodGood	Alarm(_G_-ENTRY,process_symbol_table-206628)
18	0.657917	FalseGround	Unlabelled	SPOkGoodGood	Alarm(_G_-ENTRY,process_symbol_table-206635)
19	0.657917	FalseGround	Unlabelled	SPOkGoodGood	Alarm(_G_-ENTRY,process_symbol_table-206640)
20	0.653291	FalseGround	Unlabelled	SPOkGoodGood	Alarm(_G_-ENTRY,display_debug_addr-173661)
21	0.653291	FalseGround	Unlabelled	SPOkGoodGood	Alarm(_G_-ENTRY,display_debug_addr-173662)
22	0.648896	FalseGround	Unlabelled	SPOkGoodGood	Alarm(_G_-ENTRY,buildargv-165228)
23	0.648896	FalseGround	Unlabelled	SPOkGoodGood	Alarm(_G_-ENTRY,display_debug_frames-174771)
24	0.645842	FalseGround	Unlabelled	SPOkGoodGood	Alarm(_G_-ENTRY,byte_regex_compile-146972)
25	0.645842	FalseGround	Unlabelled	SPOkGoodGood	Alarm(_G_-ENTRY,process_archive-212872)
26	0.640345	FalseGround	Unlabelled	SPOkGoodGood	Alarm(_G_-ENTRY,process_symbol_table-206596)
27	0.590487	FalseGround	Unlabelled	SPOkGoodGood	Alarm(_G_-ENTRY,byte_get_big_endian-155177)
28	0.590487	FalseGround	Unlabelled	SPOkGoodGood	Alarm(_G_-ENTRY,byte_get_big_endian-155178)
29	0.590487	FalseGround	Unlabelled	SPOkGoodGood	Alarm(_G_-ENTRY,byte_get_big_endian-155179)
30	0.590487	FalseGround	Unlabelled	SPOkGoodGood	Alarm(_G_-ENTRY,byte_get_big_endian-155180)
31	0.590487	FalseGround	Unlabelled	SPOkGoodGood	Alarm(_G_-ENTRY,byte_get_big_endian-155182)
32	0.590487	FalseGround	Unlabelled	SPOkGoodGood	Alarm(_G_-ENTRY,byte_get_big_endian-155185)
33	0.590487	FalseGround	Unlabelled	SPOkGoodGood	Alarm(_G_-ENTRY,byte_get_big_endian-155187)
34	0.590487	FalseGround	Unlabelled	SPOkGoodGood	Alarm(_G_-ENTRY,byte_get_big_endian-155190)
35	0.590487	FalseGround	Unlabelled	SPOkGoodGood	Alarm(_G_-ENTRY,byte_get_big_endian-155192)
36	0.590487	FalseGround	Unlabelled	SPOkGoodGood	Alarm(_G_-ENTRY,byte_get_big_endian-155195)
37	0.590487	FalseGround	Unlabelled	SPOkGoodGood	Alarm(_G_-ENTRY,byte_get_big_endian-155197)
38	0.590487	FalseGround	Unlabelled	SPOkGoodGood	Alarm(_G_-ENTRY,byte_get_big_endian-155200)
39	0.590487	FalseGround	Unlabelled	SPOkGoodGood	Alarm(_G_-ENTRY,byte_get_little_endian-155128)
40	0.590487	FalseGround	Unlabelled	SPOkGoodGood	Alarm(_G_-ENTRY,byte_get_little_endian-155129)
41	0.590487	FalseGround	Unlabelled	SPOkGoodGood	Alarm(_G_-ENTRY,byte_get_little_endian-155130)
42	0.590487	FalseGround	Unlabelled	SPOkGoodGood	Alarm(_G_-ENTRY,byte_get_little_endian-155131)
43	0.590487	FalseGround	Unlabelled	SPOkGoodGood	Alarm(_G_-ENTRY,byte_get_little_endian-155133)
44	0.590487	FalseGround	Unlabelled	SPOkGoodGood	Alarm(_G_-ENTRY,byte_get_little_endian-155135)
45	0.590487	FalseGround	Unlabelled	SPOkGoodGood	Alarm(_G_-ENTRY,byte_get_little_endian-155137)
46	0.590487	FalseGround	Unlabelled	SPOkGoodGood	Alarm(_G_-ENTRY,byte_get_little_endian-155139)
47	0.590487	FalseGround	Unlabelled	SPOkGoodGood	Alarm(_G_-ENTRY,byte_get_little_endian-155141)
48	0.590487	FalseGround	Unlabelled	SPOkGoodGood	Alarm(_G_-ENTRY,byte_get_little_endian-155143)
49	0.590487	FalseGround	Unlabelled	SPOkGoodGood	Alarm(_G_-ENTRY,byte_get_little_endian-155145)
50	0.590487	FalseGround	Unlabelled	SPOkGoodGood	Alarm(_G_-ENTRY,byte_get_little_endian-155147)
51	0.590472	FalseGround	Unlabelled	SPOkGoodGood	Alarm(_G_-ENTRY,request_dump_bynumber-197229)
52	0.590472	FalseGround	Unlabelled	SPOkGoodGood	Alarm(_G_-ENTRY,request_dump_bynumber-197233)
53	0.576329	FalseGround	Unlabelled	SPOkGoodGood	Alarm(_G_-ENTRY,display_debug_frames-174293)
54	0.576329	FalseGround	Unlabelled	SPOkGoodGood	Alarm(_G_-ENTRY,display_debug_frames-174294)
55	0.574012	FalseGround	Unlabelled	SPOkGoodGood	Alarm(_G_-ENTRY,display_debug_lines_decoded-171337)
56	0.563733	FalseGround	Unlabelled	SPOkGoodGood	Alarm(_G_-ENTRY,process_symbol_table-206314)
57	0.563733	FalseGround	Unlabelled	SPOkGoodGood	Alarm(_G_-ENTRY,process_symbol_table-206315)
58	0.562923	FalseGround	Unlabelled	SPOkGoodGood	Alarm(_G_-ENTRY,display_debug_frames-174755)
59	0.562923	FalseGround	Unlabelled	SPOkGoodGood	Alarm(_G_-ENTRY,display_debug_frames-174802)
60	0.562923	FalseGround	Unlabelled	SPOkGoodGood	Alarm(_G_-ENTRY,display_debug_frames-174805)
61	0.562923	FalseGround	Unlabelled	SPOkGoodGood	Alarm(_G_-ENTRY,display_debug_frames-174806)
62	0.562923	FalseGround	Unlabelled	SPOkGoodGood	Alarm(_G_-ENTRY,display_debug_frames-174814)
63	0.562923	FalseGround	Unlabelled	SPOkGoodGood	Alarm(_G_-ENTRY,display_debug_frames-174821)
64	0.562923	FalseGround	Unlabelled	SPOkGoodGood	Alarm(_G_-ENTRY,process_section_groups-200302)
65	0.562399	FalseGround	Unlabelled	SPOkGoodGood	Alarm(_G_-ENTRY,ada_demangle-156458)
66	0.562399	FalseGround	Unlabelled	SPOkGoodGood	Alarm(_G_-ENTRY,display_debug_loc-173182)
67	0.562399	FalseGround	Unlabelled	SPOkGoodGood	Alarm(_G_-ENTRY,process_symbol_table-206603)
68	0.562399	FalseGround	Unlabelled	SPOkGoodGood	Alarm(_G_-ENTRY,process_symbol_table-206639)
69	0.559511	FalseGround	Unlabelled	SPOkGoodGood	Alarm(_G_-ENTRY,display_debug_lines_decoded-171378)
70	0.525416	FalseGround	Unlabelled	SPOkGoodGood	Alarm(_G_-ENTRY,process_unwind-203340)
71	0.517229	FalseGround	Unlabelled	SPOkGoodGood	Alarm(_G_-ENTRY,display_debug_frames-175197)
72	0.517229	FalseGround	Unlabelled	SPOkGoodGood	Alarm(_G_-ENTRY,display_debug_frames-175201)
73	0.517229	FalseGround	Unlabelled	SPOkGoodGood	Alarm(_G_-ENTRY,display_debug_frames-175205)
74	0.517229	FalseGround	Unlabelled	SPOkGoodGood	Alarm(_G_-ENTRY,display_debug_frames-175206)
75	0.51651	FalseGround	Unlabelled	SPOkGoodGood	Alarm(_G_-ENTRY,byte_put_big_endian-165512)
76	0.51651	FalseGround	Unlabelled	SPOkGoodGood	Alarm(_G_-ENTRY,byte_put_big_endian-165513)
77	0.51651	FalseGround	Unlabelled	SPOkGoodGood	Alarm(_G_-ENTRY,byte_put_big_endian-165514)
78	0.51651	FalseGround	Unlabelled	SPOkGoodGood	Alarm(_G_-ENTRY,byte_put_big_endian-165515)
79	0.51651	FalseGround	Unlabelled	SPOkGoodGood	Alarm(_G_-ENTRY,byte_put_big_endian-165518)
80	0.51651	FalseGround	Unlabelled	SPOkGoodGood	Alarm(_G_-ENTRY,byte_put_big_endian-165520)
81	0.51651	FalseGround	Unlabelled	SPOkGoodGood	Alarm(_G_-ENTRY,byte_put_big_endian-165522)
82	0.51651	FalseGround	Unlabelled	SPOkGoodGood	Alarm(_G_-ENTRY,byte_put_big_endian-165524)
83	0.51651	FalseGround	Unlabelled	SPOkGoodGood	Alarm(_G_-ENTRY,byte_put_little_endian-165485)
84	0.51651	FalseGround	Unlabelled	SPOkGoodGood	Alarm(_G_-ENTRY,byte_put_little_endian-165486)
85	0.51651	FalseGround	Unlabelled	SPOkGoodGood	Alarm(_G_-ENTRY,byte_put_little_endian-165487)
86	0.51651	FalseGround	Unlabelled	SPOkGoodGood	Alarm(_G_-ENTRY,byte_put_little_endian-165488)
87	0.51651	FalseGround	Unlabelled	SPOkGoodGood	Alarm(_G_-ENTRY,byte_put_little_endian-165489)
88	0.51651	FalseGround	Unlabelled	SPOkGoodGood	Alarm(_G_-ENTRY,byte_put_little_endian-165490)
89	0.51651	FalseGround	Unlabelled	SPOkGoodGood	Alarm(_G_-ENTRY,byte_put_little_endian-165491)
90	0.51651	FalseGround	Unlabelled	SPOkGoodGood	Alarm(_G_-ENTRY,byte_put_little_endian-165492)
91	0.511083	FalseGround	Unlabelled	SPOkGoodGood	Alarm(_G_-ENTRY,process_section_groups-200280)
92	0.501138	FalseGround	Unlabelled	SPOkGoodGood	Alarm(_G_-ENTRY,display_debug_addr-173655)
93	0.499758	FalseGround	Unlabelled	SPOkGoodGood	Alarm(_G_-ENTRY,buildargv-165226)
94	0.499758	FalseGround	Unlabelled	SPOkGoodGood	Alarm(_G_-ENTRY,display_debug_frames-174732)
95	0.499758	FalseGround	Unlabelled	SPOkGoodGood	Alarm(_G_-ENTRY,display_debug_frames-174734)
96	0.499758	FalseGround	Unlabelled	SPOkGoodGood	Alarm(_G_-ENTRY,display_debug_frames-174735)
97	0.499758	FalseGround	Unlabelled	SPOkGoodGood	Alarm(_G_-ENTRY,display_debug_frames-174741)
98	0.499758	FalseGround	Unlabelled	SPOkGoodGood	Alarm(_G_-ENTRY,display_debug_frames-174747)
99	0.499758	FalseGround	Unlabelled	SPOkGoodGood	Alarm(_G_-ENTRY,display_debug_frames-174752)
100	0.499758	FalseGround	Unlabelled	SPOkGoodGood	Alarm(_G_-ENTRY,display_debug_frames-174761)
101	0.499758	FalseGround	Unlabelled	SPOkGoodGood	Alarm(_G_-ENTRY,display_debug_frames-174762)
102	0.499758	FalseGround	Unlabelled	SPOkGoodGood	Alarm(_G_-ENTRY,display_debug_frames-174768)
103	0.499758	FalseGround	Unlabelled	SPOkGoodGood	Alarm(_G_-ENTRY,display_debug_frames-174769)
104	0.499758	FalseGround	Unlabelled	SPOkGoodGood	Alarm(_G_-ENTRY,display_debug_frames-174772)
105	0.499758	FalseGround	Unlabelled	SPOkGoodGood	Alarm(_G_-ENTRY,display_debug_frames-174773)
106	0.499758	FalseGround	Unlabelled	SPOkGoodGood	Alarm(_G_-ENTRY,display_debug_frames-174775)
107	0.499758	FalseGround	Unlabelled	SPOkGoodGood	Alarm(_G_-ENTRY,display_debug_frames-174778)
108	0.499758	FalseGround	Unlabelled	SPOkGoodGood	Alarm(_G_-ENTRY,display_debug_frames-174784)
109	0.499758	FalseGround	Unlabelled	SPOkGoodGood	Alarm(_G_-ENTRY,display_debug_frames-174785)
110	0.499758	FalseGround	Unlabelled	SPOkGoodGood	Alarm(_G_-ENTRY,display_debug_frames-174788)
111	0.499758	TrueGround	Unlabelled	SPOkGoodGood	Alarm(_G_-ENTRY,process_cu_tu_index-176420)
112	0.499758	FalseGround	Unlabelled	SPOkGoodGood	Alarm(_G_-ENTRY,process_cu_tu_index-176431)
113	0.499758	FalseGround	Unlabelled	SPOkGoodGood	Alarm(_G_-ENTRY,process_cu_tu_index-176468)
114	0.499758	FalseGround	Unlabelled	SPOkGoodGood	Alarm(_G_-ENTRY,process_section_groups-200272)
115	0.499758	FalseGround	Unlabelled	SPOkGoodGood	Alarm(_G_-ENTRY,process_section_groups-200284)
116	0.499758	FalseGround	Unlabelled	SPOkGoodGood	Alarm(_G_-ENTRY,process_section_groups-200303)
117	0.499758	FalseGround	Unlabelled	SPOkGoodGood	Alarm(_G_-ENTRY,process_section_groups-200304)
118	0.494448	FalseGround	Unlabelled	SPOkGoodGood	Alarm(_G_-ENTRY,display_debug_frames-174287)
119	0.494448	FalseGround	Unlabelled	SPOkGoodGood	Alarm(_G_-ENTRY,display_debug_frames-174288)
120	0.489985	FalseGround	Unlabelled	SPOkGoodGood	Alarm(_G_-ENTRY,display_debug_frames-174329)
121	0.489985	FalseGround	Unlabelled	SPOkGoodGood	Alarm(_G_-ENTRY,display_debug_frames-174330)
122	0.469764	FalseGround	Unlabelled	SPOkGoodGood	Alarm(_G_-ENTRY,process_unwind-203325)
123	0.469764	FalseGround	Unlabelled	SPOkGoodGood	Alarm(_G_-ENTRY,process_unwind-203326)
124	0.469764	FalseGround	Unlabelled	SPOkGoodGood	Alarm(_G_-ENTRY,process_unwind-203327)
125	0.469764	FalseGround	Unlabelled	SPOkGoodGood	Alarm(_G_-ENTRY,process_unwind-203328)
126	0.447398	FalseGround	Unlabelled	SPOkGoodGood	Alarm(_G_-ENTRY,display_debug_loc-173092)
127	0.447398	FalseGround	Unlabelled	SPOkGoodGood	Alarm(_G_-ENTRY,display_debug_loc-173093)
128	0.424852	FalseGround	Unlabelled	SPOkGoodGood	Alarm(_G_-ENTRY,display_debug_lines_decoded-171302)
129	0.424852	FalseGround	Unlabelled	SPOkGoodGood	Alarm(_G_-ENTRY,display_debug_lines_decoded-171306)
130	0.424852	FalseGround	Unlabelled	SPOkGoodGood	Alarm(_G_-ENTRY,display_debug_lines_decoded-171309)
131	0.424852	FalseGround	Unlabelled	SPOkGoodGood	Alarm(_G_-ENTRY,display_debug_lines_decoded-171312)
132	0.424852	FalseGround	Unlabelled	SPOkGoodGood	Alarm(_G_-ENTRY,display_debug_lines_decoded-171334)
133	0.424852	FalseGround	Unlabelled	SPOkGoodGood	Alarm(_G_-ENTRY,display_debug_lines_decoded-171336)
134	0.424852	FalseGround	Unlabelled	SPOkGoodGood	Alarm(_G_-ENTRY,display_debug_lines_decoded-171387)
135	0.424852	FalseGround	Unlabelled	SPOkGoodGood	Alarm(_G_-ENTRY,display_debug_lines_decoded-171394)
136	0.424852	FalseGround	Unlabelled	SPOkGoodGood	Alarm(_G_-ENTRY,display_debug_lines_decoded-171401)
137	0.41013	FalseGround	Unlabelled	SPOkGoodGood	Alarm(_G_-ENTRY,slurp_ia64_unwind_table-201021)
138	0.41013	FalseGround	Unlabelled	SPOkGoodGood	Alarm(_G_-ENTRY,slurp_ia64_unwind_table-201023)
139	0.41013	FalseGround	Unlabelled	SPOkGoodGood	Alarm(_G_-ENTRY,slurp_ia64_unwind_table-201025)
140	0.409006	FalseGround	Unlabelled	SPOkGoodGood	Alarm(_G_-ENTRY,process_object-212684)
141	0.404804	FalseGround	Unlabelled	SPOkGoodGood	Alarm(_G_-ENTRY,display_debug_frames-174267)
142	0.404804	FalseGround	Unlabelled	SPOkGoodGood	Alarm(_G_-ENTRY,display_debug_frames-174268)
143	0.404804	FalseGround	Unlabelled	SPOkGoodGood	Alarm(_G_-ENTRY,display_debug_frames-174279)
144	0.404804	FalseGround	Unlabelled	SPOkGoodGood	Alarm(_G_-ENTRY,display_debug_frames-174280)
145	0.404804	FalseGround	Unlabelled	SPOkGoodGood	Alarm(_G_-ENTRY,display_debug_frames-174281)
146	0.404804	FalseGround	Unlabelled	SPOkGoodGood	Alarm(_G_-ENTRY,display_debug_frames-174282)
147	0.404804	FalseGround	Unlabelled	SPOkGoodGood	Alarm(_G_-ENTRY,display_debug_frames-174283)
148	0.404804	FalseGround	Unlabelled	SPOkGoodGood	Alarm(_G_-ENTRY,display_debug_frames-174284)
149	0.404804	FalseGround	Unlabelled	SPOkGoodGood	Alarm(_G_-ENTRY,display_debug_frames-174285)
150	0.404804	FalseGround	Unlabelled	SPOkGoodGood	Alarm(_G_-ENTRY,display_debug_frames-174286)
151	0.404618	FalseGround	Unlabelled	SPOkGoodGood	Alarm(_G_-ENTRY,display_debug_loc-173114)
152	0.404618	FalseGround	Unlabelled	SPOkGoodGood	Alarm(_G_-ENTRY,display_debug_loc-173115)
153	0.40316	FalseGround	Unlabelled	SPOkGoodGood	Alarm(_G_-ENTRY,display_debug_loc-173086)
154	0.40316	FalseGround	Unlabelled	SPOkGoodGood	Alarm(_G_-ENTRY,display_debug_loc-173087)
155	0.394546	FalseGround	Unlabelled	SPOkGoodGood	Alarm(_G_-ENTRY,display_debug_str-173308)
156	0.373623	FalseGround	Unlabelled	SPOkGoodGood	Alarm(_G_-ENTRY,ada_demangle-156432)
157	0.373623	FalseGround	Unlabelled	SPOkGoodGood	Alarm(_G_-ENTRY,display_debug_addr-173644)
158	0.373623	FalseGround	Unlabelled	SPOkGoodGood	Alarm(_G_-ENTRY,display_debug_addr-173651)
159	0.373623	FalseGround	Unlabelled	SPOkGoodGood	Alarm(_G_-ENTRY,display_debug_addr-173652)
160	0.373623	FalseGround	Unlabelled	SPOkGoodGood	Alarm(_G_-ENTRY,display_debug_frames-174810)
161	0.373623	FalseGround	Unlabelled	SPOkGoodGood	Alarm(_G_-ENTRY,display_debug_frames-174931)
162	0.373623	FalseGround	Unlabelled	SPOkGoodGood	Alarm(_G_-ENTRY,display_debug_lines_decoded-171235)
163	0.373623	FalseGround	Unlabelled	SPOkGoodGood	Alarm(_G_-ENTRY,display_debug_loc-173188)
164	0.373623	FalseGround	Unlabelled	SPOkGoodGood	Alarm(_G_-ENTRY,display_debug_loc-173190)
165	0.373623	FalseGround	Unlabelled	SPOkGoodGood	Alarm(_G_-ENTRY,unw_decode_r2-177133)
166	0.373623	FalseGround	Unlabelled	SPOkGoodGood	Alarm(_G_-ENTRY,unw_decode_r2-177136)
167	0.373623	FalseGround	Unlabelled	SPOkGoodGood	Alarm(_G_-ENTRY,unw_decode_r2-177139)
168	0.368161	FalseGround	Unlabelled	SPOkGoodGood	Alarm(_G_-ENTRY,expandargv-165374)
169	0.353033	FalseGround	Unlabelled	SPOkGoodGood	Alarm(_G_-ENTRY,byte_regex_compile-146757)
170	0.353033	FalseGround	Unlabelled	SPOkGoodGood	Alarm(_G_-ENTRY,byte_regex_compile-146883)
171	0.353033	FalseGround	Unlabelled	SPOkGoodGood	Alarm(_G_-ENTRY,decode_tic6x_unwind_bytecode-202782)
172	0.353033	FalseGround	Unlabelled	SPOkGoodGood	Alarm(_G_-ENTRY,display_debug_frames-174880)
173	0.353033	FalseGround	Unlabelled	SPOkGoodGood	Alarm(_G_-ENTRY,display_debug_frames-175068)
174	0.353033	FalseGround	Unlabelled	SPOkGoodGood	Alarm(_G_-ENTRY,display_debug_frames-175069)
175	0.353033	FalseGround	Unlabelled	SPOkGoodGood	Alarm(_G_-ENTRY,display_debug_frames-175070)
176	0.353033	FalseGround	Unlabelled	SPOkGoodGood	Alarm(_G_-ENTRY,display_debug_frames-175078)
177	0.353033	FalseGround	Unlabelled	SPOkGoodGood	Alarm(_G_-ENTRY,display_debug_frames-175079)
178	0.353033	FalseGround	Unlabelled	SPOkGoodGood	Alarm(_G_-ENTRY,display_debug_frames-175080)
179	0.353033	FalseGround	Unlabelled	SPOkGoodGood	Alarm(_G_-ENTRY,display_debug_frames-175088)
180	0.353033	FalseGround	Unlabelled	SPOkGoodGood	Alarm(_G_-ENTRY,display_debug_frames-175089)
181	0.353033	FalseGround	Unlabelled	SPOkGoodGood	Alarm(_G_-ENTRY,display_debug_frames-175090)
182	0.353033	FalseGround	Unlabelled	SPOkGoodGood	Alarm(_G_-ENTRY,display_debug_frames-175321)
183	0.353033	FalseGround	Unlabelled	SPOkGoodGood	Alarm(_G_-ENTRY,display_debug_frames-175322)
184	0.353033	FalseGround	Unlabelled	SPOkGoodGood	Alarm(_G_-ENTRY,display_debug_frames-175323)
185	0.353033	FalseGround	Unlabelled	SPOkGoodGood	Alarm(_G_-ENTRY,dynamic_section_mips_val-203415)
186	0.353033	FalseGround	Unlabelled	SPOkGoodGood	Alarm(_G_-ENTRY,process_gnu_liblist-211112)
187	0.353033	FalseGround	Unlabelled	SPOkGoodGood	Alarm(_G_-ENTRY,process_mips_specific-210324)
188	0.345562	FalseGround	Unlabelled	SPOkGoodGood	Alarm(_G_-ENTRY,display_debug_loc-173192)
189	0.34413	FalseGround	Unlabelled	SPOkGoodGood	Alarm(_G_-ENTRY,display_debug_lines_decoded-171117)
190	0.34413	FalseGround	Unlabelled	SPOkGoodGood	Alarm(_G_-ENTRY,display_debug_lines_decoded-171118)
191	0.3409	FalseGround	Unlabelled	SPOkGoodGood	Alarm(_G_-ENTRY,decode_location_expression-167343)
192	0.3409	FalseGround	Unlabelled	SPOkGoodGood	Alarm(_G_-ENTRY,decode_location_expression-167608)
193	0.3409	FalseGround	Unlabelled	SPOkGoodGood	Alarm(_G_-ENTRY,frame_display_row-174119)
194	0.3409	FalseGround	Unlabelled	SPOkGoodGood	Alarm(_G_-ENTRY,frame_display_row-174128)
195	0.313811	FalseGround	Unlabelled	SPOkGoodGood	Alarm(_G_-ENTRY,C_alloca-165440)
196	0.313811	FalseGround	Unlabelled	SPOkGoodGood	Alarm(_G_-ENTRY,byte_re_compile_fastmap-147677)
197	0.313811	FalseGround	Unlabelled	SPOkGoodGood	Alarm(_G_-ENTRY,byte_re_compile_fastmap-147722)
198	0.313811	FalseGround	Unlabelled	SPOkGoodGood	Alarm(_G_-ENTRY,byte_re_compile_fastmap-147730)
199	0.313811	FalseGround	Unlabelled	SPOkGoodGood	Alarm(_G_-ENTRY,byte_re_compile_fastmap-147735)
200	0.313811	FalseGround	Unlabelled	SPOkGoodGood	Alarm(_G_-ENTRY,byte_re_match_2_internal-148793)
201	0.313811	FalseGround	Unlabelled	SPOkGoodGood	Alarm(_G_-ENTRY,byte_re_match_2_internal-148802)
202	0.313811	FalseGround	Unlabelled	SPOkGoodGood	Alarm(_G_-ENTRY,byte_re_match_2_internal-148805)
203	0.313811	FalseGround	Unlabelled	SPOkGoodGood	Alarm(_G_-ENTRY,byte_re_match_2_internal-148808)
204	0.313811	FalseGround	Unlabelled	SPOkGoodGood	Alarm(_G_-ENTRY,byte_re_match_2_internal-148812)
205	0.313811	FalseGround	Unlabelled	SPOkGoodGood	Alarm(_G_-ENTRY,byte_re_match_2_internal-148815)
206	0.313811	FalseGround	Unlabelled	SPOkGoodGood	Alarm(_G_-ENTRY,byte_re_match_2_internal-148818)
207	0.313811	FalseGround	Unlabelled	SPOkGoodGood	Alarm(_G_-ENTRY,byte_re_match_2_internal-148821)
208	0.313811	FalseGround	Unlabelled	SPOkGoodGood	Alarm(_G_-ENTRY,byte_re_match_2_internal-148867)
209	0.313811	FalseGround	Unlabelled	SPOkGoodGood	Alarm(_G_-ENTRY,byte_re_match_2_internal-148876)
210	0.313811	FalseGround	Unlabelled	SPOkGoodGood	Alarm(_G_-ENTRY,byte_re_match_2_internal-148879)
211	0.313811	FalseGround	Unlabelled	SPOkGoodGood	Alarm(_G_-ENTRY,byte_re_match_2_internal-148882)
212	0.313811	FalseGround	Unlabelled	SPOkGoodGood	Alarm(_G_-ENTRY,byte_re_match_2_internal-148886)
213	0.313811	FalseGround	Unlabelled	SPOkGoodGood	Alarm(_G_-ENTRY,byte_re_match_2_internal-148889)
214	0.313811	FalseGround	Unlabelled	SPOkGoodGood	Alarm(_G_-ENTRY,byte_re_match_2_internal-148892)
215	0.313811	FalseGround	Unlabelled	SPOkGoodGood	Alarm(_G_-ENTRY,byte_re_match_2_internal-148895)
216	0.313811	FalseGround	Unlabelled	SPOkGoodGood	Alarm(_G_-ENTRY,byte_re_match_2_internal-148906)
217	0.313811	FalseGround	Unlabelled	SPOkGoodGood	Alarm(_G_-ENTRY,byte_re_match_2_internal-148915)
218	0.313811	FalseGround	Unlabelled	SPOkGoodGood	Alarm(_G_-ENTRY,byte_re_match_2_internal-148918)
219	0.313811	FalseGround	Unlabelled	SPOkGoodGood	Alarm(_G_-ENTRY,byte_re_match_2_internal-148921)
220	0.313811	FalseGround	Unlabelled	SPOkGoodGood	Alarm(_G_-ENTRY,byte_re_match_2_internal-148925)
221	0.313811	FalseGround	Unlabelled	SPOkGoodGood	Alarm(_G_-ENTRY,byte_re_match_2_internal-148928)
222	0.313811	FalseGround	Unlabelled	SPOkGoodGood	Alarm(_G_-ENTRY,byte_re_match_2_internal-148931)
223	0.313811	FalseGround	Unlabelled	SPOkGoodGood	Alarm(_G_-ENTRY,byte_re_match_2_internal-148934)
224	0.313811	FalseGround	Unlabelled	SPOkGoodGood	Alarm(_G_-ENTRY,byte_re_match_2_internal-148965)
225	0.313811	FalseGround	Unlabelled	SPOkGoodGood	Alarm(_G_-ENTRY,byte_re_match_2_internal-148968)
226	0.313811	FalseGround	Unlabelled	SPOkGoodGood	Alarm(_G_-ENTRY,byte_re_match_2_internal-148970)
227	0.313811	FalseGround	Unlabelled	SPOkGoodGood	Alarm(_G_-ENTRY,byte_re_match_2_internal-148972)
228	0.313811	FalseGround	Unlabelled	SPOkGoodGood	Alarm(_G_-ENTRY,byte_re_match_2_internal-148975)
229	0.313811	FalseGround	Unlabelled	SPOkGoodGood	Alarm(_G_-ENTRY,byte_re_match_2_internal-148977)
230	0.313811	FalseGround	Unlabelled	SPOkGoodGood	Alarm(_G_-ENTRY,byte_re_match_2_internal-148979)
231	0.313811	FalseGround	Unlabelled	SPOkGoodGood	Alarm(_G_-ENTRY,byte_re_match_2_internal-148989)
232	0.313811	FalseGround	Unlabelled	SPOkGoodGood	Alarm(_G_-ENTRY,byte_re_match_2_internal-148998)
233	0.313811	FalseGround	Unlabelled	SPOkGoodGood	Alarm(_G_-ENTRY,byte_re_match_2_internal-149001)
234	0.313811	FalseGround	Unlabelled	SPOkGoodGood	Alarm(_G_-ENTRY,byte_re_match_2_internal-149004)
235	0.313811	FalseGround	Unlabelled	SPOkGoodGood	Alarm(_G_-ENTRY,byte_re_match_2_internal-149008)
236	0.313811	FalseGround	Unlabelled	SPOkGoodGood	Alarm(_G_-ENTRY,byte_re_match_2_internal-149011)
237	0.313811	FalseGround	Unlabelled	SPOkGoodGood	Alarm(_G_-ENTRY,byte_re_match_2_internal-149014)
238	0.313811	FalseGround	Unlabelled	SPOkGoodGood	Alarm(_G_-ENTRY,byte_re_match_2_internal-149017)
239	0.313811	FalseGround	Unlabelled	SPOkGoodGood	Alarm(_G_-ENTRY,byte_re_match_2_internal-149021)
240	0.313811	FalseGround	Unlabelled	SPOkGoodGood	Alarm(_G_-ENTRY,byte_re_match_2_internal-149030)
241	0.313811	FalseGround	Unlabelled	SPOkGoodGood	Alarm(_G_-ENTRY,byte_re_match_2_internal-149033)
242	0.313811	FalseGround	Unlabelled	SPOkGoodGood	Alarm(_G_-ENTRY,byte_re_match_2_internal-149036)
243	0.313811	FalseGround	Unlabelled	SPOkGoodGood	Alarm(_G_-ENTRY,byte_re_match_2_internal-149040)
244	0.313811	FalseGround	Unlabelled	SPOkGoodGood	Alarm(_G_-ENTRY,byte_re_match_2_internal-149043)
245	0.313811	FalseGround	Unlabelled	SPOkGoodGood	Alarm(_G_-ENTRY,byte_re_match_2_internal-149046)
246	0.313811	FalseGround	Unlabelled	SPOkGoodGood	Alarm(_G_-ENTRY,byte_re_match_2_internal-149049)
247	0.313811	FalseGround	Unlabelled	SPOkGoodGood	Alarm(_G_-ENTRY,byte_re_match_2_internal-149146)
248	0.313811	FalseGround	Unlabelled	SPOkGoodGood	Alarm(_G_-ENTRY,byte_re_match_2_internal-149149)
249	0.313811	FalseGround	Unlabelled	SPOkGoodGood	Alarm(_G_-ENTRY,byte_re_match_2_internal-149151)
250	0.313811	FalseGround	Unlabelled	SPOkGoodGood	Alarm(_G_-ENTRY,byte_re_match_2_internal-149153)
251	0.313811	FalseGround	Unlabelled	SPOkGoodGood	Alarm(_G_-ENTRY,byte_re_match_2_internal-149156)
252	0.313811	FalseGround	Unlabelled	SPOkGoodGood	Alarm(_G_-ENTRY,byte_re_match_2_internal-149158)
253	0.313811	FalseGround	Unlabelled	SPOkGoodGood	Alarm(_G_-ENTRY,byte_re_match_2_internal-149160)
254	0.313811	FalseGround	Unlabelled	SPOkGoodGood	Alarm(_G_-ENTRY,byte_regex_compile-146920)
255	0.313811	FalseGround	Unlabelled	SPOkGoodGood	Alarm(_G_-ENTRY,byte_regex_compile-146921)
256	0.313811	FalseGround	Unlabelled	SPOkGoodGood	Alarm(_G_-ENTRY,byte_regex_compile-146922)
257	0.313811	FalseGround	Unlabelled	SPOkGoodGood	Alarm(_G_-ENTRY,byte_regex_compile-146923)
258	0.313811	FalseGround	Unlabelled	SPOkGoodGood	Alarm(_G_-ENTRY,byte_regex_compile-146924)
259	0.313811	FalseGround	Unlabelled	SPOkGoodGood	Alarm(_G_-ENTRY,byte_regex_compile-146925)
260	0.313811	FalseGround	Unlabelled	SPOkGoodGood	Alarm(_G_-ENTRY,byte_regex_compile-146969)
261	0.313811	FalseGround	Unlabelled	SPOkGoodGood	Alarm(_G_-ENTRY,byte_regex_compile-146970)
262	0.313811	FalseGround	Unlabelled	SPOkGoodGood	Alarm(_G_-ENTRY,byte_regex_compile-146973)
263	0.313811	FalseGround	Unlabelled	SPOkGoodGood	Alarm(_G_-ENTRY,byte_regex_compile-146975)
264	0.313811	FalseGround	Unlabelled	SPOkGoodGood	Alarm(_G_-ENTRY,display_debug_frames-174853)
265	0.313811	FalseGround	Unlabelled	SPOkGoodGood	Alarm(_G_-ENTRY,display_debug_frames-174876)
266	0.313811	FalseGround	Unlabelled	SPOkGoodGood	Alarm(_G_-ENTRY,display_debug_frames-174877)
267	0.313811	FalseGround	Unlabelled	SPOkGoodGood	Alarm(_G_-ENTRY,display_debug_frames-174878)
268	0.313811	FalseGround	Unlabelled	SPOkGoodGood	Alarm(_G_-ENTRY,display_debug_frames-174879)
269	0.313811	FalseGround	Unlabelled	SPOkGoodGood	Alarm(_G_-ENTRY,display_debug_frames-174881)
270	0.313811	FalseGround	Unlabelled	SPOkGoodGood	Alarm(_G_-ENTRY,display_debug_frames-174882)
271	0.313811	FalseGround	Unlabelled	SPOkGoodGood	Alarm(_G_-ENTRY,display_debug_frames-174883)
272	0.313811	FalseGround	Unlabelled	SPOkGoodGood	Alarm(_G_-ENTRY,display_debug_frames-174884)
273	0.313811	FalseGround	Unlabelled	SPOkGoodGood	Alarm(_G_-ENTRY,display_debug_frames-174885)
274	0.313811	FalseGround	Unlabelled	SPOkGoodGood	Alarm(_G_-ENTRY,display_debug_frames-174886)
275	0.313811	FalseGround	Unlabelled	SPOkGoodGood	Alarm(_G_-ENTRY,display_debug_frames-174888)
276	0.313811	FalseGround	Unlabelled	SPOkGoodGood	Alarm(_G_-ENTRY,display_debug_loc-173221)
277	0.313811	FalseGround	Unlabelled	SPOkGoodGood	Alarm(_G_-ENTRY,frame_display_row-174149)
278	0.313811	FalseGround	Unlabelled	SPOkGoodGood	Alarm(_G_-ENTRY,process_archive-212877)
279	0.313811	FalseGround	Unlabelled	SPOkGoodGood	Alarm(_G_-ENTRY,process_corefile_note_segment-212205)
280	0.313811	FalseGround	Unlabelled	SPOkGoodGood	Alarm(_G_-ENTRY,process_corefile_note_segment-212218)
281	0.313811	FalseGround	Unlabelled	SPOkGoodGood	Alarm(_G_-ENTRY,process_corefile_note_segment-212239)
282	0.313811	FalseGround	Unlabelled	SPOkGoodGood	Alarm(_G_-ENTRY,process_corefile_note_segment-212240)
283	0.313811	FalseGround	Unlabelled	SPOkGoodGood	Alarm(_G_-ENTRY,slurp_hppa_unwind_table-201817)
284	0.313811	FalseGround	Unlabelled	SPOkGoodGood	Alarm(_G_-ENTRY,slurp_ia64_unwind_table-201016)
285	0.313811	FalseGround	Unlabelled	SPOkGoodGood	Alarm(_G_-ENTRY,unw_decode_r2-177146)
286	0.313811	FalseGround	Unlabelled	SPOkGoodGood	Alarm(_G_-ENTRY,unw_decode_r2-177152)
287	0.313811	FalseGround	Unlabelled	SPOkGoodGood	Alarm(_G_-ENTRY,unw_decode_r2-177158)
288	0.313811	FalseGround	Unlabelled	SPOkGoodGood	Alarm(_G_-ENTRY,unw_decode_r2-177164)
289	0.302634	FalseGround	Unlabelled	SPOkGoodGood	Alarm(_G_-ENTRY,display_debug_lines_decoded-171035)
290	0.302634	FalseGround	Unlabelled	SPOkGoodGood	Alarm(_G_-ENTRY,display_debug_lines_decoded-171036)
291	0.302634	FalseGround	Unlabelled	SPOkGoodGood	Alarm(_G_-ENTRY,find_cu_tu_set_v2-168021)
292	0.302634	FalseGround	Unlabelled	SPOkGoodGood	Alarm(_G_-ENTRY,find_cu_tu_set_v2-168022)
293	0.302203	FalseGround	Unlabelled	SPOkGoodGood	Alarm(_G_-ENTRY,decode_tic6x_unwind_bytecode-202705)
294	0.302203	FalseGround	Unlabelled	SPOkGoodGood	Alarm(_G_-ENTRY,decode_tic6x_unwind_bytecode-202706)
295	0.291889	FalseGround	Unlabelled	SPOkGoodGood	Alarm(_G_-ENTRY,splay_tree_foreach_helper-142014)
296	0.290822	FalseGround	Unlabelled	SPOkGoodGood	Alarm(_G_-ENTRY,frame_need_space-174026)
297	0.290822	FalseGround	Unlabelled	SPOkGoodGood	Alarm(_G_-ENTRY,frame_need_space-174027)
298	0.288323	FalseGround	Unlabelled	SPOkGoodGood	Alarm(_G_-ENTRY,display_debug_macro-172432)
299	0.276129	FalseGround	Unlabelled	SPOkGoodGood	Alarm(_G_-ENTRY,frame_display_row-174089)
300	0.276129	FalseGround	Unlabelled	SPOkGoodGood	Alarm(_G_-ENTRY,frame_display_row-174090)
301	0.276129	FalseGround	Unlabelled	SPOkGoodGood	Alarm(_G_-ENTRY,frame_display_row-174099)
302	0.276129	FalseGround	Unlabelled	SPOkGoodGood	Alarm(_G_-ENTRY,frame_display_row-174100)
303	0.273282	FalseGround	Unlabelled	SPOkGoodGood	Alarm(_G_-ENTRY,display_debug_str-173303)
304	0.273282	FalseGround	Unlabelled	SPOkGoodGood	Alarm(_G_-ENTRY,process_object-212683)
305	0.259881	FalseGround	Unlabelled	SPOkGoodGood	Alarm(_G_-ENTRY,ia64_process_unwind-201215)
306	0.259881	FalseGround	Unlabelled	SPOkGoodGood	Alarm(_G_-ENTRY,ia64_process_unwind-201226)
307	0.254789	FalseGround	Unlabelled	SPOkGoodGood	Alarm(_G_-ENTRY,buildargv-165209)
308	0.254789	FalseGround	Unlabelled	SPOkGoodGood	Alarm(_G_-ENTRY,buildargv-165214)
309	0.254789	FalseGround	Unlabelled	SPOkGoodGood	Alarm(_G_-ENTRY,buildargv-165218)
310	0.254789	FalseGround	Unlabelled	SPOkGoodGood	Alarm(_G_-ENTRY,buildargv-165223)
311	0.254789	FalseGround	Unlabelled	SPOkGoodGood	Alarm(_G_-ENTRY,buildargv-165225)
312	0.254789	FalseGround	Unlabelled	SPOkGoodGood	Alarm(_G_-ENTRY,process_section_groups-200282)
313	0.254187	FalseGround	Unlabelled	SPOkGoodGood	Alarm(_G_-ENTRY,byte_re_compile_fastmap-147643)
314	0.254187	FalseGround	Unlabelled	SPOkGoodGood	Alarm(_G_-ENTRY,byte_re_compile_fastmap-147644)
315	0.254187	FalseGround	Unlabelled	SPOkGoodGood	Alarm(_G_-ENTRY,byte_regex_compile-146094)
316	0.254187	FalseGround	Unlabelled	SPOkGoodGood	Alarm(_G_-ENTRY,byte_regex_compile-146095)
317	0.254187	FalseGround	Unlabelled	SPOkGoodGood	Alarm(_G_-ENTRY,process_archive-212775)
318	0.254187	FalseGround	Unlabelled	SPOkGoodGood	Alarm(_G_-ENTRY,process_archive-212776)
319	0.254187	FalseGround	Unlabelled	SPOkGoodGood	Alarm(_G_-ENTRY,process_corefile_note_segment-212179)
320	0.254187	FalseGround	Unlabelled	SPOkGoodGood	Alarm(_G_-ENTRY,process_corefile_note_segment-212180)
321	0.250503	FalseGround	Unlabelled	SPOkGoodGood	Alarm(_G_-ENTRY,display_debug_macro-172185)
322	0.250503	FalseGround	Unlabelled	SPOkGoodGood	Alarm(_G_-ENTRY,display_debug_macro-172186)
323	0.219971	FalseGround	Unlabelled	SPOkGoodGood	Alarm(_G_-ENTRY,decode_arm_unwind-202969)
324	0.219971	FalseGround	Unlabelled	SPOkGoodGood	Alarm(_G_-ENTRY,decode_arm_unwind-202970)
325	0.219971	FalseGround	Unlabelled	SPOkGoodGood	Alarm(_G_-ENTRY,decode_arm_unwind-202971)
326	0.219971	FalseGround	Unlabelled	SPOkGoodGood	Alarm(_G_-ENTRY,decode_arm_unwind-202972)
327	0.210996	FalseGround	Unlabelled	SPOkGoodGood	Alarm(_G_-ENTRY,display_debug_loc-173150)
328	0.210996	FalseGround	Unlabelled	SPOkGoodGood	Alarm(_G_-ENTRY,display_debug_loc-173156)
329	0.207817	FalseGround	Unlabelled	SPOkGoodGood	Alarm(_G_-ENTRY,dump_ia64_unwind-200877)
330	0.207817	FalseGround	Unlabelled	SPOkGoodGood	Alarm(_G_-ENTRY,dump_ia64_unwind-200882)
331	0.207817	FalseGround	Unlabelled	SPOkGoodGood	Alarm(_G_-ENTRY,slurp_ia64_unwind_table-201004)
332	0.207817	FalseGround	Unlabelled	SPOkGoodGood	Alarm(_G_-ENTRY,slurp_ia64_unwind_table-201005)
333	0.207817	FalseGround	Unlabelled	SPOkGoodGood	Alarm(_G_-ENTRY,slurp_ia64_unwind_table-201006)
334	0.206379	FalseGround	Unlabelled	SPOkGoodGood	Alarm(_G_-ENTRY,buildargv-165136)
335	0.206379	FalseGround	Unlabelled	SPOkGoodGood	Alarm(_G_-ENTRY,buildargv-165137)
336	0.206379	FalseGround	Unlabelled	SPOkGoodGood	Alarm(_G_-ENTRY,buildargv-165138)
337	0.206379	FalseGround	Unlabelled	SPOkGoodGood	Alarm(_G_-ENTRY,buildargv-165139)
338	0.206379	FalseGround	Unlabelled	SPOkGoodGood	Alarm(_G_-ENTRY,buildargv-165148)
339	0.206379	FalseGround	Unlabelled	SPOkGoodGood	Alarm(_G_-ENTRY,buildargv-165149)
340	0.206379	FalseGround	Unlabelled	SPOkGoodGood	Alarm(_G_-ENTRY,buildargv-165152)
341	0.206379	FalseGround	Unlabelled	SPOkGoodGood	Alarm(_G_-ENTRY,buildargv-165153)
342	0.206379	FalseGround	Unlabelled	SPOkGoodGood	Alarm(_G_-ENTRY,buildargv-165156)
343	0.206379	FalseGround	Unlabelled	SPOkGoodGood	Alarm(_G_-ENTRY,buildargv-165157)
344	0.206379	FalseGround	Unlabelled	SPOkGoodGood	Alarm(_G_-ENTRY,buildargv-165158)
345	0.206379	FalseGround	Unlabelled	SPOkGoodGood	Alarm(_G_-ENTRY,buildargv-165159)
346	0.206379	FalseGround	Unlabelled	SPOkGoodGood	Alarm(_G_-ENTRY,buildargv-165160)
347	0.206379	FalseGround	Unlabelled	SPOkGoodGood	Alarm(_G_-ENTRY,buildargv-165161)
348	0.206379	FalseGround	Unlabelled	SPOkGoodGood	Alarm(_G_-ENTRY,process_section_groups-200154)
349	0.206379	FalseGround	Unlabelled	SPOkGoodGood	Alarm(_G_-ENTRY,process_section_groups-200155)
350	0.180773	FalseGround	Unlabelled	SPOkGoodGood	Alarm(_G_-ENTRY,frame_need_space-173978)
351	0.180773	FalseGround	Unlabelled	SPOkGoodGood	Alarm(_G_-ENTRY,frame_need_space-173979)
352	0.180773	FalseGround	Unlabelled	SPOkGoodGood	Alarm(_G_-ENTRY,frame_need_space-173980)
353	0.180773	FalseGround	Unlabelled	SPOkGoodGood	Alarm(_G_-ENTRY,frame_need_space-173981)
354	0.180773	FalseGround	Unlabelled	SPOkGoodGood	Alarm(_G_-ENTRY,frame_need_space-174003)
355	0.180773	FalseGround	Unlabelled	SPOkGoodGood	Alarm(_G_-ENTRY,frame_need_space-174004)
356	0.180773	FalseGround	Unlabelled	SPOkGoodGood	Alarm(_G_-ENTRY,process_object-212640)
357	0.180773	FalseGround	Unlabelled	SPOkGoodGood	Alarm(_G_-ENTRY,xstrdup-141509)
358	0.175076	FalseGround	Unlabelled	SPOkGoodGood	Alarm(_G_-ENTRY,get_archive_member_name-165999)
359	0.175076	FalseGround	Unlabelled	SPOkGoodGood	Alarm(_G_-ENTRY,get_archive_member_name-166006)
360	0.175076	FalseGround	Unlabelled	SPOkGoodGood	Alarm(_G_-ENTRY,ia64_process_unwind-201214)
361	0.175076	FalseGround	Unlabelled	SPOkGoodGood	Alarm(_G_-ENTRY,process_section_headers-199519)
362	0.175076	FalseGround	Unlabelled	SPOkGoodGood	Alarm(_G_-ENTRY,process_section_headers-199557)
363	0.175076	FalseGround	Unlabelled	SPOkGoodGood	Alarm(_G_-ENTRY,splay_tree_foreach_helper-142017)
364	0.173423	FalseGround	Unlabelled	SPOkGoodGood	Alarm(_G_-ENTRY,display_debug_frames-175029)
365	0.169683	FalseGround	Unlabelled	SPOkGoodGood	Alarm(_G_-ENTRY,get_line_filename_and_dirname-171922)
366	0.169683	FalseGround	Unlabelled	SPOkGoodGood	Alarm(_G_-ENTRY,get_line_filename_and_dirname-171923)
367	0.15626	FalseGround	Unlabelled	SPOkGoodGood	Alarm(_G_-ENTRY,d_print_comp-163823)
368	0.149643	FalseGround	Unlabelled	SPOkGoodGood	Alarm(_G_-ENTRY,display_debug_lines_decoded-171367)
369	0.147093	FalseGround	Unlabelled	SPOkGoodGood	Alarm(_G_-ENTRY,dump_ia64_unwind-200884)
370	0.147093	FalseGround	Unlabelled	SPOkGoodGood	Alarm(_G_-ENTRY,dump_ia64_unwind-200885)
371	0.147093	FalseGround	Unlabelled	SPOkGoodGood	Alarm(_G_-ENTRY,dump_ia64_unwind-200886)
372	0.147093	FalseGround	Unlabelled	SPOkGoodGood	Alarm(_G_-ENTRY,dump_ia64_unwind-200887)
373	0.147093	FalseGround	Unlabelled	SPOkGoodGood	Alarm(_G_-ENTRY,read_and_display_attr_value-168871)
374	0.147093	FalseGround	Unlabelled	SPOkGoodGood	Alarm(_G_-ENTRY,read_and_display_attr_value-168872)
375	0.147093	FalseGround	Unlabelled	SPOkGoodGood	Alarm(_G_-ENTRY,read_and_display_attr_value-168930)
376	0.147093	FalseGround	Unlabelled	SPOkGoodGood	Alarm(_G_-ENTRY,slurp_ia64_unwind_table-200992)
377	0.147093	FalseGround	Unlabelled	SPOkGoodGood	Alarm(_G_-ENTRY,slurp_ia64_unwind_table-200993)
378	0.147093	FalseGround	Unlabelled	SPOkGoodGood	Alarm(_G_-ENTRY,slurp_ia64_unwind_table-200994)
379	0.147093	FalseGround	Unlabelled	SPOkGoodGood	Alarm(_G_-ENTRY,slurp_ia64_unwind_table-200996)
380	0.147093	FalseGround	Unlabelled	SPOkGoodGood	Alarm(_G_-ENTRY,slurp_ia64_unwind_table-200999)
381	0.147093	FalseGround	Unlabelled	SPOkGoodGood	Alarm(_G_-ENTRY,slurp_ia64_unwind_table-201002)
382	0.146426	FalseGround	Unlabelled	SPOkGoodGood	Alarm(_G_-ENTRY,expandargv-165310)
383	0.146426	FalseGround	Unlabelled	SPOkGoodGood	Alarm(_G_-ENTRY,expandargv-165311)
384	0.146426	FalseGround	Unlabelled	SPOkGoodGood	Alarm(_G_-ENTRY,frame_need_space-173946)
385	0.146426	FalseGround	Unlabelled	SPOkGoodGood	Alarm(_G_-ENTRY,frame_need_space-173947)
386	0.146426	FalseGround	Unlabelled	SPOkGoodGood	Alarm(_G_-ENTRY,frame_need_space-173976)
387	0.146426	FalseGround	Unlabelled	SPOkGoodGood	Alarm(_G_-ENTRY,frame_need_space-173977)
388	0.145142	FalseGround	Unlabelled	SPOkGoodGood	Alarm(_G_-ENTRY,display_debug_frames-174938)
389	0.14431	FalseGround	Unlabelled	SPOkGoodGood	Alarm(_G_-ENTRY,display_debug_lines_raw-170532)
390	0.141811	FalseGround	Unlabelled	SPOkGoodGood	Alarm(_G_-ENTRY,get_archive_member_name-165967)
391	0.141811	FalseGround	Unlabelled	SPOkGoodGood	Alarm(_G_-ENTRY,get_archive_member_name-165968)
392	0.141811	FalseGround	Unlabelled	SPOkGoodGood	Alarm(_G_-ENTRY,get_archive_member_name-165969)
393	0.141811	FalseGround	Unlabelled	SPOkGoodGood	Alarm(_G_-ENTRY,get_archive_member_name-165970)
394	0.141811	FalseGround	Unlabelled	SPOkGoodGood	Alarm(_G_-ENTRY,get_archive_member_name-165971)
395	0.141811	FalseGround	Unlabelled	SPOkGoodGood	Alarm(_G_-ENTRY,get_archive_member_name-165972)
396	0.141811	FalseGround	Unlabelled	SPOkGoodGood	Alarm(_G_-ENTRY,get_archive_member_name-165985)
397	0.141811	FalseGround	Unlabelled	SPOkGoodGood	Alarm(_G_-ENTRY,get_archive_member_name-165986)
398	0.141782	FalseGround	Unlabelled	SPOkGoodGood	Alarm(_G_-ENTRY,expandargv-165343)
399	0.141782	FalseGround	Unlabelled	SPOkGoodGood	Alarm(_G_-ENTRY,print_symbol-191255)
400	0.135085	FalseGround	Unlabelled	SPOkGoodGood	Alarm(_G_-ENTRY,choose_tmpdir-151364)
401	0.135085	FalseGround	Unlabelled	SPOkGoodGood	Alarm(_G_-ENTRY,display_debug_addr-173686)
402	0.135085	FalseGround	Unlabelled	SPOkGoodGood	Alarm(_G_-ENTRY,display_debug_frames-174944)
403	0.135085	FalseGround	Unlabelled	SPOkGoodGood	Alarm(_G_-ENTRY,display_debug_frames-174946)
404	0.135085	FalseGround	Unlabelled	SPOkGoodGood	Alarm(_G_-ENTRY,display_debug_frames-174957)
405	0.135085	FalseGround	Unlabelled	SPOkGoodGood	Alarm(_G_-ENTRY,display_debug_frames-174963)
406	0.135085	FalseGround	Unlabelled	SPOkGoodGood	Alarm(_G_-ENTRY,display_debug_frames-174968)
407	0.135085	FalseGround	Unlabelled	SPOkGoodGood	Alarm(_G_-ENTRY,display_debug_frames-174973)
408	0.135085	FalseGround	Unlabelled	SPOkGoodGood	Alarm(_G_-ENTRY,display_debug_frames-174980)
409	0.135085	FalseGround	Unlabelled	SPOkGoodGood	Alarm(_G_-ENTRY,display_debug_frames-175001)
410	0.135085	FalseGround	Unlabelled	SPOkGoodGood	Alarm(_G_-ENTRY,display_debug_frames-175008)
411	0.135085	FalseGround	Unlabelled	SPOkGoodGood	Alarm(_G_-ENTRY,display_debug_frames-175024)
412	0.135085	FalseGround	Unlabelled	SPOkGoodGood	Alarm(_G_-ENTRY,display_debug_frames-175033)
413	0.135085	FalseGround	Unlabelled	SPOkGoodGood	Alarm(_G_-ENTRY,display_debug_frames-175034)
414	0.135085	FalseGround	Unlabelled	SPOkGoodGood	Alarm(_G_-ENTRY,display_debug_frames-175035)
415	0.135085	FalseGround	Unlabelled	SPOkGoodGood	Alarm(_G_-ENTRY,display_debug_frames-175041)
416	0.135085	FalseGround	Unlabelled	SPOkGoodGood	Alarm(_G_-ENTRY,display_debug_frames-175043)
417	0.135085	FalseGround	Unlabelled	SPOkGoodGood	Alarm(_G_-ENTRY,display_debug_frames-175044)
418	0.135085	FalseGround	Unlabelled	SPOkGoodGood	Alarm(_G_-ENTRY,display_debug_frames-175045)
419	0.135085	FalseGround	Unlabelled	SPOkGoodGood	Alarm(_G_-ENTRY,display_debug_frames-175052)
420	0.135085	FalseGround	Unlabelled	SPOkGoodGood	Alarm(_G_-ENTRY,display_debug_frames-175053)
421	0.135085	FalseGround	Unlabelled	SPOkGoodGood	Alarm(_G_-ENTRY,display_debug_frames-175054)
422	0.135085	FalseGround	Unlabelled	SPOkGoodGood	Alarm(_G_-ENTRY,display_debug_frames-175055)
423	0.135085	FalseGround	Unlabelled	SPOkGoodGood	Alarm(_G_-ENTRY,display_debug_frames-175058)
424	0.135085	FalseGround	Unlabelled	SPOkGoodGood	Alarm(_G_-ENTRY,display_debug_frames-175060)
425	0.135085	FalseGround	Unlabelled	SPOkGoodGood	Alarm(_G_-ENTRY,display_debug_frames-175099)
426	0.135085	FalseGround	Unlabelled	SPOkGoodGood	Alarm(_G_-ENTRY,display_debug_frames-175101)
427	0.135085	FalseGround	Unlabelled	SPOkGoodGood	Alarm(_G_-ENTRY,display_debug_frames-175102)
428	0.135085	FalseGround	Unlabelled	SPOkGoodGood	Alarm(_G_-ENTRY,display_debug_frames-175103)
429	0.135085	FalseGround	Unlabelled	SPOkGoodGood	Alarm(_G_-ENTRY,display_debug_frames-175112)
430	0.135085	FalseGround	Unlabelled	SPOkGoodGood	Alarm(_G_-ENTRY,display_debug_frames-175114)
431	0.135085	FalseGround	Unlabelled	SPOkGoodGood	Alarm(_G_-ENTRY,display_debug_frames-175115)
432	0.135085	FalseGround	Unlabelled	SPOkGoodGood	Alarm(_G_-ENTRY,display_debug_frames-175116)
433	0.135085	FalseGround	Unlabelled	SPOkGoodGood	Alarm(_G_-ENTRY,display_debug_frames-175126)
434	0.135085	FalseGround	Unlabelled	SPOkGoodGood	Alarm(_G_-ENTRY,display_debug_frames-175127)
435	0.135085	FalseGround	Unlabelled	SPOkGoodGood	Alarm(_G_-ENTRY,display_debug_frames-175136)
436	0.135085	FalseGround	Unlabelled	SPOkGoodGood	Alarm(_G_-ENTRY,display_debug_frames-175137)
437	0.135085	FalseGround	Unlabelled	SPOkGoodGood	Alarm(_G_-ENTRY,display_debug_frames-175146)
438	0.135085	FalseGround	Unlabelled	SPOkGoodGood	Alarm(_G_-ENTRY,display_debug_frames-175147)
439	0.135085	FalseGround	Unlabelled	SPOkGoodGood	Alarm(_G_-ENTRY,display_debug_frames-175163)
440	0.135085	FalseGround	Unlabelled	SPOkGoodGood	Alarm(_G_-ENTRY,display_debug_frames-175164)
441	0.135085	FalseGround	Unlabelled	SPOkGoodGood	Alarm(_G_-ENTRY,display_debug_frames-175172)
442	0.135085	FalseGround	Unlabelled	SPOkGoodGood	Alarm(_G_-ENTRY,display_debug_frames-175183)
443	0.135085	FalseGround	Unlabelled	SPOkGoodGood	Alarm(_G_-ENTRY,display_debug_frames-175194)
444	0.135085	FalseGround	Unlabelled	SPOkGoodGood	Alarm(_G_-ENTRY,display_debug_frames-175195)
445	0.135085	FalseGround	Unlabelled	SPOkGoodGood	Alarm(_G_-ENTRY,display_debug_frames-175196)
446	0.135085	FalseGround	Unlabelled	SPOkGoodGood	Alarm(_G_-ENTRY,display_debug_frames-175202)
447	0.135085	FalseGround	Unlabelled	SPOkGoodGood	Alarm(_G_-ENTRY,display_debug_frames-175203)
448	0.135085	FalseGround	Unlabelled	SPOkGoodGood	Alarm(_G_-ENTRY,display_debug_frames-175204)
449	0.135085	FalseGround	Unlabelled	SPOkGoodGood	Alarm(_G_-ENTRY,display_debug_frames-175210)
450	0.135085	FalseGround	Unlabelled	SPOkGoodGood	Alarm(_G_-ENTRY,display_debug_frames-175213)
451	0.135085	FalseGround	Unlabelled	SPOkGoodGood	Alarm(_G_-ENTRY,display_debug_frames-175215)
452	0.135085	FalseGround	Unlabelled	SPOkGoodGood	Alarm(_G_-ENTRY,display_debug_frames-175216)
453	0.135085	FalseGround	Unlabelled	SPOkGoodGood	Alarm(_G_-ENTRY,display_debug_frames-175217)
454	0.135085	FalseGround	Unlabelled	SPOkGoodGood	Alarm(_G_-ENTRY,display_debug_frames-175219)
455	0.135085	FalseGround	Unlabelled	SPOkGoodGood	Alarm(_G_-ENTRY,display_debug_frames-175221)
456	0.135085	FalseGround	Unlabelled	SPOkGoodGood	Alarm(_G_-ENTRY,display_debug_frames-175222)
457	0.135085	FalseGround	Unlabelled	SPOkGoodGood	Alarm(_G_-ENTRY,display_debug_frames-175225)
458	0.135085	FalseGround	Unlabelled	SPOkGoodGood	Alarm(_G_-ENTRY,display_debug_frames-175227)
459	0.135085	FalseGround	Unlabelled	SPOkGoodGood	Alarm(_G_-ENTRY,display_debug_frames-175235)
460	0.135085	FalseGround	Unlabelled	SPOkGoodGood	Alarm(_G_-ENTRY,display_debug_frames-175252)
461	0.135085	FalseGround	Unlabelled	SPOkGoodGood	Alarm(_G_-ENTRY,display_debug_frames-175269)
462	0.135085	FalseGround	Unlabelled	SPOkGoodGood	Alarm(_G_-ENTRY,display_debug_frames-175280)
463	0.135085	FalseGround	Unlabelled	SPOkGoodGood	Alarm(_G_-ENTRY,display_debug_frames-175282)
464	0.135085	FalseGround	Unlabelled	SPOkGoodGood	Alarm(_G_-ENTRY,display_debug_frames-175283)
465	0.135085	FalseGround	Unlabelled	SPOkGoodGood	Alarm(_G_-ENTRY,display_debug_frames-175284)
466	0.135085	FalseGround	Unlabelled	SPOkGoodGood	Alarm(_G_-ENTRY,display_debug_frames-175294)
467	0.135085	FalseGround	Unlabelled	SPOkGoodGood	Alarm(_G_-ENTRY,display_debug_frames-175296)
468	0.135085	FalseGround	Unlabelled	SPOkGoodGood	Alarm(_G_-ENTRY,display_debug_frames-175297)
469	0.135085	FalseGround	Unlabelled	SPOkGoodGood	Alarm(_G_-ENTRY,display_debug_frames-175298)
470	0.135085	FalseGround	Unlabelled	SPOkGoodGood	Alarm(_G_-ENTRY,display_debug_frames-175300)
471	0.135085	FalseGround	Unlabelled	SPOkGoodGood	Alarm(_G_-ENTRY,display_debug_frames-175303)
472	0.135085	FalseGround	Unlabelled	SPOkGoodGood	Alarm(_G_-ENTRY,display_debug_frames-175305)
473	0.135085	FalseGround	Unlabelled	SPOkGoodGood	Alarm(_G_-ENTRY,display_debug_frames-175306)
474	0.135085	FalseGround	Unlabelled	SPOkGoodGood	Alarm(_G_-ENTRY,display_debug_frames-175307)
475	0.135085	FalseGround	Unlabelled	SPOkGoodGood	Alarm(_G_-ENTRY,display_debug_frames-175308)
476	0.135085	FalseGround	Unlabelled	SPOkGoodGood	Alarm(_G_-ENTRY,display_debug_frames-175310)
477	0.135085	FalseGround	Unlabelled	SPOkGoodGood	Alarm(_G_-ENTRY,display_debug_frames-175312)
478	0.135085	FalseGround	Unlabelled	SPOkGoodGood	Alarm(_G_-ENTRY,display_debug_frames-175313)
479	0.135085	FalseGround	Unlabelled	SPOkGoodGood	Alarm(_G_-ENTRY,display_debug_frames-175338)
480	0.135085	FalseGround	Unlabelled	SPOkGoodGood	Alarm(_G_-ENTRY,display_debug_frames-175340)
481	0.135085	FalseGround	Unlabelled	SPOkGoodGood	Alarm(_G_-ENTRY,display_debug_frames-175341)
482	0.135085	FalseGround	Unlabelled	SPOkGoodGood	Alarm(_G_-ENTRY,display_debug_frames-175342)
483	0.135085	FalseGround	Unlabelled	SPOkGoodGood	Alarm(_G_-ENTRY,display_debug_lines_decoded-171194)
484	0.135085	FalseGround	Unlabelled	SPOkGoodGood	Alarm(_G_-ENTRY,display_debug_lines_decoded-171216)
485	0.135085	FalseGround	Unlabelled	SPOkGoodGood	Alarm(_G_-ENTRY,display_debug_lines_decoded-171220)
486	0.135085	FalseGround	Unlabelled	SPOkGoodGood	Alarm(_G_-ENTRY,display_debug_lines_decoded-171223)
487	0.135085	FalseGround	Unlabelled	SPOkGoodGood	Alarm(_G_-ENTRY,display_debug_lines_decoded-171226)
488	0.135085	FalseGround	Unlabelled	SPOkGoodGood	Alarm(_G_-ENTRY,display_debug_lines_decoded-171231)
489	0.135085	FalseGround	Unlabelled	SPOkGoodGood	Alarm(_G_-ENTRY,display_debug_lines_decoded-171234)
490	0.135085	FalseGround	Unlabelled	SPOkGoodGood	Alarm(_G_-ENTRY,display_debug_lines_decoded-171239)
491	0.135085	FalseGround	Unlabelled	SPOkGoodGood	Alarm(_G_-ENTRY,display_debug_lines_decoded-171242)
492	0.135085	FalseGround	Unlabelled	SPOkGoodGood	Alarm(_G_-ENTRY,display_debug_lines_decoded-171243)
493	0.135085	FalseGround	Unlabelled	SPOkGoodGood	Alarm(_G_-ENTRY,display_debug_macro-172265)
494	0.135085	FalseGround	Unlabelled	SPOkGoodGood	Alarm(_G_-ENTRY,display_debug_ranges-173817)
495	0.135085	FalseGround	Unlabelled	SPOkGoodGood	Alarm(_G_-ENTRY,display_debug_ranges-173818)
496	0.135085	FalseGround	Unlabelled	SPOkGoodGood	Alarm(_G_-ENTRY,display_debug_ranges-173831)
497	0.135085	FalseGround	Unlabelled	SPOkGoodGood	Alarm(_G_-ENTRY,display_debug_ranges-173833)
498	0.135085	FalseGround	Unlabelled	SPOkGoodGood	Alarm(_G_-ENTRY,dupargv-165081)
499	0.135085	FalseGround	Unlabelled	SPOkGoodGood	Alarm(_G_-ENTRY,dupargv-165088)
500	0.135085	FalseGround	Unlabelled	SPOkGoodGood	Alarm(_G_-ENTRY,dupargv-165089)
501	0.135085	FalseGround	Unlabelled	SPOkGoodGood	Alarm(_G_-ENTRY,dupargv-165091)
502	0.135085	FalseGround	Unlabelled	SPOkGoodGood	Alarm(_G_-ENTRY,expandargv-165326)
503	0.135085	FalseGround	Unlabelled	SPOkGoodGood	Alarm(_G_-ENTRY,expandargv-165328)
504	0.135085	FalseGround	Unlabelled	SPOkGoodGood	Alarm(_G_-ENTRY,expandargv-165351)
505	0.135085	FalseGround	Unlabelled	SPOkGoodGood	Alarm(_G_-ENTRY,expandargv-165373)
506	0.135085	FalseGround	Unlabelled	SPOkGoodGood	Alarm(_G_-ENTRY,frame_display_row-174138)
507	0.135085	FalseGround	Unlabelled	SPOkGoodGood	Alarm(_G_-ENTRY,frame_display_row-174158)
508	0.135085	FalseGround	Unlabelled	SPOkGoodGood	Alarm(_G_-ENTRY,frame_display_row-174161)
509	0.135085	FalseGround	Unlabelled	SPOkGoodGood	Alarm(_G_-ENTRY,frame_need_space-174002)
510	0.135085	FalseGround	Unlabelled	SPOkGoodGood	Alarm(_G_-ENTRY,frame_need_space-174025)
511	0.135085	FalseGround	Unlabelled	SPOkGoodGood	Alarm(_G_-ENTRY,main-213170)
512	0.135085	FalseGround	Unlabelled	SPOkGoodGood	Alarm(_G_-ENTRY,main-213176)
513	0.135085	FalseGround	Unlabelled	SPOkGoodGood	Alarm(_G_-ENTRY,print_vms_time-203492)
514	0.135085	FalseGround	Unlabelled	SPOkGoodGood	Alarm(_G_-ENTRY,process_archive_index_and_symbols-165738)
515	0.135085	FalseGround	Unlabelled	SPOkGoodGood	Alarm(_G_-ENTRY,process_corefile_note_segment-212201)
516	0.135085	FalseGround	Unlabelled	SPOkGoodGood	Alarm(_G_-ENTRY,process_corefile_note_segment-212203)
517	0.135085	FalseGround	Unlabelled	SPOkGoodGood	Alarm(_G_-ENTRY,process_corefile_note_segment-212206)
518	0.135085	FalseGround	Unlabelled	SPOkGoodGood	Alarm(_G_-ENTRY,process_corefile_note_segment-212214)
519	0.135085	FalseGround	Unlabelled	SPOkGoodGood	Alarm(_G_-ENTRY,process_corefile_note_segment-212216)
520	0.135085	FalseGround	Unlabelled	SPOkGoodGood	Alarm(_G_-ENTRY,process_corefile_note_segment-212219)
521	0.135085	FalseGround	Unlabelled	SPOkGoodGood	Alarm(_G_-ENTRY,read_and_display_attr_value-168873)
522	0.135085	FalseGround	Unlabelled	SPOkGoodGood	Alarm(_G_-ENTRY,slurp_hppa_unwind_table-201821)
523	0.135085	FalseGround	Unlabelled	SPOkGoodGood	Alarm(_G_-ENTRY,slurp_hppa_unwind_table-201822)
524	0.135085	FalseGround	Unlabelled	SPOkGoodGood	Alarm(_G_-ENTRY,slurp_hppa_unwind_table-201823)
525	0.135085	FalseGround	Unlabelled	SPOkGoodGood	Alarm(_G_-ENTRY,slurp_hppa_unwind_table-201824)
526	0.135085	FalseGround	Unlabelled	SPOkGoodGood	Alarm(_G_-ENTRY,split_directories-151502)
527	0.135085	FalseGround	Unlabelled	SPOkGoodGood	Alarm(_G_-ENTRY,split_directories-151508)
528	0.135085	FalseGround	Unlabelled	SPOkGoodGood	Alarm(_G_-ENTRY,split_directories-151509)
529	0.135085	FalseGround	Unlabelled	SPOkGoodGood	Alarm(_G_-ENTRY,unw_print_brmask-176861)
530	0.135085	FalseGround	Unlabelled	SPOkGoodGood	Alarm(_G_-ENTRY,unw_print_brmask-176871)
531	0.135085	FalseGround	Unlabelled	SPOkGoodGood	Alarm(_G_-ENTRY,unw_print_frmask-176905)
532	0.135085	FalseGround	Unlabelled	SPOkGoodGood	Alarm(_G_-ENTRY,unw_print_frmask-176921)
533	0.135085	FalseGround	Unlabelled	SPOkGoodGood	Alarm(_G_-ENTRY,unw_print_grmask-176882)
534	0.135085	FalseGround	Unlabelled	SPOkGoodGood	Alarm(_G_-ENTRY,unw_print_grmask-176892)
535	0.124384	FalseGround	Unlabelled	SPOkGoodGood	Alarm(_G_-ENTRY,display_debug_ranges-173824)
536	0.119146	FalseGround	Unlabelled	SPOkGoodGood	Alarm(_G_-ENTRY,dump_ia64_unwind-200866)
537	0.119146	FalseGround	Unlabelled	SPOkGoodGood	Alarm(_G_-ENTRY,dump_ia64_unwind-200867)
538	0.118841	FalseGround	Unlabelled	SPOkGoodGood	Alarm(_G_-ENTRY,split_directories-151476)
539	0.118841	FalseGround	Unlabelled	SPOkGoodGood	Alarm(_G_-ENTRY,split_directories-151477)
540	0.109419	FalseGround	Unlabelled	SPOkGoodGood	Alarm(_G_-ENTRY,display_debug_frames-174481)
541	0.109419	FalseGround	Unlabelled	SPOkGoodGood	Alarm(_G_-ENTRY,display_debug_frames-174482)
542	0.109419	FalseGround	Unlabelled	SPOkGoodGood	Alarm(_G_-ENTRY,display_debug_frames-174489)
543	0.109419	FalseGround	Unlabelled	SPOkGoodGood	Alarm(_G_-ENTRY,display_debug_frames-174490)
544	0.109419	FalseGround	Unlabelled	SPOkGoodGood	Alarm(_G_-ENTRY,display_debug_frames-174491)
545	0.109419	FalseGround	Unlabelled	SPOkGoodGood	Alarm(_G_-ENTRY,display_debug_frames-174492)
546	0.109419	FalseGround	Unlabelled	SPOkGoodGood	Alarm(_G_-ENTRY,display_debug_frames-174501)
547	0.109419	FalseGround	Unlabelled	SPOkGoodGood	Alarm(_G_-ENTRY,display_debug_frames-174502)
548	0.109419	FalseGround	Unlabelled	SPOkGoodGood	Alarm(_G_-ENTRY,display_debug_frames-174529)
549	0.109419	FalseGround	Unlabelled	SPOkGoodGood	Alarm(_G_-ENTRY,display_debug_frames-174530)
550	0.109419	FalseGround	Unlabelled	SPOkGoodGood	Alarm(_G_-ENTRY,display_debug_frames-174537)
551	0.109419	FalseGround	Unlabelled	SPOkGoodGood	Alarm(_G_-ENTRY,display_debug_frames-174538)
552	0.109419	FalseGround	Unlabelled	SPOkGoodGood	Alarm(_G_-ENTRY,display_debug_frames-174545)
553	0.109419	FalseGround	Unlabelled	SPOkGoodGood	Alarm(_G_-ENTRY,display_debug_frames-174546)
554	0.109419	FalseGround	Unlabelled	SPOkGoodGood	Alarm(_G_-ENTRY,display_debug_frames-174547)
555	0.109419	FalseGround	Unlabelled	SPOkGoodGood	Alarm(_G_-ENTRY,display_debug_frames-174548)
556	0.109419	FalseGround	Unlabelled	SPOkGoodGood	Alarm(_G_-ENTRY,display_debug_frames-174555)
557	0.109419	FalseGround	Unlabelled	SPOkGoodGood	Alarm(_G_-ENTRY,display_debug_frames-174556)
558	0.109419	FalseGround	Unlabelled	SPOkGoodGood	Alarm(_G_-ENTRY,display_debug_frames-174563)
559	0.109419	FalseGround	Unlabelled	SPOkGoodGood	Alarm(_G_-ENTRY,display_debug_frames-174564)
560	0.109419	FalseGround	Unlabelled	SPOkGoodGood	Alarm(_G_-ENTRY,display_debug_frames-174571)
561	0.109419	FalseGround	Unlabelled	SPOkGoodGood	Alarm(_G_-ENTRY,display_debug_frames-174572)
562	0.109419	FalseGround	Unlabelled	SPOkGoodGood	Alarm(_G_-ENTRY,display_debug_frames-174607)
563	0.109419	FalseGround	Unlabelled	SPOkGoodGood	Alarm(_G_-ENTRY,display_debug_frames-174608)
564	0.109419	FalseGround	Unlabelled	SPOkGoodGood	Alarm(_G_-ENTRY,display_debug_frames-174615)
565	0.109419	FalseGround	Unlabelled	SPOkGoodGood	Alarm(_G_-ENTRY,display_debug_frames-174616)
566	0.109419	FalseGround	Unlabelled	SPOkGoodGood	Alarm(_G_-ENTRY,display_debug_lines_decoded-171029)
567	0.109419	FalseGround	Unlabelled	SPOkGoodGood	Alarm(_G_-ENTRY,display_debug_lines_decoded-171030)
568	0.109419	FalseGround	Unlabelled	SPOkGoodGood	Alarm(_G_-ENTRY,display_debug_lines_decoded-171033)
569	0.109419	FalseGround	Unlabelled	SPOkGoodGood	Alarm(_G_-ENTRY,display_debug_lines_decoded-171034)
570	0.109419	FalseGround	Unlabelled	SPOkGoodGood	Alarm(_G_-ENTRY,display_debug_lines_decoded-171037)
571	0.109419	FalseGround	Unlabelled	SPOkGoodGood	Alarm(_G_-ENTRY,display_debug_lines_decoded-171038)
572	0.109419	FalseGround	Unlabelled	SPOkGoodGood	Alarm(_G_-ENTRY,display_debug_lines_decoded-171041)
573	0.109419	FalseGround	Unlabelled	SPOkGoodGood	Alarm(_G_-ENTRY,display_debug_lines_decoded-171042)
574	0.109419	FalseGround	Unlabelled	SPOkGoodGood	Alarm(_G_-ENTRY,display_debug_ranges-173747)
575	0.109419	FalseGround	Unlabelled	SPOkGoodGood	Alarm(_G_-ENTRY,display_debug_ranges-173748)
576	0.109419	FalseGround	Unlabelled	SPOkGoodGood	Alarm(_G_-ENTRY,dupargv-165064)
577	0.109419	FalseGround	Unlabelled	SPOkGoodGood	Alarm(_G_-ENTRY,dupargv-165065)
578	0.109419	FalseGround	Unlabelled	SPOkGoodGood	Alarm(_G_-ENTRY,dupargv-165068)
579	0.109419	FalseGround	Unlabelled	SPOkGoodGood	Alarm(_G_-ENTRY,dupargv-165069)
580	0.109419	FalseGround	Unlabelled	SPOkGoodGood	Alarm(_G_-ENTRY,frame_display_row-174101)
581	0.109419	FalseGround	Unlabelled	SPOkGoodGood	Alarm(_G_-ENTRY,frame_display_row-174102)
582	0.109419	FalseGround	Unlabelled	SPOkGoodGood	Alarm(_G_-ENTRY,getpwd-152474)
583	0.109419	FalseGround	Unlabelled	SPOkGoodGood	Alarm(_G_-ENTRY,getpwd-152475)
584	0.106296	FalseGround	Unlabelled	SPOkGoodGood	Alarm(_G_-ENTRY,demangle_fund_type-159446)
585	0.103988	FalseGround	Unlabelled	SPOkGoodGood	Alarm(_G_-ENTRY,demangle_fund_type-159442)
586	0.10338	FalseGround	Unlabelled	SPOkGoodGood	Alarm(_G_-ENTRY,get_line_filename_and_dirname-171928)
587	0.10338	FalseGround	Unlabelled	SPOkGoodGood	Alarm(_G_-ENTRY,get_line_filename_and_dirname-171929)
588	0.10338	FalseGround	Unlabelled	SPOkGoodGood	Alarm(_G_-ENTRY,print_core_note-211438)
589	0.10338	FalseGround	Unlabelled	SPOkGoodGood	Alarm(_G_-ENTRY,print_core_note-211439)
590	0.0853292	FalseGround	Unlabelled	SPOkGoodGood	Alarm(_G_-ENTRY,display_debug_lines_decoded-171251)
591	0.0852263	FalseGround	Unlabelled	SPOkGoodGood	Alarm(_G_-ENTRY,buildargv-165162)
592	0.0852263	FalseGround	Unlabelled	SPOkGoodGood	Alarm(_G_-ENTRY,buildargv-165163)
593	0.0852263	FalseGround	Unlabelled	SPOkGoodGood	Alarm(_G_-ENTRY,consume_whitespace-165106)
594	0.0852263	FalseGround	Unlabelled	SPOkGoodGood	Alarm(_G_-ENTRY,consume_whitespace-165107)
595	0.0803164	FalseGround	Unlabelled	SPOkGoodGood	Alarm(_G_-ENTRY,d_print_comp-163688)
596	0.0803164	FalseGround	Unlabelled	SPOkGoodGood	Alarm(_G_-ENTRY,d_print_comp-163689)
597	0.0690333	FalseGround	Unlabelled	SPOkGoodGood	Alarm(_G_-ENTRY,read_leb128-166184)
598	0.0664511	FalseGround	Unlabelled	SPOkGoodGood	Alarm(_G_-ENTRY,fetch_indexed_string-166575)
599	0.0662272	FalseGround	Unlabelled	SPOkGoodGood	Alarm(_G_-ENTRY,make_relative_prefix_1-151560)
600	0.0662272	FalseGround	Unlabelled	SPOkGoodGood	Alarm(_G_-ENTRY,make_relative_prefix_1-151561)
601	0.0607322	FalseGround	Unlabelled	SPOkGoodGood	Alarm(_G_-ENTRY,get_line_filename_and_dirname-171920)
602	0.0607322	FalseGround	Unlabelled	SPOkGoodGood	Alarm(_G_-ENTRY,get_line_filename_and_dirname-171921)
603	0.0607322	FalseGround	Unlabelled	SPOkGoodGood	Alarm(_G_-ENTRY,get_line_filename_and_dirname-171932)
604	0.0607322	FalseGround	Unlabelled	SPOkGoodGood	Alarm(_G_-ENTRY,get_line_filename_and_dirname-171933)
605	0.0607322	FalseGround	Unlabelled	SPOkGoodGood	Alarm(_G_-ENTRY,get_line_filename_and_dirname-171936)
606	0.0607322	FalseGround	Unlabelled	SPOkGoodGood	Alarm(_G_-ENTRY,get_line_filename_and_dirname-171937)
607	0.054659	FalseGround	Unlabelled	SPOkGoodGood	Alarm(_G_-ENTRY,display_debug_lines_raw-170682)
608	0.0471013	FalseGround	Unlabelled	SPOkGoodGood	Alarm(_G_-ENTRY,ada_demangle-156419)
609	0.0471013	FalseGround	Unlabelled	SPOkGoodGood	Alarm(_G_-ENTRY,ada_demangle-156427)
610	0.0471013	FalseGround	Unlabelled	SPOkGoodGood	Alarm(_G_-ENTRY,ada_demangle-156450)
611	0.0471013	FalseGround	Unlabelled	SPOkGoodGood	Alarm(_G_-ENTRY,ada_demangle-156453)
612	0.0471013	FalseGround	Unlabelled	SPOkGoodGood	Alarm(_G_-ENTRY,choose_tmpdir-151365)
613	0.0471013	FalseGround	Unlabelled	SPOkGoodGood	Alarm(_G_-ENTRY,choose_tmpdir-151366)
614	0.0471013	FalseGround	Unlabelled	SPOkGoodGood	Alarm(_G_-ENTRY,d_print_comp-163686)
615	0.0471013	FalseGround	Unlabelled	SPOkGoodGood	Alarm(_G_-ENTRY,d_print_comp-163687)
616	0.0471013	FalseGround	Unlabelled	SPOkGoodGood	Alarm(_G_-ENTRY,d_print_comp-163690)
617	0.0471013	FalseGround	Unlabelled	SPOkGoodGood	Alarm(_G_-ENTRY,d_print_comp-163702)
618	0.0471013	FalseGround	Unlabelled	SPOkGoodGood	Alarm(_G_-ENTRY,d_print_comp-163705)
619	0.0471013	FalseGround	Unlabelled	SPOkGoodGood	Alarm(_G_-ENTRY,d_print_comp-163712)
620	0.0471013	FalseGround	Unlabelled	SPOkGoodGood	Alarm(_G_-ENTRY,d_print_comp-163824)
621	0.0471013	FalseGround	Unlabelled	SPOkGoodGood	Alarm(_G_-ENTRY,d_print_comp-163825)
622	0.0471013	FalseGround	Unlabelled	SPOkGoodGood	Alarm(_G_-ENTRY,d_print_comp-163832)
623	0.0471013	FalseGround	Unlabelled	SPOkGoodGood	Alarm(_G_-ENTRY,display_debug_frames-175173)
624	0.0471013	FalseGround	Unlabelled	SPOkGoodGood	Alarm(_G_-ENTRY,display_debug_frames-175184)
625	0.0471013	FalseGround	Unlabelled	SPOkGoodGood	Alarm(_G_-ENTRY,do_hpacc_template_literal-159679)
626	0.0471013	FalseGround	Unlabelled	SPOkGoodGood	Alarm(_G_-ENTRY,fibnode_new-152870)
627	0.0471013	FalseGround	Unlabelled	SPOkGoodGood	Alarm(_G_-ENTRY,fibnode_new-152871)
628	0.0471013	FalseGround	Unlabelled	SPOkGoodGood	Alarm(_G_-ENTRY,frame_display_row-174130)
629	0.0471013	FalseGround	Unlabelled	SPOkGoodGood	Alarm(_G_-ENTRY,make_relative_prefix_1-151618)
630	0.0471013	FalseGround	Unlabelled	SPOkGoodGood	Alarm(_G_-ENTRY,process_abbrev_section-166732)
631	0.0471013	FalseGround	Unlabelled	SPOkGoodGood	Alarm(_G_-ENTRY,process_note-212113)
632	0.0471013	FalseGround	Unlabelled	SPOkGoodGood	Alarm(_G_-ENTRY,process_note-212115)
633	0.0471013	FalseGround	Unlabelled	SPOkGoodGood	Alarm(_G_-ENTRY,process_note-212117)
634	0.0471013	FalseGround	Unlabelled	SPOkGoodGood	Alarm(_G_-ENTRY,process_note-212120)
635	0.0471013	FalseGround	Unlabelled	SPOkGoodGood	Alarm(_G_-ENTRY,process_note-212122)
636	0.0471013	FalseGround	Unlabelled	SPOkGoodGood	Alarm(_G_-ENTRY,process_note-212126)
637	0.0471013	FalseGround	Unlabelled	SPOkGoodGood	Alarm(_G_-ENTRY,process_note-212128)
638	0.0471013	FalseGround	Unlabelled	SPOkGoodGood	Alarm(_G_-ENTRY,process_note-212130)
639	0.0471013	FalseGround	Unlabelled	SPOkGoodGood	Alarm(_G_-ENTRY,process_note-212132)
640	0.0471013	FalseGround	Unlabelled	SPOkGoodGood	Alarm(_G_-ENTRY,slurp_hppa_unwind_table-201765)
641	0.0471013	FalseGround	Unlabelled	SPOkGoodGood	Alarm(_G_-ENTRY,slurp_hppa_unwind_table-201766)
642	0.0471013	FalseGround	Unlabelled	SPOkGoodGood	Alarm(_G_-ENTRY,slurp_hppa_unwind_table-201768)
643	0.0471013	FalseGround	Unlabelled	SPOkGoodGood	Alarm(_G_-ENTRY,slurp_hppa_unwind_table-201770)
644	0.0471013	FalseGround	Unlabelled	SPOkGoodGood	Alarm(_G_-ENTRY,slurp_hppa_unwind_table-201775)
645	0.0471013	FalseGround	Unlabelled	SPOkGoodGood	Alarm(_G_-ENTRY,slurp_hppa_unwind_table-201776)
646	0.0471013	FalseGround	Unlabelled	SPOkGoodGood	Alarm(_G_-ENTRY,slurp_hppa_unwind_table-201777)
647	0.0471013	FalseGround	Unlabelled	SPOkGoodGood	Alarm(_G_-ENTRY,slurp_hppa_unwind_table-201778)
648	0.0471013	FalseGround	Unlabelled	SPOkGoodGood	Alarm(_G_-ENTRY,slurp_hppa_unwind_table-201779)
649	0.0471013	FalseGround	Unlabelled	SPOkGoodGood	Alarm(_G_-ENTRY,slurp_hppa_unwind_table-201780)
650	0.0471013	FalseGround	Unlabelled	SPOkGoodGood	Alarm(_G_-ENTRY,slurp_hppa_unwind_table-201781)
651	0.0471013	FalseGround	Unlabelled	SPOkGoodGood	Alarm(_G_-ENTRY,slurp_hppa_unwind_table-201782)
652	0.0471013	FalseGround	Unlabelled	SPOkGoodGood	Alarm(_G_-ENTRY,slurp_hppa_unwind_table-201783)
653	0.0471013	FalseGround	Unlabelled	SPOkGoodGood	Alarm(_G_-ENTRY,slurp_hppa_unwind_table-201784)
654	0.0471013	FalseGround	Unlabelled	SPOkGoodGood	Alarm(_G_-ENTRY,slurp_hppa_unwind_table-201785)
655	0.0471013	FalseGround	Unlabelled	SPOkGoodGood	Alarm(_G_-ENTRY,slurp_hppa_unwind_table-201786)
656	0.0471013	FalseGround	Unlabelled	SPOkGoodGood	Alarm(_G_-ENTRY,slurp_hppa_unwind_table-201787)
657	0.0471013	FalseGround	Unlabelled	SPOkGoodGood	Alarm(_G_-ENTRY,slurp_hppa_unwind_table-201788)
658	0.0471013	FalseGround	Unlabelled	SPOkGoodGood	Alarm(_G_-ENTRY,slurp_hppa_unwind_table-201789)
659	0.0471013	FalseGround	Unlabelled	SPOkGoodGood	Alarm(_G_-ENTRY,slurp_hppa_unwind_table-201790)
660	0.0471013	FalseGround	Unlabelled	SPOkGoodGood	Alarm(_G_-ENTRY,slurp_hppa_unwind_table-201791)
661	0.0471013	FalseGround	Unlabelled	SPOkGoodGood	Alarm(_G_-ENTRY,slurp_hppa_unwind_table-201792)
662	0.0471013	FalseGround	Unlabelled	SPOkGoodGood	Alarm(_G_-ENTRY,slurp_hppa_unwind_table-201793)
663	0.0471013	FalseGround	Unlabelled	SPOkGoodGood	Alarm(_G_-ENTRY,slurp_hppa_unwind_table-201794)
664	0.0471013	FalseGround	Unlabelled	SPOkGoodGood	Alarm(_G_-ENTRY,slurp_hppa_unwind_table-201795)
665	0.0471013	FalseGround	Unlabelled	SPOkGoodGood	Alarm(_G_-ENTRY,slurp_hppa_unwind_table-201796)
666	0.0471013	FalseGround	Unlabelled	SPOkGoodGood	Alarm(_G_-ENTRY,slurp_hppa_unwind_table-201797)
667	0.0471013	FalseGround	Unlabelled	SPOkGoodGood	Alarm(_G_-ENTRY,slurp_hppa_unwind_table-201798)
668	0.0471013	FalseGround	Unlabelled	SPOkGoodGood	Alarm(_G_-ENTRY,slurp_hppa_unwind_table-201799)
669	0.0471013	FalseGround	Unlabelled	SPOkGoodGood	Alarm(_G_-ENTRY,slurp_hppa_unwind_table-201800)
670	0.0471013	FalseGround	Unlabelled	SPOkGoodGood	Alarm(_G_-ENTRY,slurp_hppa_unwind_table-201801)
671	0.0471013	FalseGround	Unlabelled	SPOkGoodGood	Alarm(_G_-ENTRY,slurp_hppa_unwind_table-201802)
672	0.0471013	FalseGround	Unlabelled	SPOkGoodGood	Alarm(_G_-ENTRY,slurp_hppa_unwind_table-201803)
673	0.0471013	FalseGround	Unlabelled	SPOkGoodGood	Alarm(_G_-ENTRY,slurp_hppa_unwind_table-201804)
674	0.0471013	FalseGround	Unlabelled	SPOkGoodGood	Alarm(_G_-ENTRY,slurp_hppa_unwind_table-201805)
675	0.0471013	FalseGround	Unlabelled	SPOkGoodGood	Alarm(_G_-ENTRY,slurp_hppa_unwind_table-201806)
676	0.0471013	FalseGround	Unlabelled	SPOkGoodGood	Alarm(_G_-ENTRY,slurp_ia64_unwind_table-201020)
677	0.0471013	FalseGround	Unlabelled	SPOkGoodGood	Alarm(_G_-ENTRY,slurp_ia64_unwind_table-201022)
678	0.0471013	FalseGround	Unlabelled	SPOkGoodGood	Alarm(_G_-ENTRY,slurp_ia64_unwind_table-201024)
679	0.0471013	FalseGround	Unlabelled	SPOkGoodGood	Alarm(_G_-ENTRY,split_directories-151503)
680	0.0471013	FalseGround	Unlabelled	SPOkGoodGood	Alarm(_G_-ENTRY,unw_print_brmask-176864)
681	0.0471013	FalseGround	Unlabelled	SPOkGoodGood	Alarm(_G_-ENTRY,unw_print_frmask-176908)
682	0.0471013	FalseGround	Unlabelled	SPOkGoodGood	Alarm(_G_-ENTRY,unw_print_grmask-176885)
683	0.0439963	FalseGround	Unlabelled	SPOkGoodGood	Alarm(_G_-ENTRY,C_alloca-165439)
684	0.0407635	FalseGround	Unlabelled	SPOkGoodGood	Alarm(_G_-ENTRY,process_debug_info-169625)
685	0.0407635	FalseGround	Unlabelled	SPOkGoodGood	Alarm(_G_-ENTRY,process_debug_info-169626)
686	0.038152	FalseGround	Unlabelled	SPOkGoodGood	Alarm(_G_-ENTRY,display_debug_lines_decoded-171027)
687	0.038152	FalseGround	Unlabelled	SPOkGoodGood	Alarm(_G_-ENTRY,display_debug_lines_decoded-171028)
688	0.038152	FalseGround	Unlabelled	SPOkGoodGood	Alarm(_G_-ENTRY,display_debug_lines_raw-170435)
689	0.038152	FalseGround	Unlabelled	SPOkGoodGood	Alarm(_G_-ENTRY,display_debug_lines_raw-170436)
690	0.038152	FalseGround	Unlabelled	SPOkGoodGood	Alarm(_G_-ENTRY,display_debug_lines_raw-170437)
691	0.038152	FalseGround	Unlabelled	SPOkGoodGood	Alarm(_G_-ENTRY,display_debug_lines_raw-170438)
692	0.038152	FalseGround	Unlabelled	SPOkGoodGood	Alarm(_G_-ENTRY,display_debug_lines_raw-170439)
693	0.038152	FalseGround	Unlabelled	SPOkGoodGood	Alarm(_G_-ENTRY,display_debug_lines_raw-170440)
694	0.038152	FalseGround	Unlabelled	SPOkGoodGood	Alarm(_G_-ENTRY,display_debug_lines_raw-170441)
695	0.038152	FalseGround	Unlabelled	SPOkGoodGood	Alarm(_G_-ENTRY,display_debug_lines_raw-170442)
696	0.038152	FalseGround	Unlabelled	SPOkGoodGood	Alarm(_G_-ENTRY,make_relative_prefix_1-151546)
697	0.038152	FalseGround	Unlabelled	SPOkGoodGood	Alarm(_G_-ENTRY,make_relative_prefix_1-151547)
698	0.038152	FalseGround	Unlabelled	SPOkGoodGood	Alarm(_G_-ENTRY,make_relative_prefix_1-151548)
699	0.038152	FalseGround	Unlabelled	SPOkGoodGood	Alarm(_G_-ENTRY,make_relative_prefix_1-151549)
700	0.038152	FalseGround	Unlabelled	SPOkGoodGood	Alarm(_G_-ENTRY,process_section_contents-208428)
701	0.038152	FalseGround	Unlabelled	SPOkGoodGood	Alarm(_G_-ENTRY,process_section_contents-208429)
702	0.038152	FalseGround	Unlabelled	SPOkGoodGood	Alarm(_G_-ENTRY,split_directories-151480)
703	0.038152	FalseGround	Unlabelled	SPOkGoodGood	Alarm(_G_-ENTRY,split_directories-151481)
704	0.035195	FalseGround	Unlabelled	SPOkGoodGood	Alarm(_G_-ENTRY,add_shndx_to_cu_tu_entry-176112)
705	0.035195	FalseGround	Unlabelled	SPOkGoodGood	Alarm(_G_-ENTRY,end_cu_tu_entry-176124)
706	0.0343368	FalseGround	Unlabelled	SPOkGoodGood	Alarm(_G_-ENTRY,partition_new-150670)
707	0.0343368	FalseGround	Unlabelled	SPOkGoodGood	Alarm(_G_-ENTRY,partition_new-150671)
708	0.0343368	FalseGround	Unlabelled	SPOkGoodGood	Alarm(_G_-ENTRY,partition_new-150672)
709	0.0343368	FalseGround	Unlabelled	SPOkGoodGood	Alarm(_G_-ENTRY,print_gnu_note-211605)
710	0.0343368	FalseGround	Unlabelled	SPOkGoodGood	Alarm(_G_-ENTRY,process_debug_info-169864)
711	0.0343368	FalseGround	Unlabelled	SPOkGoodGood	Alarm(_G_-ENTRY,process_debug_info-169865)
712	0.0343368	FalseGround	Unlabelled	SPOkGoodGood	Alarm(_G_-ENTRY,sort_pointers-142272)
713	0.0343368	FalseGround	Unlabelled	SPOkGoodGood	Alarm(_G_-ENTRY,unw_print_brmask-176867)
714	0.0343368	FalseGround	Unlabelled	SPOkGoodGood	Alarm(_G_-ENTRY,unw_print_grmask-176888)
715	0.0320493	FalseGround	Unlabelled	SPOkGoodGood	Alarm(_G_-ENTRY,unw_print_frmask-176911)
716	0.0320493	FalseGround	Unlabelled	SPOkGoodGood	Alarm(_G_-ENTRY,unw_print_frmask-176914)
717	0.0278128	FalseGround	Unlabelled	SPOkGoodGood	Alarm(_G_-ENTRY,find_cu_tu_set-176635)
718	0.0278128	FalseGround	Unlabelled	SPOkGoodGood	Alarm(_G_-ENTRY,find_cu_tu_set-176636)
719	0.0278128	FalseGround	Unlabelled	SPOkGoodGood	Alarm(_G_-ENTRY,frame_display_row-174095)
720	0.0278128	FalseGround	Unlabelled	SPOkGoodGood	Alarm(_G_-ENTRY,frame_display_row-174096)
721	0.0278128	FalseGround	Unlabelled	SPOkGoodGood	Alarm(_G_-ENTRY,frame_display_row-174097)
722	0.0278128	FalseGround	Unlabelled	SPOkGoodGood	Alarm(_G_-ENTRY,frame_display_row-174098)
723	0.0278128	FalseGround	Unlabelled	SPOkGoodGood	Alarm(_G_-ENTRY,frame_display_row-174103)
724	0.0278128	FalseGround	Unlabelled	SPOkGoodGood	Alarm(_G_-ENTRY,frame_display_row-174104)
725	0.0278128	FalseGround	Unlabelled	SPOkGoodGood	Alarm(_G_-ENTRY,frame_display_row-174105)
726	0.0278128	FalseGround	Unlabelled	SPOkGoodGood	Alarm(_G_-ENTRY,frame_display_row-174106)
727	0.0278128	FalseGround	Unlabelled	SPOkGoodGood	Alarm(_G_-ENTRY,frame_display_row-174107)
728	0.0278128	FalseGround	Unlabelled	SPOkGoodGood	Alarm(_G_-ENTRY,frame_display_row-174108)
729	0.0278128	FalseGround	Unlabelled	SPOkGoodGood	Alarm(_G_-ENTRY,frame_display_row-174109)
730	0.0278128	FalseGround	Unlabelled	SPOkGoodGood	Alarm(_G_-ENTRY,frame_display_row-174110)
731	0.0278128	FalseGround	Unlabelled	SPOkGoodGood	Alarm(_G_-ENTRY,frame_display_row-174111)
732	0.0278128	FalseGround	Unlabelled	SPOkGoodGood	Alarm(_G_-ENTRY,frame_display_row-174112)
733	0.0278128	FalseGround	Unlabelled	SPOkGoodGood	Alarm(_G_-ENTRY,frame_display_row-174113)
734	0.0278128	FalseGround	Unlabelled	SPOkGoodGood	Alarm(_G_-ENTRY,frame_display_row-174114)
735	0.0278128	FalseGround	Unlabelled	SPOkGoodGood	Alarm(_G_-ENTRY,frame_display_row-174115)
736	0.0278128	FalseGround	Unlabelled	SPOkGoodGood	Alarm(_G_-ENTRY,frame_display_row-174116)
737	0.0278128	FalseGround	Unlabelled	SPOkGoodGood	Alarm(_G_-ENTRY,frame_display_row-174117)
738	0.0278128	FalseGround	Unlabelled	SPOkGoodGood	Alarm(_G_-ENTRY,frame_display_row-174118)
739	0.0262269	FalseGround	Unlabelled	SPOkGoodGood	Alarm(_G_-ENTRY,find_section_in_set-191335)
740	0.0254661	FalseGround	Unlabelled	SPOkGoodGood	Alarm(_G_-ENTRY,display_debug_lines_decoded-171270)
741	0.0251896	FalseGround	Unlabelled	SPOkGoodGood	Alarm(_G_-ENTRY,pex_init_common-150022)
742	0.0251896	FalseGround	Unlabelled	SPOkGoodGood	Alarm(_G_-ENTRY,pex_init_common-150024)
743	0.0251896	FalseGround	Unlabelled	SPOkGoodGood	Alarm(_G_-ENTRY,pex_init_common-150025)
744	0.0251896	FalseGround	Unlabelled	SPOkGoodGood	Alarm(_G_-ENTRY,pex_init_common-150026)
745	0.0251896	FalseGround	Unlabelled	SPOkGoodGood	Alarm(_G_-ENTRY,pex_init_common-150027)
746	0.0251896	FalseGround	Unlabelled	SPOkGoodGood	Alarm(_G_-ENTRY,pex_init_common-150028)
747	0.0251896	FalseGround	Unlabelled	SPOkGoodGood	Alarm(_G_-ENTRY,pex_init_common-150029)
748	0.0251896	FalseGround	Unlabelled	SPOkGoodGood	Alarm(_G_-ENTRY,pex_init_common-150030)
749	0.0251896	FalseGround	Unlabelled	SPOkGoodGood	Alarm(_G_-ENTRY,pex_init_common-150031)
750	0.0251896	FalseGround	Unlabelled	SPOkGoodGood	Alarm(_G_-ENTRY,pex_init_common-150032)
751	0.0251896	FalseGround	Unlabelled	SPOkGoodGood	Alarm(_G_-ENTRY,pex_init_common-150033)
752	0.0251896	FalseGround	Unlabelled	SPOkGoodGood	Alarm(_G_-ENTRY,pex_init_common-150034)
753	0.0251896	FalseGround	Unlabelled	SPOkGoodGood	Alarm(_G_-ENTRY,pex_init_common-150035)
754	0.0251896	FalseGround	Unlabelled	SPOkGoodGood	Alarm(_G_-ENTRY,pex_init_common-150036)
755	0.0251896	FalseGround	Unlabelled	SPOkGoodGood	Alarm(_G_-ENTRY,pex_init_common-150037)
756	0.0251896	FalseGround	Unlabelled	SPOkGoodGood	Alarm(_G_-ENTRY,pex_init_common-150038)
757	0.0251896	FalseGround	Unlabelled	SPOkGoodGood	Alarm(_G_-ENTRY,pex_init_common-150039)
758	0.0204298	FalseGround	Unlabelled	SPOkGoodGood	Alarm(_G_-ENTRY,adjust_relative_path-165665)
759	0.0204298	FalseGround	Unlabelled	SPOkGoodGood	Alarm(_G_-ENTRY,adjust_relative_path-165666)
760	0.0204298	FalseGround	Unlabelled	SPOkGoodGood	Alarm(_G_-ENTRY,adjust_relative_path-165670)
761	0.0204298	FalseGround	Unlabelled	SPOkGoodGood	Alarm(_G_-ENTRY,adjust_relative_path-165671)
762	0.0204298	FalseGround	Unlabelled	SPOkGoodGood	Alarm(_G_-ENTRY,adjust_relative_path-165672)
763	0.0165482	FalseGround	Unlabelled	SPOkGoodGood	Alarm(_G_-ENTRY,adjust_relative_path-165651)
764	0.0165482	FalseGround	Unlabelled	SPOkGoodGood	Alarm(_G_-ENTRY,adjust_relative_path-165652)
765	0.0165482	FalseGround	Unlabelled	SPOkGoodGood	Alarm(_G_-ENTRY,adjust_relative_path-165653)
766	0.0165482	FalseGround	Unlabelled	SPOkGoodGood	Alarm(_G_-ENTRY,adjust_relative_path-165654)
767	0.0165482	FalseGround	Unlabelled	SPOkGoodGood	Alarm(_G_-ENTRY,adjust_relative_path-165655)
768	0.0165482	FalseGround	Unlabelled	SPOkGoodGood	Alarm(_G_-ENTRY,adjust_relative_path-165656)
769	0.0165482	FalseGround	Unlabelled	SPOkGoodGood	Alarm(_G_-ENTRY,adjust_relative_path-165657)
770	0.0165482	FalseGround	Unlabelled	SPOkGoodGood	Alarm(_G_-ENTRY,adjust_relative_path-165658)
771	0.0133028	FalseGround	Unlabelled	SPOkGoodGood	Alarm(_G_-ENTRY,ada_demangle-156409)
772	0.0133028	FalseGround	Unlabelled	SPOkGoodGood	Alarm(_G_-ENTRY,d_print_comp-163700)
773	0.0133028	FalseGround	Unlabelled	SPOkGoodGood	Alarm(_G_-ENTRY,d_print_comp-163701)
774	0.0133028	FalseGround	Unlabelled	SPOkGoodGood	Alarm(_G_-ENTRY,d_print_comp-163703)
775	0.0133028	FalseGround	Unlabelled	SPOkGoodGood	Alarm(_G_-ENTRY,d_print_comp-163704)
776	0.0133028	FalseGround	Unlabelled	SPOkGoodGood	Alarm(_G_-ENTRY,display_debug_frames-174751)
777	0.0133028	FalseGround	Unlabelled	SPOkGoodGood	Alarm(_G_-ENTRY,dump_hppa_unwind-201629)
778	0.0133028	FalseGround	Unlabelled	SPOkGoodGood	Alarm(_G_-ENTRY,dump_hppa_unwind-201634)
779	0.0133028	FalseGround	Unlabelled	SPOkGoodGood	Alarm(_G_-ENTRY,dump_hppa_unwind-201636)
780	0.0133028	FalseGround	Unlabelled	SPOkGoodGood	Alarm(_G_-ENTRY,dump_hppa_unwind-201642)
781	0.0133028	FalseGround	Unlabelled	SPOkGoodGood	Alarm(_G_-ENTRY,dump_hppa_unwind-201643)
782	0.0133028	FalseGround	Unlabelled	SPOkGoodGood	Alarm(_G_-ENTRY,dump_hppa_unwind-201663)
783	0.0133028	FalseGround	Unlabelled	SPOkGoodGood	Alarm(_G_-ENTRY,only_whitespace-154519)
784	0.0133028	FalseGround	Unlabelled	SPOkGoodGood	Alarm(_G_-ENTRY,process_extended_line_op-166272)
785	0.0133028	FalseGround	Unlabelled	SPOkGoodGood	Alarm(_G_-ENTRY,process_extended_line_op-166368)
786	0.0107753	FalseGround	Unlabelled	SPOkGoodGood	Alarm(_G_-ENTRY,dump_hppa_unwind-201576)
787	0.0107753	FalseGround	Unlabelled	SPOkGoodGood	Alarm(_G_-ENTRY,dump_hppa_unwind-201577)
788	0.0107753	FalseGround	Unlabelled	SPOkGoodGood	Alarm(_G_-ENTRY,dump_hppa_unwind-201578)
789	0.0107753	FalseGround	Unlabelled	SPOkGoodGood	Alarm(_G_-ENTRY,dump_hppa_unwind-201579)
790	0.0107753	FalseGround	Unlabelled	SPOkGoodGood	Alarm(_G_-ENTRY,dump_hppa_unwind-201580)
791	0.0107753	FalseGround	Unlabelled	SPOkGoodGood	Alarm(_G_-ENTRY,dump_hppa_unwind-201581)
792	0.0107753	FalseGround	Unlabelled	SPOkGoodGood	Alarm(_G_-ENTRY,dump_hppa_unwind-201582)
793	0.0107753	FalseGround	Unlabelled	SPOkGoodGood	Alarm(_G_-ENTRY,dump_hppa_unwind-201583)
794	0.0107753	FalseGround	Unlabelled	SPOkGoodGood	Alarm(_G_-ENTRY,dump_hppa_unwind-201584)
795	0.0107753	FalseGround	Unlabelled	SPOkGoodGood	Alarm(_G_-ENTRY,dump_hppa_unwind-201585)
796	0.0107753	FalseGround	Unlabelled	SPOkGoodGood	Alarm(_G_-ENTRY,dump_hppa_unwind-201586)
797	0.0107753	FalseGround	Unlabelled	SPOkGoodGood	Alarm(_G_-ENTRY,dump_hppa_unwind-201587)
798	0.0107753	FalseGround	Unlabelled	SPOkGoodGood	Alarm(_G_-ENTRY,dump_hppa_unwind-201588)
799	0.0107753	FalseGround	Unlabelled	SPOkGoodGood	Alarm(_G_-ENTRY,dump_hppa_unwind-201589)
800	0.0107753	FalseGround	Unlabelled	SPOkGoodGood	Alarm(_G_-ENTRY,dump_hppa_unwind-201590)
801	0.0107753	FalseGround	Unlabelled	SPOkGoodGood	Alarm(_G_-ENTRY,dump_hppa_unwind-201591)
802	0.0107753	FalseGround	Unlabelled	SPOkGoodGood	Alarm(_G_-ENTRY,dump_hppa_unwind-201592)
803	0.0107753	FalseGround	Unlabelled	SPOkGoodGood	Alarm(_G_-ENTRY,dump_hppa_unwind-201593)
804	0.0107753	FalseGround	Unlabelled	SPOkGoodGood	Alarm(_G_-ENTRY,dump_hppa_unwind-201594)
805	0.0107753	FalseGround	Unlabelled	SPOkGoodGood	Alarm(_G_-ENTRY,dump_hppa_unwind-201595)
806	0.0107753	FalseGround	Unlabelled	SPOkGoodGood	Alarm(_G_-ENTRY,dump_hppa_unwind-201596)
807	0.0107753	FalseGround	Unlabelled	SPOkGoodGood	Alarm(_G_-ENTRY,dump_hppa_unwind-201597)
808	0.0107753	FalseGround	Unlabelled	SPOkGoodGood	Alarm(_G_-ENTRY,dump_hppa_unwind-201598)
809	0.0107753	FalseGround	Unlabelled	SPOkGoodGood	Alarm(_G_-ENTRY,dump_hppa_unwind-201599)
810	0.0107753	FalseGround	Unlabelled	SPOkGoodGood	Alarm(_G_-ENTRY,dump_hppa_unwind-201600)
811	0.0107753	FalseGround	Unlabelled	SPOkGoodGood	Alarm(_G_-ENTRY,dump_hppa_unwind-201601)
812	0.0107753	FalseGround	Unlabelled	SPOkGoodGood	Alarm(_G_-ENTRY,dump_hppa_unwind-201602)
813	0.0107753	FalseGround	Unlabelled	SPOkGoodGood	Alarm(_G_-ENTRY,dump_hppa_unwind-201603)
814	0.0107753	FalseGround	Unlabelled	SPOkGoodGood	Alarm(_G_-ENTRY,dump_hppa_unwind-201604)
815	0.0107753	FalseGround	Unlabelled	SPOkGoodGood	Alarm(_G_-ENTRY,dump_hppa_unwind-201605)
816	0.0107753	FalseGround	Unlabelled	SPOkGoodGood	Alarm(_G_-ENTRY,dump_hppa_unwind-201606)
817	0.0107753	FalseGround	Unlabelled	SPOkGoodGood	Alarm(_G_-ENTRY,dump_hppa_unwind-201607)
818	0.0107753	FalseGround	Unlabelled	SPOkGoodGood	Alarm(_G_-ENTRY,dump_hppa_unwind-201608)
819	0.0107753	FalseGround	Unlabelled	SPOkGoodGood	Alarm(_G_-ENTRY,dump_hppa_unwind-201609)
820	0.0107753	FalseGround	Unlabelled	SPOkGoodGood	Alarm(_G_-ENTRY,dump_hppa_unwind-201610)
821	0.0107753	FalseGround	Unlabelled	SPOkGoodGood	Alarm(_G_-ENTRY,dump_hppa_unwind-201611)
822	0.0107753	FalseGround	Unlabelled	SPOkGoodGood	Alarm(_G_-ENTRY,dump_hppa_unwind-201612)
823	0.0107753	FalseGround	Unlabelled	SPOkGoodGood	Alarm(_G_-ENTRY,dump_hppa_unwind-201613)
824	0.0107753	FalseGround	Unlabelled	SPOkGoodGood	Alarm(_G_-ENTRY,dump_hppa_unwind-201614)
825	0.0107753	FalseGround	Unlabelled	SPOkGoodGood	Alarm(_G_-ENTRY,dump_hppa_unwind-201615)
826	0.0107753	FalseGround	Unlabelled	SPOkGoodGood	Alarm(_G_-ENTRY,dump_hppa_unwind-201616)
827	0.0107753	FalseGround	Unlabelled	SPOkGoodGood	Alarm(_G_-ENTRY,dump_hppa_unwind-201617)
828	0.0107753	FalseGround	Unlabelled	SPOkGoodGood	Alarm(_G_-ENTRY,dump_hppa_unwind-201618)
829	0.0107753	FalseGround	Unlabelled	SPOkGoodGood	Alarm(_G_-ENTRY,dump_hppa_unwind-201619)
830	0.0107753	FalseGround	Unlabelled	SPOkGoodGood	Alarm(_G_-ENTRY,dump_hppa_unwind-201620)
831	0.0107753	FalseGround	Unlabelled	SPOkGoodGood	Alarm(_G_-ENTRY,dump_hppa_unwind-201621)
832	0.0107753	FalseGround	Unlabelled	SPOkGoodGood	Alarm(_G_-ENTRY,dump_hppa_unwind-201622)
833	0.0107753	FalseGround	Unlabelled	SPOkGoodGood	Alarm(_G_-ENTRY,dump_hppa_unwind-201623)
834	0.0107753	FalseGround	Unlabelled	SPOkGoodGood	Alarm(_G_-ENTRY,dump_hppa_unwind-201624)
835	0.0107753	FalseGround	Unlabelled	SPOkGoodGood	Alarm(_G_-ENTRY,dump_hppa_unwind-201625)
836	0.0107753	FalseGround	Unlabelled	SPOkGoodGood	Alarm(_G_-ENTRY,dump_hppa_unwind-201626)
837	0.0107753	FalseGround	Unlabelled	SPOkGoodGood	Alarm(_G_-ENTRY,dump_hppa_unwind-201627)
838	0.0107753	FalseGround	Unlabelled	SPOkGoodGood	Alarm(_G_-ENTRY,only_whitespace-165111)
839	0.0107753	FalseGround	Unlabelled	SPOkGoodGood	Alarm(_G_-ENTRY,only_whitespace-165112)
840	0.00969774	FalseGround	Unlabelled	SPOkGoodGood	Alarm(_G_-ENTRY,process_debug_info-169805)
841	0.00969774	FalseGround	Unlabelled	SPOkGoodGood	Alarm(_G_-ENTRY,process_debug_info-169806)
842	0.00872796	FalseGround	Unlabelled	SPOkGoodGood	Alarm(_G_-ENTRY,display_debug_lines_raw-170580)
843	0.00785517	FalseGround	Unlabelled	SPOkGoodGood	Alarm(_G_-ENTRY,make_relative_prefix_1-151552)
844	0.00785517	FalseGround	Unlabelled	SPOkGoodGood	Alarm(_G_-ENTRY,make_relative_prefix_1-151553)
845	0.00636269	FalseGround	Unlabelled	SPOkGoodGood	Alarm(_G_-ENTRY,unw_print_frmask-176917)
846	0.00515378	FalseGround	Unlabelled	SPOkGoodGood	Alarm(_G_-ENTRY,process_section_contents-208418)
847	0.00515378	FalseGround	Unlabelled	SPOkGoodGood	Alarm(_G_-ENTRY,process_section_contents-208419)
848	0.00515378	FalseGround	Unlabelled	SPOkGoodGood	Alarm(_G_-ENTRY,process_section_contents-208420)
849	0.00515378	FalseGround	Unlabelled	SPOkGoodGood	Alarm(_G_-ENTRY,process_section_contents-208421)
850	0.00515378	FalseGround	Unlabelled	SPOkGoodGood	Alarm(_G_-ENTRY,process_section_contents-208422)
851	0.00515378	FalseGround	Unlabelled	SPOkGoodGood	Alarm(_G_-ENTRY,process_section_contents-208423)
852	0.00515378	FalseGround	Unlabelled	SPOkGoodGood	Alarm(_G_-ENTRY,process_section_contents-208424)
853	0.00515378	FalseGround	Unlabelled	SPOkGoodGood	Alarm(_G_-ENTRY,process_section_contents-208425)
854	0.00406345	FalseGround	Unlabelled	SPOkGoodGood	Alarm(_G_-ENTRY,find_cu_tu_set-176641)
855	0.00406345	FalseGround	Unlabelled	SPOkGoodGood	Alarm(_G_-ENTRY,find_cu_tu_set-176642)
856	0.00304325	FalseGround	Unlabelled	SPOkGoodGood	Alarm(_G_-ENTRY,ada_demangle-156400)
857	0.00304325	FalseGround	Unlabelled	SPOkGoodGood	Alarm(_G_-ENTRY,display_debug_section-208291)
858	0.00304325	FalseGround	Unlabelled	SPOkGoodGood	Alarm(_G_-ENTRY,display_debug_section-208295)
859	0.00304325	FalseGround	Unlabelled	SPOkGoodGood	Alarm(_G_-ENTRY,display_debug_section-208301)
860	0.00304325	FalseGround	Unlabelled	SPOkGoodGood	Alarm(_G_-ENTRY,process_dynamic_section-204263)
861	0.00246503	FalseGround	Unlabelled	SPOkGoodGood	Alarm(_G_-ENTRY,d_print_comp-163441)
862	0.00246503	FalseGround	Unlabelled	SPOkGoodGood	Alarm(_G_-ENTRY,d_print_comp-163442)
863	0.00246503	FalseGround	Unlabelled	SPOkGoodGood	Alarm(_G_-ENTRY,only_whitespace-165109)
864	0.00246503	FalseGround	Unlabelled	SPOkGoodGood	Alarm(_G_-ENTRY,only_whitespace-165110)
865	0.00122387	FalseGround	Unlabelled	SPOkGoodGood	Alarm(_G_-ENTRY,unix_lbasename-151730)
866	0.00122387	FalseGround	Unlabelled	SPOkGoodGood	Alarm(_G_-ENTRY,unix_lbasename-151731)
867	0.00122387	FalseGround	Unlabelled	SPOkGoodGood	Alarm(_G_-ENTRY,unix_lbasename-151732)
868	0.00122387	FalseGround	Unlabelled	SPOkGoodGood	Alarm(_G_-ENTRY,unix_lbasename-151733)
869	0.000563921	FalseGround	Unlabelled	SPOkGoodGood	Alarm(_G_-ENTRY,display_debug_macinfo-171802)
870	0.000563921	FalseGround	Unlabelled	SPOkGoodGood	Alarm(_G_-ENTRY,partition_new-150668)
871	0.000563921	FalseGround	Unlabelled	SPOkGoodGood	Alarm(_G_-ENTRY,pex_init_common-150023)
872	0.000563921	FalseGround	Unlabelled	SPOkGoodGood	Alarm(_G_-ENTRY,pex_init_common-150040)
873	8.46415e-05	FalseGround	Unlabelled	SPOkGoodGood	Alarm(_G_-ENTRY,display_debug_lines_decoded-171173)
874	8.46415e-05	FalseGround	Unlabelled	SPOkGoodGood	Alarm(_G_-ENTRY,uncompress_section_contents-208132)
875	8.46415e-05	FalseGround	Unlabelled	SPOkGoodGood	Alarm(_G_-ENTRY,uncompress_section_contents-208134)
876	8.46415e-05	FalseGround	Unlabelled	SPOkGoodGood	Alarm(_G_-ENTRY,uncompress_section_contents-208136)
877	8.46415e-05	FalseGround	Unlabelled	SPOkGoodGood	Alarm(_G_-ENTRY,uncompress_section_contents-208138)
878	8.46415e-05	FalseGround	Unlabelled	SPOkGoodGood	Alarm(_G_-ENTRY,uncompress_section_contents-208140)
879	8.46415e-05	FalseGround	Unlabelled	SPOkGoodGood	Alarm(_G_-ENTRY,uncompress_section_contents-208142)
880	8.46415e-05	FalseGround	Unlabelled	SPOkGoodGood	Alarm(_G_-ENTRY,uncompress_section_contents-208144)
881	8.46415e-05	FalseGround	Unlabelled	SPOkGoodGood	Alarm(_G_-ENTRY,uncompress_section_contents-208146)
882	1.02904e-05	FalseGround	Unlabelled	SPOkGoodGood	Alarm(_G_-ENTRY,display_debug_lines_raw-170499)
