Rank	Confidence	Ground	Label	Comments	Tuple
1	0.898732	FalseGround	Unlabelled	SPOkGoodGood	Alarm(_G_-ENTRY,display_debug_frames-174799)
2	0.895046	FalseGround	Unlabelled	SPOkGoodGood	Alarm(_G_-ENTRY,display_debug_frames-174825)
3	0.89256	FalseGround	Unlabelled	SPOkGoodGood	Alarm(_G_-ENTRY,display_debug_frames-174823)
4	0.883855	FalseGround	Unlabelled	SPOkGoodGood	Alarm(_G_-ENTRY,display_debug_frames-174924)
5	0.881959	FalseGround	Unlabelled	SPOkGoodGood	Alarm(_G_-ENTRY,display_debug_frames-174797)
6	0.873923	FalseGround	Unlabelled	SPOkGoodGood	Alarm(_G_-ENTRY,display_debug_frames-174817)
7	0.865807	FalseGround	Unlabelled	SPOkGoodGood	Alarm(_G_-ENTRY,display_debug_frames-174831)
8	0.865711	FalseGround	Unlabelled	SPOkGoodGood	Alarm(_G_-ENTRY,display_debug_frames-174807)
9	0.863567	FalseGround	Unlabelled	SPOkGoodGood	Alarm(_G_-ENTRY,display_debug_frames-174755)
10	0.863567	FalseGround	Unlabelled	SPOkGoodGood	Alarm(_G_-ENTRY,display_debug_frames-174802)
11	0.863567	FalseGround	Unlabelled	SPOkGoodGood	Alarm(_G_-ENTRY,display_debug_frames-174814)
12	0.860476	FalseGround	Unlabelled	SPOkGoodGood	Alarm(_G_-ENTRY,display_debug_frames-174293)
13	0.860476	FalseGround	Unlabelled	SPOkGoodGood	Alarm(_G_-ENTRY,display_debug_frames-174294)
14	0.850297	FalseGround	Unlabelled	SPOkGoodGood	Alarm(_G_-ENTRY,display_debug_frames-174805)
15	0.850297	FalseGround	Unlabelled	SPOkGoodGood	Alarm(_G_-ENTRY,display_debug_frames-174806)
16	0.850297	FalseGround	Unlabelled	SPOkGoodGood	Alarm(_G_-ENTRY,display_debug_frames-174821)
17	0.848428	FalseGround	Unlabelled	SPOkGoodGood	Alarm(_G_-ENTRY,process_section_groups-200302)
18	0.843397	FalseGround	Unlabelled	SPOkGoodGood	Alarm(_G_-ENTRY,process_unwind-203340)
19	0.841026	FalseGround	Unlabelled	SPOkGoodGood	Alarm(_G_-ENTRY,process_object-212684)
20	0.840037	FalseGround	Unlabelled	SPOkGoodGood	Alarm(_G_-ENTRY,d_print_comp-163823)
21	0.838085	FalseGround	Unlabelled	SPOkGoodGood	Alarm(_G_-ENTRY,display_debug_frames-174803)
22	0.838085	FalseGround	Unlabelled	SPOkGoodGood	Alarm(_G_-ENTRY,display_debug_frames-174804)
23	0.834706	FalseGround	Unlabelled	SPOkGoodGood	Alarm(_G_-ENTRY,process_unwind-203325)
24	0.834706	FalseGround	Unlabelled	SPOkGoodGood	Alarm(_G_-ENTRY,process_unwind-203326)
25	0.834706	FalseGround	Unlabelled	SPOkGoodGood	Alarm(_G_-ENTRY,process_unwind-203327)
26	0.834706	FalseGround	Unlabelled	SPOkGoodGood	Alarm(_G_-ENTRY,process_unwind-203328)
27	0.833661	FalseGround	Unlabelled	SPOkGoodGood	Alarm(_G_-ENTRY,frame_need_space-174026)
28	0.833661	FalseGround	Unlabelled	SPOkGoodGood	Alarm(_G_-ENTRY,frame_need_space-174027)
29	0.833661	FalseGround	Unlabelled	SPOkGoodGood	Alarm(_G_-ENTRY,process_object-212683)
30	0.82189	FalseGround	Unlabelled	SPOkGoodGood	Alarm(_G_-ENTRY,display_debug_frames-174329)
31	0.82189	FalseGround	Unlabelled	SPOkGoodGood	Alarm(_G_-ENTRY,display_debug_frames-174330)
32	0.821584	FalseGround	Unlabelled	SPOkGoodGood	Alarm(_G_-ENTRY,display_debug_frames-174287)
33	0.821584	FalseGround	Unlabelled	SPOkGoodGood	Alarm(_G_-ENTRY,display_debug_frames-174288)
34	0.819398	FalseGround	Unlabelled	SPOkGoodGood	Alarm(_G_-ENTRY,d_print_comp-163688)
35	0.819398	FalseGround	Unlabelled	SPOkGoodGood	Alarm(_G_-ENTRY,d_print_comp-163689)
36	0.818996	FalseGround	Unlabelled	SPOkGoodGood	Alarm(_G_-ENTRY,display_debug_frames-174771)
37	0.817591	FalseGround	Unlabelled	SPOkGoodGood	Alarm(_G_-ENTRY,display_debug_frames-174880)
38	0.812987	FalseGround	Unlabelled	SPOkGoodGood	Alarm(_G_-ENTRY,process_section_groups-200280)
39	0.81	FalseGround	Unlabelled	SPOkGoodGood	Alarm(_G_-ENTRY,byte_get_little_endian-155128)
40	0.81	FalseGround	Unlabelled	SPOkGoodGood	Alarm(_G_-ENTRY,byte_get_little_endian-155129)
41	0.81	FalseGround	Unlabelled	SPOkGoodGood	Alarm(_G_-ENTRY,byte_get_little_endian-155131)
42	0.81	FalseGround	Unlabelled	SPOkGoodGood	Alarm(_G_-ENTRY,byte_get_little_endian-155145)
43	0.81	FalseGround	Unlabelled	SPOkGoodGood	Alarm(_G_-ENTRY,request_dump_bynumber-197233)
44	0.808686	FalseGround	Unlabelled	SPOkGoodGood	Alarm(_G_-ENTRY,decode_location_expression-167343)
45	0.808071	FalseGround	Unlabelled	SPOkGoodGood	Alarm(_G_-ENTRY,display_debug_lines_decoded-171378)
46	0.803291	FalseGround	Unlabelled	SPOkGoodGood	Alarm(_G_-ENTRY,byte_put_little_endian-165485)
47	0.803291	FalseGround	Unlabelled	SPOkGoodGood	Alarm(_G_-ENTRY,byte_put_little_endian-165486)
48	0.803291	FalseGround	Unlabelled	SPOkGoodGood	Alarm(_G_-ENTRY,byte_put_little_endian-165487)
49	0.803291	FalseGround	Unlabelled	SPOkGoodGood	Alarm(_G_-ENTRY,byte_put_little_endian-165488)
50	0.803291	FalseGround	Unlabelled	SPOkGoodGood	Alarm(_G_-ENTRY,byte_put_little_endian-165489)
51	0.803291	FalseGround	Unlabelled	SPOkGoodGood	Alarm(_G_-ENTRY,byte_put_little_endian-165490)
52	0.803291	FalseGround	Unlabelled	SPOkGoodGood	Alarm(_G_-ENTRY,byte_put_little_endian-165491)
53	0.803291	FalseGround	Unlabelled	SPOkGoodGood	Alarm(_G_-ENTRY,byte_put_little_endian-165492)
54	0.801126	FalseGround	Unlabelled	SPOkGoodGood	Alarm(_G_-ENTRY,display_debug_frames-175197)
55	0.801126	FalseGround	Unlabelled	SPOkGoodGood	Alarm(_G_-ENTRY,display_debug_frames-175201)
56	0.801126	FalseGround	Unlabelled	SPOkGoodGood	Alarm(_G_-ENTRY,display_debug_frames-175205)
57	0.801126	FalseGround	Unlabelled	SPOkGoodGood	Alarm(_G_-ENTRY,display_debug_frames-175206)
58	0.800643	FalseGround	Unlabelled	SPOkGoodGood	Alarm(_G_-ENTRY,display_debug_frames-175090)
59	0.798802	FalseGround	Unlabelled	SPOkGoodGood	Alarm(_G_-ENTRY,display_debug_frames-174732)
60	0.798802	FalseGround	Unlabelled	SPOkGoodGood	Alarm(_G_-ENTRY,display_debug_frames-174734)
61	0.798802	FalseGround	Unlabelled	SPOkGoodGood	Alarm(_G_-ENTRY,display_debug_frames-174735)
62	0.798802	FalseGround	Unlabelled	SPOkGoodGood	Alarm(_G_-ENTRY,display_debug_frames-174741)
63	0.798802	FalseGround	Unlabelled	SPOkGoodGood	Alarm(_G_-ENTRY,display_debug_frames-174747)
64	0.798802	FalseGround	Unlabelled	SPOkGoodGood	Alarm(_G_-ENTRY,display_debug_frames-174752)
65	0.798802	FalseGround	Unlabelled	SPOkGoodGood	Alarm(_G_-ENTRY,display_debug_frames-174772)
66	0.798802	FalseGround	Unlabelled	SPOkGoodGood	Alarm(_G_-ENTRY,display_debug_frames-174773)
67	0.798802	FalseGround	Unlabelled	SPOkGoodGood	Alarm(_G_-ENTRY,display_debug_frames-174775)
68	0.798802	FalseGround	Unlabelled	SPOkGoodGood	Alarm(_G_-ENTRY,display_debug_frames-174778)
69	0.798802	FalseGround	Unlabelled	SPOkGoodGood	Alarm(_G_-ENTRY,display_debug_frames-174267)
70	0.798802	FalseGround	Unlabelled	SPOkGoodGood	Alarm(_G_-ENTRY,display_debug_frames-174268)
71	0.798802	FalseGround	Unlabelled	SPOkGoodGood	Alarm(_G_-ENTRY,display_debug_frames-174279)
72	0.798802	FalseGround	Unlabelled	SPOkGoodGood	Alarm(_G_-ENTRY,display_debug_frames-174280)
73	0.798802	FalseGround	Unlabelled	SPOkGoodGood	Alarm(_G_-ENTRY,display_debug_frames-174281)
74	0.798802	FalseGround	Unlabelled	SPOkGoodGood	Alarm(_G_-ENTRY,display_debug_frames-174282)
75	0.798802	FalseGround	Unlabelled	SPOkGoodGood	Alarm(_G_-ENTRY,display_debug_frames-174283)
76	0.798802	FalseGround	Unlabelled	SPOkGoodGood	Alarm(_G_-ENTRY,display_debug_frames-174284)
77	0.798802	FalseGround	Unlabelled	SPOkGoodGood	Alarm(_G_-ENTRY,display_debug_frames-174285)
78	0.798802	FalseGround	Unlabelled	SPOkGoodGood	Alarm(_G_-ENTRY,display_debug_frames-174286)
79	0.794301	FalseGround	Unlabelled	SPOkGoodGood	Alarm(_G_-ENTRY,process_section_groups-200272)
80	0.794301	FalseGround	Unlabelled	SPOkGoodGood	Alarm(_G_-ENTRY,process_section_groups-200284)
81	0.794301	FalseGround	Unlabelled	SPOkGoodGood	Alarm(_G_-ENTRY,process_section_groups-200303)
82	0.794301	FalseGround	Unlabelled	SPOkGoodGood	Alarm(_G_-ENTRY,process_section_groups-200304)
83	0.788493	FalseGround	Unlabelled	SPOkGoodGood	Alarm(_G_-ENTRY,expandargv-165374)
84	0.782379	FalseGround	Unlabelled	SPOkGoodGood	Alarm(_G_-ENTRY,display_debug_lines_decoded-171394)
85	0.782379	FalseGround	Unlabelled	SPOkGoodGood	Alarm(_G_-ENTRY,display_debug_lines_decoded-171401)
86	0.782379	FalseGround	Unlabelled	SPOkGoodGood	Alarm(_G_-ENTRY,display_debug_lines_decoded-171117)
87	0.782379	FalseGround	Unlabelled	SPOkGoodGood	Alarm(_G_-ENTRY,display_debug_lines_decoded-171118)
88	0.778393	FalseGround	Unlabelled	SPOkGoodGood	Alarm(_G_-ENTRY,display_debug_frames-175088)
89	0.778393	FalseGround	Unlabelled	SPOkGoodGood	Alarm(_G_-ENTRY,display_debug_frames-175089)
90	0.769322	FalseGround	Unlabelled	SPOkGoodGood	Alarm(_G_-ENTRY,display_debug_frames-174810)
91	0.769322	FalseGround	Unlabelled	SPOkGoodGood	Alarm(_G_-ENTRY,display_debug_frames-174931)
92	0.764152	FalseGround	Unlabelled	SPOkGoodGood	Alarm(_G_-ENTRY,process_archive-212872)
93	0.756055	FalseGround	Unlabelled	SPOkGoodGood	Alarm(_G_-ENTRY,display_debug_lines_decoded-171235)
94	0.756055	FalseGround	Unlabelled	SPOkGoodGood	Alarm(_G_-ENTRY,display_debug_lines_decoded-171035)
95	0.756055	FalseGround	Unlabelled	SPOkGoodGood	Alarm(_G_-ENTRY,display_debug_lines_decoded-171036)
96	0.755087	FalseGround	Unlabelled	SPOkGoodGood	Alarm(_G_-ENTRY,display_debug_loc-173191)
97	0.748182	FalseGround	Unlabelled	SPOkGoodGood	Alarm(_G_-ENTRY,split_directories-151476)
98	0.748182	FalseGround	Unlabelled	SPOkGoodGood	Alarm(_G_-ENTRY,split_directories-151477)
99	0.74507	FalseGround	Unlabelled	SPOkGoodGood	Alarm(_G_-ENTRY,buildargv-165204)
100	0.735832	FalseGround	Unlabelled	SPOkGoodGood	Alarm(_G_-ENTRY,frame_need_space-173978)
101	0.735832	FalseGround	Unlabelled	SPOkGoodGood	Alarm(_G_-ENTRY,frame_need_space-173979)
102	0.735832	FalseGround	Unlabelled	SPOkGoodGood	Alarm(_G_-ENTRY,frame_need_space-173980)
103	0.735832	FalseGround	Unlabelled	SPOkGoodGood	Alarm(_G_-ENTRY,frame_need_space-173981)
104	0.735832	FalseGround	Unlabelled	SPOkGoodGood	Alarm(_G_-ENTRY,frame_need_space-174003)
105	0.735832	FalseGround	Unlabelled	SPOkGoodGood	Alarm(_G_-ENTRY,frame_need_space-174004)
106	0.735832	FalseGround	Unlabelled	SPOkGoodGood	Alarm(_G_-ENTRY,frame_need_space-173946)
107	0.735832	FalseGround	Unlabelled	SPOkGoodGood	Alarm(_G_-ENTRY,frame_need_space-173947)
108	0.735832	FalseGround	Unlabelled	SPOkGoodGood	Alarm(_G_-ENTRY,frame_need_space-173976)
109	0.735832	FalseGround	Unlabelled	SPOkGoodGood	Alarm(_G_-ENTRY,frame_need_space-173977)
110	0.729	FalseGround	Unlabelled	SPOkGoodGood	Alarm(_G_-ENTRY,display_debug_frames-174853)
111	0.729	FalseGround	Unlabelled	SPOkGoodGood	Alarm(_G_-ENTRY,display_debug_frames-174876)
112	0.729	FalseGround	Unlabelled	SPOkGoodGood	Alarm(_G_-ENTRY,display_debug_frames-174877)
113	0.729	FalseGround	Unlabelled	SPOkGoodGood	Alarm(_G_-ENTRY,display_debug_frames-174878)
114	0.729	FalseGround	Unlabelled	SPOkGoodGood	Alarm(_G_-ENTRY,display_debug_frames-174879)
115	0.729	FalseGround	Unlabelled	SPOkGoodGood	Alarm(_G_-ENTRY,display_debug_frames-174881)
116	0.729	FalseGround	Unlabelled	SPOkGoodGood	Alarm(_G_-ENTRY,display_debug_frames-174882)
117	0.729	FalseGround	Unlabelled	SPOkGoodGood	Alarm(_G_-ENTRY,display_debug_frames-174883)
118	0.729	FalseGround	Unlabelled	SPOkGoodGood	Alarm(_G_-ENTRY,display_debug_frames-174884)
119	0.729	FalseGround	Unlabelled	SPOkGoodGood	Alarm(_G_-ENTRY,display_debug_frames-174885)
120	0.729	FalseGround	Unlabelled	SPOkGoodGood	Alarm(_G_-ENTRY,display_debug_frames-174886)
121	0.729	FalseGround	Unlabelled	SPOkGoodGood	Alarm(_G_-ENTRY,display_debug_frames-174888)
122	0.729	FalseGround	Unlabelled	SPOkGoodGood	Alarm(_G_-ENTRY,process_corefile_note_segment-212218)
123	0.729	FalseGround	Unlabelled	SPOkGoodGood	Alarm(_G_-ENTRY,process_corefile_note_segment-212179)
124	0.729	FalseGround	Unlabelled	SPOkGoodGood	Alarm(_G_-ENTRY,process_corefile_note_segment-212180)
125	0.722276	FalseGround	Unlabelled	SPOkGoodGood	Alarm(_G_-ENTRY,display_debug_lines_raw-170532)
126	0.714871	FalseGround	Unlabelled	SPOkGoodGood	Alarm(_G_-ENTRY,process_section_groups-200154)
127	0.714871	FalseGround	Unlabelled	SPOkGoodGood	Alarm(_G_-ENTRY,process_section_groups-200155)
128	0.706786	FalseGround	Unlabelled	SPOkGoodGood	Alarm(_G_-ENTRY,buildargv-165228)
129	0.702007	FalseGround	Unlabelled	SPOkGoodGood	Alarm(_G_-ENTRY,display_debug_frames-175029)
130	0.692811	FalseGround	Unlabelled	SPOkGoodGood	Alarm(_G_-ENTRY,display_debug_frames-174938)
131	0.689201	FalseGround	Unlabelled	SPOkGoodGood	Alarm(_G_-ENTRY,splay_tree_foreach_helper-142014)
132	0.68045	FalseGround	Unlabelled	SPOkGoodGood	Alarm(_G_-ENTRY,process_section_headers-199519)
133	0.68045	FalseGround	Unlabelled	SPOkGoodGood	Alarm(_G_-ENTRY,process_section_headers-199557)
134	0.678498	FalseGround	Unlabelled	SPOkGoodGood	Alarm(_G_-ENTRY,decode_tic6x_unwind_bytecode-202777)
135	0.678498	FalseGround	Unlabelled	SPOkGoodGood	Alarm(_G_-ENTRY,decode_tic6x_unwind_bytecode-202778)
136	0.678498	FalseGround	Unlabelled	SPOkGoodGood	Alarm(_G_-ENTRY,decode_tic6x_unwind_bytecode-202781)
137	0.678498	FalseGround	Unlabelled	SPOkGoodGood	Alarm(_G_-ENTRY,decode_tic6x_unwind_bytecode-202789)
138	0.670665	FalseGround	Unlabelled	SPOkGoodGood	Alarm(_G_-ENTRY,process_symbol_table-206596)
139	0.669753	FalseGround	Unlabelled	SPOkGoodGood	Alarm(_G_-ENTRY,read_and_display_attr_value-168930)
140	0.657917	FalseGround	Unlabelled	SPOkGoodGood	Alarm(_G_-ENTRY,process_symbol_table-206628)
141	0.657917	FalseGround	Unlabelled	SPOkGoodGood	Alarm(_G_-ENTRY,process_symbol_table-206635)
142	0.657917	FalseGround	Unlabelled	SPOkGoodGood	Alarm(_G_-ENTRY,process_symbol_table-206640)
143	0.6561	FalseGround	Unlabelled	SPOkGoodGood	Alarm(_G_-ENTRY,choose_tmpdir-151364)
144	0.6561	FalseGround	Unlabelled	SPOkGoodGood	Alarm(_G_-ENTRY,display_debug_frames-174944)
145	0.6561	FalseGround	Unlabelled	SPOkGoodGood	Alarm(_G_-ENTRY,display_debug_frames-174946)
146	0.6561	FalseGround	Unlabelled	SPOkGoodGood	Alarm(_G_-ENTRY,display_debug_frames-174968)
147	0.6561	FalseGround	Unlabelled	SPOkGoodGood	Alarm(_G_-ENTRY,display_debug_frames-174973)
148	0.6561	FalseGround	Unlabelled	SPOkGoodGood	Alarm(_G_-ENTRY,display_debug_frames-174980)
149	0.6561	FalseGround	Unlabelled	SPOkGoodGood	Alarm(_G_-ENTRY,display_debug_frames-175008)
150	0.6561	FalseGround	Unlabelled	SPOkGoodGood	Alarm(_G_-ENTRY,display_debug_frames-175035)
151	0.6561	FalseGround	Unlabelled	SPOkGoodGood	Alarm(_G_-ENTRY,display_debug_frames-175044)
152	0.6561	FalseGround	Unlabelled	SPOkGoodGood	Alarm(_G_-ENTRY,display_debug_frames-175045)
153	0.6561	FalseGround	Unlabelled	SPOkGoodGood	Alarm(_G_-ENTRY,display_debug_frames-175052)
154	0.6561	FalseGround	Unlabelled	SPOkGoodGood	Alarm(_G_-ENTRY,display_debug_frames-175053)
155	0.6561	FalseGround	Unlabelled	SPOkGoodGood	Alarm(_G_-ENTRY,display_debug_frames-175055)
156	0.6561	FalseGround	Unlabelled	SPOkGoodGood	Alarm(_G_-ENTRY,display_debug_frames-175060)
157	0.6561	FalseGround	Unlabelled	SPOkGoodGood	Alarm(_G_-ENTRY,display_debug_frames-175136)
158	0.6561	FalseGround	Unlabelled	SPOkGoodGood	Alarm(_G_-ENTRY,display_debug_frames-175137)
159	0.6561	FalseGround	Unlabelled	SPOkGoodGood	Alarm(_G_-ENTRY,display_debug_frames-175146)
160	0.6561	FalseGround	Unlabelled	SPOkGoodGood	Alarm(_G_-ENTRY,display_debug_frames-175147)
161	0.6561	FalseGround	Unlabelled	SPOkGoodGood	Alarm(_G_-ENTRY,display_debug_frames-175163)
162	0.6561	FalseGround	Unlabelled	SPOkGoodGood	Alarm(_G_-ENTRY,display_debug_frames-175164)
163	0.6561	FalseGround	Unlabelled	SPOkGoodGood	Alarm(_G_-ENTRY,display_debug_frames-175172)
164	0.6561	FalseGround	Unlabelled	SPOkGoodGood	Alarm(_G_-ENTRY,display_debug_frames-175183)
165	0.6561	FalseGround	Unlabelled	SPOkGoodGood	Alarm(_G_-ENTRY,display_debug_frames-175194)
166	0.6561	FalseGround	Unlabelled	SPOkGoodGood	Alarm(_G_-ENTRY,display_debug_frames-175195)
167	0.6561	FalseGround	Unlabelled	SPOkGoodGood	Alarm(_G_-ENTRY,display_debug_frames-175196)
168	0.6561	FalseGround	Unlabelled	SPOkGoodGood	Alarm(_G_-ENTRY,display_debug_frames-175202)
169	0.6561	FalseGround	Unlabelled	SPOkGoodGood	Alarm(_G_-ENTRY,display_debug_frames-175203)
170	0.6561	FalseGround	Unlabelled	SPOkGoodGood	Alarm(_G_-ENTRY,display_debug_frames-175204)
171	0.6561	FalseGround	Unlabelled	SPOkGoodGood	Alarm(_G_-ENTRY,display_debug_frames-175210)
172	0.6561	FalseGround	Unlabelled	SPOkGoodGood	Alarm(_G_-ENTRY,display_debug_frames-175213)
173	0.6561	FalseGround	Unlabelled	SPOkGoodGood	Alarm(_G_-ENTRY,display_debug_frames-175215)
174	0.6561	FalseGround	Unlabelled	SPOkGoodGood	Alarm(_G_-ENTRY,display_debug_frames-175219)
175	0.6561	FalseGround	Unlabelled	SPOkGoodGood	Alarm(_G_-ENTRY,display_debug_frames-175221)
176	0.6561	FalseGround	Unlabelled	SPOkGoodGood	Alarm(_G_-ENTRY,display_debug_frames-175225)
177	0.6561	FalseGround	Unlabelled	SPOkGoodGood	Alarm(_G_-ENTRY,display_debug_frames-175227)
178	0.6561	FalseGround	Unlabelled	SPOkGoodGood	Alarm(_G_-ENTRY,display_debug_frames-175235)
179	0.6561	FalseGround	Unlabelled	SPOkGoodGood	Alarm(_G_-ENTRY,display_debug_frames-175283)
180	0.6561	FalseGround	Unlabelled	SPOkGoodGood	Alarm(_G_-ENTRY,display_debug_frames-175284)
181	0.6561	FalseGround	Unlabelled	SPOkGoodGood	Alarm(_G_-ENTRY,display_debug_lines_decoded-171194)
182	0.6561	FalseGround	Unlabelled	SPOkGoodGood	Alarm(_G_-ENTRY,display_debug_lines_decoded-171216)
183	0.6561	FalseGround	Unlabelled	SPOkGoodGood	Alarm(_G_-ENTRY,display_debug_lines_decoded-171220)
184	0.6561	FalseGround	Unlabelled	SPOkGoodGood	Alarm(_G_-ENTRY,display_debug_lines_decoded-171223)
185	0.6561	FalseGround	Unlabelled	SPOkGoodGood	Alarm(_G_-ENTRY,display_debug_lines_decoded-171226)
186	0.6561	FalseGround	Unlabelled	SPOkGoodGood	Alarm(_G_-ENTRY,display_debug_lines_decoded-171234)
187	0.6561	FalseGround	Unlabelled	SPOkGoodGood	Alarm(_G_-ENTRY,display_debug_lines_decoded-171239)
188	0.6561	FalseGround	Unlabelled	SPOkGoodGood	Alarm(_G_-ENTRY,display_debug_lines_decoded-171242)
189	0.6561	FalseGround	Unlabelled	SPOkGoodGood	Alarm(_G_-ENTRY,display_debug_ranges-173817)
190	0.6561	FalseGround	Unlabelled	SPOkGoodGood	Alarm(_G_-ENTRY,display_debug_ranges-173818)
191	0.6561	FalseGround	Unlabelled	SPOkGoodGood	Alarm(_G_-ENTRY,display_debug_ranges-173831)
192	0.6561	FalseGround	Unlabelled	SPOkGoodGood	Alarm(_G_-ENTRY,display_debug_ranges-173833)
193	0.6561	FalseGround	Unlabelled	SPOkGoodGood	Alarm(_G_-ENTRY,dupargv-165081)
194	0.6561	FalseGround	Unlabelled	SPOkGoodGood	Alarm(_G_-ENTRY,expandargv-165326)
195	0.6561	FalseGround	Unlabelled	SPOkGoodGood	Alarm(_G_-ENTRY,frame_need_space-174002)
196	0.6561	FalseGround	Unlabelled	SPOkGoodGood	Alarm(_G_-ENTRY,frame_need_space-174025)
197	0.6561	FalseGround	Unlabelled	SPOkGoodGood	Alarm(_G_-ENTRY,main-213176)
198	0.6561	FalseGround	Unlabelled	SPOkGoodGood	Alarm(_G_-ENTRY,split_directories-151502)
199	0.6561	FalseGround	Unlabelled	SPOkGoodGood	Alarm(_G_-ENTRY,split_directories-151508)
200	0.6561	FalseGround	Unlabelled	SPOkGoodGood	Alarm(_G_-ENTRY,split_directories-151509)
201	0.6561	FalseGround	Unlabelled	SPOkGoodGood	Alarm(_G_-ENTRY,display_debug_frames-174481)
202	0.6561	FalseGround	Unlabelled	SPOkGoodGood	Alarm(_G_-ENTRY,display_debug_frames-174482)
203	0.6561	FalseGround	Unlabelled	SPOkGoodGood	Alarm(_G_-ENTRY,display_debug_frames-174489)
204	0.6561	FalseGround	Unlabelled	SPOkGoodGood	Alarm(_G_-ENTRY,display_debug_frames-174490)
205	0.6561	FalseGround	Unlabelled	SPOkGoodGood	Alarm(_G_-ENTRY,display_debug_frames-174491)
206	0.6561	FalseGround	Unlabelled	SPOkGoodGood	Alarm(_G_-ENTRY,display_debug_frames-174492)
207	0.6561	FalseGround	Unlabelled	SPOkGoodGood	Alarm(_G_-ENTRY,display_debug_frames-174555)
208	0.6561	FalseGround	Unlabelled	SPOkGoodGood	Alarm(_G_-ENTRY,display_debug_frames-174556)
209	0.6561	FalseGround	Unlabelled	SPOkGoodGood	Alarm(_G_-ENTRY,display_debug_frames-174563)
210	0.6561	FalseGround	Unlabelled	SPOkGoodGood	Alarm(_G_-ENTRY,display_debug_frames-174564)
211	0.6561	FalseGround	Unlabelled	SPOkGoodGood	Alarm(_G_-ENTRY,display_debug_frames-174571)
212	0.6561	FalseGround	Unlabelled	SPOkGoodGood	Alarm(_G_-ENTRY,display_debug_frames-174572)
213	0.6561	FalseGround	Unlabelled	SPOkGoodGood	Alarm(_G_-ENTRY,display_debug_lines_decoded-171029)
214	0.6561	FalseGround	Unlabelled	SPOkGoodGood	Alarm(_G_-ENTRY,display_debug_lines_decoded-171030)
215	0.6561	FalseGround	Unlabelled	SPOkGoodGood	Alarm(_G_-ENTRY,display_debug_lines_decoded-171033)
216	0.6561	FalseGround	Unlabelled	SPOkGoodGood	Alarm(_G_-ENTRY,display_debug_lines_decoded-171034)
217	0.6561	FalseGround	Unlabelled	SPOkGoodGood	Alarm(_G_-ENTRY,display_debug_lines_decoded-171037)
218	0.6561	FalseGround	Unlabelled	SPOkGoodGood	Alarm(_G_-ENTRY,display_debug_lines_decoded-171038)
219	0.6561	FalseGround	Unlabelled	SPOkGoodGood	Alarm(_G_-ENTRY,display_debug_lines_decoded-171041)
220	0.6561	FalseGround	Unlabelled	SPOkGoodGood	Alarm(_G_-ENTRY,display_debug_lines_decoded-171042)
221	0.655428	FalseGround	Unlabelled	SPOkGoodGood	Alarm(_G_-ENTRY,display_debug_lines_decoded-171251)
222	0.653291	FalseGround	Unlabelled	SPOkGoodGood	Alarm(_G_-ENTRY,display_debug_addr-173661)
223	0.653291	FalseGround	Unlabelled	SPOkGoodGood	Alarm(_G_-ENTRY,display_debug_addr-173662)
224	0.645842	FalseGround	Unlabelled	SPOkGoodGood	Alarm(_G_-ENTRY,byte_regex_compile-146972)
225	0.643384	FalseGround	Unlabelled	SPOkGoodGood	Alarm(_G_-ENTRY,read_leb128-166184)
226	0.635797	FalseGround	Unlabelled	SPOkGoodGood	Alarm(_G_-ENTRY,xstrdup-141509)
227	0.632122	FalseGround	Unlabelled	SPOkGoodGood	Alarm(_G_-ENTRY,display_debug_loc-173182)
228	0.631079	FalseGround	Unlabelled	SPOkGoodGood	Alarm(_G_-ENTRY,display_debug_frames-175068)
229	0.631079	FalseGround	Unlabelled	SPOkGoodGood	Alarm(_G_-ENTRY,display_debug_frames-175069)
230	0.631079	FalseGround	Unlabelled	SPOkGoodGood	Alarm(_G_-ENTRY,display_debug_frames-175070)
231	0.631079	FalseGround	Unlabelled	SPOkGoodGood	Alarm(_G_-ENTRY,display_debug_frames-175078)
232	0.631079	FalseGround	Unlabelled	SPOkGoodGood	Alarm(_G_-ENTRY,display_debug_frames-175079)
233	0.631079	FalseGround	Unlabelled	SPOkGoodGood	Alarm(_G_-ENTRY,display_debug_frames-175080)
234	0.631079	FalseGround	Unlabelled	SPOkGoodGood	Alarm(_G_-ENTRY,display_debug_frames-175321)
235	0.631079	FalseGround	Unlabelled	SPOkGoodGood	Alarm(_G_-ENTRY,display_debug_frames-175322)
236	0.631079	FalseGround	Unlabelled	SPOkGoodGood	Alarm(_G_-ENTRY,display_debug_frames-175323)
237	0.631079	FalseGround	Unlabelled	SPOkGoodGood	Alarm(_G_-ENTRY,process_gnu_liblist-211112)
238	0.591743	FalseGround	Unlabelled	SPOkGoodGood	Alarm(_G_-ENTRY,process_symbol_table-206314)
239	0.591743	FalseGround	Unlabelled	SPOkGoodGood	Alarm(_G_-ENTRY,process_symbol_table-206315)
240	0.59049	FalseGround	Unlabelled	SPOkGoodGood	Alarm(_G_-ENTRY,byte_get_big_endian-155177)
241	0.59049	FalseGround	Unlabelled	SPOkGoodGood	Alarm(_G_-ENTRY,byte_get_big_endian-155178)
242	0.59049	FalseGround	Unlabelled	SPOkGoodGood	Alarm(_G_-ENTRY,byte_get_big_endian-155179)
243	0.59049	FalseGround	Unlabelled	SPOkGoodGood	Alarm(_G_-ENTRY,byte_get_big_endian-155180)
244	0.59049	FalseGround	Unlabelled	SPOkGoodGood	Alarm(_G_-ENTRY,byte_get_big_endian-155182)
245	0.59049	FalseGround	Unlabelled	SPOkGoodGood	Alarm(_G_-ENTRY,byte_get_big_endian-155185)
246	0.59049	FalseGround	Unlabelled	SPOkGoodGood	Alarm(_G_-ENTRY,byte_get_big_endian-155187)
247	0.59049	FalseGround	Unlabelled	SPOkGoodGood	Alarm(_G_-ENTRY,byte_get_big_endian-155190)
248	0.59049	FalseGround	Unlabelled	SPOkGoodGood	Alarm(_G_-ENTRY,byte_get_big_endian-155192)
249	0.59049	FalseGround	Unlabelled	SPOkGoodGood	Alarm(_G_-ENTRY,byte_get_big_endian-155195)
250	0.59049	FalseGround	Unlabelled	SPOkGoodGood	Alarm(_G_-ENTRY,byte_get_big_endian-155197)
251	0.59049	FalseGround	Unlabelled	SPOkGoodGood	Alarm(_G_-ENTRY,byte_get_big_endian-155200)
252	0.59049	FalseGround	Unlabelled	SPOkGoodGood	Alarm(_G_-ENTRY,byte_get_little_endian-155130)
253	0.59049	FalseGround	Unlabelled	SPOkGoodGood	Alarm(_G_-ENTRY,byte_get_little_endian-155133)
254	0.59049	FalseGround	Unlabelled	SPOkGoodGood	Alarm(_G_-ENTRY,byte_get_little_endian-155135)
255	0.59049	FalseGround	Unlabelled	SPOkGoodGood	Alarm(_G_-ENTRY,byte_get_little_endian-155137)
256	0.59049	FalseGround	Unlabelled	SPOkGoodGood	Alarm(_G_-ENTRY,byte_get_little_endian-155139)
257	0.59049	FalseGround	Unlabelled	SPOkGoodGood	Alarm(_G_-ENTRY,byte_get_little_endian-155141)
258	0.59049	FalseGround	Unlabelled	SPOkGoodGood	Alarm(_G_-ENTRY,byte_get_little_endian-155143)
259	0.59049	FalseGround	Unlabelled	SPOkGoodGood	Alarm(_G_-ENTRY,byte_get_little_endian-155147)
260	0.59049	FalseGround	Unlabelled	SPOkGoodGood	Alarm(_G_-ENTRY,request_dump_bynumber-197229)
261	0.59049	FalseGround	Unlabelled	SPOkGoodGood	Alarm(_G_-ENTRY,choose_tmpdir-151365)
262	0.59049	FalseGround	Unlabelled	SPOkGoodGood	Alarm(_G_-ENTRY,choose_tmpdir-151366)
263	0.59049	FalseGround	Unlabelled	SPOkGoodGood	Alarm(_G_-ENTRY,d_print_comp-163686)
264	0.59049	FalseGround	Unlabelled	SPOkGoodGood	Alarm(_G_-ENTRY,d_print_comp-163687)
265	0.59049	FalseGround	Unlabelled	SPOkGoodGood	Alarm(_G_-ENTRY,d_print_comp-163690)
266	0.59049	FalseGround	Unlabelled	SPOkGoodGood	Alarm(_G_-ENTRY,display_debug_frames-175173)
267	0.59049	FalseGround	Unlabelled	SPOkGoodGood	Alarm(_G_-ENTRY,display_debug_frames-175184)
268	0.59049	FalseGround	Unlabelled	SPOkGoodGood	Alarm(_G_-ENTRY,process_abbrev_section-166732)
269	0.59049	FalseGround	Unlabelled	SPOkGoodGood	Alarm(_G_-ENTRY,display_debug_lines_decoded-171027)
270	0.59049	FalseGround	Unlabelled	SPOkGoodGood	Alarm(_G_-ENTRY,display_debug_lines_decoded-171028)
271	0.59049	FalseGround	Unlabelled	SPOkGoodGood	Alarm(_G_-ENTRY,display_debug_lines_raw-170435)
272	0.59049	FalseGround	Unlabelled	SPOkGoodGood	Alarm(_G_-ENTRY,display_debug_lines_raw-170436)
273	0.59049	FalseGround	Unlabelled	SPOkGoodGood	Alarm(_G_-ENTRY,display_debug_lines_raw-170437)
274	0.59049	FalseGround	Unlabelled	SPOkGoodGood	Alarm(_G_-ENTRY,display_debug_lines_raw-170438)
275	0.59049	FalseGround	Unlabelled	SPOkGoodGood	Alarm(_G_-ENTRY,display_debug_lines_raw-170439)
276	0.59049	FalseGround	Unlabelled	SPOkGoodGood	Alarm(_G_-ENTRY,display_debug_lines_raw-170440)
277	0.59049	FalseGround	Unlabelled	SPOkGoodGood	Alarm(_G_-ENTRY,display_debug_lines_raw-170441)
278	0.59049	FalseGround	Unlabelled	SPOkGoodGood	Alarm(_G_-ENTRY,display_debug_lines_raw-170442)
279	0.59049	FalseGround	Unlabelled	SPOkGoodGood	Alarm(_G_-ENTRY,split_directories-151480)
280	0.59049	FalseGround	Unlabelled	SPOkGoodGood	Alarm(_G_-ENTRY,split_directories-151481)
281	0.589885	FalseGround	Unlabelled	SPOkGoodGood	Alarm(_G_-ENTRY,display_debug_lines_decoded-171337)
282	0.589532	FalseGround	Unlabelled	SPOkGoodGood	Alarm(_G_-ENTRY,decode_location_expression-167608)
283	0.582326	FalseGround	Unlabelled	SPOkGoodGood	Alarm(_G_-ENTRY,display_debug_frames-174761)
284	0.582326	FalseGround	Unlabelled	SPOkGoodGood	Alarm(_G_-ENTRY,display_debug_frames-174762)
285	0.582326	FalseGround	Unlabelled	SPOkGoodGood	Alarm(_G_-ENTRY,display_debug_frames-174768)
286	0.582326	FalseGround	Unlabelled	SPOkGoodGood	Alarm(_G_-ENTRY,display_debug_frames-174769)
287	0.582326	FalseGround	Unlabelled	SPOkGoodGood	Alarm(_G_-ENTRY,display_debug_frames-174784)
288	0.582326	FalseGround	Unlabelled	SPOkGoodGood	Alarm(_G_-ENTRY,display_debug_frames-174785)
289	0.582326	FalseGround	Unlabelled	SPOkGoodGood	Alarm(_G_-ENTRY,display_debug_frames-174788)
290	0.581982	FalseGround	Unlabelled	SPOkGoodGood	Alarm(_G_-ENTRY,byte_put_big_endian-165512)
291	0.581982	FalseGround	Unlabelled	SPOkGoodGood	Alarm(_G_-ENTRY,byte_put_big_endian-165513)
292	0.581982	FalseGround	Unlabelled	SPOkGoodGood	Alarm(_G_-ENTRY,byte_put_big_endian-165514)
293	0.581982	FalseGround	Unlabelled	SPOkGoodGood	Alarm(_G_-ENTRY,byte_put_big_endian-165515)
294	0.581982	FalseGround	Unlabelled	SPOkGoodGood	Alarm(_G_-ENTRY,byte_put_big_endian-165518)
295	0.581982	FalseGround	Unlabelled	SPOkGoodGood	Alarm(_G_-ENTRY,byte_put_big_endian-165520)
296	0.581982	FalseGround	Unlabelled	SPOkGoodGood	Alarm(_G_-ENTRY,byte_put_big_endian-165522)
297	0.581982	FalseGround	Unlabelled	SPOkGoodGood	Alarm(_G_-ENTRY,byte_put_big_endian-165524)
298	0.578725	FalseGround	Unlabelled	SPOkGoodGood	Alarm(_G_-ENTRY,frame_display_row-174119)
299	0.578725	FalseGround	Unlabelled	SPOkGoodGood	Alarm(_G_-ENTRY,frame_display_row-174128)
300	0.57411	TrueGround	Unlabelled	SPOkGoodGood	Alarm(_G_-ENTRY,process_cu_tu_index-176420)
301	0.57411	FalseGround	Unlabelled	SPOkGoodGood	Alarm(_G_-ENTRY,process_cu_tu_index-176431)
302	0.57411	FalseGround	Unlabelled	SPOkGoodGood	Alarm(_G_-ENTRY,process_cu_tu_index-176468)
303	0.570355	FalseGround	Unlabelled	SPOkGoodGood	Alarm(_G_-ENTRY,display_debug_lines_decoded-171302)
304	0.570355	FalseGround	Unlabelled	SPOkGoodGood	Alarm(_G_-ENTRY,display_debug_lines_decoded-171306)
305	0.570355	FalseGround	Unlabelled	SPOkGoodGood	Alarm(_G_-ENTRY,display_debug_lines_decoded-171309)
306	0.570355	FalseGround	Unlabelled	SPOkGoodGood	Alarm(_G_-ENTRY,display_debug_lines_decoded-171312)
307	0.570355	FalseGround	Unlabelled	SPOkGoodGood	Alarm(_G_-ENTRY,display_debug_lines_decoded-171334)
308	0.570355	FalseGround	Unlabelled	SPOkGoodGood	Alarm(_G_-ENTRY,display_debug_lines_decoded-171336)
309	0.570355	FalseGround	Unlabelled	SPOkGoodGood	Alarm(_G_-ENTRY,display_debug_lines_decoded-171387)
310	0.570355	FalseGround	Unlabelled	SPOkGoodGood	Alarm(_G_-ENTRY,display_debug_lines_decoded-171270)
311	0.562399	FalseGround	Unlabelled	SPOkGoodGood	Alarm(_G_-ENTRY,ada_demangle-156458)
312	0.562399	FalseGround	Unlabelled	SPOkGoodGood	Alarm(_G_-ENTRY,process_symbol_table-206603)
313	0.562399	FalseGround	Unlabelled	SPOkGoodGood	Alarm(_G_-ENTRY,process_symbol_table-206639)
314	0.553545	FalseGround	Unlabelled	SPOkGoodGood	Alarm(_G_-ENTRY,expandargv-165343)
315	0.537678	FalseGround	Unlabelled	SPOkGoodGood	Alarm(_G_-ENTRY,demangle_fund_type-159446)
316	0.537147	FalseGround	Unlabelled	SPOkGoodGood	Alarm(_G_-ENTRY,buildargv-165226)
317	0.536421	FalseGround	Unlabelled	SPOkGoodGood	Alarm(_G_-ENTRY,process_object-212640)
318	0.531441	FalseGround	Unlabelled	SPOkGoodGood	Alarm(_G_-ENTRY,process_corefile_note_segment-212205)
319	0.531441	FalseGround	Unlabelled	SPOkGoodGood	Alarm(_G_-ENTRY,process_corefile_note_segment-212239)
320	0.531441	FalseGround	Unlabelled	SPOkGoodGood	Alarm(_G_-ENTRY,process_corefile_note_segment-212240)
321	0.531441	FalseGround	Unlabelled	SPOkGoodGood	Alarm(_G_-ENTRY,display_debug_frames-174751)
322	0.531441	FalseGround	Unlabelled	SPOkGoodGood	Alarm(_G_-ENTRY,process_extended_line_op-166272)
323	0.531441	FalseGround	Unlabelled	SPOkGoodGood	Alarm(_G_-ENTRY,display_debug_lines_raw-170580)
324	0.531441	FalseGround	Unlabelled	SPOkGoodGood	Alarm(_G_-ENTRY,process_section_contents-208418)
325	0.531441	FalseGround	Unlabelled	SPOkGoodGood	Alarm(_G_-ENTRY,process_section_contents-208419)
326	0.531441	FalseGround	Unlabelled	SPOkGoodGood	Alarm(_G_-ENTRY,process_section_contents-208420)
327	0.531441	FalseGround	Unlabelled	SPOkGoodGood	Alarm(_G_-ENTRY,process_section_contents-208421)
328	0.531441	FalseGround	Unlabelled	SPOkGoodGood	Alarm(_G_-ENTRY,process_section_contents-208422)
329	0.531441	FalseGround	Unlabelled	SPOkGoodGood	Alarm(_G_-ENTRY,process_section_contents-208423)
330	0.531441	FalseGround	Unlabelled	SPOkGoodGood	Alarm(_G_-ENTRY,process_section_contents-208424)
331	0.531441	FalseGround	Unlabelled	SPOkGoodGood	Alarm(_G_-ENTRY,process_section_contents-208425)
332	0.521141	FalseGround	Unlabelled	SPOkGoodGood	Alarm(_G_-ENTRY,process_section_groups-200282)
333	0.520128	FalseGround	Unlabelled	SPOkGoodGood	Alarm(_G_-ENTRY,print_symbol-191255)
334	0.501138	FalseGround	Unlabelled	SPOkGoodGood	Alarm(_G_-ENTRY,display_debug_addr-173655)
335	0.48825	FalseGround	Unlabelled	SPOkGoodGood	Alarm(_G_-ENTRY,read_and_display_attr_value-168871)
336	0.48825	FalseGround	Unlabelled	SPOkGoodGood	Alarm(_G_-ENTRY,read_and_display_attr_value-168872)
337	0.482522	FalseGround	Unlabelled	SPOkGoodGood	Alarm(_G_-ENTRY,display_debug_frames-175216)
338	0.482522	FalseGround	Unlabelled	SPOkGoodGood	Alarm(_G_-ENTRY,display_debug_frames-175222)
339	0.482522	FalseGround	Unlabelled	SPOkGoodGood	Alarm(_G_-ENTRY,display_debug_frames-175307)
340	0.478297	FalseGround	Unlabelled	SPOkGoodGood	Alarm(_G_-ENTRY,display_debug_frames-174957)
341	0.478297	FalseGround	Unlabelled	SPOkGoodGood	Alarm(_G_-ENTRY,display_debug_frames-174963)
342	0.478297	FalseGround	Unlabelled	SPOkGoodGood	Alarm(_G_-ENTRY,display_debug_frames-175001)
343	0.478297	FalseGround	Unlabelled	SPOkGoodGood	Alarm(_G_-ENTRY,display_debug_frames-175024)
344	0.478297	FalseGround	Unlabelled	SPOkGoodGood	Alarm(_G_-ENTRY,display_debug_frames-175033)
345	0.478297	FalseGround	Unlabelled	SPOkGoodGood	Alarm(_G_-ENTRY,display_debug_frames-175034)
346	0.478297	FalseGround	Unlabelled	SPOkGoodGood	Alarm(_G_-ENTRY,display_debug_frames-175041)
347	0.478297	FalseGround	Unlabelled	SPOkGoodGood	Alarm(_G_-ENTRY,display_debug_frames-175043)
348	0.478297	FalseGround	Unlabelled	SPOkGoodGood	Alarm(_G_-ENTRY,display_debug_frames-175054)
349	0.478297	FalseGround	Unlabelled	SPOkGoodGood	Alarm(_G_-ENTRY,display_debug_frames-175058)
350	0.478297	FalseGround	Unlabelled	SPOkGoodGood	Alarm(_G_-ENTRY,display_debug_frames-175099)
351	0.478297	FalseGround	Unlabelled	SPOkGoodGood	Alarm(_G_-ENTRY,display_debug_frames-175101)
352	0.478297	FalseGround	Unlabelled	SPOkGoodGood	Alarm(_G_-ENTRY,display_debug_frames-175102)
353	0.478297	FalseGround	Unlabelled	SPOkGoodGood	Alarm(_G_-ENTRY,display_debug_frames-175103)
354	0.478297	FalseGround	Unlabelled	SPOkGoodGood	Alarm(_G_-ENTRY,display_debug_frames-175112)
355	0.478297	FalseGround	Unlabelled	SPOkGoodGood	Alarm(_G_-ENTRY,display_debug_frames-175114)
356	0.478297	FalseGround	Unlabelled	SPOkGoodGood	Alarm(_G_-ENTRY,display_debug_frames-175115)
357	0.478297	FalseGround	Unlabelled	SPOkGoodGood	Alarm(_G_-ENTRY,display_debug_frames-175116)
358	0.478297	FalseGround	Unlabelled	SPOkGoodGood	Alarm(_G_-ENTRY,display_debug_frames-175126)
359	0.478297	FalseGround	Unlabelled	SPOkGoodGood	Alarm(_G_-ENTRY,display_debug_frames-175127)
360	0.478297	FalseGround	Unlabelled	SPOkGoodGood	Alarm(_G_-ENTRY,display_debug_frames-175217)
361	0.478297	FalseGround	Unlabelled	SPOkGoodGood	Alarm(_G_-ENTRY,display_debug_frames-175252)
362	0.478297	FalseGround	Unlabelled	SPOkGoodGood	Alarm(_G_-ENTRY,display_debug_frames-175269)
363	0.478297	FalseGround	Unlabelled	SPOkGoodGood	Alarm(_G_-ENTRY,display_debug_frames-175280)
364	0.478297	FalseGround	Unlabelled	SPOkGoodGood	Alarm(_G_-ENTRY,display_debug_frames-175282)
365	0.478297	FalseGround	Unlabelled	SPOkGoodGood	Alarm(_G_-ENTRY,display_debug_frames-175294)
366	0.478297	FalseGround	Unlabelled	SPOkGoodGood	Alarm(_G_-ENTRY,display_debug_frames-175296)
367	0.478297	FalseGround	Unlabelled	SPOkGoodGood	Alarm(_G_-ENTRY,display_debug_frames-175297)
368	0.478297	FalseGround	Unlabelled	SPOkGoodGood	Alarm(_G_-ENTRY,display_debug_frames-175298)
369	0.478297	FalseGround	Unlabelled	SPOkGoodGood	Alarm(_G_-ENTRY,display_debug_frames-175300)
370	0.478297	FalseGround	Unlabelled	SPOkGoodGood	Alarm(_G_-ENTRY,display_debug_frames-175303)
371	0.478297	FalseGround	Unlabelled	SPOkGoodGood	Alarm(_G_-ENTRY,display_debug_frames-175305)
372	0.478297	FalseGround	Unlabelled	SPOkGoodGood	Alarm(_G_-ENTRY,display_debug_frames-175306)
373	0.478297	FalseGround	Unlabelled	SPOkGoodGood	Alarm(_G_-ENTRY,display_debug_frames-175308)
374	0.478297	FalseGround	Unlabelled	SPOkGoodGood	Alarm(_G_-ENTRY,display_debug_frames-175310)
375	0.478297	FalseGround	Unlabelled	SPOkGoodGood	Alarm(_G_-ENTRY,display_debug_frames-175312)
376	0.478297	FalseGround	Unlabelled	SPOkGoodGood	Alarm(_G_-ENTRY,display_debug_frames-175313)
377	0.478297	FalseGround	Unlabelled	SPOkGoodGood	Alarm(_G_-ENTRY,display_debug_frames-175338)
378	0.478297	FalseGround	Unlabelled	SPOkGoodGood	Alarm(_G_-ENTRY,display_debug_frames-175340)
379	0.478297	FalseGround	Unlabelled	SPOkGoodGood	Alarm(_G_-ENTRY,display_debug_frames-175341)
380	0.478297	FalseGround	Unlabelled	SPOkGoodGood	Alarm(_G_-ENTRY,display_debug_frames-175342)
381	0.478297	FalseGround	Unlabelled	SPOkGoodGood	Alarm(_G_-ENTRY,display_debug_lines_decoded-171231)
382	0.478297	FalseGround	Unlabelled	SPOkGoodGood	Alarm(_G_-ENTRY,display_debug_lines_decoded-171243)
383	0.478297	FalseGround	Unlabelled	SPOkGoodGood	Alarm(_G_-ENTRY,dupargv-165088)
384	0.478297	FalseGround	Unlabelled	SPOkGoodGood	Alarm(_G_-ENTRY,dupargv-165089)
385	0.478297	FalseGround	Unlabelled	SPOkGoodGood	Alarm(_G_-ENTRY,dupargv-165091)
386	0.478297	FalseGround	Unlabelled	SPOkGoodGood	Alarm(_G_-ENTRY,expandargv-165328)
387	0.478297	FalseGround	Unlabelled	SPOkGoodGood	Alarm(_G_-ENTRY,expandargv-165351)
388	0.478297	FalseGround	Unlabelled	SPOkGoodGood	Alarm(_G_-ENTRY,expandargv-165373)
389	0.478297	FalseGround	Unlabelled	SPOkGoodGood	Alarm(_G_-ENTRY,main-213170)
390	0.478297	FalseGround	Unlabelled	SPOkGoodGood	Alarm(_G_-ENTRY,process_corefile_note_segment-212201)
391	0.478297	FalseGround	Unlabelled	SPOkGoodGood	Alarm(_G_-ENTRY,process_corefile_note_segment-212203)
392	0.478297	FalseGround	Unlabelled	SPOkGoodGood	Alarm(_G_-ENTRY,process_corefile_note_segment-212206)
393	0.478297	FalseGround	Unlabelled	SPOkGoodGood	Alarm(_G_-ENTRY,process_corefile_note_segment-212214)
394	0.478297	FalseGround	Unlabelled	SPOkGoodGood	Alarm(_G_-ENTRY,process_corefile_note_segment-212216)
395	0.478297	FalseGround	Unlabelled	SPOkGoodGood	Alarm(_G_-ENTRY,process_corefile_note_segment-212219)
396	0.478297	FalseGround	Unlabelled	SPOkGoodGood	Alarm(_G_-ENTRY,read_and_display_attr_value-168873)
397	0.478297	FalseGround	Unlabelled	SPOkGoodGood	Alarm(_G_-ENTRY,display_debug_frames-174501)
398	0.478297	FalseGround	Unlabelled	SPOkGoodGood	Alarm(_G_-ENTRY,display_debug_frames-174502)
399	0.478297	FalseGround	Unlabelled	SPOkGoodGood	Alarm(_G_-ENTRY,display_debug_frames-174529)
400	0.478297	FalseGround	Unlabelled	SPOkGoodGood	Alarm(_G_-ENTRY,display_debug_frames-174530)
401	0.478297	FalseGround	Unlabelled	SPOkGoodGood	Alarm(_G_-ENTRY,display_debug_frames-174537)
402	0.478297	FalseGround	Unlabelled	SPOkGoodGood	Alarm(_G_-ENTRY,display_debug_frames-174538)
403	0.478297	FalseGround	Unlabelled	SPOkGoodGood	Alarm(_G_-ENTRY,display_debug_frames-174545)
404	0.478297	FalseGround	Unlabelled	SPOkGoodGood	Alarm(_G_-ENTRY,display_debug_frames-174546)
405	0.478297	FalseGround	Unlabelled	SPOkGoodGood	Alarm(_G_-ENTRY,display_debug_frames-174547)
406	0.478297	FalseGround	Unlabelled	SPOkGoodGood	Alarm(_G_-ENTRY,display_debug_frames-174548)
407	0.478297	FalseGround	Unlabelled	SPOkGoodGood	Alarm(_G_-ENTRY,display_debug_frames-174607)
408	0.478297	FalseGround	Unlabelled	SPOkGoodGood	Alarm(_G_-ENTRY,display_debug_frames-174608)
409	0.478297	FalseGround	Unlabelled	SPOkGoodGood	Alarm(_G_-ENTRY,display_debug_frames-174615)
410	0.478297	FalseGround	Unlabelled	SPOkGoodGood	Alarm(_G_-ENTRY,display_debug_frames-174616)
411	0.478297	FalseGround	Unlabelled	SPOkGoodGood	Alarm(_G_-ENTRY,display_debug_ranges-173747)
412	0.478297	FalseGround	Unlabelled	SPOkGoodGood	Alarm(_G_-ENTRY,display_debug_section-208301)
413	0.478297	FalseGround	Unlabelled	SPOkGoodGood	Alarm(_G_-ENTRY,d_print_comp-163441)
414	0.478297	FalseGround	Unlabelled	SPOkGoodGood	Alarm(_G_-ENTRY,d_print_comp-163442)
415	0.47666	FalseGround	Unlabelled	SPOkGoodGood	Alarm(_G_-ENTRY,find_section_in_set-191335)
416	0.474298	FalseGround	Unlabelled	SPOkGoodGood	Alarm(_G_-ENTRY,get_archive_member_name-165999)
417	0.474298	FalseGround	Unlabelled	SPOkGoodGood	Alarm(_G_-ENTRY,get_archive_member_name-166006)
418	0.474298	FalseGround	Unlabelled	SPOkGoodGood	Alarm(_G_-ENTRY,splay_tree_foreach_helper-142017)
419	0.468767	FalseGround	Unlabelled	SPOkGoodGood	Alarm(_G_-ENTRY,frame_display_row-174089)
420	0.468767	FalseGround	Unlabelled	SPOkGoodGood	Alarm(_G_-ENTRY,frame_display_row-174090)
421	0.468767	FalseGround	Unlabelled	SPOkGoodGood	Alarm(_G_-ENTRY,frame_display_row-174099)
422	0.468767	FalseGround	Unlabelled	SPOkGoodGood	Alarm(_G_-ENTRY,frame_display_row-174100)
423	0.46367	FalseGround	Unlabelled	SPOkGoodGood	Alarm(_G_-ENTRY,display_debug_loc-173188)
424	0.46367	FalseGround	Unlabelled	SPOkGoodGood	Alarm(_G_-ENTRY,display_debug_loc-173190)
425	0.460593	FalseGround	Unlabelled	SPOkGoodGood	Alarm(_G_-ENTRY,demangle_fund_type-159442)
426	0.458464	FalseGround	Unlabelled	SPOkGoodGood	Alarm(_G_-ENTRY,unix_lbasename-151730)
427	0.458464	FalseGround	Unlabelled	SPOkGoodGood	Alarm(_G_-ENTRY,unix_lbasename-151731)
428	0.45676	FalseGround	Unlabelled	SPOkGoodGood	Alarm(_G_-ENTRY,display_debug_loc-173114)
429	0.45676	FalseGround	Unlabelled	SPOkGoodGood	Alarm(_G_-ENTRY,display_debug_loc-173115)
430	0.44759	FalseGround	Unlabelled	SPOkGoodGood	Alarm(_G_-ENTRY,display_debug_loc-173092)
431	0.44759	FalseGround	Unlabelled	SPOkGoodGood	Alarm(_G_-ENTRY,display_debug_loc-173093)
432	0.432741	FalseGround	Unlabelled	SPOkGoodGood	Alarm(_G_-ENTRY,slurp_ia64_unwind_table-201021)
433	0.432741	FalseGround	Unlabelled	SPOkGoodGood	Alarm(_G_-ENTRY,slurp_ia64_unwind_table-201023)
434	0.432741	FalseGround	Unlabelled	SPOkGoodGood	Alarm(_G_-ENTRY,slurp_ia64_unwind_table-201025)
435	0.432681	FalseGround	Unlabelled	SPOkGoodGood	Alarm(_G_-ENTRY,d_print_comp-163712)
436	0.432681	FalseGround	Unlabelled	SPOkGoodGood	Alarm(_G_-ENTRY,d_print_comp-163832)
437	0.430467	FalseGround	Unlabelled	SPOkGoodGood	Alarm(_G_-ENTRY,d_print_comp-163702)
438	0.430467	FalseGround	Unlabelled	SPOkGoodGood	Alarm(_G_-ENTRY,d_print_comp-163705)
439	0.430467	FalseGround	Unlabelled	SPOkGoodGood	Alarm(_G_-ENTRY,d_print_comp-163824)
440	0.430467	FalseGround	Unlabelled	SPOkGoodGood	Alarm(_G_-ENTRY,d_print_comp-163825)
441	0.430467	FalseGround	Unlabelled	SPOkGoodGood	Alarm(_G_-ENTRY,do_hpacc_template_literal-159679)
442	0.430467	FalseGround	Unlabelled	SPOkGoodGood	Alarm(_G_-ENTRY,process_note-212113)
443	0.430467	FalseGround	Unlabelled	SPOkGoodGood	Alarm(_G_-ENTRY,process_note-212115)
444	0.430467	FalseGround	Unlabelled	SPOkGoodGood	Alarm(_G_-ENTRY,process_note-212117)
445	0.430467	FalseGround	Unlabelled	SPOkGoodGood	Alarm(_G_-ENTRY,process_note-212120)
446	0.430467	FalseGround	Unlabelled	SPOkGoodGood	Alarm(_G_-ENTRY,process_note-212122)
447	0.430467	FalseGround	Unlabelled	SPOkGoodGood	Alarm(_G_-ENTRY,process_note-212126)
448	0.430467	FalseGround	Unlabelled	SPOkGoodGood	Alarm(_G_-ENTRY,process_note-212128)
449	0.430467	FalseGround	Unlabelled	SPOkGoodGood	Alarm(_G_-ENTRY,process_note-212130)
450	0.430467	FalseGround	Unlabelled	SPOkGoodGood	Alarm(_G_-ENTRY,process_note-212132)
451	0.430467	FalseGround	Unlabelled	SPOkGoodGood	Alarm(_G_-ENTRY,split_directories-151503)
452	0.430467	FalseGround	Unlabelled	SPOkGoodGood	Alarm(_G_-ENTRY,process_debug_info-169864)
453	0.430467	FalseGround	Unlabelled	SPOkGoodGood	Alarm(_G_-ENTRY,process_debug_info-169865)
454	0.4085	FalseGround	Unlabelled	SPOkGoodGood	Alarm(_G_-ENTRY,ia64_process_unwind-201215)
455	0.4085	FalseGround	Unlabelled	SPOkGoodGood	Alarm(_G_-ENTRY,ia64_process_unwind-201226)
456	0.403254	FalseGround	Unlabelled	SPOkGoodGood	Alarm(_G_-ENTRY,display_debug_loc-173086)
457	0.403254	FalseGround	Unlabelled	SPOkGoodGood	Alarm(_G_-ENTRY,display_debug_loc-173087)
458	0.398736	FalseGround	Unlabelled	SPOkGoodGood	Alarm(_G_-ENTRY,expandargv-165310)
459	0.398736	FalseGround	Unlabelled	SPOkGoodGood	Alarm(_G_-ENTRY,expandargv-165311)
460	0.394546	FalseGround	Unlabelled	SPOkGoodGood	Alarm(_G_-ENTRY,display_debug_str-173308)
461	0.38742	FalseGround	Unlabelled	SPOkGoodGood	Alarm(_G_-ENTRY,display_debug_ranges-173748)
462	0.38742	FalseGround	Unlabelled	SPOkGoodGood	Alarm(_G_-ENTRY,dupargv-165064)
463	0.38742	FalseGround	Unlabelled	SPOkGoodGood	Alarm(_G_-ENTRY,dupargv-165065)
464	0.38742	FalseGround	Unlabelled	SPOkGoodGood	Alarm(_G_-ENTRY,dupargv-165068)
465	0.38742	FalseGround	Unlabelled	SPOkGoodGood	Alarm(_G_-ENTRY,dupargv-165069)
466	0.38742	FalseGround	Unlabelled	SPOkGoodGood	Alarm(_G_-ENTRY,d_print_comp-163700)
467	0.38742	FalseGround	Unlabelled	SPOkGoodGood	Alarm(_G_-ENTRY,d_print_comp-163701)
468	0.38742	FalseGround	Unlabelled	SPOkGoodGood	Alarm(_G_-ENTRY,d_print_comp-163703)
469	0.38742	FalseGround	Unlabelled	SPOkGoodGood	Alarm(_G_-ENTRY,d_print_comp-163704)
470	0.38742	FalseGround	Unlabelled	SPOkGoodGood	Alarm(_G_-ENTRY,process_extended_line_op-166368)
471	0.38742	FalseGround	Unlabelled	SPOkGoodGood	Alarm(_G_-ENTRY,process_debug_info-169805)
472	0.38742	FalseGround	Unlabelled	SPOkGoodGood	Alarm(_G_-ENTRY,process_debug_info-169806)
473	0.38742	FalseGround	Unlabelled	SPOkGoodGood	Alarm(_G_-ENTRY,uncompress_section_contents-208146)
474	0.386377	FalseGround	Unlabelled	SPOkGoodGood	Alarm(_G_-ENTRY,display_debug_ranges-173824)
475	0.384182	FalseGround	Unlabelled	SPOkGoodGood	Alarm(_G_-ENTRY,get_archive_member_name-165967)
476	0.384182	FalseGround	Unlabelled	SPOkGoodGood	Alarm(_G_-ENTRY,get_archive_member_name-165968)
477	0.384182	FalseGround	Unlabelled	SPOkGoodGood	Alarm(_G_-ENTRY,get_archive_member_name-165969)
478	0.384182	FalseGround	Unlabelled	SPOkGoodGood	Alarm(_G_-ENTRY,get_archive_member_name-165970)
479	0.384182	FalseGround	Unlabelled	SPOkGoodGood	Alarm(_G_-ENTRY,get_archive_member_name-165971)
480	0.384182	FalseGround	Unlabelled	SPOkGoodGood	Alarm(_G_-ENTRY,get_archive_member_name-165972)
481	0.384182	FalseGround	Unlabelled	SPOkGoodGood	Alarm(_G_-ENTRY,get_archive_member_name-165985)
482	0.384182	FalseGround	Unlabelled	SPOkGoodGood	Alarm(_G_-ENTRY,get_archive_member_name-165986)
483	0.381146	FalseGround	Unlabelled	SPOkGoodGood	Alarm(_G_-ENTRY,display_debug_loc-173192)
484	0.379912	FalseGround	Unlabelled	SPOkGoodGood	Alarm(_G_-ENTRY,process_debug_info-169625)
485	0.379912	FalseGround	Unlabelled	SPOkGoodGood	Alarm(_G_-ENTRY,process_debug_info-169626)
486	0.373623	FalseGround	Unlabelled	SPOkGoodGood	Alarm(_G_-ENTRY,ada_demangle-156432)
487	0.373623	FalseGround	Unlabelled	SPOkGoodGood	Alarm(_G_-ENTRY,display_debug_addr-173644)
488	0.373623	FalseGround	Unlabelled	SPOkGoodGood	Alarm(_G_-ENTRY,display_debug_addr-173651)
489	0.373623	FalseGround	Unlabelled	SPOkGoodGood	Alarm(_G_-ENTRY,display_debug_addr-173652)
490	0.373623	FalseGround	Unlabelled	SPOkGoodGood	Alarm(_G_-ENTRY,unw_decode_r2-177133)
491	0.373623	FalseGround	Unlabelled	SPOkGoodGood	Alarm(_G_-ENTRY,unw_decode_r2-177136)
492	0.373623	FalseGround	Unlabelled	SPOkGoodGood	Alarm(_G_-ENTRY,unw_decode_r2-177139)
493	0.353033	FalseGround	Unlabelled	SPOkGoodGood	Alarm(_G_-ENTRY,byte_regex_compile-146757)
494	0.353033	FalseGround	Unlabelled	SPOkGoodGood	Alarm(_G_-ENTRY,byte_regex_compile-146883)
495	0.353033	FalseGround	Unlabelled	SPOkGoodGood	Alarm(_G_-ENTRY,decode_tic6x_unwind_bytecode-202782)
496	0.353033	FalseGround	Unlabelled	SPOkGoodGood	Alarm(_G_-ENTRY,dynamic_section_mips_val-203415)
497	0.353033	FalseGround	Unlabelled	SPOkGoodGood	Alarm(_G_-ENTRY,process_mips_specific-210324)
498	0.348678	FalseGround	Unlabelled	SPOkGoodGood	Alarm(_G_-ENTRY,find_cu_tu_set-176635)
499	0.348678	FalseGround	Unlabelled	SPOkGoodGood	Alarm(_G_-ENTRY,find_cu_tu_set-176636)
500	0.348678	FalseGround	Unlabelled	SPOkGoodGood	Alarm(_G_-ENTRY,display_debug_section-208295)
501	0.338699	FalseGround	Unlabelled	SPOkGoodGood	Alarm(_G_-ENTRY,process_archive-212877)
502	0.33422	FalseGround	Unlabelled	SPOkGoodGood	Alarm(_G_-ENTRY,unix_lbasename-151732)
503	0.33422	FalseGround	Unlabelled	SPOkGoodGood	Alarm(_G_-ENTRY,unix_lbasename-151733)
504	0.333046	FalseGround	Unlabelled	SPOkGoodGood	Alarm(_G_-ENTRY,slurp_ia64_unwind_table-201004)
505	0.333046	FalseGround	Unlabelled	SPOkGoodGood	Alarm(_G_-ENTRY,slurp_ia64_unwind_table-201005)
506	0.333046	FalseGround	Unlabelled	SPOkGoodGood	Alarm(_G_-ENTRY,slurp_ia64_unwind_table-201006)
507	0.313811	FalseGround	Unlabelled	SPOkGoodGood	Alarm(_G_-ENTRY,C_alloca-165440)
508	0.313811	FalseGround	Unlabelled	SPOkGoodGood	Alarm(_G_-ENTRY,byte_re_compile_fastmap-147677)
509	0.313811	FalseGround	Unlabelled	SPOkGoodGood	Alarm(_G_-ENTRY,byte_re_compile_fastmap-147722)
510	0.313811	FalseGround	Unlabelled	SPOkGoodGood	Alarm(_G_-ENTRY,byte_re_compile_fastmap-147730)
511	0.313811	FalseGround	Unlabelled	SPOkGoodGood	Alarm(_G_-ENTRY,byte_re_compile_fastmap-147735)
512	0.313811	FalseGround	Unlabelled	SPOkGoodGood	Alarm(_G_-ENTRY,byte_re_match_2_internal-148793)
513	0.313811	FalseGround	Unlabelled	SPOkGoodGood	Alarm(_G_-ENTRY,byte_re_match_2_internal-148802)
514	0.313811	FalseGround	Unlabelled	SPOkGoodGood	Alarm(_G_-ENTRY,byte_re_match_2_internal-148805)
515	0.313811	FalseGround	Unlabelled	SPOkGoodGood	Alarm(_G_-ENTRY,byte_re_match_2_internal-148808)
516	0.313811	FalseGround	Unlabelled	SPOkGoodGood	Alarm(_G_-ENTRY,byte_re_match_2_internal-148812)
517	0.313811	FalseGround	Unlabelled	SPOkGoodGood	Alarm(_G_-ENTRY,byte_re_match_2_internal-148815)
518	0.313811	FalseGround	Unlabelled	SPOkGoodGood	Alarm(_G_-ENTRY,byte_re_match_2_internal-148818)
519	0.313811	FalseGround	Unlabelled	SPOkGoodGood	Alarm(_G_-ENTRY,byte_re_match_2_internal-148821)
520	0.313811	FalseGround	Unlabelled	SPOkGoodGood	Alarm(_G_-ENTRY,byte_re_match_2_internal-148867)
521	0.313811	FalseGround	Unlabelled	SPOkGoodGood	Alarm(_G_-ENTRY,byte_re_match_2_internal-148876)
522	0.313811	FalseGround	Unlabelled	SPOkGoodGood	Alarm(_G_-ENTRY,byte_re_match_2_internal-148879)
523	0.313811	FalseGround	Unlabelled	SPOkGoodGood	Alarm(_G_-ENTRY,byte_re_match_2_internal-148882)
524	0.313811	FalseGround	Unlabelled	SPOkGoodGood	Alarm(_G_-ENTRY,byte_re_match_2_internal-148886)
525	0.313811	FalseGround	Unlabelled	SPOkGoodGood	Alarm(_G_-ENTRY,byte_re_match_2_internal-148889)
526	0.313811	FalseGround	Unlabelled	SPOkGoodGood	Alarm(_G_-ENTRY,byte_re_match_2_internal-148892)
527	0.313811	FalseGround	Unlabelled	SPOkGoodGood	Alarm(_G_-ENTRY,byte_re_match_2_internal-148895)
528	0.313811	FalseGround	Unlabelled	SPOkGoodGood	Alarm(_G_-ENTRY,byte_re_match_2_internal-148906)
529	0.313811	FalseGround	Unlabelled	SPOkGoodGood	Alarm(_G_-ENTRY,byte_re_match_2_internal-148915)
530	0.313811	FalseGround	Unlabelled	SPOkGoodGood	Alarm(_G_-ENTRY,byte_re_match_2_internal-148918)
531	0.313811	FalseGround	Unlabelled	SPOkGoodGood	Alarm(_G_-ENTRY,byte_re_match_2_internal-148921)
532	0.313811	FalseGround	Unlabelled	SPOkGoodGood	Alarm(_G_-ENTRY,byte_re_match_2_internal-148925)
533	0.313811	FalseGround	Unlabelled	SPOkGoodGood	Alarm(_G_-ENTRY,byte_re_match_2_internal-148928)
534	0.313811	FalseGround	Unlabelled	SPOkGoodGood	Alarm(_G_-ENTRY,byte_re_match_2_internal-148931)
535	0.313811	FalseGround	Unlabelled	SPOkGoodGood	Alarm(_G_-ENTRY,byte_re_match_2_internal-148934)
536	0.313811	FalseGround	Unlabelled	SPOkGoodGood	Alarm(_G_-ENTRY,byte_re_match_2_internal-148965)
537	0.313811	FalseGround	Unlabelled	SPOkGoodGood	Alarm(_G_-ENTRY,byte_re_match_2_internal-148968)
538	0.313811	FalseGround	Unlabelled	SPOkGoodGood	Alarm(_G_-ENTRY,byte_re_match_2_internal-148970)
539	0.313811	FalseGround	Unlabelled	SPOkGoodGood	Alarm(_G_-ENTRY,byte_re_match_2_internal-148972)
540	0.313811	FalseGround	Unlabelled	SPOkGoodGood	Alarm(_G_-ENTRY,byte_re_match_2_internal-148975)
541	0.313811	FalseGround	Unlabelled	SPOkGoodGood	Alarm(_G_-ENTRY,byte_re_match_2_internal-148977)
542	0.313811	FalseGround	Unlabelled	SPOkGoodGood	Alarm(_G_-ENTRY,byte_re_match_2_internal-148979)
543	0.313811	FalseGround	Unlabelled	SPOkGoodGood	Alarm(_G_-ENTRY,byte_re_match_2_internal-148989)
544	0.313811	FalseGround	Unlabelled	SPOkGoodGood	Alarm(_G_-ENTRY,byte_re_match_2_internal-148998)
545	0.313811	FalseGround	Unlabelled	SPOkGoodGood	Alarm(_G_-ENTRY,byte_re_match_2_internal-149001)
546	0.313811	FalseGround	Unlabelled	SPOkGoodGood	Alarm(_G_-ENTRY,byte_re_match_2_internal-149004)
547	0.313811	FalseGround	Unlabelled	SPOkGoodGood	Alarm(_G_-ENTRY,byte_re_match_2_internal-149008)
548	0.313811	FalseGround	Unlabelled	SPOkGoodGood	Alarm(_G_-ENTRY,byte_re_match_2_internal-149011)
549	0.313811	FalseGround	Unlabelled	SPOkGoodGood	Alarm(_G_-ENTRY,byte_re_match_2_internal-149014)
550	0.313811	FalseGround	Unlabelled	SPOkGoodGood	Alarm(_G_-ENTRY,byte_re_match_2_internal-149017)
551	0.313811	FalseGround	Unlabelled	SPOkGoodGood	Alarm(_G_-ENTRY,byte_re_match_2_internal-149021)
552	0.313811	FalseGround	Unlabelled	SPOkGoodGood	Alarm(_G_-ENTRY,byte_re_match_2_internal-149030)
553	0.313811	FalseGround	Unlabelled	SPOkGoodGood	Alarm(_G_-ENTRY,byte_re_match_2_internal-149033)
554	0.313811	FalseGround	Unlabelled	SPOkGoodGood	Alarm(_G_-ENTRY,byte_re_match_2_internal-149036)
555	0.313811	FalseGround	Unlabelled	SPOkGoodGood	Alarm(_G_-ENTRY,byte_re_match_2_internal-149040)
556	0.313811	FalseGround	Unlabelled	SPOkGoodGood	Alarm(_G_-ENTRY,byte_re_match_2_internal-149043)
557	0.313811	FalseGround	Unlabelled	SPOkGoodGood	Alarm(_G_-ENTRY,byte_re_match_2_internal-149046)
558	0.313811	FalseGround	Unlabelled	SPOkGoodGood	Alarm(_G_-ENTRY,byte_re_match_2_internal-149049)
559	0.313811	FalseGround	Unlabelled	SPOkGoodGood	Alarm(_G_-ENTRY,byte_re_match_2_internal-149146)
560	0.313811	FalseGround	Unlabelled	SPOkGoodGood	Alarm(_G_-ENTRY,byte_re_match_2_internal-149149)
561	0.313811	FalseGround	Unlabelled	SPOkGoodGood	Alarm(_G_-ENTRY,byte_re_match_2_internal-149151)
562	0.313811	FalseGround	Unlabelled	SPOkGoodGood	Alarm(_G_-ENTRY,byte_re_match_2_internal-149153)
563	0.313811	FalseGround	Unlabelled	SPOkGoodGood	Alarm(_G_-ENTRY,byte_re_match_2_internal-149156)
564	0.313811	FalseGround	Unlabelled	SPOkGoodGood	Alarm(_G_-ENTRY,byte_re_match_2_internal-149158)
565	0.313811	FalseGround	Unlabelled	SPOkGoodGood	Alarm(_G_-ENTRY,byte_re_match_2_internal-149160)
566	0.313811	FalseGround	Unlabelled	SPOkGoodGood	Alarm(_G_-ENTRY,byte_regex_compile-146920)
567	0.313811	FalseGround	Unlabelled	SPOkGoodGood	Alarm(_G_-ENTRY,byte_regex_compile-146921)
568	0.313811	FalseGround	Unlabelled	SPOkGoodGood	Alarm(_G_-ENTRY,byte_regex_compile-146922)
569	0.313811	FalseGround	Unlabelled	SPOkGoodGood	Alarm(_G_-ENTRY,byte_regex_compile-146923)
570	0.313811	FalseGround	Unlabelled	SPOkGoodGood	Alarm(_G_-ENTRY,byte_regex_compile-146924)
571	0.313811	FalseGround	Unlabelled	SPOkGoodGood	Alarm(_G_-ENTRY,byte_regex_compile-146925)
572	0.313811	FalseGround	Unlabelled	SPOkGoodGood	Alarm(_G_-ENTRY,byte_regex_compile-146969)
573	0.313811	FalseGround	Unlabelled	SPOkGoodGood	Alarm(_G_-ENTRY,byte_regex_compile-146970)
574	0.313811	FalseGround	Unlabelled	SPOkGoodGood	Alarm(_G_-ENTRY,byte_regex_compile-146973)
575	0.313811	FalseGround	Unlabelled	SPOkGoodGood	Alarm(_G_-ENTRY,byte_regex_compile-146975)
576	0.313811	FalseGround	Unlabelled	SPOkGoodGood	Alarm(_G_-ENTRY,display_debug_loc-173221)
577	0.313811	FalseGround	Unlabelled	SPOkGoodGood	Alarm(_G_-ENTRY,frame_display_row-174149)
578	0.313811	FalseGround	Unlabelled	SPOkGoodGood	Alarm(_G_-ENTRY,slurp_hppa_unwind_table-201817)
579	0.313811	FalseGround	Unlabelled	SPOkGoodGood	Alarm(_G_-ENTRY,slurp_ia64_unwind_table-201016)
580	0.313811	FalseGround	Unlabelled	SPOkGoodGood	Alarm(_G_-ENTRY,unw_decode_r2-177146)
581	0.313811	FalseGround	Unlabelled	SPOkGoodGood	Alarm(_G_-ENTRY,unw_decode_r2-177152)
582	0.313811	FalseGround	Unlabelled	SPOkGoodGood	Alarm(_G_-ENTRY,unw_decode_r2-177158)
583	0.313811	FalseGround	Unlabelled	SPOkGoodGood	Alarm(_G_-ENTRY,unw_decode_r2-177164)
584	0.30311	FalseGround	Unlabelled	SPOkGoodGood	Alarm(_G_-ENTRY,display_debug_lines_decoded-171367)
585	0.302634	FalseGround	Unlabelled	SPOkGoodGood	Alarm(_G_-ENTRY,find_cu_tu_set_v2-168021)
586	0.302634	FalseGround	Unlabelled	SPOkGoodGood	Alarm(_G_-ENTRY,find_cu_tu_set_v2-168022)
587	0.302203	FalseGround	Unlabelled	SPOkGoodGood	Alarm(_G_-ENTRY,decode_tic6x_unwind_bytecode-202705)
588	0.302203	FalseGround	Unlabelled	SPOkGoodGood	Alarm(_G_-ENTRY,decode_tic6x_unwind_bytecode-202706)
589	0.289792	FalseGround	Unlabelled	SPOkGoodGood	Alarm(_G_-ENTRY,display_debug_macro-172432)
590	0.285462	FalseGround	Unlabelled	SPOkGoodGood	Alarm(_G_-ENTRY,buildargv-165209)
591	0.285462	FalseGround	Unlabelled	SPOkGoodGood	Alarm(_G_-ENTRY,buildargv-165214)
592	0.285462	FalseGround	Unlabelled	SPOkGoodGood	Alarm(_G_-ENTRY,buildargv-165218)
593	0.285462	FalseGround	Unlabelled	SPOkGoodGood	Alarm(_G_-ENTRY,buildargv-165223)
594	0.285462	FalseGround	Unlabelled	SPOkGoodGood	Alarm(_G_-ENTRY,buildargv-165225)
595	0.28243	FalseGround	Unlabelled	SPOkGoodGood	Alarm(_G_-ENTRY,uncompress_section_contents-208132)
596	0.28243	FalseGround	Unlabelled	SPOkGoodGood	Alarm(_G_-ENTRY,uncompress_section_contents-208134)
597	0.28243	FalseGround	Unlabelled	SPOkGoodGood	Alarm(_G_-ENTRY,uncompress_section_contents-208136)
598	0.28243	FalseGround	Unlabelled	SPOkGoodGood	Alarm(_G_-ENTRY,uncompress_section_contents-208138)
599	0.28243	FalseGround	Unlabelled	SPOkGoodGood	Alarm(_G_-ENTRY,uncompress_section_contents-208140)
600	0.28243	FalseGround	Unlabelled	SPOkGoodGood	Alarm(_G_-ENTRY,uncompress_section_contents-208142)
601	0.28243	FalseGround	Unlabelled	SPOkGoodGood	Alarm(_G_-ENTRY,uncompress_section_contents-208144)
602	0.274346	FalseGround	Unlabelled	SPOkGoodGood	Alarm(_G_-ENTRY,process_archive-212775)
603	0.274346	FalseGround	Unlabelled	SPOkGoodGood	Alarm(_G_-ENTRY,process_archive-212776)
604	0.273282	FalseGround	Unlabelled	SPOkGoodGood	Alarm(_G_-ENTRY,display_debug_str-173303)
605	0.254187	FalseGround	Unlabelled	SPOkGoodGood	Alarm(_G_-ENTRY,byte_re_compile_fastmap-147643)
606	0.254187	FalseGround	Unlabelled	SPOkGoodGood	Alarm(_G_-ENTRY,byte_re_compile_fastmap-147644)
607	0.254187	FalseGround	Unlabelled	SPOkGoodGood	Alarm(_G_-ENTRY,byte_regex_compile-146094)
608	0.254187	FalseGround	Unlabelled	SPOkGoodGood	Alarm(_G_-ENTRY,byte_regex_compile-146095)
609	0.251786	FalseGround	Unlabelled	SPOkGoodGood	Alarm(_G_-ENTRY,display_debug_macro-172185)
610	0.251786	FalseGround	Unlabelled	SPOkGoodGood	Alarm(_G_-ENTRY,display_debug_macro-172186)
611	0.231224	FalseGround	Unlabelled	SPOkGoodGood	Alarm(_G_-ENTRY,buildargv-165136)
612	0.231224	FalseGround	Unlabelled	SPOkGoodGood	Alarm(_G_-ENTRY,buildargv-165137)
613	0.231224	FalseGround	Unlabelled	SPOkGoodGood	Alarm(_G_-ENTRY,buildargv-165138)
614	0.231224	FalseGround	Unlabelled	SPOkGoodGood	Alarm(_G_-ENTRY,buildargv-165139)
615	0.231224	FalseGround	Unlabelled	SPOkGoodGood	Alarm(_G_-ENTRY,buildargv-165148)
616	0.231224	FalseGround	Unlabelled	SPOkGoodGood	Alarm(_G_-ENTRY,buildargv-165149)
617	0.231224	FalseGround	Unlabelled	SPOkGoodGood	Alarm(_G_-ENTRY,buildargv-165152)
618	0.231224	FalseGround	Unlabelled	SPOkGoodGood	Alarm(_G_-ENTRY,buildargv-165153)
619	0.231224	FalseGround	Unlabelled	SPOkGoodGood	Alarm(_G_-ENTRY,buildargv-165156)
620	0.231224	FalseGround	Unlabelled	SPOkGoodGood	Alarm(_G_-ENTRY,buildargv-165157)
621	0.231224	FalseGround	Unlabelled	SPOkGoodGood	Alarm(_G_-ENTRY,buildargv-165158)
622	0.231224	FalseGround	Unlabelled	SPOkGoodGood	Alarm(_G_-ENTRY,buildargv-165159)
623	0.231224	FalseGround	Unlabelled	SPOkGoodGood	Alarm(_G_-ENTRY,buildargv-165160)
624	0.231224	FalseGround	Unlabelled	SPOkGoodGood	Alarm(_G_-ENTRY,buildargv-165161)
625	0.219971	FalseGround	Unlabelled	SPOkGoodGood	Alarm(_G_-ENTRY,decode_arm_unwind-202969)
626	0.219971	FalseGround	Unlabelled	SPOkGoodGood	Alarm(_G_-ENTRY,decode_arm_unwind-202970)
627	0.219971	FalseGround	Unlabelled	SPOkGoodGood	Alarm(_G_-ENTRY,decode_arm_unwind-202971)
628	0.219971	FalseGround	Unlabelled	SPOkGoodGood	Alarm(_G_-ENTRY,decode_arm_unwind-202972)
629	0.211107	FalseGround	Unlabelled	SPOkGoodGood	Alarm(_G_-ENTRY,display_debug_loc-173150)
630	0.211107	FalseGround	Unlabelled	SPOkGoodGood	Alarm(_G_-ENTRY,display_debug_loc-173156)
631	0.207817	FalseGround	Unlabelled	SPOkGoodGood	Alarm(_G_-ENTRY,dump_ia64_unwind-200877)
632	0.207817	FalseGround	Unlabelled	SPOkGoodGood	Alarm(_G_-ENTRY,dump_ia64_unwind-200882)
633	0.205891	FalseGround	Unlabelled	SPOkGoodGood	Alarm(_G_-ENTRY,process_section_contents-208428)
634	0.205891	FalseGround	Unlabelled	SPOkGoodGood	Alarm(_G_-ENTRY,process_section_contents-208429)
635	0.205891	FalseGround	Unlabelled	SPOkGoodGood	Alarm(_G_-ENTRY,display_debug_section-208291)
636	0.203513	FalseGround	Unlabelled	SPOkGoodGood	Alarm(_G_-ENTRY,display_debug_lines_raw-170682)
637	0.185302	FalseGround	Unlabelled	SPOkGoodGood	Alarm(_G_-ENTRY,display_debug_macinfo-171802)
638	0.175076	FalseGround	Unlabelled	SPOkGoodGood	Alarm(_G_-ENTRY,ia64_process_unwind-201214)
639	0.173625	FalseGround	Unlabelled	SPOkGoodGood	Alarm(_G_-ENTRY,make_relative_prefix_1-151560)
640	0.173625	FalseGround	Unlabelled	SPOkGoodGood	Alarm(_G_-ENTRY,make_relative_prefix_1-151561)
641	0.170413	FalseGround	Unlabelled	SPOkGoodGood	Alarm(_G_-ENTRY,find_cu_tu_set-176641)
642	0.170413	FalseGround	Unlabelled	SPOkGoodGood	Alarm(_G_-ENTRY,find_cu_tu_set-176642)
643	0.170174	FalseGround	Unlabelled	SPOkGoodGood	Alarm(_G_-ENTRY,get_line_filename_and_dirname-171922)
644	0.170174	FalseGround	Unlabelled	SPOkGoodGood	Alarm(_G_-ENTRY,get_line_filename_and_dirname-171923)
645	0.166772	FalseGround	Unlabelled	SPOkGoodGood	Alarm(_G_-ENTRY,display_debug_lines_decoded-171173)
646	0.150095	FalseGround	Unlabelled	SPOkGoodGood	Alarm(_G_-ENTRY,display_debug_lines_raw-170499)
647	0.147093	FalseGround	Unlabelled	SPOkGoodGood	Alarm(_G_-ENTRY,dump_ia64_unwind-200884)
648	0.147093	FalseGround	Unlabelled	SPOkGoodGood	Alarm(_G_-ENTRY,dump_ia64_unwind-200885)
649	0.147093	FalseGround	Unlabelled	SPOkGoodGood	Alarm(_G_-ENTRY,dump_ia64_unwind-200886)
650	0.147093	FalseGround	Unlabelled	SPOkGoodGood	Alarm(_G_-ENTRY,dump_ia64_unwind-200887)
651	0.147093	FalseGround	Unlabelled	SPOkGoodGood	Alarm(_G_-ENTRY,slurp_ia64_unwind_table-200992)
652	0.147093	FalseGround	Unlabelled	SPOkGoodGood	Alarm(_G_-ENTRY,slurp_ia64_unwind_table-200993)
653	0.147093	FalseGround	Unlabelled	SPOkGoodGood	Alarm(_G_-ENTRY,slurp_ia64_unwind_table-200994)
654	0.147093	FalseGround	Unlabelled	SPOkGoodGood	Alarm(_G_-ENTRY,slurp_ia64_unwind_table-200996)
655	0.147093	FalseGround	Unlabelled	SPOkGoodGood	Alarm(_G_-ENTRY,slurp_ia64_unwind_table-200999)
656	0.147093	FalseGround	Unlabelled	SPOkGoodGood	Alarm(_G_-ENTRY,slurp_ia64_unwind_table-201002)
657	0.137798	FalseGround	Unlabelled	SPOkGoodGood	Alarm(_G_-ENTRY,frame_display_row-174138)
658	0.137151	FalseGround	Unlabelled	SPOkGoodGood	Alarm(_G_-ENTRY,frame_display_row-174158)
659	0.137151	FalseGround	Unlabelled	SPOkGoodGood	Alarm(_G_-ENTRY,frame_display_row-174161)
660	0.135085	FalseGround	Unlabelled	SPOkGoodGood	Alarm(_G_-ENTRY,display_debug_addr-173686)
661	0.135085	FalseGround	Unlabelled	SPOkGoodGood	Alarm(_G_-ENTRY,display_debug_macro-172265)
662	0.135085	FalseGround	Unlabelled	SPOkGoodGood	Alarm(_G_-ENTRY,print_vms_time-203492)
663	0.135085	FalseGround	Unlabelled	SPOkGoodGood	Alarm(_G_-ENTRY,process_archive_index_and_symbols-165738)
664	0.135085	FalseGround	Unlabelled	SPOkGoodGood	Alarm(_G_-ENTRY,slurp_hppa_unwind_table-201821)
665	0.135085	FalseGround	Unlabelled	SPOkGoodGood	Alarm(_G_-ENTRY,slurp_hppa_unwind_table-201822)
666	0.135085	FalseGround	Unlabelled	SPOkGoodGood	Alarm(_G_-ENTRY,slurp_hppa_unwind_table-201823)
667	0.135085	FalseGround	Unlabelled	SPOkGoodGood	Alarm(_G_-ENTRY,slurp_hppa_unwind_table-201824)
668	0.135085	FalseGround	Unlabelled	SPOkGoodGood	Alarm(_G_-ENTRY,unw_print_brmask-176861)
669	0.135085	FalseGround	Unlabelled	SPOkGoodGood	Alarm(_G_-ENTRY,unw_print_brmask-176871)
670	0.135085	FalseGround	Unlabelled	SPOkGoodGood	Alarm(_G_-ENTRY,unw_print_frmask-176905)
671	0.135085	FalseGround	Unlabelled	SPOkGoodGood	Alarm(_G_-ENTRY,unw_print_frmask-176921)
672	0.135085	FalseGround	Unlabelled	SPOkGoodGood	Alarm(_G_-ENTRY,unw_print_grmask-176882)
673	0.135085	FalseGround	Unlabelled	SPOkGoodGood	Alarm(_G_-ENTRY,unw_print_grmask-176892)
674	0.121577	FalseGround	Unlabelled	SPOkGoodGood	Alarm(_G_-ENTRY,make_relative_prefix_1-151618)
675	0.119146	FalseGround	Unlabelled	SPOkGoodGood	Alarm(_G_-ENTRY,dump_ia64_unwind-200866)
676	0.119146	FalseGround	Unlabelled	SPOkGoodGood	Alarm(_G_-ENTRY,dump_ia64_unwind-200867)
677	0.111092	FalseGround	Unlabelled	SPOkGoodGood	Alarm(_G_-ENTRY,frame_display_row-174101)
678	0.111092	FalseGround	Unlabelled	SPOkGoodGood	Alarm(_G_-ENTRY,frame_display_row-174102)
679	0.109419	FalseGround	Unlabelled	SPOkGoodGood	Alarm(_G_-ENTRY,getpwd-152474)
680	0.109419	FalseGround	Unlabelled	SPOkGoodGood	Alarm(_G_-ENTRY,getpwd-152475)
681	0.109419	FalseGround	Unlabelled	SPOkGoodGood	Alarm(_G_-ENTRY,only_whitespace-154519)
682	0.108504	FalseGround	Unlabelled	SPOkGoodGood	Alarm(_G_-ENTRY,adjust_relative_path-165665)
683	0.108504	FalseGround	Unlabelled	SPOkGoodGood	Alarm(_G_-ENTRY,adjust_relative_path-165666)
684	0.108504	FalseGround	Unlabelled	SPOkGoodGood	Alarm(_G_-ENTRY,adjust_relative_path-165670)
685	0.108504	FalseGround	Unlabelled	SPOkGoodGood	Alarm(_G_-ENTRY,adjust_relative_path-165671)
686	0.108504	FalseGround	Unlabelled	SPOkGoodGood	Alarm(_G_-ENTRY,adjust_relative_path-165672)
687	0.10338	FalseGround	Unlabelled	SPOkGoodGood	Alarm(_G_-ENTRY,get_line_filename_and_dirname-171928)
688	0.10338	FalseGround	Unlabelled	SPOkGoodGood	Alarm(_G_-ENTRY,get_line_filename_and_dirname-171929)
689	0.10338	FalseGround	Unlabelled	SPOkGoodGood	Alarm(_G_-ENTRY,print_core_note-211438)
690	0.10338	FalseGround	Unlabelled	SPOkGoodGood	Alarm(_G_-ENTRY,print_core_note-211439)
691	0.0995344	FalseGround	Unlabelled	SPOkGoodGood	Alarm(_G_-ENTRY,buildargv-165162)
692	0.0995344	FalseGround	Unlabelled	SPOkGoodGood	Alarm(_G_-ENTRY,buildargv-165163)
693	0.0995344	FalseGround	Unlabelled	SPOkGoodGood	Alarm(_G_-ENTRY,consume_whitespace-165106)
694	0.0995344	FalseGround	Unlabelled	SPOkGoodGood	Alarm(_G_-ENTRY,consume_whitespace-165107)
695	0.0984771	FalseGround	Unlabelled	SPOkGoodGood	Alarm(_G_-ENTRY,make_relative_prefix_1-151546)
696	0.0984771	FalseGround	Unlabelled	SPOkGoodGood	Alarm(_G_-ENTRY,make_relative_prefix_1-151547)
697	0.0984771	FalseGround	Unlabelled	SPOkGoodGood	Alarm(_G_-ENTRY,make_relative_prefix_1-151548)
698	0.0984771	FalseGround	Unlabelled	SPOkGoodGood	Alarm(_G_-ENTRY,make_relative_prefix_1-151549)
699	0.0984771	FalseGround	Unlabelled	SPOkGoodGood	Alarm(_G_-ENTRY,process_dynamic_section-204263)
700	0.0886294	FalseGround	Unlabelled	SPOkGoodGood	Alarm(_G_-ENTRY,only_whitespace-165111)
701	0.0886294	FalseGround	Unlabelled	SPOkGoodGood	Alarm(_G_-ENTRY,only_whitespace-165112)
702	0.0886294	FalseGround	Unlabelled	SPOkGoodGood	Alarm(_G_-ENTRY,partition_new-150668)
703	0.0886294	FalseGround	Unlabelled	SPOkGoodGood	Alarm(_G_-ENTRY,pex_init_common-150023)
704	0.0886294	FalseGround	Unlabelled	SPOkGoodGood	Alarm(_G_-ENTRY,pex_init_common-150040)
705	0.0878884	FalseGround	Unlabelled	SPOkGoodGood	Alarm(_G_-ENTRY,adjust_relative_path-165651)
706	0.0878884	FalseGround	Unlabelled	SPOkGoodGood	Alarm(_G_-ENTRY,adjust_relative_path-165652)
707	0.0878884	FalseGround	Unlabelled	SPOkGoodGood	Alarm(_G_-ENTRY,adjust_relative_path-165653)
708	0.0878884	FalseGround	Unlabelled	SPOkGoodGood	Alarm(_G_-ENTRY,adjust_relative_path-165654)
709	0.0878884	FalseGround	Unlabelled	SPOkGoodGood	Alarm(_G_-ENTRY,adjust_relative_path-165655)
710	0.0878884	FalseGround	Unlabelled	SPOkGoodGood	Alarm(_G_-ENTRY,adjust_relative_path-165656)
711	0.0878884	FalseGround	Unlabelled	SPOkGoodGood	Alarm(_G_-ENTRY,adjust_relative_path-165657)
712	0.0878884	FalseGround	Unlabelled	SPOkGoodGood	Alarm(_G_-ENTRY,adjust_relative_path-165658)
713	0.0664511	FalseGround	Unlabelled	SPOkGoodGood	Alarm(_G_-ENTRY,fetch_indexed_string-166575)
714	0.0611111	FalseGround	Unlabelled	SPOkGoodGood	Alarm(_G_-ENTRY,get_line_filename_and_dirname-171920)
715	0.0611111	FalseGround	Unlabelled	SPOkGoodGood	Alarm(_G_-ENTRY,get_line_filename_and_dirname-171921)
716	0.0611111	FalseGround	Unlabelled	SPOkGoodGood	Alarm(_G_-ENTRY,get_line_filename_and_dirname-171932)
717	0.0611111	FalseGround	Unlabelled	SPOkGoodGood	Alarm(_G_-ENTRY,get_line_filename_and_dirname-171933)
718	0.0611111	FalseGround	Unlabelled	SPOkGoodGood	Alarm(_G_-ENTRY,get_line_filename_and_dirname-171936)
719	0.0611111	FalseGround	Unlabelled	SPOkGoodGood	Alarm(_G_-ENTRY,get_line_filename_and_dirname-171937)
720	0.0480749	FalseGround	Unlabelled	SPOkGoodGood	Alarm(_G_-ENTRY,frame_display_row-174130)
721	0.0471013	FalseGround	Unlabelled	SPOkGoodGood	Alarm(_G_-ENTRY,ada_demangle-156419)
722	0.0471013	FalseGround	Unlabelled	SPOkGoodGood	Alarm(_G_-ENTRY,ada_demangle-156427)
723	0.0471013	FalseGround	Unlabelled	SPOkGoodGood	Alarm(_G_-ENTRY,ada_demangle-156450)
724	0.0471013	FalseGround	Unlabelled	SPOkGoodGood	Alarm(_G_-ENTRY,ada_demangle-156453)
725	0.0471013	FalseGround	Unlabelled	SPOkGoodGood	Alarm(_G_-ENTRY,fibnode_new-152870)
726	0.0471013	FalseGround	Unlabelled	SPOkGoodGood	Alarm(_G_-ENTRY,fibnode_new-152871)
727	0.0471013	FalseGround	Unlabelled	SPOkGoodGood	Alarm(_G_-ENTRY,slurp_hppa_unwind_table-201765)
728	0.0471013	FalseGround	Unlabelled	SPOkGoodGood	Alarm(_G_-ENTRY,slurp_hppa_unwind_table-201766)
729	0.0471013	FalseGround	Unlabelled	SPOkGoodGood	Alarm(_G_-ENTRY,slurp_hppa_unwind_table-201768)
730	0.0471013	FalseGround	Unlabelled	SPOkGoodGood	Alarm(_G_-ENTRY,slurp_hppa_unwind_table-201770)
731	0.0471013	FalseGround	Unlabelled	SPOkGoodGood	Alarm(_G_-ENTRY,slurp_hppa_unwind_table-201775)
732	0.0471013	FalseGround	Unlabelled	SPOkGoodGood	Alarm(_G_-ENTRY,slurp_hppa_unwind_table-201776)
733	0.0471013	FalseGround	Unlabelled	SPOkGoodGood	Alarm(_G_-ENTRY,slurp_hppa_unwind_table-201777)
734	0.0471013	FalseGround	Unlabelled	SPOkGoodGood	Alarm(_G_-ENTRY,slurp_hppa_unwind_table-201778)
735	0.0471013	FalseGround	Unlabelled	SPOkGoodGood	Alarm(_G_-ENTRY,slurp_hppa_unwind_table-201779)
736	0.0471013	FalseGround	Unlabelled	SPOkGoodGood	Alarm(_G_-ENTRY,slurp_hppa_unwind_table-201780)
737	0.0471013	FalseGround	Unlabelled	SPOkGoodGood	Alarm(_G_-ENTRY,slurp_hppa_unwind_table-201781)
738	0.0471013	FalseGround	Unlabelled	SPOkGoodGood	Alarm(_G_-ENTRY,slurp_hppa_unwind_table-201782)
739	0.0471013	FalseGround	Unlabelled	SPOkGoodGood	Alarm(_G_-ENTRY,slurp_hppa_unwind_table-201783)
740	0.0471013	FalseGround	Unlabelled	SPOkGoodGood	Alarm(_G_-ENTRY,slurp_hppa_unwind_table-201784)
741	0.0471013	FalseGround	Unlabelled	SPOkGoodGood	Alarm(_G_-ENTRY,slurp_hppa_unwind_table-201785)
742	0.0471013	FalseGround	Unlabelled	SPOkGoodGood	Alarm(_G_-ENTRY,slurp_hppa_unwind_table-201786)
743	0.0471013	FalseGround	Unlabelled	SPOkGoodGood	Alarm(_G_-ENTRY,slurp_hppa_unwind_table-201787)
744	0.0471013	FalseGround	Unlabelled	SPOkGoodGood	Alarm(_G_-ENTRY,slurp_hppa_unwind_table-201788)
745	0.0471013	FalseGround	Unlabelled	SPOkGoodGood	Alarm(_G_-ENTRY,slurp_hppa_unwind_table-201789)
746	0.0471013	FalseGround	Unlabelled	SPOkGoodGood	Alarm(_G_-ENTRY,slurp_hppa_unwind_table-201790)
747	0.0471013	FalseGround	Unlabelled	SPOkGoodGood	Alarm(_G_-ENTRY,slurp_hppa_unwind_table-201791)
748	0.0471013	FalseGround	Unlabelled	SPOkGoodGood	Alarm(_G_-ENTRY,slurp_hppa_unwind_table-201792)
749	0.0471013	FalseGround	Unlabelled	SPOkGoodGood	Alarm(_G_-ENTRY,slurp_hppa_unwind_table-201793)
750	0.0471013	FalseGround	Unlabelled	SPOkGoodGood	Alarm(_G_-ENTRY,slurp_hppa_unwind_table-201794)
751	0.0471013	FalseGround	Unlabelled	SPOkGoodGood	Alarm(_G_-ENTRY,slurp_hppa_unwind_table-201795)
752	0.0471013	FalseGround	Unlabelled	SPOkGoodGood	Alarm(_G_-ENTRY,slurp_hppa_unwind_table-201796)
753	0.0471013	FalseGround	Unlabelled	SPOkGoodGood	Alarm(_G_-ENTRY,slurp_hppa_unwind_table-201797)
754	0.0471013	FalseGround	Unlabelled	SPOkGoodGood	Alarm(_G_-ENTRY,slurp_hppa_unwind_table-201798)
755	0.0471013	FalseGround	Unlabelled	SPOkGoodGood	Alarm(_G_-ENTRY,slurp_hppa_unwind_table-201799)
756	0.0471013	FalseGround	Unlabelled	SPOkGoodGood	Alarm(_G_-ENTRY,slurp_hppa_unwind_table-201800)
757	0.0471013	FalseGround	Unlabelled	SPOkGoodGood	Alarm(_G_-ENTRY,slurp_hppa_unwind_table-201801)
758	0.0471013	FalseGround	Unlabelled	SPOkGoodGood	Alarm(_G_-ENTRY,slurp_hppa_unwind_table-201802)
759	0.0471013	FalseGround	Unlabelled	SPOkGoodGood	Alarm(_G_-ENTRY,slurp_hppa_unwind_table-201803)
760	0.0471013	FalseGround	Unlabelled	SPOkGoodGood	Alarm(_G_-ENTRY,slurp_hppa_unwind_table-201804)
761	0.0471013	FalseGround	Unlabelled	SPOkGoodGood	Alarm(_G_-ENTRY,slurp_hppa_unwind_table-201805)
762	0.0471013	FalseGround	Unlabelled	SPOkGoodGood	Alarm(_G_-ENTRY,slurp_hppa_unwind_table-201806)
763	0.0471013	FalseGround	Unlabelled	SPOkGoodGood	Alarm(_G_-ENTRY,slurp_ia64_unwind_table-201020)
764	0.0471013	FalseGround	Unlabelled	SPOkGoodGood	Alarm(_G_-ENTRY,slurp_ia64_unwind_table-201022)
765	0.0471013	FalseGround	Unlabelled	SPOkGoodGood	Alarm(_G_-ENTRY,slurp_ia64_unwind_table-201024)
766	0.0471013	FalseGround	Unlabelled	SPOkGoodGood	Alarm(_G_-ENTRY,unw_print_brmask-176864)
767	0.0471013	FalseGround	Unlabelled	SPOkGoodGood	Alarm(_G_-ENTRY,unw_print_frmask-176908)
768	0.0471013	FalseGround	Unlabelled	SPOkGoodGood	Alarm(_G_-ENTRY,unw_print_grmask-176885)
769	0.0439963	FalseGround	Unlabelled	SPOkGoodGood	Alarm(_G_-ENTRY,C_alloca-165439)
770	0.0431358	FalseGround	Unlabelled	SPOkGoodGood	Alarm(_G_-ENTRY,add_shndx_to_cu_tu_entry-176112)
771	0.0431358	FalseGround	Unlabelled	SPOkGoodGood	Alarm(_G_-ENTRY,end_cu_tu_entry-176124)
772	0.0343368	FalseGround	Unlabelled	SPOkGoodGood	Alarm(_G_-ENTRY,partition_new-150670)
773	0.0343368	FalseGround	Unlabelled	SPOkGoodGood	Alarm(_G_-ENTRY,partition_new-150671)
774	0.0343368	FalseGround	Unlabelled	SPOkGoodGood	Alarm(_G_-ENTRY,partition_new-150672)
775	0.0343368	FalseGround	Unlabelled	SPOkGoodGood	Alarm(_G_-ENTRY,print_gnu_note-211605)
776	0.0343368	FalseGround	Unlabelled	SPOkGoodGood	Alarm(_G_-ENTRY,sort_pointers-142272)
777	0.0343368	FalseGround	Unlabelled	SPOkGoodGood	Alarm(_G_-ENTRY,unw_print_brmask-176867)
778	0.0343368	FalseGround	Unlabelled	SPOkGoodGood	Alarm(_G_-ENTRY,unw_print_grmask-176888)
779	0.0320493	FalseGround	Unlabelled	SPOkGoodGood	Alarm(_G_-ENTRY,unw_print_frmask-176911)
780	0.0320493	FalseGround	Unlabelled	SPOkGoodGood	Alarm(_G_-ENTRY,unw_print_frmask-176914)
781	0.0309032	FalseGround	Unlabelled	SPOkGoodGood	Alarm(_G_-ENTRY,only_whitespace-165109)
782	0.0309032	FalseGround	Unlabelled	SPOkGoodGood	Alarm(_G_-ENTRY,only_whitespace-165110)
783	0.0283877	FalseGround	Unlabelled	SPOkGoodGood	Alarm(_G_-ENTRY,frame_display_row-174095)
784	0.0283877	FalseGround	Unlabelled	SPOkGoodGood	Alarm(_G_-ENTRY,frame_display_row-174096)
785	0.0283877	FalseGround	Unlabelled	SPOkGoodGood	Alarm(_G_-ENTRY,frame_display_row-174097)
786	0.0283877	FalseGround	Unlabelled	SPOkGoodGood	Alarm(_G_-ENTRY,frame_display_row-174098)
787	0.0283877	FalseGround	Unlabelled	SPOkGoodGood	Alarm(_G_-ENTRY,frame_display_row-174103)
788	0.0283877	FalseGround	Unlabelled	SPOkGoodGood	Alarm(_G_-ENTRY,frame_display_row-174104)
789	0.0283877	FalseGround	Unlabelled	SPOkGoodGood	Alarm(_G_-ENTRY,frame_display_row-174105)
790	0.0283877	FalseGround	Unlabelled	SPOkGoodGood	Alarm(_G_-ENTRY,frame_display_row-174106)
791	0.0283877	FalseGround	Unlabelled	SPOkGoodGood	Alarm(_G_-ENTRY,frame_display_row-174107)
792	0.0283877	FalseGround	Unlabelled	SPOkGoodGood	Alarm(_G_-ENTRY,frame_display_row-174108)
793	0.0283877	FalseGround	Unlabelled	SPOkGoodGood	Alarm(_G_-ENTRY,frame_display_row-174109)
794	0.0283877	FalseGround	Unlabelled	SPOkGoodGood	Alarm(_G_-ENTRY,frame_display_row-174110)
795	0.0283877	FalseGround	Unlabelled	SPOkGoodGood	Alarm(_G_-ENTRY,frame_display_row-174111)
796	0.0283877	FalseGround	Unlabelled	SPOkGoodGood	Alarm(_G_-ENTRY,frame_display_row-174112)
797	0.0283877	FalseGround	Unlabelled	SPOkGoodGood	Alarm(_G_-ENTRY,frame_display_row-174113)
798	0.0283877	FalseGround	Unlabelled	SPOkGoodGood	Alarm(_G_-ENTRY,frame_display_row-174114)
799	0.0283877	FalseGround	Unlabelled	SPOkGoodGood	Alarm(_G_-ENTRY,frame_display_row-174115)
800	0.0283877	FalseGround	Unlabelled	SPOkGoodGood	Alarm(_G_-ENTRY,frame_display_row-174116)
801	0.0283877	FalseGround	Unlabelled	SPOkGoodGood	Alarm(_G_-ENTRY,frame_display_row-174117)
802	0.0283877	FalseGround	Unlabelled	SPOkGoodGood	Alarm(_G_-ENTRY,frame_display_row-174118)
803	0.0251896	FalseGround	Unlabelled	SPOkGoodGood	Alarm(_G_-ENTRY,pex_init_common-150022)
804	0.0251896	FalseGround	Unlabelled	SPOkGoodGood	Alarm(_G_-ENTRY,pex_init_common-150024)
805	0.0251896	FalseGround	Unlabelled	SPOkGoodGood	Alarm(_G_-ENTRY,pex_init_common-150025)
806	0.0251896	FalseGround	Unlabelled	SPOkGoodGood	Alarm(_G_-ENTRY,pex_init_common-150026)
807	0.0251896	FalseGround	Unlabelled	SPOkGoodGood	Alarm(_G_-ENTRY,pex_init_common-150027)
808	0.0251896	FalseGround	Unlabelled	SPOkGoodGood	Alarm(_G_-ENTRY,pex_init_common-150028)
809	0.0251896	FalseGround	Unlabelled	SPOkGoodGood	Alarm(_G_-ENTRY,pex_init_common-150029)
810	0.0251896	FalseGround	Unlabelled	SPOkGoodGood	Alarm(_G_-ENTRY,pex_init_common-150030)
811	0.0251896	FalseGround	Unlabelled	SPOkGoodGood	Alarm(_G_-ENTRY,pex_init_common-150031)
812	0.0251896	FalseGround	Unlabelled	SPOkGoodGood	Alarm(_G_-ENTRY,pex_init_common-150032)
813	0.0251896	FalseGround	Unlabelled	SPOkGoodGood	Alarm(_G_-ENTRY,pex_init_common-150033)
814	0.0251896	FalseGround	Unlabelled	SPOkGoodGood	Alarm(_G_-ENTRY,pex_init_common-150034)
815	0.0251896	FalseGround	Unlabelled	SPOkGoodGood	Alarm(_G_-ENTRY,pex_init_common-150035)
816	0.0251896	FalseGround	Unlabelled	SPOkGoodGood	Alarm(_G_-ENTRY,pex_init_common-150036)
817	0.0251896	FalseGround	Unlabelled	SPOkGoodGood	Alarm(_G_-ENTRY,pex_init_common-150037)
818	0.0251896	FalseGround	Unlabelled	SPOkGoodGood	Alarm(_G_-ENTRY,pex_init_common-150038)
819	0.0251896	FalseGround	Unlabelled	SPOkGoodGood	Alarm(_G_-ENTRY,pex_init_common-150039)
820	0.0250316	FalseGround	Unlabelled	SPOkGoodGood	Alarm(_G_-ENTRY,make_relative_prefix_1-151552)
821	0.0250316	FalseGround	Unlabelled	SPOkGoodGood	Alarm(_G_-ENTRY,make_relative_prefix_1-151553)
822	0.0133028	FalseGround	Unlabelled	SPOkGoodGood	Alarm(_G_-ENTRY,ada_demangle-156409)
823	0.0133028	FalseGround	Unlabelled	SPOkGoodGood	Alarm(_G_-ENTRY,dump_hppa_unwind-201629)
824	0.0133028	FalseGround	Unlabelled	SPOkGoodGood	Alarm(_G_-ENTRY,dump_hppa_unwind-201634)
825	0.0133028	FalseGround	Unlabelled	SPOkGoodGood	Alarm(_G_-ENTRY,dump_hppa_unwind-201636)
826	0.0133028	FalseGround	Unlabelled	SPOkGoodGood	Alarm(_G_-ENTRY,dump_hppa_unwind-201642)
827	0.0133028	FalseGround	Unlabelled	SPOkGoodGood	Alarm(_G_-ENTRY,dump_hppa_unwind-201643)
828	0.0133028	FalseGround	Unlabelled	SPOkGoodGood	Alarm(_G_-ENTRY,dump_hppa_unwind-201663)
829	0.0107753	FalseGround	Unlabelled	SPOkGoodGood	Alarm(_G_-ENTRY,dump_hppa_unwind-201576)
830	0.0107753	FalseGround	Unlabelled	SPOkGoodGood	Alarm(_G_-ENTRY,dump_hppa_unwind-201577)
831	0.0107753	FalseGround	Unlabelled	SPOkGoodGood	Alarm(_G_-ENTRY,dump_hppa_unwind-201578)
832	0.0107753	FalseGround	Unlabelled	SPOkGoodGood	Alarm(_G_-ENTRY,dump_hppa_unwind-201579)
833	0.0107753	FalseGround	Unlabelled	SPOkGoodGood	Alarm(_G_-ENTRY,dump_hppa_unwind-201580)
834	0.0107753	FalseGround	Unlabelled	SPOkGoodGood	Alarm(_G_-ENTRY,dump_hppa_unwind-201581)
835	0.0107753	FalseGround	Unlabelled	SPOkGoodGood	Alarm(_G_-ENTRY,dump_hppa_unwind-201582)
836	0.0107753	FalseGround	Unlabelled	SPOkGoodGood	Alarm(_G_-ENTRY,dump_hppa_unwind-201583)
837	0.0107753	FalseGround	Unlabelled	SPOkGoodGood	Alarm(_G_-ENTRY,dump_hppa_unwind-201584)
838	0.0107753	FalseGround	Unlabelled	SPOkGoodGood	Alarm(_G_-ENTRY,dump_hppa_unwind-201585)
839	0.0107753	FalseGround	Unlabelled	SPOkGoodGood	Alarm(_G_-ENTRY,dump_hppa_unwind-201586)
840	0.0107753	FalseGround	Unlabelled	SPOkGoodGood	Alarm(_G_-ENTRY,dump_hppa_unwind-201587)
841	0.0107753	FalseGround	Unlabelled	SPOkGoodGood	Alarm(_G_-ENTRY,dump_hppa_unwind-201588)
842	0.0107753	FalseGround	Unlabelled	SPOkGoodGood	Alarm(_G_-ENTRY,dump_hppa_unwind-201589)
843	0.0107753	FalseGround	Unlabelled	SPOkGoodGood	Alarm(_G_-ENTRY,dump_hppa_unwind-201590)
844	0.0107753	FalseGround	Unlabelled	SPOkGoodGood	Alarm(_G_-ENTRY,dump_hppa_unwind-201591)
845	0.0107753	FalseGround	Unlabelled	SPOkGoodGood	Alarm(_G_-ENTRY,dump_hppa_unwind-201592)
846	0.0107753	FalseGround	Unlabelled	SPOkGoodGood	Alarm(_G_-ENTRY,dump_hppa_unwind-201593)
847	0.0107753	FalseGround	Unlabelled	SPOkGoodGood	Alarm(_G_-ENTRY,dump_hppa_unwind-201594)
848	0.0107753	FalseGround	Unlabelled	SPOkGoodGood	Alarm(_G_-ENTRY,dump_hppa_unwind-201595)
849	0.0107753	FalseGround	Unlabelled	SPOkGoodGood	Alarm(_G_-ENTRY,dump_hppa_unwind-201596)
850	0.0107753	FalseGround	Unlabelled	SPOkGoodGood	Alarm(_G_-ENTRY,dump_hppa_unwind-201597)
851	0.0107753	FalseGround	Unlabelled	SPOkGoodGood	Alarm(_G_-ENTRY,dump_hppa_unwind-201598)
852	0.0107753	FalseGround	Unlabelled	SPOkGoodGood	Alarm(_G_-ENTRY,dump_hppa_unwind-201599)
853	0.0107753	FalseGround	Unlabelled	SPOkGoodGood	Alarm(_G_-ENTRY,dump_hppa_unwind-201600)
854	0.0107753	FalseGround	Unlabelled	SPOkGoodGood	Alarm(_G_-ENTRY,dump_hppa_unwind-201601)
855	0.0107753	FalseGround	Unlabelled	SPOkGoodGood	Alarm(_G_-ENTRY,dump_hppa_unwind-201602)
856	0.0107753	FalseGround	Unlabelled	SPOkGoodGood	Alarm(_G_-ENTRY,dump_hppa_unwind-201603)
857	0.0107753	FalseGround	Unlabelled	SPOkGoodGood	Alarm(_G_-ENTRY,dump_hppa_unwind-201604)
858	0.0107753	FalseGround	Unlabelled	SPOkGoodGood	Alarm(_G_-ENTRY,dump_hppa_unwind-201605)
859	0.0107753	FalseGround	Unlabelled	SPOkGoodGood	Alarm(_G_-ENTRY,dump_hppa_unwind-201606)
860	0.0107753	FalseGround	Unlabelled	SPOkGoodGood	Alarm(_G_-ENTRY,dump_hppa_unwind-201607)
861	0.0107753	FalseGround	Unlabelled	SPOkGoodGood	Alarm(_G_-ENTRY,dump_hppa_unwind-201608)
862	0.0107753	FalseGround	Unlabelled	SPOkGoodGood	Alarm(_G_-ENTRY,dump_hppa_unwind-201609)
863	0.0107753	FalseGround	Unlabelled	SPOkGoodGood	Alarm(_G_-ENTRY,dump_hppa_unwind-201610)
864	0.0107753	FalseGround	Unlabelled	SPOkGoodGood	Alarm(_G_-ENTRY,dump_hppa_unwind-201611)
865	0.0107753	FalseGround	Unlabelled	SPOkGoodGood	Alarm(_G_-ENTRY,dump_hppa_unwind-201612)
866	0.0107753	FalseGround	Unlabelled	SPOkGoodGood	Alarm(_G_-ENTRY,dump_hppa_unwind-201613)
867	0.0107753	FalseGround	Unlabelled	SPOkGoodGood	Alarm(_G_-ENTRY,dump_hppa_unwind-201614)
868	0.0107753	FalseGround	Unlabelled	SPOkGoodGood	Alarm(_G_-ENTRY,dump_hppa_unwind-201615)
869	0.0107753	FalseGround	Unlabelled	SPOkGoodGood	Alarm(_G_-ENTRY,dump_hppa_unwind-201616)
870	0.0107753	FalseGround	Unlabelled	SPOkGoodGood	Alarm(_G_-ENTRY,dump_hppa_unwind-201617)
871	0.0107753	FalseGround	Unlabelled	SPOkGoodGood	Alarm(_G_-ENTRY,dump_hppa_unwind-201618)
872	0.0107753	FalseGround	Unlabelled	SPOkGoodGood	Alarm(_G_-ENTRY,dump_hppa_unwind-201619)
873	0.0107753	FalseGround	Unlabelled	SPOkGoodGood	Alarm(_G_-ENTRY,dump_hppa_unwind-201620)
874	0.0107753	FalseGround	Unlabelled	SPOkGoodGood	Alarm(_G_-ENTRY,dump_hppa_unwind-201621)
875	0.0107753	FalseGround	Unlabelled	SPOkGoodGood	Alarm(_G_-ENTRY,dump_hppa_unwind-201622)
876	0.0107753	FalseGround	Unlabelled	SPOkGoodGood	Alarm(_G_-ENTRY,dump_hppa_unwind-201623)
877	0.0107753	FalseGround	Unlabelled	SPOkGoodGood	Alarm(_G_-ENTRY,dump_hppa_unwind-201624)
878	0.0107753	FalseGround	Unlabelled	SPOkGoodGood	Alarm(_G_-ENTRY,dump_hppa_unwind-201625)
879	0.0107753	FalseGround	Unlabelled	SPOkGoodGood	Alarm(_G_-ENTRY,dump_hppa_unwind-201626)
880	0.0107753	FalseGround	Unlabelled	SPOkGoodGood	Alarm(_G_-ENTRY,dump_hppa_unwind-201627)
881	0.00636269	FalseGround	Unlabelled	SPOkGoodGood	Alarm(_G_-ENTRY,unw_print_frmask-176917)
882	0.00304325	FalseGround	Unlabelled	SPOkGoodGood	Alarm(_G_-ENTRY,ada_demangle-156400)
