Redirecting stdout to file: /data/tcli/neuro/pjbench/weblech-0.0.3/./chord_output_bytecode-count-total/log.txt
Redirecting stderr to file: /data/tcli/neuro/pjbench/weblech-0.0.3/./chord_output_bytecode-count-total/log.txt
Redirecting stdout to file: /data/tcli/neuro/pjbench/weblech-0.0.3/./chord_output_bytecode-count-total/log.txt
Redirecting stderr to file: /data/tcli/neuro/pjbench/weblech-0.0.3/./chord_output_bytecode-count-total/log.txt
Redirecting stdout to file: /data/tcli/neuro/pjbench/weblech-0.0.3/./chord_output_bytecode-count-total/log.txt
Redirecting stderr to file: /data/tcli/neuro/pjbench/weblech-0.0.3/./chord_output_bytecode-count-total/log.txt
Redirecting stdout to file: /data/tcli/neuro/pjbench/weblech-0.0.3/./chord_output_bytecode-count-total/log.txt
Redirecting stderr to file: /data/tcli/neuro/pjbench/weblech-0.0.3/./chord_output_bytecode-count-total/log.txt
Redirecting stdout to file: /data/tcli/neuro/pjbench/weblech-0.0.3/./chord_output_bytecode-count-total/log.txt
Redirecting stderr to file: /data/tcli/neuro/pjbench/weblech-0.0.3/./chord_output_bytecode-count-total/log.txt
Redirecting stdout to file: /data/tcli/neuro/pjbench/weblech-0.0.3/./chord_output_bytecode-count-total/log.txt
Redirecting stderr to file: /data/tcli/neuro/pjbench/weblech-0.0.3/./chord_output_bytecode-count-total/log.txt
Redirecting stdout to file: /data/tcli/neuro/pjbench/weblech-0.0.3/./chord_output_bytecode-count-total/log.txt
Redirecting stderr to file: /data/tcli/neuro/pjbench/weblech-0.0.3/./chord_output_bytecode-count-total/log.txt
Redirecting stdout to file: /data/tcli/neuro/pjbench/weblech-0.0.3/./chord_output_bytecode-count-total/log.txt
Redirecting stderr to file: /data/tcli/neuro/pjbench/weblech-0.0.3/./chord_output_bytecode-count-total/log.txt
Redirecting stdout to file: /data/tcli/neuro/pjbench/weblech-0.0.3/./chord_output_bytecode-count-total/log.txt
Redirecting stderr to file: /data/tcli/neuro/pjbench/weblech-0.0.3/./chord_output_bytecode-count-total/log.txt
Redirecting stdout to file: /data/tcli/neuro/pjbench/weblech-0.0.3/./chord_output_bytecode-count-total/log.txt
Redirecting stderr to file: /data/tcli/neuro/pjbench/weblech-0.0.3/./chord_output_bytecode-count-total/log.txt
Redirecting stdout to file: /data/tcli/neuro/pjbench/weblech-0.0.3/./chord_output_bytecode-count-total/log.txt
Redirecting stderr to file: /data/tcli/neuro/pjbench/weblech-0.0.3/./chord_output_bytecode-count-total/log.txt
Redirecting stdout to file: /data/tcli/neuro/pjbench/java_grande/montecarlo/./chord_output_bytecode-count-total/log.txt
Redirecting stderr to file: /data/tcli/neuro/pjbench/java_grande/montecarlo/./chord_output_bytecode-count-total/log.txt
Redirecting stdout to file: /data/tcli/neuro/pjbench/java_grande/montecarlo/./chord_output_bytecode-count-total/log.txt
Redirecting stderr to file: /data/tcli/neuro/pjbench/java_grande/montecarlo/./chord_output_bytecode-count-total/log.txt
Redirecting stdout to file: /data/tcli/neuro/pjbench/java_grande/montecarlo/./chord_output_bytecode-count-total/log.txt
Redirecting stderr to file: /data/tcli/neuro/pjbench/java_grande/montecarlo/./chord_output_bytecode-count-total/log.txt
Redirecting stdout to file: /data/tcli/neuro/pjbench/java_grande/montecarlo/./chord_output_bytecode-count-total/log.txt
Redirecting stderr to file: /data/tcli/neuro/pjbench/java_grande/montecarlo/./chord_output_bytecode-count-total/log.txt
Redirecting stdout to file: /data/tcli/neuro/pjbench/java_grande/montecarlo/./chord_output_bytecode-count-total/log.txt
Redirecting stderr to file: /data/tcli/neuro/pjbench/java_grande/montecarlo/./chord_output_bytecode-count-total/log.txt
Redirecting stdout to file: /data/tcli/neuro/pjbench/weblech-0.0.3/./chord_output_bytecode-count-total/log.txt
Redirecting stderr to file: /data/tcli/neuro/pjbench/weblech-0.0.3/./chord_output_bytecode-count-total/log.txt
Redirecting stdout to file: /data/tcli/neuro/pjbench/java_grande/montecarlo/./chord_output_bytecode-count-total/log.txt
Redirecting stderr to file: /data/tcli/neuro/pjbench/java_grande/montecarlo/./chord_output_bytecode-count-total/log.txt
Redirecting stdout to file: /data/tcli/neuro/pjbench/java_grande/moldyn/./chord_output_bytecode-count-total/log.txt
Redirecting stderr to file: /data/tcli/neuro/pjbench/java_grande/moldyn/./chord_output_bytecode-count-total/log.txt
Redirecting stdout to file: /data/tcli/neuro/pjbench/java_grande/montecarlo/./chord_output_bytecode-count-total/log.txt
Redirecting stderr to file: /data/tcli/neuro/pjbench/java_grande/montecarlo/./chord_output_bytecode-count-total/log.txt
Redirecting stdout to file: /data/tcli/neuro/pjbench/weblech-0.0.3/./chord_output_bytecode-count-total/log.txt
Redirecting stderr to file: /data/tcli/neuro/pjbench/weblech-0.0.3/./chord_output_bytecode-count-total/log.txt
Redirecting stdout to file: /data/tcli/neuro/pjbench/ashesJSuite/benchmarks/toba-s/./chord_output_bytecode-count-total/log.txt
Redirecting stderr to file: /data/tcli/neuro/pjbench/ashesJSuite/benchmarks/toba-s/./chord_output_bytecode-count-total/log.txt
Redirecting stdout to file: /data/tcli/neuro/pjbench/hedc/./chord_output_bytecode-count-total/log.txt
Redirecting stderr to file: /data/tcli/neuro/pjbench/hedc/./chord_output_bytecode-count-total/log.txt
Redirecting stdout to file: /data/tcli/neuro/pjbench/ashesJSuite/benchmarks/javasrc-p/./chord_output_bytecode-count-total/log.txt
Redirecting stderr to file: /data/tcli/neuro/pjbench/ashesJSuite/benchmarks/javasrc-p/./chord_output_bytecode-count-total/log.txt
Redirecting stdout to file: /data/tcli/neuro/pjbench/ftp/./chord_output_bytecode-count-total/log.txt
Redirecting stderr to file: /data/tcli/neuro/pjbench/ftp/./chord_output_bytecode-count-total/log.txt
Redirecting stdout to file: /data/tcli/neuro/pjbench/java_grande/moldyn/./chord_output_bytecode-count-app/log.txt
Redirecting stderr to file: /data/tcli/neuro/pjbench/java_grande/moldyn/./chord_output_bytecode-count-app/log.txt
Redirecting stdout to file: /data/tcli/neuro/pjbench/java_grande/montecarlo/./chord_output_bytecode-count-app/log.txt
Redirecting stderr to file: /data/tcli/neuro/pjbench/java_grande/montecarlo/./chord_output_bytecode-count-app/log.txt
Redirecting stdout to file: /data/tcli/neuro/pjbench/hedc/./chord_output_bytecode-count-app/log.txt
Redirecting stderr to file: /data/tcli/neuro/pjbench/hedc/./chord_output_bytecode-count-app/log.txt
Redirecting stdout to file: /data/tcli/neuro/pjbench/weblech-0.0.3/./chord_output_bytecode-count-app/log.txt
Redirecting stderr to file: /data/tcli/neuro/pjbench/weblech-0.0.3/./chord_output_bytecode-count-app/log.txt
Redirecting stdout to file: /data/tcli/neuro/pjbench/ashesJSuite/benchmarks/javasrc-p/./chord_output_bytecode-count-app/log.txt
Redirecting stderr to file: /data/tcli/neuro/pjbench/ashesJSuite/benchmarks/javasrc-p/./chord_output_bytecode-count-app/log.txt
Redirecting stdout to file: /data/tcli/neuro/pjbench/ftp/./chord_output_bytecode-count-app/log.txt
Redirecting stderr to file: /data/tcli/neuro/pjbench/ftp/./chord_output_bytecode-count-app/log.txt
Redirecting stdout to file: /data/tcli/neuro/pjbench/ashesJSuite/benchmarks/toba-s/./chord_output_bytecode-count-app/log.txt
Redirecting stderr to file: /data/tcli/neuro/pjbench/ashesJSuite/benchmarks/toba-s/./chord_output_bytecode-count-app/log.txt
