Rank	Confidence	Ground	Label	Comments	Tuple
1	0.887557	FalseGround	Unlabelled	SPOkGoodGood	Alarm(_G_-ENTRY,_getopt_internal_r-36282)
2	0.847498	FalseGround	Unlabelled	SPOkGoodGood	Alarm(_G_-ENTRY,main-43786)
3	0.843664	FalseGround	Unlabelled	SPOkGoodGood	Alarm(_G_-ENTRY,_getopt_internal_r-36107)
4	0.843664	FalseGround	Unlabelled	SPOkGoodGood	Alarm(_G_-ENTRY,_getopt_internal_r-36108)
5	0.839876	FalseGround	Unlabelled	SPOkGoodGood	Alarm(_G_-ENTRY,main-43787)
6	0.830193	FalseGround	Unlabelled	SPOkGoodGood	Alarm(_G_-ENTRY,_getopt_internal_r-36117)
7	0.830193	FalseGround	Unlabelled	SPOkGoodGood	Alarm(_G_-ENTRY,_getopt_internal_r-36118)
8	0.830193	FalseGround	Unlabelled	SPOkGoodGood	Alarm(_G_-ENTRY,_getopt_internal_r-36119)
9	0.830193	FalseGround	Unlabelled	SPOkGoodGood	Alarm(_G_-ENTRY,_getopt_internal_r-36120)
10	0.830193	FalseGround	Unlabelled	SPOkGoodGood	Alarm(_G_-ENTRY,_getopt_internal_r-36121)
11	0.830193	FalseGround	Unlabelled	SPOkGoodGood	Alarm(_G_-ENTRY,_getopt_internal_r-36122)
12	0.817591	FalseGround	Unlabelled	SPOkGoodGood	Alarm(_G_-ENTRY,tree_output-42823)
13	0.817591	FalseGround	Unlabelled	SPOkGoodGood	Alarm(_G_-ENTRY,tree_output-42830)
14	0.793732	FalseGround	Unlabelled	SPOkGoodGood	Alarm(_G_-ENTRY,collect_processor-40779)
15	0.782552	FalseGround	Unlabelled	SPOkGoodGood	Alarm(_G_-ENTRY,_getopt_internal_r-33262)
16	0.782552	FalseGround	Unlabelled	SPOkGoodGood	Alarm(_G_-ENTRY,_getopt_internal_r-36294)
17	0.782552	FalseGround	Unlabelled	SPOkGoodGood	Alarm(_G_-ENTRY,_getopt_internal_r-36135)
18	0.782552	FalseGround	Unlabelled	SPOkGoodGood	Alarm(_G_-ENTRY,_getopt_internal_r-36136)
19	0.782552	FalseGround	Unlabelled	SPOkGoodGood	Alarm(_G_-ENTRY,_getopt_internal_r-36137)
20	0.782552	FalseGround	Unlabelled	SPOkGoodGood	Alarm(_G_-ENTRY,_getopt_internal_r-36138)
21	0.782552	FalseGround	Unlabelled	SPOkGoodGood	Alarm(_G_-ENTRY,_getopt_internal_r-36143)
22	0.782552	FalseGround	Unlabelled	SPOkGoodGood	Alarm(_G_-ENTRY,_getopt_internal_r-36144)
23	0.782552	FalseGround	Unlabelled	SPOkGoodGood	Alarm(_G_-ENTRY,_getopt_internal_r-36153)
24	0.782552	FalseGround	Unlabelled	SPOkGoodGood	Alarm(_G_-ENTRY,_getopt_internal_r-36154)
25	0.776889	FalseGround	Unlabelled	SPOkGoodGood	Alarm(_G_-ENTRY,clear_active-42622)
26	0.775805	FalseGround	Unlabelled	SPOkGoodGood	Alarm(_G_-ENTRY,set_level_indent-43114)
27	0.775805	FalseGround	Unlabelled	SPOkGoodGood	Alarm(_G_-ENTRY,set_level_indent-43115)
28	0.775805	FalseGround	Unlabelled	SPOkGoodGood	Alarm(_G_-ENTRY,set_level_indent-43116)
29	0.775805	FalseGround	Unlabelled	SPOkGoodGood	Alarm(_G_-ENTRY,set_level_indent-43117)
30	0.774929	FalseGround	Unlabelled	SPOkGoodGood	Alarm(_G_-ENTRY,collect_functions-40828)
31	0.764936	FalseGround	Unlabelled	SPOkGoodGood	Alarm(_G_-ENTRY,set_active-42665)
32	0.750295	FalseGround	Unlabelled	SPOkGoodGood	Alarm(_G_-ENTRY,direct_tree-42701)
33	0.750295	FalseGround	Unlabelled	SPOkGoodGood	Alarm(_G_-ENTRY,direct_tree-42681)
34	0.750295	FalseGround	Unlabelled	SPOkGoodGood	Alarm(_G_-ENTRY,direct_tree-42682)
35	0.750295	FalseGround	Unlabelled	SPOkGoodGood	Alarm(_G_-ENTRY,direct_tree-42691)
36	0.750295	FalseGround	Unlabelled	SPOkGoodGood	Alarm(_G_-ENTRY,direct_tree-42692)
37	0.750295	FalseGround	Unlabelled	SPOkGoodGood	Alarm(_G_-ENTRY,direct_tree-42693)
38	0.750295	FalseGround	Unlabelled	SPOkGoodGood	Alarm(_G_-ENTRY,direct_tree-42694)
39	0.742863	FalseGround	Unlabelled	SPOkGoodGood	Alarm(_G_-ENTRY,_getopt_internal_r-36349)
40	0.742863	FalseGround	Unlabelled	SPOkGoodGood	Alarm(_G_-ENTRY,_getopt_internal_r-36357)
41	0.742863	FalseGround	Unlabelled	SPOkGoodGood	Alarm(_G_-ENTRY,_getopt_internal_r-36363)
42	0.735832	FalseGround	Unlabelled	SPOkGoodGood	Alarm(_G_-ENTRY,group_parse-36714)
43	0.735832	FalseGround	Unlabelled	SPOkGoodGood	Alarm(_G_-ENTRY,group_parse-36715)
44	0.735832	FalseGround	Unlabelled	SPOkGoodGood	Alarm(_G_-ENTRY,group_parse-36716)
45	0.735832	FalseGround	Unlabelled	SPOkGoodGood	Alarm(_G_-ENTRY,group_parse-36717)
46	0.735832	FalseGround	Unlabelled	SPOkGoodGood	Alarm(_G_-ENTRY,group_parse-36718)
47	0.735832	FalseGround	Unlabelled	SPOkGoodGood	Alarm(_G_-ENTRY,group_parse-36719)
48	0.735832	FalseGround	Unlabelled	SPOkGoodGood	Alarm(_G_-ENTRY,hash_do_for_each-35561)
49	0.735832	FalseGround	Unlabelled	SPOkGoodGood	Alarm(_G_-ENTRY,hash_do_for_each-35563)
50	0.735832	FalseGround	Unlabelled	SPOkGoodGood	Alarm(_G_-ENTRY,group_parse-36712)
51	0.735832	FalseGround	Unlabelled	SPOkGoodGood	Alarm(_G_-ENTRY,group_parse-36713)
52	0.735832	FalseGround	Unlabelled	SPOkGoodGood	Alarm(_G_-ENTRY,hash_do_for_each-35552)
53	0.735832	FalseGround	Unlabelled	SPOkGoodGood	Alarm(_G_-ENTRY,hash_do_for_each-35553)
54	0.729	FalseGround	Unlabelled	SPOkGoodGood	Alarm(_G_-ENTRY,parser_convert-36827)
55	0.729	FalseGround	Unlabelled	SPOkGoodGood	Alarm(_G_-ENTRY,parser_convert-36828)
56	0.722854	FalseGround	Unlabelled	SPOkGoodGood	Alarm(_G_-ENTRY,include_symbol-43719)
57	0.722854	FalseGround	Unlabelled	SPOkGoodGood	Alarm(_G_-ENTRY,include_symbol-43720)
58	0.722854	FalseGround	Unlabelled	SPOkGoodGood	Alarm(_G_-ENTRY,include_symbol-43721)
59	0.722854	FalseGround	Unlabelled	SPOkGoodGood	Alarm(_G_-ENTRY,include_symbol-43722)
60	0.722854	FalseGround	Unlabelled	SPOkGoodGood	Alarm(_G_-ENTRY,include_symbol-43725)
61	0.722854	FalseGround	Unlabelled	SPOkGoodGood	Alarm(_G_-ENTRY,include_symbol-43726)
62	0.722854	FalseGround	Unlabelled	SPOkGoodGood	Alarm(_G_-ENTRY,include_symbol-43727)
63	0.722854	FalseGround	Unlabelled	SPOkGoodGood	Alarm(_G_-ENTRY,include_symbol-43728)
64	0.722854	FalseGround	Unlabelled	SPOkGoodGood	Alarm(_G_-ENTRY,include_symbol-43729)
65	0.722854	FalseGround	Unlabelled	SPOkGoodGood	Alarm(_G_-ENTRY,include_symbol-43730)
66	0.722854	FalseGround	Unlabelled	SPOkGoodGood	Alarm(_G_-ENTRY,include_symbol-43731)
67	0.722854	FalseGround	Unlabelled	SPOkGoodGood	Alarm(_G_-ENTRY,include_symbol-43732)
68	0.722854	FalseGround	Unlabelled	SPOkGoodGood	Alarm(_G_-ENTRY,include_symbol-43733)
69	0.722854	FalseGround	Unlabelled	SPOkGoodGood	Alarm(_G_-ENTRY,include_symbol-43734)
70	0.722854	FalseGround	Unlabelled	SPOkGoodGood	Alarm(_G_-ENTRY,include_symbol-43735)
71	0.722854	FalseGround	Unlabelled	SPOkGoodGood	Alarm(_G_-ENTRY,include_symbol-43736)
72	0.722854	FalseGround	Unlabelled	SPOkGoodGood	Alarm(_G_-ENTRY,include_symbol-43737)
73	0.722854	FalseGround	Unlabelled	SPOkGoodGood	Alarm(_G_-ENTRY,include_symbol-43738)
74	0.722854	FalseGround	Unlabelled	SPOkGoodGood	Alarm(_G_-ENTRY,include_symbol-43739)
75	0.722854	FalseGround	Unlabelled	SPOkGoodGood	Alarm(_G_-ENTRY,include_symbol-43740)
76	0.720341	FalseGround	Unlabelled	SPOkGoodGood	Alarm(_G_-ENTRY,transfer_entries-35784)
77	0.720341	FalseGround	Unlabelled	SPOkGoodGood	Alarm(_G_-ENTRY,transfer_entries-35794)
78	0.720341	FalseGround	Unlabelled	SPOkGoodGood	Alarm(_G_-ENTRY,transfer_entries-35795)
79	0.720341	FalseGround	Unlabelled	SPOkGoodGood	Alarm(_G_-ENTRY,transfer_entries-35769)
80	0.720341	FalseGround	Unlabelled	SPOkGoodGood	Alarm(_G_-ENTRY,transfer_entries-35770)
81	0.718921	FalseGround	Unlabelled	SPOkGoodGood	Alarm(_G_-ENTRY,_getopt_internal_r-36283)
82	0.718921	FalseGround	Unlabelled	SPOkGoodGood	Alarm(_G_-ENTRY,_getopt_internal_r-36293)
83	0.718921	FalseGround	Unlabelled	SPOkGoodGood	Alarm(_G_-ENTRY,_getopt_internal_r-36352)
84	0.718921	FalseGround	Unlabelled	SPOkGoodGood	Alarm(_G_-ENTRY,_getopt_internal_r-36454)
85	0.718921	FalseGround	Unlabelled	SPOkGoodGood	Alarm(_G_-ENTRY,_getopt_internal_r-36101)
86	0.718921	FalseGround	Unlabelled	SPOkGoodGood	Alarm(_G_-ENTRY,_getopt_internal_r-36102)
87	0.718921	FalseGround	Unlabelled	SPOkGoodGood	Alarm(_G_-ENTRY,_getopt_internal_r-36167)
88	0.718921	FalseGround	Unlabelled	SPOkGoodGood	Alarm(_G_-ENTRY,_getopt_internal_r-36168)
89	0.714871	FalseGround	Unlabelled	SPOkGoodGood	Alarm(_G_-ENTRY,parser_parse_arg-37073)
90	0.697436	FalseGround	Unlabelled	SPOkGoodGood	Alarm(_G_-ENTRY,register_output-42564)
91	0.697436	FalseGround	Unlabelled	SPOkGoodGood	Alarm(_G_-ENTRY,register_output-42565)
92	0.697436	FalseGround	Unlabelled	SPOkGoodGood	Alarm(_G_-ENTRY,register_output-42566)
93	0.681025	FalseGround	Unlabelled	SPOkGoodGood	Alarm(_G_-ENTRY,restore-41334)
94	0.662249	FalseGround	Unlabelled	SPOkGoodGood	Alarm(_G_-ENTRY,inverted_tree-42739)
95	0.662249	FalseGround	Unlabelled	SPOkGoodGood	Alarm(_G_-ENTRY,inverted_tree-42719)
96	0.662249	FalseGround	Unlabelled	SPOkGoodGood	Alarm(_G_-ENTRY,inverted_tree-42720)
97	0.662249	FalseGround	Unlabelled	SPOkGoodGood	Alarm(_G_-ENTRY,inverted_tree-42729)
98	0.662249	FalseGround	Unlabelled	SPOkGoodGood	Alarm(_G_-ENTRY,inverted_tree-42730)
99	0.662249	FalseGround	Unlabelled	SPOkGoodGood	Alarm(_G_-ENTRY,inverted_tree-42731)
100	0.662249	FalseGround	Unlabelled	SPOkGoodGood	Alarm(_G_-ENTRY,inverted_tree-42732)
101	0.656434	FalseGround	Unlabelled	SPOkGoodGood	Alarm(_G_-ENTRY,parse_level_string-43015)
102	0.656434	FalseGround	Unlabelled	SPOkGoodGood	Alarm(_G_-ENTRY,parse_level_string-43016)
103	0.656434	FalseGround	Unlabelled	SPOkGoodGood	Alarm(_G_-ENTRY,parse_level_string-43017)
104	0.656434	FalseGround	Unlabelled	SPOkGoodGood	Alarm(_G_-ENTRY,parse_level_string-43018)
105	0.656434	FalseGround	Unlabelled	SPOkGoodGood	Alarm(_G_-ENTRY,parse_level_string-43019)
106	0.656434	FalseGround	Unlabelled	SPOkGoodGood	Alarm(_G_-ENTRY,parse_level_string-43020)
107	0.656434	FalseGround	Unlabelled	SPOkGoodGood	Alarm(_G_-ENTRY,parse_level_string-43021)
108	0.656434	FalseGround	Unlabelled	SPOkGoodGood	Alarm(_G_-ENTRY,parse_level_string-43022)
109	0.656434	FalseGround	Unlabelled	SPOkGoodGood	Alarm(_G_-ENTRY,parse_level_string-43023)
110	0.656434	FalseGround	Unlabelled	SPOkGoodGood	Alarm(_G_-ENTRY,parse_level_string-43024)
111	0.656434	FalseGround	Unlabelled	SPOkGoodGood	Alarm(_G_-ENTRY,parse_level_string-43025)
112	0.656434	FalseGround	Unlabelled	SPOkGoodGood	Alarm(_G_-ENTRY,parse_level_string-43026)
113	0.656434	FalseGround	Unlabelled	SPOkGoodGood	Alarm(_G_-ENTRY,parse_level_string-43027)
114	0.656434	FalseGround	Unlabelled	SPOkGoodGood	Alarm(_G_-ENTRY,parse_level_string-43028)
115	0.656434	FalseGround	Unlabelled	SPOkGoodGood	Alarm(_G_-ENTRY,parse_level_string-43029)
116	0.656434	FalseGround	Unlabelled	SPOkGoodGood	Alarm(_G_-ENTRY,parse_level_string-43030)
117	0.656434	FalseGround	Unlabelled	SPOkGoodGood	Alarm(_G_-ENTRY,parse_level_string-43031)
118	0.656434	FalseGround	Unlabelled	SPOkGoodGood	Alarm(_G_-ENTRY,parse_level_string-43032)
119	0.656434	FalseGround	Unlabelled	SPOkGoodGood	Alarm(_G_-ENTRY,parse_level_string-43033)
120	0.656434	FalseGround	Unlabelled	SPOkGoodGood	Alarm(_G_-ENTRY,parse_level_string-43034)
121	0.6561	FalseGround	Unlabelled	SPOkGoodGood	Alarm(_G_-ENTRY,set_level_mark-42540)
122	0.6561	FalseGround	Unlabelled	SPOkGoodGood	Alarm(_G_-ENTRY,tree_output-42785)
123	0.6561	FalseGround	Unlabelled	SPOkGoodGood	Alarm(_G_-ENTRY,tree_output-42809)
124	0.6561	FalseGround	Unlabelled	SPOkGoodGood	Alarm(_G_-ENTRY,tree_output-42815)
125	0.6561	FalseGround	Unlabelled	SPOkGoodGood	Alarm(_G_-ENTRY,unlink_symbol-40707)
126	0.65351	FalseGround	Unlabelled	SPOkGoodGood	Alarm(_G_-ENTRY,_getopt_internal_r-36183)
127	0.65351	FalseGround	Unlabelled	SPOkGoodGood	Alarm(_G_-ENTRY,_getopt_internal_r-36184)
128	0.647029	FalseGround	Unlabelled	SPOkGoodGood	Alarm(_G_-ENTRY,_getopt_internal_r-36374)
129	0.647029	FalseGround	Unlabelled	SPOkGoodGood	Alarm(_G_-ENTRY,_getopt_internal_r-36103)
130	0.647029	FalseGround	Unlabelled	SPOkGoodGood	Alarm(_G_-ENTRY,_getopt_internal_r-36104)
131	0.647029	FalseGround	Unlabelled	SPOkGoodGood	Alarm(_G_-ENTRY,_getopt_internal_r-36105)
132	0.647029	FalseGround	Unlabelled	SPOkGoodGood	Alarm(_G_-ENTRY,_getopt_internal_r-36106)
133	0.647029	FalseGround	Unlabelled	SPOkGoodGood	Alarm(_G_-ENTRY,_getopt_internal_r-36171)
134	0.647029	FalseGround	Unlabelled	SPOkGoodGood	Alarm(_G_-ENTRY,_getopt_internal_r-36172)
135	0.647029	FalseGround	Unlabelled	SPOkGoodGood	Alarm(_G_-ENTRY,_getopt_internal_r-36247)
136	0.647029	FalseGround	Unlabelled	SPOkGoodGood	Alarm(_G_-ENTRY,_getopt_internal_r-36248)
137	0.643771	FalseGround	Unlabelled	SPOkGoodGood	Alarm(_G_-ENTRY,cleanup_stack-41401)
138	0.636386	FalseGround	Unlabelled	SPOkGoodGood	Alarm(_G_-ENTRY,_getopt_internal_r-36181)
139	0.636386	FalseGround	Unlabelled	SPOkGoodGood	Alarm(_G_-ENTRY,_getopt_internal_r-36182)
140	0.624556	FalseGround	Unlabelled	SPOkGoodGood	Alarm(_G_-ENTRY,_getopt_internal_r-36269)
141	0.624556	FalseGround	Unlabelled	SPOkGoodGood	Alarm(_G_-ENTRY,_getopt_internal_r-36278)
142	0.624556	FalseGround	Unlabelled	SPOkGoodGood	Alarm(_G_-ENTRY,_getopt_internal_r-36047)
143	0.624556	FalseGround	Unlabelled	SPOkGoodGood	Alarm(_G_-ENTRY,_getopt_internal_r-36048)
144	0.624556	FalseGround	Unlabelled	SPOkGoodGood	Alarm(_G_-ENTRY,_getopt_internal_r-36049)
145	0.624556	FalseGround	Unlabelled	SPOkGoodGood	Alarm(_G_-ENTRY,_getopt_internal_r-36050)
146	0.624556	FalseGround	Unlabelled	SPOkGoodGood	Alarm(_G_-ENTRY,_getopt_internal_r-36095)
147	0.624556	FalseGround	Unlabelled	SPOkGoodGood	Alarm(_G_-ENTRY,_getopt_internal_r-36096)
148	0.624556	FalseGround	Unlabelled	SPOkGoodGood	Alarm(_G_-ENTRY,_getopt_internal_r-36097)
149	0.624556	FalseGround	Unlabelled	SPOkGoodGood	Alarm(_G_-ENTRY,_getopt_internal_r-36098)
150	0.596024	FalseGround	Unlabelled	SPOkGoodGood	Alarm(_G_-ENTRY,parse_opt-43553)
151	0.596024	FalseGround	Unlabelled	SPOkGoodGood	Alarm(_G_-ENTRY,parse_opt-43554)
152	0.59049	FalseGround	Unlabelled	SPOkGoodGood	Alarm(_G_-ENTRY,convert_options-36764)
153	0.59049	FalseGround	Unlabelled	SPOkGoodGood	Alarm(_G_-ENTRY,convert_options-36771)
154	0.59049	FalseGround	Unlabelled	SPOkGoodGood	Alarm(_G_-ENTRY,convert_options-36772)
155	0.59049	FalseGround	Unlabelled	SPOkGoodGood	Alarm(_G_-ENTRY,convert_options-36773)
156	0.59049	FalseGround	Unlabelled	SPOkGoodGood	Alarm(_G_-ENTRY,convert_options-36778)
157	0.59049	FalseGround	Unlabelled	SPOkGoodGood	Alarm(_G_-ENTRY,convert_options-36779)
158	0.59049	FalseGround	Unlabelled	SPOkGoodGood	Alarm(_G_-ENTRY,convert_options-36780)
159	0.59049	FalseGround	Unlabelled	SPOkGoodGood	Alarm(_G_-ENTRY,convert_options-36781)
160	0.59049	FalseGround	Unlabelled	SPOkGoodGood	Alarm(_G_-ENTRY,convert_options-36782)
161	0.59049	FalseGround	Unlabelled	SPOkGoodGood	Alarm(_G_-ENTRY,convert_options-36785)
162	0.59049	FalseGround	Unlabelled	SPOkGoodGood	Alarm(_G_-ENTRY,convert_options-36786)
163	0.59049	FalseGround	Unlabelled	SPOkGoodGood	Alarm(_G_-ENTRY,convert_options-36787)
164	0.59049	FalseGround	Unlabelled	SPOkGoodGood	Alarm(_G_-ENTRY,convert_options-36788)
165	0.59049	FalseGround	Unlabelled	SPOkGoodGood	Alarm(_G_-ENTRY,convert_options-36789)
166	0.59049	FalseGround	Unlabelled	SPOkGoodGood	Alarm(_G_-ENTRY,convert_options-36790)
167	0.59049	FalseGround	Unlabelled	SPOkGoodGood	Alarm(_G_-ENTRY,convert_options-36791)
168	0.59049	FalseGround	Unlabelled	SPOkGoodGood	Alarm(_G_-ENTRY,convert_options-36792)
169	0.59049	FalseGround	Unlabelled	SPOkGoodGood	Alarm(_G_-ENTRY,convert_options-36793)
170	0.59049	FalseGround	Unlabelled	SPOkGoodGood	Alarm(_G_-ENTRY,move_parms-40863)
171	0.59049	FalseGround	Unlabelled	SPOkGoodGood	Alarm(_G_-ENTRY,move_parms-40864)
172	0.59049	TrueGround	Unlabelled	SPOkGoodGood	Alarm(_G_-ENTRY,nexttoken-41413)
173	0.59049	FalseGround	Unlabelled	SPOkGoodGood	Alarm(_G_-ENTRY,parser_parse_next-37170)
174	0.59049	FalseGround	Unlabelled	SPOkGoodGood	Alarm(_G_-ENTRY,putback-41431)
175	0.59049	FalseGround	Unlabelled	SPOkGoodGood	Alarm(_G_-ENTRY,tokins-41363)
176	0.59049	FalseGround	Unlabelled	SPOkGoodGood	Alarm(_G_-ENTRY,tokins-41364)
177	0.59049	FalseGround	Unlabelled	SPOkGoodGood	Alarm(_G_-ENTRY,tokins-41365)
178	0.59049	FalseGround	Unlabelled	SPOkGoodGood	Alarm(_G_-ENTRY,tokins-41366)
179	0.59049	FalseGround	Unlabelled	SPOkGoodGood	Alarm(_G_-ENTRY,transfer_entries-35810)
180	0.59049	FalseGround	Unlabelled	SPOkGoodGood	Alarm(_G_-ENTRY,wordsplit_finish-39629)
181	0.59049	FalseGround	Unlabelled	SPOkGoodGood	Alarm(_G_-ENTRY,convert_options-36727)
182	0.59049	FalseGround	Unlabelled	SPOkGoodGood	Alarm(_G_-ENTRY,convert_options-36728)
183	0.59049	FalseGround	Unlabelled	SPOkGoodGood	Alarm(_G_-ENTRY,convert_options-36729)
184	0.59049	FalseGround	Unlabelled	SPOkGoodGood	Alarm(_G_-ENTRY,convert_options-36730)
185	0.59049	FalseGround	Unlabelled	SPOkGoodGood	Alarm(_G_-ENTRY,convert_options-36733)
186	0.59049	FalseGround	Unlabelled	SPOkGoodGood	Alarm(_G_-ENTRY,convert_options-36734)
187	0.59049	FalseGround	Unlabelled	SPOkGoodGood	Alarm(_G_-ENTRY,convert_options-36735)
188	0.59049	FalseGround	Unlabelled	SPOkGoodGood	Alarm(_G_-ENTRY,convert_options-36736)
189	0.59049	FalseGround	Unlabelled	SPOkGoodGood	Alarm(_G_-ENTRY,convert_options-36737)
190	0.59049	FalseGround	Unlabelled	SPOkGoodGood	Alarm(_G_-ENTRY,convert_options-36738)
191	0.59049	FalseGround	Unlabelled	SPOkGoodGood	Alarm(_G_-ENTRY,convert_options-36741)
192	0.59049	FalseGround	Unlabelled	SPOkGoodGood	Alarm(_G_-ENTRY,convert_options-36742)
193	0.59049	FalseGround	Unlabelled	SPOkGoodGood	Alarm(_G_-ENTRY,convert_options-36743)
194	0.59049	FalseGround	Unlabelled	SPOkGoodGood	Alarm(_G_-ENTRY,convert_options-36744)
195	0.59049	FalseGround	Unlabelled	SPOkGoodGood	Alarm(_G_-ENTRY,convert_options-36745)
196	0.59049	FalseGround	Unlabelled	SPOkGoodGood	Alarm(_G_-ENTRY,convert_options-36746)
197	0.59049	FalseGround	Unlabelled	SPOkGoodGood	Alarm(_G_-ENTRY,move_parms-40857)
198	0.59049	FalseGround	Unlabelled	SPOkGoodGood	Alarm(_G_-ENTRY,move_parms-40858)
199	0.59049	FalseGround	Unlabelled	SPOkGoodGood	Alarm(_G_-ENTRY,tree_output-42781)
200	0.59049	FalseGround	Unlabelled	SPOkGoodGood	Alarm(_G_-ENTRY,tree_output-42782)
201	0.59049	FalseGround	Unlabelled	SPOkGoodGood	Alarm(_G_-ENTRY,tree_output-42804)
202	0.59049	FalseGround	Unlabelled	SPOkGoodGood	Alarm(_G_-ENTRY,tree_output-42761)
203	0.59049	FalseGround	Unlabelled	SPOkGoodGood	Alarm(_G_-ENTRY,tree_output-42762)
204	0.59049	FalseGround	Unlabelled	SPOkGoodGood	Alarm(_G_-ENTRY,tree_output-42763)
205	0.59049	FalseGround	Unlabelled	SPOkGoodGood	Alarm(_G_-ENTRY,tree_output-42764)
206	0.586383	FalseGround	Unlabelled	SPOkGoodGood	Alarm(_G_-ENTRY,_getopt_internal_r-36195)
207	0.586383	FalseGround	Unlabelled	SPOkGoodGood	Alarm(_G_-ENTRY,_getopt_internal_r-36196)
208	0.586383	FalseGround	Unlabelled	SPOkGoodGood	Alarm(_G_-ENTRY,_getopt_internal_r-36197)
209	0.586383	FalseGround	Unlabelled	SPOkGoodGood	Alarm(_G_-ENTRY,_getopt_internal_r-36198)
210	0.583669	FalseGround	Unlabelled	SPOkGoodGood	Alarm(_G_-ENTRY,symbol_is_function-42615)
211	0.583669	FalseGround	Unlabelled	SPOkGoodGood	Alarm(_G_-ENTRY,symbol_is_function-42616)
212	0.583669	FalseGround	Unlabelled	SPOkGoodGood	Alarm(_G_-ENTRY,symbol_is_function-42617)
213	0.583669	FalseGround	Unlabelled	SPOkGoodGood	Alarm(_G_-ENTRY,symbol_is_function-42618)
214	0.574012	FalseGround	Unlabelled	SPOkGoodGood	Alarm(_G_-ENTRY,fill_in_uparams-37420)
215	0.570996	FalseGround	Unlabelled	SPOkGoodGood	Alarm(_G_-ENTRY,delete_symbol-40716)
216	0.570996	FalseGround	Unlabelled	SPOkGoodGood	Alarm(_G_-ENTRY,delete_symbol-40717)
217	0.570996	FalseGround	Unlabelled	SPOkGoodGood	Alarm(_G_-ENTRY,delete_symbol-40720)
218	0.570996	FalseGround	Unlabelled	SPOkGoodGood	Alarm(_G_-ENTRY,delete_symbol-40721)
219	0.570996	FalseGround	Unlabelled	SPOkGoodGood	Alarm(_G_-ENTRY,static_free-40739)
220	0.570996	FalseGround	Unlabelled	SPOkGoodGood	Alarm(_G_-ENTRY,delete_symbol-40708)
221	0.570996	FalseGround	Unlabelled	SPOkGoodGood	Alarm(_G_-ENTRY,delete_symbol-40709)
222	0.570996	FalseGround	Unlabelled	SPOkGoodGood	Alarm(_G_-ENTRY,delete_symbol-40712)
223	0.570996	FalseGround	Unlabelled	SPOkGoodGood	Alarm(_G_-ENTRY,delete_symbol-40713)
224	0.570996	FalseGround	Unlabelled	SPOkGoodGood	Alarm(_G_-ENTRY,static_free-40734)
225	0.570996	FalseGround	Unlabelled	SPOkGoodGood	Alarm(_G_-ENTRY,static_free-40735)
226	0.562101	FalseGround	Unlabelled	SPOkGoodGood	Alarm(_G_-ENTRY,_getopt_internal_r-36051)
227	0.562101	FalseGround	Unlabelled	SPOkGoodGood	Alarm(_G_-ENTRY,_getopt_internal_r-36052)
228	0.551164	FalseGround	Unlabelled	SPOkGoodGood	Alarm(_G_-ENTRY,parser_parse_next-37180)
229	0.531441	FalseGround	Unlabelled	SPOkGoodGood	Alarm(_G_-ENTRY,save_token-41472)
230	0.531441	FalseGround	Unlabelled	SPOkGoodGood	Alarm(_G_-ENTRY,save_token-41473)
231	0.524094	FalseGround	Unlabelled	SPOkGoodGood	Alarm(_G_-ENTRY,_getopt_internal_r-36364)
232	0.524094	FalseGround	Unlabelled	SPOkGoodGood	Alarm(_G_-ENTRY,_getopt_internal_r-36394)
233	0.524094	FalseGround	Unlabelled	SPOkGoodGood	Alarm(_G_-ENTRY,_getopt_internal_r-36428)
234	0.524094	FalseGround	Unlabelled	SPOkGoodGood	Alarm(_G_-ENTRY,_getopt_internal_r-36141)
235	0.524094	FalseGround	Unlabelled	SPOkGoodGood	Alarm(_G_-ENTRY,_getopt_internal_r-36142)
236	0.524094	FalseGround	Unlabelled	SPOkGoodGood	Alarm(_G_-ENTRY,_getopt_internal_r-36159)
237	0.524094	FalseGround	Unlabelled	SPOkGoodGood	Alarm(_G_-ENTRY,_getopt_internal_r-36160)
238	0.524094	FalseGround	Unlabelled	SPOkGoodGood	Alarm(_G_-ENTRY,_getopt_internal_r-36161)
239	0.524094	FalseGround	Unlabelled	SPOkGoodGood	Alarm(_G_-ENTRY,_getopt_internal_r-36162)
240	0.508393	FalseGround	Unlabelled	SPOkGoodGood	Alarm(_G_-ENTRY,convert_options-36767)
241	0.505891	FalseGround	Unlabelled	SPOkGoodGood	Alarm(_G_-ENTRY,_getopt_initialize-36014)
242	0.505891	FalseGround	Unlabelled	SPOkGoodGood	Alarm(_G_-ENTRY,_getopt_initialize-36015)
243	0.502722	FalseGround	Unlabelled	SPOkGoodGood	Alarm(_G_-ENTRY,parser_parse_opt-37089)
244	0.50057	FalseGround	Unlabelled	SPOkGoodGood	Alarm(_G_-ENTRY,main-43826)
245	0.482779	FalseGround	Unlabelled	SPOkGoodGood	Alarm(_G_-ENTRY,symbol_override-42899)
246	0.482779	FalseGround	Unlabelled	SPOkGoodGood	Alarm(_G_-ENTRY,symbol_override-42900)
247	0.478297	FalseGround	Unlabelled	SPOkGoodGood	Alarm(_G_-ENTRY,parser_init-36938)
248	0.478297	FalseGround	Unlabelled	SPOkGoodGood	Alarm(_G_-ENTRY,parser_init-36939)
249	0.478297	FalseGround	Unlabelled	SPOkGoodGood	Alarm(_G_-ENTRY,delete_parms_itr-40844)
250	0.478297	FalseGround	Unlabelled	SPOkGoodGood	Alarm(_G_-ENTRY,delete_symbol-40715)
251	0.478297	FalseGround	Unlabelled	SPOkGoodGood	Alarm(_G_-ENTRY,delete_symbol-40719)
252	0.478297	FalseGround	Unlabelled	SPOkGoodGood	Alarm(_G_-ENTRY,tokdel-41344)
253	0.478297	FalseGround	Unlabelled	SPOkGoodGood	Alarm(_G_-ENTRY,tokpush-41381)
254	0.478297	FalseGround	Unlabelled	SPOkGoodGood	Alarm(_G_-ENTRY,tokpush-41382)
255	0.478297	FalseGround	Unlabelled	SPOkGoodGood	Alarm(_G_-ENTRY,tokpush-41383)
256	0.478297	FalseGround	Unlabelled	SPOkGoodGood	Alarm(_G_-ENTRY,delete_level_autos-40753)
257	0.478297	FalseGround	Unlabelled	SPOkGoodGood	Alarm(_G_-ENTRY,delete_level_autos-40754)
258	0.478297	FalseGround	Unlabelled	SPOkGoodGood	Alarm(_G_-ENTRY,delete_level_statics-40759)
259	0.478297	FalseGround	Unlabelled	SPOkGoodGood	Alarm(_G_-ENTRY,delete_level_statics-40760)
260	0.478297	FalseGround	Unlabelled	SPOkGoodGood	Alarm(_G_-ENTRY,delete_parms_itr-40834)
261	0.478297	FalseGround	Unlabelled	SPOkGoodGood	Alarm(_G_-ENTRY,delete_parms_itr-40835)
262	0.478297	FalseGround	Unlabelled	SPOkGoodGood	Alarm(_G_-ENTRY,delete_parms_itr-40836)
263	0.478297	FalseGround	Unlabelled	SPOkGoodGood	Alarm(_G_-ENTRY,delete_parms_itr-40837)
264	0.478297	FalseGround	Unlabelled	SPOkGoodGood	Alarm(_G_-ENTRY,delete_parms_itr-40838)
265	0.478297	FalseGround	Unlabelled	SPOkGoodGood	Alarm(_G_-ENTRY,delete_parms_itr-40839)
266	0.478297	FalseGround	Unlabelled	SPOkGoodGood	Alarm(_G_-ENTRY,delete_parms_itr-40840)
267	0.478297	FalseGround	Unlabelled	SPOkGoodGood	Alarm(_G_-ENTRY,delete_parms_itr-40841)
268	0.478297	FalseGround	Unlabelled	SPOkGoodGood	Alarm(_G_-ENTRY,move_parms-40853)
269	0.478297	FalseGround	Unlabelled	SPOkGoodGood	Alarm(_G_-ENTRY,move_parms-40854)
270	0.478297	FalseGround	Unlabelled	SPOkGoodGood	Alarm(_G_-ENTRY,move_parms-40855)
271	0.478297	FalseGround	Unlabelled	SPOkGoodGood	Alarm(_G_-ENTRY,move_parms-40856)
272	0.471684	FalseGround	Unlabelled	SPOkGoodGood	Alarm(_G_-ENTRY,_getopt_internal_r-36187)
273	0.471684	FalseGround	Unlabelled	SPOkGoodGood	Alarm(_G_-ENTRY,_getopt_internal_r-36188)
274	0.471684	FalseGround	Unlabelled	SPOkGoodGood	Alarm(_G_-ENTRY,_getopt_internal_r-36245)
275	0.471684	FalseGround	Unlabelled	SPOkGoodGood	Alarm(_G_-ENTRY,_getopt_internal_r-36246)
276	0.464949	FalseGround	Unlabelled	SPOkGoodGood	Alarm(_G_-ENTRY,fill_in_uparams-37390)
277	0.464949	FalseGround	Unlabelled	SPOkGoodGood	Alarm(_G_-ENTRY,fill_in_uparams-37391)
278	0.461459	FalseGround	Unlabelled	SPOkGoodGood	Alarm(_G_-ENTRY,input-45724)
279	0.455301	FalseGround	Unlabelled	SPOkGoodGood	Alarm(_G_-ENTRY,_getopt_internal_r-36069)
280	0.455301	FalseGround	Unlabelled	SPOkGoodGood	Alarm(_G_-ENTRY,_getopt_internal_r-36070)
281	0.455301	FalseGround	Unlabelled	SPOkGoodGood	Alarm(_G_-ENTRY,_getopt_internal_r-36071)
282	0.455301	FalseGround	Unlabelled	SPOkGoodGood	Alarm(_G_-ENTRY,_getopt_internal_r-36072)
283	0.455301	FalseGround	Unlabelled	SPOkGoodGood	Alarm(_G_-ENTRY,_getopt_internal_r-36087)
284	0.455301	FalseGround	Unlabelled	SPOkGoodGood	Alarm(_G_-ENTRY,_getopt_internal_r-36088)
285	0.455301	FalseGround	Unlabelled	SPOkGoodGood	Alarm(_G_-ENTRY,_getopt_internal_r-36091)
286	0.455301	FalseGround	Unlabelled	SPOkGoodGood	Alarm(_G_-ENTRY,_getopt_internal_r-36092)
287	0.455301	FalseGround	Unlabelled	SPOkGoodGood	Alarm(_G_-ENTRY,_getopt_internal_r-36223)
288	0.455301	FalseGround	Unlabelled	SPOkGoodGood	Alarm(_G_-ENTRY,_getopt_internal_r-36224)
289	0.450828	FalseGround	Unlabelled	SPOkGoodGood	Alarm(_G_-ENTRY,parse_level_string-43080)
290	0.450828	FalseGround	Unlabelled	SPOkGoodGood	Alarm(_G_-ENTRY,parse_level_string-43096)
291	0.450828	FalseGround	Unlabelled	SPOkGoodGood	Alarm(_G_-ENTRY,parse_level_string-43099)
292	0.450828	FalseGround	Unlabelled	SPOkGoodGood	Alarm(_G_-ENTRY,parse_level_string-42989)
293	0.450828	FalseGround	Unlabelled	SPOkGoodGood	Alarm(_G_-ENTRY,parse_level_string-42990)
294	0.445729	FalseGround	Unlabelled	SPOkGoodGood	Alarm(_G_-ENTRY,exchange-35998)
295	0.434903	FalseGround	Unlabelled	SPOkGoodGood	Alarm(_G_-ENTRY,wsnode_quoteremoval-39547)
296	0.434501	FalseGround	Unlabelled	SPOkGoodGood	Alarm(_G_-ENTRY,parse_opt-43654)
297	0.434501	FalseGround	Unlabelled	SPOkGoodGood	Alarm(_G_-ENTRY,parse_opt-43555)
298	0.434501	FalseGround	Unlabelled	SPOkGoodGood	Alarm(_G_-ENTRY,parse_opt-43556)
299	0.434501	FalseGround	Unlabelled	SPOkGoodGood	Alarm(_G_-ENTRY,parse_opt-43557)
300	0.434501	FalseGround	Unlabelled	SPOkGoodGood	Alarm(_G_-ENTRY,parse_opt-43558)
301	0.434501	FalseGround	Unlabelled	SPOkGoodGood	Alarm(_G_-ENTRY,parse_opt-43559)
302	0.434501	FalseGround	Unlabelled	SPOkGoodGood	Alarm(_G_-ENTRY,parse_opt-43560)
303	0.434501	FalseGround	Unlabelled	SPOkGoodGood	Alarm(_G_-ENTRY,parse_opt-43561)
304	0.434501	FalseGround	Unlabelled	SPOkGoodGood	Alarm(_G_-ENTRY,parse_opt-43562)
305	0.434501	FalseGround	Unlabelled	SPOkGoodGood	Alarm(_G_-ENTRY,parse_opt-43563)
306	0.434501	FalseGround	Unlabelled	SPOkGoodGood	Alarm(_G_-ENTRY,parse_opt-43564)
307	0.434501	FalseGround	Unlabelled	SPOkGoodGood	Alarm(_G_-ENTRY,parse_opt-43565)
308	0.434501	FalseGround	Unlabelled	SPOkGoodGood	Alarm(_G_-ENTRY,parse_opt-43566)
309	0.434501	FalseGround	Unlabelled	SPOkGoodGood	Alarm(_G_-ENTRY,parse_opt-43567)
310	0.434501	FalseGround	Unlabelled	SPOkGoodGood	Alarm(_G_-ENTRY,parse_opt-43568)
311	0.434501	FalseGround	Unlabelled	SPOkGoodGood	Alarm(_G_-ENTRY,parse_opt-43569)
312	0.434501	FalseGround	Unlabelled	SPOkGoodGood	Alarm(_G_-ENTRY,parse_opt-43570)
313	0.434501	FalseGround	Unlabelled	SPOkGoodGood	Alarm(_G_-ENTRY,parse_opt-43573)
314	0.434501	FalseGround	Unlabelled	SPOkGoodGood	Alarm(_G_-ENTRY,parse_opt-43574)
315	0.434501	FalseGround	Unlabelled	SPOkGoodGood	Alarm(_G_-ENTRY,parse_opt-43575)
316	0.434501	FalseGround	Unlabelled	SPOkGoodGood	Alarm(_G_-ENTRY,parse_opt-43576)
317	0.434501	FalseGround	Unlabelled	SPOkGoodGood	Alarm(_G_-ENTRY,parse_opt-43577)
318	0.434501	FalseGround	Unlabelled	SPOkGoodGood	Alarm(_G_-ENTRY,parse_opt-43578)
319	0.434501	FalseGround	Unlabelled	SPOkGoodGood	Alarm(_G_-ENTRY,parse_opt-43579)
320	0.434501	FalseGround	Unlabelled	SPOkGoodGood	Alarm(_G_-ENTRY,parse_opt-43580)
321	0.434501	FalseGround	Unlabelled	SPOkGoodGood	Alarm(_G_-ENTRY,parse_opt-43581)
322	0.434501	FalseGround	Unlabelled	SPOkGoodGood	Alarm(_G_-ENTRY,parse_opt-43582)
323	0.434501	FalseGround	Unlabelled	SPOkGoodGood	Alarm(_G_-ENTRY,parse_opt-43583)
324	0.434501	FalseGround	Unlabelled	SPOkGoodGood	Alarm(_G_-ENTRY,parse_opt-43584)
325	0.434501	FalseGround	Unlabelled	SPOkGoodGood	Alarm(_G_-ENTRY,parse_opt-43585)
326	0.434501	FalseGround	Unlabelled	SPOkGoodGood	Alarm(_G_-ENTRY,parse_opt-43586)
327	0.434501	FalseGround	Unlabelled	SPOkGoodGood	Alarm(_G_-ENTRY,parse_opt-43587)
328	0.434501	FalseGround	Unlabelled	SPOkGoodGood	Alarm(_G_-ENTRY,parse_opt-43588)
329	0.434501	FalseGround	Unlabelled	SPOkGoodGood	Alarm(_G_-ENTRY,parse_opt-43589)
330	0.434501	FalseGround	Unlabelled	SPOkGoodGood	Alarm(_G_-ENTRY,parse_opt-43590)
331	0.434501	FalseGround	Unlabelled	SPOkGoodGood	Alarm(_G_-ENTRY,parse_opt-43591)
332	0.434501	FalseGround	Unlabelled	SPOkGoodGood	Alarm(_G_-ENTRY,parse_opt-43592)
333	0.433904	FalseGround	Unlabelled	SPOkGoodGood	Alarm(_G_-ENTRY,sourcerc-41013)
334	0.430467	FalseGround	Unlabelled	SPOkGoodGood	Alarm(_G_-ENTRY,convert_options-36796)
335	0.430467	FalseGround	Unlabelled	SPOkGoodGood	Alarm(_G_-ENTRY,input-45723)
336	0.430467	FalseGround	Unlabelled	SPOkGoodGood	Alarm(_G_-ENTRY,input-45733)
337	0.430467	FalseGround	Unlabelled	SPOkGoodGood	Alarm(_G_-ENTRY,wordsplit_finish-39623)
338	0.430467	FalseGround	Unlabelled	SPOkGoodGood	Alarm(_G_-ENTRY,convert_options-36749)
339	0.430467	FalseGround	Unlabelled	SPOkGoodGood	Alarm(_G_-ENTRY,convert_options-36750)
340	0.430467	FalseGround	Unlabelled	SPOkGoodGood	Alarm(_G_-ENTRY,find_long_option-36708)
341	0.430467	FalseGround	Unlabelled	SPOkGoodGood	Alarm(_G_-ENTRY,find_long_option-36699)
342	0.430467	FalseGround	Unlabelled	SPOkGoodGood	Alarm(_G_-ENTRY,find_long_option-36700)
343	0.414077	FalseGround	Unlabelled	SPOkGoodGood	Alarm(_G_-ENTRY,argp_fmtstream_putc-34507)
344	0.414077	FalseGround	Unlabelled	SPOkGoodGood	Alarm(_G_-ENTRY,argp_fmtstream_putc-34510)
345	0.412295	FalseGround	Unlabelled	SPOkGoodGood	Alarm(_G_-ENTRY,set_level_indent-43136)
346	0.409771	FalseGround	Unlabelled	SPOkGoodGood	Alarm(_G_-ENTRY,_getopt_internal_r-36149)
347	0.409771	FalseGround	Unlabelled	SPOkGoodGood	Alarm(_G_-ENTRY,_getopt_internal_r-36150)
348	0.409771	FalseGround	Unlabelled	SPOkGoodGood	Alarm(_G_-ENTRY,_getopt_internal_r-36193)
349	0.409771	FalseGround	Unlabelled	SPOkGoodGood	Alarm(_G_-ENTRY,_getopt_internal_r-36194)
350	0.409771	FalseGround	Unlabelled	SPOkGoodGood	Alarm(_G_-ENTRY,_getopt_internal_r-36235)
351	0.409771	FalseGround	Unlabelled	SPOkGoodGood	Alarm(_G_-ENTRY,_getopt_internal_r-36236)
352	0.409771	FalseGround	Unlabelled	SPOkGoodGood	Alarm(_G_-ENTRY,_getopt_internal_r-36253)
353	0.409771	FalseGround	Unlabelled	SPOkGoodGood	Alarm(_G_-ENTRY,_getopt_internal_r-36254)
354	0.408234	FalseGround	Unlabelled	SPOkGoodGood	Alarm(_G_-ENTRY,parse_level_string-43088)
355	0.407205	FalseGround	Unlabelled	SPOkGoodGood	Alarm(_G_-ENTRY,parser_parse_opt-37090)
356	0.405746	FalseGround	Unlabelled	SPOkGoodGood	Alarm(_G_-ENTRY,parse_level_string-43041)
357	0.405746	FalseGround	Unlabelled	SPOkGoodGood	Alarm(_G_-ENTRY,parse_level_string-43042)
358	0.38742	FalseGround	Unlabelled	SPOkGoodGood	Alarm(_G_-ENTRY,number-42955)
359	0.38742	FalseGround	Unlabelled	SPOkGoodGood	Alarm(_G_-ENTRY,number-42956)
360	0.38742	FalseGround	Unlabelled	SPOkGoodGood	Alarm(_G_-ENTRY,coalesce_segment-39503)
361	0.38742	FalseGround	Unlabelled	SPOkGoodGood	Alarm(_G_-ENTRY,wordsplit_finish-39625)
362	0.38742	FalseGround	Unlabelled	SPOkGoodGood	Alarm(_G_-ENTRY,print_function_name-43996)
363	0.38742	FalseGround	Unlabelled	SPOkGoodGood	Alarm(_G_-ENTRY,print_function_name-43999)
364	0.38742	FalseGround	Unlabelled	SPOkGoodGood	Alarm(_G_-ENTRY,unlink_symbol-40700)
365	0.38742	FalseGround	Unlabelled	SPOkGoodGood	Alarm(_G_-ENTRY,print_function_name-43984)
366	0.38742	FalseGround	Unlabelled	SPOkGoodGood	Alarm(_G_-ENTRY,print_function_name-43985)
367	0.38742	FalseGround	Unlabelled	SPOkGoodGood	Alarm(_G_-ENTRY,print_function_name-43986)
368	0.38742	FalseGround	Unlabelled	SPOkGoodGood	Alarm(_G_-ENTRY,print_function_name-43987)
369	0.38742	FalseGround	Unlabelled	SPOkGoodGood	Alarm(_G_-ENTRY,print_function_name-43988)
370	0.38742	FalseGround	Unlabelled	SPOkGoodGood	Alarm(_G_-ENTRY,print_function_name-43989)
371	0.38742	FalseGround	Unlabelled	SPOkGoodGood	Alarm(_G_-ENTRY,print_function_name-43990)
372	0.38742	FalseGround	Unlabelled	SPOkGoodGood	Alarm(_G_-ENTRY,print_function_name-43991)
373	0.382064	FalseGround	Unlabelled	SPOkGoodGood	Alarm(_G_-ENTRY,_getopt_internal_r-36241)
374	0.382064	FalseGround	Unlabelled	SPOkGoodGood	Alarm(_G_-ENTRY,_getopt_internal_r-36242)
375	0.382064	FalseGround	Unlabelled	SPOkGoodGood	Alarm(_G_-ENTRY,_getopt_internal_r-36243)
376	0.382064	FalseGround	Unlabelled	SPOkGoodGood	Alarm(_G_-ENTRY,_getopt_internal_r-36244)
377	0.376609	FalseGround	Unlabelled	SPOkGoodGood	Alarm(_G_-ENTRY,argp_fmtstream_putc-37287)
378	0.376609	FalseGround	Unlabelled	SPOkGoodGood	Alarm(_G_-ENTRY,argp_fmtstream_putc-37290)
379	0.368794	FalseGround	Unlabelled	SPOkGoodGood	Alarm(_G_-ENTRY,_getopt_initialize-36016)
380	0.368794	FalseGround	Unlabelled	SPOkGoodGood	Alarm(_G_-ENTRY,_getopt_initialize-36017)
381	0.351992	FalseGround	Unlabelled	SPOkGoodGood	Alarm(_G_-ENTRY,xref_output-42655)
382	0.348678	FalseGround	Unlabelled	SPOkGoodGood	Alarm(_G_-ENTRY,input-45709)
383	0.348678	FalseGround	Unlabelled	SPOkGoodGood	Alarm(_G_-ENTRY,input-45710)
384	0.348678	FalseGround	Unlabelled	SPOkGoodGood	Alarm(_G_-ENTRY,print_symbol___1-44021)
385	0.348678	FalseGround	Unlabelled	SPOkGoodGood	Alarm(_G_-ENTRY,print_symbol___1-44022)
386	0.348678	FalseGround	Unlabelled	SPOkGoodGood	Alarm(_G_-ENTRY,xmemdup-32697)
387	0.34655	FalseGround	Unlabelled	SPOkGoodGood	Alarm(_G_-ENTRY,wordsplit_strerror-39060)
388	0.34413	FalseGround	Unlabelled	SPOkGoodGood	Alarm(_G_-ENTRY,fill_in_uparams-37340)
389	0.34413	FalseGround	Unlabelled	SPOkGoodGood	Alarm(_G_-ENTRY,fill_in_uparams-37341)
390	0.34413	FalseGround	Unlabelled	SPOkGoodGood	Alarm(_G_-ENTRY,fill_in_uparams-37342)
391	0.34413	FalseGround	Unlabelled	SPOkGoodGood	Alarm(_G_-ENTRY,fill_in_uparams-37343)
392	0.34413	FalseGround	Unlabelled	SPOkGoodGood	Alarm(_G_-ENTRY,fill_in_uparams-37344)
393	0.34413	FalseGround	Unlabelled	SPOkGoodGood	Alarm(_G_-ENTRY,fill_in_uparams-37345)
394	0.34413	FalseGround	Unlabelled	SPOkGoodGood	Alarm(_G_-ENTRY,fill_in_uparams-37392)
395	0.34413	FalseGround	Unlabelled	SPOkGoodGood	Alarm(_G_-ENTRY,fill_in_uparams-37393)
396	0.334379	FalseGround	Unlabelled	SPOkGoodGood	Alarm(_G_-ENTRY,convert_options-36783)
397	0.328654	FalseGround	Unlabelled	SPOkGoodGood	Alarm(_G_-ENTRY,parse_level_string-43049)
398	0.328654	FalseGround	Unlabelled	SPOkGoodGood	Alarm(_G_-ENTRY,parse_level_string-43052)
399	0.328654	FalseGround	Unlabelled	SPOkGoodGood	Alarm(_G_-ENTRY,parse_level_string-43055)
400	0.328654	FalseGround	Unlabelled	SPOkGoodGood	Alarm(_G_-ENTRY,parse_level_string-43058)
401	0.328654	FalseGround	Unlabelled	SPOkGoodGood	Alarm(_G_-ENTRY,parse_level_string-43061)
402	0.328654	FalseGround	Unlabelled	SPOkGoodGood	Alarm(_G_-ENTRY,parse_level_string-43064)
403	0.328654	FalseGround	Unlabelled	SPOkGoodGood	Alarm(_G_-ENTRY,parse_level_string-43067)
404	0.328654	FalseGround	Unlabelled	SPOkGoodGood	Alarm(_G_-ENTRY,parse_level_string-43084)
405	0.328654	FalseGround	Unlabelled	SPOkGoodGood	Alarm(_G_-ENTRY,parse_level_string-42991)
406	0.328654	FalseGround	Unlabelled	SPOkGoodGood	Alarm(_G_-ENTRY,parse_level_string-42992)
407	0.328654	FalseGround	Unlabelled	SPOkGoodGood	Alarm(_G_-ENTRY,parse_level_string-42993)
408	0.328654	FalseGround	Unlabelled	SPOkGoodGood	Alarm(_G_-ENTRY,parse_level_string-42994)
409	0.328654	FalseGround	Unlabelled	SPOkGoodGood	Alarm(_G_-ENTRY,parse_level_string-42995)
410	0.328654	FalseGround	Unlabelled	SPOkGoodGood	Alarm(_G_-ENTRY,parse_level_string-42996)
411	0.328654	FalseGround	Unlabelled	SPOkGoodGood	Alarm(_G_-ENTRY,parse_level_string-42997)
412	0.328654	FalseGround	Unlabelled	SPOkGoodGood	Alarm(_G_-ENTRY,parse_level_string-42998)
413	0.328654	FalseGround	Unlabelled	SPOkGoodGood	Alarm(_G_-ENTRY,parse_level_string-42999)
414	0.328654	FalseGround	Unlabelled	SPOkGoodGood	Alarm(_G_-ENTRY,parse_level_string-43000)
415	0.328654	FalseGround	Unlabelled	SPOkGoodGood	Alarm(_G_-ENTRY,parse_level_string-43001)
416	0.328654	FalseGround	Unlabelled	SPOkGoodGood	Alarm(_G_-ENTRY,parse_level_string-43002)
417	0.328654	FalseGround	Unlabelled	SPOkGoodGood	Alarm(_G_-ENTRY,parse_level_string-43003)
418	0.328654	FalseGround	Unlabelled	SPOkGoodGood	Alarm(_G_-ENTRY,parse_level_string-43004)
419	0.328654	FalseGround	Unlabelled	SPOkGoodGood	Alarm(_G_-ENTRY,parse_level_string-43005)
420	0.328654	FalseGround	Unlabelled	SPOkGoodGood	Alarm(_G_-ENTRY,parse_level_string-43006)
421	0.328654	FalseGround	Unlabelled	SPOkGoodGood	Alarm(_G_-ENTRY,parse_level_string-43007)
422	0.328654	FalseGround	Unlabelled	SPOkGoodGood	Alarm(_G_-ENTRY,parse_level_string-43008)
423	0.328654	FalseGround	Unlabelled	SPOkGoodGood	Alarm(_G_-ENTRY,parse_level_string-43009)
424	0.328654	FalseGround	Unlabelled	SPOkGoodGood	Alarm(_G_-ENTRY,parse_level_string-43010)
425	0.328654	FalseGround	Unlabelled	SPOkGoodGood	Alarm(_G_-ENTRY,parse_level_string-43011)
426	0.328654	FalseGround	Unlabelled	SPOkGoodGood	Alarm(_G_-ENTRY,parse_level_string-43012)
427	0.328654	FalseGround	Unlabelled	SPOkGoodGood	Alarm(_G_-ENTRY,parse_level_string-43013)
428	0.328654	FalseGround	Unlabelled	SPOkGoodGood	Alarm(_G_-ENTRY,parse_level_string-43014)
429	0.317867	FalseGround	Unlabelled	SPOkGoodGood	Alarm(_G_-ENTRY,parse_level_string-43039)
430	0.317867	FalseGround	Unlabelled	SPOkGoodGood	Alarm(_G_-ENTRY,parse_level_string-43040)
431	0.313811	FalseGround	Unlabelled	SPOkGoodGood	Alarm(_G_-ENTRY,hol_entry_help-38144)
432	0.313811	FalseGround	Unlabelled	SPOkGoodGood	Alarm(_G_-ENTRY,tolower-36593)
433	0.313811	FalseGround	Unlabelled	SPOkGoodGood	Alarm(_G_-ENTRY,toupper-36602)
434	0.313811	FalseGround	Unlabelled	SPOkGoodGood	Alarm(_G_-ENTRY,usage_argful_short_opt-38293)
435	0.313811	FalseGround	Unlabelled	SPOkGoodGood	Alarm(_G_-ENTRY,usage_argful_short_opt-38296)
436	0.313811	FalseGround	Unlabelled	SPOkGoodGood	Alarm(_G_-ENTRY,usage_long_opt-38323)
437	0.313811	FalseGround	Unlabelled	SPOkGoodGood	Alarm(_G_-ENTRY,usage_long_opt-38326)
438	0.313811	FalseGround	Unlabelled	SPOkGoodGood	Alarm(_G_-ENTRY,usage_long_opt-38329)
439	0.309263	FalseGround	Unlabelled	SPOkGoodGood	Alarm(_G_-ENTRY,comma-37994)
440	0.309263	FalseGround	Unlabelled	SPOkGoodGood	Alarm(_G_-ENTRY,comma-37996)
441	0.297146	FalseGround	Unlabelled	SPOkGoodGood	Alarm(_G_-ENTRY,skip_delim-40066)
442	0.297146	FalseGround	Unlabelled	SPOkGoodGood	Alarm(_G_-ENTRY,skip_delim-40067)
443	0.292233	FalseGround	Unlabelled	SPOkGoodGood	Alarm(_G_-ENTRY,sourcerc-41037)
444	0.28243	FalseGround	Unlabelled	SPOkGoodGood	Alarm(_G_-ENTRY,_getopt_internal_r-33464)
445	0.28243	FalseGround	Unlabelled	SPOkGoodGood	Alarm(_G_-ENTRY,_getopt_internal_r-36439)
446	0.28243	FalseGround	Unlabelled	SPOkGoodGood	Alarm(_G_-ENTRY,parser_convert-36823)
447	0.28243	FalseGround	Unlabelled	SPOkGoodGood	Alarm(_G_-ENTRY,parser_convert-36826)
448	0.28243	FalseGround	Unlabelled	SPOkGoodGood	Alarm(_G_-ENTRY,print_symbol___1-44012)
449	0.28243	FalseGround	Unlabelled	SPOkGoodGood	Alarm(_G_-ENTRY,print_symbol___1-44013)
450	0.28243	FalseGround	Unlabelled	SPOkGoodGood	Alarm(_G_-ENTRY,print_symbol___1-44014)
451	0.28243	FalseGround	Unlabelled	SPOkGoodGood	Alarm(_G_-ENTRY,print_symbol___1-44015)
452	0.270847	FalseGround	Unlabelled	SPOkGoodGood	Alarm(_G_-ENTRY,print_symbol___1-44016)
453	0.270847	FalseGround	Unlabelled	SPOkGoodGood	Alarm(_G_-ENTRY,print_symbol___1-44017)
454	0.267167	FalseGround	Unlabelled	SPOkGoodGood	Alarm(_G_-ENTRY,parser_parse_opt-37108)
455	0.266	FalseGround	Unlabelled	SPOkGoodGood	Alarm(_G_-ENTRY,input-45736)
456	0.25994	FalseGround	Unlabelled	SPOkGoodGood	Alarm(_G_-ENTRY,parse_level_string-43072)
457	0.25994	FalseGround	Unlabelled	SPOkGoodGood	Alarm(_G_-ENTRY,parse_level_string-43077)
458	0.256569	FalseGround	Unlabelled	SPOkGoodGood	Alarm(_G_-ENTRY,argp_default_parser-36664)
459	0.254187	FalseGround	Unlabelled	SPOkGoodGood	Alarm(_G_-ENTRY,number-42967)
460	0.250503	FalseGround	Unlabelled	SPOkGoodGood	Alarm(_G_-ENTRY,comma-37979)
461	0.250503	FalseGround	Unlabelled	SPOkGoodGood	Alarm(_G_-ENTRY,comma-37980)
462	0.250503	FalseGround	Unlabelled	SPOkGoodGood	Alarm(_G_-ENTRY,comma-37989)
463	0.250503	FalseGround	Unlabelled	SPOkGoodGood	Alarm(_G_-ENTRY,comma-37990)
464	0.240688	FalseGround	Unlabelled	SPOkGoodGood	Alarm(_G_-ENTRY,skip_delim-40057)
465	0.240688	FalseGround	Unlabelled	SPOkGoodGood	Alarm(_G_-ENTRY,skip_delim-40058)
466	0.233602	FalseGround	Unlabelled	SPOkGoodGood	Alarm(_G_-ENTRY,hol_usage-38352)
467	0.228768	FalseGround	Unlabelled	SPOkGoodGood	Alarm(_G_-ENTRY,_getopt_internal_r-36199)
468	0.228768	FalseGround	Unlabelled	SPOkGoodGood	Alarm(_G_-ENTRY,_getopt_internal_r-36200)
469	0.228768	FalseGround	Unlabelled	SPOkGoodGood	Alarm(_G_-ENTRY,_getopt_internal_r-36209)
470	0.228768	FalseGround	Unlabelled	SPOkGoodGood	Alarm(_G_-ENTRY,_getopt_internal_r-36210)
471	0.228768	FalseGround	Unlabelled	SPOkGoodGood	Alarm(_G_-ENTRY,_getopt_internal_r-36211)
472	0.228768	FalseGround	Unlabelled	SPOkGoodGood	Alarm(_G_-ENTRY,_getopt_internal_r-36212)
473	0.228768	FalseGround	Unlabelled	SPOkGoodGood	Alarm(_G_-ENTRY,_getopt_internal_r-36213)
474	0.228768	FalseGround	Unlabelled	SPOkGoodGood	Alarm(_G_-ENTRY,_getopt_internal_r-36214)
475	0.228768	FalseGround	Unlabelled	SPOkGoodGood	Alarm(_G_-ENTRY,_getopt_internal_r-36225)
476	0.228768	FalseGround	Unlabelled	SPOkGoodGood	Alarm(_G_-ENTRY,_getopt_internal_r-36226)
477	0.228768	FalseGround	Unlabelled	SPOkGoodGood	Alarm(_G_-ENTRY,_getopt_internal_r-36229)
478	0.228768	FalseGround	Unlabelled	SPOkGoodGood	Alarm(_G_-ENTRY,_getopt_internal_r-36230)
479	0.228768	FalseGround	Unlabelled	SPOkGoodGood	Alarm(_G_-ENTRY,_getopt_internal_r-36239)
480	0.228768	FalseGround	Unlabelled	SPOkGoodGood	Alarm(_G_-ENTRY,_getopt_internal_r-36240)
481	0.228768	FalseGround	Unlabelled	SPOkGoodGood	Alarm(_G_-ENTRY,convert_options-36770)
482	0.228768	FalseGround	Unlabelled	SPOkGoodGood	Alarm(_G_-ENTRY,input-45734)
483	0.224669	FalseGround	Unlabelled	SPOkGoodGood	Alarm(_G_-ENTRY,exchange-36005)
484	0.219386	FalseGround	Unlabelled	SPOkGoodGood	Alarm(_G_-ENTRY,print_function_name-43998)
485	0.216405	FalseGround	Unlabelled	SPOkGoodGood	Alarm(_G_-ENTRY,parser_parse_opt-37091)
486	0.216405	FalseGround	Unlabelled	SPOkGoodGood	Alarm(_G_-ENTRY,parser_parse_opt-37092)
487	0.216405	FalseGround	Unlabelled	SPOkGoodGood	Alarm(_G_-ENTRY,parser_parse_opt-37093)
488	0.216405	FalseGround	Unlabelled	SPOkGoodGood	Alarm(_G_-ENTRY,parser_parse_opt-37094)
489	0.205891	FalseGround	Unlabelled	SPOkGoodGood	Alarm(_G_-ENTRY,xref_output-42646)
490	0.205891	FalseGround	Unlabelled	SPOkGoodGood	Alarm(_G_-ENTRY,xref_output-42647)
491	0.205891	FalseGround	Unlabelled	SPOkGoodGood	Alarm(_G_-ENTRY,xref_output-42648)
492	0.205891	FalseGround	Unlabelled	SPOkGoodGood	Alarm(_G_-ENTRY,xref_output-42649)
493	0.205891	FalseGround	Unlabelled	SPOkGoodGood	Alarm(_G_-ENTRY,xref_output-42650)
494	0.205891	FalseGround	Unlabelled	SPOkGoodGood	Alarm(_G_-ENTRY,xref_output-42651)
495	0.180773	FalseGround	Unlabelled	SPOkGoodGood	Alarm(_G_-ENTRY,hol_set_group-37658)
496	0.169012	FalseGround	Unlabelled	SPOkGoodGood	Alarm(_G_-ENTRY,fill_in_uparams-37352)
497	0.169012	FalseGround	Unlabelled	SPOkGoodGood	Alarm(_G_-ENTRY,fill_in_uparams-37353)
498	0.169012	FalseGround	Unlabelled	SPOkGoodGood	Alarm(_G_-ENTRY,fill_in_uparams-37354)
499	0.169012	FalseGround	Unlabelled	SPOkGoodGood	Alarm(_G_-ENTRY,fill_in_uparams-37355)
500	0.166269	FalseGround	Unlabelled	SPOkGoodGood	Alarm(_G_-ENTRY,fill_in_uparams-37346)
501	0.166269	FalseGround	Unlabelled	SPOkGoodGood	Alarm(_G_-ENTRY,fill_in_uparams-37347)
502	0.166269	FalseGround	Unlabelled	SPOkGoodGood	Alarm(_G_-ENTRY,fill_in_uparams-37348)
503	0.166269	FalseGround	Unlabelled	SPOkGoodGood	Alarm(_G_-ENTRY,fill_in_uparams-37349)
504	0.166269	FalseGround	Unlabelled	SPOkGoodGood	Alarm(_G_-ENTRY,fill_in_uparams-37350)
505	0.166269	FalseGround	Unlabelled	SPOkGoodGood	Alarm(_G_-ENTRY,fill_in_uparams-37351)
506	0.166269	FalseGround	Unlabelled	SPOkGoodGood	Alarm(_G_-ENTRY,fill_in_uparams-37364)
507	0.166269	FalseGround	Unlabelled	SPOkGoodGood	Alarm(_G_-ENTRY,fill_in_uparams-37365)
508	0.166269	FalseGround	Unlabelled	SPOkGoodGood	Alarm(_G_-ENTRY,fill_in_uparams-37366)
509	0.166269	FalseGround	Unlabelled	SPOkGoodGood	Alarm(_G_-ENTRY,fill_in_uparams-37367)
510	0.166269	FalseGround	Unlabelled	SPOkGoodGood	Alarm(_G_-ENTRY,fill_in_uparams-37368)
511	0.166269	FalseGround	Unlabelled	SPOkGoodGood	Alarm(_G_-ENTRY,fill_in_uparams-37369)
512	0.150257	FalseGround	Unlabelled	SPOkGoodGood	Alarm(_G_-ENTRY,arg-37927)
513	0.150257	FalseGround	Unlabelled	SPOkGoodGood	Alarm(_G_-ENTRY,arg-37929)
514	0.149482	FalseGround	Unlabelled	SPOkGoodGood	Alarm(_G_-ENTRY,hol_usage-38359)
515	0.146426	FalseGround	Unlabelled	SPOkGoodGood	Alarm(_G_-ENTRY,hol_help-38232)
516	0.146426	FalseGround	Unlabelled	SPOkGoodGood	Alarm(_G_-ENTRY,hol_help-38233)
517	0.141782	FalseGround	Unlabelled	SPOkGoodGood	Alarm(_G_-ENTRY,hol_entry_help-38122)
518	0.141782	FalseGround	Unlabelled	SPOkGoodGood	Alarm(_G_-ENTRY,hol_entry_help-38149)
519	0.141782	FalseGround	Unlabelled	SPOkGoodGood	Alarm(_G_-ENTRY,hol_entry_help-38173)
520	0.141782	FalseGround	Unlabelled	SPOkGoodGood	Alarm(_G_-ENTRY,make_hol-37514)
521	0.135085	FalseGround	Unlabelled	SPOkGoodGood	Alarm(_G_-ENTRY,_getopt_internal_r-36328)
522	0.135085	FalseGround	Unlabelled	SPOkGoodGood	Alarm(_G_-ENTRY,_getopt_internal_r-36344)
523	0.135085	FalseGround	Unlabelled	SPOkGoodGood	Alarm(_G_-ENTRY,_getopt_internal_r-36346)
524	0.135085	FalseGround	Unlabelled	SPOkGoodGood	Alarm(_G_-ENTRY,_getopt_internal_r-36354)
525	0.135085	FalseGround	Unlabelled	SPOkGoodGood	Alarm(_G_-ENTRY,_getopt_internal_r-36366)
526	0.135085	FalseGround	Unlabelled	SPOkGoodGood	Alarm(_G_-ENTRY,_getopt_internal_r-36368)
527	0.135085	FalseGround	Unlabelled	SPOkGoodGood	Alarm(_G_-ENTRY,_getopt_internal_r-36379)
528	0.135085	FalseGround	Unlabelled	SPOkGoodGood	Alarm(_G_-ENTRY,_getopt_internal_r-36388)
529	0.135085	FalseGround	Unlabelled	SPOkGoodGood	Alarm(_G_-ENTRY,_getopt_internal_r-36416)
530	0.135085	FalseGround	Unlabelled	SPOkGoodGood	Alarm(_G_-ENTRY,_getopt_internal_r-36423)
531	0.135085	FalseGround	Unlabelled	SPOkGoodGood	Alarm(_G_-ENTRY,_getopt_internal_r-36430)
532	0.135085	FalseGround	Unlabelled	SPOkGoodGood	Alarm(_G_-ENTRY,_getopt_internal_r-36448)
533	0.135085	FalseGround	Unlabelled	SPOkGoodGood	Alarm(_G_-ENTRY,dbgtok-41272)
534	0.135085	FalseGround	Unlabelled	SPOkGoodGood	Alarm(_G_-ENTRY,exchange-35996)
535	0.135085	FalseGround	Unlabelled	SPOkGoodGood	Alarm(_G_-ENTRY,exchange-35997)
536	0.135085	FalseGround	Unlabelled	SPOkGoodGood	Alarm(_G_-ENTRY,exchange-36003)
537	0.135085	FalseGround	Unlabelled	SPOkGoodGood	Alarm(_G_-ENTRY,exchange-36004)
538	0.135085	FalseGround	Unlabelled	SPOkGoodGood	Alarm(_G_-ENTRY,expand_argcv-40901)
539	0.135085	FalseGround	Unlabelled	SPOkGoodGood	Alarm(_G_-ENTRY,expand_argcv-40903)
540	0.135085	FalseGround	Unlabelled	SPOkGoodGood	Alarm(_G_-ENTRY,hol_sort-37811)
541	0.135085	FalseGround	Unlabelled	SPOkGoodGood	Alarm(_G_-ENTRY,make_hol-37501)
542	0.135085	FalseGround	Unlabelled	SPOkGoodGood	Alarm(_G_-ENTRY,make_hol-37502)
543	0.135085	FalseGround	Unlabelled	SPOkGoodGood	Alarm(_G_-ENTRY,make_hol-37503)
544	0.135085	FalseGround	Unlabelled	SPOkGoodGood	Alarm(_G_-ENTRY,make_hol-37504)
545	0.135085	FalseGround	Unlabelled	SPOkGoodGood	Alarm(_G_-ENTRY,make_hol-37510)
546	0.135085	FalseGround	Unlabelled	SPOkGoodGood	Alarm(_G_-ENTRY,make_hol-37511)
547	0.135085	FalseGround	Unlabelled	SPOkGoodGood	Alarm(_G_-ENTRY,make_hol-37512)
548	0.135085	FalseGround	Unlabelled	SPOkGoodGood	Alarm(_G_-ENTRY,make_hol-37521)
549	0.135085	FalseGround	Unlabelled	SPOkGoodGood	Alarm(_G_-ENTRY,version_etc_arn-32987)
550	0.135085	FalseGround	Unlabelled	SPOkGoodGood	Alarm(_G_-ENTRY,version_etc_arn-32989)
551	0.135085	FalseGround	Unlabelled	SPOkGoodGood	Alarm(_G_-ENTRY,version_etc_arn-32991)
552	0.135085	FalseGround	Unlabelled	SPOkGoodGood	Alarm(_G_-ENTRY,version_etc_arn-32993)
553	0.135085	FalseGround	Unlabelled	SPOkGoodGood	Alarm(_G_-ENTRY,version_etc_arn-32995)
554	0.135085	FalseGround	Unlabelled	SPOkGoodGood	Alarm(_G_-ENTRY,version_etc_arn-32997)
555	0.135085	FalseGround	Unlabelled	SPOkGoodGood	Alarm(_G_-ENTRY,version_etc_arn-32999)
556	0.135085	FalseGround	Unlabelled	SPOkGoodGood	Alarm(_G_-ENTRY,version_etc_arn-33001)
557	0.135085	FalseGround	Unlabelled	SPOkGoodGood	Alarm(_G_-ENTRY,wordsplit_perror-40502)
558	0.134063	FalseGround	Unlabelled	SPOkGoodGood	Alarm(_G_-ENTRY,expvar-39890)
559	0.122221	FalseGround	Unlabelled	SPOkGoodGood	Alarm(_G_-ENTRY,sourcerc-41024)
560	0.121708	FalseGround	Unlabelled	SPOkGoodGood	Alarm(_G_-ENTRY,arg-37923)
561	0.121708	FalseGround	Unlabelled	SPOkGoodGood	Alarm(_G_-ENTRY,arg-37924)
562	0.121708	FalseGround	Unlabelled	SPOkGoodGood	Alarm(_G_-ENTRY,arg-37925)
563	0.121708	FalseGround	Unlabelled	SPOkGoodGood	Alarm(_G_-ENTRY,arg-37926)
564	0.109419	FalseGround	Unlabelled	SPOkGoodGood	Alarm(_G_-ENTRY,hol_entry_help-38074)
565	0.109419	FalseGround	Unlabelled	SPOkGoodGood	Alarm(_G_-ENTRY,hol_entry_help-38075)
566	0.109419	FalseGround	Unlabelled	SPOkGoodGood	Alarm(_G_-ENTRY,hol_entry_short_iterate-37572)
567	0.109419	FalseGround	Unlabelled	SPOkGoodGood	Alarm(_G_-ENTRY,hol_entry_short_iterate-37573)
568	0.109419	FalseGround	Unlabelled	SPOkGoodGood	Alarm(_G_-ENTRY,make_hol-37468)
569	0.109419	FalseGround	Unlabelled	SPOkGoodGood	Alarm(_G_-ENTRY,make_hol-37469)
570	0.109419	FalseGround	Unlabelled	SPOkGoodGood	Alarm(_G_-ENTRY,make_hol-37470)
571	0.109419	FalseGround	Unlabelled	SPOkGoodGood	Alarm(_G_-ENTRY,make_hol-37471)
572	0.109419	FalseGround	Unlabelled	SPOkGoodGood	Alarm(_G_-ENTRY,make_hol-37472)
573	0.109419	FalseGround	Unlabelled	SPOkGoodGood	Alarm(_G_-ENTRY,make_hol-37473)
574	0.0989987	FalseGround	Unlabelled	SPOkGoodGood	Alarm(_G_-ENTRY,sourcerc-40985)
575	0.0989987	FalseGround	Unlabelled	SPOkGoodGood	Alarm(_G_-ENTRY,sourcerc-40986)
576	0.0886294	FalseGround	Unlabelled	SPOkGoodGood	Alarm(_G_-ENTRY,_getopt_internal_r-36400)
577	0.0886294	FalseGround	Unlabelled	SPOkGoodGood	Alarm(_G_-ENTRY,_getopt_internal_r-36401)
578	0.0664511	FalseGround	Unlabelled	SPOkGoodGood	Alarm(_G_-ENTRY,dbgtok-41268)
579	0.0664511	FalseGround	Unlabelled	SPOkGoodGood	Alarm(_G_-ENTRY,dbgtok-41270)
580	0.065071	FalseGround	Unlabelled	SPOkGoodGood	Alarm(_G_-ENTRY,fill_in_uparams-37356)
581	0.065071	FalseGround	Unlabelled	SPOkGoodGood	Alarm(_G_-ENTRY,fill_in_uparams-37357)
582	0.065071	FalseGround	Unlabelled	SPOkGoodGood	Alarm(_G_-ENTRY,fill_in_uparams-37358)
583	0.065071	FalseGround	Unlabelled	SPOkGoodGood	Alarm(_G_-ENTRY,fill_in_uparams-37359)
584	0.065071	FalseGround	Unlabelled	SPOkGoodGood	Alarm(_G_-ENTRY,fill_in_uparams-37370)
585	0.065071	FalseGround	Unlabelled	SPOkGoodGood	Alarm(_G_-ENTRY,fill_in_uparams-37371)
586	0.0628493	FalseGround	Unlabelled	SPOkGoodGood	Alarm(_G_-ENTRY,_option_is_short-36616)
587	0.0538254	FalseGround	Unlabelled	SPOkGoodGood	Alarm(_G_-ENTRY,argp_args_usage-38429)
588	0.0538254	FalseGround	Unlabelled	SPOkGoodGood	Alarm(_G_-ENTRY,argp_args_usage-38430)
589	0.0538254	FalseGround	Unlabelled	SPOkGoodGood	Alarm(_G_-ENTRY,dbgtok-41263)
590	0.0538254	FalseGround	Unlabelled	SPOkGoodGood	Alarm(_G_-ENTRY,dbgtok-41264)
591	0.0538254	FalseGround	Unlabelled	SPOkGoodGood	Alarm(_G_-ENTRY,dbgtok-41265)
592	0.0538254	FalseGround	Unlabelled	SPOkGoodGood	Alarm(_G_-ENTRY,dbgtok-41266)
593	0.0509079	FalseGround	Unlabelled	SPOkGoodGood	Alarm(_G_-ENTRY,_option_is_short-36608)
594	0.0509079	FalseGround	Unlabelled	SPOkGoodGood	Alarm(_G_-ENTRY,_option_is_short-36609)
595	0.0471013	FalseGround	Unlabelled	SPOkGoodGood	Alarm(_G_-ENTRY,_argp_fmtstream_update-39010)
596	0.0471013	FalseGround	Unlabelled	SPOkGoodGood	Alarm(_G_-ENTRY,_argp_fmtstream_update-39019)
597	0.0471013	FalseGround	Unlabelled	SPOkGoodGood	Alarm(_G_-ENTRY,_argp_fmtstream_update-39027)
598	0.0471013	FalseGround	Unlabelled	SPOkGoodGood	Alarm(_G_-ENTRY,_argp_fmtstream_update-39048)
599	0.0471013	FalseGround	Unlabelled	SPOkGoodGood	Alarm(_G_-ENTRY,_argp_fmtstream_update-39053)
600	0.0471013	FalseGround	Unlabelled	SPOkGoodGood	Alarm(_G_-ENTRY,_argp_fmtstream_update-39071)
601	0.0471013	FalseGround	Unlabelled	SPOkGoodGood	Alarm(_G_-ENTRY,_argp_fmtstream_update-39074)
602	0.0471013	FalseGround	Unlabelled	SPOkGoodGood	Alarm(_G_-ENTRY,_argp_fmtstream_update-39083)
603	0.0471013	FalseGround	Unlabelled	SPOkGoodGood	Alarm(_G_-ENTRY,hol_entry_help-38084)
604	0.0471013	FalseGround	Unlabelled	SPOkGoodGood	Alarm(_G_-ENTRY,hol_entry_help-38085)
605	0.0471013	FalseGround	Unlabelled	SPOkGoodGood	Alarm(_G_-ENTRY,hol_entry_help-38095)
606	0.0471013	FalseGround	Unlabelled	SPOkGoodGood	Alarm(_G_-ENTRY,hol_entry_help-38103)
607	0.0471013	FalseGround	Unlabelled	SPOkGoodGood	Alarm(_G_-ENTRY,hol_entry_help-38108)
608	0.0471013	FalseGround	Unlabelled	SPOkGoodGood	Alarm(_G_-ENTRY,hol_entry_help-38118)
609	0.0471013	FalseGround	Unlabelled	SPOkGoodGood	Alarm(_G_-ENTRY,hol_entry_help-38121)
610	0.0471013	FalseGround	Unlabelled	SPOkGoodGood	Alarm(_G_-ENTRY,hol_entry_help-38131)
611	0.0471013	FalseGround	Unlabelled	SPOkGoodGood	Alarm(_G_-ENTRY,hol_entry_help-38145)
612	0.0471013	FalseGround	Unlabelled	SPOkGoodGood	Alarm(_G_-ENTRY,hol_usage-38363)
613	0.0471013	FalseGround	Unlabelled	SPOkGoodGood	Alarm(_G_-ENTRY,hol_usage-38370)
614	0.0471013	FalseGround	Unlabelled	SPOkGoodGood	Alarm(_G_-ENTRY,make_hol-37513)
615	0.0471013	FalseGround	Unlabelled	SPOkGoodGood	Alarm(_G_-ENTRY,make_hol-37518)
616	0.0471013	FalseGround	Unlabelled	SPOkGoodGood	Alarm(_G_-ENTRY,print_refs-42631)
617	0.0422354	FalseGround	Unlabelled	SPOkGoodGood	Alarm(_G_-ENTRY,hol_append-37868)
618	0.0422354	FalseGround	Unlabelled	SPOkGoodGood	Alarm(_G_-ENTRY,hol_append-37873)
619	0.038152	FalseGround	Unlabelled	SPOkGoodGood	Alarm(_G_-ENTRY,_argp_fmtstream_update-38954)
620	0.038152	FalseGround	Unlabelled	SPOkGoodGood	Alarm(_G_-ENTRY,_argp_fmtstream_update-38955)
621	0.038152	FalseGround	Unlabelled	SPOkGoodGood	Alarm(_G_-ENTRY,_argp_fmtstream_update-38962)
622	0.038152	FalseGround	Unlabelled	SPOkGoodGood	Alarm(_G_-ENTRY,_argp_fmtstream_update-38963)
623	0.038152	FalseGround	Unlabelled	SPOkGoodGood	Alarm(_G_-ENTRY,_argp_fmtstream_update-38968)
624	0.038152	FalseGround	Unlabelled	SPOkGoodGood	Alarm(_G_-ENTRY,_argp_fmtstream_update-38969)
625	0.038152	FalseGround	Unlabelled	SPOkGoodGood	Alarm(_G_-ENTRY,_argp_fmtstream_update-38972)
626	0.038152	FalseGround	Unlabelled	SPOkGoodGood	Alarm(_G_-ENTRY,_argp_fmtstream_update-38973)
627	0.038152	FalseGround	Unlabelled	SPOkGoodGood	Alarm(_G_-ENTRY,hol_entry_help-38018)
628	0.038152	FalseGround	Unlabelled	SPOkGoodGood	Alarm(_G_-ENTRY,hol_entry_help-38019)
629	0.038152	FalseGround	Unlabelled	SPOkGoodGood	Alarm(_G_-ENTRY,hol_entry_help-38022)
630	0.038152	FalseGround	Unlabelled	SPOkGoodGood	Alarm(_G_-ENTRY,hol_entry_help-38023)
631	0.038152	FalseGround	Unlabelled	SPOkGoodGood	Alarm(_G_-ENTRY,hol_entry_help-38024)
632	0.038152	FalseGround	Unlabelled	SPOkGoodGood	Alarm(_G_-ENTRY,hol_entry_help-38025)
633	0.038152	FalseGround	Unlabelled	SPOkGoodGood	Alarm(_G_-ENTRY,hol_entry_help-38030)
634	0.038152	FalseGround	Unlabelled	SPOkGoodGood	Alarm(_G_-ENTRY,hol_entry_help-38031)
635	0.038152	FalseGround	Unlabelled	SPOkGoodGood	Alarm(_G_-ENTRY,hol_entry_help-38032)
636	0.038152	FalseGround	Unlabelled	SPOkGoodGood	Alarm(_G_-ENTRY,hol_entry_help-38033)
637	0.038152	FalseGround	Unlabelled	SPOkGoodGood	Alarm(_G_-ENTRY,hol_entry_help-38038)
638	0.038152	FalseGround	Unlabelled	SPOkGoodGood	Alarm(_G_-ENTRY,hol_entry_help-38039)
639	0.038152	FalseGround	Unlabelled	SPOkGoodGood	Alarm(_G_-ENTRY,hol_entry_help-38040)
640	0.038152	FalseGround	Unlabelled	SPOkGoodGood	Alarm(_G_-ENTRY,hol_entry_help-38041)
641	0.038152	FalseGround	Unlabelled	SPOkGoodGood	Alarm(_G_-ENTRY,hol_entry_help-38044)
642	0.038152	FalseGround	Unlabelled	SPOkGoodGood	Alarm(_G_-ENTRY,hol_entry_help-38045)
643	0.038152	FalseGround	Unlabelled	SPOkGoodGood	Alarm(_G_-ENTRY,hol_entry_help-38046)
644	0.038152	FalseGround	Unlabelled	SPOkGoodGood	Alarm(_G_-ENTRY,hol_entry_help-38047)
645	0.038152	FalseGround	Unlabelled	SPOkGoodGood	Alarm(_G_-ENTRY,hol_entry_help-38048)
646	0.038152	FalseGround	Unlabelled	SPOkGoodGood	Alarm(_G_-ENTRY,hol_entry_help-38049)
647	0.038152	FalseGround	Unlabelled	SPOkGoodGood	Alarm(_G_-ENTRY,hol_entry_help-38050)
648	0.038152	FalseGround	Unlabelled	SPOkGoodGood	Alarm(_G_-ENTRY,hol_entry_help-38051)
649	0.038152	FalseGround	Unlabelled	SPOkGoodGood	Alarm(_G_-ENTRY,hol_entry_help-38054)
650	0.038152	FalseGround	Unlabelled	SPOkGoodGood	Alarm(_G_-ENTRY,hol_entry_help-38055)
651	0.038152	FalseGround	Unlabelled	SPOkGoodGood	Alarm(_G_-ENTRY,hol_entry_help-38056)
652	0.038152	FalseGround	Unlabelled	SPOkGoodGood	Alarm(_G_-ENTRY,hol_entry_help-38057)
653	0.038152	FalseGround	Unlabelled	SPOkGoodGood	Alarm(_G_-ENTRY,hol_entry_help-38062)
654	0.038152	FalseGround	Unlabelled	SPOkGoodGood	Alarm(_G_-ENTRY,hol_entry_help-38063)
655	0.038152	FalseGround	Unlabelled	SPOkGoodGood	Alarm(_G_-ENTRY,hol_entry_help-38068)
656	0.038152	FalseGround	Unlabelled	SPOkGoodGood	Alarm(_G_-ENTRY,hol_entry_help-38069)
657	0.038152	FalseGround	Unlabelled	SPOkGoodGood	Alarm(_G_-ENTRY,hol_entry_help-38070)
658	0.038152	FalseGround	Unlabelled	SPOkGoodGood	Alarm(_G_-ENTRY,hol_entry_help-38071)
659	0.038152	FalseGround	Unlabelled	SPOkGoodGood	Alarm(_G_-ENTRY,print_header-37944)
660	0.038152	FalseGround	Unlabelled	SPOkGoodGood	Alarm(_G_-ENTRY,print_header-37945)
661	0.038152	FalseGround	Unlabelled	SPOkGoodGood	Alarm(_G_-ENTRY,print_symbol-41068)
662	0.038152	FalseGround	Unlabelled	SPOkGoodGood	Alarm(_G_-ENTRY,print_symbol-41069)
663	0.038152	FalseGround	Unlabelled	SPOkGoodGood	Alarm(_G_-ENTRY,print_symbol-41070)
664	0.0356414	FalseGround	Unlabelled	SPOkGoodGood	Alarm(_G_-ENTRY,argp_hol-38395)
665	0.0356414	FalseGround	Unlabelled	SPOkGoodGood	Alarm(_G_-ENTRY,argp_hol-38397)
666	0.0356414	FalseGround	Unlabelled	SPOkGoodGood	Alarm(_G_-ENTRY,argp_hol-38401)
667	0.0343368	FalseGround	Unlabelled	SPOkGoodGood	Alarm(_G_-ENTRY,_argp_fmtstream_ensure-39139)
668	0.0309032	FalseGround	Unlabelled	SPOkGoodGood	Alarm(_G_-ENTRY,print_symbol-41063)
669	0.0309032	FalseGround	Unlabelled	SPOkGoodGood	Alarm(_G_-ENTRY,print_symbol-41064)
670	0.0309032	FalseGround	Unlabelled	SPOkGoodGood	Alarm(_G_-ENTRY,print_symbol-41065)
671	0.0309032	FalseGround	Unlabelled	SPOkGoodGood	Alarm(_G_-ENTRY,print_symbol-41066)
672	0.0294559	FalseGround	Unlabelled	SPOkGoodGood	Alarm(_G_-ENTRY,argp_hol-38386)
673	0.0294559	FalseGround	Unlabelled	SPOkGoodGood	Alarm(_G_-ENTRY,argp_hol-38387)
674	0.0294559	FalseGround	Unlabelled	SPOkGoodGood	Alarm(_G_-ENTRY,argp_hol-38388)
675	0.0294559	FalseGround	Unlabelled	SPOkGoodGood	Alarm(_G_-ENTRY,argp_hol-38389)
676	0.0294559	FalseGround	Unlabelled	SPOkGoodGood	Alarm(_G_-ENTRY,argp_hol-38390)
677	0.0294559	FalseGround	Unlabelled	SPOkGoodGood	Alarm(_G_-ENTRY,argp_hol-38391)
678	0.0278128	FalseGround	Unlabelled	SPOkGoodGood	Alarm(_G_-ENTRY,wordsplit_find_env-39722)
679	0.0278128	FalseGround	Unlabelled	SPOkGoodGood	Alarm(_G_-ENTRY,wordsplit_find_env-39723)
680	0.0251896	FalseGround	Unlabelled	SPOkGoodGood	Alarm(_G_-ENTRY,hol_find_entry-37646)
681	0.0251896	FalseGround	Unlabelled	SPOkGoodGood	Alarm(_G_-ENTRY,hol_find_entry-37647)
682	0.0251896	FalseGround	Unlabelled	SPOkGoodGood	Alarm(_G_-ENTRY,hol_find_entry-37648)
683	0.0206275	FalseGround	Unlabelled	SPOkGoodGood	Alarm(_G_-ENTRY,fill_in_uparams-37372)
684	0.0206275	FalseGround	Unlabelled	SPOkGoodGood	Alarm(_G_-ENTRY,fill_in_uparams-37373)
685	0.0206275	FalseGround	Unlabelled	SPOkGoodGood	Alarm(_G_-ENTRY,fill_in_uparams-37374)
686	0.0206275	FalseGround	Unlabelled	SPOkGoodGood	Alarm(_G_-ENTRY,fill_in_uparams-37375)
687	0.0204298	FalseGround	Unlabelled	SPOkGoodGood	Alarm(_G_-ENTRY,argp_args_usage-38470)
688	0.0204298	FalseGround	Unlabelled	SPOkGoodGood	Alarm(_G_-ENTRY,argp_args_usage-38472)
689	0.0204035	FalseGround	Unlabelled	SPOkGoodGood	Alarm(_G_-ENTRY,hol_find_entry-37638)
690	0.0204035	FalseGround	Unlabelled	SPOkGoodGood	Alarm(_G_-ENTRY,hol_find_entry-37639)
691	0.0204035	FalseGround	Unlabelled	SPOkGoodGood	Alarm(_G_-ENTRY,hol_find_entry-37640)
692	0.0204035	FalseGround	Unlabelled	SPOkGoodGood	Alarm(_G_-ENTRY,hol_find_entry-37641)
693	0.0202766	FalseGround	Unlabelled	SPOkGoodGood	Alarm(_G_-ENTRY,node_split_prefix-39650)
694	0.0182789	FalseGround	Unlabelled	SPOkGoodGood	Alarm(_G_-ENTRY,find_char-37455)
695	0.0182789	FalseGround	Unlabelled	SPOkGoodGood	Alarm(_G_-ENTRY,find_char-37456)
696	0.0165482	FalseGround	Unlabelled	SPOkGoodGood	Alarm(_G_-ENTRY,argp_args_usage-38427)
697	0.0165482	FalseGround	Unlabelled	SPOkGoodGood	Alarm(_G_-ENTRY,argp_args_usage-38428)
698	0.0165482	FalseGround	Unlabelled	SPOkGoodGood	Alarm(_G_-ENTRY,argp_args_usage-38443)
699	0.0165482	FalseGround	Unlabelled	SPOkGoodGood	Alarm(_G_-ENTRY,argp_args_usage-38444)
700	0.0165482	FalseGround	Unlabelled	SPOkGoodGood	Alarm(_G_-ENTRY,argp_args_usage-38445)
701	0.0165482	FalseGround	Unlabelled	SPOkGoodGood	Alarm(_G_-ENTRY,argp_args_usage-38446)
702	0.0150375	FalseGround	Unlabelled	SPOkGoodGood	Alarm(_G_-ENTRY,fill_in_uparams-37360)
703	0.0150375	FalseGround	Unlabelled	SPOkGoodGood	Alarm(_G_-ENTRY,fill_in_uparams-37361)
704	0.0133028	FalseGround	Unlabelled	SPOkGoodGood	Alarm(_G_-ENTRY,_argp_fmtstream_update-39078)
705	0.0133028	FalseGround	Unlabelled	SPOkGoodGood	Alarm(_G_-ENTRY,add_argless_short_opt-38274)
706	0.0133028	FalseGround	Unlabelled	SPOkGoodGood	Alarm(_G_-ENTRY,argp_fmtstream_write-37261)
707	0.0133028	FalseGround	Unlabelled	SPOkGoodGood	Alarm(_G_-ENTRY,argp_fmtstream_write-37263)
708	0.0133028	FalseGround	Unlabelled	SPOkGoodGood	Alarm(_G_-ENTRY,print_function-42636)
709	0.0133028	FalseGround	Unlabelled	SPOkGoodGood	Alarm(_G_-ENTRY,print_function-42637)
710	0.0133028	FalseGround	Unlabelled	SPOkGoodGood	Alarm(_G_-ENTRY,print_type-42642)
711	0.0133028	FalseGround	Unlabelled	SPOkGoodGood	Alarm(_G_-ENTRY,usage_argful_short_opt-38284)
712	0.0133028	FalseGround	Unlabelled	SPOkGoodGood	Alarm(_G_-ENTRY,usage_argful_short_opt-38285)
713	0.0133028	FalseGround	Unlabelled	SPOkGoodGood	Alarm(_G_-ENTRY,usage_argful_short_opt-38286)
714	0.0117617	FalseGround	Unlabelled	SPOkGoodGood	Alarm(_G_-ENTRY,hol_append-37865)
715	0.0117617	FalseGround	Unlabelled	SPOkGoodGood	Alarm(_G_-ENTRY,hol_append-37883)
716	0.0113613	FalseGround	Unlabelled	SPOkGoodGood	Alarm(_G_-ENTRY,sourcerc-41016)
717	0.0107753	FalseGround	Unlabelled	SPOkGoodGood	Alarm(_G_-ENTRY,add_argless_short_opt-38265)
718	0.0107753	FalseGround	Unlabelled	SPOkGoodGood	Alarm(_G_-ENTRY,add_argless_short_opt-38266)
719	0.0107753	FalseGround	Unlabelled	SPOkGoodGood	Alarm(_G_-ENTRY,add_argless_short_opt-38267)
720	0.0107753	FalseGround	Unlabelled	SPOkGoodGood	Alarm(_G_-ENTRY,add_argless_short_opt-38268)
721	0.0107753	FalseGround	Unlabelled	SPOkGoodGood	Alarm(_G_-ENTRY,add_argless_short_opt-38269)
722	0.0107753	FalseGround	Unlabelled	SPOkGoodGood	Alarm(_G_-ENTRY,add_argless_short_opt-38270)
723	0.0107753	FalseGround	Unlabelled	SPOkGoodGood	Alarm(_G_-ENTRY,make_hol-37480)
724	0.0107753	FalseGround	Unlabelled	SPOkGoodGood	Alarm(_G_-ENTRY,make_hol-37481)
725	0.0107753	FalseGround	Unlabelled	SPOkGoodGood	Alarm(_G_-ENTRY,print_function-42634)
726	0.0107753	FalseGround	Unlabelled	SPOkGoodGood	Alarm(_G_-ENTRY,print_function-42635)
727	0.0107753	FalseGround	Unlabelled	SPOkGoodGood	Alarm(_G_-ENTRY,print_type-42640)
728	0.0107753	FalseGround	Unlabelled	SPOkGoodGood	Alarm(_G_-ENTRY,print_type-42641)
729	0.00952696	FalseGround	Unlabelled	SPOkGoodGood	Alarm(_G_-ENTRY,hol_append-37832)
730	0.00952696	FalseGround	Unlabelled	SPOkGoodGood	Alarm(_G_-ENTRY,hol_append-37833)
731	0.00644929	FalseGround	Unlabelled	SPOkGoodGood	Alarm(_G_-ENTRY,usage_long_opt-38315)
732	0.00644929	FalseGround	Unlabelled	SPOkGoodGood	Alarm(_G_-ENTRY,usage_long_opt-38316)
733	0.00644929	FalseGround	Unlabelled	SPOkGoodGood	Alarm(_G_-ENTRY,usage_long_opt-38317)
734	0.00522393	FalseGround	Unlabelled	SPOkGoodGood	Alarm(_G_-ENTRY,usage_long_opt-38308)
735	0.00522393	FalseGround	Unlabelled	SPOkGoodGood	Alarm(_G_-ENTRY,usage_long_opt-38309)
736	0.00304325	FalseGround	Unlabelled	SPOkGoodGood	Alarm(_G_-ENTRY,hol_entry_long_iterate-37604)
737	0.00304325	FalseGround	Unlabelled	SPOkGoodGood	Alarm(_G_-ENTRY,hol_entry_long_iterate-37605)
738	0.00304325	FalseGround	Unlabelled	SPOkGoodGood	Alarm(_G_-ENTRY,hol_entry_short_iterate-37579)
739	0.00304325	FalseGround	Unlabelled	SPOkGoodGood	Alarm(_G_-ENTRY,hol_entry_short_iterate-37580)
740	0.00304325	FalseGround	Unlabelled	SPOkGoodGood	Alarm(_G_-ENTRY,hol_entry_short_iterate-37581)
741	0.00246503	FalseGround	Unlabelled	SPOkGoodGood	Alarm(_G_-ENTRY,hol_entry_long_iterate-37597)
742	0.00246503	FalseGround	Unlabelled	SPOkGoodGood	Alarm(_G_-ENTRY,hol_entry_long_iterate-37598)
743	0.00246503	FalseGround	Unlabelled	SPOkGoodGood	Alarm(_G_-ENTRY,hol_entry_long_iterate-37599)
744	0.00246503	FalseGround	Unlabelled	SPOkGoodGood	Alarm(_G_-ENTRY,hol_entry_long_iterate-37600)
745	0.00246503	FalseGround	Unlabelled	SPOkGoodGood	Alarm(_G_-ENTRY,hol_entry_long_iterate-37601)
746	0.00246503	FalseGround	Unlabelled	SPOkGoodGood	Alarm(_G_-ENTRY,hol_entry_long_iterate-37602)
747	0.00246503	FalseGround	Unlabelled	SPOkGoodGood	Alarm(_G_-ENTRY,hol_entry_short_iterate-37574)
748	0.00246503	FalseGround	Unlabelled	SPOkGoodGood	Alarm(_G_-ENTRY,hol_entry_short_iterate-37575)
749	0.00246503	FalseGround	Unlabelled	SPOkGoodGood	Alarm(_G_-ENTRY,hol_entry_short_iterate-37576)
750	0.00246503	FalseGround	Unlabelled	SPOkGoodGood	Alarm(_G_-ENTRY,hol_entry_short_iterate-37577)
751	0.00246503	FalseGround	Unlabelled	SPOkGoodGood	Alarm(_G_-ENTRY,print_symbol_type-41057)
752	0.00199668	FalseGround	Unlabelled	SPOkGoodGood	Alarm(_G_-ENTRY,print_symbol_type-41055)
753	0.00199668	FalseGround	Unlabelled	SPOkGoodGood	Alarm(_G_-ENTRY,print_symbol_type-41056)
754	0.00102623	FalseGround	Unlabelled	SPOkGoodGood	Alarm(_G_-ENTRY,hol_append-37857)
755	0.00102623	FalseGround	Unlabelled	SPOkGoodGood	Alarm(_G_-ENTRY,hol_append-37866)
756	0.00102623	FalseGround	Unlabelled	SPOkGoodGood	Alarm(_G_-ENTRY,hol_append-37867)
757	0.000626579	FalseGround	Unlabelled	SPOkGoodGood	Alarm(_G_-ENTRY,set_program_name-34753)
758	0.000563921	FalseGround	Unlabelled	SPOkGoodGood	Alarm(_G_-ENTRY,expvar-39856)
759	0.000563921	FalseGround	Unlabelled	SPOkGoodGood	Alarm(_G_-ENTRY,expvar-39902)
760	0.000507529	FalseGround	Unlabelled	SPOkGoodGood	Alarm(_G_-ENTRY,set_program_name-34755)
761	0.000380622	FalseGround	Unlabelled	SPOkGoodGood	Alarm(_G_-ENTRY,last_component-36557)
762	0.000380622	FalseGround	Unlabelled	SPOkGoodGood	Alarm(_G_-ENTRY,last_component-36558)
763	0.000380622	FalseGround	Unlabelled	SPOkGoodGood	Alarm(_G_-ENTRY,last_component-36561)
764	0.000380622	FalseGround	Unlabelled	SPOkGoodGood	Alarm(_G_-ENTRY,last_component-36562)
765	0.000299467	FalseGround	Unlabelled	SPOkGoodGood	Alarm(_G_-ENTRY,last_component-36559)
766	0.000299467	FalseGround	Unlabelled	SPOkGoodGood	Alarm(_G_-ENTRY,last_component-36560)
767	6.85596e-05	FalseGround	Unlabelled	SPOkGoodGood	Alarm(_G_-ENTRY,node_expand_vars-39945)
768	6.85596e-05	FalseGround	Unlabelled	SPOkGoodGood	Alarm(_G_-ENTRY,node_expand_vars-39946)
769	6.85596e-05	FalseGround	Unlabelled	SPOkGoodGood	Alarm(_G_-ENTRY,node_expand_vars-39947)
770	6.85596e-05	FalseGround	Unlabelled	SPOkGoodGood	Alarm(_G_-ENTRY,node_expand_vars-39948)
771	8.20831e-07	FalseGround	Unlabelled	SPOkGoodGood	Alarm(_G_-ENTRY,expvar-39742)
772	8.20831e-07	FalseGround	Unlabelled	SPOkGoodGood	Alarm(_G_-ENTRY,expvar-39743)
773	8.20831e-07	FalseGround	Unlabelled	SPOkGoodGood	Alarm(_G_-ENTRY,expvar-39744)
774	8.20831e-07	FalseGround	Unlabelled	SPOkGoodGood	Alarm(_G_-ENTRY,expvar-39745)
775	8.20831e-07	FalseGround	Unlabelled	SPOkGoodGood	Alarm(_G_-ENTRY,expvar-39748)
776	8.20831e-07	FalseGround	Unlabelled	SPOkGoodGood	Alarm(_G_-ENTRY,expvar-39749)
777	8.20831e-07	FalseGround	Unlabelled	SPOkGoodGood	Alarm(_G_-ENTRY,expvar-39750)
778	8.20831e-07	FalseGround	Unlabelled	SPOkGoodGood	Alarm(_G_-ENTRY,expvar-39751)
779	8.20831e-07	FalseGround	Unlabelled	SPOkGoodGood	Alarm(_G_-ENTRY,expvar-39752)
780	8.20831e-07	FalseGround	Unlabelled	SPOkGoodGood	Alarm(_G_-ENTRY,expvar-39753)
781	8.20831e-07	FalseGround	Unlabelled	SPOkGoodGood	Alarm(_G_-ENTRY,expvar-39754)
782	8.20831e-07	FalseGround	Unlabelled	SPOkGoodGood	Alarm(_G_-ENTRY,expvar-39755)
783	8.20831e-07	FalseGround	Unlabelled	SPOkGoodGood	Alarm(_G_-ENTRY,expvar-39756)
784	8.20831e-07	FalseGround	Unlabelled	SPOkGoodGood	Alarm(_G_-ENTRY,expvar-39757)
785	8.20831e-07	FalseGround	Unlabelled	SPOkGoodGood	Alarm(_G_-ENTRY,expvar-39758)
786	8.20831e-07	FalseGround	Unlabelled	SPOkGoodGood	Alarm(_G_-ENTRY,expvar-39759)
787	8.20831e-07	FalseGround	Unlabelled	SPOkGoodGood	Alarm(_G_-ENTRY,expvar-39760)
788	8.20831e-07	FalseGround	Unlabelled	SPOkGoodGood	Alarm(_G_-ENTRY,expvar-39761)
789	8.20831e-07	FalseGround	Unlabelled	SPOkGoodGood	Alarm(_G_-ENTRY,expvar-39762)
790	8.20831e-07	FalseGround	Unlabelled	SPOkGoodGood	Alarm(_G_-ENTRY,expvar-39763)
791	8.20831e-07	FalseGround	Unlabelled	SPOkGoodGood	Alarm(_G_-ENTRY,expvar-39764)
792	8.20831e-07	FalseGround	Unlabelled	SPOkGoodGood	Alarm(_G_-ENTRY,expvar-39765)
793	8.20831e-07	FalseGround	Unlabelled	SPOkGoodGood	Alarm(_G_-ENTRY,expvar-39766)
794	8.20831e-07	FalseGround	Unlabelled	SPOkGoodGood	Alarm(_G_-ENTRY,expvar-39767)
795	8.20831e-07	FalseGround	Unlabelled	SPOkGoodGood	Alarm(_G_-ENTRY,expvar-39768)
796	8.20831e-07	FalseGround	Unlabelled	SPOkGoodGood	Alarm(_G_-ENTRY,expvar-39769)
797	8.20831e-07	FalseGround	Unlabelled	SPOkGoodGood	Alarm(_G_-ENTRY,expvar-39772)
798	8.20831e-07	FalseGround	Unlabelled	SPOkGoodGood	Alarm(_G_-ENTRY,expvar-39773)
799	8.20831e-07	FalseGround	Unlabelled	SPOkGoodGood	Alarm(_G_-ENTRY,expvar-39774)
800	8.20831e-07	FalseGround	Unlabelled	SPOkGoodGood	Alarm(_G_-ENTRY,expvar-39775)
801	8.20831e-07	FalseGround	Unlabelled	SPOkGoodGood	Alarm(_G_-ENTRY,expvar-39776)
802	8.20831e-07	FalseGround	Unlabelled	SPOkGoodGood	Alarm(_G_-ENTRY,expvar-39777)
803	8.20831e-07	FalseGround	Unlabelled	SPOkGoodGood	Alarm(_G_-ENTRY,expvar-39780)
804	8.20831e-07	FalseGround	Unlabelled	SPOkGoodGood	Alarm(_G_-ENTRY,expvar-39781)
805	7.46089e-07	FalseGround	Unlabelled	SPOkGoodGood	Alarm(_G_-ENTRY,node_split_prefix-39651)
