Rank	Confidence	Ground	Label	Comments	Tuple
1	0.794003	FalseGround	Unlabelled	SPOkGoodGood	Alarm(_G_-ENTRY,_getopt_internal_r-36282)
2	0.574012	FalseGround	Unlabelled	SPOkGoodGood	Alarm(_G_-ENTRY,fill_in_uparams-37420)
3	0.464949	FalseGround	Unlabelled	SPOkGoodGood	Alarm(_G_-ENTRY,fill_in_uparams-37390)
4	0.464949	FalseGround	Unlabelled	SPOkGoodGood	Alarm(_G_-ENTRY,fill_in_uparams-37391)
5	0.445729	FalseGround	Unlabelled	SPOkGoodGood	Alarm(_G_-ENTRY,exchange-35998)
6	0.414077	FalseGround	Unlabelled	SPOkGoodGood	Alarm(_G_-ENTRY,argp_fmtstream_putc-34507)
7	0.414077	FalseGround	Unlabelled	SPOkGoodGood	Alarm(_G_-ENTRY,argp_fmtstream_putc-34510)
8	0.376609	FalseGround	Unlabelled	SPOkGoodGood	Alarm(_G_-ENTRY,argp_fmtstream_putc-37287)
9	0.376609	FalseGround	Unlabelled	SPOkGoodGood	Alarm(_G_-ENTRY,argp_fmtstream_putc-37290)
10	0.373623	FalseGround	Unlabelled	SPOkGoodGood	Alarm(_G_-ENTRY,parser_parse_next-37180)
11	0.353033	FalseGround	Unlabelled	SPOkGoodGood	Alarm(_G_-ENTRY,tree_output-42823)
12	0.353033	FalseGround	Unlabelled	SPOkGoodGood	Alarm(_G_-ENTRY,tree_output-42830)
13	0.34413	FalseGround	Unlabelled	SPOkGoodGood	Alarm(_G_-ENTRY,fill_in_uparams-37340)
14	0.34413	FalseGround	Unlabelled	SPOkGoodGood	Alarm(_G_-ENTRY,fill_in_uparams-37341)
15	0.34413	FalseGround	Unlabelled	SPOkGoodGood	Alarm(_G_-ENTRY,fill_in_uparams-37342)
16	0.34413	FalseGround	Unlabelled	SPOkGoodGood	Alarm(_G_-ENTRY,fill_in_uparams-37343)
17	0.34413	FalseGround	Unlabelled	SPOkGoodGood	Alarm(_G_-ENTRY,fill_in_uparams-37344)
18	0.34413	FalseGround	Unlabelled	SPOkGoodGood	Alarm(_G_-ENTRY,fill_in_uparams-37345)
19	0.34413	FalseGround	Unlabelled	SPOkGoodGood	Alarm(_G_-ENTRY,fill_in_uparams-37392)
20	0.34413	FalseGround	Unlabelled	SPOkGoodGood	Alarm(_G_-ENTRY,fill_in_uparams-37393)
21	0.335498	FalseGround	Unlabelled	SPOkGoodGood	Alarm(_G_-ENTRY,main-43786)
22	0.335498	FalseGround	Unlabelled	SPOkGoodGood	Alarm(_G_-ENTRY,main-43787)
23	0.313811	FalseGround	Unlabelled	SPOkGoodGood	Alarm(_G_-ENTRY,hol_entry_help-38144)
24	0.313811	FalseGround	Unlabelled	SPOkGoodGood	Alarm(_G_-ENTRY,parser_convert-36827)
25	0.313811	FalseGround	Unlabelled	SPOkGoodGood	Alarm(_G_-ENTRY,parser_convert-36828)
26	0.313811	FalseGround	Unlabelled	SPOkGoodGood	Alarm(_G_-ENTRY,sourcerc-41037)
27	0.313811	FalseGround	Unlabelled	SPOkGoodGood	Alarm(_G_-ENTRY,tolower-36593)
28	0.313811	FalseGround	Unlabelled	SPOkGoodGood	Alarm(_G_-ENTRY,toupper-36602)
29	0.313811	FalseGround	Unlabelled	SPOkGoodGood	Alarm(_G_-ENTRY,usage_argful_short_opt-38293)
30	0.313811	FalseGround	Unlabelled	SPOkGoodGood	Alarm(_G_-ENTRY,usage_argful_short_opt-38296)
31	0.313811	FalseGround	Unlabelled	SPOkGoodGood	Alarm(_G_-ENTRY,usage_long_opt-38323)
32	0.313811	FalseGround	Unlabelled	SPOkGoodGood	Alarm(_G_-ENTRY,usage_long_opt-38326)
33	0.313811	FalseGround	Unlabelled	SPOkGoodGood	Alarm(_G_-ENTRY,usage_long_opt-38329)
34	0.309263	FalseGround	Unlabelled	SPOkGoodGood	Alarm(_G_-ENTRY,comma-37994)
35	0.309263	FalseGround	Unlabelled	SPOkGoodGood	Alarm(_G_-ENTRY,comma-37996)
36	0.254789	FalseGround	Unlabelled	SPOkGoodGood	Alarm(_G_-ENTRY,_getopt_internal_r-36283)
37	0.254789	FalseGround	Unlabelled	SPOkGoodGood	Alarm(_G_-ENTRY,_getopt_internal_r-36293)
38	0.254789	FalseGround	Unlabelled	SPOkGoodGood	Alarm(_G_-ENTRY,_getopt_internal_r-36352)
39	0.254789	FalseGround	Unlabelled	SPOkGoodGood	Alarm(_G_-ENTRY,_getopt_internal_r-36364)
40	0.254789	FalseGround	Unlabelled	SPOkGoodGood	Alarm(_G_-ENTRY,_getopt_internal_r-36394)
41	0.254789	FalseGround	Unlabelled	SPOkGoodGood	Alarm(_G_-ENTRY,_getopt_internal_r-36428)
42	0.254789	FalseGround	Unlabelled	SPOkGoodGood	Alarm(_G_-ENTRY,_getopt_internal_r-36454)
43	0.254789	FalseGround	Unlabelled	SPOkGoodGood	Alarm(_G_-ENTRY,parser_parse_arg-37073)
44	0.250503	FalseGround	Unlabelled	SPOkGoodGood	Alarm(_G_-ENTRY,comma-37979)
45	0.250503	FalseGround	Unlabelled	SPOkGoodGood	Alarm(_G_-ENTRY,comma-37980)
46	0.250503	FalseGround	Unlabelled	SPOkGoodGood	Alarm(_G_-ENTRY,comma-37989)
47	0.250503	FalseGround	Unlabelled	SPOkGoodGood	Alarm(_G_-ENTRY,comma-37990)
48	0.233602	FalseGround	Unlabelled	SPOkGoodGood	Alarm(_G_-ENTRY,hol_usage-38352)
49	0.228141	FalseGround	Unlabelled	SPOkGoodGood	Alarm(_G_-ENTRY,collect_processor-40779)
50	0.224669	FalseGround	Unlabelled	SPOkGoodGood	Alarm(_G_-ENTRY,exchange-36005)
51	0.206379	FalseGround	Unlabelled	SPOkGoodGood	Alarm(_G_-ENTRY,_getopt_internal_r-36101)
52	0.206379	FalseGround	Unlabelled	SPOkGoodGood	Alarm(_G_-ENTRY,_getopt_internal_r-36102)
53	0.206379	FalseGround	Unlabelled	SPOkGoodGood	Alarm(_G_-ENTRY,_getopt_internal_r-36141)
54	0.206379	FalseGround	Unlabelled	SPOkGoodGood	Alarm(_G_-ENTRY,_getopt_internal_r-36142)
55	0.206379	FalseGround	Unlabelled	SPOkGoodGood	Alarm(_G_-ENTRY,_getopt_internal_r-36159)
56	0.206379	FalseGround	Unlabelled	SPOkGoodGood	Alarm(_G_-ENTRY,_getopt_internal_r-36160)
57	0.206379	FalseGround	Unlabelled	SPOkGoodGood	Alarm(_G_-ENTRY,_getopt_internal_r-36161)
58	0.206379	FalseGround	Unlabelled	SPOkGoodGood	Alarm(_G_-ENTRY,_getopt_internal_r-36162)
59	0.206379	FalseGround	Unlabelled	SPOkGoodGood	Alarm(_G_-ENTRY,_getopt_internal_r-36167)
60	0.206379	FalseGround	Unlabelled	SPOkGoodGood	Alarm(_G_-ENTRY,_getopt_internal_r-36168)
61	0.200581	FalseGround	Unlabelled	SPOkGoodGood	Alarm(_G_-ENTRY,transfer_entries-35784)
62	0.200581	FalseGround	Unlabelled	SPOkGoodGood	Alarm(_G_-ENTRY,transfer_entries-35794)
63	0.200581	FalseGround	Unlabelled	SPOkGoodGood	Alarm(_G_-ENTRY,transfer_entries-35795)
64	0.180773	FalseGround	Unlabelled	SPOkGoodGood	Alarm(_G_-ENTRY,group_parse-36714)
65	0.180773	FalseGround	Unlabelled	SPOkGoodGood	Alarm(_G_-ENTRY,group_parse-36715)
66	0.180773	FalseGround	Unlabelled	SPOkGoodGood	Alarm(_G_-ENTRY,group_parse-36716)
67	0.180773	FalseGround	Unlabelled	SPOkGoodGood	Alarm(_G_-ENTRY,group_parse-36717)
68	0.180773	FalseGround	Unlabelled	SPOkGoodGood	Alarm(_G_-ENTRY,group_parse-36718)
69	0.180773	FalseGround	Unlabelled	SPOkGoodGood	Alarm(_G_-ENTRY,group_parse-36719)
70	0.180773	FalseGround	Unlabelled	SPOkGoodGood	Alarm(_G_-ENTRY,hash_do_for_each-35561)
71	0.180773	FalseGround	Unlabelled	SPOkGoodGood	Alarm(_G_-ENTRY,hash_do_for_each-35563)
72	0.180773	FalseGround	Unlabelled	SPOkGoodGood	Alarm(_G_-ENTRY,hol_set_group-37658)
73	0.180773	FalseGround	Unlabelled	SPOkGoodGood	Alarm(_G_-ENTRY,wordsplit_strerror-39060)
74	0.174568	FalseGround	Unlabelled	SPOkGoodGood	Alarm(_G_-ENTRY,clear_active-42622)
75	0.171099	FalseGround	Unlabelled	SPOkGoodGood	Alarm(_G_-ENTRY,_getopt_internal_r-36107)
76	0.171099	FalseGround	Unlabelled	SPOkGoodGood	Alarm(_G_-ENTRY,_getopt_internal_r-36108)
77	0.171099	FalseGround	Unlabelled	SPOkGoodGood	Alarm(_G_-ENTRY,_getopt_internal_r-36117)
78	0.171099	FalseGround	Unlabelled	SPOkGoodGood	Alarm(_G_-ENTRY,_getopt_internal_r-36118)
79	0.171099	FalseGround	Unlabelled	SPOkGoodGood	Alarm(_G_-ENTRY,_getopt_internal_r-36119)
80	0.171099	FalseGround	Unlabelled	SPOkGoodGood	Alarm(_G_-ENTRY,_getopt_internal_r-36120)
81	0.171099	FalseGround	Unlabelled	SPOkGoodGood	Alarm(_G_-ENTRY,_getopt_internal_r-36121)
82	0.171099	FalseGround	Unlabelled	SPOkGoodGood	Alarm(_G_-ENTRY,_getopt_internal_r-36122)
83	0.169012	FalseGround	Unlabelled	SPOkGoodGood	Alarm(_G_-ENTRY,fill_in_uparams-37352)
84	0.169012	FalseGround	Unlabelled	SPOkGoodGood	Alarm(_G_-ENTRY,fill_in_uparams-37353)
85	0.169012	FalseGround	Unlabelled	SPOkGoodGood	Alarm(_G_-ENTRY,fill_in_uparams-37354)
86	0.169012	FalseGround	Unlabelled	SPOkGoodGood	Alarm(_G_-ENTRY,fill_in_uparams-37355)
87	0.166269	FalseGround	Unlabelled	SPOkGoodGood	Alarm(_G_-ENTRY,fill_in_uparams-37346)
88	0.166269	FalseGround	Unlabelled	SPOkGoodGood	Alarm(_G_-ENTRY,fill_in_uparams-37347)
89	0.166269	FalseGround	Unlabelled	SPOkGoodGood	Alarm(_G_-ENTRY,fill_in_uparams-37348)
90	0.166269	FalseGround	Unlabelled	SPOkGoodGood	Alarm(_G_-ENTRY,fill_in_uparams-37349)
91	0.166269	FalseGround	Unlabelled	SPOkGoodGood	Alarm(_G_-ENTRY,fill_in_uparams-37350)
92	0.166269	FalseGround	Unlabelled	SPOkGoodGood	Alarm(_G_-ENTRY,fill_in_uparams-37351)
93	0.166269	FalseGround	Unlabelled	SPOkGoodGood	Alarm(_G_-ENTRY,fill_in_uparams-37364)
94	0.166269	FalseGround	Unlabelled	SPOkGoodGood	Alarm(_G_-ENTRY,fill_in_uparams-37365)
95	0.166269	FalseGround	Unlabelled	SPOkGoodGood	Alarm(_G_-ENTRY,fill_in_uparams-37366)
96	0.166269	FalseGround	Unlabelled	SPOkGoodGood	Alarm(_G_-ENTRY,fill_in_uparams-37367)
97	0.166269	FalseGround	Unlabelled	SPOkGoodGood	Alarm(_G_-ENTRY,fill_in_uparams-37368)
98	0.166269	FalseGround	Unlabelled	SPOkGoodGood	Alarm(_G_-ENTRY,fill_in_uparams-37369)
99	0.162471	FalseGround	Unlabelled	SPOkGoodGood	Alarm(_G_-ENTRY,transfer_entries-35769)
100	0.162471	FalseGround	Unlabelled	SPOkGoodGood	Alarm(_G_-ENTRY,transfer_entries-35770)
101	0.150835	FalseGround	Unlabelled	SPOkGoodGood	Alarm(_G_-ENTRY,direct_tree-42701)
102	0.150257	FalseGround	Unlabelled	SPOkGoodGood	Alarm(_G_-ENTRY,arg-37927)
103	0.150257	FalseGround	Unlabelled	SPOkGoodGood	Alarm(_G_-ENTRY,arg-37929)
104	0.149482	FalseGround	Unlabelled	SPOkGoodGood	Alarm(_G_-ENTRY,hol_usage-38359)
105	0.146426	FalseGround	Unlabelled	SPOkGoodGood	Alarm(_G_-ENTRY,group_parse-36712)
106	0.146426	FalseGround	Unlabelled	SPOkGoodGood	Alarm(_G_-ENTRY,group_parse-36713)
107	0.146426	FalseGround	Unlabelled	SPOkGoodGood	Alarm(_G_-ENTRY,hash_do_for_each-35552)
108	0.146426	FalseGround	Unlabelled	SPOkGoodGood	Alarm(_G_-ENTRY,hash_do_for_each-35553)
109	0.146426	FalseGround	Unlabelled	SPOkGoodGood	Alarm(_G_-ENTRY,hol_help-38232)
110	0.146426	FalseGround	Unlabelled	SPOkGoodGood	Alarm(_G_-ENTRY,hol_help-38233)
111	0.141782	FalseGround	Unlabelled	SPOkGoodGood	Alarm(_G_-ENTRY,collect_functions-40828)
112	0.141782	FalseGround	Unlabelled	SPOkGoodGood	Alarm(_G_-ENTRY,hol_entry_help-38122)
113	0.141782	FalseGround	Unlabelled	SPOkGoodGood	Alarm(_G_-ENTRY,hol_entry_help-38149)
114	0.141782	FalseGround	Unlabelled	SPOkGoodGood	Alarm(_G_-ENTRY,hol_entry_help-38173)
115	0.141782	FalseGround	Unlabelled	SPOkGoodGood	Alarm(_G_-ENTRY,make_hol-37514)
116	0.136368	FalseGround	Unlabelled	SPOkGoodGood	Alarm(_G_-ENTRY,_getopt_internal_r-33262)
117	0.136368	FalseGround	Unlabelled	SPOkGoodGood	Alarm(_G_-ENTRY,_getopt_internal_r-36349)
118	0.136368	FalseGround	Unlabelled	SPOkGoodGood	Alarm(_G_-ENTRY,_getopt_internal_r-36357)
119	0.136368	FalseGround	Unlabelled	SPOkGoodGood	Alarm(_G_-ENTRY,_getopt_internal_r-36363)
120	0.135085	FalseGround	Unlabelled	SPOkGoodGood	Alarm(_G_-ENTRY,_getopt_internal_r-33464)
121	0.135085	FalseGround	Unlabelled	SPOkGoodGood	Alarm(_G_-ENTRY,_getopt_internal_r-36328)
122	0.135085	FalseGround	Unlabelled	SPOkGoodGood	Alarm(_G_-ENTRY,_getopt_internal_r-36344)
123	0.135085	FalseGround	Unlabelled	SPOkGoodGood	Alarm(_G_-ENTRY,_getopt_internal_r-36346)
124	0.135085	FalseGround	Unlabelled	SPOkGoodGood	Alarm(_G_-ENTRY,_getopt_internal_r-36354)
125	0.135085	FalseGround	Unlabelled	SPOkGoodGood	Alarm(_G_-ENTRY,_getopt_internal_r-36366)
126	0.135085	FalseGround	Unlabelled	SPOkGoodGood	Alarm(_G_-ENTRY,_getopt_internal_r-36368)
127	0.135085	FalseGround	Unlabelled	SPOkGoodGood	Alarm(_G_-ENTRY,_getopt_internal_r-36379)
128	0.135085	FalseGround	Unlabelled	SPOkGoodGood	Alarm(_G_-ENTRY,_getopt_internal_r-36388)
129	0.135085	FalseGround	Unlabelled	SPOkGoodGood	Alarm(_G_-ENTRY,_getopt_internal_r-36416)
130	0.135085	FalseGround	Unlabelled	SPOkGoodGood	Alarm(_G_-ENTRY,_getopt_internal_r-36423)
131	0.135085	FalseGround	Unlabelled	SPOkGoodGood	Alarm(_G_-ENTRY,_getopt_internal_r-36430)
132	0.135085	FalseGround	Unlabelled	SPOkGoodGood	Alarm(_G_-ENTRY,_getopt_internal_r-36439)
133	0.135085	FalseGround	Unlabelled	SPOkGoodGood	Alarm(_G_-ENTRY,_getopt_internal_r-36448)
134	0.135085	FalseGround	Unlabelled	SPOkGoodGood	Alarm(_G_-ENTRY,dbgtok-41272)
135	0.135085	FalseGround	Unlabelled	SPOkGoodGood	Alarm(_G_-ENTRY,exchange-35996)
136	0.135085	FalseGround	Unlabelled	SPOkGoodGood	Alarm(_G_-ENTRY,exchange-35997)
137	0.135085	FalseGround	Unlabelled	SPOkGoodGood	Alarm(_G_-ENTRY,exchange-36003)
138	0.135085	FalseGround	Unlabelled	SPOkGoodGood	Alarm(_G_-ENTRY,exchange-36004)
139	0.135085	FalseGround	Unlabelled	SPOkGoodGood	Alarm(_G_-ENTRY,expand_argcv-40901)
140	0.135085	FalseGround	Unlabelled	SPOkGoodGood	Alarm(_G_-ENTRY,expand_argcv-40903)
141	0.135085	FalseGround	Unlabelled	SPOkGoodGood	Alarm(_G_-ENTRY,hol_sort-37811)
142	0.135085	FalseGround	Unlabelled	SPOkGoodGood	Alarm(_G_-ENTRY,main-43826)
143	0.135085	FalseGround	Unlabelled	SPOkGoodGood	Alarm(_G_-ENTRY,make_hol-37501)
144	0.135085	FalseGround	Unlabelled	SPOkGoodGood	Alarm(_G_-ENTRY,make_hol-37502)
145	0.135085	FalseGround	Unlabelled	SPOkGoodGood	Alarm(_G_-ENTRY,make_hol-37503)
146	0.135085	FalseGround	Unlabelled	SPOkGoodGood	Alarm(_G_-ENTRY,make_hol-37504)
147	0.135085	FalseGround	Unlabelled	SPOkGoodGood	Alarm(_G_-ENTRY,make_hol-37510)
148	0.135085	FalseGround	Unlabelled	SPOkGoodGood	Alarm(_G_-ENTRY,make_hol-37511)
149	0.135085	FalseGround	Unlabelled	SPOkGoodGood	Alarm(_G_-ENTRY,make_hol-37512)
150	0.135085	FalseGround	Unlabelled	SPOkGoodGood	Alarm(_G_-ENTRY,make_hol-37521)
151	0.135085	FalseGround	Unlabelled	SPOkGoodGood	Alarm(_G_-ENTRY,parser_convert-36823)
152	0.135085	FalseGround	Unlabelled	SPOkGoodGood	Alarm(_G_-ENTRY,parser_convert-36826)
153	0.135085	FalseGround	Unlabelled	SPOkGoodGood	Alarm(_G_-ENTRY,parser_init-36938)
154	0.135085	FalseGround	Unlabelled	SPOkGoodGood	Alarm(_G_-ENTRY,parser_init-36939)
155	0.135085	FalseGround	Unlabelled	SPOkGoodGood	Alarm(_G_-ENTRY,set_level_mark-42540)
156	0.135085	FalseGround	Unlabelled	SPOkGoodGood	Alarm(_G_-ENTRY,sourcerc-41024)
157	0.135085	FalseGround	Unlabelled	SPOkGoodGood	Alarm(_G_-ENTRY,tree_output-42785)
158	0.135085	FalseGround	Unlabelled	SPOkGoodGood	Alarm(_G_-ENTRY,tree_output-42809)
159	0.135085	FalseGround	Unlabelled	SPOkGoodGood	Alarm(_G_-ENTRY,tree_output-42815)
160	0.135085	FalseGround	Unlabelled	SPOkGoodGood	Alarm(_G_-ENTRY,unlink_symbol-40707)
161	0.135085	FalseGround	Unlabelled	SPOkGoodGood	Alarm(_G_-ENTRY,version_etc_arn-32987)
162	0.135085	FalseGround	Unlabelled	SPOkGoodGood	Alarm(_G_-ENTRY,version_etc_arn-32989)
163	0.135085	FalseGround	Unlabelled	SPOkGoodGood	Alarm(_G_-ENTRY,version_etc_arn-32991)
164	0.135085	FalseGround	Unlabelled	SPOkGoodGood	Alarm(_G_-ENTRY,version_etc_arn-32993)
165	0.135085	FalseGround	Unlabelled	SPOkGoodGood	Alarm(_G_-ENTRY,version_etc_arn-32995)
166	0.135085	FalseGround	Unlabelled	SPOkGoodGood	Alarm(_G_-ENTRY,version_etc_arn-32997)
167	0.135085	FalseGround	Unlabelled	SPOkGoodGood	Alarm(_G_-ENTRY,version_etc_arn-32999)
168	0.135085	FalseGround	Unlabelled	SPOkGoodGood	Alarm(_G_-ENTRY,version_etc_arn-33001)
169	0.135085	FalseGround	Unlabelled	SPOkGoodGood	Alarm(_G_-ENTRY,wordsplit_perror-40502)
170	0.124384	FalseGround	Unlabelled	SPOkGoodGood	Alarm(_G_-ENTRY,xref_output-42655)
171	0.122177	FalseGround	Unlabelled	SPOkGoodGood	Alarm(_G_-ENTRY,direct_tree-42681)
172	0.122177	FalseGround	Unlabelled	SPOkGoodGood	Alarm(_G_-ENTRY,direct_tree-42682)
173	0.122177	FalseGround	Unlabelled	SPOkGoodGood	Alarm(_G_-ENTRY,direct_tree-42691)
174	0.122177	FalseGround	Unlabelled	SPOkGoodGood	Alarm(_G_-ENTRY,direct_tree-42692)
175	0.122177	FalseGround	Unlabelled	SPOkGoodGood	Alarm(_G_-ENTRY,direct_tree-42693)
176	0.122177	FalseGround	Unlabelled	SPOkGoodGood	Alarm(_G_-ENTRY,direct_tree-42694)
177	0.121708	FalseGround	Unlabelled	SPOkGoodGood	Alarm(_G_-ENTRY,arg-37923)
178	0.121708	FalseGround	Unlabelled	SPOkGoodGood	Alarm(_G_-ENTRY,arg-37924)
179	0.121708	FalseGround	Unlabelled	SPOkGoodGood	Alarm(_G_-ENTRY,arg-37925)
180	0.121708	FalseGround	Unlabelled	SPOkGoodGood	Alarm(_G_-ENTRY,arg-37926)
181	0.119146	FalseGround	Unlabelled	SPOkGoodGood	Alarm(_G_-ENTRY,parser_parse_opt-37089)
182	0.119146	FalseGround	Unlabelled	SPOkGoodGood	Alarm(_G_-ENTRY,parser_parse_opt-37090)
183	0.118157	FalseGround	Unlabelled	SPOkGoodGood	Alarm(_G_-ENTRY,_getopt_internal_r-36294)
184	0.114352	FalseGround	Unlabelled	SPOkGoodGood	Alarm(_G_-ENTRY,_getopt_internal_r-36135)
185	0.114352	FalseGround	Unlabelled	SPOkGoodGood	Alarm(_G_-ENTRY,_getopt_internal_r-36136)
186	0.114352	FalseGround	Unlabelled	SPOkGoodGood	Alarm(_G_-ENTRY,_getopt_internal_r-36137)
187	0.114352	FalseGround	Unlabelled	SPOkGoodGood	Alarm(_G_-ENTRY,_getopt_internal_r-36138)
188	0.114352	FalseGround	Unlabelled	SPOkGoodGood	Alarm(_G_-ENTRY,_getopt_internal_r-36143)
189	0.114352	FalseGround	Unlabelled	SPOkGoodGood	Alarm(_G_-ENTRY,_getopt_internal_r-36144)
190	0.114352	FalseGround	Unlabelled	SPOkGoodGood	Alarm(_G_-ENTRY,_getopt_internal_r-36153)
191	0.114352	FalseGround	Unlabelled	SPOkGoodGood	Alarm(_G_-ENTRY,_getopt_internal_r-36154)
192	0.114352	FalseGround	Unlabelled	SPOkGoodGood	Alarm(_G_-ENTRY,_getopt_internal_r-36195)
193	0.114352	FalseGround	Unlabelled	SPOkGoodGood	Alarm(_G_-ENTRY,_getopt_internal_r-36196)
194	0.114352	FalseGround	Unlabelled	SPOkGoodGood	Alarm(_G_-ENTRY,_getopt_internal_r-36197)
195	0.114352	FalseGround	Unlabelled	SPOkGoodGood	Alarm(_G_-ENTRY,_getopt_internal_r-36198)
196	0.1128	FalseGround	Unlabelled	SPOkGoodGood	Alarm(_G_-ENTRY,set_active-42665)
197	0.109419	FalseGround	Unlabelled	SPOkGoodGood	Alarm(_G_-ENTRY,_getopt_internal_r-36199)
198	0.109419	FalseGround	Unlabelled	SPOkGoodGood	Alarm(_G_-ENTRY,_getopt_internal_r-36200)
199	0.109419	FalseGround	Unlabelled	SPOkGoodGood	Alarm(_G_-ENTRY,_getopt_internal_r-36209)
200	0.109419	FalseGround	Unlabelled	SPOkGoodGood	Alarm(_G_-ENTRY,_getopt_internal_r-36210)
201	0.109419	FalseGround	Unlabelled	SPOkGoodGood	Alarm(_G_-ENTRY,_getopt_internal_r-36211)
202	0.109419	FalseGround	Unlabelled	SPOkGoodGood	Alarm(_G_-ENTRY,_getopt_internal_r-36212)
203	0.109419	FalseGround	Unlabelled	SPOkGoodGood	Alarm(_G_-ENTRY,_getopt_internal_r-36213)
204	0.109419	FalseGround	Unlabelled	SPOkGoodGood	Alarm(_G_-ENTRY,_getopt_internal_r-36214)
205	0.109419	FalseGround	Unlabelled	SPOkGoodGood	Alarm(_G_-ENTRY,_getopt_internal_r-36225)
206	0.109419	FalseGround	Unlabelled	SPOkGoodGood	Alarm(_G_-ENTRY,_getopt_internal_r-36226)
207	0.109419	FalseGround	Unlabelled	SPOkGoodGood	Alarm(_G_-ENTRY,_getopt_internal_r-36229)
208	0.109419	FalseGround	Unlabelled	SPOkGoodGood	Alarm(_G_-ENTRY,_getopt_internal_r-36230)
209	0.109419	FalseGround	Unlabelled	SPOkGoodGood	Alarm(_G_-ENTRY,_getopt_internal_r-36239)
210	0.109419	FalseGround	Unlabelled	SPOkGoodGood	Alarm(_G_-ENTRY,_getopt_internal_r-36240)
211	0.109419	FalseGround	Unlabelled	SPOkGoodGood	Alarm(_G_-ENTRY,hol_entry_help-38074)
212	0.109419	FalseGround	Unlabelled	SPOkGoodGood	Alarm(_G_-ENTRY,hol_entry_help-38075)
213	0.109419	FalseGround	Unlabelled	SPOkGoodGood	Alarm(_G_-ENTRY,hol_entry_short_iterate-37572)
214	0.109419	FalseGround	Unlabelled	SPOkGoodGood	Alarm(_G_-ENTRY,hol_entry_short_iterate-37573)
215	0.109419	FalseGround	Unlabelled	SPOkGoodGood	Alarm(_G_-ENTRY,make_hol-37468)
216	0.109419	FalseGround	Unlabelled	SPOkGoodGood	Alarm(_G_-ENTRY,make_hol-37469)
217	0.109419	FalseGround	Unlabelled	SPOkGoodGood	Alarm(_G_-ENTRY,make_hol-37470)
218	0.109419	FalseGround	Unlabelled	SPOkGoodGood	Alarm(_G_-ENTRY,make_hol-37471)
219	0.109419	FalseGround	Unlabelled	SPOkGoodGood	Alarm(_G_-ENTRY,make_hol-37472)
220	0.109419	FalseGround	Unlabelled	SPOkGoodGood	Alarm(_G_-ENTRY,make_hol-37473)
221	0.109419	FalseGround	Unlabelled	SPOkGoodGood	Alarm(_G_-ENTRY,number-42955)
222	0.109419	FalseGround	Unlabelled	SPOkGoodGood	Alarm(_G_-ENTRY,number-42956)
223	0.109419	FalseGround	Unlabelled	SPOkGoodGood	Alarm(_G_-ENTRY,sourcerc-40985)
224	0.109419	FalseGround	Unlabelled	SPOkGoodGood	Alarm(_G_-ENTRY,sourcerc-40986)
225	0.105218	FalseGround	Unlabelled	SPOkGoodGood	Alarm(_G_-ENTRY,_getopt_internal_r-36374)
226	0.105102	FalseGround	Unlabelled	SPOkGoodGood	Alarm(_G_-ENTRY,parse_level_string-43015)
227	0.105102	FalseGround	Unlabelled	SPOkGoodGood	Alarm(_G_-ENTRY,parse_level_string-43016)
228	0.105102	FalseGround	Unlabelled	SPOkGoodGood	Alarm(_G_-ENTRY,parse_level_string-43017)
229	0.105102	FalseGround	Unlabelled	SPOkGoodGood	Alarm(_G_-ENTRY,parse_level_string-43018)
230	0.105102	FalseGround	Unlabelled	SPOkGoodGood	Alarm(_G_-ENTRY,parse_level_string-43019)
231	0.105102	FalseGround	Unlabelled	SPOkGoodGood	Alarm(_G_-ENTRY,parse_level_string-43020)
232	0.105102	FalseGround	Unlabelled	SPOkGoodGood	Alarm(_G_-ENTRY,parse_level_string-43021)
233	0.105102	FalseGround	Unlabelled	SPOkGoodGood	Alarm(_G_-ENTRY,parse_level_string-43022)
234	0.105102	FalseGround	Unlabelled	SPOkGoodGood	Alarm(_G_-ENTRY,parse_level_string-43023)
235	0.105102	FalseGround	Unlabelled	SPOkGoodGood	Alarm(_G_-ENTRY,parse_level_string-43024)
236	0.105102	FalseGround	Unlabelled	SPOkGoodGood	Alarm(_G_-ENTRY,parse_level_string-43025)
237	0.105102	FalseGround	Unlabelled	SPOkGoodGood	Alarm(_G_-ENTRY,parse_level_string-43026)
238	0.105102	FalseGround	Unlabelled	SPOkGoodGood	Alarm(_G_-ENTRY,parse_level_string-43027)
239	0.105102	FalseGround	Unlabelled	SPOkGoodGood	Alarm(_G_-ENTRY,parse_level_string-43028)
240	0.105102	FalseGround	Unlabelled	SPOkGoodGood	Alarm(_G_-ENTRY,parse_level_string-43029)
241	0.105102	FalseGround	Unlabelled	SPOkGoodGood	Alarm(_G_-ENTRY,parse_level_string-43030)
242	0.105102	FalseGround	Unlabelled	SPOkGoodGood	Alarm(_G_-ENTRY,parse_level_string-43031)
243	0.105102	FalseGround	Unlabelled	SPOkGoodGood	Alarm(_G_-ENTRY,parse_level_string-43032)
244	0.105102	FalseGround	Unlabelled	SPOkGoodGood	Alarm(_G_-ENTRY,parse_level_string-43033)
245	0.105102	FalseGround	Unlabelled	SPOkGoodGood	Alarm(_G_-ENTRY,parse_level_string-43034)
246	0.0852263	FalseGround	Unlabelled	SPOkGoodGood	Alarm(_G_-ENTRY,_getopt_internal_r-36103)
247	0.0852263	FalseGround	Unlabelled	SPOkGoodGood	Alarm(_G_-ENTRY,_getopt_internal_r-36104)
248	0.0852263	FalseGround	Unlabelled	SPOkGoodGood	Alarm(_G_-ENTRY,_getopt_internal_r-36105)
249	0.0852263	FalseGround	Unlabelled	SPOkGoodGood	Alarm(_G_-ENTRY,_getopt_internal_r-36106)
250	0.0852263	FalseGround	Unlabelled	SPOkGoodGood	Alarm(_G_-ENTRY,_getopt_internal_r-36171)
251	0.0852263	FalseGround	Unlabelled	SPOkGoodGood	Alarm(_G_-ENTRY,_getopt_internal_r-36172)
252	0.0852263	FalseGround	Unlabelled	SPOkGoodGood	Alarm(_G_-ENTRY,_getopt_internal_r-36187)
253	0.0852263	FalseGround	Unlabelled	SPOkGoodGood	Alarm(_G_-ENTRY,_getopt_internal_r-36188)
254	0.0852263	FalseGround	Unlabelled	SPOkGoodGood	Alarm(_G_-ENTRY,_getopt_internal_r-36245)
255	0.0852263	FalseGround	Unlabelled	SPOkGoodGood	Alarm(_G_-ENTRY,_getopt_internal_r-36246)
256	0.0852263	FalseGround	Unlabelled	SPOkGoodGood	Alarm(_G_-ENTRY,_getopt_internal_r-36247)
257	0.0852263	FalseGround	Unlabelled	SPOkGoodGood	Alarm(_G_-ENTRY,_getopt_internal_r-36248)
258	0.0838467	FalseGround	Unlabelled	SPOkGoodGood	Alarm(_G_-ENTRY,cleanup_stack-41401)
259	0.074978	FalseGround	Unlabelled	SPOkGoodGood	Alarm(_G_-ENTRY,inverted_tree-42739)
260	0.0740299	FalseGround	Unlabelled	SPOkGoodGood	Alarm(_G_-ENTRY,wsnode_quoteremoval-39547)
261	0.0664511	FalseGround	Unlabelled	SPOkGoodGood	Alarm(_G_-ENTRY,dbgtok-41268)
262	0.0664511	FalseGround	Unlabelled	SPOkGoodGood	Alarm(_G_-ENTRY,dbgtok-41270)
263	0.065071	FalseGround	Unlabelled	SPOkGoodGood	Alarm(_G_-ENTRY,fill_in_uparams-37356)
264	0.065071	FalseGround	Unlabelled	SPOkGoodGood	Alarm(_G_-ENTRY,fill_in_uparams-37357)
265	0.065071	FalseGround	Unlabelled	SPOkGoodGood	Alarm(_G_-ENTRY,fill_in_uparams-37358)
266	0.065071	FalseGround	Unlabelled	SPOkGoodGood	Alarm(_G_-ENTRY,fill_in_uparams-37359)
267	0.065071	FalseGround	Unlabelled	SPOkGoodGood	Alarm(_G_-ENTRY,fill_in_uparams-37370)
268	0.065071	FalseGround	Unlabelled	SPOkGoodGood	Alarm(_G_-ENTRY,fill_in_uparams-37371)
269	0.0628493	FalseGround	Unlabelled	SPOkGoodGood	Alarm(_G_-ENTRY,_option_is_short-36616)
270	0.0628493	FalseGround	Unlabelled	SPOkGoodGood	Alarm(_G_-ENTRY,register_output-42564)
271	0.0628493	FalseGround	Unlabelled	SPOkGoodGood	Alarm(_G_-ENTRY,register_output-42565)
272	0.0628493	FalseGround	Unlabelled	SPOkGoodGood	Alarm(_G_-ENTRY,register_output-42566)
273	0.0628493	FalseGround	Unlabelled	SPOkGoodGood	Alarm(_G_-ENTRY,restore-41334)
274	0.0607322	FalseGround	Unlabelled	SPOkGoodGood	Alarm(_G_-ENTRY,inverted_tree-42719)
275	0.0607322	FalseGround	Unlabelled	SPOkGoodGood	Alarm(_G_-ENTRY,inverted_tree-42720)
276	0.0607322	FalseGround	Unlabelled	SPOkGoodGood	Alarm(_G_-ENTRY,inverted_tree-42729)
277	0.0607322	FalseGround	Unlabelled	SPOkGoodGood	Alarm(_G_-ENTRY,inverted_tree-42730)
278	0.0607322	FalseGround	Unlabelled	SPOkGoodGood	Alarm(_G_-ENTRY,inverted_tree-42731)
279	0.0607322	FalseGround	Unlabelled	SPOkGoodGood	Alarm(_G_-ENTRY,inverted_tree-42732)
280	0.0569421	FalseGround	Unlabelled	SPOkGoodGood	Alarm(_G_-ENTRY,_getopt_internal_r-36269)
281	0.0569421	FalseGround	Unlabelled	SPOkGoodGood	Alarm(_G_-ENTRY,_getopt_internal_r-36278)
282	0.0548397	FalseGround	Unlabelled	SPOkGoodGood	Alarm(_G_-ENTRY,parser_parse_opt-37108)
283	0.0538254	FalseGround	Unlabelled	SPOkGoodGood	Alarm(_G_-ENTRY,argp_args_usage-38429)
284	0.0538254	FalseGround	Unlabelled	SPOkGoodGood	Alarm(_G_-ENTRY,argp_args_usage-38430)
285	0.0538254	FalseGround	Unlabelled	SPOkGoodGood	Alarm(_G_-ENTRY,dbgtok-41263)
286	0.0538254	FalseGround	Unlabelled	SPOkGoodGood	Alarm(_G_-ENTRY,dbgtok-41264)
287	0.0538254	FalseGround	Unlabelled	SPOkGoodGood	Alarm(_G_-ENTRY,dbgtok-41265)
288	0.0538254	FalseGround	Unlabelled	SPOkGoodGood	Alarm(_G_-ENTRY,dbgtok-41266)
289	0.0509079	FalseGround	Unlabelled	SPOkGoodGood	Alarm(_G_-ENTRY,_option_is_short-36608)
290	0.0509079	FalseGround	Unlabelled	SPOkGoodGood	Alarm(_G_-ENTRY,_option_is_short-36609)
291	0.0485294	FalseGround	Unlabelled	SPOkGoodGood	Alarm(_G_-ENTRY,include_symbol-43719)
292	0.0485294	FalseGround	Unlabelled	SPOkGoodGood	Alarm(_G_-ENTRY,include_symbol-43720)
293	0.0485294	FalseGround	Unlabelled	SPOkGoodGood	Alarm(_G_-ENTRY,include_symbol-43721)
294	0.0485294	FalseGround	Unlabelled	SPOkGoodGood	Alarm(_G_-ENTRY,include_symbol-43722)
295	0.0485294	FalseGround	Unlabelled	SPOkGoodGood	Alarm(_G_-ENTRY,include_symbol-43725)
296	0.0485294	FalseGround	Unlabelled	SPOkGoodGood	Alarm(_G_-ENTRY,include_symbol-43726)
297	0.0485294	FalseGround	Unlabelled	SPOkGoodGood	Alarm(_G_-ENTRY,include_symbol-43727)
298	0.0485294	FalseGround	Unlabelled	SPOkGoodGood	Alarm(_G_-ENTRY,include_symbol-43728)
299	0.0485294	FalseGround	Unlabelled	SPOkGoodGood	Alarm(_G_-ENTRY,include_symbol-43729)
300	0.0485294	FalseGround	Unlabelled	SPOkGoodGood	Alarm(_G_-ENTRY,include_symbol-43730)
301	0.0485294	FalseGround	Unlabelled	SPOkGoodGood	Alarm(_G_-ENTRY,include_symbol-43731)
302	0.0485294	FalseGround	Unlabelled	SPOkGoodGood	Alarm(_G_-ENTRY,include_symbol-43732)
303	0.0485294	FalseGround	Unlabelled	SPOkGoodGood	Alarm(_G_-ENTRY,include_symbol-43733)
304	0.0485294	FalseGround	Unlabelled	SPOkGoodGood	Alarm(_G_-ENTRY,include_symbol-43734)
305	0.0485294	FalseGround	Unlabelled	SPOkGoodGood	Alarm(_G_-ENTRY,include_symbol-43735)
306	0.0485294	FalseGround	Unlabelled	SPOkGoodGood	Alarm(_G_-ENTRY,include_symbol-43736)
307	0.0485294	FalseGround	Unlabelled	SPOkGoodGood	Alarm(_G_-ENTRY,include_symbol-43737)
308	0.0485294	FalseGround	Unlabelled	SPOkGoodGood	Alarm(_G_-ENTRY,include_symbol-43738)
309	0.0485294	FalseGround	Unlabelled	SPOkGoodGood	Alarm(_G_-ENTRY,include_symbol-43739)
310	0.0485294	FalseGround	Unlabelled	SPOkGoodGood	Alarm(_G_-ENTRY,include_symbol-43740)
311	0.0471013	FalseGround	Unlabelled	SPOkGoodGood	Alarm(_G_-ENTRY,_argp_fmtstream_update-39010)
312	0.0471013	FalseGround	Unlabelled	SPOkGoodGood	Alarm(_G_-ENTRY,_argp_fmtstream_update-39019)
313	0.0471013	FalseGround	Unlabelled	SPOkGoodGood	Alarm(_G_-ENTRY,_argp_fmtstream_update-39027)
314	0.0471013	FalseGround	Unlabelled	SPOkGoodGood	Alarm(_G_-ENTRY,_argp_fmtstream_update-39048)
315	0.0471013	FalseGround	Unlabelled	SPOkGoodGood	Alarm(_G_-ENTRY,_argp_fmtstream_update-39053)
316	0.0471013	FalseGround	Unlabelled	SPOkGoodGood	Alarm(_G_-ENTRY,_argp_fmtstream_update-39071)
317	0.0471013	FalseGround	Unlabelled	SPOkGoodGood	Alarm(_G_-ENTRY,_argp_fmtstream_update-39074)
318	0.0471013	FalseGround	Unlabelled	SPOkGoodGood	Alarm(_G_-ENTRY,_argp_fmtstream_update-39083)
319	0.0471013	FalseGround	Unlabelled	SPOkGoodGood	Alarm(_G_-ENTRY,convert_options-36764)
320	0.0471013	FalseGround	Unlabelled	SPOkGoodGood	Alarm(_G_-ENTRY,convert_options-36771)
321	0.0471013	FalseGround	Unlabelled	SPOkGoodGood	Alarm(_G_-ENTRY,convert_options-36772)
322	0.0471013	FalseGround	Unlabelled	SPOkGoodGood	Alarm(_G_-ENTRY,convert_options-36773)
323	0.0471013	FalseGround	Unlabelled	SPOkGoodGood	Alarm(_G_-ENTRY,convert_options-36778)
324	0.0471013	FalseGround	Unlabelled	SPOkGoodGood	Alarm(_G_-ENTRY,convert_options-36779)
325	0.0471013	FalseGround	Unlabelled	SPOkGoodGood	Alarm(_G_-ENTRY,convert_options-36780)
326	0.0471013	FalseGround	Unlabelled	SPOkGoodGood	Alarm(_G_-ENTRY,convert_options-36781)
327	0.0471013	FalseGround	Unlabelled	SPOkGoodGood	Alarm(_G_-ENTRY,convert_options-36782)
328	0.0471013	FalseGround	Unlabelled	SPOkGoodGood	Alarm(_G_-ENTRY,convert_options-36783)
329	0.0471013	FalseGround	Unlabelled	SPOkGoodGood	Alarm(_G_-ENTRY,convert_options-36785)
330	0.0471013	FalseGround	Unlabelled	SPOkGoodGood	Alarm(_G_-ENTRY,convert_options-36786)
331	0.0471013	FalseGround	Unlabelled	SPOkGoodGood	Alarm(_G_-ENTRY,convert_options-36787)
332	0.0471013	FalseGround	Unlabelled	SPOkGoodGood	Alarm(_G_-ENTRY,convert_options-36788)
333	0.0471013	FalseGround	Unlabelled	SPOkGoodGood	Alarm(_G_-ENTRY,convert_options-36789)
334	0.0471013	FalseGround	Unlabelled	SPOkGoodGood	Alarm(_G_-ENTRY,convert_options-36790)
335	0.0471013	FalseGround	Unlabelled	SPOkGoodGood	Alarm(_G_-ENTRY,convert_options-36791)
336	0.0471013	FalseGround	Unlabelled	SPOkGoodGood	Alarm(_G_-ENTRY,convert_options-36792)
337	0.0471013	FalseGround	Unlabelled	SPOkGoodGood	Alarm(_G_-ENTRY,convert_options-36793)
338	0.0471013	FalseGround	Unlabelled	SPOkGoodGood	Alarm(_G_-ENTRY,convert_options-36796)
339	0.0471013	FalseGround	Unlabelled	SPOkGoodGood	Alarm(_G_-ENTRY,hol_entry_help-38084)
340	0.0471013	FalseGround	Unlabelled	SPOkGoodGood	Alarm(_G_-ENTRY,hol_entry_help-38085)
341	0.0471013	FalseGround	Unlabelled	SPOkGoodGood	Alarm(_G_-ENTRY,hol_entry_help-38095)
342	0.0471013	FalseGround	Unlabelled	SPOkGoodGood	Alarm(_G_-ENTRY,hol_entry_help-38103)
343	0.0471013	FalseGround	Unlabelled	SPOkGoodGood	Alarm(_G_-ENTRY,hol_entry_help-38108)
344	0.0471013	FalseGround	Unlabelled	SPOkGoodGood	Alarm(_G_-ENTRY,hol_entry_help-38118)
345	0.0471013	FalseGround	Unlabelled	SPOkGoodGood	Alarm(_G_-ENTRY,hol_entry_help-38121)
346	0.0471013	FalseGround	Unlabelled	SPOkGoodGood	Alarm(_G_-ENTRY,hol_entry_help-38131)
347	0.0471013	FalseGround	Unlabelled	SPOkGoodGood	Alarm(_G_-ENTRY,hol_entry_help-38145)
348	0.0471013	FalseGround	Unlabelled	SPOkGoodGood	Alarm(_G_-ENTRY,hol_usage-38363)
349	0.0471013	FalseGround	Unlabelled	SPOkGoodGood	Alarm(_G_-ENTRY,hol_usage-38370)
350	0.0471013	FalseGround	Unlabelled	SPOkGoodGood	Alarm(_G_-ENTRY,input-45723)
351	0.0471013	FalseGround	Unlabelled	SPOkGoodGood	Alarm(_G_-ENTRY,input-45733)
352	0.0471013	FalseGround	Unlabelled	SPOkGoodGood	Alarm(_G_-ENTRY,make_hol-37513)
353	0.0471013	FalseGround	Unlabelled	SPOkGoodGood	Alarm(_G_-ENTRY,make_hol-37518)
354	0.0471013	FalseGround	Unlabelled	SPOkGoodGood	Alarm(_G_-ENTRY,move_parms-40863)
355	0.0471013	FalseGround	Unlabelled	SPOkGoodGood	Alarm(_G_-ENTRY,move_parms-40864)
356	0.0471013	TrueGround	Unlabelled	SPOkGoodGood	Alarm(_G_-ENTRY,nexttoken-41413)
357	0.0471013	FalseGround	Unlabelled	SPOkGoodGood	Alarm(_G_-ENTRY,number-42967)
358	0.0471013	FalseGround	Unlabelled	SPOkGoodGood	Alarm(_G_-ENTRY,parser_parse_next-37170)
359	0.0471013	FalseGround	Unlabelled	SPOkGoodGood	Alarm(_G_-ENTRY,print_refs-42631)
360	0.0471013	FalseGround	Unlabelled	SPOkGoodGood	Alarm(_G_-ENTRY,putback-41431)
361	0.0471013	FalseGround	Unlabelled	SPOkGoodGood	Alarm(_G_-ENTRY,tokins-41363)
362	0.0471013	FalseGround	Unlabelled	SPOkGoodGood	Alarm(_G_-ENTRY,tokins-41364)
363	0.0471013	FalseGround	Unlabelled	SPOkGoodGood	Alarm(_G_-ENTRY,tokins-41365)
364	0.0471013	FalseGround	Unlabelled	SPOkGoodGood	Alarm(_G_-ENTRY,tokins-41366)
365	0.0471013	FalseGround	Unlabelled	SPOkGoodGood	Alarm(_G_-ENTRY,transfer_entries-35810)
366	0.0471013	FalseGround	Unlabelled	SPOkGoodGood	Alarm(_G_-ENTRY,wordsplit_finish-39623)
367	0.0471013	FalseGround	Unlabelled	SPOkGoodGood	Alarm(_G_-ENTRY,wordsplit_finish-39629)
368	0.0461231	FalseGround	Unlabelled	SPOkGoodGood	Alarm(_G_-ENTRY,_getopt_internal_r-36047)
369	0.0461231	FalseGround	Unlabelled	SPOkGoodGood	Alarm(_G_-ENTRY,_getopt_internal_r-36048)
370	0.0461231	FalseGround	Unlabelled	SPOkGoodGood	Alarm(_G_-ENTRY,_getopt_internal_r-36049)
371	0.0461231	FalseGround	Unlabelled	SPOkGoodGood	Alarm(_G_-ENTRY,_getopt_internal_r-36050)
372	0.0461231	FalseGround	Unlabelled	SPOkGoodGood	Alarm(_G_-ENTRY,_getopt_internal_r-36069)
373	0.0461231	FalseGround	Unlabelled	SPOkGoodGood	Alarm(_G_-ENTRY,_getopt_internal_r-36070)
374	0.0461231	FalseGround	Unlabelled	SPOkGoodGood	Alarm(_G_-ENTRY,_getopt_internal_r-36071)
375	0.0461231	FalseGround	Unlabelled	SPOkGoodGood	Alarm(_G_-ENTRY,_getopt_internal_r-36072)
376	0.0461231	FalseGround	Unlabelled	SPOkGoodGood	Alarm(_G_-ENTRY,_getopt_internal_r-36087)
377	0.0461231	FalseGround	Unlabelled	SPOkGoodGood	Alarm(_G_-ENTRY,_getopt_internal_r-36088)
378	0.0461231	FalseGround	Unlabelled	SPOkGoodGood	Alarm(_G_-ENTRY,_getopt_internal_r-36091)
379	0.0461231	FalseGround	Unlabelled	SPOkGoodGood	Alarm(_G_-ENTRY,_getopt_internal_r-36092)
380	0.0461231	FalseGround	Unlabelled	SPOkGoodGood	Alarm(_G_-ENTRY,_getopt_internal_r-36095)
381	0.0461231	FalseGround	Unlabelled	SPOkGoodGood	Alarm(_G_-ENTRY,_getopt_internal_r-36096)
382	0.0461231	FalseGround	Unlabelled	SPOkGoodGood	Alarm(_G_-ENTRY,_getopt_internal_r-36097)
383	0.0461231	FalseGround	Unlabelled	SPOkGoodGood	Alarm(_G_-ENTRY,_getopt_internal_r-36098)
384	0.0461231	FalseGround	Unlabelled	SPOkGoodGood	Alarm(_G_-ENTRY,_getopt_internal_r-36223)
385	0.0461231	FalseGround	Unlabelled	SPOkGoodGood	Alarm(_G_-ENTRY,_getopt_internal_r-36224)
386	0.0444202	FalseGround	Unlabelled	SPOkGoodGood	Alarm(_G_-ENTRY,parser_parse_opt-37091)
387	0.0444202	FalseGround	Unlabelled	SPOkGoodGood	Alarm(_G_-ENTRY,parser_parse_opt-37092)
388	0.0444202	FalseGround	Unlabelled	SPOkGoodGood	Alarm(_G_-ENTRY,parser_parse_opt-37093)
389	0.0444202	FalseGround	Unlabelled	SPOkGoodGood	Alarm(_G_-ENTRY,parser_parse_opt-37094)
390	0.0433982	FalseGround	Unlabelled	SPOkGoodGood	Alarm(_G_-ENTRY,convert_options-36767)
391	0.0433982	FalseGround	Unlabelled	SPOkGoodGood	Alarm(_G_-ENTRY,sourcerc-41013)
392	0.0422354	FalseGround	Unlabelled	SPOkGoodGood	Alarm(_G_-ENTRY,hol_append-37868)
393	0.0422354	FalseGround	Unlabelled	SPOkGoodGood	Alarm(_G_-ENTRY,hol_append-37873)
394	0.039528	FalseGround	Unlabelled	SPOkGoodGood	Alarm(_G_-ENTRY,set_level_indent-43114)
395	0.039528	FalseGround	Unlabelled	SPOkGoodGood	Alarm(_G_-ENTRY,set_level_indent-43115)
396	0.039528	FalseGround	Unlabelled	SPOkGoodGood	Alarm(_G_-ENTRY,set_level_indent-43116)
397	0.039528	FalseGround	Unlabelled	SPOkGoodGood	Alarm(_G_-ENTRY,set_level_indent-43117)
398	0.038152	FalseGround	Unlabelled	SPOkGoodGood	Alarm(_G_-ENTRY,_argp_fmtstream_update-38954)
399	0.038152	FalseGround	Unlabelled	SPOkGoodGood	Alarm(_G_-ENTRY,_argp_fmtstream_update-38955)
400	0.038152	FalseGround	Unlabelled	SPOkGoodGood	Alarm(_G_-ENTRY,_argp_fmtstream_update-38962)
401	0.038152	FalseGround	Unlabelled	SPOkGoodGood	Alarm(_G_-ENTRY,_argp_fmtstream_update-38963)
402	0.038152	FalseGround	Unlabelled	SPOkGoodGood	Alarm(_G_-ENTRY,_argp_fmtstream_update-38968)
403	0.038152	FalseGround	Unlabelled	SPOkGoodGood	Alarm(_G_-ENTRY,_argp_fmtstream_update-38969)
404	0.038152	FalseGround	Unlabelled	SPOkGoodGood	Alarm(_G_-ENTRY,_argp_fmtstream_update-38972)
405	0.038152	FalseGround	Unlabelled	SPOkGoodGood	Alarm(_G_-ENTRY,_argp_fmtstream_update-38973)
406	0.038152	FalseGround	Unlabelled	SPOkGoodGood	Alarm(_G_-ENTRY,convert_options-36727)
407	0.038152	FalseGround	Unlabelled	SPOkGoodGood	Alarm(_G_-ENTRY,convert_options-36728)
408	0.038152	FalseGround	Unlabelled	SPOkGoodGood	Alarm(_G_-ENTRY,convert_options-36729)
409	0.038152	FalseGround	Unlabelled	SPOkGoodGood	Alarm(_G_-ENTRY,convert_options-36730)
410	0.038152	FalseGround	Unlabelled	SPOkGoodGood	Alarm(_G_-ENTRY,convert_options-36733)
411	0.038152	FalseGround	Unlabelled	SPOkGoodGood	Alarm(_G_-ENTRY,convert_options-36734)
412	0.038152	FalseGround	Unlabelled	SPOkGoodGood	Alarm(_G_-ENTRY,convert_options-36735)
413	0.038152	FalseGround	Unlabelled	SPOkGoodGood	Alarm(_G_-ENTRY,convert_options-36736)
414	0.038152	FalseGround	Unlabelled	SPOkGoodGood	Alarm(_G_-ENTRY,convert_options-36737)
415	0.038152	FalseGround	Unlabelled	SPOkGoodGood	Alarm(_G_-ENTRY,convert_options-36738)
416	0.038152	FalseGround	Unlabelled	SPOkGoodGood	Alarm(_G_-ENTRY,convert_options-36741)
417	0.038152	FalseGround	Unlabelled	SPOkGoodGood	Alarm(_G_-ENTRY,convert_options-36742)
418	0.038152	FalseGround	Unlabelled	SPOkGoodGood	Alarm(_G_-ENTRY,convert_options-36743)
419	0.038152	FalseGround	Unlabelled	SPOkGoodGood	Alarm(_G_-ENTRY,convert_options-36744)
420	0.038152	FalseGround	Unlabelled	SPOkGoodGood	Alarm(_G_-ENTRY,convert_options-36745)
421	0.038152	FalseGround	Unlabelled	SPOkGoodGood	Alarm(_G_-ENTRY,convert_options-36746)
422	0.038152	FalseGround	Unlabelled	SPOkGoodGood	Alarm(_G_-ENTRY,convert_options-36749)
423	0.038152	FalseGround	Unlabelled	SPOkGoodGood	Alarm(_G_-ENTRY,convert_options-36750)
424	0.038152	FalseGround	Unlabelled	SPOkGoodGood	Alarm(_G_-ENTRY,hol_entry_help-38018)
425	0.038152	FalseGround	Unlabelled	SPOkGoodGood	Alarm(_G_-ENTRY,hol_entry_help-38019)
426	0.038152	FalseGround	Unlabelled	SPOkGoodGood	Alarm(_G_-ENTRY,hol_entry_help-38022)
427	0.038152	FalseGround	Unlabelled	SPOkGoodGood	Alarm(_G_-ENTRY,hol_entry_help-38023)
428	0.038152	FalseGround	Unlabelled	SPOkGoodGood	Alarm(_G_-ENTRY,hol_entry_help-38024)
429	0.038152	FalseGround	Unlabelled	SPOkGoodGood	Alarm(_G_-ENTRY,hol_entry_help-38025)
430	0.038152	FalseGround	Unlabelled	SPOkGoodGood	Alarm(_G_-ENTRY,hol_entry_help-38030)
431	0.038152	FalseGround	Unlabelled	SPOkGoodGood	Alarm(_G_-ENTRY,hol_entry_help-38031)
432	0.038152	FalseGround	Unlabelled	SPOkGoodGood	Alarm(_G_-ENTRY,hol_entry_help-38032)
433	0.038152	FalseGround	Unlabelled	SPOkGoodGood	Alarm(_G_-ENTRY,hol_entry_help-38033)
434	0.038152	FalseGround	Unlabelled	SPOkGoodGood	Alarm(_G_-ENTRY,hol_entry_help-38038)
435	0.038152	FalseGround	Unlabelled	SPOkGoodGood	Alarm(_G_-ENTRY,hol_entry_help-38039)
436	0.038152	FalseGround	Unlabelled	SPOkGoodGood	Alarm(_G_-ENTRY,hol_entry_help-38040)
437	0.038152	FalseGround	Unlabelled	SPOkGoodGood	Alarm(_G_-ENTRY,hol_entry_help-38041)
438	0.038152	FalseGround	Unlabelled	SPOkGoodGood	Alarm(_G_-ENTRY,hol_entry_help-38044)
439	0.038152	FalseGround	Unlabelled	SPOkGoodGood	Alarm(_G_-ENTRY,hol_entry_help-38045)
440	0.038152	FalseGround	Unlabelled	SPOkGoodGood	Alarm(_G_-ENTRY,hol_entry_help-38046)
441	0.038152	FalseGround	Unlabelled	SPOkGoodGood	Alarm(_G_-ENTRY,hol_entry_help-38047)
442	0.038152	FalseGround	Unlabelled	SPOkGoodGood	Alarm(_G_-ENTRY,hol_entry_help-38048)
443	0.038152	FalseGround	Unlabelled	SPOkGoodGood	Alarm(_G_-ENTRY,hol_entry_help-38049)
444	0.038152	FalseGround	Unlabelled	SPOkGoodGood	Alarm(_G_-ENTRY,hol_entry_help-38050)
445	0.038152	FalseGround	Unlabelled	SPOkGoodGood	Alarm(_G_-ENTRY,hol_entry_help-38051)
446	0.038152	FalseGround	Unlabelled	SPOkGoodGood	Alarm(_G_-ENTRY,hol_entry_help-38054)
447	0.038152	FalseGround	Unlabelled	SPOkGoodGood	Alarm(_G_-ENTRY,hol_entry_help-38055)
448	0.038152	FalseGround	Unlabelled	SPOkGoodGood	Alarm(_G_-ENTRY,hol_entry_help-38056)
449	0.038152	FalseGround	Unlabelled	SPOkGoodGood	Alarm(_G_-ENTRY,hol_entry_help-38057)
450	0.038152	FalseGround	Unlabelled	SPOkGoodGood	Alarm(_G_-ENTRY,hol_entry_help-38062)
451	0.038152	FalseGround	Unlabelled	SPOkGoodGood	Alarm(_G_-ENTRY,hol_entry_help-38063)
452	0.038152	FalseGround	Unlabelled	SPOkGoodGood	Alarm(_G_-ENTRY,hol_entry_help-38068)
453	0.038152	FalseGround	Unlabelled	SPOkGoodGood	Alarm(_G_-ENTRY,hol_entry_help-38069)
454	0.038152	FalseGround	Unlabelled	SPOkGoodGood	Alarm(_G_-ENTRY,hol_entry_help-38070)
455	0.038152	FalseGround	Unlabelled	SPOkGoodGood	Alarm(_G_-ENTRY,hol_entry_help-38071)
456	0.038152	FalseGround	Unlabelled	SPOkGoodGood	Alarm(_G_-ENTRY,input-45709)
457	0.038152	FalseGround	Unlabelled	SPOkGoodGood	Alarm(_G_-ENTRY,input-45710)
458	0.038152	FalseGround	Unlabelled	SPOkGoodGood	Alarm(_G_-ENTRY,last_component-36557)
459	0.038152	FalseGround	Unlabelled	SPOkGoodGood	Alarm(_G_-ENTRY,last_component-36558)
460	0.038152	FalseGround	Unlabelled	SPOkGoodGood	Alarm(_G_-ENTRY,last_component-36559)
461	0.038152	FalseGround	Unlabelled	SPOkGoodGood	Alarm(_G_-ENTRY,last_component-36560)
462	0.038152	FalseGround	Unlabelled	SPOkGoodGood	Alarm(_G_-ENTRY,last_component-36561)
463	0.038152	FalseGround	Unlabelled	SPOkGoodGood	Alarm(_G_-ENTRY,last_component-36562)
464	0.038152	FalseGround	Unlabelled	SPOkGoodGood	Alarm(_G_-ENTRY,move_parms-40857)
465	0.038152	FalseGround	Unlabelled	SPOkGoodGood	Alarm(_G_-ENTRY,move_parms-40858)
466	0.038152	FalseGround	Unlabelled	SPOkGoodGood	Alarm(_G_-ENTRY,print_header-37944)
467	0.038152	FalseGround	Unlabelled	SPOkGoodGood	Alarm(_G_-ENTRY,print_header-37945)
468	0.038152	FalseGround	Unlabelled	SPOkGoodGood	Alarm(_G_-ENTRY,tree_output-42781)
469	0.038152	FalseGround	Unlabelled	SPOkGoodGood	Alarm(_G_-ENTRY,tree_output-42782)
470	0.038152	FalseGround	Unlabelled	SPOkGoodGood	Alarm(_G_-ENTRY,xref_output-42646)
471	0.038152	FalseGround	Unlabelled	SPOkGoodGood	Alarm(_G_-ENTRY,xref_output-42647)
472	0.038152	FalseGround	Unlabelled	SPOkGoodGood	Alarm(_G_-ENTRY,xref_output-42648)
473	0.038152	FalseGround	Unlabelled	SPOkGoodGood	Alarm(_G_-ENTRY,xref_output-42649)
474	0.038152	FalseGround	Unlabelled	SPOkGoodGood	Alarm(_G_-ENTRY,xref_output-42650)
475	0.038152	FalseGround	Unlabelled	SPOkGoodGood	Alarm(_G_-ENTRY,xref_output-42651)
476	0.0377916	FalseGround	Unlabelled	SPOkGoodGood	Alarm(_G_-ENTRY,input-45724)
477	0.0356414	FalseGround	Unlabelled	SPOkGoodGood	Alarm(_G_-ENTRY,argp_hol-38395)
478	0.0356414	FalseGround	Unlabelled	SPOkGoodGood	Alarm(_G_-ENTRY,argp_hol-38397)
479	0.0356414	FalseGround	Unlabelled	SPOkGoodGood	Alarm(_G_-ENTRY,argp_hol-38401)
480	0.0343368	FalseGround	Unlabelled	SPOkGoodGood	Alarm(_G_-ENTRY,_argp_fmtstream_ensure-39139)
481	0.0343368	FalseGround	Unlabelled	SPOkGoodGood	Alarm(_G_-ENTRY,_getopt_internal_r-36400)
482	0.0343368	FalseGround	Unlabelled	SPOkGoodGood	Alarm(_G_-ENTRY,_getopt_internal_r-36401)
483	0.0343368	FalseGround	Unlabelled	SPOkGoodGood	Alarm(_G_-ENTRY,tree_output-42804)
484	0.0294559	FalseGround	Unlabelled	SPOkGoodGood	Alarm(_G_-ENTRY,argp_hol-38386)
485	0.0294559	FalseGround	Unlabelled	SPOkGoodGood	Alarm(_G_-ENTRY,argp_hol-38387)
486	0.0294559	FalseGround	Unlabelled	SPOkGoodGood	Alarm(_G_-ENTRY,argp_hol-38388)
487	0.0294559	FalseGround	Unlabelled	SPOkGoodGood	Alarm(_G_-ENTRY,argp_hol-38389)
488	0.0294559	FalseGround	Unlabelled	SPOkGoodGood	Alarm(_G_-ENTRY,argp_hol-38390)
489	0.0294559	FalseGround	Unlabelled	SPOkGoodGood	Alarm(_G_-ENTRY,argp_hol-38391)
490	0.0278128	FalseGround	Unlabelled	SPOkGoodGood	Alarm(_G_-ENTRY,tree_output-42761)
491	0.0278128	FalseGround	Unlabelled	SPOkGoodGood	Alarm(_G_-ENTRY,tree_output-42762)
492	0.0278128	FalseGround	Unlabelled	SPOkGoodGood	Alarm(_G_-ENTRY,tree_output-42763)
493	0.0278128	FalseGround	Unlabelled	SPOkGoodGood	Alarm(_G_-ENTRY,tree_output-42764)
494	0.0278128	FalseGround	Unlabelled	SPOkGoodGood	Alarm(_G_-ENTRY,wordsplit_find_env-39722)
495	0.0278128	FalseGround	Unlabelled	SPOkGoodGood	Alarm(_G_-ENTRY,wordsplit_find_env-39723)
496	0.0251896	FalseGround	Unlabelled	SPOkGoodGood	Alarm(_G_-ENTRY,argp_default_parser-36664)
497	0.0251896	FalseGround	Unlabelled	SPOkGoodGood	Alarm(_G_-ENTRY,hol_find_entry-37646)
498	0.0251896	FalseGround	Unlabelled	SPOkGoodGood	Alarm(_G_-ENTRY,hol_find_entry-37647)
499	0.0251896	FalseGround	Unlabelled	SPOkGoodGood	Alarm(_G_-ENTRY,hol_find_entry-37648)
500	0.0251896	FalseGround	Unlabelled	SPOkGoodGood	Alarm(_G_-ENTRY,parse_opt-43654)
501	0.0225666	FalseGround	Unlabelled	SPOkGoodGood	Alarm(_G_-ENTRY,parse_level_string-43072)
502	0.0225666	FalseGround	Unlabelled	SPOkGoodGood	Alarm(_G_-ENTRY,parse_level_string-43077)
503	0.0206275	FalseGround	Unlabelled	SPOkGoodGood	Alarm(_G_-ENTRY,fill_in_uparams-37372)
504	0.0206275	FalseGround	Unlabelled	SPOkGoodGood	Alarm(_G_-ENTRY,fill_in_uparams-37373)
505	0.0206275	FalseGround	Unlabelled	SPOkGoodGood	Alarm(_G_-ENTRY,fill_in_uparams-37374)
506	0.0206275	FalseGround	Unlabelled	SPOkGoodGood	Alarm(_G_-ENTRY,fill_in_uparams-37375)
507	0.0204298	FalseGround	Unlabelled	SPOkGoodGood	Alarm(_G_-ENTRY,argp_args_usage-38470)
508	0.0204298	FalseGround	Unlabelled	SPOkGoodGood	Alarm(_G_-ENTRY,argp_args_usage-38472)
509	0.0204035	FalseGround	Unlabelled	SPOkGoodGood	Alarm(_G_-ENTRY,hol_find_entry-37638)
510	0.0204035	FalseGround	Unlabelled	SPOkGoodGood	Alarm(_G_-ENTRY,hol_find_entry-37639)
511	0.0204035	FalseGround	Unlabelled	SPOkGoodGood	Alarm(_G_-ENTRY,hol_find_entry-37640)
512	0.0204035	FalseGround	Unlabelled	SPOkGoodGood	Alarm(_G_-ENTRY,hol_find_entry-37641)
513	0.0204035	FalseGround	Unlabelled	SPOkGoodGood	Alarm(_G_-ENTRY,parse_opt-43553)
514	0.0204035	FalseGround	Unlabelled	SPOkGoodGood	Alarm(_G_-ENTRY,parse_opt-43554)
515	0.0204035	FalseGround	Unlabelled	SPOkGoodGood	Alarm(_G_-ENTRY,parse_opt-43555)
516	0.0204035	FalseGround	Unlabelled	SPOkGoodGood	Alarm(_G_-ENTRY,parse_opt-43556)
517	0.0204035	FalseGround	Unlabelled	SPOkGoodGood	Alarm(_G_-ENTRY,parse_opt-43557)
518	0.0204035	FalseGround	Unlabelled	SPOkGoodGood	Alarm(_G_-ENTRY,parse_opt-43558)
519	0.0204035	FalseGround	Unlabelled	SPOkGoodGood	Alarm(_G_-ENTRY,parse_opt-43559)
520	0.0204035	FalseGround	Unlabelled	SPOkGoodGood	Alarm(_G_-ENTRY,parse_opt-43560)
521	0.0204035	FalseGround	Unlabelled	SPOkGoodGood	Alarm(_G_-ENTRY,parse_opt-43561)
522	0.0204035	FalseGround	Unlabelled	SPOkGoodGood	Alarm(_G_-ENTRY,parse_opt-43562)
523	0.0204035	FalseGround	Unlabelled	SPOkGoodGood	Alarm(_G_-ENTRY,parse_opt-43563)
524	0.0204035	FalseGround	Unlabelled	SPOkGoodGood	Alarm(_G_-ENTRY,parse_opt-43564)
525	0.0204035	FalseGround	Unlabelled	SPOkGoodGood	Alarm(_G_-ENTRY,parse_opt-43565)
526	0.0204035	FalseGround	Unlabelled	SPOkGoodGood	Alarm(_G_-ENTRY,parse_opt-43566)
527	0.0204035	FalseGround	Unlabelled	SPOkGoodGood	Alarm(_G_-ENTRY,parse_opt-43567)
528	0.0204035	FalseGround	Unlabelled	SPOkGoodGood	Alarm(_G_-ENTRY,parse_opt-43568)
529	0.0204035	FalseGround	Unlabelled	SPOkGoodGood	Alarm(_G_-ENTRY,parse_opt-43569)
530	0.0204035	FalseGround	Unlabelled	SPOkGoodGood	Alarm(_G_-ENTRY,parse_opt-43570)
531	0.0204035	FalseGround	Unlabelled	SPOkGoodGood	Alarm(_G_-ENTRY,parse_opt-43573)
532	0.0204035	FalseGround	Unlabelled	SPOkGoodGood	Alarm(_G_-ENTRY,parse_opt-43574)
533	0.0204035	FalseGround	Unlabelled	SPOkGoodGood	Alarm(_G_-ENTRY,parse_opt-43575)
534	0.0204035	FalseGround	Unlabelled	SPOkGoodGood	Alarm(_G_-ENTRY,parse_opt-43576)
535	0.0204035	FalseGround	Unlabelled	SPOkGoodGood	Alarm(_G_-ENTRY,parse_opt-43577)
536	0.0204035	FalseGround	Unlabelled	SPOkGoodGood	Alarm(_G_-ENTRY,parse_opt-43578)
537	0.0204035	FalseGround	Unlabelled	SPOkGoodGood	Alarm(_G_-ENTRY,parse_opt-43579)
538	0.0204035	FalseGround	Unlabelled	SPOkGoodGood	Alarm(_G_-ENTRY,parse_opt-43580)
539	0.0204035	FalseGround	Unlabelled	SPOkGoodGood	Alarm(_G_-ENTRY,parse_opt-43581)
540	0.0204035	FalseGround	Unlabelled	SPOkGoodGood	Alarm(_G_-ENTRY,parse_opt-43582)
541	0.0204035	FalseGround	Unlabelled	SPOkGoodGood	Alarm(_G_-ENTRY,parse_opt-43583)
542	0.0204035	FalseGround	Unlabelled	SPOkGoodGood	Alarm(_G_-ENTRY,parse_opt-43584)
543	0.0204035	FalseGround	Unlabelled	SPOkGoodGood	Alarm(_G_-ENTRY,parse_opt-43585)
544	0.0204035	FalseGround	Unlabelled	SPOkGoodGood	Alarm(_G_-ENTRY,parse_opt-43586)
545	0.0204035	FalseGround	Unlabelled	SPOkGoodGood	Alarm(_G_-ENTRY,parse_opt-43587)
546	0.0204035	FalseGround	Unlabelled	SPOkGoodGood	Alarm(_G_-ENTRY,parse_opt-43588)
547	0.0204035	FalseGround	Unlabelled	SPOkGoodGood	Alarm(_G_-ENTRY,parse_opt-43589)
548	0.0204035	FalseGround	Unlabelled	SPOkGoodGood	Alarm(_G_-ENTRY,parse_opt-43590)
549	0.0204035	FalseGround	Unlabelled	SPOkGoodGood	Alarm(_G_-ENTRY,parse_opt-43591)
550	0.0204035	FalseGround	Unlabelled	SPOkGoodGood	Alarm(_G_-ENTRY,parse_opt-43592)
551	0.0204035	FalseGround	Unlabelled	SPOkGoodGood	Alarm(_G_-ENTRY,symbol_is_function-42615)
552	0.0204035	FalseGround	Unlabelled	SPOkGoodGood	Alarm(_G_-ENTRY,symbol_is_function-42616)
553	0.0204035	FalseGround	Unlabelled	SPOkGoodGood	Alarm(_G_-ENTRY,symbol_is_function-42617)
554	0.0204035	FalseGround	Unlabelled	SPOkGoodGood	Alarm(_G_-ENTRY,symbol_is_function-42618)
555	0.0182789	FalseGround	Unlabelled	SPOkGoodGood	Alarm(_G_-ENTRY,find_char-37455)
556	0.0182789	FalseGround	Unlabelled	SPOkGoodGood	Alarm(_G_-ENTRY,find_char-37456)
557	0.0165482	FalseGround	Unlabelled	SPOkGoodGood	Alarm(_G_-ENTRY,argp_args_usage-38427)
558	0.0165482	FalseGround	Unlabelled	SPOkGoodGood	Alarm(_G_-ENTRY,argp_args_usage-38428)
559	0.0165482	FalseGround	Unlabelled	SPOkGoodGood	Alarm(_G_-ENTRY,argp_args_usage-38443)
560	0.0165482	FalseGround	Unlabelled	SPOkGoodGood	Alarm(_G_-ENTRY,argp_args_usage-38444)
561	0.0165482	FalseGround	Unlabelled	SPOkGoodGood	Alarm(_G_-ENTRY,argp_args_usage-38445)
562	0.0165482	FalseGround	Unlabelled	SPOkGoodGood	Alarm(_G_-ENTRY,argp_args_usage-38446)
563	0.0150375	FalseGround	Unlabelled	SPOkGoodGood	Alarm(_G_-ENTRY,fill_in_uparams-37360)
564	0.0150375	FalseGround	Unlabelled	SPOkGoodGood	Alarm(_G_-ENTRY,fill_in_uparams-37361)
565	0.0144277	FalseGround	Unlabelled	SPOkGoodGood	Alarm(_G_-ENTRY,_getopt_internal_r-36051)
566	0.0144277	FalseGround	Unlabelled	SPOkGoodGood	Alarm(_G_-ENTRY,_getopt_internal_r-36052)
567	0.0144277	FalseGround	Unlabelled	SPOkGoodGood	Alarm(_G_-ENTRY,_getopt_internal_r-36149)
568	0.0144277	FalseGround	Unlabelled	SPOkGoodGood	Alarm(_G_-ENTRY,_getopt_internal_r-36150)
569	0.0144277	FalseGround	Unlabelled	SPOkGoodGood	Alarm(_G_-ENTRY,_getopt_internal_r-36193)
570	0.0144277	FalseGround	Unlabelled	SPOkGoodGood	Alarm(_G_-ENTRY,_getopt_internal_r-36194)
571	0.0144277	FalseGround	Unlabelled	SPOkGoodGood	Alarm(_G_-ENTRY,_getopt_internal_r-36235)
572	0.0144277	FalseGround	Unlabelled	SPOkGoodGood	Alarm(_G_-ENTRY,_getopt_internal_r-36236)
573	0.0144277	FalseGround	Unlabelled	SPOkGoodGood	Alarm(_G_-ENTRY,_getopt_internal_r-36253)
574	0.0144277	FalseGround	Unlabelled	SPOkGoodGood	Alarm(_G_-ENTRY,_getopt_internal_r-36254)
575	0.0133028	FalseGround	Unlabelled	SPOkGoodGood	Alarm(_G_-ENTRY,_argp_fmtstream_update-39078)
576	0.0133028	FalseGround	Unlabelled	SPOkGoodGood	Alarm(_G_-ENTRY,add_argless_short_opt-38274)
577	0.0133028	FalseGround	Unlabelled	SPOkGoodGood	Alarm(_G_-ENTRY,argp_fmtstream_write-37261)
578	0.0133028	FalseGround	Unlabelled	SPOkGoodGood	Alarm(_G_-ENTRY,argp_fmtstream_write-37263)
579	0.0133028	FalseGround	Unlabelled	SPOkGoodGood	Alarm(_G_-ENTRY,coalesce_segment-39503)
580	0.0133028	FalseGround	Unlabelled	SPOkGoodGood	Alarm(_G_-ENTRY,convert_options-36770)
581	0.0133028	FalseGround	Unlabelled	SPOkGoodGood	Alarm(_G_-ENTRY,input-45734)
582	0.0133028	FalseGround	Unlabelled	SPOkGoodGood	Alarm(_G_-ENTRY,print_function-42636)
583	0.0133028	FalseGround	Unlabelled	SPOkGoodGood	Alarm(_G_-ENTRY,print_function-42637)
584	0.0133028	FalseGround	Unlabelled	SPOkGoodGood	Alarm(_G_-ENTRY,print_type-42642)
585	0.0133028	FalseGround	Unlabelled	SPOkGoodGood	Alarm(_G_-ENTRY,sourcerc-41016)
586	0.0133028	FalseGround	Unlabelled	SPOkGoodGood	Alarm(_G_-ENTRY,usage_argful_short_opt-38284)
587	0.0133028	FalseGround	Unlabelled	SPOkGoodGood	Alarm(_G_-ENTRY,usage_argful_short_opt-38285)
588	0.0133028	FalseGround	Unlabelled	SPOkGoodGood	Alarm(_G_-ENTRY,usage_argful_short_opt-38286)
589	0.0133028	FalseGround	Unlabelled	SPOkGoodGood	Alarm(_G_-ENTRY,wordsplit_finish-39625)
590	0.0117617	FalseGround	Unlabelled	SPOkGoodGood	Alarm(_G_-ENTRY,hol_append-37865)
591	0.0117617	FalseGround	Unlabelled	SPOkGoodGood	Alarm(_G_-ENTRY,hol_append-37883)
592	0.0111436	FalseGround	Unlabelled	SPOkGoodGood	Alarm(_G_-ENTRY,expvar-39890)
593	0.0107753	FalseGround	Unlabelled	SPOkGoodGood	Alarm(_G_-ENTRY,add_argless_short_opt-38265)
594	0.0107753	FalseGround	Unlabelled	SPOkGoodGood	Alarm(_G_-ENTRY,add_argless_short_opt-38266)
595	0.0107753	FalseGround	Unlabelled	SPOkGoodGood	Alarm(_G_-ENTRY,add_argless_short_opt-38267)
596	0.0107753	FalseGround	Unlabelled	SPOkGoodGood	Alarm(_G_-ENTRY,add_argless_short_opt-38268)
597	0.0107753	FalseGround	Unlabelled	SPOkGoodGood	Alarm(_G_-ENTRY,add_argless_short_opt-38269)
598	0.0107753	FalseGround	Unlabelled	SPOkGoodGood	Alarm(_G_-ENTRY,add_argless_short_opt-38270)
599	0.0107753	FalseGround	Unlabelled	SPOkGoodGood	Alarm(_G_-ENTRY,make_hol-37480)
600	0.0107753	FalseGround	Unlabelled	SPOkGoodGood	Alarm(_G_-ENTRY,make_hol-37481)
601	0.0107753	FalseGround	Unlabelled	SPOkGoodGood	Alarm(_G_-ENTRY,print_function-42634)
602	0.0107753	FalseGround	Unlabelled	SPOkGoodGood	Alarm(_G_-ENTRY,print_function-42635)
603	0.0107753	FalseGround	Unlabelled	SPOkGoodGood	Alarm(_G_-ENTRY,print_type-42640)
604	0.0107753	FalseGround	Unlabelled	SPOkGoodGood	Alarm(_G_-ENTRY,print_type-42641)
605	0.0107753	FalseGround	Unlabelled	SPOkGoodGood	Alarm(_G_-ENTRY,save_token-41472)
606	0.0107753	FalseGround	Unlabelled	SPOkGoodGood	Alarm(_G_-ENTRY,save_token-41473)
607	0.0104236	FalseGround	Unlabelled	SPOkGoodGood	Alarm(_G_-ENTRY,input-45736)
608	0.00952696	FalseGround	Unlabelled	SPOkGoodGood	Alarm(_G_-ENTRY,hol_append-37832)
609	0.00952696	FalseGround	Unlabelled	SPOkGoodGood	Alarm(_G_-ENTRY,hol_append-37833)
610	0.00831468	FalseGround	Unlabelled	SPOkGoodGood	Alarm(_G_-ENTRY,skip_delim-40066)
611	0.00831468	FalseGround	Unlabelled	SPOkGoodGood	Alarm(_G_-ENTRY,skip_delim-40067)
612	0.00673489	FalseGround	Unlabelled	SPOkGoodGood	Alarm(_G_-ENTRY,skip_delim-40057)
613	0.00673489	FalseGround	Unlabelled	SPOkGoodGood	Alarm(_G_-ENTRY,skip_delim-40058)
614	0.00644929	FalseGround	Unlabelled	SPOkGoodGood	Alarm(_G_-ENTRY,usage_long_opt-38315)
615	0.00644929	FalseGround	Unlabelled	SPOkGoodGood	Alarm(_G_-ENTRY,usage_long_opt-38316)
616	0.00644929	FalseGround	Unlabelled	SPOkGoodGood	Alarm(_G_-ENTRY,usage_long_opt-38317)
617	0.00522393	FalseGround	Unlabelled	SPOkGoodGood	Alarm(_G_-ENTRY,usage_long_opt-38308)
618	0.00522393	FalseGround	Unlabelled	SPOkGoodGood	Alarm(_G_-ENTRY,usage_long_opt-38309)
619	0.00365564	FalseGround	Unlabelled	SPOkGoodGood	Alarm(_G_-ENTRY,_getopt_initialize-36014)
620	0.00365564	FalseGround	Unlabelled	SPOkGoodGood	Alarm(_G_-ENTRY,_getopt_initialize-36015)
621	0.00365564	FalseGround	Unlabelled	SPOkGoodGood	Alarm(_G_-ENTRY,_getopt_initialize-36016)
622	0.00365564	FalseGround	Unlabelled	SPOkGoodGood	Alarm(_G_-ENTRY,_getopt_initialize-36017)
623	0.00339768	FalseGround	Unlabelled	SPOkGoodGood	Alarm(_G_-ENTRY,parse_level_string-43049)
624	0.00339768	FalseGround	Unlabelled	SPOkGoodGood	Alarm(_G_-ENTRY,parse_level_string-43052)
625	0.00339768	FalseGround	Unlabelled	SPOkGoodGood	Alarm(_G_-ENTRY,parse_level_string-43055)
626	0.00339768	FalseGround	Unlabelled	SPOkGoodGood	Alarm(_G_-ENTRY,parse_level_string-43058)
627	0.00339768	FalseGround	Unlabelled	SPOkGoodGood	Alarm(_G_-ENTRY,parse_level_string-43061)
628	0.00339768	FalseGround	Unlabelled	SPOkGoodGood	Alarm(_G_-ENTRY,parse_level_string-43064)
629	0.00339768	FalseGround	Unlabelled	SPOkGoodGood	Alarm(_G_-ENTRY,parse_level_string-43067)
630	0.00339768	FalseGround	Unlabelled	SPOkGoodGood	Alarm(_G_-ENTRY,parse_level_string-43080)
631	0.00339768	FalseGround	Unlabelled	SPOkGoodGood	Alarm(_G_-ENTRY,parse_level_string-43084)
632	0.00339768	FalseGround	Unlabelled	SPOkGoodGood	Alarm(_G_-ENTRY,parse_level_string-43096)
633	0.00339768	FalseGround	Unlabelled	SPOkGoodGood	Alarm(_G_-ENTRY,parse_level_string-43099)
634	0.00304325	FalseGround	Unlabelled	SPOkGoodGood	Alarm(_G_-ENTRY,delete_parms_itr-40844)
635	0.00304325	FalseGround	Unlabelled	SPOkGoodGood	Alarm(_G_-ENTRY,delete_symbol-40715)
636	0.00304325	FalseGround	Unlabelled	SPOkGoodGood	Alarm(_G_-ENTRY,delete_symbol-40719)
637	0.00304325	FalseGround	Unlabelled	SPOkGoodGood	Alarm(_G_-ENTRY,hol_entry_long_iterate-37604)
638	0.00304325	FalseGround	Unlabelled	SPOkGoodGood	Alarm(_G_-ENTRY,hol_entry_long_iterate-37605)
639	0.00304325	FalseGround	Unlabelled	SPOkGoodGood	Alarm(_G_-ENTRY,hol_entry_short_iterate-37579)
640	0.00304325	FalseGround	Unlabelled	SPOkGoodGood	Alarm(_G_-ENTRY,hol_entry_short_iterate-37580)
641	0.00304325	FalseGround	Unlabelled	SPOkGoodGood	Alarm(_G_-ENTRY,hol_entry_short_iterate-37581)
642	0.00304325	FalseGround	Unlabelled	SPOkGoodGood	Alarm(_G_-ENTRY,print_symbol-41068)
643	0.00304325	FalseGround	Unlabelled	SPOkGoodGood	Alarm(_G_-ENTRY,print_symbol-41069)
644	0.00304325	FalseGround	Unlabelled	SPOkGoodGood	Alarm(_G_-ENTRY,print_symbol-41070)
645	0.00304325	FalseGround	Unlabelled	SPOkGoodGood	Alarm(_G_-ENTRY,print_symbol___1-44016)
646	0.00304325	FalseGround	Unlabelled	SPOkGoodGood	Alarm(_G_-ENTRY,print_symbol___1-44017)
647	0.00304325	FalseGround	Unlabelled	SPOkGoodGood	Alarm(_G_-ENTRY,print_symbol___1-44021)
648	0.00304325	FalseGround	Unlabelled	SPOkGoodGood	Alarm(_G_-ENTRY,print_symbol___1-44022)
649	0.00304325	FalseGround	Unlabelled	SPOkGoodGood	Alarm(_G_-ENTRY,tokdel-41344)
650	0.00304325	FalseGround	Unlabelled	SPOkGoodGood	Alarm(_G_-ENTRY,tokpush-41381)
651	0.00304325	FalseGround	Unlabelled	SPOkGoodGood	Alarm(_G_-ENTRY,tokpush-41382)
652	0.00304325	FalseGround	Unlabelled	SPOkGoodGood	Alarm(_G_-ENTRY,tokpush-41383)
653	0.00304325	FalseGround	Unlabelled	SPOkGoodGood	Alarm(_G_-ENTRY,xmemdup-32697)
654	0.00289822	FalseGround	Unlabelled	SPOkGoodGood	Alarm(_G_-ENTRY,_getopt_internal_r-36181)
655	0.00289822	FalseGround	Unlabelled	SPOkGoodGood	Alarm(_G_-ENTRY,_getopt_internal_r-36182)
656	0.00278223	FalseGround	Unlabelled	SPOkGoodGood	Alarm(_G_-ENTRY,parse_level_string-43088)
657	0.00275212	FalseGround	Unlabelled	SPOkGoodGood	Alarm(_G_-ENTRY,parse_level_string-42989)
658	0.00275212	FalseGround	Unlabelled	SPOkGoodGood	Alarm(_G_-ENTRY,parse_level_string-42990)
659	0.00275212	FalseGround	Unlabelled	SPOkGoodGood	Alarm(_G_-ENTRY,parse_level_string-42991)
660	0.00275212	FalseGround	Unlabelled	SPOkGoodGood	Alarm(_G_-ENTRY,parse_level_string-42992)
661	0.00275212	FalseGround	Unlabelled	SPOkGoodGood	Alarm(_G_-ENTRY,parse_level_string-42993)
662	0.00275212	FalseGround	Unlabelled	SPOkGoodGood	Alarm(_G_-ENTRY,parse_level_string-42994)
663	0.00275212	FalseGround	Unlabelled	SPOkGoodGood	Alarm(_G_-ENTRY,parse_level_string-42995)
664	0.00275212	FalseGround	Unlabelled	SPOkGoodGood	Alarm(_G_-ENTRY,parse_level_string-42996)
665	0.00275212	FalseGround	Unlabelled	SPOkGoodGood	Alarm(_G_-ENTRY,parse_level_string-42997)
666	0.00275212	FalseGround	Unlabelled	SPOkGoodGood	Alarm(_G_-ENTRY,parse_level_string-42998)
667	0.00275212	FalseGround	Unlabelled	SPOkGoodGood	Alarm(_G_-ENTRY,parse_level_string-42999)
668	0.00275212	FalseGround	Unlabelled	SPOkGoodGood	Alarm(_G_-ENTRY,parse_level_string-43000)
669	0.00275212	FalseGround	Unlabelled	SPOkGoodGood	Alarm(_G_-ENTRY,parse_level_string-43001)
670	0.00275212	FalseGround	Unlabelled	SPOkGoodGood	Alarm(_G_-ENTRY,parse_level_string-43002)
671	0.00275212	FalseGround	Unlabelled	SPOkGoodGood	Alarm(_G_-ENTRY,parse_level_string-43003)
672	0.00275212	FalseGround	Unlabelled	SPOkGoodGood	Alarm(_G_-ENTRY,parse_level_string-43004)
673	0.00275212	FalseGround	Unlabelled	SPOkGoodGood	Alarm(_G_-ENTRY,parse_level_string-43005)
674	0.00275212	FalseGround	Unlabelled	SPOkGoodGood	Alarm(_G_-ENTRY,parse_level_string-43006)
675	0.00275212	FalseGround	Unlabelled	SPOkGoodGood	Alarm(_G_-ENTRY,parse_level_string-43007)
676	0.00275212	FalseGround	Unlabelled	SPOkGoodGood	Alarm(_G_-ENTRY,parse_level_string-43008)
677	0.00275212	FalseGround	Unlabelled	SPOkGoodGood	Alarm(_G_-ENTRY,parse_level_string-43009)
678	0.00275212	FalseGround	Unlabelled	SPOkGoodGood	Alarm(_G_-ENTRY,parse_level_string-43010)
679	0.00275212	FalseGround	Unlabelled	SPOkGoodGood	Alarm(_G_-ENTRY,parse_level_string-43011)
680	0.00275212	FalseGround	Unlabelled	SPOkGoodGood	Alarm(_G_-ENTRY,parse_level_string-43012)
681	0.00275212	FalseGround	Unlabelled	SPOkGoodGood	Alarm(_G_-ENTRY,parse_level_string-43013)
682	0.00275212	FalseGround	Unlabelled	SPOkGoodGood	Alarm(_G_-ENTRY,parse_level_string-43014)
683	0.00246503	FalseGround	Unlabelled	SPOkGoodGood	Alarm(_G_-ENTRY,delete_level_autos-40753)
684	0.00246503	FalseGround	Unlabelled	SPOkGoodGood	Alarm(_G_-ENTRY,delete_level_autos-40754)
685	0.00246503	FalseGround	Unlabelled	SPOkGoodGood	Alarm(_G_-ENTRY,delete_level_statics-40759)
686	0.00246503	FalseGround	Unlabelled	SPOkGoodGood	Alarm(_G_-ENTRY,delete_level_statics-40760)
687	0.00246503	FalseGround	Unlabelled	SPOkGoodGood	Alarm(_G_-ENTRY,delete_parms_itr-40834)
688	0.00246503	FalseGround	Unlabelled	SPOkGoodGood	Alarm(_G_-ENTRY,delete_parms_itr-40835)
689	0.00246503	FalseGround	Unlabelled	SPOkGoodGood	Alarm(_G_-ENTRY,delete_parms_itr-40836)
690	0.00246503	FalseGround	Unlabelled	SPOkGoodGood	Alarm(_G_-ENTRY,delete_parms_itr-40837)
691	0.00246503	FalseGround	Unlabelled	SPOkGoodGood	Alarm(_G_-ENTRY,delete_parms_itr-40838)
692	0.00246503	FalseGround	Unlabelled	SPOkGoodGood	Alarm(_G_-ENTRY,delete_parms_itr-40839)
693	0.00246503	FalseGround	Unlabelled	SPOkGoodGood	Alarm(_G_-ENTRY,delete_parms_itr-40840)
694	0.00246503	FalseGround	Unlabelled	SPOkGoodGood	Alarm(_G_-ENTRY,delete_parms_itr-40841)
695	0.00246503	FalseGround	Unlabelled	SPOkGoodGood	Alarm(_G_-ENTRY,hol_entry_long_iterate-37597)
696	0.00246503	FalseGround	Unlabelled	SPOkGoodGood	Alarm(_G_-ENTRY,hol_entry_long_iterate-37598)
697	0.00246503	FalseGround	Unlabelled	SPOkGoodGood	Alarm(_G_-ENTRY,hol_entry_long_iterate-37599)
698	0.00246503	FalseGround	Unlabelled	SPOkGoodGood	Alarm(_G_-ENTRY,hol_entry_long_iterate-37600)
699	0.00246503	FalseGround	Unlabelled	SPOkGoodGood	Alarm(_G_-ENTRY,hol_entry_long_iterate-37601)
700	0.00246503	FalseGround	Unlabelled	SPOkGoodGood	Alarm(_G_-ENTRY,hol_entry_long_iterate-37602)
701	0.00246503	FalseGround	Unlabelled	SPOkGoodGood	Alarm(_G_-ENTRY,hol_entry_short_iterate-37574)
702	0.00246503	FalseGround	Unlabelled	SPOkGoodGood	Alarm(_G_-ENTRY,hol_entry_short_iterate-37575)
703	0.00246503	FalseGround	Unlabelled	SPOkGoodGood	Alarm(_G_-ENTRY,hol_entry_short_iterate-37576)
704	0.00246503	FalseGround	Unlabelled	SPOkGoodGood	Alarm(_G_-ENTRY,hol_entry_short_iterate-37577)
705	0.00246503	FalseGround	Unlabelled	SPOkGoodGood	Alarm(_G_-ENTRY,print_symbol-41063)
706	0.00246503	FalseGround	Unlabelled	SPOkGoodGood	Alarm(_G_-ENTRY,print_symbol-41064)
707	0.00246503	FalseGround	Unlabelled	SPOkGoodGood	Alarm(_G_-ENTRY,print_symbol-41065)
708	0.00246503	FalseGround	Unlabelled	SPOkGoodGood	Alarm(_G_-ENTRY,print_symbol-41066)
709	0.00246503	FalseGround	Unlabelled	SPOkGoodGood	Alarm(_G_-ENTRY,print_symbol___1-44012)
710	0.00246503	FalseGround	Unlabelled	SPOkGoodGood	Alarm(_G_-ENTRY,print_symbol___1-44013)
711	0.00246503	FalseGround	Unlabelled	SPOkGoodGood	Alarm(_G_-ENTRY,print_symbol___1-44014)
712	0.00246503	FalseGround	Unlabelled	SPOkGoodGood	Alarm(_G_-ENTRY,print_symbol___1-44015)
713	0.00187435	FalseGround	Unlabelled	SPOkGoodGood	Alarm(_G_-ENTRY,set_level_indent-43136)
714	0.00161731	FalseGround	Unlabelled	SPOkGoodGood	Alarm(_G_-ENTRY,move_parms-40853)
715	0.00161731	FalseGround	Unlabelled	SPOkGoodGood	Alarm(_G_-ENTRY,move_parms-40854)
716	0.00161731	FalseGround	Unlabelled	SPOkGoodGood	Alarm(_G_-ENTRY,move_parms-40855)
717	0.00161731	FalseGround	Unlabelled	SPOkGoodGood	Alarm(_G_-ENTRY,move_parms-40856)
718	0.00132611	FalseGround	Unlabelled	SPOkGoodGood	Alarm(_G_-ENTRY,parse_level_string-43039)
719	0.00132611	FalseGround	Unlabelled	SPOkGoodGood	Alarm(_G_-ENTRY,parse_level_string-43040)
720	0.00122387	FalseGround	Unlabelled	SPOkGoodGood	Alarm(_G_-ENTRY,symbol_override-42899)
721	0.00122387	FalseGround	Unlabelled	SPOkGoodGood	Alarm(_G_-ENTRY,symbol_override-42900)
722	0.00102623	FalseGround	Unlabelled	SPOkGoodGood	Alarm(_G_-ENTRY,hol_append-37857)
723	0.00102623	FalseGround	Unlabelled	SPOkGoodGood	Alarm(_G_-ENTRY,hol_append-37866)
724	0.00102623	FalseGround	Unlabelled	SPOkGoodGood	Alarm(_G_-ENTRY,hol_append-37867)
725	0.000849139	FalseGround	Unlabelled	SPOkGoodGood	Alarm(_G_-ENTRY,_getopt_internal_r-36183)
726	0.000849139	FalseGround	Unlabelled	SPOkGoodGood	Alarm(_G_-ENTRY,_getopt_internal_r-36184)
727	0.00066219	FalseGround	Unlabelled	SPOkGoodGood	Alarm(_G_-ENTRY,parse_level_string-43041)
728	0.00066219	FalseGround	Unlabelled	SPOkGoodGood	Alarm(_G_-ENTRY,parse_level_string-43042)
729	0.000563921	FalseGround	Unlabelled	SPOkGoodGood	Alarm(_G_-ENTRY,expvar-39856)
730	0.000563921	FalseGround	Unlabelled	SPOkGoodGood	Alarm(_G_-ENTRY,expvar-39902)
731	0.000563921	FalseGround	Unlabelled	SPOkGoodGood	Alarm(_G_-ENTRY,find_long_option-36708)
732	0.000530791	FalseGround	Unlabelled	SPOkGoodGood	Alarm(_G_-ENTRY,delete_symbol-40716)
733	0.000530791	FalseGround	Unlabelled	SPOkGoodGood	Alarm(_G_-ENTRY,delete_symbol-40717)
734	0.000530791	FalseGround	Unlabelled	SPOkGoodGood	Alarm(_G_-ENTRY,delete_symbol-40720)
735	0.000530791	FalseGround	Unlabelled	SPOkGoodGood	Alarm(_G_-ENTRY,delete_symbol-40721)
736	0.000530791	FalseGround	Unlabelled	SPOkGoodGood	Alarm(_G_-ENTRY,static_free-40739)
737	0.000456776	FalseGround	Unlabelled	SPOkGoodGood	Alarm(_G_-ENTRY,find_long_option-36699)
738	0.000456776	FalseGround	Unlabelled	SPOkGoodGood	Alarm(_G_-ENTRY,find_long_option-36700)
739	0.00042994	FalseGround	Unlabelled	SPOkGoodGood	Alarm(_G_-ENTRY,delete_symbol-40708)
740	0.00042994	FalseGround	Unlabelled	SPOkGoodGood	Alarm(_G_-ENTRY,delete_symbol-40709)
741	0.00042994	FalseGround	Unlabelled	SPOkGoodGood	Alarm(_G_-ENTRY,delete_symbol-40712)
742	0.00042994	FalseGround	Unlabelled	SPOkGoodGood	Alarm(_G_-ENTRY,delete_symbol-40713)
743	0.00042994	FalseGround	Unlabelled	SPOkGoodGood	Alarm(_G_-ENTRY,static_free-40734)
744	0.00042994	FalseGround	Unlabelled	SPOkGoodGood	Alarm(_G_-ENTRY,static_free-40735)
745	8.46415e-05	FalseGround	Unlabelled	SPOkGoodGood	Alarm(_G_-ENTRY,print_function_name-43996)
746	8.46415e-05	FalseGround	Unlabelled	SPOkGoodGood	Alarm(_G_-ENTRY,print_function_name-43998)
747	8.46415e-05	FalseGround	Unlabelled	SPOkGoodGood	Alarm(_G_-ENTRY,print_function_name-43999)
748	8.46415e-05	FalseGround	Unlabelled	SPOkGoodGood	Alarm(_G_-ENTRY,print_symbol_type-41057)
749	8.46415e-05	FalseGround	Unlabelled	SPOkGoodGood	Alarm(_G_-ENTRY,unlink_symbol-40700)
750	6.85596e-05	FalseGround	Unlabelled	SPOkGoodGood	Alarm(_G_-ENTRY,node_expand_vars-39945)
751	6.85596e-05	FalseGround	Unlabelled	SPOkGoodGood	Alarm(_G_-ENTRY,node_expand_vars-39946)
752	6.85596e-05	FalseGround	Unlabelled	SPOkGoodGood	Alarm(_G_-ENTRY,node_expand_vars-39947)
753	6.85596e-05	FalseGround	Unlabelled	SPOkGoodGood	Alarm(_G_-ENTRY,node_expand_vars-39948)
754	6.85596e-05	FalseGround	Unlabelled	SPOkGoodGood	Alarm(_G_-ENTRY,print_function_name-43984)
755	6.85596e-05	FalseGround	Unlabelled	SPOkGoodGood	Alarm(_G_-ENTRY,print_function_name-43985)
756	6.85596e-05	FalseGround	Unlabelled	SPOkGoodGood	Alarm(_G_-ENTRY,print_function_name-43986)
757	6.85596e-05	FalseGround	Unlabelled	SPOkGoodGood	Alarm(_G_-ENTRY,print_function_name-43987)
758	6.85596e-05	FalseGround	Unlabelled	SPOkGoodGood	Alarm(_G_-ENTRY,print_function_name-43988)
759	6.85596e-05	FalseGround	Unlabelled	SPOkGoodGood	Alarm(_G_-ENTRY,print_function_name-43989)
760	6.85596e-05	FalseGround	Unlabelled	SPOkGoodGood	Alarm(_G_-ENTRY,print_function_name-43990)
761	6.85596e-05	FalseGround	Unlabelled	SPOkGoodGood	Alarm(_G_-ENTRY,print_function_name-43991)
762	6.85596e-05	FalseGround	Unlabelled	SPOkGoodGood	Alarm(_G_-ENTRY,print_symbol_type-41055)
763	6.85596e-05	FalseGround	Unlabelled	SPOkGoodGood	Alarm(_G_-ENTRY,print_symbol_type-41056)
764	6.78741e-05	FalseGround	Unlabelled	SPOkGoodGood	Alarm(_G_-ENTRY,node_split_prefix-39650)
765	3.1631e-05	FalseGround	Unlabelled	SPOkGoodGood	Alarm(_G_-ENTRY,_getopt_internal_r-36241)
766	3.1631e-05	FalseGround	Unlabelled	SPOkGoodGood	Alarm(_G_-ENTRY,_getopt_internal_r-36242)
767	3.1631e-05	FalseGround	Unlabelled	SPOkGoodGood	Alarm(_G_-ENTRY,_getopt_internal_r-36243)
768	3.1631e-05	FalseGround	Unlabelled	SPOkGoodGood	Alarm(_G_-ENTRY,_getopt_internal_r-36244)
769	5.46876e-06	FalseGround	Unlabelled	SPOkGoodGood	Alarm(_G_-ENTRY,set_program_name-34753)
770	5.46876e-06	FalseGround	Unlabelled	SPOkGoodGood	Alarm(_G_-ENTRY,set_program_name-34755)
771	8.20831e-07	FalseGround	Unlabelled	SPOkGoodGood	Alarm(_G_-ENTRY,expvar-39742)
772	8.20831e-07	FalseGround	Unlabelled	SPOkGoodGood	Alarm(_G_-ENTRY,expvar-39743)
773	8.20831e-07	FalseGround	Unlabelled	SPOkGoodGood	Alarm(_G_-ENTRY,expvar-39744)
774	8.20831e-07	FalseGround	Unlabelled	SPOkGoodGood	Alarm(_G_-ENTRY,expvar-39745)
775	8.20831e-07	FalseGround	Unlabelled	SPOkGoodGood	Alarm(_G_-ENTRY,expvar-39748)
776	8.20831e-07	FalseGround	Unlabelled	SPOkGoodGood	Alarm(_G_-ENTRY,expvar-39749)
777	8.20831e-07	FalseGround	Unlabelled	SPOkGoodGood	Alarm(_G_-ENTRY,expvar-39750)
778	8.20831e-07	FalseGround	Unlabelled	SPOkGoodGood	Alarm(_G_-ENTRY,expvar-39751)
779	8.20831e-07	FalseGround	Unlabelled	SPOkGoodGood	Alarm(_G_-ENTRY,expvar-39752)
780	8.20831e-07	FalseGround	Unlabelled	SPOkGoodGood	Alarm(_G_-ENTRY,expvar-39753)
781	8.20831e-07	FalseGround	Unlabelled	SPOkGoodGood	Alarm(_G_-ENTRY,expvar-39754)
782	8.20831e-07	FalseGround	Unlabelled	SPOkGoodGood	Alarm(_G_-ENTRY,expvar-39755)
783	8.20831e-07	FalseGround	Unlabelled	SPOkGoodGood	Alarm(_G_-ENTRY,expvar-39756)
784	8.20831e-07	FalseGround	Unlabelled	SPOkGoodGood	Alarm(_G_-ENTRY,expvar-39757)
785	8.20831e-07	FalseGround	Unlabelled	SPOkGoodGood	Alarm(_G_-ENTRY,expvar-39758)
786	8.20831e-07	FalseGround	Unlabelled	SPOkGoodGood	Alarm(_G_-ENTRY,expvar-39759)
787	8.20831e-07	FalseGround	Unlabelled	SPOkGoodGood	Alarm(_G_-ENTRY,expvar-39760)
788	8.20831e-07	FalseGround	Unlabelled	SPOkGoodGood	Alarm(_G_-ENTRY,expvar-39761)
789	8.20831e-07	FalseGround	Unlabelled	SPOkGoodGood	Alarm(_G_-ENTRY,expvar-39762)
790	8.20831e-07	FalseGround	Unlabelled	SPOkGoodGood	Alarm(_G_-ENTRY,expvar-39763)
791	8.20831e-07	FalseGround	Unlabelled	SPOkGoodGood	Alarm(_G_-ENTRY,expvar-39764)
792	8.20831e-07	FalseGround	Unlabelled	SPOkGoodGood	Alarm(_G_-ENTRY,expvar-39765)
793	8.20831e-07	FalseGround	Unlabelled	SPOkGoodGood	Alarm(_G_-ENTRY,expvar-39766)
794	8.20831e-07	FalseGround	Unlabelled	SPOkGoodGood	Alarm(_G_-ENTRY,expvar-39767)
795	8.20831e-07	FalseGround	Unlabelled	SPOkGoodGood	Alarm(_G_-ENTRY,expvar-39768)
796	8.20831e-07	FalseGround	Unlabelled	SPOkGoodGood	Alarm(_G_-ENTRY,expvar-39769)
797	8.20831e-07	FalseGround	Unlabelled	SPOkGoodGood	Alarm(_G_-ENTRY,expvar-39772)
798	8.20831e-07	FalseGround	Unlabelled	SPOkGoodGood	Alarm(_G_-ENTRY,expvar-39773)
799	8.20831e-07	FalseGround	Unlabelled	SPOkGoodGood	Alarm(_G_-ENTRY,expvar-39774)
800	8.20831e-07	FalseGround	Unlabelled	SPOkGoodGood	Alarm(_G_-ENTRY,expvar-39775)
801	8.20831e-07	FalseGround	Unlabelled	SPOkGoodGood	Alarm(_G_-ENTRY,expvar-39776)
802	8.20831e-07	FalseGround	Unlabelled	SPOkGoodGood	Alarm(_G_-ENTRY,expvar-39777)
803	8.20831e-07	FalseGround	Unlabelled	SPOkGoodGood	Alarm(_G_-ENTRY,expvar-39780)
804	8.20831e-07	FalseGround	Unlabelled	SPOkGoodGood	Alarm(_G_-ENTRY,expvar-39781)
805	7.46089e-07	FalseGround	Unlabelled	SPOkGoodGood	Alarm(_G_-ENTRY,node_split_prefix-39651)
