Rank	Confidence	Ground	Label	Comments	Tuple
1	0.812598	FalseGround	Unlabelled	SPOkGoodGood	Alarm(_G_-ENTRY,get_charset_aliases-33609)
2	0.764253	FalseGround	Unlabelled	SPOkGoodGood	Alarm(_G_-ENTRY,compile_program-67622)
3	0.764253	FalseGround	Unlabelled	SPOkGoodGood	Alarm(_G_-ENTRY,merge_constrained-50757)
4	0.764253	FalseGround	Unlabelled	SPOkGoodGood	Alarm(_G_-ENTRY,merge_constrained-50762)
5	0.745757	FalseGround	Unlabelled	SPOkGoodGood	Alarm(_G_-ENTRY,parse_bracket_exp-44122)
6	0.737616	FalseGround	Unlabelled	SPOkGoodGood	Alarm(_G_-ENTRY,copy-47072)
7	0.733483	FalseGround	Unlabelled	SPOkGoodGood	Alarm(_G_-ENTRY,state_index-51928)
8	0.733483	FalseGround	Unlabelled	SPOkGoodGood	Alarm(_G_-ENTRY,state_index-51930)
9	0.704376	FalseGround	Unlabelled	SPOkGoodGood	Alarm(_G_-ENTRY,compile_program-67647)
10	0.704376	FalseGround	Unlabelled	SPOkGoodGood	Alarm(_G_-ENTRY,compile_program-67649)
11	0.678498	FalseGround	Unlabelled	SPOkGoodGood	Alarm(_G_-ENTRY,merge_constrained-50749)
12	0.657917	FalseGround	Unlabelled	SPOkGoodGood	Alarm(_G_-ENTRY,translate_mb-65604)
13	0.651398	FalseGround	Unlabelled	SPOkGoodGood	Alarm(_G_-ENTRY,state_index-50839)
14	0.651398	FalseGround	Unlabelled	SPOkGoodGood	Alarm(_G_-ENTRY,state_index-50840)
15	0.651398	FalseGround	Unlabelled	SPOkGoodGood	Alarm(_G_-ENTRY,state_index-50845)
16	0.651398	FalseGround	Unlabelled	SPOkGoodGood	Alarm(_G_-ENTRY,state_index-50846)
17	0.64945	FalseGround	Unlabelled	SPOkGoodGood	Alarm(_G_-ENTRY,state_index-52651)
18	0.64945	FalseGround	Unlabelled	SPOkGoodGood	Alarm(_G_-ENTRY,state_index-52671)
19	0.64945	FalseGround	Unlabelled	SPOkGoodGood	Alarm(_G_-ENTRY,state_index-52675)
20	0.64945	FalseGround	Unlabelled	SPOkGoodGood	Alarm(_G_-ENTRY,state_index-52676)
21	0.64945	FalseGround	Unlabelled	SPOkGoodGood	Alarm(_G_-ENTRY,state_index-52677)
22	0.645842	FalseGround	Unlabelled	SPOkGoodGood	Alarm(_G_-ENTRY,dfamust-62804)
23	0.64184	FalseGround	Unlabelled	SPOkGoodGood	Alarm(_G_-ENTRY,str_append-64579)
24	0.614809	FalseGround	Unlabelled	SPOkGoodGood	Alarm(_G_-ENTRY,state_index-50831)
25	0.614809	FalseGround	Unlabelled	SPOkGoodGood	Alarm(_G_-ENTRY,state_index-50832)
26	0.614809	FalseGround	Unlabelled	SPOkGoodGood	Alarm(_G_-ENTRY,state_index-50833)
27	0.614809	FalseGround	Unlabelled	SPOkGoodGood	Alarm(_G_-ENTRY,state_index-50834)
28	0.562399	FalseGround	Unlabelled	SPOkGoodGood	Alarm(_G_-ENTRY,parse_bracket_exp-43254)
29	0.557972	FalseGround	Unlabelled	SPOkGoodGood	Alarm(_G_-ENTRY,normalize_text-68439)
30	0.557972	FalseGround	Unlabelled	SPOkGoodGood	Alarm(_G_-ENTRY,normalize_text-68443)
31	0.557972	FalseGround	Unlabelled	SPOkGoodGood	Alarm(_G_-ENTRY,normalize_text-68447)
32	0.557972	FalseGround	Unlabelled	SPOkGoodGood	Alarm(_G_-ENTRY,normalize_text-68451)
33	0.557972	FalseGround	Unlabelled	SPOkGoodGood	Alarm(_G_-ENTRY,normalize_text-68455)
34	0.557972	FalseGround	Unlabelled	SPOkGoodGood	Alarm(_G_-ENTRY,normalize_text-68459)
35	0.557972	FalseGround	Unlabelled	SPOkGoodGood	Alarm(_G_-ENTRY,normalize_text-68467)
36	0.557972	FalseGround	Unlabelled	SPOkGoodGood	Alarm(_G_-ENTRY,normalize_text-68474)
37	0.557972	FalseGround	Unlabelled	SPOkGoodGood	Alarm(_G_-ENTRY,normalize_text-68475)
38	0.557972	FalseGround	Unlabelled	SPOkGoodGood	Alarm(_G_-ENTRY,normalize_text-68481)
39	0.557972	FalseGround	Unlabelled	SPOkGoodGood	Alarm(_G_-ENTRY,normalize_text-68484)
40	0.557972	FalseGround	Unlabelled	SPOkGoodGood	Alarm(_G_-ENTRY,normalize_text-68486)
41	0.557221	FalseGround	Unlabelled	SPOkGoodGood	Alarm(_G_-ENTRY,setbit-33830)
42	0.552071	FalseGround	Unlabelled	SPOkGoodGood	Alarm(_G_-ENTRY,state_index-50825)
43	0.552071	FalseGround	Unlabelled	SPOkGoodGood	Alarm(_G_-ENTRY,state_index-50826)
44	0.525416	FalseGround	Unlabelled	SPOkGoodGood	Alarm(_G_-ENTRY,parse_bracket_exp-43402)
45	0.518871	FalseGround	Unlabelled	SPOkGoodGood	Alarm(_G_-ENTRY,insert-48210)
46	0.516959	FalseGround	Unlabelled	SPOkGoodGood	Alarm(_G_-ENTRY,new_replacement-66867)
47	0.516959	FalseGround	Unlabelled	SPOkGoodGood	Alarm(_G_-ENTRY,new_replacement-66868)
48	0.516959	FalseGround	Unlabelled	SPOkGoodGood	Alarm(_G_-ENTRY,new_replacement-66869)
49	0.516959	FalseGround	Unlabelled	SPOkGoodGood	Alarm(_G_-ENTRY,new_replacement-66870)
50	0.50473	FalseGround	Unlabelled	SPOkGoodGood	Alarm(_G_-ENTRY,insert-48932)
51	0.499758	FalseGround	Unlabelled	SPOkGoodGood	Alarm(_G_-ENTRY,compile_program-67664)
52	0.499758	FalseGround	Unlabelled	SPOkGoodGood	Alarm(_G_-ENTRY,compile_program-67665)
53	0.499758	FalseGround	Unlabelled	SPOkGoodGood	Alarm(_G_-ENTRY,get_charset_aliases-33610)
54	0.499758	FalseGround	Unlabelled	SPOkGoodGood	Alarm(_G_-ENTRY,normalize_text-68433)
55	0.499758	FalseGround	Unlabelled	SPOkGoodGood	Alarm(_G_-ENTRY,state_index-52673)
56	0.499758	FalseGround	Unlabelled	SPOkGoodGood	Alarm(_G_-ENTRY,state_index-52674)
57	0.489985	FalseGround	Unlabelled	SPOkGoodGood	Alarm(_G_-ENTRY,get_charset_aliases-33559)
58	0.489985	FalseGround	Unlabelled	SPOkGoodGood	Alarm(_G_-ENTRY,get_charset_aliases-33560)
59	0.462383	FalseGround	Unlabelled	SPOkGoodGood	Alarm(_G_-ENTRY,quotearg_buffer_restyled-32641)
60	0.462383	FalseGround	Unlabelled	SPOkGoodGood	Alarm(_G_-ENTRY,quotearg_buffer_restyled-32652)
61	0.462383	FalseGround	Unlabelled	SPOkGoodGood	Alarm(_G_-ENTRY,quotearg_buffer_restyled-32668)
62	0.462383	FalseGround	Unlabelled	SPOkGoodGood	Alarm(_G_-ENTRY,quotearg_buffer_restyled-32687)
63	0.462383	FalseGround	Unlabelled	SPOkGoodGood	Alarm(_G_-ENTRY,quotearg_buffer_restyled-32748)
64	0.451957	FalseGround	Unlabelled	SPOkGoodGood	Alarm(_G_-ENTRY,normalize_text-68351)
65	0.451957	FalseGround	Unlabelled	SPOkGoodGood	Alarm(_G_-ENTRY,normalize_text-68352)
66	0.451957	FalseGround	Unlabelled	SPOkGoodGood	Alarm(_G_-ENTRY,normalize_text-68357)
67	0.451957	FalseGround	Unlabelled	SPOkGoodGood	Alarm(_G_-ENTRY,normalize_text-68358)
68	0.451957	FalseGround	Unlabelled	SPOkGoodGood	Alarm(_G_-ENTRY,normalize_text-68359)
69	0.451957	FalseGround	Unlabelled	SPOkGoodGood	Alarm(_G_-ENTRY,normalize_text-68360)
70	0.451957	FalseGround	Unlabelled	SPOkGoodGood	Alarm(_G_-ENTRY,normalize_text-68361)
71	0.451957	FalseGround	Unlabelled	SPOkGoodGood	Alarm(_G_-ENTRY,normalize_text-68362)
72	0.451957	FalseGround	Unlabelled	SPOkGoodGood	Alarm(_G_-ENTRY,normalize_text-68363)
73	0.451957	FalseGround	Unlabelled	SPOkGoodGood	Alarm(_G_-ENTRY,normalize_text-68364)
74	0.451957	FalseGround	Unlabelled	SPOkGoodGood	Alarm(_G_-ENTRY,normalize_text-68365)
75	0.451957	FalseGround	Unlabelled	SPOkGoodGood	Alarm(_G_-ENTRY,normalize_text-68366)
76	0.451957	FalseGround	Unlabelled	SPOkGoodGood	Alarm(_G_-ENTRY,normalize_text-68367)
77	0.451957	FalseGround	Unlabelled	SPOkGoodGood	Alarm(_G_-ENTRY,normalize_text-68368)
78	0.451957	FalseGround	Unlabelled	SPOkGoodGood	Alarm(_G_-ENTRY,normalize_text-68369)
79	0.451957	FalseGround	Unlabelled	SPOkGoodGood	Alarm(_G_-ENTRY,normalize_text-68370)
80	0.451957	FalseGround	Unlabelled	SPOkGoodGood	Alarm(_G_-ENTRY,normalize_text-68371)
81	0.451957	FalseGround	Unlabelled	SPOkGoodGood	Alarm(_G_-ENTRY,normalize_text-68372)
82	0.451957	FalseGround	Unlabelled	SPOkGoodGood	Alarm(_G_-ENTRY,normalize_text-68373)
83	0.451957	FalseGround	Unlabelled	SPOkGoodGood	Alarm(_G_-ENTRY,normalize_text-68374)
84	0.451957	FalseGround	Unlabelled	SPOkGoodGood	Alarm(_G_-ENTRY,normalize_text-68375)
85	0.451957	FalseGround	Unlabelled	SPOkGoodGood	Alarm(_G_-ENTRY,normalize_text-68376)
86	0.451957	FalseGround	Unlabelled	SPOkGoodGood	Alarm(_G_-ENTRY,normalize_text-68377)
87	0.451957	FalseGround	Unlabelled	SPOkGoodGood	Alarm(_G_-ENTRY,normalize_text-68378)
88	0.451957	FalseGround	Unlabelled	SPOkGoodGood	Alarm(_G_-ENTRY,normalize_text-68397)
89	0.451957	FalseGround	Unlabelled	SPOkGoodGood	Alarm(_G_-ENTRY,normalize_text-68398)
90	0.451957	FalseGround	Unlabelled	SPOkGoodGood	Alarm(_G_-ENTRY,normalize_text-68399)
91	0.451957	FalseGround	Unlabelled	SPOkGoodGood	Alarm(_G_-ENTRY,normalize_text-68400)
92	0.451957	FalseGround	Unlabelled	SPOkGoodGood	Alarm(_G_-ENTRY,normalize_text-68401)
93	0.451957	FalseGround	Unlabelled	SPOkGoodGood	Alarm(_G_-ENTRY,normalize_text-68402)
94	0.451957	FalseGround	Unlabelled	SPOkGoodGood	Alarm(_G_-ENTRY,normalize_text-68403)
95	0.451957	FalseGround	Unlabelled	SPOkGoodGood	Alarm(_G_-ENTRY,normalize_text-68404)
96	0.451957	FalseGround	Unlabelled	SPOkGoodGood	Alarm(_G_-ENTRY,normalize_text-68405)
97	0.451957	FalseGround	Unlabelled	SPOkGoodGood	Alarm(_G_-ENTRY,normalize_text-68406)
98	0.451957	FalseGround	Unlabelled	SPOkGoodGood	Alarm(_G_-ENTRY,normalize_text-68411)
99	0.451957	FalseGround	Unlabelled	SPOkGoodGood	Alarm(_G_-ENTRY,normalize_text-68412)
100	0.451957	FalseGround	Unlabelled	SPOkGoodGood	Alarm(_G_-ENTRY,normalize_text-68417)
101	0.451957	FalseGround	Unlabelled	SPOkGoodGood	Alarm(_G_-ENTRY,normalize_text-68418)
102	0.451957	FalseGround	Unlabelled	SPOkGoodGood	Alarm(_G_-ENTRY,normalize_text-68419)
103	0.451957	FalseGround	Unlabelled	SPOkGoodGood	Alarm(_G_-ENTRY,normalize_text-68420)
104	0.445213	FalseGround	Unlabelled	SPOkGoodGood	Alarm(_G_-ENTRY,setup_replacement-66881)
105	0.445213	FalseGround	Unlabelled	SPOkGoodGood	Alarm(_G_-ENTRY,setup_replacement-66882)
106	0.442866	FalseGround	Unlabelled	SPOkGoodGood	Alarm(_G_-ENTRY,insert-47135)
107	0.442866	FalseGround	Unlabelled	SPOkGoodGood	Alarm(_G_-ENTRY,insert-47136)
108	0.442866	FalseGround	Unlabelled	SPOkGoodGood	Alarm(_G_-ENTRY,insert-47137)
109	0.442866	FalseGround	Unlabelled	SPOkGoodGood	Alarm(_G_-ENTRY,insert-47138)
110	0.417316	FalseGround	Unlabelled	SPOkGoodGood	Alarm(_G_-ENTRY,clrbit-33831)
111	0.417231	FalseGround	Unlabelled	SPOkGoodGood	Alarm(_G_-ENTRY,copy-46362)
112	0.417231	FalseGround	Unlabelled	SPOkGoodGood	Alarm(_G_-ENTRY,copy-46364)
113	0.417231	FalseGround	Unlabelled	SPOkGoodGood	Alarm(_G_-ENTRY,copy-46365)
114	0.417231	FalseGround	Unlabelled	SPOkGoodGood	Alarm(_G_-ENTRY,copy-47071)
115	0.417231	FalseGround	Unlabelled	SPOkGoodGood	Alarm(_G_-ENTRY,copy-47073)
116	0.417231	FalseGround	Unlabelled	SPOkGoodGood	Alarm(_G_-ENTRY,insert-48930)
117	0.404804	FalseGround	Unlabelled	SPOkGoodGood	Alarm(_G_-ENTRY,setup_replacement-66875)
118	0.404804	FalseGround	Unlabelled	SPOkGoodGood	Alarm(_G_-ENTRY,setup_replacement-66876)
119	0.392546	FalseGround	Unlabelled	SPOkGoodGood	Alarm(_G_-ENTRY,setup_replacement-66915)
120	0.392546	FalseGround	Unlabelled	SPOkGoodGood	Alarm(_G_-ENTRY,setup_replacement-66916)
121	0.3883	FalseGround	Unlabelled	SPOkGoodGood	Alarm(_G_-ENTRY,translate_mb-65620)
122	0.384611	FalseGround	Unlabelled	SPOkGoodGood	Alarm(_G_-ENTRY,compile_program-67663)
123	0.37453	FalseGround	Unlabelled	SPOkGoodGood	Alarm(_G_-ENTRY,quotearg_buffer_restyled-32363)
124	0.37453	FalseGround	Unlabelled	SPOkGoodGood	Alarm(_G_-ENTRY,quotearg_buffer_restyled-32364)
125	0.37453	FalseGround	Unlabelled	SPOkGoodGood	Alarm(_G_-ENTRY,quotearg_buffer_restyled-32365)
126	0.37453	FalseGround	Unlabelled	SPOkGoodGood	Alarm(_G_-ENTRY,quotearg_buffer_restyled-32366)
127	0.37453	FalseGround	Unlabelled	SPOkGoodGood	Alarm(_G_-ENTRY,quotearg_buffer_restyled-32383)
128	0.37453	FalseGround	Unlabelled	SPOkGoodGood	Alarm(_G_-ENTRY,quotearg_buffer_restyled-32384)
129	0.37453	FalseGround	Unlabelled	SPOkGoodGood	Alarm(_G_-ENTRY,quotearg_buffer_restyled-32385)
130	0.37453	FalseGround	Unlabelled	SPOkGoodGood	Alarm(_G_-ENTRY,quotearg_buffer_restyled-32386)
131	0.37453	FalseGround	Unlabelled	SPOkGoodGood	Alarm(_G_-ENTRY,quotearg_buffer_restyled-32387)
132	0.37453	FalseGround	Unlabelled	SPOkGoodGood	Alarm(_G_-ENTRY,quotearg_buffer_restyled-32388)
133	0.37453	FalseGround	Unlabelled	SPOkGoodGood	Alarm(_G_-ENTRY,quotearg_buffer_restyled-32389)
134	0.37453	FalseGround	Unlabelled	SPOkGoodGood	Alarm(_G_-ENTRY,quotearg_buffer_restyled-32390)
135	0.37453	FalseGround	Unlabelled	SPOkGoodGood	Alarm(_G_-ENTRY,quotearg_buffer_restyled-32391)
136	0.37453	FalseGround	Unlabelled	SPOkGoodGood	Alarm(_G_-ENTRY,quotearg_buffer_restyled-32392)
137	0.37453	FalseGround	Unlabelled	SPOkGoodGood	Alarm(_G_-ENTRY,quotearg_buffer_restyled-32393)
138	0.37453	FalseGround	Unlabelled	SPOkGoodGood	Alarm(_G_-ENTRY,quotearg_buffer_restyled-32394)
139	0.37453	FalseGround	Unlabelled	SPOkGoodGood	Alarm(_G_-ENTRY,quotearg_buffer_restyled-32395)
140	0.37453	FalseGround	Unlabelled	SPOkGoodGood	Alarm(_G_-ENTRY,quotearg_buffer_restyled-32396)
141	0.37453	FalseGround	Unlabelled	SPOkGoodGood	Alarm(_G_-ENTRY,quotearg_buffer_restyled-32397)
142	0.37453	FalseGround	Unlabelled	SPOkGoodGood	Alarm(_G_-ENTRY,quotearg_buffer_restyled-32398)
143	0.37453	FalseGround	Unlabelled	SPOkGoodGood	Alarm(_G_-ENTRY,quotearg_buffer_restyled-32399)
144	0.37453	FalseGround	Unlabelled	SPOkGoodGood	Alarm(_G_-ENTRY,quotearg_buffer_restyled-32400)
145	0.37453	FalseGround	Unlabelled	SPOkGoodGood	Alarm(_G_-ENTRY,quotearg_buffer_restyled-32401)
146	0.37453	FalseGround	Unlabelled	SPOkGoodGood	Alarm(_G_-ENTRY,quotearg_buffer_restyled-32402)
147	0.37453	FalseGround	Unlabelled	SPOkGoodGood	Alarm(_G_-ENTRY,quotearg_buffer_restyled-32465)
148	0.37453	FalseGround	Unlabelled	SPOkGoodGood	Alarm(_G_-ENTRY,quotearg_buffer_restyled-32466)
149	0.37453	FalseGround	Unlabelled	SPOkGoodGood	Alarm(_G_-ENTRY,quotearg_buffer_restyled-32473)
150	0.37453	FalseGround	Unlabelled	SPOkGoodGood	Alarm(_G_-ENTRY,quotearg_buffer_restyled-32474)
151	0.37453	FalseGround	Unlabelled	SPOkGoodGood	Alarm(_G_-ENTRY,quotearg_buffer_restyled-32475)
152	0.37453	FalseGround	Unlabelled	SPOkGoodGood	Alarm(_G_-ENTRY,quotearg_buffer_restyled-32476)
153	0.37453	FalseGround	Unlabelled	SPOkGoodGood	Alarm(_G_-ENTRY,quotearg_buffer_restyled-32477)
154	0.37453	FalseGround	Unlabelled	SPOkGoodGood	Alarm(_G_-ENTRY,quotearg_buffer_restyled-32478)
155	0.37453	FalseGround	Unlabelled	SPOkGoodGood	Alarm(_G_-ENTRY,quotearg_buffer_restyled-32479)
156	0.37453	FalseGround	Unlabelled	SPOkGoodGood	Alarm(_G_-ENTRY,quotearg_buffer_restyled-32480)
157	0.37453	FalseGround	Unlabelled	SPOkGoodGood	Alarm(_G_-ENTRY,quotearg_buffer_restyled-32481)
158	0.37453	FalseGround	Unlabelled	SPOkGoodGood	Alarm(_G_-ENTRY,quotearg_buffer_restyled-32482)
159	0.373623	FalseGround	Unlabelled	SPOkGoodGood	Alarm(_G_-ENTRY,compile_program-67639)
160	0.373623	FalseGround	Unlabelled	SPOkGoodGood	Alarm(_G_-ENTRY,compile_program-67646)
161	0.373623	FalseGround	Unlabelled	SPOkGoodGood	Alarm(_G_-ENTRY,compile_program-67648)
162	0.373623	FalseGround	Unlabelled	SPOkGoodGood	Alarm(_G_-ENTRY,compile_program-67668)
163	0.373623	FalseGround	Unlabelled	SPOkGoodGood	Alarm(_G_-ENTRY,merge_constrained-50752)
164	0.373623	FalseGround	Unlabelled	SPOkGoodGood	Alarm(_G_-ENTRY,merge_constrained-50758)
165	0.373623	FalseGround	Unlabelled	SPOkGoodGood	Alarm(_G_-ENTRY,merge_constrained-50759)
166	0.373623	FalseGround	Unlabelled	SPOkGoodGood	Alarm(_G_-ENTRY,merge_constrained-50763)
167	0.373623	FalseGround	Unlabelled	SPOkGoodGood	Alarm(_G_-ENTRY,merge_constrained-50764)
168	0.373623	FalseGround	Unlabelled	SPOkGoodGood	Alarm(_G_-ENTRY,merge_constrained-50765)
169	0.373623	FalseGround	Unlabelled	SPOkGoodGood	Alarm(_G_-ENTRY,merge_constrained-50766)
170	0.373623	FalseGround	Unlabelled	SPOkGoodGood	Alarm(_G_-ENTRY,state_index-51921)
171	0.373623	FalseGround	Unlabelled	SPOkGoodGood	Alarm(_G_-ENTRY,translate_mb-65623)
172	0.368161	FalseGround	Unlabelled	SPOkGoodGood	Alarm(_G_-ENTRY,enlist-61961)
173	0.337957	FalseGround	Unlabelled	SPOkGoodGood	Alarm(_G_-ENTRY,copy-45298)
174	0.337957	FalseGround	Unlabelled	SPOkGoodGood	Alarm(_G_-ENTRY,copy-45299)
175	0.330997	FalseGround	Unlabelled	SPOkGoodGood	Alarm(_G_-ENTRY,state_separate_contexts-52818)
176	0.330997	FalseGround	Unlabelled	SPOkGoodGood	Alarm(_G_-ENTRY,state_separate_contexts-52819)
177	0.330997	FalseGround	Unlabelled	SPOkGoodGood	Alarm(_G_-ENTRY,state_separate_contexts-52820)
178	0.330997	FalseGround	Unlabelled	SPOkGoodGood	Alarm(_G_-ENTRY,state_separate_contexts-52821)
179	0.325121	FalseGround	Unlabelled	SPOkGoodGood	Alarm(_G_-ENTRY,compile_program-67154)
180	0.325121	FalseGround	Unlabelled	SPOkGoodGood	Alarm(_G_-ENTRY,compile_program-67155)
181	0.325121	FalseGround	Unlabelled	SPOkGoodGood	Alarm(_G_-ENTRY,compile_program-67156)
182	0.325121	FalseGround	Unlabelled	SPOkGoodGood	Alarm(_G_-ENTRY,compile_program-67157)
183	0.3178	FalseGround	Unlabelled	SPOkGoodGood	Alarm(_G_-ENTRY,execute_program-65724)
184	0.3178	FalseGround	Unlabelled	SPOkGoodGood	Alarm(_G_-ENTRY,execute_program-65725)
185	0.313946	FalseGround	Unlabelled	SPOkGoodGood	Alarm(_G_-ENTRY,c_strcasecmp-63103)
186	0.313811	FalseGround	Unlabelled	SPOkGoodGood	Alarm(_G_-ENTRY,build_state-57242)
187	0.313811	FalseGround	Unlabelled	SPOkGoodGood	Alarm(_G_-ENTRY,build_state-57243)
188	0.313811	FalseGround	Unlabelled	SPOkGoodGood	Alarm(_G_-ENTRY,build_state-57314)
189	0.313811	FalseGround	Unlabelled	SPOkGoodGood	Alarm(_G_-ENTRY,build_state-57315)
190	0.313811	FalseGround	Unlabelled	SPOkGoodGood	Alarm(_G_-ENTRY,ck_fclose-63418)
191	0.313811	FalseGround	Unlabelled	SPOkGoodGood	Alarm(_G_-ENTRY,ck_fclose-63420)
192	0.313811	FalseGround	Unlabelled	SPOkGoodGood	Alarm(_G_-ENTRY,ck_fclose-63424)
193	0.313811	FalseGround	Unlabelled	SPOkGoodGood	Alarm(_G_-ENTRY,compile_program-67521)
194	0.313811	FalseGround	Unlabelled	SPOkGoodGood	Alarm(_G_-ENTRY,compile_program-67582)
195	0.313811	FalseGround	Unlabelled	SPOkGoodGood	Alarm(_G_-ENTRY,compile_program-67710)
196	0.313811	FalseGround	Unlabelled	SPOkGoodGood	Alarm(_G_-ENTRY,dfaanalyze-53006)
197	0.313811	FalseGround	Unlabelled	SPOkGoodGood	Alarm(_G_-ENTRY,dfaexec_main-61358)
198	0.313811	FalseGround	Unlabelled	SPOkGoodGood	Alarm(_G_-ENTRY,dfaexec_main-61359)
199	0.313811	FalseGround	Unlabelled	SPOkGoodGood	Alarm(_G_-ENTRY,dfaexec_main-61430)
200	0.313811	FalseGround	Unlabelled	SPOkGoodGood	Alarm(_G_-ENTRY,dfaexec_main-61431)
201	0.313811	FalseGround	Unlabelled	SPOkGoodGood	Alarm(_G_-ENTRY,dfamust-62491)
202	0.313811	FalseGround	Unlabelled	SPOkGoodGood	Alarm(_G_-ENTRY,dfamust-62499)
203	0.313811	FalseGround	Unlabelled	SPOkGoodGood	Alarm(_G_-ENTRY,dfamust-62501)
204	0.313811	FalseGround	Unlabelled	SPOkGoodGood	Alarm(_G_-ENTRY,dfamust-62510)
205	0.313811	FalseGround	Unlabelled	SPOkGoodGood	Alarm(_G_-ENTRY,dfamust-62512)
206	0.313811	FalseGround	Unlabelled	SPOkGoodGood	Alarm(_G_-ENTRY,dfamust-62533)
207	0.313811	FalseGround	Unlabelled	SPOkGoodGood	Alarm(_G_-ENTRY,dfamust-62534)
208	0.313811	FalseGround	Unlabelled	SPOkGoodGood	Alarm(_G_-ENTRY,dfamust-62551)
209	0.313811	FalseGround	Unlabelled	SPOkGoodGood	Alarm(_G_-ENTRY,dfamust-62569)
210	0.313811	FalseGround	Unlabelled	SPOkGoodGood	Alarm(_G_-ENTRY,dfamust-62586)
211	0.313811	FalseGround	Unlabelled	SPOkGoodGood	Alarm(_G_-ENTRY,dfamust-62604)
212	0.313811	FalseGround	Unlabelled	SPOkGoodGood	Alarm(_G_-ENTRY,dfamust-62798)
213	0.313811	FalseGround	Unlabelled	SPOkGoodGood	Alarm(_G_-ENTRY,dfamust-62800)
214	0.313811	FalseGround	Unlabelled	SPOkGoodGood	Alarm(_G_-ENTRY,dfamust-62801)
215	0.313811	FalseGround	Unlabelled	SPOkGoodGood	Alarm(_G_-ENTRY,dfamust-62806)
216	0.313811	FalseGround	Unlabelled	SPOkGoodGood	Alarm(_G_-ENTRY,dfamust-62807)
217	0.313811	FalseGround	Unlabelled	SPOkGoodGood	Alarm(_G_-ENTRY,execute_program-65847)
218	0.313811	FalseGround	Unlabelled	SPOkGoodGood	Alarm(_G_-ENTRY,execute_program-65884)
219	0.313811	FalseGround	Unlabelled	SPOkGoodGood	Alarm(_G_-ENTRY,get_charset_aliases-33611)
220	0.313811	FalseGround	Unlabelled	SPOkGoodGood	Alarm(_G_-ENTRY,realloc_trans_if_necessary-55239)
221	0.313811	FalseGround	Unlabelled	SPOkGoodGood	Alarm(_G_-ENTRY,realloc_trans_if_necessary-55240)
222	0.313811	FalseGround	Unlabelled	SPOkGoodGood	Alarm(_G_-ENTRY,realloc_trans_if_necessary-55311)
223	0.313811	FalseGround	Unlabelled	SPOkGoodGood	Alarm(_G_-ENTRY,realloc_trans_if_necessary-55312)
224	0.313811	FalseGround	Unlabelled	SPOkGoodGood	Alarm(_G_-ENTRY,setup_replacement-66929)
225	0.313811	FalseGround	Unlabelled	SPOkGoodGood	Alarm(_G_-ENTRY,setup_replacement-66933)
226	0.313811	FalseGround	Unlabelled	SPOkGoodGood	Alarm(_G_-ENTRY,setup_replacement-66936)
227	0.313811	FalseGround	Unlabelled	SPOkGoodGood	Alarm(_G_-ENTRY,setup_replacement-66937)
228	0.313811	FalseGround	Unlabelled	SPOkGoodGood	Alarm(_G_-ENTRY,setup_replacement-66938)
229	0.313811	FalseGround	Unlabelled	SPOkGoodGood	Alarm(_G_-ENTRY,setup_replacement-66950)
230	0.313811	FalseGround	Unlabelled	SPOkGoodGood	Alarm(_G_-ENTRY,setup_replacement-66953)
231	0.313811	FalseGround	Unlabelled	SPOkGoodGood	Alarm(_G_-ENTRY,setup_replacement-66956)
232	0.313811	FalseGround	Unlabelled	SPOkGoodGood	Alarm(_G_-ENTRY,setup_replacement-66960)
233	0.313811	FalseGround	Unlabelled	SPOkGoodGood	Alarm(_G_-ENTRY,setup_replacement-66962)
234	0.313811	FalseGround	Unlabelled	SPOkGoodGood	Alarm(_G_-ENTRY,transit_state-59276)
235	0.313811	FalseGround	Unlabelled	SPOkGoodGood	Alarm(_G_-ENTRY,transit_state-59277)
236	0.313811	FalseGround	Unlabelled	SPOkGoodGood	Alarm(_G_-ENTRY,transit_state-59348)
237	0.313811	FalseGround	Unlabelled	SPOkGoodGood	Alarm(_G_-ENTRY,transit_state-59349)
238	0.302634	FalseGround	Unlabelled	SPOkGoodGood	Alarm(_G_-ENTRY,merge_constrained-50020)
239	0.302634	FalseGround	Unlabelled	SPOkGoodGood	Alarm(_G_-ENTRY,merge_constrained-50021)
240	0.302634	FalseGround	Unlabelled	SPOkGoodGood	Alarm(_G_-ENTRY,merge_constrained-50022)
241	0.302634	FalseGround	Unlabelled	SPOkGoodGood	Alarm(_G_-ENTRY,merge_constrained-50023)
242	0.302634	FalseGround	Unlabelled	SPOkGoodGood	Alarm(_G_-ENTRY,merge_constrained-50026)
243	0.302634	FalseGround	Unlabelled	SPOkGoodGood	Alarm(_G_-ENTRY,merge_constrained-50027)
244	0.302634	FalseGround	Unlabelled	SPOkGoodGood	Alarm(_G_-ENTRY,merge_constrained-50030)
245	0.302634	FalseGround	Unlabelled	SPOkGoodGood	Alarm(_G_-ENTRY,merge_constrained-50031)
246	0.302634	FalseGround	Unlabelled	SPOkGoodGood	Alarm(_G_-ENTRY,merge_constrained-50032)
247	0.302634	FalseGround	Unlabelled	SPOkGoodGood	Alarm(_G_-ENTRY,merge_constrained-50033)
248	0.302634	FalseGround	Unlabelled	SPOkGoodGood	Alarm(_G_-ENTRY,merge_constrained-50034)
249	0.302634	FalseGround	Unlabelled	SPOkGoodGood	Alarm(_G_-ENTRY,merge_constrained-50035)
250	0.297461	FalseGround	Unlabelled	SPOkGoodGood	Alarm(_G_-ENTRY,compile_program-67551)
251	0.293293	FalseGround	Unlabelled	SPOkGoodGood	Alarm(_G_-ENTRY,normalize_text-68470)
252	0.290822	FalseGround	Unlabelled	SPOkGoodGood	Alarm(_G_-ENTRY,follow_symlink-63611)
253	0.26646	FalseGround	Unlabelled	SPOkGoodGood	Alarm(_G_-ENTRY,get_openfile-66294)
254	0.256094	FalseGround	Unlabelled	SPOkGoodGood	Alarm(_G_-ENTRY,compile_program-67506)
255	0.254789	FalseGround	Unlabelled	SPOkGoodGood	Alarm(_G_-ENTRY,compile_program-67554)
256	0.254187	FalseGround	Unlabelled	SPOkGoodGood	Alarm(_G_-ENTRY,dfamust-62193)
257	0.254187	FalseGround	Unlabelled	SPOkGoodGood	Alarm(_G_-ENTRY,dfamust-62194)
258	0.254187	FalseGround	Unlabelled	SPOkGoodGood	Alarm(_G_-ENTRY,dfamust-62195)
259	0.254187	FalseGround	Unlabelled	SPOkGoodGood	Alarm(_G_-ENTRY,dfamust-62196)
260	0.254187	FalseGround	Unlabelled	SPOkGoodGood	Alarm(_G_-ENTRY,dfamust-62201)
261	0.254187	FalseGround	Unlabelled	SPOkGoodGood	Alarm(_G_-ENTRY,dfamust-62202)
262	0.254187	FalseGround	Unlabelled	SPOkGoodGood	Alarm(_G_-ENTRY,dfamust-62207)
263	0.254187	FalseGround	Unlabelled	SPOkGoodGood	Alarm(_G_-ENTRY,dfamust-62208)
264	0.254187	FalseGround	Unlabelled	SPOkGoodGood	Alarm(_G_-ENTRY,setup_replacement-66913)
265	0.254187	FalseGround	Unlabelled	SPOkGoodGood	Alarm(_G_-ENTRY,setup_replacement-66914)
266	0.24347	FalseGround	Unlabelled	SPOkGoodGood	Alarm(_G_-ENTRY,case_folded_counterparts-33541)
267	0.237568	FalseGround	Unlabelled	SPOkGoodGood	Alarm(_G_-ENTRY,normalize_text-68385)
268	0.237568	FalseGround	Unlabelled	SPOkGoodGood	Alarm(_G_-ENTRY,normalize_text-68386)
269	0.237568	FalseGround	Unlabelled	SPOkGoodGood	Alarm(_G_-ENTRY,normalize_text-68387)
270	0.237568	FalseGround	Unlabelled	SPOkGoodGood	Alarm(_G_-ENTRY,normalize_text-68388)
271	0.231251	FalseGround	Unlabelled	SPOkGoodGood	Alarm(_G_-ENTRY,merge_constrained-50038)
272	0.231251	FalseGround	Unlabelled	SPOkGoodGood	Alarm(_G_-ENTRY,merge_constrained-50039)
273	0.231251	FalseGround	Unlabelled	SPOkGoodGood	Alarm(_G_-ENTRY,merge_constrained-50041)
274	0.231251	FalseGround	Unlabelled	SPOkGoodGood	Alarm(_G_-ENTRY,merge_constrained-50042)
275	0.230778	FalseGround	Unlabelled	SPOkGoodGood	Alarm(_G_-ENTRY,epsclosure-52724)
276	0.230778	FalseGround	Unlabelled	SPOkGoodGood	Alarm(_G_-ENTRY,epsclosure-52725)
277	0.230778	FalseGround	Unlabelled	SPOkGoodGood	Alarm(_G_-ENTRY,epsclosure-52726)
278	0.230778	FalseGround	Unlabelled	SPOkGoodGood	Alarm(_G_-ENTRY,epsclosure-52727)
279	0.230778	FalseGround	Unlabelled	SPOkGoodGood	Alarm(_G_-ENTRY,epsclosure-52728)
280	0.230778	FalseGround	Unlabelled	SPOkGoodGood	Alarm(_G_-ENTRY,epsclosure-52729)
281	0.230778	FalseGround	Unlabelled	SPOkGoodGood	Alarm(_G_-ENTRY,epsclosure-52730)
282	0.230778	FalseGround	Unlabelled	SPOkGoodGood	Alarm(_G_-ENTRY,epsclosure-52731)
283	0.230778	FalseGround	Unlabelled	SPOkGoodGood	Alarm(_G_-ENTRY,epsclosure-52732)
284	0.230778	FalseGround	Unlabelled	SPOkGoodGood	Alarm(_G_-ENTRY,epsclosure-52733)
285	0.230778	FalseGround	Unlabelled	SPOkGoodGood	Alarm(_G_-ENTRY,epsclosure-52734)
286	0.230778	FalseGround	Unlabelled	SPOkGoodGood	Alarm(_G_-ENTRY,epsclosure-52735)
287	0.230778	FalseGround	Unlabelled	SPOkGoodGood	Alarm(_G_-ENTRY,epsclosure-52736)
288	0.230778	FalseGround	Unlabelled	SPOkGoodGood	Alarm(_G_-ENTRY,epsclosure-52737)
289	0.230778	FalseGround	Unlabelled	SPOkGoodGood	Alarm(_G_-ENTRY,epsclosure-52738)
290	0.230778	FalseGround	Unlabelled	SPOkGoodGood	Alarm(_G_-ENTRY,epsclosure-52739)
291	0.230778	FalseGround	Unlabelled	SPOkGoodGood	Alarm(_G_-ENTRY,epsclosure-52740)
292	0.230778	FalseGround	Unlabelled	SPOkGoodGood	Alarm(_G_-ENTRY,epsclosure-52741)
293	0.230778	FalseGround	Unlabelled	SPOkGoodGood	Alarm(_G_-ENTRY,epsclosure-52742)
294	0.230778	FalseGround	Unlabelled	SPOkGoodGood	Alarm(_G_-ENTRY,epsclosure-52743)
295	0.230778	FalseGround	Unlabelled	SPOkGoodGood	Alarm(_G_-ENTRY,epsclosure-52744)
296	0.230778	FalseGround	Unlabelled	SPOkGoodGood	Alarm(_G_-ENTRY,epsclosure-52745)
297	0.226014	FalseGround	Unlabelled	SPOkGoodGood	Alarm(_G_-ENTRY,get_openfile-66295)
298	0.224185	FalseGround	Unlabelled	SPOkGoodGood	Alarm(_G_-ENTRY,free_buffer-63835)
299	0.200236	FalseGround	Unlabelled	SPOkGoodGood	Alarm(_G_-ENTRY,get_buffer-60134)
300	0.187313	FalseGround	Unlabelled	SPOkGoodGood	Alarm(_G_-ENTRY,merge_constrained-48954)
301	0.187313	FalseGround	Unlabelled	SPOkGoodGood	Alarm(_G_-ENTRY,merge_constrained-48955)
302	0.185742	FalseGround	Unlabelled	SPOkGoodGood	Alarm(_G_-ENTRY,setup_replacement-66935)
303	0.18447	FalseGround	Unlabelled	SPOkGoodGood	Alarm(_G_-ENTRY,compile_program-67536)
304	0.180773	FalseGround	Unlabelled	SPOkGoodGood	Alarm(_G_-ENTRY,ck_memdup-63748)
305	0.180773	FalseGround	Unlabelled	SPOkGoodGood	Alarm(_G_-ENTRY,follow_symlink-63574)
306	0.180773	FalseGround	Unlabelled	SPOkGoodGood	Alarm(_G_-ENTRY,follow_symlink-63612)
307	0.180773	FalseGround	Unlabelled	SPOkGoodGood	Alarm(_G_-ENTRY,panic-63154)
308	0.180773	FalseGround	Unlabelled	SPOkGoodGood	Alarm(_G_-ENTRY,panic-63157)
309	0.180773	FalseGround	Unlabelled	SPOkGoodGood	Alarm(_G_-ENTRY,panic-63162)
310	0.180773	FalseGround	Unlabelled	SPOkGoodGood	Alarm(_G_-ENTRY,panic-63163)
311	0.150451	FalseGround	Unlabelled	SPOkGoodGood	Alarm(_G_-ENTRY,setup_replacement-66883)
312	0.150451	FalseGround	Unlabelled	SPOkGoodGood	Alarm(_G_-ENTRY,setup_replacement-66884)
313	0.146426	FalseGround	Unlabelled	SPOkGoodGood	Alarm(_G_-ENTRY,panic-63145)
314	0.146426	FalseGround	Unlabelled	SPOkGoodGood	Alarm(_G_-ENTRY,panic-63146)
315	0.141782	FalseGround	Unlabelled	SPOkGoodGood	Alarm(_G_-ENTRY,compile_program-67495)
316	0.141782	FalseGround	Unlabelled	SPOkGoodGood	Alarm(_G_-ENTRY,compile_program-67555)
317	0.141782	FalseGround	Unlabelled	SPOkGoodGood	Alarm(_G_-ENTRY,compile_program-67584)
318	0.141782	FalseGround	Unlabelled	SPOkGoodGood	Alarm(_G_-ENTRY,enlist-61979)
319	0.141782	FalseGround	Unlabelled	SPOkGoodGood	Alarm(_G_-ENTRY,match_regex-64453)
320	0.141782	FalseGround	Unlabelled	SPOkGoodGood	Alarm(_G_-ENTRY,register_open_file-63227)
321	0.141782	FalseGround	Unlabelled	SPOkGoodGood	Alarm(_G_-ENTRY,register_open_file-63228)
322	0.141782	FalseGround	Unlabelled	SPOkGoodGood	Alarm(_G_-ENTRY,register_open_file-63229)
323	0.141782	FalseGround	Unlabelled	SPOkGoodGood	Alarm(_G_-ENTRY,resize_buffer-63810)
324	0.135085	FalseGround	Unlabelled	SPOkGoodGood	Alarm(_G_-ENTRY,ck_fclose-63419)
325	0.135085	FalseGround	Unlabelled	SPOkGoodGood	Alarm(_G_-ENTRY,ck_fclose-63423)
326	0.135085	FalseGround	Unlabelled	SPOkGoodGood	Alarm(_G_-ENTRY,compile_program-67692)
327	0.135085	FalseGround	Unlabelled	SPOkGoodGood	Alarm(_G_-ENTRY,dfaanalyze-52975)
328	0.135085	FalseGround	Unlabelled	SPOkGoodGood	Alarm(_G_-ENTRY,dfaanalyze-53002)
329	0.135085	FalseGround	Unlabelled	SPOkGoodGood	Alarm(_G_-ENTRY,dfaanalyze-53007)
330	0.135085	FalseGround	Unlabelled	SPOkGoodGood	Alarm(_G_-ENTRY,enlist-61952)
331	0.135085	FalseGround	Unlabelled	SPOkGoodGood	Alarm(_G_-ENTRY,enlist-61956)
332	0.135085	FalseGround	Unlabelled	SPOkGoodGood	Alarm(_G_-ENTRY,enlist-61958)
333	0.135085	FalseGround	Unlabelled	SPOkGoodGood	Alarm(_G_-ENTRY,enlist-61960)
334	0.135085	FalseGround	Unlabelled	SPOkGoodGood	Alarm(_G_-ENTRY,enlist-61978)
335	0.135085	FalseGround	Unlabelled	SPOkGoodGood	Alarm(_G_-ENTRY,execute_program-65861)
336	0.135085	FalseGround	Unlabelled	SPOkGoodGood	Alarm(_G_-ENTRY,get_charset_aliases-33635)
337	0.135085	FalseGround	Unlabelled	SPOkGoodGood	Alarm(_G_-ENTRY,get_charset_aliases-33636)
338	0.135085	FalseGround	Unlabelled	SPOkGoodGood	Alarm(_G_-ENTRY,get_charset_aliases-33639)
339	0.135085	FalseGround	Unlabelled	SPOkGoodGood	Alarm(_G_-ENTRY,next_cmd_entry-66334)
340	0.135085	FalseGround	Unlabelled	SPOkGoodGood	Alarm(_G_-ENTRY,next_cmd_entry-66335)
341	0.135085	FalseGround	Unlabelled	SPOkGoodGood	Alarm(_G_-ENTRY,resize_buffer-63809)
342	0.135085	FalseGround	Unlabelled	SPOkGoodGood	Alarm(_G_-ENTRY,state_index-52650)
343	0.135085	FalseGround	Unlabelled	SPOkGoodGood	Alarm(_G_-ENTRY,state_index-52672)
344	0.115104	FalseGround	Unlabelled	SPOkGoodGood	Alarm(_G_-ENTRY,compile_program-67496)
345	0.115104	FalseGround	Unlabelled	SPOkGoodGood	Alarm(_G_-ENTRY,compile_program-67701)
346	0.109419	FalseGround	Unlabelled	SPOkGoodGood	Alarm(_G_-ENTRY,ck_fclose-63412)
347	0.109419	FalseGround	Unlabelled	SPOkGoodGood	Alarm(_G_-ENTRY,ck_fclose-63413)
348	0.109419	FalseGround	Unlabelled	SPOkGoodGood	Alarm(_G_-ENTRY,enlist-61927)
349	0.109419	FalseGround	Unlabelled	SPOkGoodGood	Alarm(_G_-ENTRY,enlist-61928)
350	0.109419	FalseGround	Unlabelled	SPOkGoodGood	Alarm(_G_-ENTRY,enlist-61931)
351	0.109419	FalseGround	Unlabelled	SPOkGoodGood	Alarm(_G_-ENTRY,enlist-61932)
352	0.109419	FalseGround	Unlabelled	SPOkGoodGood	Alarm(_G_-ENTRY,epsclosure-52722)
353	0.109419	FalseGround	Unlabelled	SPOkGoodGood	Alarm(_G_-ENTRY,epsclosure-52723)
354	0.109419	FalseGround	Unlabelled	SPOkGoodGood	Alarm(_G_-ENTRY,epsclosure-52750)
355	0.109419	FalseGround	Unlabelled	SPOkGoodGood	Alarm(_G_-ENTRY,epsclosure-52751)
356	0.109419	FalseGround	Unlabelled	SPOkGoodGood	Alarm(_G_-ENTRY,get_charset_aliases-33555)
357	0.109419	FalseGround	Unlabelled	SPOkGoodGood	Alarm(_G_-ENTRY,get_charset_aliases-33556)
358	0.109419	FalseGround	Unlabelled	SPOkGoodGood	Alarm(_G_-ENTRY,state_index-50823)
359	0.109419	FalseGround	Unlabelled	SPOkGoodGood	Alarm(_G_-ENTRY,state_index-50824)
360	0.109419	FalseGround	Unlabelled	SPOkGoodGood	Alarm(_G_-ENTRY,state_index-50827)
361	0.109419	FalseGround	Unlabelled	SPOkGoodGood	Alarm(_G_-ENTRY,state_index-50828)
362	0.10546	FalseGround	Unlabelled	SPOkGoodGood	Alarm(_G_-ENTRY,do_list-65354)
363	0.10546	FalseGround	Unlabelled	SPOkGoodGood	Alarm(_G_-ENTRY,do_list-65395)
364	0.105218	FalseGround	Unlabelled	SPOkGoodGood	Alarm(_G_-ENTRY,convert_number-66191)
365	0.105218	FalseGround	Unlabelled	SPOkGoodGood	Alarm(_G_-ENTRY,match_address_p-65300)
366	0.100844	FalseGround	Unlabelled	SPOkGoodGood	Alarm(_G_-ENTRY,release_label-66837)
367	0.100844	FalseGround	Unlabelled	SPOkGoodGood	Alarm(_G_-ENTRY,release_label-66838)
368	0.0873739	FalseGround	Unlabelled	SPOkGoodGood	Alarm(_G_-ENTRY,size_buffer-60135)
369	0.0664511	FalseGround	Unlabelled	SPOkGoodGood	Alarm(_G_-ENTRY,compile_program-67442)
370	0.0664511	FalseGround	Unlabelled	SPOkGoodGood	Alarm(_G_-ENTRY,compile_program-67443)
371	0.0664511	FalseGround	Unlabelled	SPOkGoodGood	Alarm(_G_-ENTRY,compile_program-67444)
372	0.0664511	FalseGround	Unlabelled	SPOkGoodGood	Alarm(_G_-ENTRY,compile_program-67456)
373	0.0664511	FalseGround	Unlabelled	SPOkGoodGood	Alarm(_G_-ENTRY,compile_program-67463)
374	0.0664511	FalseGround	Unlabelled	SPOkGoodGood	Alarm(_G_-ENTRY,compile_program-67471)
375	0.0664511	FalseGround	Unlabelled	SPOkGoodGood	Alarm(_G_-ENTRY,compile_program-67511)
376	0.0664511	FalseGround	Unlabelled	SPOkGoodGood	Alarm(_G_-ENTRY,compile_program-67512)
377	0.0664511	FalseGround	Unlabelled	SPOkGoodGood	Alarm(_G_-ENTRY,compile_program-67538)
378	0.0664511	FalseGround	Unlabelled	SPOkGoodGood	Alarm(_G_-ENTRY,compile_program-67539)
379	0.0664511	FalseGround	Unlabelled	SPOkGoodGood	Alarm(_G_-ENTRY,compile_program-67635)
380	0.0628493	FalseGround	Unlabelled	SPOkGoodGood	Alarm(_G_-ENTRY,ck_strdup-63734)
381	0.0628493	FalseGround	Unlabelled	SPOkGoodGood	Alarm(_G_-ENTRY,dfafree-61866)
382	0.0628493	FalseGround	Unlabelled	SPOkGoodGood	Alarm(_G_-ENTRY,dfafree-61867)
383	0.0628493	FalseGround	Unlabelled	SPOkGoodGood	Alarm(_G_-ENTRY,dfafree-61871)
384	0.0599703	FalseGround	Unlabelled	SPOkGoodGood	Alarm(_G_-ENTRY,next_cmd_entry-66318)
385	0.0599703	FalseGround	Unlabelled	SPOkGoodGood	Alarm(_G_-ENTRY,next_cmd_entry-66319)
386	0.0599703	FalseGround	Unlabelled	SPOkGoodGood	Alarm(_G_-ENTRY,next_cmd_entry-66320)
387	0.0552198	FalseGround	Unlabelled	SPOkGoodGood	Alarm(_G_-ENTRY,match_address_p-65301)
388	0.0552198	FalseGround	Unlabelled	SPOkGoodGood	Alarm(_G_-ENTRY,match_address_p-65303)
389	0.0552198	FalseGround	Unlabelled	SPOkGoodGood	Alarm(_G_-ENTRY,match_address_p-65306)
390	0.0552198	FalseGround	Unlabelled	SPOkGoodGood	Alarm(_G_-ENTRY,match_address_p-65307)
391	0.0550658	FalseGround	Unlabelled	SPOkGoodGood	Alarm(_G_-ENTRY,compile_regex-64301)
392	0.0550658	FalseGround	Unlabelled	SPOkGoodGood	Alarm(_G_-ENTRY,compile_regex-64303)
393	0.0550658	FalseGround	Unlabelled	SPOkGoodGood	Alarm(_G_-ENTRY,compile_regex-64304)
394	0.054659	FalseGround	Unlabelled	SPOkGoodGood	Alarm(_G_-ENTRY,main-64079)
395	0.0538254	FalseGround	Unlabelled	SPOkGoodGood	Alarm(_G_-ENTRY,compile_program-67150)
396	0.0538254	FalseGround	Unlabelled	SPOkGoodGood	Alarm(_G_-ENTRY,compile_program-67151)
397	0.0538254	FalseGround	Unlabelled	SPOkGoodGood	Alarm(_G_-ENTRY,compile_program-67152)
398	0.0538254	FalseGround	Unlabelled	SPOkGoodGood	Alarm(_G_-ENTRY,compile_program-67153)
399	0.0538254	FalseGround	Unlabelled	SPOkGoodGood	Alarm(_G_-ENTRY,compile_program-67366)
400	0.0538254	FalseGround	Unlabelled	SPOkGoodGood	Alarm(_G_-ENTRY,compile_program-67367)
401	0.0538254	FalseGround	Unlabelled	SPOkGoodGood	Alarm(_G_-ENTRY,locale_charset-33691)
402	0.0538254	FalseGround	Unlabelled	SPOkGoodGood	Alarm(_G_-ENTRY,locale_charset-33692)
403	0.0538254	FalseGround	Unlabelled	SPOkGoodGood	Alarm(_G_-ENTRY,locale_charset-33695)
404	0.0538254	FalseGround	Unlabelled	SPOkGoodGood	Alarm(_G_-ENTRY,locale_charset-33696)
405	0.0538254	FalseGround	Unlabelled	SPOkGoodGood	Alarm(_G_-ENTRY,locale_charset-33697)
406	0.0538254	FalseGround	Unlabelled	SPOkGoodGood	Alarm(_G_-ENTRY,locale_charset-33698)
407	0.0538254	FalseGround	Unlabelled	SPOkGoodGood	Alarm(_G_-ENTRY,locale_charset-33699)
408	0.0538254	FalseGround	Unlabelled	SPOkGoodGood	Alarm(_G_-ENTRY,locale_charset-33700)
409	0.0509079	FalseGround	Unlabelled	SPOkGoodGood	Alarm(_G_-ENTRY,do_list-65319)
410	0.0509079	FalseGround	Unlabelled	SPOkGoodGood	Alarm(_G_-ENTRY,do_list-65320)
411	0.0509079	FalseGround	Unlabelled	SPOkGoodGood	Alarm(_G_-ENTRY,do_list-65321)
412	0.0509079	FalseGround	Unlabelled	SPOkGoodGood	Alarm(_G_-ENTRY,do_list-65322)
413	0.0509079	FalseGround	Unlabelled	SPOkGoodGood	Alarm(_G_-ENTRY,do_list-65323)
414	0.0509079	FalseGround	Unlabelled	SPOkGoodGood	Alarm(_G_-ENTRY,do_list-65324)
415	0.0509079	FalseGround	Unlabelled	SPOkGoodGood	Alarm(_G_-ENTRY,do_list-65325)
416	0.0509079	FalseGround	Unlabelled	SPOkGoodGood	Alarm(_G_-ENTRY,do_list-65326)
417	0.0509079	FalseGround	Unlabelled	SPOkGoodGood	Alarm(_G_-ENTRY,do_list-65327)
418	0.0509079	FalseGround	Unlabelled	SPOkGoodGood	Alarm(_G_-ENTRY,do_list-65328)
419	0.0509079	FalseGround	Unlabelled	SPOkGoodGood	Alarm(_G_-ENTRY,do_list-65329)
420	0.0509079	FalseGround	Unlabelled	SPOkGoodGood	Alarm(_G_-ENTRY,do_list-65330)
421	0.0509079	FalseGround	Unlabelled	SPOkGoodGood	Alarm(_G_-ENTRY,do_list-65331)
422	0.0509079	FalseGround	Unlabelled	SPOkGoodGood	Alarm(_G_-ENTRY,do_list-65332)
423	0.0509079	FalseGround	Unlabelled	SPOkGoodGood	Alarm(_G_-ENTRY,do_list-65333)
424	0.0509079	FalseGround	Unlabelled	SPOkGoodGood	Alarm(_G_-ENTRY,do_list-65334)
425	0.0509079	FalseGround	Unlabelled	SPOkGoodGood	Alarm(_G_-ENTRY,do_list-65335)
426	0.0509079	FalseGround	Unlabelled	SPOkGoodGood	Alarm(_G_-ENTRY,do_list-65336)
427	0.0509079	FalseGround	Unlabelled	SPOkGoodGood	Alarm(_G_-ENTRY,do_list-65337)
428	0.0509079	FalseGround	Unlabelled	SPOkGoodGood	Alarm(_G_-ENTRY,do_list-65338)
429	0.048576	FalseGround	Unlabelled	SPOkGoodGood	Alarm(_G_-ENTRY,next_cmd_entry-66309)
430	0.048576	FalseGround	Unlabelled	SPOkGoodGood	Alarm(_G_-ENTRY,next_cmd_entry-66310)
431	0.0471013	FalseGround	Unlabelled	SPOkGoodGood	Alarm(_G_-ENTRY,add1_buffer-63828)
432	0.0471013	FalseGround	Unlabelled	SPOkGoodGood	Alarm(_G_-ENTRY,check_final_program-68609)
433	0.0471013	FalseGround	Unlabelled	SPOkGoodGood	Alarm(_G_-ENTRY,compile_program-67478)
434	0.0471013	FalseGround	Unlabelled	SPOkGoodGood	Alarm(_G_-ENTRY,compile_program-67528)
435	0.0471013	FalseGround	Unlabelled	SPOkGoodGood	Alarm(_G_-ENTRY,compile_program-67530)
436	0.0471013	FalseGround	Unlabelled	SPOkGoodGood	Alarm(_G_-ENTRY,compile_program-67579)
437	0.0471013	FalseGround	Unlabelled	SPOkGoodGood	Alarm(_G_-ENTRY,compile_program-67585)
438	0.0471013	FalseGround	Unlabelled	SPOkGoodGood	Alarm(_G_-ENTRY,compile_program-67700)
439	0.0471013	FalseGround	Unlabelled	SPOkGoodGood	Alarm(_G_-ENTRY,delete-50804)
440	0.0471013	FalseGround	Unlabelled	SPOkGoodGood	Alarm(_G_-ENTRY,dump_append_queue-64917)
441	0.0471013	FalseGround	Unlabelled	SPOkGoodGood	Alarm(_G_-ENTRY,execute_program-65776)
442	0.0471013	FalseGround	Unlabelled	SPOkGoodGood	Alarm(_G_-ENTRY,execute_program-65777)
443	0.0471013	FalseGround	Unlabelled	SPOkGoodGood	Alarm(_G_-ENTRY,execute_program-65781)
444	0.0471013	FalseGround	Unlabelled	SPOkGoodGood	Alarm(_G_-ENTRY,execute_program-65782)
445	0.0471013	FalseGround	Unlabelled	SPOkGoodGood	Alarm(_G_-ENTRY,execute_program-65783)
446	0.0471013	FalseGround	Unlabelled	SPOkGoodGood	Alarm(_G_-ENTRY,execute_program-65784)
447	0.0471013	FalseGround	Unlabelled	SPOkGoodGood	Alarm(_G_-ENTRY,execute_program-65785)
448	0.0471013	FalseGround	Unlabelled	SPOkGoodGood	Alarm(_G_-ENTRY,execute_program-65791)
449	0.0471013	FalseGround	Unlabelled	SPOkGoodGood	Alarm(_G_-ENTRY,execute_program-65792)
450	0.0471013	FalseGround	Unlabelled	SPOkGoodGood	Alarm(_G_-ENTRY,execute_program-65796)
451	0.0471013	FalseGround	Unlabelled	SPOkGoodGood	Alarm(_G_-ENTRY,execute_program-65797)
452	0.0471013	FalseGround	Unlabelled	SPOkGoodGood	Alarm(_G_-ENTRY,execute_program-65814)
453	0.0471013	FalseGround	Unlabelled	SPOkGoodGood	Alarm(_G_-ENTRY,execute_program-65816)
454	0.0471013	FalseGround	Unlabelled	SPOkGoodGood	Alarm(_G_-ENTRY,execute_program-65827)
455	0.0471013	FalseGround	Unlabelled	SPOkGoodGood	Alarm(_G_-ENTRY,execute_program-65837)
456	0.0471013	FalseGround	Unlabelled	SPOkGoodGood	Alarm(_G_-ENTRY,execute_program-65840)
457	0.0471013	FalseGround	Unlabelled	SPOkGoodGood	Alarm(_G_-ENTRY,execute_program-65841)
458	0.0471013	FalseGround	Unlabelled	SPOkGoodGood	Alarm(_G_-ENTRY,execute_program-65843)
459	0.0471013	FalseGround	Unlabelled	SPOkGoodGood	Alarm(_G_-ENTRY,execute_program-65846)
460	0.0471013	FalseGround	Unlabelled	SPOkGoodGood	Alarm(_G_-ENTRY,execute_program-65848)
461	0.0471013	FalseGround	Unlabelled	SPOkGoodGood	Alarm(_G_-ENTRY,execute_program-65849)
462	0.0471013	FalseGround	Unlabelled	SPOkGoodGood	Alarm(_G_-ENTRY,execute_program-65851)
463	0.0471013	FalseGround	Unlabelled	SPOkGoodGood	Alarm(_G_-ENTRY,execute_program-65852)
464	0.0471013	FalseGround	Unlabelled	SPOkGoodGood	Alarm(_G_-ENTRY,execute_program-65854)
465	0.0471013	FalseGround	Unlabelled	SPOkGoodGood	Alarm(_G_-ENTRY,execute_program-65855)
466	0.0471013	FalseGround	Unlabelled	SPOkGoodGood	Alarm(_G_-ENTRY,execute_program-65863)
467	0.0471013	FalseGround	Unlabelled	SPOkGoodGood	Alarm(_G_-ENTRY,execute_program-65866)
468	0.0471013	FalseGround	Unlabelled	SPOkGoodGood	Alarm(_G_-ENTRY,follow_symlink-63533)
469	0.0471013	TrueGround	Unlabelled	SPOkGoodGood	Alarm(_G_-ENTRY,match_regex-64409)
470	0.0471013	FalseGround	Unlabelled	SPOkGoodGood	Alarm(_G_-ENTRY,match_regex-64415)
471	0.0471013	FalseGround	Unlabelled	SPOkGoodGood	Alarm(_G_-ENTRY,next_cmd_entry-66336)
472	0.0471013	FalseGround	Unlabelled	SPOkGoodGood	Alarm(_G_-ENTRY,next_cmd_entry-66337)
473	0.0471013	FalseGround	Unlabelled	SPOkGoodGood	Alarm(_G_-ENTRY,next_cmd_entry-66338)
474	0.0471013	FalseGround	Unlabelled	SPOkGoodGood	Alarm(_G_-ENTRY,next_cmd_entry-66339)
475	0.0471013	FalseGround	Unlabelled	SPOkGoodGood	Alarm(_G_-ENTRY,next_cmd_entry-66340)
476	0.0471013	FalseGround	Unlabelled	SPOkGoodGood	Alarm(_G_-ENTRY,normalize_text-68493)
477	0.0471013	FalseGround	Unlabelled	SPOkGoodGood	Alarm(_G_-ENTRY,register_open_file-63215)
478	0.0471013	FalseGround	Unlabelled	SPOkGoodGood	Alarm(_G_-ENTRY,register_open_file-63216)
479	0.0471013	FalseGround	Unlabelled	SPOkGoodGood	Alarm(_G_-ENTRY,register_open_file-63225)
480	0.0471013	FalseGround	Unlabelled	SPOkGoodGood	Alarm(_G_-ENTRY,resize_buffer-63788)
481	0.0471013	FalseGround	Unlabelled	SPOkGoodGood	Alarm(_G_-ENTRY,resize_buffer-63790)
482	0.0471013	FalseGround	Unlabelled	SPOkGoodGood	Alarm(_G_-ENTRY,resize_buffer-63793)
483	0.0471013	FalseGround	Unlabelled	SPOkGoodGood	Alarm(_G_-ENTRY,rpl_mbrtowc-33422)
484	0.0456784	FalseGround	Unlabelled	SPOkGoodGood	Alarm(_G_-ENTRY,match_address_p-65286)
485	0.0456784	FalseGround	Unlabelled	SPOkGoodGood	Alarm(_G_-ENTRY,match_address_p-65287)
486	0.0433982	FalseGround	Unlabelled	SPOkGoodGood	Alarm(_G_-ENTRY,add1_buffer-63830)
487	0.0433982	FalseGround	Unlabelled	SPOkGoodGood	Alarm(_G_-ENTRY,finish_program-68664)
488	0.0433982	FalseGround	Unlabelled	SPOkGoodGood	Alarm(_G_-ENTRY,finish_program-68668)
489	0.0433982	FalseGround	Unlabelled	SPOkGoodGood	Alarm(_G_-ENTRY,get_openfile-66296)
490	0.0433982	FalseGround	Unlabelled	SPOkGoodGood	Alarm(_G_-ENTRY,get_openfile-66297)
491	0.0407635	FalseGround	Unlabelled	SPOkGoodGood	Alarm(_G_-ENTRY,setup_replacement-66885)
492	0.0407635	FalseGround	Unlabelled	SPOkGoodGood	Alarm(_G_-ENTRY,setup_replacement-66886)
493	0.038152	FalseGround	Unlabelled	SPOkGoodGood	Alarm(_G_-ENTRY,compile_program-67194)
494	0.038152	FalseGround	Unlabelled	SPOkGoodGood	Alarm(_G_-ENTRY,compile_program-67195)
495	0.038152	FalseGround	Unlabelled	SPOkGoodGood	Alarm(_G_-ENTRY,compile_program-67270)
496	0.038152	FalseGround	Unlabelled	SPOkGoodGood	Alarm(_G_-ENTRY,compile_program-67271)
497	0.038152	FalseGround	Unlabelled	SPOkGoodGood	Alarm(_G_-ENTRY,compile_program-67298)
498	0.038152	FalseGround	Unlabelled	SPOkGoodGood	Alarm(_G_-ENTRY,compile_program-67299)
499	0.038152	FalseGround	Unlabelled	SPOkGoodGood	Alarm(_G_-ENTRY,compile_program-67322)
500	0.038152	FalseGround	Unlabelled	SPOkGoodGood	Alarm(_G_-ENTRY,compile_program-67323)
501	0.038152	FalseGround	Unlabelled	SPOkGoodGood	Alarm(_G_-ENTRY,compile_program-67326)
502	0.038152	FalseGround	Unlabelled	SPOkGoodGood	Alarm(_G_-ENTRY,compile_program-67327)
503	0.038152	FalseGround	Unlabelled	SPOkGoodGood	Alarm(_G_-ENTRY,delete-50793)
504	0.038152	FalseGround	Unlabelled	SPOkGoodGood	Alarm(_G_-ENTRY,delete-50794)
505	0.038152	FalseGround	Unlabelled	SPOkGoodGood	Alarm(_G_-ENTRY,delete-50795)
506	0.038152	FalseGround	Unlabelled	SPOkGoodGood	Alarm(_G_-ENTRY,delete-50796)
507	0.038152	FalseGround	Unlabelled	SPOkGoodGood	Alarm(_G_-ENTRY,execute_program-65636)
508	0.038152	FalseGround	Unlabelled	SPOkGoodGood	Alarm(_G_-ENTRY,execute_program-65637)
509	0.038152	FalseGround	Unlabelled	SPOkGoodGood	Alarm(_G_-ENTRY,execute_program-65638)
510	0.038152	FalseGround	Unlabelled	SPOkGoodGood	Alarm(_G_-ENTRY,execute_program-65639)
511	0.038152	FalseGround	Unlabelled	SPOkGoodGood	Alarm(_G_-ENTRY,execute_program-65640)
512	0.038152	FalseGround	Unlabelled	SPOkGoodGood	Alarm(_G_-ENTRY,execute_program-65641)
513	0.038152	FalseGround	Unlabelled	SPOkGoodGood	Alarm(_G_-ENTRY,execute_program-65642)
514	0.038152	FalseGround	Unlabelled	SPOkGoodGood	Alarm(_G_-ENTRY,execute_program-65643)
515	0.038152	FalseGround	Unlabelled	SPOkGoodGood	Alarm(_G_-ENTRY,execute_program-65644)
516	0.038152	FalseGround	Unlabelled	SPOkGoodGood	Alarm(_G_-ENTRY,execute_program-65645)
517	0.038152	FalseGround	Unlabelled	SPOkGoodGood	Alarm(_G_-ENTRY,execute_program-65646)
518	0.038152	FalseGround	Unlabelled	SPOkGoodGood	Alarm(_G_-ENTRY,execute_program-65647)
519	0.038152	FalseGround	Unlabelled	SPOkGoodGood	Alarm(_G_-ENTRY,execute_program-65648)
520	0.038152	FalseGround	Unlabelled	SPOkGoodGood	Alarm(_G_-ENTRY,execute_program-65649)
521	0.038152	FalseGround	Unlabelled	SPOkGoodGood	Alarm(_G_-ENTRY,execute_program-65650)
522	0.038152	FalseGround	Unlabelled	SPOkGoodGood	Alarm(_G_-ENTRY,execute_program-65651)
523	0.038152	FalseGround	Unlabelled	SPOkGoodGood	Alarm(_G_-ENTRY,execute_program-65652)
524	0.038152	FalseGround	Unlabelled	SPOkGoodGood	Alarm(_G_-ENTRY,execute_program-65653)
525	0.038152	FalseGround	Unlabelled	SPOkGoodGood	Alarm(_G_-ENTRY,execute_program-65654)
526	0.038152	FalseGround	Unlabelled	SPOkGoodGood	Alarm(_G_-ENTRY,execute_program-65655)
527	0.038152	FalseGround	Unlabelled	SPOkGoodGood	Alarm(_G_-ENTRY,execute_program-65656)
528	0.038152	FalseGround	Unlabelled	SPOkGoodGood	Alarm(_G_-ENTRY,execute_program-65657)
529	0.038152	FalseGround	Unlabelled	SPOkGoodGood	Alarm(_G_-ENTRY,execute_program-65658)
530	0.038152	FalseGround	Unlabelled	SPOkGoodGood	Alarm(_G_-ENTRY,execute_program-65659)
531	0.038152	FalseGround	Unlabelled	SPOkGoodGood	Alarm(_G_-ENTRY,execute_program-65660)
532	0.038152	FalseGround	Unlabelled	SPOkGoodGood	Alarm(_G_-ENTRY,execute_program-65661)
533	0.038152	FalseGround	Unlabelled	SPOkGoodGood	Alarm(_G_-ENTRY,execute_program-65662)
534	0.038152	FalseGround	Unlabelled	SPOkGoodGood	Alarm(_G_-ENTRY,execute_program-65663)
535	0.038152	FalseGround	Unlabelled	SPOkGoodGood	Alarm(_G_-ENTRY,execute_program-65664)
536	0.038152	FalseGround	Unlabelled	SPOkGoodGood	Alarm(_G_-ENTRY,execute_program-65665)
537	0.038152	FalseGround	Unlabelled	SPOkGoodGood	Alarm(_G_-ENTRY,execute_program-65666)
538	0.038152	FalseGround	Unlabelled	SPOkGoodGood	Alarm(_G_-ENTRY,execute_program-65667)
539	0.038152	FalseGround	Unlabelled	SPOkGoodGood	Alarm(_G_-ENTRY,execute_program-65668)
540	0.038152	FalseGround	Unlabelled	SPOkGoodGood	Alarm(_G_-ENTRY,execute_program-65669)
541	0.038152	FalseGround	Unlabelled	SPOkGoodGood	Alarm(_G_-ENTRY,execute_program-65670)
542	0.038152	FalseGround	Unlabelled	SPOkGoodGood	Alarm(_G_-ENTRY,execute_program-65671)
543	0.038152	FalseGround	Unlabelled	SPOkGoodGood	Alarm(_G_-ENTRY,execute_program-65672)
544	0.038152	FalseGround	Unlabelled	SPOkGoodGood	Alarm(_G_-ENTRY,execute_program-65673)
545	0.038152	FalseGround	Unlabelled	SPOkGoodGood	Alarm(_G_-ENTRY,execute_program-65674)
546	0.038152	FalseGround	Unlabelled	SPOkGoodGood	Alarm(_G_-ENTRY,execute_program-65675)
547	0.038152	FalseGround	Unlabelled	SPOkGoodGood	Alarm(_G_-ENTRY,execute_program-65676)
548	0.038152	FalseGround	Unlabelled	SPOkGoodGood	Alarm(_G_-ENTRY,execute_program-65677)
549	0.038152	FalseGround	Unlabelled	SPOkGoodGood	Alarm(_G_-ENTRY,execute_program-65678)
550	0.038152	FalseGround	Unlabelled	SPOkGoodGood	Alarm(_G_-ENTRY,execute_program-65679)
551	0.038152	FalseGround	Unlabelled	SPOkGoodGood	Alarm(_G_-ENTRY,execute_program-65680)
552	0.038152	FalseGround	Unlabelled	SPOkGoodGood	Alarm(_G_-ENTRY,execute_program-65681)
553	0.038152	FalseGround	Unlabelled	SPOkGoodGood	Alarm(_G_-ENTRY,execute_program-65682)
554	0.038152	FalseGround	Unlabelled	SPOkGoodGood	Alarm(_G_-ENTRY,execute_program-65683)
555	0.038152	FalseGround	Unlabelled	SPOkGoodGood	Alarm(_G_-ENTRY,execute_program-65684)
556	0.038152	FalseGround	Unlabelled	SPOkGoodGood	Alarm(_G_-ENTRY,execute_program-65685)
557	0.038152	FalseGround	Unlabelled	SPOkGoodGood	Alarm(_G_-ENTRY,execute_program-65686)
558	0.038152	FalseGround	Unlabelled	SPOkGoodGood	Alarm(_G_-ENTRY,execute_program-65687)
559	0.038152	FalseGround	Unlabelled	SPOkGoodGood	Alarm(_G_-ENTRY,execute_program-65688)
560	0.038152	FalseGround	Unlabelled	SPOkGoodGood	Alarm(_G_-ENTRY,execute_program-65689)
561	0.038152	FalseGround	Unlabelled	SPOkGoodGood	Alarm(_G_-ENTRY,execute_program-65690)
562	0.038152	FalseGround	Unlabelled	SPOkGoodGood	Alarm(_G_-ENTRY,execute_program-65691)
563	0.038152	FalseGround	Unlabelled	SPOkGoodGood	Alarm(_G_-ENTRY,execute_program-65692)
564	0.038152	FalseGround	Unlabelled	SPOkGoodGood	Alarm(_G_-ENTRY,execute_program-65693)
565	0.038152	FalseGround	Unlabelled	SPOkGoodGood	Alarm(_G_-ENTRY,execute_program-65694)
566	0.038152	FalseGround	Unlabelled	SPOkGoodGood	Alarm(_G_-ENTRY,execute_program-65695)
567	0.038152	FalseGround	Unlabelled	SPOkGoodGood	Alarm(_G_-ENTRY,execute_program-65696)
568	0.038152	FalseGround	Unlabelled	SPOkGoodGood	Alarm(_G_-ENTRY,execute_program-65697)
569	0.038152	FalseGround	Unlabelled	SPOkGoodGood	Alarm(_G_-ENTRY,execute_program-65698)
570	0.038152	FalseGround	Unlabelled	SPOkGoodGood	Alarm(_G_-ENTRY,execute_program-65699)
571	0.038152	FalseGround	Unlabelled	SPOkGoodGood	Alarm(_G_-ENTRY,execute_program-65700)
572	0.038152	FalseGround	Unlabelled	SPOkGoodGood	Alarm(_G_-ENTRY,execute_program-65701)
573	0.038152	FalseGround	Unlabelled	SPOkGoodGood	Alarm(_G_-ENTRY,execute_program-65702)
574	0.038152	FalseGround	Unlabelled	SPOkGoodGood	Alarm(_G_-ENTRY,execute_program-65703)
575	0.038152	FalseGround	Unlabelled	SPOkGoodGood	Alarm(_G_-ENTRY,execute_program-65704)
576	0.038152	FalseGround	Unlabelled	SPOkGoodGood	Alarm(_G_-ENTRY,execute_program-65705)
577	0.038152	FalseGround	Unlabelled	SPOkGoodGood	Alarm(_G_-ENTRY,execute_program-65706)
578	0.038152	FalseGround	Unlabelled	SPOkGoodGood	Alarm(_G_-ENTRY,execute_program-65707)
579	0.038152	FalseGround	Unlabelled	SPOkGoodGood	Alarm(_G_-ENTRY,execute_program-65726)
580	0.038152	FalseGround	Unlabelled	SPOkGoodGood	Alarm(_G_-ENTRY,execute_program-65727)
581	0.038152	FalseGround	Unlabelled	SPOkGoodGood	Alarm(_G_-ENTRY,execute_program-65748)
582	0.038152	FalseGround	Unlabelled	SPOkGoodGood	Alarm(_G_-ENTRY,execute_program-65749)
583	0.038152	FalseGround	Unlabelled	SPOkGoodGood	Alarm(_G_-ENTRY,execute_program-65750)
584	0.038152	FalseGround	Unlabelled	SPOkGoodGood	Alarm(_G_-ENTRY,execute_program-65751)
585	0.038152	FalseGround	Unlabelled	SPOkGoodGood	Alarm(_G_-ENTRY,execute_program-65752)
586	0.038152	FalseGround	Unlabelled	SPOkGoodGood	Alarm(_G_-ENTRY,execute_program-65753)
587	0.038152	FalseGround	Unlabelled	SPOkGoodGood	Alarm(_G_-ENTRY,execute_program-65762)
588	0.038152	FalseGround	Unlabelled	SPOkGoodGood	Alarm(_G_-ENTRY,execute_program-65763)
589	0.038152	FalseGround	Unlabelled	SPOkGoodGood	Alarm(_G_-ENTRY,execute_program-65764)
590	0.038152	FalseGround	Unlabelled	SPOkGoodGood	Alarm(_G_-ENTRY,execute_program-65765)
591	0.038152	FalseGround	Unlabelled	SPOkGoodGood	Alarm(_G_-ENTRY,match_regex-64340)
592	0.038152	FalseGround	Unlabelled	SPOkGoodGood	Alarm(_G_-ENTRY,match_regex-64341)
593	0.038152	FalseGround	Unlabelled	SPOkGoodGood	Alarm(_G_-ENTRY,register_open_file-63208)
594	0.038152	FalseGround	Unlabelled	SPOkGoodGood	Alarm(_G_-ENTRY,register_open_file-63209)
595	0.0381356	FalseGround	Unlabelled	SPOkGoodGood	Alarm(_G_-ENTRY,next_append_slot-64876)
596	0.0381356	FalseGround	Unlabelled	SPOkGoodGood	Alarm(_G_-ENTRY,next_append_slot-64877)
597	0.0381356	FalseGround	Unlabelled	SPOkGoodGood	Alarm(_G_-ENTRY,next_append_slot-64878)
598	0.0381356	FalseGround	Unlabelled	SPOkGoodGood	Alarm(_G_-ENTRY,next_append_slot-64879)
599	0.0381356	FalseGround	Unlabelled	SPOkGoodGood	Alarm(_G_-ENTRY,next_append_slot-64880)
600	0.0381356	FalseGround	Unlabelled	SPOkGoodGood	Alarm(_G_-ENTRY,next_append_slot-64881)
601	0.0343368	FalseGround	Unlabelled	SPOkGoodGood	Alarm(_G_-ENTRY,ck_fclose-63421)
602	0.0343368	FalseGround	Unlabelled	SPOkGoodGood	Alarm(_G_-ENTRY,ck_fclose-63425)
603	0.0342413	FalseGround	Unlabelled	SPOkGoodGood	Alarm(_G_-ENTRY,setup_replacement-66887)
604	0.0342413	FalseGround	Unlabelled	SPOkGoodGood	Alarm(_G_-ENTRY,setup_replacement-66888)
605	0.0281814	FalseGround	Unlabelled	SPOkGoodGood	Alarm(_G_-ENTRY,dump_append_queue-64912)
606	0.0281814	FalseGround	Unlabelled	SPOkGoodGood	Alarm(_G_-ENTRY,dump_append_queue-64913)
607	0.0278128	FalseGround	Unlabelled	SPOkGoodGood	Alarm(_G_-ENTRY,convert_number-66118)
608	0.0278128	FalseGround	Unlabelled	SPOkGoodGood	Alarm(_G_-ENTRY,convert_number-66119)
609	0.0278128	FalseGround	Unlabelled	SPOkGoodGood	Alarm(_G_-ENTRY,convert_number-66120)
610	0.0278128	FalseGround	Unlabelled	SPOkGoodGood	Alarm(_G_-ENTRY,convert_number-66121)
611	0.0278128	FalseGround	Unlabelled	SPOkGoodGood	Alarm(_G_-ENTRY,convert_number-66122)
612	0.0278128	FalseGround	Unlabelled	SPOkGoodGood	Alarm(_G_-ENTRY,convert_number-66123)
613	0.0278128	FalseGround	Unlabelled	SPOkGoodGood	Alarm(_G_-ENTRY,convert_number-66124)
614	0.0278128	FalseGround	Unlabelled	SPOkGoodGood	Alarm(_G_-ENTRY,convert_number-66125)
615	0.0278128	FalseGround	Unlabelled	SPOkGoodGood	Alarm(_G_-ENTRY,convert_number-66126)
616	0.0278128	FalseGround	Unlabelled	SPOkGoodGood	Alarm(_G_-ENTRY,convert_number-66127)
617	0.0278128	FalseGround	Unlabelled	SPOkGoodGood	Alarm(_G_-ENTRY,convert_number-66128)
618	0.0278128	FalseGround	Unlabelled	SPOkGoodGood	Alarm(_G_-ENTRY,convert_number-66129)
619	0.0278128	FalseGround	Unlabelled	SPOkGoodGood	Alarm(_G_-ENTRY,convert_number-66130)
620	0.0278128	FalseGround	Unlabelled	SPOkGoodGood	Alarm(_G_-ENTRY,convert_number-66131)
621	0.0278128	FalseGround	Unlabelled	SPOkGoodGood	Alarm(_G_-ENTRY,convert_number-66132)
622	0.0278128	FalseGround	Unlabelled	SPOkGoodGood	Alarm(_G_-ENTRY,convert_number-66133)
623	0.0278128	FalseGround	Unlabelled	SPOkGoodGood	Alarm(_G_-ENTRY,convert_number-66134)
624	0.0278128	FalseGround	Unlabelled	SPOkGoodGood	Alarm(_G_-ENTRY,convert_number-66135)
625	0.0278128	FalseGround	Unlabelled	SPOkGoodGood	Alarm(_G_-ENTRY,convert_number-66136)
626	0.0278128	FalseGround	Unlabelled	SPOkGoodGood	Alarm(_G_-ENTRY,convert_number-66137)
627	0.0278128	FalseGround	Unlabelled	SPOkGoodGood	Alarm(_G_-ENTRY,convert_number-66138)
628	0.0278128	FalseGround	Unlabelled	SPOkGoodGood	Alarm(_G_-ENTRY,convert_number-66139)
629	0.0278128	FalseGround	Unlabelled	SPOkGoodGood	Alarm(_G_-ENTRY,convert_number-66140)
630	0.0278128	FalseGround	Unlabelled	SPOkGoodGood	Alarm(_G_-ENTRY,convert_number-66141)
631	0.0278128	FalseGround	Unlabelled	SPOkGoodGood	Alarm(_G_-ENTRY,convert_number-66142)
632	0.0278128	FalseGround	Unlabelled	SPOkGoodGood	Alarm(_G_-ENTRY,convert_number-66143)
633	0.0278128	FalseGround	Unlabelled	SPOkGoodGood	Alarm(_G_-ENTRY,convert_number-66144)
634	0.0278128	FalseGround	Unlabelled	SPOkGoodGood	Alarm(_G_-ENTRY,convert_number-66145)
635	0.0278128	FalseGround	Unlabelled	SPOkGoodGood	Alarm(_G_-ENTRY,convert_number-66146)
636	0.0278128	FalseGround	Unlabelled	SPOkGoodGood	Alarm(_G_-ENTRY,convert_number-66147)
637	0.0278128	FalseGround	Unlabelled	SPOkGoodGood	Alarm(_G_-ENTRY,convert_number-66148)
638	0.0278128	FalseGround	Unlabelled	SPOkGoodGood	Alarm(_G_-ENTRY,convert_number-66149)
639	0.0278128	FalseGround	Unlabelled	SPOkGoodGood	Alarm(_G_-ENTRY,convert_number-66150)
640	0.0278128	FalseGround	Unlabelled	SPOkGoodGood	Alarm(_G_-ENTRY,convert_number-66151)
641	0.0278128	FalseGround	Unlabelled	SPOkGoodGood	Alarm(_G_-ENTRY,convert_number-66152)
642	0.0278128	FalseGround	Unlabelled	SPOkGoodGood	Alarm(_G_-ENTRY,convert_number-66153)
643	0.0278128	FalseGround	Unlabelled	SPOkGoodGood	Alarm(_G_-ENTRY,convert_number-66154)
644	0.0278128	FalseGround	Unlabelled	SPOkGoodGood	Alarm(_G_-ENTRY,convert_number-66155)
645	0.0278128	FalseGround	Unlabelled	SPOkGoodGood	Alarm(_G_-ENTRY,convert_number-66156)
646	0.0278128	FalseGround	Unlabelled	SPOkGoodGood	Alarm(_G_-ENTRY,convert_number-66157)
647	0.0278128	FalseGround	Unlabelled	SPOkGoodGood	Alarm(_G_-ENTRY,convert_number-66158)
648	0.0278128	FalseGround	Unlabelled	SPOkGoodGood	Alarm(_G_-ENTRY,convert_number-66159)
649	0.0278128	FalseGround	Unlabelled	SPOkGoodGood	Alarm(_G_-ENTRY,convert_number-66160)
650	0.0278128	FalseGround	Unlabelled	SPOkGoodGood	Alarm(_G_-ENTRY,convert_number-66161)
651	0.0278128	FalseGround	Unlabelled	SPOkGoodGood	Alarm(_G_-ENTRY,dfaanalyze-52843)
652	0.0278128	FalseGround	Unlabelled	SPOkGoodGood	Alarm(_G_-ENTRY,dfaanalyze-52844)
653	0.0278128	FalseGround	Unlabelled	SPOkGoodGood	Alarm(_G_-ENTRY,dfaanalyze-52845)
654	0.0278128	FalseGround	Unlabelled	SPOkGoodGood	Alarm(_G_-ENTRY,dfaanalyze-52846)
655	0.0278128	FalseGround	Unlabelled	SPOkGoodGood	Alarm(_G_-ENTRY,dfaanalyze-52847)
656	0.0278128	FalseGround	Unlabelled	SPOkGoodGood	Alarm(_G_-ENTRY,dfaanalyze-52848)
657	0.0278128	FalseGround	Unlabelled	SPOkGoodGood	Alarm(_G_-ENTRY,dfaanalyze-52849)
658	0.0278128	FalseGround	Unlabelled	SPOkGoodGood	Alarm(_G_-ENTRY,dfaanalyze-52850)
659	0.0278128	FalseGround	Unlabelled	SPOkGoodGood	Alarm(_G_-ENTRY,dfaanalyze-52851)
660	0.0278128	FalseGround	Unlabelled	SPOkGoodGood	Alarm(_G_-ENTRY,dfaanalyze-52852)
661	0.0278128	FalseGround	Unlabelled	SPOkGoodGood	Alarm(_G_-ENTRY,dfaanalyze-52853)
662	0.0278128	FalseGround	Unlabelled	SPOkGoodGood	Alarm(_G_-ENTRY,dfaanalyze-52854)
663	0.0278128	FalseGround	Unlabelled	SPOkGoodGood	Alarm(_G_-ENTRY,dfaanalyze-52857)
664	0.0278128	FalseGround	Unlabelled	SPOkGoodGood	Alarm(_G_-ENTRY,dfaanalyze-52858)
665	0.0251896	FalseGround	Unlabelled	SPOkGoodGood	Alarm(_G_-ENTRY,init_buffer-63770)
666	0.0251896	FalseGround	Unlabelled	SPOkGoodGood	Alarm(_G_-ENTRY,init_buffer-63771)
667	0.0251896	FalseGround	Unlabelled	SPOkGoodGood	Alarm(_G_-ENTRY,init_buffer-63772)
668	0.0233371	FalseGround	Unlabelled	SPOkGoodGood	Alarm(_G_-ENTRY,dump_append_queue-64902)
669	0.0233371	FalseGround	Unlabelled	SPOkGoodGood	Alarm(_G_-ENTRY,dump_append_queue-64903)
670	0.0233371	FalseGround	Unlabelled	SPOkGoodGood	Alarm(_G_-ENTRY,dump_append_queue-64904)
671	0.0233371	FalseGround	Unlabelled	SPOkGoodGood	Alarm(_G_-ENTRY,dump_append_queue-64905)
672	0.0204298	FalseGround	Unlabelled	SPOkGoodGood	Alarm(_G_-ENTRY,addtok_wc-44977)
673	0.0194521	FalseGround	Unlabelled	SPOkGoodGood	Alarm(_G_-ENTRY,match_an_address_p-62076)
674	0.0194521	FalseGround	Unlabelled	SPOkGoodGood	Alarm(_G_-ENTRY,match_an_address_p-62082)
675	0.0194521	FalseGround	Unlabelled	SPOkGoodGood	Alarm(_G_-ENTRY,match_an_address_p-65252)
676	0.0157562	FalseGround	Unlabelled	SPOkGoodGood	Alarm(_G_-ENTRY,match_an_address_p-65234)
677	0.0157562	FalseGround	Unlabelled	SPOkGoodGood	Alarm(_G_-ENTRY,match_an_address_p-65235)
678	0.0157562	FalseGround	Unlabelled	SPOkGoodGood	Alarm(_G_-ENTRY,match_an_address_p-65236)
679	0.0157562	FalseGround	Unlabelled	SPOkGoodGood	Alarm(_G_-ENTRY,match_an_address_p-65237)
680	0.0157562	FalseGround	Unlabelled	SPOkGoodGood	Alarm(_G_-ENTRY,match_an_address_p-65238)
681	0.0157562	FalseGround	Unlabelled	SPOkGoodGood	Alarm(_G_-ENTRY,match_an_address_p-65239)
682	0.0157562	FalseGround	Unlabelled	SPOkGoodGood	Alarm(_G_-ENTRY,match_an_address_p-65240)
683	0.0157562	FalseGround	Unlabelled	SPOkGoodGood	Alarm(_G_-ENTRY,match_an_address_p-65241)
684	0.0157562	FalseGround	Unlabelled	SPOkGoodGood	Alarm(_G_-ENTRY,match_an_address_p-65242)
685	0.0157562	FalseGround	Unlabelled	SPOkGoodGood	Alarm(_G_-ENTRY,match_an_address_p-65243)
686	0.0157562	FalseGround	Unlabelled	SPOkGoodGood	Alarm(_G_-ENTRY,match_an_address_p-65244)
687	0.0157562	FalseGround	Unlabelled	SPOkGoodGood	Alarm(_G_-ENTRY,match_an_address_p-65245)
688	0.0157562	FalseGround	Unlabelled	SPOkGoodGood	Alarm(_G_-ENTRY,match_an_address_p-65246)
689	0.0157562	FalseGround	Unlabelled	SPOkGoodGood	Alarm(_G_-ENTRY,match_an_address_p-65247)
690	0.0157562	FalseGround	Unlabelled	SPOkGoodGood	Alarm(_G_-ENTRY,match_an_address_p-65248)
691	0.0157562	FalseGround	Unlabelled	SPOkGoodGood	Alarm(_G_-ENTRY,match_an_address_p-65249)
692	0.0157562	FalseGround	Unlabelled	SPOkGoodGood	Alarm(_G_-ENTRY,match_an_address_p-65250)
693	0.0157562	FalseGround	Unlabelled	SPOkGoodGood	Alarm(_G_-ENTRY,match_an_address_p-65251)
694	0.0151503	FalseGround	Unlabelled	SPOkGoodGood	Alarm(_G_-ENTRY,setup_replacement-66949)
695	0.0133028	FalseGround	Unlabelled	SPOkGoodGood	Alarm(_G_-ENTRY,add1_buffer-63827)
696	0.0133028	FalseGround	Unlabelled	SPOkGoodGood	Alarm(_G_-ENTRY,add1_buffer-63829)
697	0.0133028	FalseGround	Unlabelled	SPOkGoodGood	Alarm(_G_-ENTRY,add1_buffer-63831)
698	0.0133028	FalseGround	Unlabelled	SPOkGoodGood	Alarm(_G_-ENTRY,check_final_program-68594)
699	0.0133028	FalseGround	Unlabelled	SPOkGoodGood	Alarm(_G_-ENTRY,check_final_program-68605)
700	0.0133028	FalseGround	Unlabelled	SPOkGoodGood	Alarm(_G_-ENTRY,check_final_program-68606)
701	0.0133028	FalseGround	Unlabelled	SPOkGoodGood	Alarm(_G_-ENTRY,check_final_program-68607)
702	0.0133028	FalseGround	Unlabelled	SPOkGoodGood	Alarm(_G_-ENTRY,check_final_program-68610)
703	0.0133028	FalseGround	Unlabelled	SPOkGoodGood	Alarm(_G_-ENTRY,check_final_program-68617)
704	0.0133028	FalseGround	Unlabelled	SPOkGoodGood	Alarm(_G_-ENTRY,check_final_program-68618)
705	0.0133028	FalseGround	Unlabelled	SPOkGoodGood	Alarm(_G_-ENTRY,check_final_program-68619)
706	0.0133028	FalseGround	Unlabelled	SPOkGoodGood	Alarm(_G_-ENTRY,check_final_program-68621)
707	0.0133028	FalseGround	Unlabelled	SPOkGoodGood	Alarm(_G_-ENTRY,check_final_program-68622)
708	0.0133028	FalseGround	Unlabelled	SPOkGoodGood	Alarm(_G_-ENTRY,check_final_program-68623)
709	0.0133028	FalseGround	Unlabelled	SPOkGoodGood	Alarm(_G_-ENTRY,delete-50799)
710	0.0133028	FalseGround	Unlabelled	SPOkGoodGood	Alarm(_G_-ENTRY,delete-50806)
711	0.0133028	FalseGround	Unlabelled	SPOkGoodGood	Alarm(_G_-ENTRY,delete-50808)
712	0.0133028	FalseGround	Unlabelled	SPOkGoodGood	Alarm(_G_-ENTRY,finish_program-68663)
713	0.0133028	FalseGround	Unlabelled	SPOkGoodGood	Alarm(_G_-ENTRY,finish_program-68667)
714	0.0133028	FalseGround	Unlabelled	SPOkGoodGood	Alarm(_G_-ENTRY,get_openfile-66266)
715	0.0133028	FalseGround	Unlabelled	SPOkGoodGood	Alarm(_G_-ENTRY,get_openfile-66267)
716	0.0133028	FalseGround	Unlabelled	SPOkGoodGood	Alarm(_G_-ENTRY,line_copy-64791)
717	0.0133028	FalseGround	Unlabelled	SPOkGoodGood	Alarm(_G_-ENTRY,merge_constrained-50748)
718	0.0133028	FalseGround	Unlabelled	SPOkGoodGood	Alarm(_G_-ENTRY,resize_line-64533)
719	0.0133028	FalseGround	Unlabelled	SPOkGoodGood	Alarm(_G_-ENTRY,setup_label-66829)
720	0.0133028	FalseGround	Unlabelled	SPOkGoodGood	Alarm(_G_-ENTRY,setup_label-66830)
721	0.0133028	FalseGround	Unlabelled	SPOkGoodGood	Alarm(_G_-ENTRY,setup_label-66831)
722	0.0133028	FalseGround	Unlabelled	SPOkGoodGood	Alarm(_G_-ENTRY,setup_label-66832)
723	0.0122717	FalseGround	Unlabelled	SPOkGoodGood	Alarm(_G_-ENTRY,setup_replacement-66889)
724	0.0122717	FalseGround	Unlabelled	SPOkGoodGood	Alarm(_G_-ENTRY,setup_replacement-66890)
725	0.0122717	FalseGround	Unlabelled	SPOkGoodGood	Alarm(_G_-ENTRY,setup_replacement-66891)
726	0.0122717	FalseGround	Unlabelled	SPOkGoodGood	Alarm(_G_-ENTRY,setup_replacement-66892)
727	0.0122717	FalseGround	Unlabelled	SPOkGoodGood	Alarm(_G_-ENTRY,setup_replacement-66893)
728	0.0122717	FalseGround	Unlabelled	SPOkGoodGood	Alarm(_G_-ENTRY,setup_replacement-66894)
729	0.0122717	FalseGround	Unlabelled	SPOkGoodGood	Alarm(_G_-ENTRY,setup_replacement-66895)
730	0.0122717	FalseGround	Unlabelled	SPOkGoodGood	Alarm(_G_-ENTRY,setup_replacement-66896)
731	0.0122717	FalseGround	Unlabelled	SPOkGoodGood	Alarm(_G_-ENTRY,setup_replacement-66897)
732	0.0122717	FalseGround	Unlabelled	SPOkGoodGood	Alarm(_G_-ENTRY,setup_replacement-66898)
733	0.0122717	FalseGround	Unlabelled	SPOkGoodGood	Alarm(_G_-ENTRY,setup_replacement-66899)
734	0.0122717	FalseGround	Unlabelled	SPOkGoodGood	Alarm(_G_-ENTRY,setup_replacement-66900)
735	0.0122717	FalseGround	Unlabelled	SPOkGoodGood	Alarm(_G_-ENTRY,setup_replacement-66901)
736	0.0122717	FalseGround	Unlabelled	SPOkGoodGood	Alarm(_G_-ENTRY,setup_replacement-66902)
737	0.0122717	FalseGround	Unlabelled	SPOkGoodGood	Alarm(_G_-ENTRY,setup_replacement-66903)
738	0.0122717	FalseGround	Unlabelled	SPOkGoodGood	Alarm(_G_-ENTRY,setup_replacement-66904)
739	0.0122717	FalseGround	Unlabelled	SPOkGoodGood	Alarm(_G_-ENTRY,setup_replacement-66905)
740	0.0122717	FalseGround	Unlabelled	SPOkGoodGood	Alarm(_G_-ENTRY,setup_replacement-66906)
741	0.0122717	FalseGround	Unlabelled	SPOkGoodGood	Alarm(_G_-ENTRY,setup_replacement-66907)
742	0.0122717	FalseGround	Unlabelled	SPOkGoodGood	Alarm(_G_-ENTRY,setup_replacement-66908)
743	0.0122717	FalseGround	Unlabelled	SPOkGoodGood	Alarm(_G_-ENTRY,setup_replacement-66909)
744	0.0122717	FalseGround	Unlabelled	SPOkGoodGood	Alarm(_G_-ENTRY,setup_replacement-66910)
745	0.0122717	FalseGround	Unlabelled	SPOkGoodGood	Alarm(_G_-ENTRY,setup_replacement-66911)
746	0.0122717	FalseGround	Unlabelled	SPOkGoodGood	Alarm(_G_-ENTRY,setup_replacement-66912)
747	0.0107753	FalseGround	Unlabelled	SPOkGoodGood	Alarm(_G_-ENTRY,add1_buffer-63825)
748	0.0107753	FalseGround	Unlabelled	SPOkGoodGood	Alarm(_G_-ENTRY,add1_buffer-63826)
749	0.0107753	FalseGround	Unlabelled	SPOkGoodGood	Alarm(_G_-ENTRY,check_final_program-68582)
750	0.0107753	FalseGround	Unlabelled	SPOkGoodGood	Alarm(_G_-ENTRY,check_final_program-68583)
751	0.0107753	FalseGround	Unlabelled	SPOkGoodGood	Alarm(_G_-ENTRY,check_final_program-68588)
752	0.0107753	FalseGround	Unlabelled	SPOkGoodGood	Alarm(_G_-ENTRY,check_final_program-68589)
753	0.0107753	FalseGround	Unlabelled	SPOkGoodGood	Alarm(_G_-ENTRY,check_final_program-68592)
754	0.0107753	FalseGround	Unlabelled	SPOkGoodGood	Alarm(_G_-ENTRY,check_final_program-68593)
755	0.0107753	FalseGround	Unlabelled	SPOkGoodGood	Alarm(_G_-ENTRY,finish_program-68656)
756	0.0107753	FalseGround	Unlabelled	SPOkGoodGood	Alarm(_G_-ENTRY,finish_program-68657)
757	0.0107753	FalseGround	Unlabelled	SPOkGoodGood	Alarm(_G_-ENTRY,finish_program-68660)
758	0.0107753	FalseGround	Unlabelled	SPOkGoodGood	Alarm(_G_-ENTRY,finish_program-68661)
759	0.00785517	FalseGround	Unlabelled	SPOkGoodGood	Alarm(_G_-ENTRY,addtok-44935)
760	0.00374185	FalseGround	Unlabelled	SPOkGoodGood	Alarm(_G_-ENTRY,release_append_queue-64890)
761	0.00374185	FalseGround	Unlabelled	SPOkGoodGood	Alarm(_G_-ENTRY,release_append_queue-64891)
762	0.00304325	FalseGround	Unlabelled	SPOkGoodGood	Alarm(_G_-ENTRY,get_backup_file_name-64951)
763	0.00304325	FalseGround	Unlabelled	SPOkGoodGood	Alarm(_G_-ENTRY,get_backup_file_name-64953)
764	0.00304325	FalseGround	Unlabelled	SPOkGoodGood	Alarm(_G_-ENTRY,match_address_p-62141)
765	0.00304325	FalseGround	Unlabelled	SPOkGoodGood	Alarm(_G_-ENTRY,match_address_p-65298)
766	0.00304325	FalseGround	Unlabelled	SPOkGoodGood	Alarm(_G_-ENTRY,match_address_p-65299)
767	0.00304325	FalseGround	Unlabelled	SPOkGoodGood	Alarm(_G_-ENTRY,match_address_p-65308)
768	0.00304325	FalseGround	Unlabelled	SPOkGoodGood	Alarm(_G_-ENTRY,match_address_p-65309)
769	0.00304325	FalseGround	Unlabelled	SPOkGoodGood	Alarm(_G_-ENTRY,match_address_p-65310)
770	0.00304325	FalseGround	Unlabelled	SPOkGoodGood	Alarm(_G_-ENTRY,reset_addresses-65134)
771	0.00304325	FalseGround	Unlabelled	SPOkGoodGood	Alarm(_G_-ENTRY,reset_addresses-65135)
772	0.00304325	FalseGround	Unlabelled	SPOkGoodGood	Alarm(_G_-ENTRY,reset_addresses-65138)
773	0.00304325	FalseGround	Unlabelled	SPOkGoodGood	Alarm(_G_-ENTRY,reset_addresses-65139)
774	0.00304325	FalseGround	Unlabelled	SPOkGoodGood	Alarm(_G_-ENTRY,reset_addresses-65140)
775	0.00304325	FalseGround	Unlabelled	SPOkGoodGood	Alarm(_G_-ENTRY,reset_addresses-65141)
776	0.00304325	FalseGround	Unlabelled	SPOkGoodGood	Alarm(_G_-ENTRY,rewind_read_files-68651)
777	0.00304325	FalseGround	Unlabelled	SPOkGoodGood	Alarm(_G_-ENTRY,rewind_read_files-68652)
778	0.00304325	FalseGround	Unlabelled	SPOkGoodGood	Alarm(_G_-ENTRY,utils_fp_name-59262)
779	0.00304325	FalseGround	Unlabelled	SPOkGoodGood	Alarm(_G_-ENTRY,utils_fp_name-63193)
780	0.0030309	FalseGround	Unlabelled	SPOkGoodGood	Alarm(_G_-ENTRY,release_append_queue-64887)
781	0.0030309	FalseGround	Unlabelled	SPOkGoodGood	Alarm(_G_-ENTRY,release_append_queue-64888)
782	0.00246503	FalseGround	Unlabelled	SPOkGoodGood	Alarm(_G_-ENTRY,match_address_p-65264)
783	0.00246503	FalseGround	Unlabelled	SPOkGoodGood	Alarm(_G_-ENTRY,match_address_p-65265)
784	0.00246503	FalseGround	Unlabelled	SPOkGoodGood	Alarm(_G_-ENTRY,match_address_p-65266)
785	0.00246503	FalseGround	Unlabelled	SPOkGoodGood	Alarm(_G_-ENTRY,match_address_p-65267)
786	0.00246503	FalseGround	Unlabelled	SPOkGoodGood	Alarm(_G_-ENTRY,match_address_p-65268)
787	0.00246503	FalseGround	Unlabelled	SPOkGoodGood	Alarm(_G_-ENTRY,match_address_p-65269)
788	0.00246503	FalseGround	Unlabelled	SPOkGoodGood	Alarm(_G_-ENTRY,match_address_p-65270)
789	0.00246503	FalseGround	Unlabelled	SPOkGoodGood	Alarm(_G_-ENTRY,match_address_p-65271)
790	0.00246503	FalseGround	Unlabelled	SPOkGoodGood	Alarm(_G_-ENTRY,match_address_p-65272)
791	0.00246503	FalseGround	Unlabelled	SPOkGoodGood	Alarm(_G_-ENTRY,match_address_p-65273)
792	0.00246503	FalseGround	Unlabelled	SPOkGoodGood	Alarm(_G_-ENTRY,match_address_p-65274)
793	0.00246503	FalseGround	Unlabelled	SPOkGoodGood	Alarm(_G_-ENTRY,match_address_p-65275)
794	0.00246503	FalseGround	Unlabelled	SPOkGoodGood	Alarm(_G_-ENTRY,match_address_p-65278)
795	0.00246503	FalseGround	Unlabelled	SPOkGoodGood	Alarm(_G_-ENTRY,match_address_p-65279)
796	0.00246503	FalseGround	Unlabelled	SPOkGoodGood	Alarm(_G_-ENTRY,match_address_p-65280)
797	0.00246503	FalseGround	Unlabelled	SPOkGoodGood	Alarm(_G_-ENTRY,match_address_p-65281)
798	0.00246503	FalseGround	Unlabelled	SPOkGoodGood	Alarm(_G_-ENTRY,match_address_p-65282)
799	0.00246503	FalseGround	Unlabelled	SPOkGoodGood	Alarm(_G_-ENTRY,match_address_p-65283)
800	0.00246503	FalseGround	Unlabelled	SPOkGoodGood	Alarm(_G_-ENTRY,match_address_p-65284)
801	0.00246503	FalseGround	Unlabelled	SPOkGoodGood	Alarm(_G_-ENTRY,match_address_p-65285)
802	0.00246503	FalseGround	Unlabelled	SPOkGoodGood	Alarm(_G_-ENTRY,match_address_p-65288)
803	0.00246503	FalseGround	Unlabelled	SPOkGoodGood	Alarm(_G_-ENTRY,match_address_p-65289)
804	0.00246503	FalseGround	Unlabelled	SPOkGoodGood	Alarm(_G_-ENTRY,match_address_p-65292)
805	0.00246503	FalseGround	Unlabelled	SPOkGoodGood	Alarm(_G_-ENTRY,match_address_p-65293)
806	0.00246503	FalseGround	Unlabelled	SPOkGoodGood	Alarm(_G_-ENTRY,match_address_p-65294)
807	0.00246503	FalseGround	Unlabelled	SPOkGoodGood	Alarm(_G_-ENTRY,match_address_p-65295)
808	0.00246503	FalseGround	Unlabelled	SPOkGoodGood	Alarm(_G_-ENTRY,reset_addresses-65128)
809	0.00246503	FalseGround	Unlabelled	SPOkGoodGood	Alarm(_G_-ENTRY,reset_addresses-65129)
810	0.00246503	FalseGround	Unlabelled	SPOkGoodGood	Alarm(_G_-ENTRY,reset_addresses-65130)
811	0.00246503	FalseGround	Unlabelled	SPOkGoodGood	Alarm(_G_-ENTRY,reset_addresses-65131)
812	0.00246503	FalseGround	Unlabelled	SPOkGoodGood	Alarm(_G_-ENTRY,reset_addresses-65132)
813	0.00246503	FalseGround	Unlabelled	SPOkGoodGood	Alarm(_G_-ENTRY,reset_addresses-65133)
814	0.00246503	FalseGround	Unlabelled	SPOkGoodGood	Alarm(_G_-ENTRY,rewind_read_files-68648)
815	0.00246503	FalseGround	Unlabelled	SPOkGoodGood	Alarm(_G_-ENTRY,rewind_read_files-68649)
816	0.00246503	FalseGround	Unlabelled	SPOkGoodGood	Alarm(_G_-ENTRY,utils_fp_name-63184)
817	0.00246503	FalseGround	Unlabelled	SPOkGoodGood	Alarm(_G_-ENTRY,utils_fp_name-63185)
818	0.000563921	FalseGround	Unlabelled	SPOkGoodGood	Alarm(_G_-ENTRY,atom-45070)
819	0.000530791	FalseGround	Unlabelled	SPOkGoodGood	Alarm(_G_-ENTRY,get_backup_file_name-64956)
