Rank	Confidence	Ground	Label	Comments	Tuple
1	0.880633	FalseGround	Unlabelled	SPOkGoodGood	Alarm(_G_-ENTRY,state_index-50831)
2	0.880633	FalseGround	Unlabelled	SPOkGoodGood	Alarm(_G_-ENTRY,state_index-50832)
3	0.880633	FalseGround	Unlabelled	SPOkGoodGood	Alarm(_G_-ENTRY,state_index-50833)
4	0.880633	FalseGround	Unlabelled	SPOkGoodGood	Alarm(_G_-ENTRY,state_index-50834)
5	0.879714	FalseGround	Unlabelled	SPOkGoodGood	Alarm(_G_-ENTRY,merge_constrained-50749)
6	0.877171	FalseGround	Unlabelled	SPOkGoodGood	Alarm(_G_-ENTRY,copy-47072)
7	0.874828	FalseGround	Unlabelled	SPOkGoodGood	Alarm(_G_-ENTRY,state_index-51928)
8	0.874828	FalseGround	Unlabelled	SPOkGoodGood	Alarm(_G_-ENTRY,state_index-51930)
9	0.87144	FalseGround	Unlabelled	SPOkGoodGood	Alarm(_G_-ENTRY,merge_constrained-50757)
10	0.87144	FalseGround	Unlabelled	SPOkGoodGood	Alarm(_G_-ENTRY,merge_constrained-50762)
11	0.869207	FalseGround	Unlabelled	SPOkGoodGood	Alarm(_G_-ENTRY,state_index-50839)
12	0.869207	FalseGround	Unlabelled	SPOkGoodGood	Alarm(_G_-ENTRY,state_index-50840)
13	0.869207	FalseGround	Unlabelled	SPOkGoodGood	Alarm(_G_-ENTRY,state_index-50845)
14	0.869207	FalseGround	Unlabelled	SPOkGoodGood	Alarm(_G_-ENTRY,state_index-50846)
15	0.867871	FalseGround	Unlabelled	SPOkGoodGood	Alarm(_G_-ENTRY,compile_program-67551)
16	0.863486	FalseGround	Unlabelled	SPOkGoodGood	Alarm(_G_-ENTRY,state_index-52651)
17	0.863486	FalseGround	Unlabelled	SPOkGoodGood	Alarm(_G_-ENTRY,state_index-52671)
18	0.863486	FalseGround	Unlabelled	SPOkGoodGood	Alarm(_G_-ENTRY,state_index-52675)
19	0.863486	FalseGround	Unlabelled	SPOkGoodGood	Alarm(_G_-ENTRY,state_index-52676)
20	0.863486	FalseGround	Unlabelled	SPOkGoodGood	Alarm(_G_-ENTRY,state_index-52677)
21	0.860354	FalseGround	Unlabelled	SPOkGoodGood	Alarm(_G_-ENTRY,get_charset_aliases-33609)
22	0.858662	FalseGround	Unlabelled	SPOkGoodGood	Alarm(_G_-ENTRY,state_index-50825)
23	0.858662	FalseGround	Unlabelled	SPOkGoodGood	Alarm(_G_-ENTRY,state_index-50826)
24	0.8495	FalseGround	Unlabelled	SPOkGoodGood	Alarm(_G_-ENTRY,get_openfile-66295)
25	0.849206	FalseGround	Unlabelled	SPOkGoodGood	Alarm(_G_-ENTRY,execute_program-65724)
26	0.849206	FalseGround	Unlabelled	SPOkGoodGood	Alarm(_G_-ENTRY,execute_program-65725)
27	0.847867	FalseGround	Unlabelled	SPOkGoodGood	Alarm(_G_-ENTRY,compile_program-67506)
28	0.846043	FalseGround	Unlabelled	SPOkGoodGood	Alarm(_G_-ENTRY,parse_bracket_exp-44122)
29	0.84396	FalseGround	Unlabelled	SPOkGoodGood	Alarm(_G_-ENTRY,insert-48210)
30	0.83945	FalseGround	Unlabelled	SPOkGoodGood	Alarm(_G_-ENTRY,insert-47135)
31	0.83945	FalseGround	Unlabelled	SPOkGoodGood	Alarm(_G_-ENTRY,insert-47136)
32	0.83945	FalseGround	Unlabelled	SPOkGoodGood	Alarm(_G_-ENTRY,insert-47137)
33	0.83945	FalseGround	Unlabelled	SPOkGoodGood	Alarm(_G_-ENTRY,insert-47138)
34	0.837872	FalseGround	Unlabelled	SPOkGoodGood	Alarm(_G_-ENTRY,setup_replacement-66915)
35	0.837872	FalseGround	Unlabelled	SPOkGoodGood	Alarm(_G_-ENTRY,setup_replacement-66916)
36	0.831787	FalseGround	Unlabelled	SPOkGoodGood	Alarm(_G_-ENTRY,insert-48932)
37	0.822625	FalseGround	Unlabelled	SPOkGoodGood	Alarm(_G_-ENTRY,compile_program-67536)
38	0.820814	FalseGround	Unlabelled	SPOkGoodGood	Alarm(_G_-ENTRY,str_append-64579)
39	0.81807	FalseGround	Unlabelled	SPOkGoodGood	Alarm(_G_-ENTRY,parse_bracket_exp-43402)
40	0.815119	FalseGround	Unlabelled	SPOkGoodGood	Alarm(_G_-ENTRY,new_replacement-66867)
41	0.815119	FalseGround	Unlabelled	SPOkGoodGood	Alarm(_G_-ENTRY,new_replacement-66868)
42	0.815119	FalseGround	Unlabelled	SPOkGoodGood	Alarm(_G_-ENTRY,new_replacement-66869)
43	0.815119	FalseGround	Unlabelled	SPOkGoodGood	Alarm(_G_-ENTRY,new_replacement-66870)
44	0.809988	FalseGround	Unlabelled	SPOkGoodGood	Alarm(_G_-ENTRY,setbit-33830)
45	0.80595	FalseGround	Unlabelled	SPOkGoodGood	Alarm(_G_-ENTRY,normalize_text-68475)
46	0.80595	FalseGround	Unlabelled	SPOkGoodGood	Alarm(_G_-ENTRY,normalize_text-68486)
47	0.80595	FalseGround	Unlabelled	SPOkGoodGood	Alarm(_G_-ENTRY,normalize_text-68351)
48	0.80595	FalseGround	Unlabelled	SPOkGoodGood	Alarm(_G_-ENTRY,normalize_text-68352)
49	0.80595	FalseGround	Unlabelled	SPOkGoodGood	Alarm(_G_-ENTRY,normalize_text-68411)
50	0.80595	FalseGround	Unlabelled	SPOkGoodGood	Alarm(_G_-ENTRY,normalize_text-68412)
51	0.80595	FalseGround	Unlabelled	SPOkGoodGood	Alarm(_G_-ENTRY,normalize_text-68417)
52	0.80595	FalseGround	Unlabelled	SPOkGoodGood	Alarm(_G_-ENTRY,normalize_text-68418)
53	0.80595	FalseGround	Unlabelled	SPOkGoodGood	Alarm(_G_-ENTRY,normalize_text-68419)
54	0.80595	FalseGround	Unlabelled	SPOkGoodGood	Alarm(_G_-ENTRY,normalize_text-68420)
55	0.802395	FalseGround	Unlabelled	SPOkGoodGood	Alarm(_G_-ENTRY,epsclosure-52724)
56	0.802395	FalseGround	Unlabelled	SPOkGoodGood	Alarm(_G_-ENTRY,epsclosure-52725)
57	0.802395	FalseGround	Unlabelled	SPOkGoodGood	Alarm(_G_-ENTRY,epsclosure-52726)
58	0.802395	FalseGround	Unlabelled	SPOkGoodGood	Alarm(_G_-ENTRY,epsclosure-52727)
59	0.802395	FalseGround	Unlabelled	SPOkGoodGood	Alarm(_G_-ENTRY,epsclosure-52728)
60	0.802395	FalseGround	Unlabelled	SPOkGoodGood	Alarm(_G_-ENTRY,epsclosure-52729)
61	0.802395	FalseGround	Unlabelled	SPOkGoodGood	Alarm(_G_-ENTRY,epsclosure-52730)
62	0.802395	FalseGround	Unlabelled	SPOkGoodGood	Alarm(_G_-ENTRY,epsclosure-52731)
63	0.802395	FalseGround	Unlabelled	SPOkGoodGood	Alarm(_G_-ENTRY,epsclosure-52732)
64	0.802395	FalseGround	Unlabelled	SPOkGoodGood	Alarm(_G_-ENTRY,epsclosure-52733)
65	0.801089	FalseGround	Unlabelled	SPOkGoodGood	Alarm(_G_-ENTRY,compile_program-67154)
66	0.801089	FalseGround	Unlabelled	SPOkGoodGood	Alarm(_G_-ENTRY,compile_program-67155)
67	0.801089	FalseGround	Unlabelled	SPOkGoodGood	Alarm(_G_-ENTRY,compile_program-67156)
68	0.801089	FalseGround	Unlabelled	SPOkGoodGood	Alarm(_G_-ENTRY,compile_program-67157)
69	0.800688	FalseGround	Unlabelled	SPOkGoodGood	Alarm(_G_-ENTRY,get_buffer-60134)
70	0.800275	FalseGround	Unlabelled	SPOkGoodGood	Alarm(_G_-ENTRY,compile_program-67622)
71	0.798465	FalseGround	Unlabelled	SPOkGoodGood	Alarm(_G_-ENTRY,do_list-65354)
72	0.795692	FalseGround	Unlabelled	SPOkGoodGood	Alarm(_G_-ENTRY,free_buffer-63835)
73	0.794402	FalseGround	Unlabelled	SPOkGoodGood	Alarm(_G_-ENTRY,translate_mb-65604)
74	0.794301	FalseGround	Unlabelled	SPOkGoodGood	Alarm(_G_-ENTRY,state_index-52673)
75	0.794301	FalseGround	Unlabelled	SPOkGoodGood	Alarm(_G_-ENTRY,state_index-52674)
76	0.794301	FalseGround	Unlabelled	SPOkGoodGood	Alarm(_G_-ENTRY,setup_replacement-66875)
77	0.794301	FalseGround	Unlabelled	SPOkGoodGood	Alarm(_G_-ENTRY,setup_replacement-66876)
78	0.792743	FalseGround	Unlabelled	SPOkGoodGood	Alarm(_G_-ENTRY,insert-48930)
79	0.790439	FalseGround	Unlabelled	SPOkGoodGood	Alarm(_G_-ENTRY,copy-46362)
80	0.790439	FalseGround	Unlabelled	SPOkGoodGood	Alarm(_G_-ENTRY,copy-46364)
81	0.790439	FalseGround	Unlabelled	SPOkGoodGood	Alarm(_G_-ENTRY,copy-46365)
82	0.790439	FalseGround	Unlabelled	SPOkGoodGood	Alarm(_G_-ENTRY,copy-47071)
83	0.790439	FalseGround	Unlabelled	SPOkGoodGood	Alarm(_G_-ENTRY,copy-47073)
84	0.790439	FalseGround	Unlabelled	SPOkGoodGood	Alarm(_G_-ENTRY,copy-45298)
85	0.790439	FalseGround	Unlabelled	SPOkGoodGood	Alarm(_G_-ENTRY,copy-45299)
86	0.785276	FalseGround	Unlabelled	SPOkGoodGood	Alarm(_G_-ENTRY,parse_bracket_exp-43254)
87	0.784209	FalseGround	Unlabelled	SPOkGoodGood	Alarm(_G_-ENTRY,get_openfile-66294)
88	0.774929	FalseGround	Unlabelled	SPOkGoodGood	Alarm(_G_-ENTRY,compile_program-67495)
89	0.774929	FalseGround	Unlabelled	SPOkGoodGood	Alarm(_G_-ENTRY,compile_program-67555)
90	0.774929	FalseGround	Unlabelled	SPOkGoodGood	Alarm(_G_-ENTRY,compile_program-67584)
91	0.774929	FalseGround	Unlabelled	SPOkGoodGood	Alarm(_G_-ENTRY,register_open_file-63227)
92	0.774929	FalseGround	Unlabelled	SPOkGoodGood	Alarm(_G_-ENTRY,register_open_file-63228)
93	0.774929	FalseGround	Unlabelled	SPOkGoodGood	Alarm(_G_-ENTRY,resize_buffer-63810)
94	0.773876	FalseGround	Unlabelled	SPOkGoodGood	Alarm(_G_-ENTRY,dump_append_queue-64912)
95	0.773876	FalseGround	Unlabelled	SPOkGoodGood	Alarm(_G_-ENTRY,dump_append_queue-64913)
96	0.773876	FalseGround	Unlabelled	SPOkGoodGood	Alarm(_G_-ENTRY,dump_append_queue-64902)
97	0.773876	FalseGround	Unlabelled	SPOkGoodGood	Alarm(_G_-ENTRY,dump_append_queue-64904)
98	0.763728	FalseGround	Unlabelled	SPOkGoodGood	Alarm(_G_-ENTRY,dump_append_queue-64903)
99	0.763728	FalseGround	Unlabelled	SPOkGoodGood	Alarm(_G_-ENTRY,dump_append_queue-64905)
100	0.763422	FalseGround	Unlabelled	SPOkGoodGood	Alarm(_G_-ENTRY,release_label-66837)
101	0.763422	FalseGround	Unlabelled	SPOkGoodGood	Alarm(_G_-ENTRY,release_label-66838)
102	0.762386	FalseGround	Unlabelled	SPOkGoodGood	Alarm(_G_-ENTRY,match_an_address_p-62076)
103	0.762386	FalseGround	Unlabelled	SPOkGoodGood	Alarm(_G_-ENTRY,match_an_address_p-62082)
104	0.762386	FalseGround	Unlabelled	SPOkGoodGood	Alarm(_G_-ENTRY,match_an_address_p-65252)
105	0.762386	FalseGround	Unlabelled	SPOkGoodGood	Alarm(_G_-ENTRY,match_an_address_p-65248)
106	0.762386	FalseGround	Unlabelled	SPOkGoodGood	Alarm(_G_-ENTRY,match_an_address_p-65249)
107	0.762386	FalseGround	Unlabelled	SPOkGoodGood	Alarm(_G_-ENTRY,match_an_address_p-65250)
108	0.762386	FalseGround	Unlabelled	SPOkGoodGood	Alarm(_G_-ENTRY,match_an_address_p-65251)
109	0.759219	FalseGround	Unlabelled	SPOkGoodGood	Alarm(_G_-ENTRY,compile_program-67496)
110	0.759219	FalseGround	Unlabelled	SPOkGoodGood	Alarm(_G_-ENTRY,compile_program-67701)
111	0.75664	FalseGround	Unlabelled	SPOkGoodGood	Alarm(_G_-ENTRY,size_buffer-60135)
112	0.75606	FalseGround	Unlabelled	SPOkGoodGood	Alarm(_G_-ENTRY,merge_constrained-50038)
113	0.75606	FalseGround	Unlabelled	SPOkGoodGood	Alarm(_G_-ENTRY,merge_constrained-50039)
114	0.75606	FalseGround	Unlabelled	SPOkGoodGood	Alarm(_G_-ENTRY,merge_constrained-50041)
115	0.75606	FalseGround	Unlabelled	SPOkGoodGood	Alarm(_G_-ENTRY,merge_constrained-50042)
116	0.75606	FalseGround	Unlabelled	SPOkGoodGood	Alarm(_G_-ENTRY,merge_constrained-48954)
117	0.75606	FalseGround	Unlabelled	SPOkGoodGood	Alarm(_G_-ENTRY,merge_constrained-48955)
118	0.756055	FalseGround	Unlabelled	SPOkGoodGood	Alarm(_G_-ENTRY,merge_constrained-50752)
119	0.756055	FalseGround	Unlabelled	SPOkGoodGood	Alarm(_G_-ENTRY,merge_constrained-50758)
120	0.756055	FalseGround	Unlabelled	SPOkGoodGood	Alarm(_G_-ENTRY,merge_constrained-50759)
121	0.756055	FalseGround	Unlabelled	SPOkGoodGood	Alarm(_G_-ENTRY,merge_constrained-50763)
122	0.756055	FalseGround	Unlabelled	SPOkGoodGood	Alarm(_G_-ENTRY,merge_constrained-50764)
123	0.756055	FalseGround	Unlabelled	SPOkGoodGood	Alarm(_G_-ENTRY,merge_constrained-50765)
124	0.756055	FalseGround	Unlabelled	SPOkGoodGood	Alarm(_G_-ENTRY,merge_constrained-50766)
125	0.756055	FalseGround	Unlabelled	SPOkGoodGood	Alarm(_G_-ENTRY,state_index-51921)
126	0.756055	FalseGround	Unlabelled	SPOkGoodGood	Alarm(_G_-ENTRY,merge_constrained-50020)
127	0.756055	FalseGround	Unlabelled	SPOkGoodGood	Alarm(_G_-ENTRY,merge_constrained-50021)
128	0.756055	FalseGround	Unlabelled	SPOkGoodGood	Alarm(_G_-ENTRY,merge_constrained-50022)
129	0.756055	FalseGround	Unlabelled	SPOkGoodGood	Alarm(_G_-ENTRY,merge_constrained-50023)
130	0.756055	FalseGround	Unlabelled	SPOkGoodGood	Alarm(_G_-ENTRY,merge_constrained-50026)
131	0.756055	FalseGround	Unlabelled	SPOkGoodGood	Alarm(_G_-ENTRY,merge_constrained-50027)
132	0.756055	FalseGround	Unlabelled	SPOkGoodGood	Alarm(_G_-ENTRY,merge_constrained-50030)
133	0.756055	FalseGround	Unlabelled	SPOkGoodGood	Alarm(_G_-ENTRY,merge_constrained-50031)
134	0.756055	FalseGround	Unlabelled	SPOkGoodGood	Alarm(_G_-ENTRY,merge_constrained-50032)
135	0.756055	FalseGround	Unlabelled	SPOkGoodGood	Alarm(_G_-ENTRY,merge_constrained-50033)
136	0.756055	FalseGround	Unlabelled	SPOkGoodGood	Alarm(_G_-ENTRY,merge_constrained-50034)
137	0.756055	FalseGround	Unlabelled	SPOkGoodGood	Alarm(_G_-ENTRY,merge_constrained-50035)
138	0.755673	FalseGround	Unlabelled	SPOkGoodGood	Alarm(_G_-ENTRY,dfamust-62804)
139	0.75446	FalseGround	Unlabelled	SPOkGoodGood	Alarm(_G_-ENTRY,compile_program-67647)
140	0.75446	FalseGround	Unlabelled	SPOkGoodGood	Alarm(_G_-ENTRY,compile_program-67649)
141	0.749917	FalseGround	Unlabelled	SPOkGoodGood	Alarm(_G_-ENTRY,epsclosure-52734)
142	0.749917	FalseGround	Unlabelled	SPOkGoodGood	Alarm(_G_-ENTRY,epsclosure-52735)
143	0.749917	FalseGround	Unlabelled	SPOkGoodGood	Alarm(_G_-ENTRY,epsclosure-52736)
144	0.749917	FalseGround	Unlabelled	SPOkGoodGood	Alarm(_G_-ENTRY,epsclosure-52737)
145	0.749917	FalseGround	Unlabelled	SPOkGoodGood	Alarm(_G_-ENTRY,epsclosure-52738)
146	0.749917	FalseGround	Unlabelled	SPOkGoodGood	Alarm(_G_-ENTRY,epsclosure-52739)
147	0.749917	FalseGround	Unlabelled	SPOkGoodGood	Alarm(_G_-ENTRY,epsclosure-52740)
148	0.749917	FalseGround	Unlabelled	SPOkGoodGood	Alarm(_G_-ENTRY,epsclosure-52741)
149	0.749917	FalseGround	Unlabelled	SPOkGoodGood	Alarm(_G_-ENTRY,epsclosure-52742)
150	0.749917	FalseGround	Unlabelled	SPOkGoodGood	Alarm(_G_-ENTRY,epsclosure-52743)
151	0.749917	FalseGround	Unlabelled	SPOkGoodGood	Alarm(_G_-ENTRY,epsclosure-52744)
152	0.749917	FalseGround	Unlabelled	SPOkGoodGood	Alarm(_G_-ENTRY,epsclosure-52745)
153	0.749188	FalseGround	Unlabelled	SPOkGoodGood	Alarm(_G_-ENTRY,do_list-65395)
154	0.737459	FalseGround	Unlabelled	SPOkGoodGood	Alarm(_G_-ENTRY,next_append_slot-64878)
155	0.737459	FalseGround	Unlabelled	SPOkGoodGood	Alarm(_G_-ENTRY,next_append_slot-64881)
156	0.734718	FalseGround	Unlabelled	SPOkGoodGood	Alarm(_G_-ENTRY,state_separate_contexts-52818)
157	0.734718	FalseGround	Unlabelled	SPOkGoodGood	Alarm(_G_-ENTRY,state_separate_contexts-52819)
158	0.734718	FalseGround	Unlabelled	SPOkGoodGood	Alarm(_G_-ENTRY,state_separate_contexts-52820)
159	0.734718	FalseGround	Unlabelled	SPOkGoodGood	Alarm(_G_-ENTRY,state_separate_contexts-52821)
160	0.73295	FalseGround	Unlabelled	SPOkGoodGood	Alarm(_G_-ENTRY,register_open_file-63229)
161	0.729105	FalseGround	Unlabelled	SPOkGoodGood	Alarm(_G_-ENTRY,add1_buffer-63830)
162	0.729105	FalseGround	Unlabelled	SPOkGoodGood	Alarm(_G_-ENTRY,get_openfile-66296)
163	0.729105	FalseGround	Unlabelled	SPOkGoodGood	Alarm(_G_-ENTRY,get_openfile-66297)
164	0.729	FalseGround	Unlabelled	SPOkGoodGood	Alarm(_G_-ENTRY,build_state-57242)
165	0.729	FalseGround	Unlabelled	SPOkGoodGood	Alarm(_G_-ENTRY,build_state-57243)
166	0.729	FalseGround	Unlabelled	SPOkGoodGood	Alarm(_G_-ENTRY,ck_fclose-63418)
167	0.729	FalseGround	Unlabelled	SPOkGoodGood	Alarm(_G_-ENTRY,ck_fclose-63420)
168	0.729	FalseGround	Unlabelled	SPOkGoodGood	Alarm(_G_-ENTRY,ck_fclose-63424)
169	0.729	FalseGround	Unlabelled	SPOkGoodGood	Alarm(_G_-ENTRY,compile_program-67521)
170	0.729	FalseGround	Unlabelled	SPOkGoodGood	Alarm(_G_-ENTRY,compile_program-67582)
171	0.729	FalseGround	Unlabelled	SPOkGoodGood	Alarm(_G_-ENTRY,compile_program-67710)
172	0.729	FalseGround	Unlabelled	SPOkGoodGood	Alarm(_G_-ENTRY,dfaanalyze-53006)
173	0.729	FalseGround	Unlabelled	SPOkGoodGood	Alarm(_G_-ENTRY,dfaexec_main-61358)
174	0.729	FalseGround	Unlabelled	SPOkGoodGood	Alarm(_G_-ENTRY,dfaexec_main-61359)
175	0.729	FalseGround	Unlabelled	SPOkGoodGood	Alarm(_G_-ENTRY,execute_program-65847)
176	0.729	FalseGround	Unlabelled	SPOkGoodGood	Alarm(_G_-ENTRY,execute_program-65884)
177	0.729	FalseGround	Unlabelled	SPOkGoodGood	Alarm(_G_-ENTRY,realloc_trans_if_necessary-55239)
178	0.729	FalseGround	Unlabelled	SPOkGoodGood	Alarm(_G_-ENTRY,realloc_trans_if_necessary-55240)
179	0.729	FalseGround	Unlabelled	SPOkGoodGood	Alarm(_G_-ENTRY,setup_replacement-66929)
180	0.729	FalseGround	Unlabelled	SPOkGoodGood	Alarm(_G_-ENTRY,setup_replacement-66933)
181	0.729	FalseGround	Unlabelled	SPOkGoodGood	Alarm(_G_-ENTRY,setup_replacement-66936)
182	0.729	FalseGround	Unlabelled	SPOkGoodGood	Alarm(_G_-ENTRY,setup_replacement-66937)
183	0.729	FalseGround	Unlabelled	SPOkGoodGood	Alarm(_G_-ENTRY,setup_replacement-66938)
184	0.729	FalseGround	Unlabelled	SPOkGoodGood	Alarm(_G_-ENTRY,setup_replacement-66950)
185	0.729	FalseGround	Unlabelled	SPOkGoodGood	Alarm(_G_-ENTRY,setup_replacement-66953)
186	0.729	FalseGround	Unlabelled	SPOkGoodGood	Alarm(_G_-ENTRY,setup_replacement-66956)
187	0.729	FalseGround	Unlabelled	SPOkGoodGood	Alarm(_G_-ENTRY,setup_replacement-66960)
188	0.729	FalseGround	Unlabelled	SPOkGoodGood	Alarm(_G_-ENTRY,setup_replacement-66962)
189	0.729	FalseGround	Unlabelled	SPOkGoodGood	Alarm(_G_-ENTRY,transit_state-59276)
190	0.729	FalseGround	Unlabelled	SPOkGoodGood	Alarm(_G_-ENTRY,transit_state-59277)
191	0.729	FalseGround	Unlabelled	SPOkGoodGood	Alarm(_G_-ENTRY,setup_replacement-66913)
192	0.729	FalseGround	Unlabelled	SPOkGoodGood	Alarm(_G_-ENTRY,setup_replacement-66914)
193	0.725355	FalseGround	Unlabelled	SPOkGoodGood	Alarm(_G_-ENTRY,normalize_text-68470)
194	0.725355	FalseGround	Unlabelled	SPOkGoodGood	Alarm(_G_-ENTRY,normalize_text-68385)
195	0.725355	FalseGround	Unlabelled	SPOkGoodGood	Alarm(_G_-ENTRY,normalize_text-68386)
196	0.725355	FalseGround	Unlabelled	SPOkGoodGood	Alarm(_G_-ENTRY,normalize_text-68387)
197	0.725355	FalseGround	Unlabelled	SPOkGoodGood	Alarm(_G_-ENTRY,normalize_text-68388)
198	0.724722	FalseGround	Unlabelled	SPOkGoodGood	Alarm(_G_-ENTRY,match_address_p-65301)
199	0.724722	FalseGround	Unlabelled	SPOkGoodGood	Alarm(_G_-ENTRY,match_address_p-65303)
200	0.724722	FalseGround	Unlabelled	SPOkGoodGood	Alarm(_G_-ENTRY,match_address_p-65306)
201	0.724722	FalseGround	Unlabelled	SPOkGoodGood	Alarm(_G_-ENTRY,match_address_p-65307)
202	0.720881	FalseGround	Unlabelled	SPOkGoodGood	Alarm(_G_-ENTRY,get_charset_aliases-33559)
203	0.720881	FalseGround	Unlabelled	SPOkGoodGood	Alarm(_G_-ENTRY,get_charset_aliases-33560)
204	0.720578	FalseGround	Unlabelled	SPOkGoodGood	Alarm(_G_-ENTRY,ck_memdup-63748)
205	0.720578	FalseGround	Unlabelled	SPOkGoodGood	Alarm(_G_-ENTRY,follow_symlink-63574)
206	0.714871	FalseGround	Unlabelled	SPOkGoodGood	Alarm(_G_-ENTRY,compile_program-67554)
207	0.714871	FalseGround	Unlabelled	SPOkGoodGood	Alarm(_G_-ENTRY,setup_replacement-66935)
208	0.701738	FalseGround	Unlabelled	SPOkGoodGood	Alarm(_G_-ENTRY,match_address_p-65286)
209	0.701738	FalseGround	Unlabelled	SPOkGoodGood	Alarm(_G_-ENTRY,match_address_p-65287)
210	0.699982	FalseGround	Unlabelled	SPOkGoodGood	Alarm(_G_-ENTRY,compile_regex-64301)
211	0.699982	FalseGround	Unlabelled	SPOkGoodGood	Alarm(_G_-ENTRY,compile_regex-64303)
212	0.699982	FalseGround	Unlabelled	SPOkGoodGood	Alarm(_G_-ENTRY,compile_regex-64304)
213	0.698771	FalseGround	Unlabelled	SPOkGoodGood	Alarm(_G_-ENTRY,panic-63163)
214	0.697436	FalseGround	Unlabelled	SPOkGoodGood	Alarm(_G_-ENTRY,ck_strdup-63734)
215	0.686772	FalseGround	Unlabelled	SPOkGoodGood	Alarm(_G_-ENTRY,next_cmd_entry-66318)
216	0.686772	FalseGround	Unlabelled	SPOkGoodGood	Alarm(_G_-ENTRY,next_cmd_entry-66319)
217	0.686772	FalseGround	Unlabelled	SPOkGoodGood	Alarm(_G_-ENTRY,next_cmd_entry-66320)
218	0.686772	FalseGround	Unlabelled	SPOkGoodGood	Alarm(_G_-ENTRY,next_cmd_entry-66309)
219	0.686772	FalseGround	Unlabelled	SPOkGoodGood	Alarm(_G_-ENTRY,next_cmd_entry-66310)
220	0.686089	FalseGround	Unlabelled	SPOkGoodGood	Alarm(_G_-ENTRY,translate_mb-65620)
221	0.681025	FalseGround	Unlabelled	SPOkGoodGood	Alarm(_G_-ENTRY,do_list-65323)
222	0.681025	FalseGround	Unlabelled	SPOkGoodGood	Alarm(_G_-ENTRY,do_list-65324)
223	0.677685	FalseGround	Unlabelled	SPOkGoodGood	Alarm(_G_-ENTRY,compile_program-67639)
224	0.67541	FalseGround	Unlabelled	SPOkGoodGood	Alarm(_G_-ENTRY,setup_replacement-66881)
225	0.67541	FalseGround	Unlabelled	SPOkGoodGood	Alarm(_G_-ENTRY,setup_replacement-66882)
226	0.6561	FalseGround	Unlabelled	SPOkGoodGood	Alarm(_G_-ENTRY,ck_fclose-63419)
227	0.6561	FalseGround	Unlabelled	SPOkGoodGood	Alarm(_G_-ENTRY,ck_fclose-63423)
228	0.6561	FalseGround	Unlabelled	SPOkGoodGood	Alarm(_G_-ENTRY,compile_program-67692)
229	0.6561	FalseGround	Unlabelled	SPOkGoodGood	Alarm(_G_-ENTRY,dfaanalyze-52975)
230	0.6561	FalseGround	Unlabelled	SPOkGoodGood	Alarm(_G_-ENTRY,dfaanalyze-53002)
231	0.6561	FalseGround	Unlabelled	SPOkGoodGood	Alarm(_G_-ENTRY,dfaanalyze-53007)
232	0.6561	FalseGround	Unlabelled	SPOkGoodGood	Alarm(_G_-ENTRY,execute_program-65861)
233	0.6561	FalseGround	Unlabelled	SPOkGoodGood	Alarm(_G_-ENTRY,next_cmd_entry-66334)
234	0.6561	FalseGround	Unlabelled	SPOkGoodGood	Alarm(_G_-ENTRY,next_cmd_entry-66335)
235	0.6561	FalseGround	Unlabelled	SPOkGoodGood	Alarm(_G_-ENTRY,resize_buffer-63809)
236	0.6561	FalseGround	Unlabelled	SPOkGoodGood	Alarm(_G_-ENTRY,state_index-52650)
237	0.6561	FalseGround	Unlabelled	SPOkGoodGood	Alarm(_G_-ENTRY,state_index-52672)
238	0.6561	FalseGround	Unlabelled	SPOkGoodGood	Alarm(_G_-ENTRY,ck_fclose-63412)
239	0.6561	FalseGround	Unlabelled	SPOkGoodGood	Alarm(_G_-ENTRY,ck_fclose-63413)
240	0.6561	FalseGround	Unlabelled	SPOkGoodGood	Alarm(_G_-ENTRY,epsclosure-52722)
241	0.6561	FalseGround	Unlabelled	SPOkGoodGood	Alarm(_G_-ENTRY,epsclosure-52723)
242	0.6561	FalseGround	Unlabelled	SPOkGoodGood	Alarm(_G_-ENTRY,epsclosure-52750)
243	0.6561	FalseGround	Unlabelled	SPOkGoodGood	Alarm(_G_-ENTRY,epsclosure-52751)
244	0.6561	FalseGround	Unlabelled	SPOkGoodGood	Alarm(_G_-ENTRY,get_charset_aliases-33555)
245	0.6561	FalseGround	Unlabelled	SPOkGoodGood	Alarm(_G_-ENTRY,get_charset_aliases-33556)
246	0.6561	FalseGround	Unlabelled	SPOkGoodGood	Alarm(_G_-ENTRY,state_index-50823)
247	0.6561	FalseGround	Unlabelled	SPOkGoodGood	Alarm(_G_-ENTRY,state_index-50824)
248	0.6561	FalseGround	Unlabelled	SPOkGoodGood	Alarm(_G_-ENTRY,state_index-50827)
249	0.6561	FalseGround	Unlabelled	SPOkGoodGood	Alarm(_G_-ENTRY,state_index-50828)
250	0.643384	FalseGround	Unlabelled	SPOkGoodGood	Alarm(_G_-ENTRY,convert_number-66191)
251	0.643384	FalseGround	Unlabelled	SPOkGoodGood	Alarm(_G_-ENTRY,match_address_p-65300)
252	0.626839	FalseGround	Unlabelled	SPOkGoodGood	Alarm(_G_-ENTRY,release_append_queue-64890)
253	0.626839	FalseGround	Unlabelled	SPOkGoodGood	Alarm(_G_-ENTRY,release_append_queue-64891)
254	0.626839	FalseGround	Unlabelled	SPOkGoodGood	Alarm(_G_-ENTRY,release_append_queue-64887)
255	0.626839	FalseGround	Unlabelled	SPOkGoodGood	Alarm(_G_-ENTRY,release_append_queue-64888)
256	0.623777	FalseGround	Unlabelled	SPOkGoodGood	Alarm(_G_-ENTRY,finish_program-68664)
257	0.623777	FalseGround	Unlabelled	SPOkGoodGood	Alarm(_G_-ENTRY,finish_program-68668)
258	0.623151	FalseGround	Unlabelled	SPOkGoodGood	Alarm(_G_-ENTRY,locale_charset-33691)
259	0.623151	FalseGround	Unlabelled	SPOkGoodGood	Alarm(_G_-ENTRY,locale_charset-33692)
260	0.623151	FalseGround	Unlabelled	SPOkGoodGood	Alarm(_G_-ENTRY,locale_charset-33699)
261	0.623151	FalseGround	Unlabelled	SPOkGoodGood	Alarm(_G_-ENTRY,locale_charset-33700)
262	0.614194	FalseGround	Unlabelled	SPOkGoodGood	Alarm(_G_-ENTRY,follow_symlink-63611)
263	0.612405	FalseGround	Unlabelled	SPOkGoodGood	Alarm(_G_-ENTRY,compile_program-67443)
264	0.612405	FalseGround	Unlabelled	SPOkGoodGood	Alarm(_G_-ENTRY,compile_program-67444)
265	0.612405	FalseGround	Unlabelled	SPOkGoodGood	Alarm(_G_-ENTRY,compile_program-67456)
266	0.612405	FalseGround	Unlabelled	SPOkGoodGood	Alarm(_G_-ENTRY,compile_program-67463)
267	0.612405	FalseGround	Unlabelled	SPOkGoodGood	Alarm(_G_-ENTRY,compile_program-67471)
268	0.612405	FalseGround	Unlabelled	SPOkGoodGood	Alarm(_G_-ENTRY,compile_program-67511)
269	0.612405	FalseGround	Unlabelled	SPOkGoodGood	Alarm(_G_-ENTRY,compile_program-67512)
270	0.612405	FalseGround	Unlabelled	SPOkGoodGood	Alarm(_G_-ENTRY,compile_program-67538)
271	0.612405	FalseGround	Unlabelled	SPOkGoodGood	Alarm(_G_-ENTRY,compile_program-67539)
272	0.612405	FalseGround	Unlabelled	SPOkGoodGood	Alarm(_G_-ENTRY,compile_program-67150)
273	0.612405	FalseGround	Unlabelled	SPOkGoodGood	Alarm(_G_-ENTRY,compile_program-67151)
274	0.612405	FalseGround	Unlabelled	SPOkGoodGood	Alarm(_G_-ENTRY,compile_program-67152)
275	0.612405	FalseGround	Unlabelled	SPOkGoodGood	Alarm(_G_-ENTRY,compile_program-67153)
276	0.612405	FalseGround	Unlabelled	SPOkGoodGood	Alarm(_G_-ENTRY,compile_program-67366)
277	0.612405	FalseGround	Unlabelled	SPOkGoodGood	Alarm(_G_-ENTRY,compile_program-67367)
278	0.605611	FalseGround	Unlabelled	SPOkGoodGood	Alarm(_G_-ENTRY,enlist-61961)
279	0.59049	FalseGround	Unlabelled	SPOkGoodGood	Alarm(_G_-ENTRY,add1_buffer-63828)
280	0.59049	FalseGround	Unlabelled	SPOkGoodGood	Alarm(_G_-ENTRY,check_final_program-68609)
281	0.59049	FalseGround	Unlabelled	SPOkGoodGood	Alarm(_G_-ENTRY,compile_program-67478)
282	0.59049	FalseGround	Unlabelled	SPOkGoodGood	Alarm(_G_-ENTRY,compile_program-67528)
283	0.59049	FalseGround	Unlabelled	SPOkGoodGood	Alarm(_G_-ENTRY,compile_program-67530)
284	0.59049	FalseGround	Unlabelled	SPOkGoodGood	Alarm(_G_-ENTRY,compile_program-67579)
285	0.59049	FalseGround	Unlabelled	SPOkGoodGood	Alarm(_G_-ENTRY,compile_program-67585)
286	0.59049	FalseGround	Unlabelled	SPOkGoodGood	Alarm(_G_-ENTRY,compile_program-67700)
287	0.59049	FalseGround	Unlabelled	SPOkGoodGood	Alarm(_G_-ENTRY,delete-50804)
288	0.59049	FalseGround	Unlabelled	SPOkGoodGood	Alarm(_G_-ENTRY,dump_append_queue-64917)
289	0.59049	FalseGround	Unlabelled	SPOkGoodGood	Alarm(_G_-ENTRY,execute_program-65776)
290	0.59049	FalseGround	Unlabelled	SPOkGoodGood	Alarm(_G_-ENTRY,execute_program-65777)
291	0.59049	FalseGround	Unlabelled	SPOkGoodGood	Alarm(_G_-ENTRY,execute_program-65781)
292	0.59049	FalseGround	Unlabelled	SPOkGoodGood	Alarm(_G_-ENTRY,execute_program-65782)
293	0.59049	FalseGround	Unlabelled	SPOkGoodGood	Alarm(_G_-ENTRY,execute_program-65783)
294	0.59049	FalseGround	Unlabelled	SPOkGoodGood	Alarm(_G_-ENTRY,execute_program-65784)
295	0.59049	FalseGround	Unlabelled	SPOkGoodGood	Alarm(_G_-ENTRY,execute_program-65785)
296	0.59049	FalseGround	Unlabelled	SPOkGoodGood	Alarm(_G_-ENTRY,execute_program-65791)
297	0.59049	FalseGround	Unlabelled	SPOkGoodGood	Alarm(_G_-ENTRY,execute_program-65792)
298	0.59049	FalseGround	Unlabelled	SPOkGoodGood	Alarm(_G_-ENTRY,execute_program-65796)
299	0.59049	FalseGround	Unlabelled	SPOkGoodGood	Alarm(_G_-ENTRY,execute_program-65797)
300	0.59049	FalseGround	Unlabelled	SPOkGoodGood	Alarm(_G_-ENTRY,execute_program-65814)
301	0.59049	FalseGround	Unlabelled	SPOkGoodGood	Alarm(_G_-ENTRY,execute_program-65816)
302	0.59049	FalseGround	Unlabelled	SPOkGoodGood	Alarm(_G_-ENTRY,execute_program-65827)
303	0.59049	FalseGround	Unlabelled	SPOkGoodGood	Alarm(_G_-ENTRY,execute_program-65837)
304	0.59049	FalseGround	Unlabelled	SPOkGoodGood	Alarm(_G_-ENTRY,execute_program-65840)
305	0.59049	FalseGround	Unlabelled	SPOkGoodGood	Alarm(_G_-ENTRY,execute_program-65841)
306	0.59049	FalseGround	Unlabelled	SPOkGoodGood	Alarm(_G_-ENTRY,execute_program-65843)
307	0.59049	FalseGround	Unlabelled	SPOkGoodGood	Alarm(_G_-ENTRY,execute_program-65846)
308	0.59049	FalseGround	Unlabelled	SPOkGoodGood	Alarm(_G_-ENTRY,execute_program-65848)
309	0.59049	FalseGround	Unlabelled	SPOkGoodGood	Alarm(_G_-ENTRY,execute_program-65849)
310	0.59049	FalseGround	Unlabelled	SPOkGoodGood	Alarm(_G_-ENTRY,execute_program-65851)
311	0.59049	FalseGround	Unlabelled	SPOkGoodGood	Alarm(_G_-ENTRY,execute_program-65852)
312	0.59049	FalseGround	Unlabelled	SPOkGoodGood	Alarm(_G_-ENTRY,execute_program-65854)
313	0.59049	FalseGround	Unlabelled	SPOkGoodGood	Alarm(_G_-ENTRY,execute_program-65855)
314	0.59049	FalseGround	Unlabelled	SPOkGoodGood	Alarm(_G_-ENTRY,execute_program-65866)
315	0.59049	FalseGround	Unlabelled	SPOkGoodGood	Alarm(_G_-ENTRY,follow_symlink-63533)
316	0.59049	TrueGround	Unlabelled	SPOkGoodGood	Alarm(_G_-ENTRY,match_regex-64409)
317	0.59049	FalseGround	Unlabelled	SPOkGoodGood	Alarm(_G_-ENTRY,match_regex-64415)
318	0.59049	FalseGround	Unlabelled	SPOkGoodGood	Alarm(_G_-ENTRY,next_cmd_entry-66336)
319	0.59049	FalseGround	Unlabelled	SPOkGoodGood	Alarm(_G_-ENTRY,next_cmd_entry-66337)
320	0.59049	FalseGround	Unlabelled	SPOkGoodGood	Alarm(_G_-ENTRY,next_cmd_entry-66338)
321	0.59049	FalseGround	Unlabelled	SPOkGoodGood	Alarm(_G_-ENTRY,next_cmd_entry-66339)
322	0.59049	FalseGround	Unlabelled	SPOkGoodGood	Alarm(_G_-ENTRY,next_cmd_entry-66340)
323	0.59049	FalseGround	Unlabelled	SPOkGoodGood	Alarm(_G_-ENTRY,register_open_file-63216)
324	0.59049	FalseGround	Unlabelled	SPOkGoodGood	Alarm(_G_-ENTRY,register_open_file-63225)
325	0.59049	FalseGround	Unlabelled	SPOkGoodGood	Alarm(_G_-ENTRY,resize_buffer-63788)
326	0.59049	FalseGround	Unlabelled	SPOkGoodGood	Alarm(_G_-ENTRY,resize_buffer-63790)
327	0.59049	FalseGround	Unlabelled	SPOkGoodGood	Alarm(_G_-ENTRY,resize_buffer-63793)
328	0.59049	FalseGround	Unlabelled	SPOkGoodGood	Alarm(_G_-ENTRY,ck_fclose-63421)
329	0.59049	FalseGround	Unlabelled	SPOkGoodGood	Alarm(_G_-ENTRY,ck_fclose-63425)
330	0.59049	FalseGround	Unlabelled	SPOkGoodGood	Alarm(_G_-ENTRY,compile_program-67194)
331	0.59049	FalseGround	Unlabelled	SPOkGoodGood	Alarm(_G_-ENTRY,compile_program-67195)
332	0.59049	FalseGround	Unlabelled	SPOkGoodGood	Alarm(_G_-ENTRY,compile_program-67270)
333	0.59049	FalseGround	Unlabelled	SPOkGoodGood	Alarm(_G_-ENTRY,compile_program-67271)
334	0.59049	FalseGround	Unlabelled	SPOkGoodGood	Alarm(_G_-ENTRY,compile_program-67298)
335	0.59049	FalseGround	Unlabelled	SPOkGoodGood	Alarm(_G_-ENTRY,compile_program-67299)
336	0.59049	FalseGround	Unlabelled	SPOkGoodGood	Alarm(_G_-ENTRY,compile_program-67322)
337	0.59049	FalseGround	Unlabelled	SPOkGoodGood	Alarm(_G_-ENTRY,compile_program-67323)
338	0.59049	FalseGround	Unlabelled	SPOkGoodGood	Alarm(_G_-ENTRY,compile_program-67326)
339	0.59049	FalseGround	Unlabelled	SPOkGoodGood	Alarm(_G_-ENTRY,compile_program-67327)
340	0.59049	FalseGround	Unlabelled	SPOkGoodGood	Alarm(_G_-ENTRY,delete-50793)
341	0.59049	FalseGround	Unlabelled	SPOkGoodGood	Alarm(_G_-ENTRY,delete-50794)
342	0.59049	FalseGround	Unlabelled	SPOkGoodGood	Alarm(_G_-ENTRY,delete-50795)
343	0.59049	FalseGround	Unlabelled	SPOkGoodGood	Alarm(_G_-ENTRY,delete-50796)
344	0.59049	FalseGround	Unlabelled	SPOkGoodGood	Alarm(_G_-ENTRY,execute_program-65636)
345	0.59049	FalseGround	Unlabelled	SPOkGoodGood	Alarm(_G_-ENTRY,execute_program-65637)
346	0.59049	FalseGround	Unlabelled	SPOkGoodGood	Alarm(_G_-ENTRY,execute_program-65706)
347	0.59049	FalseGround	Unlabelled	SPOkGoodGood	Alarm(_G_-ENTRY,execute_program-65707)
348	0.59049	FalseGround	Unlabelled	SPOkGoodGood	Alarm(_G_-ENTRY,execute_program-65726)
349	0.59049	FalseGround	Unlabelled	SPOkGoodGood	Alarm(_G_-ENTRY,execute_program-65727)
350	0.59049	FalseGround	Unlabelled	SPOkGoodGood	Alarm(_G_-ENTRY,execute_program-65748)
351	0.59049	FalseGround	Unlabelled	SPOkGoodGood	Alarm(_G_-ENTRY,execute_program-65749)
352	0.59049	FalseGround	Unlabelled	SPOkGoodGood	Alarm(_G_-ENTRY,execute_program-65750)
353	0.59049	FalseGround	Unlabelled	SPOkGoodGood	Alarm(_G_-ENTRY,execute_program-65751)
354	0.59049	FalseGround	Unlabelled	SPOkGoodGood	Alarm(_G_-ENTRY,execute_program-65752)
355	0.59049	FalseGround	Unlabelled	SPOkGoodGood	Alarm(_G_-ENTRY,execute_program-65753)
356	0.59049	FalseGround	Unlabelled	SPOkGoodGood	Alarm(_G_-ENTRY,execute_program-65762)
357	0.59049	FalseGround	Unlabelled	SPOkGoodGood	Alarm(_G_-ENTRY,execute_program-65763)
358	0.59049	FalseGround	Unlabelled	SPOkGoodGood	Alarm(_G_-ENTRY,execute_program-65764)
359	0.59049	FalseGround	Unlabelled	SPOkGoodGood	Alarm(_G_-ENTRY,execute_program-65765)
360	0.59049	FalseGround	Unlabelled	SPOkGoodGood	Alarm(_G_-ENTRY,match_regex-64340)
361	0.59049	FalseGround	Unlabelled	SPOkGoodGood	Alarm(_G_-ENTRY,match_regex-64341)
362	0.59049	FalseGround	Unlabelled	SPOkGoodGood	Alarm(_G_-ENTRY,register_open_file-63208)
363	0.59049	FalseGround	Unlabelled	SPOkGoodGood	Alarm(_G_-ENTRY,register_open_file-63209)
364	0.59049	FalseGround	Unlabelled	SPOkGoodGood	Alarm(_G_-ENTRY,convert_number-66118)
365	0.59049	FalseGround	Unlabelled	SPOkGoodGood	Alarm(_G_-ENTRY,convert_number-66119)
366	0.59049	FalseGround	Unlabelled	SPOkGoodGood	Alarm(_G_-ENTRY,convert_number-66120)
367	0.59049	FalseGround	Unlabelled	SPOkGoodGood	Alarm(_G_-ENTRY,convert_number-66121)
368	0.59049	FalseGround	Unlabelled	SPOkGoodGood	Alarm(_G_-ENTRY,convert_number-66122)
369	0.59049	FalseGround	Unlabelled	SPOkGoodGood	Alarm(_G_-ENTRY,convert_number-66123)
370	0.59049	FalseGround	Unlabelled	SPOkGoodGood	Alarm(_G_-ENTRY,convert_number-66124)
371	0.59049	FalseGround	Unlabelled	SPOkGoodGood	Alarm(_G_-ENTRY,convert_number-66125)
372	0.59049	FalseGround	Unlabelled	SPOkGoodGood	Alarm(_G_-ENTRY,convert_number-66126)
373	0.59049	FalseGround	Unlabelled	SPOkGoodGood	Alarm(_G_-ENTRY,convert_number-66127)
374	0.59049	FalseGround	Unlabelled	SPOkGoodGood	Alarm(_G_-ENTRY,convert_number-66128)
375	0.59049	FalseGround	Unlabelled	SPOkGoodGood	Alarm(_G_-ENTRY,convert_number-66129)
376	0.59049	FalseGround	Unlabelled	SPOkGoodGood	Alarm(_G_-ENTRY,convert_number-66130)
377	0.59049	FalseGround	Unlabelled	SPOkGoodGood	Alarm(_G_-ENTRY,convert_number-66131)
378	0.59049	FalseGround	Unlabelled	SPOkGoodGood	Alarm(_G_-ENTRY,convert_number-66132)
379	0.59049	FalseGround	Unlabelled	SPOkGoodGood	Alarm(_G_-ENTRY,convert_number-66133)
380	0.59049	FalseGround	Unlabelled	SPOkGoodGood	Alarm(_G_-ENTRY,convert_number-66134)
381	0.59049	FalseGround	Unlabelled	SPOkGoodGood	Alarm(_G_-ENTRY,convert_number-66135)
382	0.59049	FalseGround	Unlabelled	SPOkGoodGood	Alarm(_G_-ENTRY,convert_number-66136)
383	0.59049	FalseGround	Unlabelled	SPOkGoodGood	Alarm(_G_-ENTRY,convert_number-66137)
384	0.59049	FalseGround	Unlabelled	SPOkGoodGood	Alarm(_G_-ENTRY,convert_number-66138)
385	0.59049	FalseGround	Unlabelled	SPOkGoodGood	Alarm(_G_-ENTRY,convert_number-66139)
386	0.59049	FalseGround	Unlabelled	SPOkGoodGood	Alarm(_G_-ENTRY,convert_number-66140)
387	0.59049	FalseGround	Unlabelled	SPOkGoodGood	Alarm(_G_-ENTRY,convert_number-66141)
388	0.59049	FalseGround	Unlabelled	SPOkGoodGood	Alarm(_G_-ENTRY,convert_number-66142)
389	0.59049	FalseGround	Unlabelled	SPOkGoodGood	Alarm(_G_-ENTRY,convert_number-66143)
390	0.59049	FalseGround	Unlabelled	SPOkGoodGood	Alarm(_G_-ENTRY,convert_number-66144)
391	0.59049	FalseGround	Unlabelled	SPOkGoodGood	Alarm(_G_-ENTRY,convert_number-66145)
392	0.59049	FalseGround	Unlabelled	SPOkGoodGood	Alarm(_G_-ENTRY,convert_number-66146)
393	0.59049	FalseGround	Unlabelled	SPOkGoodGood	Alarm(_G_-ENTRY,convert_number-66147)
394	0.59049	FalseGround	Unlabelled	SPOkGoodGood	Alarm(_G_-ENTRY,convert_number-66148)
395	0.59049	FalseGround	Unlabelled	SPOkGoodGood	Alarm(_G_-ENTRY,convert_number-66149)
396	0.59049	FalseGround	Unlabelled	SPOkGoodGood	Alarm(_G_-ENTRY,convert_number-66150)
397	0.59049	FalseGround	Unlabelled	SPOkGoodGood	Alarm(_G_-ENTRY,convert_number-66151)
398	0.59049	FalseGround	Unlabelled	SPOkGoodGood	Alarm(_G_-ENTRY,convert_number-66152)
399	0.59049	FalseGround	Unlabelled	SPOkGoodGood	Alarm(_G_-ENTRY,convert_number-66153)
400	0.59049	FalseGround	Unlabelled	SPOkGoodGood	Alarm(_G_-ENTRY,convert_number-66154)
401	0.59049	FalseGround	Unlabelled	SPOkGoodGood	Alarm(_G_-ENTRY,convert_number-66155)
402	0.59049	FalseGround	Unlabelled	SPOkGoodGood	Alarm(_G_-ENTRY,convert_number-66156)
403	0.59049	FalseGround	Unlabelled	SPOkGoodGood	Alarm(_G_-ENTRY,convert_number-66157)
404	0.59049	FalseGround	Unlabelled	SPOkGoodGood	Alarm(_G_-ENTRY,convert_number-66158)
405	0.59049	FalseGround	Unlabelled	SPOkGoodGood	Alarm(_G_-ENTRY,convert_number-66159)
406	0.59049	FalseGround	Unlabelled	SPOkGoodGood	Alarm(_G_-ENTRY,convert_number-66160)
407	0.59049	FalseGround	Unlabelled	SPOkGoodGood	Alarm(_G_-ENTRY,convert_number-66161)
408	0.59049	FalseGround	Unlabelled	SPOkGoodGood	Alarm(_G_-ENTRY,dfaanalyze-52857)
409	0.59049	FalseGround	Unlabelled	SPOkGoodGood	Alarm(_G_-ENTRY,dfaanalyze-52858)
410	0.587538	FalseGround	Unlabelled	SPOkGoodGood	Alarm(_G_-ENTRY,normalize_text-68439)
411	0.587538	FalseGround	Unlabelled	SPOkGoodGood	Alarm(_G_-ENTRY,normalize_text-68443)
412	0.587538	FalseGround	Unlabelled	SPOkGoodGood	Alarm(_G_-ENTRY,normalize_text-68447)
413	0.587538	FalseGround	Unlabelled	SPOkGoodGood	Alarm(_G_-ENTRY,normalize_text-68451)
414	0.587538	FalseGround	Unlabelled	SPOkGoodGood	Alarm(_G_-ENTRY,normalize_text-68455)
415	0.587538	FalseGround	Unlabelled	SPOkGoodGood	Alarm(_G_-ENTRY,normalize_text-68459)
416	0.587538	FalseGround	Unlabelled	SPOkGoodGood	Alarm(_G_-ENTRY,normalize_text-68467)
417	0.587538	FalseGround	Unlabelled	SPOkGoodGood	Alarm(_G_-ENTRY,normalize_text-68474)
418	0.587538	FalseGround	Unlabelled	SPOkGoodGood	Alarm(_G_-ENTRY,normalize_text-68481)
419	0.587538	FalseGround	Unlabelled	SPOkGoodGood	Alarm(_G_-ENTRY,normalize_text-68484)
420	0.587538	FalseGround	Unlabelled	SPOkGoodGood	Alarm(_G_-ENTRY,normalize_text-68357)
421	0.587538	FalseGround	Unlabelled	SPOkGoodGood	Alarm(_G_-ENTRY,normalize_text-68358)
422	0.587538	FalseGround	Unlabelled	SPOkGoodGood	Alarm(_G_-ENTRY,normalize_text-68359)
423	0.587538	FalseGround	Unlabelled	SPOkGoodGood	Alarm(_G_-ENTRY,normalize_text-68360)
424	0.587538	FalseGround	Unlabelled	SPOkGoodGood	Alarm(_G_-ENTRY,normalize_text-68361)
425	0.587538	FalseGround	Unlabelled	SPOkGoodGood	Alarm(_G_-ENTRY,normalize_text-68362)
426	0.587538	FalseGround	Unlabelled	SPOkGoodGood	Alarm(_G_-ENTRY,normalize_text-68363)
427	0.587538	FalseGround	Unlabelled	SPOkGoodGood	Alarm(_G_-ENTRY,normalize_text-68364)
428	0.587538	FalseGround	Unlabelled	SPOkGoodGood	Alarm(_G_-ENTRY,normalize_text-68365)
429	0.587538	FalseGround	Unlabelled	SPOkGoodGood	Alarm(_G_-ENTRY,normalize_text-68366)
430	0.587538	FalseGround	Unlabelled	SPOkGoodGood	Alarm(_G_-ENTRY,normalize_text-68367)
431	0.587538	FalseGround	Unlabelled	SPOkGoodGood	Alarm(_G_-ENTRY,normalize_text-68368)
432	0.587538	FalseGround	Unlabelled	SPOkGoodGood	Alarm(_G_-ENTRY,normalize_text-68369)
433	0.587538	FalseGround	Unlabelled	SPOkGoodGood	Alarm(_G_-ENTRY,normalize_text-68370)
434	0.587538	FalseGround	Unlabelled	SPOkGoodGood	Alarm(_G_-ENTRY,normalize_text-68371)
435	0.587538	FalseGround	Unlabelled	SPOkGoodGood	Alarm(_G_-ENTRY,normalize_text-68372)
436	0.587538	FalseGround	Unlabelled	SPOkGoodGood	Alarm(_G_-ENTRY,normalize_text-68373)
437	0.587538	FalseGround	Unlabelled	SPOkGoodGood	Alarm(_G_-ENTRY,normalize_text-68374)
438	0.587538	FalseGround	Unlabelled	SPOkGoodGood	Alarm(_G_-ENTRY,normalize_text-68375)
439	0.587538	FalseGround	Unlabelled	SPOkGoodGood	Alarm(_G_-ENTRY,normalize_text-68376)
440	0.587538	FalseGround	Unlabelled	SPOkGoodGood	Alarm(_G_-ENTRY,normalize_text-68377)
441	0.587538	FalseGround	Unlabelled	SPOkGoodGood	Alarm(_G_-ENTRY,normalize_text-68378)
442	0.587538	FalseGround	Unlabelled	SPOkGoodGood	Alarm(_G_-ENTRY,normalize_text-68397)
443	0.587538	FalseGround	Unlabelled	SPOkGoodGood	Alarm(_G_-ENTRY,normalize_text-68398)
444	0.587538	FalseGround	Unlabelled	SPOkGoodGood	Alarm(_G_-ENTRY,normalize_text-68399)
445	0.587538	FalseGround	Unlabelled	SPOkGoodGood	Alarm(_G_-ENTRY,normalize_text-68400)
446	0.587538	FalseGround	Unlabelled	SPOkGoodGood	Alarm(_G_-ENTRY,normalize_text-68401)
447	0.587538	FalseGround	Unlabelled	SPOkGoodGood	Alarm(_G_-ENTRY,normalize_text-68402)
448	0.587538	FalseGround	Unlabelled	SPOkGoodGood	Alarm(_G_-ENTRY,normalize_text-68403)
449	0.587538	FalseGround	Unlabelled	SPOkGoodGood	Alarm(_G_-ENTRY,normalize_text-68404)
450	0.587538	FalseGround	Unlabelled	SPOkGoodGood	Alarm(_G_-ENTRY,normalize_text-68405)
451	0.587538	FalseGround	Unlabelled	SPOkGoodGood	Alarm(_G_-ENTRY,normalize_text-68406)
452	0.579045	FalseGround	Unlabelled	SPOkGoodGood	Alarm(_G_-ENTRY,setup_replacement-66949)
453	0.574138	FalseGround	Unlabelled	SPOkGoodGood	Alarm(_G_-ENTRY,normalize_text-68433)
454	0.570996	FalseGround	Unlabelled	SPOkGoodGood	Alarm(_G_-ENTRY,get_backup_file_name-64956)
455	0.566004	FalseGround	Unlabelled	SPOkGoodGood	Alarm(_G_-ENTRY,init_buffer-63772)
456	0.56083	FalseGround	Unlabelled	SPOkGoodGood	Alarm(_G_-ENTRY,clrbit-33831)
457	0.555779	FalseGround	Unlabelled	SPOkGoodGood	Alarm(_G_-ENTRY,match_an_address_p-65234)
458	0.555779	FalseGround	Unlabelled	SPOkGoodGood	Alarm(_G_-ENTRY,match_an_address_p-65235)
459	0.555779	FalseGround	Unlabelled	SPOkGoodGood	Alarm(_G_-ENTRY,match_an_address_p-65236)
460	0.555779	FalseGround	Unlabelled	SPOkGoodGood	Alarm(_G_-ENTRY,match_an_address_p-65237)
461	0.555779	FalseGround	Unlabelled	SPOkGoodGood	Alarm(_G_-ENTRY,match_an_address_p-65238)
462	0.555779	FalseGround	Unlabelled	SPOkGoodGood	Alarm(_G_-ENTRY,match_an_address_p-65239)
463	0.555779	FalseGround	Unlabelled	SPOkGoodGood	Alarm(_G_-ENTRY,match_an_address_p-65240)
464	0.555779	FalseGround	Unlabelled	SPOkGoodGood	Alarm(_G_-ENTRY,match_an_address_p-65241)
465	0.555779	FalseGround	Unlabelled	SPOkGoodGood	Alarm(_G_-ENTRY,match_an_address_p-65242)
466	0.555779	FalseGround	Unlabelled	SPOkGoodGood	Alarm(_G_-ENTRY,match_an_address_p-65243)
467	0.555779	FalseGround	Unlabelled	SPOkGoodGood	Alarm(_G_-ENTRY,match_an_address_p-65244)
468	0.555779	FalseGround	Unlabelled	SPOkGoodGood	Alarm(_G_-ENTRY,match_an_address_p-65245)
469	0.555779	FalseGround	Unlabelled	SPOkGoodGood	Alarm(_G_-ENTRY,match_an_address_p-65246)
470	0.555779	FalseGround	Unlabelled	SPOkGoodGood	Alarm(_G_-ENTRY,match_an_address_p-65247)
471	0.554599	FalseGround	Unlabelled	SPOkGoodGood	Alarm(_G_-ENTRY,quotearg_buffer_restyled-32641)
472	0.554599	FalseGround	Unlabelled	SPOkGoodGood	Alarm(_G_-ENTRY,quotearg_buffer_restyled-32652)
473	0.554599	FalseGround	Unlabelled	SPOkGoodGood	Alarm(_G_-ENTRY,quotearg_buffer_restyled-32668)
474	0.554599	FalseGround	Unlabelled	SPOkGoodGood	Alarm(_G_-ENTRY,quotearg_buffer_restyled-32687)
475	0.554599	FalseGround	Unlabelled	SPOkGoodGood	Alarm(_G_-ENTRY,quotearg_buffer_restyled-32748)
476	0.542072	FalseGround	Unlabelled	SPOkGoodGood	Alarm(_G_-ENTRY,next_append_slot-64879)
477	0.537607	FalseGround	Unlabelled	SPOkGoodGood	Alarm(_G_-ENTRY,next_append_slot-64876)
478	0.537607	FalseGround	Unlabelled	SPOkGoodGood	Alarm(_G_-ENTRY,next_append_slot-64877)
479	0.537607	FalseGround	Unlabelled	SPOkGoodGood	Alarm(_G_-ENTRY,next_append_slot-64880)
480	0.537147	FalseGround	Unlabelled	SPOkGoodGood	Alarm(_G_-ENTRY,compile_program-67664)
481	0.537147	FalseGround	Unlabelled	SPOkGoodGood	Alarm(_G_-ENTRY,compile_program-67665)
482	0.531441	FalseGround	Unlabelled	SPOkGoodGood	Alarm(_G_-ENTRY,dfamust-62491)
483	0.531441	FalseGround	Unlabelled	SPOkGoodGood	Alarm(_G_-ENTRY,dfamust-62499)
484	0.531441	FalseGround	Unlabelled	SPOkGoodGood	Alarm(_G_-ENTRY,dfamust-62501)
485	0.531441	FalseGround	Unlabelled	SPOkGoodGood	Alarm(_G_-ENTRY,dfamust-62510)
486	0.531441	FalseGround	Unlabelled	SPOkGoodGood	Alarm(_G_-ENTRY,dfamust-62512)
487	0.531441	FalseGround	Unlabelled	SPOkGoodGood	Alarm(_G_-ENTRY,dfamust-62533)
488	0.531441	FalseGround	Unlabelled	SPOkGoodGood	Alarm(_G_-ENTRY,dfamust-62534)
489	0.531441	FalseGround	Unlabelled	SPOkGoodGood	Alarm(_G_-ENTRY,dfamust-62551)
490	0.531441	FalseGround	Unlabelled	SPOkGoodGood	Alarm(_G_-ENTRY,dfamust-62569)
491	0.531441	FalseGround	Unlabelled	SPOkGoodGood	Alarm(_G_-ENTRY,dfamust-62586)
492	0.531441	FalseGround	Unlabelled	SPOkGoodGood	Alarm(_G_-ENTRY,dfamust-62604)
493	0.531441	FalseGround	Unlabelled	SPOkGoodGood	Alarm(_G_-ENTRY,dfamust-62798)
494	0.531441	FalseGround	Unlabelled	SPOkGoodGood	Alarm(_G_-ENTRY,dfamust-62800)
495	0.531441	FalseGround	Unlabelled	SPOkGoodGood	Alarm(_G_-ENTRY,dfamust-62801)
496	0.531441	FalseGround	Unlabelled	SPOkGoodGood	Alarm(_G_-ENTRY,dfamust-62806)
497	0.531441	FalseGround	Unlabelled	SPOkGoodGood	Alarm(_G_-ENTRY,dfamust-62807)
498	0.531441	FalseGround	Unlabelled	SPOkGoodGood	Alarm(_G_-ENTRY,get_charset_aliases-33611)
499	0.531441	FalseGround	Unlabelled	SPOkGoodGood	Alarm(_G_-ENTRY,add1_buffer-63827)
500	0.531441	FalseGround	Unlabelled	SPOkGoodGood	Alarm(_G_-ENTRY,add1_buffer-63829)
501	0.531441	FalseGround	Unlabelled	SPOkGoodGood	Alarm(_G_-ENTRY,add1_buffer-63831)
502	0.531441	FalseGround	Unlabelled	SPOkGoodGood	Alarm(_G_-ENTRY,check_final_program-68594)
503	0.531441	FalseGround	Unlabelled	SPOkGoodGood	Alarm(_G_-ENTRY,check_final_program-68605)
504	0.531441	FalseGround	Unlabelled	SPOkGoodGood	Alarm(_G_-ENTRY,check_final_program-68606)
505	0.531441	FalseGround	Unlabelled	SPOkGoodGood	Alarm(_G_-ENTRY,check_final_program-68607)
506	0.531441	FalseGround	Unlabelled	SPOkGoodGood	Alarm(_G_-ENTRY,check_final_program-68610)
507	0.531441	FalseGround	Unlabelled	SPOkGoodGood	Alarm(_G_-ENTRY,check_final_program-68617)
508	0.531441	FalseGround	Unlabelled	SPOkGoodGood	Alarm(_G_-ENTRY,check_final_program-68618)
509	0.531441	FalseGround	Unlabelled	SPOkGoodGood	Alarm(_G_-ENTRY,check_final_program-68619)
510	0.531441	FalseGround	Unlabelled	SPOkGoodGood	Alarm(_G_-ENTRY,check_final_program-68621)
511	0.531441	FalseGround	Unlabelled	SPOkGoodGood	Alarm(_G_-ENTRY,check_final_program-68622)
512	0.531441	FalseGround	Unlabelled	SPOkGoodGood	Alarm(_G_-ENTRY,check_final_program-68623)
513	0.531441	FalseGround	Unlabelled	SPOkGoodGood	Alarm(_G_-ENTRY,delete-50799)
514	0.531441	FalseGround	Unlabelled	SPOkGoodGood	Alarm(_G_-ENTRY,delete-50806)
515	0.531441	FalseGround	Unlabelled	SPOkGoodGood	Alarm(_G_-ENTRY,delete-50808)
516	0.531441	FalseGround	Unlabelled	SPOkGoodGood	Alarm(_G_-ENTRY,finish_program-68663)
517	0.531441	FalseGround	Unlabelled	SPOkGoodGood	Alarm(_G_-ENTRY,finish_program-68667)
518	0.531441	FalseGround	Unlabelled	SPOkGoodGood	Alarm(_G_-ENTRY,get_openfile-66266)
519	0.531441	FalseGround	Unlabelled	SPOkGoodGood	Alarm(_G_-ENTRY,get_openfile-66267)
520	0.531441	FalseGround	Unlabelled	SPOkGoodGood	Alarm(_G_-ENTRY,line_copy-64791)
521	0.531441	FalseGround	Unlabelled	SPOkGoodGood	Alarm(_G_-ENTRY,merge_constrained-50748)
522	0.531441	FalseGround	Unlabelled	SPOkGoodGood	Alarm(_G_-ENTRY,resize_line-64533)
523	0.531441	FalseGround	Unlabelled	SPOkGoodGood	Alarm(_G_-ENTRY,setup_label-66829)
524	0.531441	FalseGround	Unlabelled	SPOkGoodGood	Alarm(_G_-ENTRY,setup_label-66830)
525	0.531441	FalseGround	Unlabelled	SPOkGoodGood	Alarm(_G_-ENTRY,setup_label-66831)
526	0.531441	FalseGround	Unlabelled	SPOkGoodGood	Alarm(_G_-ENTRY,setup_label-66832)
527	0.531441	FalseGround	Unlabelled	SPOkGoodGood	Alarm(_G_-ENTRY,add1_buffer-63825)
528	0.531441	FalseGround	Unlabelled	SPOkGoodGood	Alarm(_G_-ENTRY,add1_buffer-63826)
529	0.531441	FalseGround	Unlabelled	SPOkGoodGood	Alarm(_G_-ENTRY,check_final_program-68582)
530	0.531441	FalseGround	Unlabelled	SPOkGoodGood	Alarm(_G_-ENTRY,check_final_program-68583)
531	0.531441	FalseGround	Unlabelled	SPOkGoodGood	Alarm(_G_-ENTRY,check_final_program-68588)
532	0.531441	FalseGround	Unlabelled	SPOkGoodGood	Alarm(_G_-ENTRY,check_final_program-68589)
533	0.531441	FalseGround	Unlabelled	SPOkGoodGood	Alarm(_G_-ENTRY,check_final_program-68592)
534	0.531441	FalseGround	Unlabelled	SPOkGoodGood	Alarm(_G_-ENTRY,check_final_program-68593)
535	0.531441	FalseGround	Unlabelled	SPOkGoodGood	Alarm(_G_-ENTRY,finish_program-68656)
536	0.531441	FalseGround	Unlabelled	SPOkGoodGood	Alarm(_G_-ENTRY,finish_program-68657)
537	0.531441	FalseGround	Unlabelled	SPOkGoodGood	Alarm(_G_-ENTRY,finish_program-68660)
538	0.531441	FalseGround	Unlabelled	SPOkGoodGood	Alarm(_G_-ENTRY,finish_program-68661)
539	0.530802	FalseGround	Unlabelled	SPOkGoodGood	Alarm(_G_-ENTRY,match_regex-64453)
540	0.509404	FalseGround	Unlabelled	SPOkGoodGood	Alarm(_G_-ENTRY,panic-63154)
541	0.509404	FalseGround	Unlabelled	SPOkGoodGood	Alarm(_G_-ENTRY,panic-63157)
542	0.509404	FalseGround	Unlabelled	SPOkGoodGood	Alarm(_G_-ENTRY,panic-63162)
543	0.499758	FalseGround	Unlabelled	SPOkGoodGood	Alarm(_G_-ENTRY,get_charset_aliases-33610)
544	0.496467	FalseGround	Unlabelled	SPOkGoodGood	Alarm(_G_-ENTRY,do_list-65319)
545	0.496467	FalseGround	Unlabelled	SPOkGoodGood	Alarm(_G_-ENTRY,do_list-65320)
546	0.496467	FalseGround	Unlabelled	SPOkGoodGood	Alarm(_G_-ENTRY,do_list-65321)
547	0.496467	FalseGround	Unlabelled	SPOkGoodGood	Alarm(_G_-ENTRY,do_list-65322)
548	0.496467	FalseGround	Unlabelled	SPOkGoodGood	Alarm(_G_-ENTRY,do_list-65325)
549	0.496467	FalseGround	Unlabelled	SPOkGoodGood	Alarm(_G_-ENTRY,do_list-65326)
550	0.496467	FalseGround	Unlabelled	SPOkGoodGood	Alarm(_G_-ENTRY,do_list-65327)
551	0.496467	FalseGround	Unlabelled	SPOkGoodGood	Alarm(_G_-ENTRY,do_list-65328)
552	0.496467	FalseGround	Unlabelled	SPOkGoodGood	Alarm(_G_-ENTRY,do_list-65329)
553	0.496467	FalseGround	Unlabelled	SPOkGoodGood	Alarm(_G_-ENTRY,do_list-65330)
554	0.496467	FalseGround	Unlabelled	SPOkGoodGood	Alarm(_G_-ENTRY,do_list-65331)
555	0.496467	FalseGround	Unlabelled	SPOkGoodGood	Alarm(_G_-ENTRY,do_list-65332)
556	0.496467	FalseGround	Unlabelled	SPOkGoodGood	Alarm(_G_-ENTRY,do_list-65333)
557	0.496467	FalseGround	Unlabelled	SPOkGoodGood	Alarm(_G_-ENTRY,do_list-65334)
558	0.496467	FalseGround	Unlabelled	SPOkGoodGood	Alarm(_G_-ENTRY,do_list-65335)
559	0.496467	FalseGround	Unlabelled	SPOkGoodGood	Alarm(_G_-ENTRY,do_list-65336)
560	0.496467	FalseGround	Unlabelled	SPOkGoodGood	Alarm(_G_-ENTRY,do_list-65337)
561	0.496467	FalseGround	Unlabelled	SPOkGoodGood	Alarm(_G_-ENTRY,do_list-65338)
562	0.494032	FalseGround	Unlabelled	SPOkGoodGood	Alarm(_G_-ENTRY,compile_program-67648)
563	0.478297	FalseGround	Unlabelled	SPOkGoodGood	Alarm(_G_-ENTRY,get_charset_aliases-33639)
564	0.478297	FalseGround	Unlabelled	SPOkGoodGood	Alarm(_G_-ENTRY,get_backup_file_name-64951)
565	0.478297	FalseGround	Unlabelled	SPOkGoodGood	Alarm(_G_-ENTRY,get_backup_file_name-64953)
566	0.478297	FalseGround	Unlabelled	SPOkGoodGood	Alarm(_G_-ENTRY,match_address_p-62141)
567	0.478297	FalseGround	Unlabelled	SPOkGoodGood	Alarm(_G_-ENTRY,match_address_p-65298)
568	0.478297	FalseGround	Unlabelled	SPOkGoodGood	Alarm(_G_-ENTRY,match_address_p-65299)
569	0.478297	FalseGround	Unlabelled	SPOkGoodGood	Alarm(_G_-ENTRY,match_address_p-65308)
570	0.478297	FalseGround	Unlabelled	SPOkGoodGood	Alarm(_G_-ENTRY,match_address_p-65309)
571	0.478297	FalseGround	Unlabelled	SPOkGoodGood	Alarm(_G_-ENTRY,match_address_p-65310)
572	0.478297	FalseGround	Unlabelled	SPOkGoodGood	Alarm(_G_-ENTRY,reset_addresses-65134)
573	0.478297	FalseGround	Unlabelled	SPOkGoodGood	Alarm(_G_-ENTRY,reset_addresses-65135)
574	0.478297	FalseGround	Unlabelled	SPOkGoodGood	Alarm(_G_-ENTRY,reset_addresses-65138)
575	0.478297	FalseGround	Unlabelled	SPOkGoodGood	Alarm(_G_-ENTRY,reset_addresses-65139)
576	0.478297	FalseGround	Unlabelled	SPOkGoodGood	Alarm(_G_-ENTRY,reset_addresses-65140)
577	0.478297	FalseGround	Unlabelled	SPOkGoodGood	Alarm(_G_-ENTRY,reset_addresses-65141)
578	0.478297	FalseGround	Unlabelled	SPOkGoodGood	Alarm(_G_-ENTRY,rewind_read_files-68651)
579	0.478297	FalseGround	Unlabelled	SPOkGoodGood	Alarm(_G_-ENTRY,rewind_read_files-68652)
580	0.478297	FalseGround	Unlabelled	SPOkGoodGood	Alarm(_G_-ENTRY,utils_fp_name-63193)
581	0.478297	FalseGround	Unlabelled	SPOkGoodGood	Alarm(_G_-ENTRY,match_address_p-65264)
582	0.478297	FalseGround	Unlabelled	SPOkGoodGood	Alarm(_G_-ENTRY,match_address_p-65265)
583	0.478297	FalseGround	Unlabelled	SPOkGoodGood	Alarm(_G_-ENTRY,match_address_p-65266)
584	0.478297	FalseGround	Unlabelled	SPOkGoodGood	Alarm(_G_-ENTRY,match_address_p-65267)
585	0.478297	FalseGround	Unlabelled	SPOkGoodGood	Alarm(_G_-ENTRY,match_address_p-65268)
586	0.478297	FalseGround	Unlabelled	SPOkGoodGood	Alarm(_G_-ENTRY,match_address_p-65269)
587	0.478297	FalseGround	Unlabelled	SPOkGoodGood	Alarm(_G_-ENTRY,match_address_p-65270)
588	0.478297	FalseGround	Unlabelled	SPOkGoodGood	Alarm(_G_-ENTRY,match_address_p-65271)
589	0.478297	FalseGround	Unlabelled	SPOkGoodGood	Alarm(_G_-ENTRY,match_address_p-65272)
590	0.478297	FalseGround	Unlabelled	SPOkGoodGood	Alarm(_G_-ENTRY,match_address_p-65273)
591	0.478297	FalseGround	Unlabelled	SPOkGoodGood	Alarm(_G_-ENTRY,match_address_p-65274)
592	0.478297	FalseGround	Unlabelled	SPOkGoodGood	Alarm(_G_-ENTRY,match_address_p-65275)
593	0.478297	FalseGround	Unlabelled	SPOkGoodGood	Alarm(_G_-ENTRY,match_address_p-65288)
594	0.478297	FalseGround	Unlabelled	SPOkGoodGood	Alarm(_G_-ENTRY,match_address_p-65289)
595	0.478297	FalseGround	Unlabelled	SPOkGoodGood	Alarm(_G_-ENTRY,match_address_p-65292)
596	0.478297	FalseGround	Unlabelled	SPOkGoodGood	Alarm(_G_-ENTRY,match_address_p-65293)
597	0.478297	FalseGround	Unlabelled	SPOkGoodGood	Alarm(_G_-ENTRY,match_address_p-65294)
598	0.478297	FalseGround	Unlabelled	SPOkGoodGood	Alarm(_G_-ENTRY,match_address_p-65295)
599	0.478297	FalseGround	Unlabelled	SPOkGoodGood	Alarm(_G_-ENTRY,reset_addresses-65128)
600	0.478297	FalseGround	Unlabelled	SPOkGoodGood	Alarm(_G_-ENTRY,reset_addresses-65129)
601	0.478297	FalseGround	Unlabelled	SPOkGoodGood	Alarm(_G_-ENTRY,reset_addresses-65130)
602	0.478297	FalseGround	Unlabelled	SPOkGoodGood	Alarm(_G_-ENTRY,reset_addresses-65131)
603	0.478297	FalseGround	Unlabelled	SPOkGoodGood	Alarm(_G_-ENTRY,reset_addresses-65132)
604	0.478297	FalseGround	Unlabelled	SPOkGoodGood	Alarm(_G_-ENTRY,reset_addresses-65133)
605	0.478297	FalseGround	Unlabelled	SPOkGoodGood	Alarm(_G_-ENTRY,rewind_read_files-68648)
606	0.478297	FalseGround	Unlabelled	SPOkGoodGood	Alarm(_G_-ENTRY,rewind_read_files-68649)
607	0.454277	FalseGround	Unlabelled	SPOkGoodGood	Alarm(_G_-ENTRY,locale_charset-33695)
608	0.454277	FalseGround	Unlabelled	SPOkGoodGood	Alarm(_G_-ENTRY,locale_charset-33696)
609	0.454277	FalseGround	Unlabelled	SPOkGoodGood	Alarm(_G_-ENTRY,locale_charset-33697)
610	0.454277	FalseGround	Unlabelled	SPOkGoodGood	Alarm(_G_-ENTRY,locale_charset-33698)
611	0.449225	FalseGround	Unlabelled	SPOkGoodGood	Alarm(_G_-ENTRY,quotearg_buffer_restyled-32363)
612	0.449225	FalseGround	Unlabelled	SPOkGoodGood	Alarm(_G_-ENTRY,quotearg_buffer_restyled-32364)
613	0.449225	FalseGround	Unlabelled	SPOkGoodGood	Alarm(_G_-ENTRY,quotearg_buffer_restyled-32365)
614	0.449225	FalseGround	Unlabelled	SPOkGoodGood	Alarm(_G_-ENTRY,quotearg_buffer_restyled-32366)
615	0.449225	FalseGround	Unlabelled	SPOkGoodGood	Alarm(_G_-ENTRY,quotearg_buffer_restyled-32383)
616	0.449225	FalseGround	Unlabelled	SPOkGoodGood	Alarm(_G_-ENTRY,quotearg_buffer_restyled-32384)
617	0.449225	FalseGround	Unlabelled	SPOkGoodGood	Alarm(_G_-ENTRY,quotearg_buffer_restyled-32385)
618	0.449225	FalseGround	Unlabelled	SPOkGoodGood	Alarm(_G_-ENTRY,quotearg_buffer_restyled-32386)
619	0.449225	FalseGround	Unlabelled	SPOkGoodGood	Alarm(_G_-ENTRY,quotearg_buffer_restyled-32387)
620	0.449225	FalseGround	Unlabelled	SPOkGoodGood	Alarm(_G_-ENTRY,quotearg_buffer_restyled-32388)
621	0.449225	FalseGround	Unlabelled	SPOkGoodGood	Alarm(_G_-ENTRY,quotearg_buffer_restyled-32389)
622	0.449225	FalseGround	Unlabelled	SPOkGoodGood	Alarm(_G_-ENTRY,quotearg_buffer_restyled-32390)
623	0.449225	FalseGround	Unlabelled	SPOkGoodGood	Alarm(_G_-ENTRY,quotearg_buffer_restyled-32391)
624	0.449225	FalseGround	Unlabelled	SPOkGoodGood	Alarm(_G_-ENTRY,quotearg_buffer_restyled-32392)
625	0.449225	FalseGround	Unlabelled	SPOkGoodGood	Alarm(_G_-ENTRY,quotearg_buffer_restyled-32393)
626	0.449225	FalseGround	Unlabelled	SPOkGoodGood	Alarm(_G_-ENTRY,quotearg_buffer_restyled-32394)
627	0.449225	FalseGround	Unlabelled	SPOkGoodGood	Alarm(_G_-ENTRY,quotearg_buffer_restyled-32395)
628	0.449225	FalseGround	Unlabelled	SPOkGoodGood	Alarm(_G_-ENTRY,quotearg_buffer_restyled-32396)
629	0.449225	FalseGround	Unlabelled	SPOkGoodGood	Alarm(_G_-ENTRY,quotearg_buffer_restyled-32397)
630	0.449225	FalseGround	Unlabelled	SPOkGoodGood	Alarm(_G_-ENTRY,quotearg_buffer_restyled-32398)
631	0.449225	FalseGround	Unlabelled	SPOkGoodGood	Alarm(_G_-ENTRY,quotearg_buffer_restyled-32399)
632	0.449225	FalseGround	Unlabelled	SPOkGoodGood	Alarm(_G_-ENTRY,quotearg_buffer_restyled-32400)
633	0.449225	FalseGround	Unlabelled	SPOkGoodGood	Alarm(_G_-ENTRY,quotearg_buffer_restyled-32401)
634	0.449225	FalseGround	Unlabelled	SPOkGoodGood	Alarm(_G_-ENTRY,quotearg_buffer_restyled-32402)
635	0.449225	FalseGround	Unlabelled	SPOkGoodGood	Alarm(_G_-ENTRY,quotearg_buffer_restyled-32465)
636	0.449225	FalseGround	Unlabelled	SPOkGoodGood	Alarm(_G_-ENTRY,quotearg_buffer_restyled-32466)
637	0.449225	FalseGround	Unlabelled	SPOkGoodGood	Alarm(_G_-ENTRY,quotearg_buffer_restyled-32473)
638	0.449225	FalseGround	Unlabelled	SPOkGoodGood	Alarm(_G_-ENTRY,quotearg_buffer_restyled-32474)
639	0.449225	FalseGround	Unlabelled	SPOkGoodGood	Alarm(_G_-ENTRY,quotearg_buffer_restyled-32475)
640	0.449225	FalseGround	Unlabelled	SPOkGoodGood	Alarm(_G_-ENTRY,quotearg_buffer_restyled-32476)
641	0.449225	FalseGround	Unlabelled	SPOkGoodGood	Alarm(_G_-ENTRY,quotearg_buffer_restyled-32477)
642	0.449225	FalseGround	Unlabelled	SPOkGoodGood	Alarm(_G_-ENTRY,quotearg_buffer_restyled-32478)
643	0.449225	FalseGround	Unlabelled	SPOkGoodGood	Alarm(_G_-ENTRY,quotearg_buffer_restyled-32479)
644	0.449225	FalseGround	Unlabelled	SPOkGoodGood	Alarm(_G_-ENTRY,quotearg_buffer_restyled-32480)
645	0.449225	FalseGround	Unlabelled	SPOkGoodGood	Alarm(_G_-ENTRY,quotearg_buffer_restyled-32481)
646	0.449225	FalseGround	Unlabelled	SPOkGoodGood	Alarm(_G_-ENTRY,quotearg_buffer_restyled-32482)
647	0.447378	FalseGround	Unlabelled	SPOkGoodGood	Alarm(_G_-ENTRY,setup_replacement-66887)
648	0.447378	FalseGround	Unlabelled	SPOkGoodGood	Alarm(_G_-ENTRY,setup_replacement-66888)
649	0.446443	FalseGround	Unlabelled	SPOkGoodGood	Alarm(_G_-ENTRY,compile_program-67442)
650	0.446443	FalseGround	Unlabelled	SPOkGoodGood	Alarm(_G_-ENTRY,compile_program-67635)
651	0.432428	FalseGround	Unlabelled	SPOkGoodGood	Alarm(_G_-ENTRY,dfafree-61866)
652	0.432428	FalseGround	Unlabelled	SPOkGoodGood	Alarm(_G_-ENTRY,dfafree-61867)
653	0.432428	FalseGround	Unlabelled	SPOkGoodGood	Alarm(_G_-ENTRY,dfafree-61871)
654	0.430467	FalseGround	Unlabelled	SPOkGoodGood	Alarm(_G_-ENTRY,dfamust-62193)
655	0.430467	FalseGround	Unlabelled	SPOkGoodGood	Alarm(_G_-ENTRY,dfamust-62194)
656	0.430467	FalseGround	Unlabelled	SPOkGoodGood	Alarm(_G_-ENTRY,dfamust-62195)
657	0.430467	FalseGround	Unlabelled	SPOkGoodGood	Alarm(_G_-ENTRY,dfamust-62196)
658	0.430467	FalseGround	Unlabelled	SPOkGoodGood	Alarm(_G_-ENTRY,dfamust-62201)
659	0.430467	FalseGround	Unlabelled	SPOkGoodGood	Alarm(_G_-ENTRY,dfamust-62202)
660	0.430467	FalseGround	Unlabelled	SPOkGoodGood	Alarm(_G_-ENTRY,dfamust-62207)
661	0.430467	FalseGround	Unlabelled	SPOkGoodGood	Alarm(_G_-ENTRY,dfamust-62208)
662	0.430467	FalseGround	Unlabelled	SPOkGoodGood	Alarm(_G_-ENTRY,execute_program-65863)
663	0.430467	FalseGround	Unlabelled	SPOkGoodGood	Alarm(_G_-ENTRY,register_open_file-63215)
664	0.430467	FalseGround	Unlabelled	SPOkGoodGood	Alarm(_G_-ENTRY,rpl_mbrtowc-33422)
665	0.430467	FalseGround	Unlabelled	SPOkGoodGood	Alarm(_G_-ENTRY,execute_program-65638)
666	0.430467	FalseGround	Unlabelled	SPOkGoodGood	Alarm(_G_-ENTRY,execute_program-65639)
667	0.430467	FalseGround	Unlabelled	SPOkGoodGood	Alarm(_G_-ENTRY,execute_program-65640)
668	0.430467	FalseGround	Unlabelled	SPOkGoodGood	Alarm(_G_-ENTRY,execute_program-65641)
669	0.430467	FalseGround	Unlabelled	SPOkGoodGood	Alarm(_G_-ENTRY,execute_program-65642)
670	0.430467	FalseGround	Unlabelled	SPOkGoodGood	Alarm(_G_-ENTRY,execute_program-65643)
671	0.430467	FalseGround	Unlabelled	SPOkGoodGood	Alarm(_G_-ENTRY,execute_program-65644)
672	0.430467	FalseGround	Unlabelled	SPOkGoodGood	Alarm(_G_-ENTRY,execute_program-65645)
673	0.430467	FalseGround	Unlabelled	SPOkGoodGood	Alarm(_G_-ENTRY,execute_program-65646)
674	0.430467	FalseGround	Unlabelled	SPOkGoodGood	Alarm(_G_-ENTRY,execute_program-65647)
675	0.430467	FalseGround	Unlabelled	SPOkGoodGood	Alarm(_G_-ENTRY,execute_program-65648)
676	0.430467	FalseGround	Unlabelled	SPOkGoodGood	Alarm(_G_-ENTRY,execute_program-65649)
677	0.430467	FalseGround	Unlabelled	SPOkGoodGood	Alarm(_G_-ENTRY,execute_program-65650)
678	0.430467	FalseGround	Unlabelled	SPOkGoodGood	Alarm(_G_-ENTRY,execute_program-65651)
679	0.430467	FalseGround	Unlabelled	SPOkGoodGood	Alarm(_G_-ENTRY,execute_program-65652)
680	0.430467	FalseGround	Unlabelled	SPOkGoodGood	Alarm(_G_-ENTRY,execute_program-65653)
681	0.430467	FalseGround	Unlabelled	SPOkGoodGood	Alarm(_G_-ENTRY,execute_program-65654)
682	0.430467	FalseGround	Unlabelled	SPOkGoodGood	Alarm(_G_-ENTRY,execute_program-65655)
683	0.430467	FalseGround	Unlabelled	SPOkGoodGood	Alarm(_G_-ENTRY,execute_program-65656)
684	0.430467	FalseGround	Unlabelled	SPOkGoodGood	Alarm(_G_-ENTRY,execute_program-65657)
685	0.430467	FalseGround	Unlabelled	SPOkGoodGood	Alarm(_G_-ENTRY,execute_program-65658)
686	0.430467	FalseGround	Unlabelled	SPOkGoodGood	Alarm(_G_-ENTRY,execute_program-65659)
687	0.430467	FalseGround	Unlabelled	SPOkGoodGood	Alarm(_G_-ENTRY,execute_program-65660)
688	0.430467	FalseGround	Unlabelled	SPOkGoodGood	Alarm(_G_-ENTRY,execute_program-65661)
689	0.430467	FalseGround	Unlabelled	SPOkGoodGood	Alarm(_G_-ENTRY,execute_program-65662)
690	0.430467	FalseGround	Unlabelled	SPOkGoodGood	Alarm(_G_-ENTRY,execute_program-65663)
691	0.430467	FalseGround	Unlabelled	SPOkGoodGood	Alarm(_G_-ENTRY,execute_program-65664)
692	0.430467	FalseGround	Unlabelled	SPOkGoodGood	Alarm(_G_-ENTRY,execute_program-65665)
693	0.430467	FalseGround	Unlabelled	SPOkGoodGood	Alarm(_G_-ENTRY,execute_program-65666)
694	0.430467	FalseGround	Unlabelled	SPOkGoodGood	Alarm(_G_-ENTRY,execute_program-65667)
695	0.430467	FalseGround	Unlabelled	SPOkGoodGood	Alarm(_G_-ENTRY,execute_program-65668)
696	0.430467	FalseGround	Unlabelled	SPOkGoodGood	Alarm(_G_-ENTRY,execute_program-65669)
697	0.430467	FalseGround	Unlabelled	SPOkGoodGood	Alarm(_G_-ENTRY,execute_program-65670)
698	0.430467	FalseGround	Unlabelled	SPOkGoodGood	Alarm(_G_-ENTRY,execute_program-65671)
699	0.430467	FalseGround	Unlabelled	SPOkGoodGood	Alarm(_G_-ENTRY,execute_program-65672)
700	0.430467	FalseGround	Unlabelled	SPOkGoodGood	Alarm(_G_-ENTRY,execute_program-65673)
701	0.430467	FalseGround	Unlabelled	SPOkGoodGood	Alarm(_G_-ENTRY,execute_program-65674)
702	0.430467	FalseGround	Unlabelled	SPOkGoodGood	Alarm(_G_-ENTRY,execute_program-65675)
703	0.430467	FalseGround	Unlabelled	SPOkGoodGood	Alarm(_G_-ENTRY,execute_program-65676)
704	0.430467	FalseGround	Unlabelled	SPOkGoodGood	Alarm(_G_-ENTRY,execute_program-65677)
705	0.430467	FalseGround	Unlabelled	SPOkGoodGood	Alarm(_G_-ENTRY,execute_program-65678)
706	0.430467	FalseGround	Unlabelled	SPOkGoodGood	Alarm(_G_-ENTRY,execute_program-65679)
707	0.430467	FalseGround	Unlabelled	SPOkGoodGood	Alarm(_G_-ENTRY,execute_program-65680)
708	0.430467	FalseGround	Unlabelled	SPOkGoodGood	Alarm(_G_-ENTRY,execute_program-65681)
709	0.430467	FalseGround	Unlabelled	SPOkGoodGood	Alarm(_G_-ENTRY,execute_program-65682)
710	0.430467	FalseGround	Unlabelled	SPOkGoodGood	Alarm(_G_-ENTRY,execute_program-65683)
711	0.430467	FalseGround	Unlabelled	SPOkGoodGood	Alarm(_G_-ENTRY,execute_program-65684)
712	0.430467	FalseGround	Unlabelled	SPOkGoodGood	Alarm(_G_-ENTRY,execute_program-65685)
713	0.430467	FalseGround	Unlabelled	SPOkGoodGood	Alarm(_G_-ENTRY,execute_program-65686)
714	0.430467	FalseGround	Unlabelled	SPOkGoodGood	Alarm(_G_-ENTRY,execute_program-65687)
715	0.430467	FalseGround	Unlabelled	SPOkGoodGood	Alarm(_G_-ENTRY,execute_program-65688)
716	0.430467	FalseGround	Unlabelled	SPOkGoodGood	Alarm(_G_-ENTRY,execute_program-65689)
717	0.430467	FalseGround	Unlabelled	SPOkGoodGood	Alarm(_G_-ENTRY,execute_program-65690)
718	0.430467	FalseGround	Unlabelled	SPOkGoodGood	Alarm(_G_-ENTRY,execute_program-65691)
719	0.430467	FalseGround	Unlabelled	SPOkGoodGood	Alarm(_G_-ENTRY,execute_program-65692)
720	0.430467	FalseGround	Unlabelled	SPOkGoodGood	Alarm(_G_-ENTRY,execute_program-65693)
721	0.430467	FalseGround	Unlabelled	SPOkGoodGood	Alarm(_G_-ENTRY,execute_program-65694)
722	0.430467	FalseGround	Unlabelled	SPOkGoodGood	Alarm(_G_-ENTRY,execute_program-65695)
723	0.430467	FalseGround	Unlabelled	SPOkGoodGood	Alarm(_G_-ENTRY,execute_program-65696)
724	0.430467	FalseGround	Unlabelled	SPOkGoodGood	Alarm(_G_-ENTRY,execute_program-65697)
725	0.430467	FalseGround	Unlabelled	SPOkGoodGood	Alarm(_G_-ENTRY,execute_program-65698)
726	0.430467	FalseGround	Unlabelled	SPOkGoodGood	Alarm(_G_-ENTRY,execute_program-65699)
727	0.430467	FalseGround	Unlabelled	SPOkGoodGood	Alarm(_G_-ENTRY,execute_program-65700)
728	0.430467	FalseGround	Unlabelled	SPOkGoodGood	Alarm(_G_-ENTRY,execute_program-65701)
729	0.430467	FalseGround	Unlabelled	SPOkGoodGood	Alarm(_G_-ENTRY,execute_program-65702)
730	0.430467	FalseGround	Unlabelled	SPOkGoodGood	Alarm(_G_-ENTRY,execute_program-65703)
731	0.430467	FalseGround	Unlabelled	SPOkGoodGood	Alarm(_G_-ENTRY,execute_program-65704)
732	0.430467	FalseGround	Unlabelled	SPOkGoodGood	Alarm(_G_-ENTRY,execute_program-65705)
733	0.430467	FalseGround	Unlabelled	SPOkGoodGood	Alarm(_G_-ENTRY,dfaanalyze-52843)
734	0.430467	FalseGround	Unlabelled	SPOkGoodGood	Alarm(_G_-ENTRY,dfaanalyze-52844)
735	0.430467	FalseGround	Unlabelled	SPOkGoodGood	Alarm(_G_-ENTRY,dfaanalyze-52845)
736	0.430467	FalseGround	Unlabelled	SPOkGoodGood	Alarm(_G_-ENTRY,dfaanalyze-52846)
737	0.430467	FalseGround	Unlabelled	SPOkGoodGood	Alarm(_G_-ENTRY,dfaanalyze-52847)
738	0.430467	FalseGround	Unlabelled	SPOkGoodGood	Alarm(_G_-ENTRY,dfaanalyze-52848)
739	0.430467	FalseGround	Unlabelled	SPOkGoodGood	Alarm(_G_-ENTRY,dfaanalyze-52849)
740	0.430467	FalseGround	Unlabelled	SPOkGoodGood	Alarm(_G_-ENTRY,dfaanalyze-52850)
741	0.430467	FalseGround	Unlabelled	SPOkGoodGood	Alarm(_G_-ENTRY,dfaanalyze-52851)
742	0.430467	FalseGround	Unlabelled	SPOkGoodGood	Alarm(_G_-ENTRY,dfaanalyze-52852)
743	0.430467	FalseGround	Unlabelled	SPOkGoodGood	Alarm(_G_-ENTRY,dfaanalyze-52853)
744	0.430467	FalseGround	Unlabelled	SPOkGoodGood	Alarm(_G_-ENTRY,dfaanalyze-52854)
745	0.422124	FalseGround	Unlabelled	SPOkGoodGood	Alarm(_G_-ENTRY,setup_replacement-66883)
746	0.422124	FalseGround	Unlabelled	SPOkGoodGood	Alarm(_G_-ENTRY,setup_replacement-66884)
747	0.417818	FalseGround	Unlabelled	SPOkGoodGood	Alarm(_G_-ENTRY,main-64079)
748	0.412617	FalseGround	Unlabelled	SPOkGoodGood	Alarm(_G_-ENTRY,panic-63145)
749	0.412617	FalseGround	Unlabelled	SPOkGoodGood	Alarm(_G_-ENTRY,panic-63146)
750	0.412617	FalseGround	Unlabelled	SPOkGoodGood	Alarm(_G_-ENTRY,init_buffer-63770)
751	0.412617	FalseGround	Unlabelled	SPOkGoodGood	Alarm(_G_-ENTRY,init_buffer-63771)
752	0.38742	FalseGround	Unlabelled	SPOkGoodGood	Alarm(_G_-ENTRY,addtok-44935)
753	0.384611	FalseGround	Unlabelled	SPOkGoodGood	Alarm(_G_-ENTRY,compile_program-67663)
754	0.373623	FalseGround	Unlabelled	SPOkGoodGood	Alarm(_G_-ENTRY,compile_program-67646)
755	0.373623	FalseGround	Unlabelled	SPOkGoodGood	Alarm(_G_-ENTRY,compile_program-67668)
756	0.373623	FalseGround	Unlabelled	SPOkGoodGood	Alarm(_G_-ENTRY,translate_mb-65623)
757	0.348678	FalseGround	Unlabelled	SPOkGoodGood	Alarm(_G_-ENTRY,utils_fp_name-59262)
758	0.348678	FalseGround	Unlabelled	SPOkGoodGood	Alarm(_G_-ENTRY,match_address_p-65278)
759	0.348678	FalseGround	Unlabelled	SPOkGoodGood	Alarm(_G_-ENTRY,match_address_p-65279)
760	0.348678	FalseGround	Unlabelled	SPOkGoodGood	Alarm(_G_-ENTRY,match_address_p-65280)
761	0.348678	FalseGround	Unlabelled	SPOkGoodGood	Alarm(_G_-ENTRY,match_address_p-65281)
762	0.348678	FalseGround	Unlabelled	SPOkGoodGood	Alarm(_G_-ENTRY,match_address_p-65282)
763	0.348678	FalseGround	Unlabelled	SPOkGoodGood	Alarm(_G_-ENTRY,match_address_p-65283)
764	0.348678	FalseGround	Unlabelled	SPOkGoodGood	Alarm(_G_-ENTRY,match_address_p-65284)
765	0.348678	FalseGround	Unlabelled	SPOkGoodGood	Alarm(_G_-ENTRY,match_address_p-65285)
766	0.347295	FalseGround	Unlabelled	SPOkGoodGood	Alarm(_G_-ENTRY,c_strcasecmp-63103)
767	0.34192	FalseGround	Unlabelled	SPOkGoodGood	Alarm(_G_-ENTRY,setup_replacement-66889)
768	0.34192	FalseGround	Unlabelled	SPOkGoodGood	Alarm(_G_-ENTRY,setup_replacement-66890)
769	0.34192	FalseGround	Unlabelled	SPOkGoodGood	Alarm(_G_-ENTRY,setup_replacement-66891)
770	0.34192	FalseGround	Unlabelled	SPOkGoodGood	Alarm(_G_-ENTRY,setup_replacement-66892)
771	0.34192	FalseGround	Unlabelled	SPOkGoodGood	Alarm(_G_-ENTRY,setup_replacement-66893)
772	0.34192	FalseGround	Unlabelled	SPOkGoodGood	Alarm(_G_-ENTRY,setup_replacement-66894)
773	0.34192	FalseGround	Unlabelled	SPOkGoodGood	Alarm(_G_-ENTRY,setup_replacement-66895)
774	0.34192	FalseGround	Unlabelled	SPOkGoodGood	Alarm(_G_-ENTRY,setup_replacement-66896)
775	0.34192	FalseGround	Unlabelled	SPOkGoodGood	Alarm(_G_-ENTRY,setup_replacement-66897)
776	0.34192	FalseGround	Unlabelled	SPOkGoodGood	Alarm(_G_-ENTRY,setup_replacement-66898)
777	0.34192	FalseGround	Unlabelled	SPOkGoodGood	Alarm(_G_-ENTRY,setup_replacement-66899)
778	0.34192	FalseGround	Unlabelled	SPOkGoodGood	Alarm(_G_-ENTRY,setup_replacement-66900)
779	0.34192	FalseGround	Unlabelled	SPOkGoodGood	Alarm(_G_-ENTRY,setup_replacement-66901)
780	0.34192	FalseGround	Unlabelled	SPOkGoodGood	Alarm(_G_-ENTRY,setup_replacement-66902)
781	0.34192	FalseGround	Unlabelled	SPOkGoodGood	Alarm(_G_-ENTRY,setup_replacement-66903)
782	0.34192	FalseGround	Unlabelled	SPOkGoodGood	Alarm(_G_-ENTRY,setup_replacement-66904)
783	0.34192	FalseGround	Unlabelled	SPOkGoodGood	Alarm(_G_-ENTRY,setup_replacement-66905)
784	0.34192	FalseGround	Unlabelled	SPOkGoodGood	Alarm(_G_-ENTRY,setup_replacement-66906)
785	0.34192	FalseGround	Unlabelled	SPOkGoodGood	Alarm(_G_-ENTRY,setup_replacement-66907)
786	0.34192	FalseGround	Unlabelled	SPOkGoodGood	Alarm(_G_-ENTRY,setup_replacement-66908)
787	0.34192	FalseGround	Unlabelled	SPOkGoodGood	Alarm(_G_-ENTRY,setup_replacement-66909)
788	0.34192	FalseGround	Unlabelled	SPOkGoodGood	Alarm(_G_-ENTRY,setup_replacement-66910)
789	0.34192	FalseGround	Unlabelled	SPOkGoodGood	Alarm(_G_-ENTRY,setup_replacement-66911)
790	0.34192	FalseGround	Unlabelled	SPOkGoodGood	Alarm(_G_-ENTRY,setup_replacement-66912)
791	0.313811	FalseGround	Unlabelled	SPOkGoodGood	Alarm(_G_-ENTRY,build_state-57314)
792	0.313811	FalseGround	Unlabelled	SPOkGoodGood	Alarm(_G_-ENTRY,build_state-57315)
793	0.313811	FalseGround	Unlabelled	SPOkGoodGood	Alarm(_G_-ENTRY,dfaexec_main-61430)
794	0.313811	FalseGround	Unlabelled	SPOkGoodGood	Alarm(_G_-ENTRY,dfaexec_main-61431)
795	0.313811	FalseGround	Unlabelled	SPOkGoodGood	Alarm(_G_-ENTRY,realloc_trans_if_necessary-55311)
796	0.313811	FalseGround	Unlabelled	SPOkGoodGood	Alarm(_G_-ENTRY,realloc_trans_if_necessary-55312)
797	0.313811	FalseGround	Unlabelled	SPOkGoodGood	Alarm(_G_-ENTRY,transit_state-59348)
798	0.313811	FalseGround	Unlabelled	SPOkGoodGood	Alarm(_G_-ENTRY,transit_state-59349)
799	0.305944	FalseGround	Unlabelled	SPOkGoodGood	Alarm(_G_-ENTRY,case_folded_counterparts-33541)
800	0.28243	FalseGround	Unlabelled	SPOkGoodGood	Alarm(_G_-ENTRY,utils_fp_name-63184)
801	0.28243	FalseGround	Unlabelled	SPOkGoodGood	Alarm(_G_-ENTRY,utils_fp_name-63185)
802	0.254187	FalseGround	Unlabelled	SPOkGoodGood	Alarm(_G_-ENTRY,normalize_text-68493)
803	0.180773	FalseGround	Unlabelled	SPOkGoodGood	Alarm(_G_-ENTRY,follow_symlink-63612)
804	0.163539	FalseGround	Unlabelled	SPOkGoodGood	Alarm(_G_-ENTRY,setup_replacement-66885)
805	0.163539	FalseGround	Unlabelled	SPOkGoodGood	Alarm(_G_-ENTRY,setup_replacement-66886)
806	0.141782	FalseGround	Unlabelled	SPOkGoodGood	Alarm(_G_-ENTRY,enlist-61979)
807	0.135085	FalseGround	Unlabelled	SPOkGoodGood	Alarm(_G_-ENTRY,enlist-61952)
808	0.135085	FalseGround	Unlabelled	SPOkGoodGood	Alarm(_G_-ENTRY,enlist-61956)
809	0.135085	FalseGround	Unlabelled	SPOkGoodGood	Alarm(_G_-ENTRY,enlist-61958)
810	0.135085	FalseGround	Unlabelled	SPOkGoodGood	Alarm(_G_-ENTRY,enlist-61960)
811	0.135085	FalseGround	Unlabelled	SPOkGoodGood	Alarm(_G_-ENTRY,enlist-61978)
812	0.135085	FalseGround	Unlabelled	SPOkGoodGood	Alarm(_G_-ENTRY,get_charset_aliases-33635)
813	0.135085	FalseGround	Unlabelled	SPOkGoodGood	Alarm(_G_-ENTRY,get_charset_aliases-33636)
814	0.109419	FalseGround	Unlabelled	SPOkGoodGood	Alarm(_G_-ENTRY,enlist-61927)
815	0.109419	FalseGround	Unlabelled	SPOkGoodGood	Alarm(_G_-ENTRY,enlist-61928)
816	0.109419	FalseGround	Unlabelled	SPOkGoodGood	Alarm(_G_-ENTRY,enlist-61931)
817	0.109419	FalseGround	Unlabelled	SPOkGoodGood	Alarm(_G_-ENTRY,enlist-61932)
818	0.0473913	FalseGround	Unlabelled	SPOkGoodGood	Alarm(_G_-ENTRY,addtok_wc-44977)
819	0.000563921	FalseGround	Unlabelled	SPOkGoodGood	Alarm(_G_-ENTRY,atom-45070)
