Rank	Confidence	Ground	Label	Comments	Tuple
1	0.880633	FalseGround	Unlabelled	SPOkGoodGood	Alarm(_G_-ENTRY,state_index-50831)
2	0.880633	FalseGround	Unlabelled	SPOkGoodGood	Alarm(_G_-ENTRY,state_index-50832)
3	0.880633	FalseGround	Unlabelled	SPOkGoodGood	Alarm(_G_-ENTRY,state_index-50833)
4	0.880633	FalseGround	Unlabelled	SPOkGoodGood	Alarm(_G_-ENTRY,state_index-50834)
5	0.879714	FalseGround	Unlabelled	SPOkGoodGood	Alarm(_G_-ENTRY,merge_constrained-50749)
6	0.877171	FalseGround	Unlabelled	SPOkGoodGood	Alarm(_G_-ENTRY,copy-47072)
7	0.874828	FalseGround	Unlabelled	SPOkGoodGood	Alarm(_G_-ENTRY,state_index-51928)
8	0.874828	FalseGround	Unlabelled	SPOkGoodGood	Alarm(_G_-ENTRY,state_index-51930)
9	0.87144	FalseGround	Unlabelled	SPOkGoodGood	Alarm(_G_-ENTRY,merge_constrained-50757)
10	0.87144	FalseGround	Unlabelled	SPOkGoodGood	Alarm(_G_-ENTRY,merge_constrained-50762)
11	0.869207	FalseGround	Unlabelled	SPOkGoodGood	Alarm(_G_-ENTRY,state_index-50839)
12	0.869207	FalseGround	Unlabelled	SPOkGoodGood	Alarm(_G_-ENTRY,state_index-50840)
13	0.869207	FalseGround	Unlabelled	SPOkGoodGood	Alarm(_G_-ENTRY,state_index-50845)
14	0.869207	FalseGround	Unlabelled	SPOkGoodGood	Alarm(_G_-ENTRY,state_index-50846)
15	0.867871	FalseGround	Unlabelled	SPOkGoodGood	Alarm(_G_-ENTRY,compile_program-67551)
16	0.863486	FalseGround	Unlabelled	SPOkGoodGood	Alarm(_G_-ENTRY,state_index-52651)
17	0.863486	FalseGround	Unlabelled	SPOkGoodGood	Alarm(_G_-ENTRY,state_index-52671)
18	0.863486	FalseGround	Unlabelled	SPOkGoodGood	Alarm(_G_-ENTRY,state_index-52675)
19	0.863486	FalseGround	Unlabelled	SPOkGoodGood	Alarm(_G_-ENTRY,state_index-52676)
20	0.863486	FalseGround	Unlabelled	SPOkGoodGood	Alarm(_G_-ENTRY,state_index-52677)
21	0.858662	FalseGround	Unlabelled	SPOkGoodGood	Alarm(_G_-ENTRY,state_index-50825)
22	0.858662	FalseGround	Unlabelled	SPOkGoodGood	Alarm(_G_-ENTRY,state_index-50826)
23	0.8495	FalseGround	Unlabelled	SPOkGoodGood	Alarm(_G_-ENTRY,get_openfile-66295)
24	0.847867	FalseGround	Unlabelled	SPOkGoodGood	Alarm(_G_-ENTRY,compile_program-67506)
25	0.846619	FalseGround	Unlabelled	SPOkGoodGood	Alarm(_G_-ENTRY,execute_program-65724)
26	0.846619	FalseGround	Unlabelled	SPOkGoodGood	Alarm(_G_-ENTRY,execute_program-65725)
27	0.846043	FalseGround	Unlabelled	SPOkGoodGood	Alarm(_G_-ENTRY,parse_bracket_exp-44122)
28	0.837872	FalseGround	Unlabelled	SPOkGoodGood	Alarm(_G_-ENTRY,setup_replacement-66915)
29	0.837872	FalseGround	Unlabelled	SPOkGoodGood	Alarm(_G_-ENTRY,setup_replacement-66916)
30	0.822625	FalseGround	Unlabelled	SPOkGoodGood	Alarm(_G_-ENTRY,compile_program-67536)
31	0.820814	FalseGround	Unlabelled	SPOkGoodGood	Alarm(_G_-ENTRY,str_append-64579)
32	0.818086	FalseGround	Unlabelled	SPOkGoodGood	Alarm(_G_-ENTRY,insert-48210)
33	0.81807	FalseGround	Unlabelled	SPOkGoodGood	Alarm(_G_-ENTRY,parse_bracket_exp-43402)
34	0.815739	FalseGround	Unlabelled	SPOkGoodGood	Alarm(_G_-ENTRY,insert-47135)
35	0.815739	FalseGround	Unlabelled	SPOkGoodGood	Alarm(_G_-ENTRY,insert-47136)
36	0.815739	FalseGround	Unlabelled	SPOkGoodGood	Alarm(_G_-ENTRY,insert-47137)
37	0.815739	FalseGround	Unlabelled	SPOkGoodGood	Alarm(_G_-ENTRY,insert-47138)
38	0.815119	FalseGround	Unlabelled	SPOkGoodGood	Alarm(_G_-ENTRY,new_replacement-66867)
39	0.815119	FalseGround	Unlabelled	SPOkGoodGood	Alarm(_G_-ENTRY,new_replacement-66868)
40	0.815119	FalseGround	Unlabelled	SPOkGoodGood	Alarm(_G_-ENTRY,new_replacement-66869)
41	0.815119	FalseGround	Unlabelled	SPOkGoodGood	Alarm(_G_-ENTRY,new_replacement-66870)
42	0.809988	FalseGround	Unlabelled	SPOkGoodGood	Alarm(_G_-ENTRY,setbit-33830)
43	0.809074	FalseGround	Unlabelled	SPOkGoodGood	Alarm(_G_-ENTRY,insert-48932)
44	0.80595	FalseGround	Unlabelled	SPOkGoodGood	Alarm(_G_-ENTRY,normalize_text-68475)
45	0.80595	FalseGround	Unlabelled	SPOkGoodGood	Alarm(_G_-ENTRY,normalize_text-68486)
46	0.80595	FalseGround	Unlabelled	SPOkGoodGood	Alarm(_G_-ENTRY,normalize_text-68351)
47	0.80595	FalseGround	Unlabelled	SPOkGoodGood	Alarm(_G_-ENTRY,normalize_text-68352)
48	0.80595	FalseGround	Unlabelled	SPOkGoodGood	Alarm(_G_-ENTRY,normalize_text-68411)
49	0.80595	FalseGround	Unlabelled	SPOkGoodGood	Alarm(_G_-ENTRY,normalize_text-68412)
50	0.80595	FalseGround	Unlabelled	SPOkGoodGood	Alarm(_G_-ENTRY,normalize_text-68417)
51	0.80595	FalseGround	Unlabelled	SPOkGoodGood	Alarm(_G_-ENTRY,normalize_text-68418)
52	0.80595	FalseGround	Unlabelled	SPOkGoodGood	Alarm(_G_-ENTRY,normalize_text-68419)
53	0.80595	FalseGround	Unlabelled	SPOkGoodGood	Alarm(_G_-ENTRY,normalize_text-68420)
54	0.802395	FalseGround	Unlabelled	SPOkGoodGood	Alarm(_G_-ENTRY,epsclosure-52724)
55	0.802395	FalseGround	Unlabelled	SPOkGoodGood	Alarm(_G_-ENTRY,epsclosure-52725)
56	0.802395	FalseGround	Unlabelled	SPOkGoodGood	Alarm(_G_-ENTRY,epsclosure-52726)
57	0.802395	FalseGround	Unlabelled	SPOkGoodGood	Alarm(_G_-ENTRY,epsclosure-52727)
58	0.802395	FalseGround	Unlabelled	SPOkGoodGood	Alarm(_G_-ENTRY,epsclosure-52728)
59	0.802395	FalseGround	Unlabelled	SPOkGoodGood	Alarm(_G_-ENTRY,epsclosure-52729)
60	0.802395	FalseGround	Unlabelled	SPOkGoodGood	Alarm(_G_-ENTRY,epsclosure-52730)
61	0.802395	FalseGround	Unlabelled	SPOkGoodGood	Alarm(_G_-ENTRY,epsclosure-52731)
62	0.802395	FalseGround	Unlabelled	SPOkGoodGood	Alarm(_G_-ENTRY,epsclosure-52732)
63	0.802395	FalseGround	Unlabelled	SPOkGoodGood	Alarm(_G_-ENTRY,epsclosure-52733)
64	0.801089	FalseGround	Unlabelled	SPOkGoodGood	Alarm(_G_-ENTRY,compile_program-67154)
65	0.801089	FalseGround	Unlabelled	SPOkGoodGood	Alarm(_G_-ENTRY,compile_program-67155)
66	0.801089	FalseGround	Unlabelled	SPOkGoodGood	Alarm(_G_-ENTRY,compile_program-67156)
67	0.801089	FalseGround	Unlabelled	SPOkGoodGood	Alarm(_G_-ENTRY,compile_program-67157)
68	0.800688	FalseGround	Unlabelled	SPOkGoodGood	Alarm(_G_-ENTRY,get_buffer-60134)
69	0.800275	FalseGround	Unlabelled	SPOkGoodGood	Alarm(_G_-ENTRY,compile_program-67622)
70	0.798465	FalseGround	Unlabelled	SPOkGoodGood	Alarm(_G_-ENTRY,do_list-65354)
71	0.795692	FalseGround	Unlabelled	SPOkGoodGood	Alarm(_G_-ENTRY,free_buffer-63835)
72	0.794402	FalseGround	Unlabelled	SPOkGoodGood	Alarm(_G_-ENTRY,translate_mb-65604)
73	0.794301	FalseGround	Unlabelled	SPOkGoodGood	Alarm(_G_-ENTRY,state_index-52673)
74	0.794301	FalseGround	Unlabelled	SPOkGoodGood	Alarm(_G_-ENTRY,state_index-52674)
75	0.794301	FalseGround	Unlabelled	SPOkGoodGood	Alarm(_G_-ENTRY,setup_replacement-66875)
76	0.794301	FalseGround	Unlabelled	SPOkGoodGood	Alarm(_G_-ENTRY,setup_replacement-66876)
77	0.792743	FalseGround	Unlabelled	SPOkGoodGood	Alarm(_G_-ENTRY,insert-48930)
78	0.790439	FalseGround	Unlabelled	SPOkGoodGood	Alarm(_G_-ENTRY,copy-46362)
79	0.790439	FalseGround	Unlabelled	SPOkGoodGood	Alarm(_G_-ENTRY,copy-46364)
80	0.790439	FalseGround	Unlabelled	SPOkGoodGood	Alarm(_G_-ENTRY,copy-46365)
81	0.790439	FalseGround	Unlabelled	SPOkGoodGood	Alarm(_G_-ENTRY,copy-47071)
82	0.790439	FalseGround	Unlabelled	SPOkGoodGood	Alarm(_G_-ENTRY,copy-47073)
83	0.790439	FalseGround	Unlabelled	SPOkGoodGood	Alarm(_G_-ENTRY,copy-45298)
84	0.790439	FalseGround	Unlabelled	SPOkGoodGood	Alarm(_G_-ENTRY,copy-45299)
85	0.784209	FalseGround	Unlabelled	SPOkGoodGood	Alarm(_G_-ENTRY,get_openfile-66294)
86	0.774929	FalseGround	Unlabelled	SPOkGoodGood	Alarm(_G_-ENTRY,compile_program-67495)
87	0.774929	FalseGround	Unlabelled	SPOkGoodGood	Alarm(_G_-ENTRY,compile_program-67555)
88	0.774929	FalseGround	Unlabelled	SPOkGoodGood	Alarm(_G_-ENTRY,compile_program-67584)
89	0.774929	FalseGround	Unlabelled	SPOkGoodGood	Alarm(_G_-ENTRY,register_open_file-63227)
90	0.774929	FalseGround	Unlabelled	SPOkGoodGood	Alarm(_G_-ENTRY,register_open_file-63228)
91	0.774929	FalseGround	Unlabelled	SPOkGoodGood	Alarm(_G_-ENTRY,resize_buffer-63810)
92	0.773876	FalseGround	Unlabelled	SPOkGoodGood	Alarm(_G_-ENTRY,dump_append_queue-64912)
93	0.773876	FalseGround	Unlabelled	SPOkGoodGood	Alarm(_G_-ENTRY,dump_append_queue-64913)
94	0.773876	FalseGround	Unlabelled	SPOkGoodGood	Alarm(_G_-ENTRY,dump_append_queue-64902)
95	0.773876	FalseGround	Unlabelled	SPOkGoodGood	Alarm(_G_-ENTRY,dump_append_queue-64904)
96	0.763728	FalseGround	Unlabelled	SPOkGoodGood	Alarm(_G_-ENTRY,dump_append_queue-64903)
97	0.763728	FalseGround	Unlabelled	SPOkGoodGood	Alarm(_G_-ENTRY,dump_append_queue-64905)
98	0.763422	FalseGround	Unlabelled	SPOkGoodGood	Alarm(_G_-ENTRY,release_label-66837)
99	0.763422	FalseGround	Unlabelled	SPOkGoodGood	Alarm(_G_-ENTRY,release_label-66838)
100	0.763325	FalseGround	Unlabelled	SPOkGoodGood	Alarm(_G_-ENTRY,parse_bracket_exp-43254)
101	0.762386	FalseGround	Unlabelled	SPOkGoodGood	Alarm(_G_-ENTRY,match_an_address_p-62076)
102	0.762386	FalseGround	Unlabelled	SPOkGoodGood	Alarm(_G_-ENTRY,match_an_address_p-62082)
103	0.762386	FalseGround	Unlabelled	SPOkGoodGood	Alarm(_G_-ENTRY,match_an_address_p-65252)
104	0.762386	FalseGround	Unlabelled	SPOkGoodGood	Alarm(_G_-ENTRY,match_an_address_p-65248)
105	0.762386	FalseGround	Unlabelled	SPOkGoodGood	Alarm(_G_-ENTRY,match_an_address_p-65249)
106	0.762386	FalseGround	Unlabelled	SPOkGoodGood	Alarm(_G_-ENTRY,match_an_address_p-65250)
107	0.762386	FalseGround	Unlabelled	SPOkGoodGood	Alarm(_G_-ENTRY,match_an_address_p-65251)
108	0.759219	FalseGround	Unlabelled	SPOkGoodGood	Alarm(_G_-ENTRY,compile_program-67496)
109	0.759219	FalseGround	Unlabelled	SPOkGoodGood	Alarm(_G_-ENTRY,compile_program-67701)
110	0.75664	FalseGround	Unlabelled	SPOkGoodGood	Alarm(_G_-ENTRY,size_buffer-60135)
111	0.75606	FalseGround	Unlabelled	SPOkGoodGood	Alarm(_G_-ENTRY,merge_constrained-50038)
112	0.75606	FalseGround	Unlabelled	SPOkGoodGood	Alarm(_G_-ENTRY,merge_constrained-50039)
113	0.75606	FalseGround	Unlabelled	SPOkGoodGood	Alarm(_G_-ENTRY,merge_constrained-50041)
114	0.75606	FalseGround	Unlabelled	SPOkGoodGood	Alarm(_G_-ENTRY,merge_constrained-50042)
115	0.75606	FalseGround	Unlabelled	SPOkGoodGood	Alarm(_G_-ENTRY,merge_constrained-48954)
116	0.75606	FalseGround	Unlabelled	SPOkGoodGood	Alarm(_G_-ENTRY,merge_constrained-48955)
117	0.756055	FalseGround	Unlabelled	SPOkGoodGood	Alarm(_G_-ENTRY,merge_constrained-50752)
118	0.756055	FalseGround	Unlabelled	SPOkGoodGood	Alarm(_G_-ENTRY,merge_constrained-50758)
119	0.756055	FalseGround	Unlabelled	SPOkGoodGood	Alarm(_G_-ENTRY,merge_constrained-50759)
120	0.756055	FalseGround	Unlabelled	SPOkGoodGood	Alarm(_G_-ENTRY,merge_constrained-50763)
121	0.756055	FalseGround	Unlabelled	SPOkGoodGood	Alarm(_G_-ENTRY,merge_constrained-50764)
122	0.756055	FalseGround	Unlabelled	SPOkGoodGood	Alarm(_G_-ENTRY,merge_constrained-50765)
123	0.756055	FalseGround	Unlabelled	SPOkGoodGood	Alarm(_G_-ENTRY,merge_constrained-50766)
124	0.756055	FalseGround	Unlabelled	SPOkGoodGood	Alarm(_G_-ENTRY,state_index-51921)
125	0.756055	FalseGround	Unlabelled	SPOkGoodGood	Alarm(_G_-ENTRY,merge_constrained-50020)
126	0.756055	FalseGround	Unlabelled	SPOkGoodGood	Alarm(_G_-ENTRY,merge_constrained-50021)
127	0.756055	FalseGround	Unlabelled	SPOkGoodGood	Alarm(_G_-ENTRY,merge_constrained-50022)
128	0.756055	FalseGround	Unlabelled	SPOkGoodGood	Alarm(_G_-ENTRY,merge_constrained-50023)
129	0.756055	FalseGround	Unlabelled	SPOkGoodGood	Alarm(_G_-ENTRY,merge_constrained-50026)
130	0.756055	FalseGround	Unlabelled	SPOkGoodGood	Alarm(_G_-ENTRY,merge_constrained-50027)
131	0.756055	FalseGround	Unlabelled	SPOkGoodGood	Alarm(_G_-ENTRY,merge_constrained-50030)
132	0.756055	FalseGround	Unlabelled	SPOkGoodGood	Alarm(_G_-ENTRY,merge_constrained-50031)
133	0.756055	FalseGround	Unlabelled	SPOkGoodGood	Alarm(_G_-ENTRY,merge_constrained-50032)
134	0.756055	FalseGround	Unlabelled	SPOkGoodGood	Alarm(_G_-ENTRY,merge_constrained-50033)
135	0.756055	FalseGround	Unlabelled	SPOkGoodGood	Alarm(_G_-ENTRY,merge_constrained-50034)
136	0.756055	FalseGround	Unlabelled	SPOkGoodGood	Alarm(_G_-ENTRY,merge_constrained-50035)
137	0.755673	FalseGround	Unlabelled	SPOkGoodGood	Alarm(_G_-ENTRY,dfamust-62804)
138	0.75446	FalseGround	Unlabelled	SPOkGoodGood	Alarm(_G_-ENTRY,compile_program-67647)
139	0.75446	FalseGround	Unlabelled	SPOkGoodGood	Alarm(_G_-ENTRY,compile_program-67649)
140	0.749917	FalseGround	Unlabelled	SPOkGoodGood	Alarm(_G_-ENTRY,epsclosure-52734)
141	0.749917	FalseGround	Unlabelled	SPOkGoodGood	Alarm(_G_-ENTRY,epsclosure-52735)
142	0.749917	FalseGround	Unlabelled	SPOkGoodGood	Alarm(_G_-ENTRY,epsclosure-52736)
143	0.749917	FalseGround	Unlabelled	SPOkGoodGood	Alarm(_G_-ENTRY,epsclosure-52737)
144	0.749917	FalseGround	Unlabelled	SPOkGoodGood	Alarm(_G_-ENTRY,epsclosure-52738)
145	0.749917	FalseGround	Unlabelled	SPOkGoodGood	Alarm(_G_-ENTRY,epsclosure-52739)
146	0.749917	FalseGround	Unlabelled	SPOkGoodGood	Alarm(_G_-ENTRY,epsclosure-52740)
147	0.749917	FalseGround	Unlabelled	SPOkGoodGood	Alarm(_G_-ENTRY,epsclosure-52741)
148	0.749917	FalseGround	Unlabelled	SPOkGoodGood	Alarm(_G_-ENTRY,epsclosure-52742)
149	0.749917	FalseGround	Unlabelled	SPOkGoodGood	Alarm(_G_-ENTRY,epsclosure-52743)
150	0.749917	FalseGround	Unlabelled	SPOkGoodGood	Alarm(_G_-ENTRY,epsclosure-52744)
151	0.749917	FalseGround	Unlabelled	SPOkGoodGood	Alarm(_G_-ENTRY,epsclosure-52745)
152	0.749188	FalseGround	Unlabelled	SPOkGoodGood	Alarm(_G_-ENTRY,do_list-65395)
153	0.737459	FalseGround	Unlabelled	SPOkGoodGood	Alarm(_G_-ENTRY,next_append_slot-64878)
154	0.737459	FalseGround	Unlabelled	SPOkGoodGood	Alarm(_G_-ENTRY,next_append_slot-64881)
155	0.734718	FalseGround	Unlabelled	SPOkGoodGood	Alarm(_G_-ENTRY,state_separate_contexts-52818)
156	0.734718	FalseGround	Unlabelled	SPOkGoodGood	Alarm(_G_-ENTRY,state_separate_contexts-52819)
157	0.734718	FalseGround	Unlabelled	SPOkGoodGood	Alarm(_G_-ENTRY,state_separate_contexts-52820)
158	0.734718	FalseGround	Unlabelled	SPOkGoodGood	Alarm(_G_-ENTRY,state_separate_contexts-52821)
159	0.729105	FalseGround	Unlabelled	SPOkGoodGood	Alarm(_G_-ENTRY,add1_buffer-63830)
160	0.729105	FalseGround	Unlabelled	SPOkGoodGood	Alarm(_G_-ENTRY,get_openfile-66296)
161	0.729105	FalseGround	Unlabelled	SPOkGoodGood	Alarm(_G_-ENTRY,get_openfile-66297)
162	0.729	FalseGround	Unlabelled	SPOkGoodGood	Alarm(_G_-ENTRY,build_state-57242)
163	0.729	FalseGround	Unlabelled	SPOkGoodGood	Alarm(_G_-ENTRY,build_state-57243)
164	0.729	FalseGround	Unlabelled	SPOkGoodGood	Alarm(_G_-ENTRY,ck_fclose-63418)
165	0.729	FalseGround	Unlabelled	SPOkGoodGood	Alarm(_G_-ENTRY,ck_fclose-63420)
166	0.729	FalseGround	Unlabelled	SPOkGoodGood	Alarm(_G_-ENTRY,ck_fclose-63424)
167	0.729	FalseGround	Unlabelled	SPOkGoodGood	Alarm(_G_-ENTRY,compile_program-67521)
168	0.729	FalseGround	Unlabelled	SPOkGoodGood	Alarm(_G_-ENTRY,compile_program-67582)
169	0.729	FalseGround	Unlabelled	SPOkGoodGood	Alarm(_G_-ENTRY,compile_program-67710)
170	0.729	FalseGround	Unlabelled	SPOkGoodGood	Alarm(_G_-ENTRY,dfaanalyze-53006)
171	0.729	FalseGround	Unlabelled	SPOkGoodGood	Alarm(_G_-ENTRY,dfaexec_main-61358)
172	0.729	FalseGround	Unlabelled	SPOkGoodGood	Alarm(_G_-ENTRY,dfaexec_main-61359)
173	0.729	FalseGround	Unlabelled	SPOkGoodGood	Alarm(_G_-ENTRY,execute_program-65847)
174	0.729	FalseGround	Unlabelled	SPOkGoodGood	Alarm(_G_-ENTRY,execute_program-65884)
175	0.729	FalseGround	Unlabelled	SPOkGoodGood	Alarm(_G_-ENTRY,realloc_trans_if_necessary-55239)
176	0.729	FalseGround	Unlabelled	SPOkGoodGood	Alarm(_G_-ENTRY,realloc_trans_if_necessary-55240)
177	0.729	FalseGround	Unlabelled	SPOkGoodGood	Alarm(_G_-ENTRY,setup_replacement-66929)
178	0.729	FalseGround	Unlabelled	SPOkGoodGood	Alarm(_G_-ENTRY,setup_replacement-66933)
179	0.729	FalseGround	Unlabelled	SPOkGoodGood	Alarm(_G_-ENTRY,setup_replacement-66936)
180	0.729	FalseGround	Unlabelled	SPOkGoodGood	Alarm(_G_-ENTRY,setup_replacement-66937)
181	0.729	FalseGround	Unlabelled	SPOkGoodGood	Alarm(_G_-ENTRY,setup_replacement-66938)
182	0.729	FalseGround	Unlabelled	SPOkGoodGood	Alarm(_G_-ENTRY,setup_replacement-66950)
183	0.729	FalseGround	Unlabelled	SPOkGoodGood	Alarm(_G_-ENTRY,setup_replacement-66953)
184	0.729	FalseGround	Unlabelled	SPOkGoodGood	Alarm(_G_-ENTRY,setup_replacement-66956)
185	0.729	FalseGround	Unlabelled	SPOkGoodGood	Alarm(_G_-ENTRY,setup_replacement-66960)
186	0.729	FalseGround	Unlabelled	SPOkGoodGood	Alarm(_G_-ENTRY,setup_replacement-66962)
187	0.729	FalseGround	Unlabelled	SPOkGoodGood	Alarm(_G_-ENTRY,transit_state-59276)
188	0.729	FalseGround	Unlabelled	SPOkGoodGood	Alarm(_G_-ENTRY,transit_state-59277)
189	0.729	FalseGround	Unlabelled	SPOkGoodGood	Alarm(_G_-ENTRY,setup_replacement-66913)
190	0.729	FalseGround	Unlabelled	SPOkGoodGood	Alarm(_G_-ENTRY,setup_replacement-66914)
191	0.725355	FalseGround	Unlabelled	SPOkGoodGood	Alarm(_G_-ENTRY,normalize_text-68470)
192	0.725355	FalseGround	Unlabelled	SPOkGoodGood	Alarm(_G_-ENTRY,normalize_text-68385)
193	0.725355	FalseGround	Unlabelled	SPOkGoodGood	Alarm(_G_-ENTRY,normalize_text-68386)
194	0.725355	FalseGround	Unlabelled	SPOkGoodGood	Alarm(_G_-ENTRY,normalize_text-68387)
195	0.725355	FalseGround	Unlabelled	SPOkGoodGood	Alarm(_G_-ENTRY,normalize_text-68388)
196	0.724722	FalseGround	Unlabelled	SPOkGoodGood	Alarm(_G_-ENTRY,match_address_p-65301)
197	0.724722	FalseGround	Unlabelled	SPOkGoodGood	Alarm(_G_-ENTRY,match_address_p-65303)
198	0.724722	FalseGround	Unlabelled	SPOkGoodGood	Alarm(_G_-ENTRY,match_address_p-65306)
199	0.724722	FalseGround	Unlabelled	SPOkGoodGood	Alarm(_G_-ENTRY,match_address_p-65307)
200	0.720578	FalseGround	Unlabelled	SPOkGoodGood	Alarm(_G_-ENTRY,ck_memdup-63748)
201	0.720578	FalseGround	Unlabelled	SPOkGoodGood	Alarm(_G_-ENTRY,follow_symlink-63574)
202	0.714871	FalseGround	Unlabelled	SPOkGoodGood	Alarm(_G_-ENTRY,compile_program-67554)
203	0.714871	FalseGround	Unlabelled	SPOkGoodGood	Alarm(_G_-ENTRY,setup_replacement-66935)
204	0.709788	FalseGround	Unlabelled	SPOkGoodGood	Alarm(_G_-ENTRY,register_open_file-63229)
205	0.701738	FalseGround	Unlabelled	SPOkGoodGood	Alarm(_G_-ENTRY,match_address_p-65286)
206	0.701738	FalseGround	Unlabelled	SPOkGoodGood	Alarm(_G_-ENTRY,match_address_p-65287)
207	0.699982	FalseGround	Unlabelled	SPOkGoodGood	Alarm(_G_-ENTRY,compile_regex-64301)
208	0.699982	FalseGround	Unlabelled	SPOkGoodGood	Alarm(_G_-ENTRY,compile_regex-64303)
209	0.699982	FalseGround	Unlabelled	SPOkGoodGood	Alarm(_G_-ENTRY,compile_regex-64304)
210	0.698771	FalseGround	Unlabelled	SPOkGoodGood	Alarm(_G_-ENTRY,panic-63163)
211	0.697436	FalseGround	Unlabelled	SPOkGoodGood	Alarm(_G_-ENTRY,ck_strdup-63734)
212	0.686772	FalseGround	Unlabelled	SPOkGoodGood	Alarm(_G_-ENTRY,next_cmd_entry-66318)
213	0.686772	FalseGround	Unlabelled	SPOkGoodGood	Alarm(_G_-ENTRY,next_cmd_entry-66319)
214	0.686772	FalseGround	Unlabelled	SPOkGoodGood	Alarm(_G_-ENTRY,next_cmd_entry-66320)
215	0.686772	FalseGround	Unlabelled	SPOkGoodGood	Alarm(_G_-ENTRY,next_cmd_entry-66309)
216	0.686772	FalseGround	Unlabelled	SPOkGoodGood	Alarm(_G_-ENTRY,next_cmd_entry-66310)
217	0.686454	FalseGround	Unlabelled	SPOkGoodGood	Alarm(_G_-ENTRY,get_charset_aliases-33609)
218	0.686089	FalseGround	Unlabelled	SPOkGoodGood	Alarm(_G_-ENTRY,translate_mb-65620)
219	0.681025	FalseGround	Unlabelled	SPOkGoodGood	Alarm(_G_-ENTRY,do_list-65323)
220	0.681025	FalseGround	Unlabelled	SPOkGoodGood	Alarm(_G_-ENTRY,do_list-65324)
221	0.677685	FalseGround	Unlabelled	SPOkGoodGood	Alarm(_G_-ENTRY,compile_program-67639)
222	0.6561	FalseGround	Unlabelled	SPOkGoodGood	Alarm(_G_-ENTRY,ck_fclose-63419)
223	0.6561	FalseGround	Unlabelled	SPOkGoodGood	Alarm(_G_-ENTRY,ck_fclose-63423)
224	0.6561	FalseGround	Unlabelled	SPOkGoodGood	Alarm(_G_-ENTRY,compile_program-67692)
225	0.6561	FalseGround	Unlabelled	SPOkGoodGood	Alarm(_G_-ENTRY,dfaanalyze-52975)
226	0.6561	FalseGround	Unlabelled	SPOkGoodGood	Alarm(_G_-ENTRY,dfaanalyze-53002)
227	0.6561	FalseGround	Unlabelled	SPOkGoodGood	Alarm(_G_-ENTRY,dfaanalyze-53007)
228	0.6561	FalseGround	Unlabelled	SPOkGoodGood	Alarm(_G_-ENTRY,execute_program-65861)
229	0.6561	FalseGround	Unlabelled	SPOkGoodGood	Alarm(_G_-ENTRY,next_cmd_entry-66334)
230	0.6561	FalseGround	Unlabelled	SPOkGoodGood	Alarm(_G_-ENTRY,next_cmd_entry-66335)
231	0.6561	FalseGround	Unlabelled	SPOkGoodGood	Alarm(_G_-ENTRY,resize_buffer-63809)
232	0.6561	FalseGround	Unlabelled	SPOkGoodGood	Alarm(_G_-ENTRY,state_index-52650)
233	0.6561	FalseGround	Unlabelled	SPOkGoodGood	Alarm(_G_-ENTRY,state_index-52672)
234	0.6561	FalseGround	Unlabelled	SPOkGoodGood	Alarm(_G_-ENTRY,ck_fclose-63412)
235	0.6561	FalseGround	Unlabelled	SPOkGoodGood	Alarm(_G_-ENTRY,ck_fclose-63413)
236	0.6561	FalseGround	Unlabelled	SPOkGoodGood	Alarm(_G_-ENTRY,epsclosure-52722)
237	0.6561	FalseGround	Unlabelled	SPOkGoodGood	Alarm(_G_-ENTRY,epsclosure-52723)
238	0.6561	FalseGround	Unlabelled	SPOkGoodGood	Alarm(_G_-ENTRY,epsclosure-52750)
239	0.6561	FalseGround	Unlabelled	SPOkGoodGood	Alarm(_G_-ENTRY,epsclosure-52751)
240	0.6561	FalseGround	Unlabelled	SPOkGoodGood	Alarm(_G_-ENTRY,get_charset_aliases-33555)
241	0.6561	FalseGround	Unlabelled	SPOkGoodGood	Alarm(_G_-ENTRY,get_charset_aliases-33556)
242	0.6561	FalseGround	Unlabelled	SPOkGoodGood	Alarm(_G_-ENTRY,state_index-50823)
243	0.6561	FalseGround	Unlabelled	SPOkGoodGood	Alarm(_G_-ENTRY,state_index-50824)
244	0.6561	FalseGround	Unlabelled	SPOkGoodGood	Alarm(_G_-ENTRY,state_index-50827)
245	0.6561	FalseGround	Unlabelled	SPOkGoodGood	Alarm(_G_-ENTRY,state_index-50828)
246	0.643384	FalseGround	Unlabelled	SPOkGoodGood	Alarm(_G_-ENTRY,convert_number-66191)
247	0.643384	FalseGround	Unlabelled	SPOkGoodGood	Alarm(_G_-ENTRY,match_address_p-65300)
248	0.626839	FalseGround	Unlabelled	SPOkGoodGood	Alarm(_G_-ENTRY,release_append_queue-64890)
249	0.626839	FalseGround	Unlabelled	SPOkGoodGood	Alarm(_G_-ENTRY,release_append_queue-64891)
250	0.626839	FalseGround	Unlabelled	SPOkGoodGood	Alarm(_G_-ENTRY,release_append_queue-64887)
251	0.626839	FalseGround	Unlabelled	SPOkGoodGood	Alarm(_G_-ENTRY,release_append_queue-64888)
252	0.623777	FalseGround	Unlabelled	SPOkGoodGood	Alarm(_G_-ENTRY,finish_program-68664)
253	0.623777	FalseGround	Unlabelled	SPOkGoodGood	Alarm(_G_-ENTRY,finish_program-68668)
254	0.623151	FalseGround	Unlabelled	SPOkGoodGood	Alarm(_G_-ENTRY,locale_charset-33691)
255	0.623151	FalseGround	Unlabelled	SPOkGoodGood	Alarm(_G_-ENTRY,locale_charset-33692)
256	0.623151	FalseGround	Unlabelled	SPOkGoodGood	Alarm(_G_-ENTRY,locale_charset-33699)
257	0.623151	FalseGround	Unlabelled	SPOkGoodGood	Alarm(_G_-ENTRY,locale_charset-33700)
258	0.614194	FalseGround	Unlabelled	SPOkGoodGood	Alarm(_G_-ENTRY,follow_symlink-63611)
259	0.612405	FalseGround	Unlabelled	SPOkGoodGood	Alarm(_G_-ENTRY,compile_program-67443)
260	0.612405	FalseGround	Unlabelled	SPOkGoodGood	Alarm(_G_-ENTRY,compile_program-67444)
261	0.612405	FalseGround	Unlabelled	SPOkGoodGood	Alarm(_G_-ENTRY,compile_program-67456)
262	0.612405	FalseGround	Unlabelled	SPOkGoodGood	Alarm(_G_-ENTRY,compile_program-67463)
263	0.612405	FalseGround	Unlabelled	SPOkGoodGood	Alarm(_G_-ENTRY,compile_program-67471)
264	0.612405	FalseGround	Unlabelled	SPOkGoodGood	Alarm(_G_-ENTRY,compile_program-67511)
265	0.612405	FalseGround	Unlabelled	SPOkGoodGood	Alarm(_G_-ENTRY,compile_program-67512)
266	0.612405	FalseGround	Unlabelled	SPOkGoodGood	Alarm(_G_-ENTRY,compile_program-67538)
267	0.612405	FalseGround	Unlabelled	SPOkGoodGood	Alarm(_G_-ENTRY,compile_program-67539)
268	0.612405	FalseGround	Unlabelled	SPOkGoodGood	Alarm(_G_-ENTRY,compile_program-67150)
269	0.612405	FalseGround	Unlabelled	SPOkGoodGood	Alarm(_G_-ENTRY,compile_program-67151)
270	0.612405	FalseGround	Unlabelled	SPOkGoodGood	Alarm(_G_-ENTRY,compile_program-67152)
271	0.612405	FalseGround	Unlabelled	SPOkGoodGood	Alarm(_G_-ENTRY,compile_program-67153)
272	0.612405	FalseGround	Unlabelled	SPOkGoodGood	Alarm(_G_-ENTRY,compile_program-67366)
273	0.612405	FalseGround	Unlabelled	SPOkGoodGood	Alarm(_G_-ENTRY,compile_program-67367)
274	0.605611	FalseGround	Unlabelled	SPOkGoodGood	Alarm(_G_-ENTRY,enlist-61961)
275	0.594279	FalseGround	Unlabelled	SPOkGoodGood	Alarm(_G_-ENTRY,get_charset_aliases-33559)
276	0.594279	FalseGround	Unlabelled	SPOkGoodGood	Alarm(_G_-ENTRY,get_charset_aliases-33560)
277	0.59049	FalseGround	Unlabelled	SPOkGoodGood	Alarm(_G_-ENTRY,add1_buffer-63828)
278	0.59049	FalseGround	Unlabelled	SPOkGoodGood	Alarm(_G_-ENTRY,check_final_program-68609)
279	0.59049	FalseGround	Unlabelled	SPOkGoodGood	Alarm(_G_-ENTRY,compile_program-67478)
280	0.59049	FalseGround	Unlabelled	SPOkGoodGood	Alarm(_G_-ENTRY,compile_program-67528)
281	0.59049	FalseGround	Unlabelled	SPOkGoodGood	Alarm(_G_-ENTRY,compile_program-67530)
282	0.59049	FalseGround	Unlabelled	SPOkGoodGood	Alarm(_G_-ENTRY,compile_program-67579)
283	0.59049	FalseGround	Unlabelled	SPOkGoodGood	Alarm(_G_-ENTRY,compile_program-67585)
284	0.59049	FalseGround	Unlabelled	SPOkGoodGood	Alarm(_G_-ENTRY,compile_program-67700)
285	0.59049	FalseGround	Unlabelled	SPOkGoodGood	Alarm(_G_-ENTRY,delete-50804)
286	0.59049	FalseGround	Unlabelled	SPOkGoodGood	Alarm(_G_-ENTRY,dump_append_queue-64917)
287	0.59049	FalseGround	Unlabelled	SPOkGoodGood	Alarm(_G_-ENTRY,execute_program-65776)
288	0.59049	FalseGround	Unlabelled	SPOkGoodGood	Alarm(_G_-ENTRY,execute_program-65777)
289	0.59049	FalseGround	Unlabelled	SPOkGoodGood	Alarm(_G_-ENTRY,execute_program-65781)
290	0.59049	FalseGround	Unlabelled	SPOkGoodGood	Alarm(_G_-ENTRY,execute_program-65782)
291	0.59049	FalseGround	Unlabelled	SPOkGoodGood	Alarm(_G_-ENTRY,execute_program-65783)
292	0.59049	FalseGround	Unlabelled	SPOkGoodGood	Alarm(_G_-ENTRY,execute_program-65784)
293	0.59049	FalseGround	Unlabelled	SPOkGoodGood	Alarm(_G_-ENTRY,execute_program-65785)
294	0.59049	FalseGround	Unlabelled	SPOkGoodGood	Alarm(_G_-ENTRY,execute_program-65791)
295	0.59049	FalseGround	Unlabelled	SPOkGoodGood	Alarm(_G_-ENTRY,execute_program-65792)
296	0.59049	FalseGround	Unlabelled	SPOkGoodGood	Alarm(_G_-ENTRY,execute_program-65796)
297	0.59049	FalseGround	Unlabelled	SPOkGoodGood	Alarm(_G_-ENTRY,execute_program-65797)
298	0.59049	FalseGround	Unlabelled	SPOkGoodGood	Alarm(_G_-ENTRY,execute_program-65814)
299	0.59049	FalseGround	Unlabelled	SPOkGoodGood	Alarm(_G_-ENTRY,execute_program-65816)
300	0.59049	FalseGround	Unlabelled	SPOkGoodGood	Alarm(_G_-ENTRY,execute_program-65827)
301	0.59049	FalseGround	Unlabelled	SPOkGoodGood	Alarm(_G_-ENTRY,execute_program-65837)
302	0.59049	FalseGround	Unlabelled	SPOkGoodGood	Alarm(_G_-ENTRY,execute_program-65840)
303	0.59049	FalseGround	Unlabelled	SPOkGoodGood	Alarm(_G_-ENTRY,execute_program-65841)
304	0.59049	FalseGround	Unlabelled	SPOkGoodGood	Alarm(_G_-ENTRY,execute_program-65843)
305	0.59049	FalseGround	Unlabelled	SPOkGoodGood	Alarm(_G_-ENTRY,execute_program-65846)
306	0.59049	FalseGround	Unlabelled	SPOkGoodGood	Alarm(_G_-ENTRY,execute_program-65848)
307	0.59049	FalseGround	Unlabelled	SPOkGoodGood	Alarm(_G_-ENTRY,execute_program-65849)
308	0.59049	FalseGround	Unlabelled	SPOkGoodGood	Alarm(_G_-ENTRY,execute_program-65851)
309	0.59049	FalseGround	Unlabelled	SPOkGoodGood	Alarm(_G_-ENTRY,execute_program-65852)
310	0.59049	FalseGround	Unlabelled	SPOkGoodGood	Alarm(_G_-ENTRY,execute_program-65854)
311	0.59049	FalseGround	Unlabelled	SPOkGoodGood	Alarm(_G_-ENTRY,execute_program-65855)
312	0.59049	FalseGround	Unlabelled	SPOkGoodGood	Alarm(_G_-ENTRY,execute_program-65866)
313	0.59049	FalseGround	Unlabelled	SPOkGoodGood	Alarm(_G_-ENTRY,follow_symlink-63533)
314	0.59049	TrueGround	Unlabelled	SPOkGoodGood	Alarm(_G_-ENTRY,match_regex-64409)
315	0.59049	FalseGround	Unlabelled	SPOkGoodGood	Alarm(_G_-ENTRY,match_regex-64415)
316	0.59049	FalseGround	Unlabelled	SPOkGoodGood	Alarm(_G_-ENTRY,next_cmd_entry-66336)
317	0.59049	FalseGround	Unlabelled	SPOkGoodGood	Alarm(_G_-ENTRY,next_cmd_entry-66337)
318	0.59049	FalseGround	Unlabelled	SPOkGoodGood	Alarm(_G_-ENTRY,next_cmd_entry-66338)
319	0.59049	FalseGround	Unlabelled	SPOkGoodGood	Alarm(_G_-ENTRY,next_cmd_entry-66339)
320	0.59049	FalseGround	Unlabelled	SPOkGoodGood	Alarm(_G_-ENTRY,next_cmd_entry-66340)
321	0.59049	FalseGround	Unlabelled	SPOkGoodGood	Alarm(_G_-ENTRY,register_open_file-63216)
322	0.59049	FalseGround	Unlabelled	SPOkGoodGood	Alarm(_G_-ENTRY,register_open_file-63225)
323	0.59049	FalseGround	Unlabelled	SPOkGoodGood	Alarm(_G_-ENTRY,resize_buffer-63788)
324	0.59049	FalseGround	Unlabelled	SPOkGoodGood	Alarm(_G_-ENTRY,resize_buffer-63790)
325	0.59049	FalseGround	Unlabelled	SPOkGoodGood	Alarm(_G_-ENTRY,resize_buffer-63793)
326	0.59049	FalseGround	Unlabelled	SPOkGoodGood	Alarm(_G_-ENTRY,ck_fclose-63421)
327	0.59049	FalseGround	Unlabelled	SPOkGoodGood	Alarm(_G_-ENTRY,ck_fclose-63425)
328	0.59049	FalseGround	Unlabelled	SPOkGoodGood	Alarm(_G_-ENTRY,compile_program-67194)
329	0.59049	FalseGround	Unlabelled	SPOkGoodGood	Alarm(_G_-ENTRY,compile_program-67195)
330	0.59049	FalseGround	Unlabelled	SPOkGoodGood	Alarm(_G_-ENTRY,compile_program-67270)
331	0.59049	FalseGround	Unlabelled	SPOkGoodGood	Alarm(_G_-ENTRY,compile_program-67271)
332	0.59049	FalseGround	Unlabelled	SPOkGoodGood	Alarm(_G_-ENTRY,compile_program-67298)
333	0.59049	FalseGround	Unlabelled	SPOkGoodGood	Alarm(_G_-ENTRY,compile_program-67299)
334	0.59049	FalseGround	Unlabelled	SPOkGoodGood	Alarm(_G_-ENTRY,compile_program-67322)
335	0.59049	FalseGround	Unlabelled	SPOkGoodGood	Alarm(_G_-ENTRY,compile_program-67323)
336	0.59049	FalseGround	Unlabelled	SPOkGoodGood	Alarm(_G_-ENTRY,compile_program-67326)
337	0.59049	FalseGround	Unlabelled	SPOkGoodGood	Alarm(_G_-ENTRY,compile_program-67327)
338	0.59049	FalseGround	Unlabelled	SPOkGoodGood	Alarm(_G_-ENTRY,delete-50793)
339	0.59049	FalseGround	Unlabelled	SPOkGoodGood	Alarm(_G_-ENTRY,delete-50794)
340	0.59049	FalseGround	Unlabelled	SPOkGoodGood	Alarm(_G_-ENTRY,delete-50795)
341	0.59049	FalseGround	Unlabelled	SPOkGoodGood	Alarm(_G_-ENTRY,delete-50796)
342	0.59049	FalseGround	Unlabelled	SPOkGoodGood	Alarm(_G_-ENTRY,execute_program-65636)
343	0.59049	FalseGround	Unlabelled	SPOkGoodGood	Alarm(_G_-ENTRY,execute_program-65637)
344	0.59049	FalseGround	Unlabelled	SPOkGoodGood	Alarm(_G_-ENTRY,execute_program-65706)
345	0.59049	FalseGround	Unlabelled	SPOkGoodGood	Alarm(_G_-ENTRY,execute_program-65707)
346	0.59049	FalseGround	Unlabelled	SPOkGoodGood	Alarm(_G_-ENTRY,execute_program-65726)
347	0.59049	FalseGround	Unlabelled	SPOkGoodGood	Alarm(_G_-ENTRY,execute_program-65727)
348	0.59049	FalseGround	Unlabelled	SPOkGoodGood	Alarm(_G_-ENTRY,execute_program-65748)
349	0.59049	FalseGround	Unlabelled	SPOkGoodGood	Alarm(_G_-ENTRY,execute_program-65749)
350	0.59049	FalseGround	Unlabelled	SPOkGoodGood	Alarm(_G_-ENTRY,execute_program-65750)
351	0.59049	FalseGround	Unlabelled	SPOkGoodGood	Alarm(_G_-ENTRY,execute_program-65751)
352	0.59049	FalseGround	Unlabelled	SPOkGoodGood	Alarm(_G_-ENTRY,execute_program-65752)
353	0.59049	FalseGround	Unlabelled	SPOkGoodGood	Alarm(_G_-ENTRY,execute_program-65753)
354	0.59049	FalseGround	Unlabelled	SPOkGoodGood	Alarm(_G_-ENTRY,execute_program-65762)
355	0.59049	FalseGround	Unlabelled	SPOkGoodGood	Alarm(_G_-ENTRY,execute_program-65763)
356	0.59049	FalseGround	Unlabelled	SPOkGoodGood	Alarm(_G_-ENTRY,execute_program-65764)
357	0.59049	FalseGround	Unlabelled	SPOkGoodGood	Alarm(_G_-ENTRY,execute_program-65765)
358	0.59049	FalseGround	Unlabelled	SPOkGoodGood	Alarm(_G_-ENTRY,match_regex-64340)
359	0.59049	FalseGround	Unlabelled	SPOkGoodGood	Alarm(_G_-ENTRY,match_regex-64341)
360	0.59049	FalseGround	Unlabelled	SPOkGoodGood	Alarm(_G_-ENTRY,register_open_file-63208)
361	0.59049	FalseGround	Unlabelled	SPOkGoodGood	Alarm(_G_-ENTRY,register_open_file-63209)
362	0.59049	FalseGround	Unlabelled	SPOkGoodGood	Alarm(_G_-ENTRY,convert_number-66118)
363	0.59049	FalseGround	Unlabelled	SPOkGoodGood	Alarm(_G_-ENTRY,convert_number-66119)
364	0.59049	FalseGround	Unlabelled	SPOkGoodGood	Alarm(_G_-ENTRY,convert_number-66120)
365	0.59049	FalseGround	Unlabelled	SPOkGoodGood	Alarm(_G_-ENTRY,convert_number-66121)
366	0.59049	FalseGround	Unlabelled	SPOkGoodGood	Alarm(_G_-ENTRY,convert_number-66122)
367	0.59049	FalseGround	Unlabelled	SPOkGoodGood	Alarm(_G_-ENTRY,convert_number-66123)
368	0.59049	FalseGround	Unlabelled	SPOkGoodGood	Alarm(_G_-ENTRY,convert_number-66124)
369	0.59049	FalseGround	Unlabelled	SPOkGoodGood	Alarm(_G_-ENTRY,convert_number-66125)
370	0.59049	FalseGround	Unlabelled	SPOkGoodGood	Alarm(_G_-ENTRY,convert_number-66126)
371	0.59049	FalseGround	Unlabelled	SPOkGoodGood	Alarm(_G_-ENTRY,convert_number-66127)
372	0.59049	FalseGround	Unlabelled	SPOkGoodGood	Alarm(_G_-ENTRY,convert_number-66128)
373	0.59049	FalseGround	Unlabelled	SPOkGoodGood	Alarm(_G_-ENTRY,convert_number-66129)
374	0.59049	FalseGround	Unlabelled	SPOkGoodGood	Alarm(_G_-ENTRY,convert_number-66130)
375	0.59049	FalseGround	Unlabelled	SPOkGoodGood	Alarm(_G_-ENTRY,convert_number-66131)
376	0.59049	FalseGround	Unlabelled	SPOkGoodGood	Alarm(_G_-ENTRY,convert_number-66132)
377	0.59049	FalseGround	Unlabelled	SPOkGoodGood	Alarm(_G_-ENTRY,convert_number-66133)
378	0.59049	FalseGround	Unlabelled	SPOkGoodGood	Alarm(_G_-ENTRY,convert_number-66134)
379	0.59049	FalseGround	Unlabelled	SPOkGoodGood	Alarm(_G_-ENTRY,convert_number-66135)
380	0.59049	FalseGround	Unlabelled	SPOkGoodGood	Alarm(_G_-ENTRY,convert_number-66136)
381	0.59049	FalseGround	Unlabelled	SPOkGoodGood	Alarm(_G_-ENTRY,convert_number-66137)
382	0.59049	FalseGround	Unlabelled	SPOkGoodGood	Alarm(_G_-ENTRY,convert_number-66138)
383	0.59049	FalseGround	Unlabelled	SPOkGoodGood	Alarm(_G_-ENTRY,convert_number-66139)
384	0.59049	FalseGround	Unlabelled	SPOkGoodGood	Alarm(_G_-ENTRY,convert_number-66140)
385	0.59049	FalseGround	Unlabelled	SPOkGoodGood	Alarm(_G_-ENTRY,convert_number-66141)
386	0.59049	FalseGround	Unlabelled	SPOkGoodGood	Alarm(_G_-ENTRY,convert_number-66142)
387	0.59049	FalseGround	Unlabelled	SPOkGoodGood	Alarm(_G_-ENTRY,convert_number-66143)
388	0.59049	FalseGround	Unlabelled	SPOkGoodGood	Alarm(_G_-ENTRY,convert_number-66144)
389	0.59049	FalseGround	Unlabelled	SPOkGoodGood	Alarm(_G_-ENTRY,convert_number-66145)
390	0.59049	FalseGround	Unlabelled	SPOkGoodGood	Alarm(_G_-ENTRY,convert_number-66146)
391	0.59049	FalseGround	Unlabelled	SPOkGoodGood	Alarm(_G_-ENTRY,convert_number-66147)
392	0.59049	FalseGround	Unlabelled	SPOkGoodGood	Alarm(_G_-ENTRY,convert_number-66148)
393	0.59049	FalseGround	Unlabelled	SPOkGoodGood	Alarm(_G_-ENTRY,convert_number-66149)
394	0.59049	FalseGround	Unlabelled	SPOkGoodGood	Alarm(_G_-ENTRY,convert_number-66150)
395	0.59049	FalseGround	Unlabelled	SPOkGoodGood	Alarm(_G_-ENTRY,convert_number-66151)
396	0.59049	FalseGround	Unlabelled	SPOkGoodGood	Alarm(_G_-ENTRY,convert_number-66152)
397	0.59049	FalseGround	Unlabelled	SPOkGoodGood	Alarm(_G_-ENTRY,convert_number-66153)
398	0.59049	FalseGround	Unlabelled	SPOkGoodGood	Alarm(_G_-ENTRY,convert_number-66154)
399	0.59049	FalseGround	Unlabelled	SPOkGoodGood	Alarm(_G_-ENTRY,convert_number-66155)
400	0.59049	FalseGround	Unlabelled	SPOkGoodGood	Alarm(_G_-ENTRY,convert_number-66156)
401	0.59049	FalseGround	Unlabelled	SPOkGoodGood	Alarm(_G_-ENTRY,convert_number-66157)
402	0.59049	FalseGround	Unlabelled	SPOkGoodGood	Alarm(_G_-ENTRY,convert_number-66158)
403	0.59049	FalseGround	Unlabelled	SPOkGoodGood	Alarm(_G_-ENTRY,convert_number-66159)
404	0.59049	FalseGround	Unlabelled	SPOkGoodGood	Alarm(_G_-ENTRY,convert_number-66160)
405	0.59049	FalseGround	Unlabelled	SPOkGoodGood	Alarm(_G_-ENTRY,convert_number-66161)
406	0.59049	FalseGround	Unlabelled	SPOkGoodGood	Alarm(_G_-ENTRY,dfaanalyze-52857)
407	0.59049	FalseGround	Unlabelled	SPOkGoodGood	Alarm(_G_-ENTRY,dfaanalyze-52858)
408	0.587538	FalseGround	Unlabelled	SPOkGoodGood	Alarm(_G_-ENTRY,normalize_text-68439)
409	0.587538	FalseGround	Unlabelled	SPOkGoodGood	Alarm(_G_-ENTRY,normalize_text-68443)
410	0.587538	FalseGround	Unlabelled	SPOkGoodGood	Alarm(_G_-ENTRY,normalize_text-68447)
411	0.587538	FalseGround	Unlabelled	SPOkGoodGood	Alarm(_G_-ENTRY,normalize_text-68451)
412	0.587538	FalseGround	Unlabelled	SPOkGoodGood	Alarm(_G_-ENTRY,normalize_text-68455)
413	0.587538	FalseGround	Unlabelled	SPOkGoodGood	Alarm(_G_-ENTRY,normalize_text-68459)
414	0.587538	FalseGround	Unlabelled	SPOkGoodGood	Alarm(_G_-ENTRY,normalize_text-68467)
415	0.587538	FalseGround	Unlabelled	SPOkGoodGood	Alarm(_G_-ENTRY,normalize_text-68474)
416	0.587538	FalseGround	Unlabelled	SPOkGoodGood	Alarm(_G_-ENTRY,normalize_text-68481)
417	0.587538	FalseGround	Unlabelled	SPOkGoodGood	Alarm(_G_-ENTRY,normalize_text-68484)
418	0.587538	FalseGround	Unlabelled	SPOkGoodGood	Alarm(_G_-ENTRY,normalize_text-68357)
419	0.587538	FalseGround	Unlabelled	SPOkGoodGood	Alarm(_G_-ENTRY,normalize_text-68358)
420	0.587538	FalseGround	Unlabelled	SPOkGoodGood	Alarm(_G_-ENTRY,normalize_text-68359)
421	0.587538	FalseGround	Unlabelled	SPOkGoodGood	Alarm(_G_-ENTRY,normalize_text-68360)
422	0.587538	FalseGround	Unlabelled	SPOkGoodGood	Alarm(_G_-ENTRY,normalize_text-68361)
423	0.587538	FalseGround	Unlabelled	SPOkGoodGood	Alarm(_G_-ENTRY,normalize_text-68362)
424	0.587538	FalseGround	Unlabelled	SPOkGoodGood	Alarm(_G_-ENTRY,normalize_text-68363)
425	0.587538	FalseGround	Unlabelled	SPOkGoodGood	Alarm(_G_-ENTRY,normalize_text-68364)
426	0.587538	FalseGround	Unlabelled	SPOkGoodGood	Alarm(_G_-ENTRY,normalize_text-68365)
427	0.587538	FalseGround	Unlabelled	SPOkGoodGood	Alarm(_G_-ENTRY,normalize_text-68366)
428	0.587538	FalseGround	Unlabelled	SPOkGoodGood	Alarm(_G_-ENTRY,normalize_text-68367)
429	0.587538	FalseGround	Unlabelled	SPOkGoodGood	Alarm(_G_-ENTRY,normalize_text-68368)
430	0.587538	FalseGround	Unlabelled	SPOkGoodGood	Alarm(_G_-ENTRY,normalize_text-68369)
431	0.587538	FalseGround	Unlabelled	SPOkGoodGood	Alarm(_G_-ENTRY,normalize_text-68370)
432	0.587538	FalseGround	Unlabelled	SPOkGoodGood	Alarm(_G_-ENTRY,normalize_text-68371)
433	0.587538	FalseGround	Unlabelled	SPOkGoodGood	Alarm(_G_-ENTRY,normalize_text-68372)
434	0.587538	FalseGround	Unlabelled	SPOkGoodGood	Alarm(_G_-ENTRY,normalize_text-68373)
435	0.587538	FalseGround	Unlabelled	SPOkGoodGood	Alarm(_G_-ENTRY,normalize_text-68374)
436	0.587538	FalseGround	Unlabelled	SPOkGoodGood	Alarm(_G_-ENTRY,normalize_text-68375)
437	0.587538	FalseGround	Unlabelled	SPOkGoodGood	Alarm(_G_-ENTRY,normalize_text-68376)
438	0.587538	FalseGround	Unlabelled	SPOkGoodGood	Alarm(_G_-ENTRY,normalize_text-68377)
439	0.587538	FalseGround	Unlabelled	SPOkGoodGood	Alarm(_G_-ENTRY,normalize_text-68378)
440	0.587538	FalseGround	Unlabelled	SPOkGoodGood	Alarm(_G_-ENTRY,normalize_text-68397)
441	0.587538	FalseGround	Unlabelled	SPOkGoodGood	Alarm(_G_-ENTRY,normalize_text-68398)
442	0.587538	FalseGround	Unlabelled	SPOkGoodGood	Alarm(_G_-ENTRY,normalize_text-68399)
443	0.587538	FalseGround	Unlabelled	SPOkGoodGood	Alarm(_G_-ENTRY,normalize_text-68400)
444	0.587538	FalseGround	Unlabelled	SPOkGoodGood	Alarm(_G_-ENTRY,normalize_text-68401)
445	0.587538	FalseGround	Unlabelled	SPOkGoodGood	Alarm(_G_-ENTRY,normalize_text-68402)
446	0.587538	FalseGround	Unlabelled	SPOkGoodGood	Alarm(_G_-ENTRY,normalize_text-68403)
447	0.587538	FalseGround	Unlabelled	SPOkGoodGood	Alarm(_G_-ENTRY,normalize_text-68404)
448	0.587538	FalseGround	Unlabelled	SPOkGoodGood	Alarm(_G_-ENTRY,normalize_text-68405)
449	0.587538	FalseGround	Unlabelled	SPOkGoodGood	Alarm(_G_-ENTRY,normalize_text-68406)
450	0.579045	FalseGround	Unlabelled	SPOkGoodGood	Alarm(_G_-ENTRY,setup_replacement-66949)
451	0.574138	FalseGround	Unlabelled	SPOkGoodGood	Alarm(_G_-ENTRY,normalize_text-68433)
452	0.570996	FalseGround	Unlabelled	SPOkGoodGood	Alarm(_G_-ENTRY,get_backup_file_name-64956)
453	0.566004	FalseGround	Unlabelled	SPOkGoodGood	Alarm(_G_-ENTRY,init_buffer-63772)
454	0.555779	FalseGround	Unlabelled	SPOkGoodGood	Alarm(_G_-ENTRY,match_an_address_p-65234)
455	0.555779	FalseGround	Unlabelled	SPOkGoodGood	Alarm(_G_-ENTRY,match_an_address_p-65235)
456	0.555779	FalseGround	Unlabelled	SPOkGoodGood	Alarm(_G_-ENTRY,match_an_address_p-65236)
457	0.555779	FalseGround	Unlabelled	SPOkGoodGood	Alarm(_G_-ENTRY,match_an_address_p-65237)
458	0.555779	FalseGround	Unlabelled	SPOkGoodGood	Alarm(_G_-ENTRY,match_an_address_p-65238)
459	0.555779	FalseGround	Unlabelled	SPOkGoodGood	Alarm(_G_-ENTRY,match_an_address_p-65239)
460	0.555779	FalseGround	Unlabelled	SPOkGoodGood	Alarm(_G_-ENTRY,match_an_address_p-65240)
461	0.555779	FalseGround	Unlabelled	SPOkGoodGood	Alarm(_G_-ENTRY,match_an_address_p-65241)
462	0.555779	FalseGround	Unlabelled	SPOkGoodGood	Alarm(_G_-ENTRY,match_an_address_p-65242)
463	0.555779	FalseGround	Unlabelled	SPOkGoodGood	Alarm(_G_-ENTRY,match_an_address_p-65243)
464	0.555779	FalseGround	Unlabelled	SPOkGoodGood	Alarm(_G_-ENTRY,match_an_address_p-65244)
465	0.555779	FalseGround	Unlabelled	SPOkGoodGood	Alarm(_G_-ENTRY,match_an_address_p-65245)
466	0.555779	FalseGround	Unlabelled	SPOkGoodGood	Alarm(_G_-ENTRY,match_an_address_p-65246)
467	0.555779	FalseGround	Unlabelled	SPOkGoodGood	Alarm(_G_-ENTRY,match_an_address_p-65247)
468	0.554599	FalseGround	Unlabelled	SPOkGoodGood	Alarm(_G_-ENTRY,quotearg_buffer_restyled-32641)
469	0.554599	FalseGround	Unlabelled	SPOkGoodGood	Alarm(_G_-ENTRY,quotearg_buffer_restyled-32652)
470	0.554599	FalseGround	Unlabelled	SPOkGoodGood	Alarm(_G_-ENTRY,quotearg_buffer_restyled-32668)
471	0.554599	FalseGround	Unlabelled	SPOkGoodGood	Alarm(_G_-ENTRY,quotearg_buffer_restyled-32687)
472	0.554599	FalseGround	Unlabelled	SPOkGoodGood	Alarm(_G_-ENTRY,quotearg_buffer_restyled-32748)
473	0.537147	FalseGround	Unlabelled	SPOkGoodGood	Alarm(_G_-ENTRY,compile_program-67664)
474	0.537147	FalseGround	Unlabelled	SPOkGoodGood	Alarm(_G_-ENTRY,compile_program-67665)
475	0.531441	FalseGround	Unlabelled	SPOkGoodGood	Alarm(_G_-ENTRY,dfamust-62491)
476	0.531441	FalseGround	Unlabelled	SPOkGoodGood	Alarm(_G_-ENTRY,dfamust-62499)
477	0.531441	FalseGround	Unlabelled	SPOkGoodGood	Alarm(_G_-ENTRY,dfamust-62501)
478	0.531441	FalseGround	Unlabelled	SPOkGoodGood	Alarm(_G_-ENTRY,dfamust-62510)
479	0.531441	FalseGround	Unlabelled	SPOkGoodGood	Alarm(_G_-ENTRY,dfamust-62512)
480	0.531441	FalseGround	Unlabelled	SPOkGoodGood	Alarm(_G_-ENTRY,dfamust-62533)
481	0.531441	FalseGround	Unlabelled	SPOkGoodGood	Alarm(_G_-ENTRY,dfamust-62534)
482	0.531441	FalseGround	Unlabelled	SPOkGoodGood	Alarm(_G_-ENTRY,dfamust-62551)
483	0.531441	FalseGround	Unlabelled	SPOkGoodGood	Alarm(_G_-ENTRY,dfamust-62569)
484	0.531441	FalseGround	Unlabelled	SPOkGoodGood	Alarm(_G_-ENTRY,dfamust-62586)
485	0.531441	FalseGround	Unlabelled	SPOkGoodGood	Alarm(_G_-ENTRY,dfamust-62604)
486	0.531441	FalseGround	Unlabelled	SPOkGoodGood	Alarm(_G_-ENTRY,dfamust-62798)
487	0.531441	FalseGround	Unlabelled	SPOkGoodGood	Alarm(_G_-ENTRY,dfamust-62800)
488	0.531441	FalseGround	Unlabelled	SPOkGoodGood	Alarm(_G_-ENTRY,dfamust-62801)
489	0.531441	FalseGround	Unlabelled	SPOkGoodGood	Alarm(_G_-ENTRY,dfamust-62806)
490	0.531441	FalseGround	Unlabelled	SPOkGoodGood	Alarm(_G_-ENTRY,dfamust-62807)
491	0.531441	FalseGround	Unlabelled	SPOkGoodGood	Alarm(_G_-ENTRY,add1_buffer-63827)
492	0.531441	FalseGround	Unlabelled	SPOkGoodGood	Alarm(_G_-ENTRY,add1_buffer-63829)
493	0.531441	FalseGround	Unlabelled	SPOkGoodGood	Alarm(_G_-ENTRY,add1_buffer-63831)
494	0.531441	FalseGround	Unlabelled	SPOkGoodGood	Alarm(_G_-ENTRY,check_final_program-68594)
495	0.531441	FalseGround	Unlabelled	SPOkGoodGood	Alarm(_G_-ENTRY,check_final_program-68605)
496	0.531441	FalseGround	Unlabelled	SPOkGoodGood	Alarm(_G_-ENTRY,check_final_program-68606)
497	0.531441	FalseGround	Unlabelled	SPOkGoodGood	Alarm(_G_-ENTRY,check_final_program-68607)
498	0.531441	FalseGround	Unlabelled	SPOkGoodGood	Alarm(_G_-ENTRY,check_final_program-68610)
499	0.531441	FalseGround	Unlabelled	SPOkGoodGood	Alarm(_G_-ENTRY,check_final_program-68617)
500	0.531441	FalseGround	Unlabelled	SPOkGoodGood	Alarm(_G_-ENTRY,check_final_program-68618)
501	0.531441	FalseGround	Unlabelled	SPOkGoodGood	Alarm(_G_-ENTRY,check_final_program-68619)
502	0.531441	FalseGround	Unlabelled	SPOkGoodGood	Alarm(_G_-ENTRY,check_final_program-68621)
503	0.531441	FalseGround	Unlabelled	SPOkGoodGood	Alarm(_G_-ENTRY,check_final_program-68622)
504	0.531441	FalseGround	Unlabelled	SPOkGoodGood	Alarm(_G_-ENTRY,check_final_program-68623)
505	0.531441	FalseGround	Unlabelled	SPOkGoodGood	Alarm(_G_-ENTRY,delete-50799)
506	0.531441	FalseGround	Unlabelled	SPOkGoodGood	Alarm(_G_-ENTRY,delete-50806)
507	0.531441	FalseGround	Unlabelled	SPOkGoodGood	Alarm(_G_-ENTRY,delete-50808)
508	0.531441	FalseGround	Unlabelled	SPOkGoodGood	Alarm(_G_-ENTRY,finish_program-68663)
509	0.531441	FalseGround	Unlabelled	SPOkGoodGood	Alarm(_G_-ENTRY,finish_program-68667)
510	0.531441	FalseGround	Unlabelled	SPOkGoodGood	Alarm(_G_-ENTRY,get_openfile-66266)
511	0.531441	FalseGround	Unlabelled	SPOkGoodGood	Alarm(_G_-ENTRY,get_openfile-66267)
512	0.531441	FalseGround	Unlabelled	SPOkGoodGood	Alarm(_G_-ENTRY,line_copy-64791)
513	0.531441	FalseGround	Unlabelled	SPOkGoodGood	Alarm(_G_-ENTRY,merge_constrained-50748)
514	0.531441	FalseGround	Unlabelled	SPOkGoodGood	Alarm(_G_-ENTRY,resize_line-64533)
515	0.531441	FalseGround	Unlabelled	SPOkGoodGood	Alarm(_G_-ENTRY,setup_label-66829)
516	0.531441	FalseGround	Unlabelled	SPOkGoodGood	Alarm(_G_-ENTRY,setup_label-66830)
517	0.531441	FalseGround	Unlabelled	SPOkGoodGood	Alarm(_G_-ENTRY,setup_label-66831)
518	0.531441	FalseGround	Unlabelled	SPOkGoodGood	Alarm(_G_-ENTRY,setup_label-66832)
519	0.531441	FalseGround	Unlabelled	SPOkGoodGood	Alarm(_G_-ENTRY,add1_buffer-63825)
520	0.531441	FalseGround	Unlabelled	SPOkGoodGood	Alarm(_G_-ENTRY,add1_buffer-63826)
521	0.531441	FalseGround	Unlabelled	SPOkGoodGood	Alarm(_G_-ENTRY,check_final_program-68582)
522	0.531441	FalseGround	Unlabelled	SPOkGoodGood	Alarm(_G_-ENTRY,check_final_program-68583)
523	0.531441	FalseGround	Unlabelled	SPOkGoodGood	Alarm(_G_-ENTRY,check_final_program-68588)
524	0.531441	FalseGround	Unlabelled	SPOkGoodGood	Alarm(_G_-ENTRY,check_final_program-68589)
525	0.531441	FalseGround	Unlabelled	SPOkGoodGood	Alarm(_G_-ENTRY,check_final_program-68592)
526	0.531441	FalseGround	Unlabelled	SPOkGoodGood	Alarm(_G_-ENTRY,check_final_program-68593)
527	0.531441	FalseGround	Unlabelled	SPOkGoodGood	Alarm(_G_-ENTRY,finish_program-68656)
528	0.531441	FalseGround	Unlabelled	SPOkGoodGood	Alarm(_G_-ENTRY,finish_program-68657)
529	0.531441	FalseGround	Unlabelled	SPOkGoodGood	Alarm(_G_-ENTRY,finish_program-68660)
530	0.531441	FalseGround	Unlabelled	SPOkGoodGood	Alarm(_G_-ENTRY,finish_program-68661)
531	0.530802	FalseGround	Unlabelled	SPOkGoodGood	Alarm(_G_-ENTRY,match_regex-64453)
532	0.51307	FalseGround	Unlabelled	SPOkGoodGood	Alarm(_G_-ENTRY,setup_replacement-66881)
533	0.51307	FalseGround	Unlabelled	SPOkGoodGood	Alarm(_G_-ENTRY,setup_replacement-66882)
534	0.509404	FalseGround	Unlabelled	SPOkGoodGood	Alarm(_G_-ENTRY,panic-63154)
535	0.509404	FalseGround	Unlabelled	SPOkGoodGood	Alarm(_G_-ENTRY,panic-63157)
536	0.509404	FalseGround	Unlabelled	SPOkGoodGood	Alarm(_G_-ENTRY,panic-63162)
537	0.496467	FalseGround	Unlabelled	SPOkGoodGood	Alarm(_G_-ENTRY,do_list-65319)
538	0.496467	FalseGround	Unlabelled	SPOkGoodGood	Alarm(_G_-ENTRY,do_list-65320)
539	0.496467	FalseGround	Unlabelled	SPOkGoodGood	Alarm(_G_-ENTRY,do_list-65321)
540	0.496467	FalseGround	Unlabelled	SPOkGoodGood	Alarm(_G_-ENTRY,do_list-65322)
541	0.496467	FalseGround	Unlabelled	SPOkGoodGood	Alarm(_G_-ENTRY,do_list-65325)
542	0.496467	FalseGround	Unlabelled	SPOkGoodGood	Alarm(_G_-ENTRY,do_list-65326)
543	0.496467	FalseGround	Unlabelled	SPOkGoodGood	Alarm(_G_-ENTRY,do_list-65327)
544	0.496467	FalseGround	Unlabelled	SPOkGoodGood	Alarm(_G_-ENTRY,do_list-65328)
545	0.496467	FalseGround	Unlabelled	SPOkGoodGood	Alarm(_G_-ENTRY,do_list-65329)
546	0.496467	FalseGround	Unlabelled	SPOkGoodGood	Alarm(_G_-ENTRY,do_list-65330)
547	0.496467	FalseGround	Unlabelled	SPOkGoodGood	Alarm(_G_-ENTRY,do_list-65331)
548	0.496467	FalseGround	Unlabelled	SPOkGoodGood	Alarm(_G_-ENTRY,do_list-65332)
549	0.496467	FalseGround	Unlabelled	SPOkGoodGood	Alarm(_G_-ENTRY,do_list-65333)
550	0.496467	FalseGround	Unlabelled	SPOkGoodGood	Alarm(_G_-ENTRY,do_list-65334)
551	0.496467	FalseGround	Unlabelled	SPOkGoodGood	Alarm(_G_-ENTRY,do_list-65335)
552	0.496467	FalseGround	Unlabelled	SPOkGoodGood	Alarm(_G_-ENTRY,do_list-65336)
553	0.496467	FalseGround	Unlabelled	SPOkGoodGood	Alarm(_G_-ENTRY,do_list-65337)
554	0.496467	FalseGround	Unlabelled	SPOkGoodGood	Alarm(_G_-ENTRY,do_list-65338)
555	0.494032	FalseGround	Unlabelled	SPOkGoodGood	Alarm(_G_-ENTRY,compile_program-67648)
556	0.478297	FalseGround	Unlabelled	SPOkGoodGood	Alarm(_G_-ENTRY,get_charset_aliases-33639)
557	0.478297	FalseGround	Unlabelled	SPOkGoodGood	Alarm(_G_-ENTRY,get_backup_file_name-64951)
558	0.478297	FalseGround	Unlabelled	SPOkGoodGood	Alarm(_G_-ENTRY,get_backup_file_name-64953)
559	0.478297	FalseGround	Unlabelled	SPOkGoodGood	Alarm(_G_-ENTRY,match_address_p-62141)
560	0.478297	FalseGround	Unlabelled	SPOkGoodGood	Alarm(_G_-ENTRY,match_address_p-65298)
561	0.478297	FalseGround	Unlabelled	SPOkGoodGood	Alarm(_G_-ENTRY,match_address_p-65299)
562	0.478297	FalseGround	Unlabelled	SPOkGoodGood	Alarm(_G_-ENTRY,match_address_p-65308)
563	0.478297	FalseGround	Unlabelled	SPOkGoodGood	Alarm(_G_-ENTRY,match_address_p-65309)
564	0.478297	FalseGround	Unlabelled	SPOkGoodGood	Alarm(_G_-ENTRY,match_address_p-65310)
565	0.478297	FalseGround	Unlabelled	SPOkGoodGood	Alarm(_G_-ENTRY,reset_addresses-65134)
566	0.478297	FalseGround	Unlabelled	SPOkGoodGood	Alarm(_G_-ENTRY,reset_addresses-65135)
567	0.478297	FalseGround	Unlabelled	SPOkGoodGood	Alarm(_G_-ENTRY,reset_addresses-65138)
568	0.478297	FalseGround	Unlabelled	SPOkGoodGood	Alarm(_G_-ENTRY,reset_addresses-65139)
569	0.478297	FalseGround	Unlabelled	SPOkGoodGood	Alarm(_G_-ENTRY,reset_addresses-65140)
570	0.478297	FalseGround	Unlabelled	SPOkGoodGood	Alarm(_G_-ENTRY,reset_addresses-65141)
571	0.478297	FalseGround	Unlabelled	SPOkGoodGood	Alarm(_G_-ENTRY,rewind_read_files-68651)
572	0.478297	FalseGround	Unlabelled	SPOkGoodGood	Alarm(_G_-ENTRY,rewind_read_files-68652)
573	0.478297	FalseGround	Unlabelled	SPOkGoodGood	Alarm(_G_-ENTRY,utils_fp_name-63193)
574	0.478297	FalseGround	Unlabelled	SPOkGoodGood	Alarm(_G_-ENTRY,match_address_p-65264)
575	0.478297	FalseGround	Unlabelled	SPOkGoodGood	Alarm(_G_-ENTRY,match_address_p-65265)
576	0.478297	FalseGround	Unlabelled	SPOkGoodGood	Alarm(_G_-ENTRY,match_address_p-65266)
577	0.478297	FalseGround	Unlabelled	SPOkGoodGood	Alarm(_G_-ENTRY,match_address_p-65267)
578	0.478297	FalseGround	Unlabelled	SPOkGoodGood	Alarm(_G_-ENTRY,match_address_p-65268)
579	0.478297	FalseGround	Unlabelled	SPOkGoodGood	Alarm(_G_-ENTRY,match_address_p-65269)
580	0.478297	FalseGround	Unlabelled	SPOkGoodGood	Alarm(_G_-ENTRY,match_address_p-65270)
581	0.478297	FalseGround	Unlabelled	SPOkGoodGood	Alarm(_G_-ENTRY,match_address_p-65271)
582	0.478297	FalseGround	Unlabelled	SPOkGoodGood	Alarm(_G_-ENTRY,match_address_p-65272)
583	0.478297	FalseGround	Unlabelled	SPOkGoodGood	Alarm(_G_-ENTRY,match_address_p-65273)
584	0.478297	FalseGround	Unlabelled	SPOkGoodGood	Alarm(_G_-ENTRY,match_address_p-65274)
585	0.478297	FalseGround	Unlabelled	SPOkGoodGood	Alarm(_G_-ENTRY,match_address_p-65275)
586	0.478297	FalseGround	Unlabelled	SPOkGoodGood	Alarm(_G_-ENTRY,match_address_p-65288)
587	0.478297	FalseGround	Unlabelled	SPOkGoodGood	Alarm(_G_-ENTRY,match_address_p-65289)
588	0.478297	FalseGround	Unlabelled	SPOkGoodGood	Alarm(_G_-ENTRY,match_address_p-65292)
589	0.478297	FalseGround	Unlabelled	SPOkGoodGood	Alarm(_G_-ENTRY,match_address_p-65293)
590	0.478297	FalseGround	Unlabelled	SPOkGoodGood	Alarm(_G_-ENTRY,match_address_p-65294)
591	0.478297	FalseGround	Unlabelled	SPOkGoodGood	Alarm(_G_-ENTRY,match_address_p-65295)
592	0.478297	FalseGround	Unlabelled	SPOkGoodGood	Alarm(_G_-ENTRY,reset_addresses-65128)
593	0.478297	FalseGround	Unlabelled	SPOkGoodGood	Alarm(_G_-ENTRY,reset_addresses-65129)
594	0.478297	FalseGround	Unlabelled	SPOkGoodGood	Alarm(_G_-ENTRY,reset_addresses-65130)
595	0.478297	FalseGround	Unlabelled	SPOkGoodGood	Alarm(_G_-ENTRY,reset_addresses-65131)
596	0.478297	FalseGround	Unlabelled	SPOkGoodGood	Alarm(_G_-ENTRY,reset_addresses-65132)
597	0.478297	FalseGround	Unlabelled	SPOkGoodGood	Alarm(_G_-ENTRY,reset_addresses-65133)
598	0.478297	FalseGround	Unlabelled	SPOkGoodGood	Alarm(_G_-ENTRY,rewind_read_files-68648)
599	0.478297	FalseGround	Unlabelled	SPOkGoodGood	Alarm(_G_-ENTRY,rewind_read_files-68649)
600	0.454277	FalseGround	Unlabelled	SPOkGoodGood	Alarm(_G_-ENTRY,locale_charset-33695)
601	0.454277	FalseGround	Unlabelled	SPOkGoodGood	Alarm(_G_-ENTRY,locale_charset-33696)
602	0.454277	FalseGround	Unlabelled	SPOkGoodGood	Alarm(_G_-ENTRY,locale_charset-33697)
603	0.454277	FalseGround	Unlabelled	SPOkGoodGood	Alarm(_G_-ENTRY,locale_charset-33698)
604	0.449225	FalseGround	Unlabelled	SPOkGoodGood	Alarm(_G_-ENTRY,quotearg_buffer_restyled-32363)
605	0.449225	FalseGround	Unlabelled	SPOkGoodGood	Alarm(_G_-ENTRY,quotearg_buffer_restyled-32364)
606	0.449225	FalseGround	Unlabelled	SPOkGoodGood	Alarm(_G_-ENTRY,quotearg_buffer_restyled-32365)
607	0.449225	FalseGround	Unlabelled	SPOkGoodGood	Alarm(_G_-ENTRY,quotearg_buffer_restyled-32366)
608	0.449225	FalseGround	Unlabelled	SPOkGoodGood	Alarm(_G_-ENTRY,quotearg_buffer_restyled-32383)
609	0.449225	FalseGround	Unlabelled	SPOkGoodGood	Alarm(_G_-ENTRY,quotearg_buffer_restyled-32384)
610	0.449225	FalseGround	Unlabelled	SPOkGoodGood	Alarm(_G_-ENTRY,quotearg_buffer_restyled-32385)
611	0.449225	FalseGround	Unlabelled	SPOkGoodGood	Alarm(_G_-ENTRY,quotearg_buffer_restyled-32386)
612	0.449225	FalseGround	Unlabelled	SPOkGoodGood	Alarm(_G_-ENTRY,quotearg_buffer_restyled-32387)
613	0.449225	FalseGround	Unlabelled	SPOkGoodGood	Alarm(_G_-ENTRY,quotearg_buffer_restyled-32388)
614	0.449225	FalseGround	Unlabelled	SPOkGoodGood	Alarm(_G_-ENTRY,quotearg_buffer_restyled-32389)
615	0.449225	FalseGround	Unlabelled	SPOkGoodGood	Alarm(_G_-ENTRY,quotearg_buffer_restyled-32390)
616	0.449225	FalseGround	Unlabelled	SPOkGoodGood	Alarm(_G_-ENTRY,quotearg_buffer_restyled-32391)
617	0.449225	FalseGround	Unlabelled	SPOkGoodGood	Alarm(_G_-ENTRY,quotearg_buffer_restyled-32392)
618	0.449225	FalseGround	Unlabelled	SPOkGoodGood	Alarm(_G_-ENTRY,quotearg_buffer_restyled-32393)
619	0.449225	FalseGround	Unlabelled	SPOkGoodGood	Alarm(_G_-ENTRY,quotearg_buffer_restyled-32394)
620	0.449225	FalseGround	Unlabelled	SPOkGoodGood	Alarm(_G_-ENTRY,quotearg_buffer_restyled-32395)
621	0.449225	FalseGround	Unlabelled	SPOkGoodGood	Alarm(_G_-ENTRY,quotearg_buffer_restyled-32396)
622	0.449225	FalseGround	Unlabelled	SPOkGoodGood	Alarm(_G_-ENTRY,quotearg_buffer_restyled-32397)
623	0.449225	FalseGround	Unlabelled	SPOkGoodGood	Alarm(_G_-ENTRY,quotearg_buffer_restyled-32398)
624	0.449225	FalseGround	Unlabelled	SPOkGoodGood	Alarm(_G_-ENTRY,quotearg_buffer_restyled-32399)
625	0.449225	FalseGround	Unlabelled	SPOkGoodGood	Alarm(_G_-ENTRY,quotearg_buffer_restyled-32400)
626	0.449225	FalseGround	Unlabelled	SPOkGoodGood	Alarm(_G_-ENTRY,quotearg_buffer_restyled-32401)
627	0.449225	FalseGround	Unlabelled	SPOkGoodGood	Alarm(_G_-ENTRY,quotearg_buffer_restyled-32402)
628	0.449225	FalseGround	Unlabelled	SPOkGoodGood	Alarm(_G_-ENTRY,quotearg_buffer_restyled-32465)
629	0.449225	FalseGround	Unlabelled	SPOkGoodGood	Alarm(_G_-ENTRY,quotearg_buffer_restyled-32466)
630	0.449225	FalseGround	Unlabelled	SPOkGoodGood	Alarm(_G_-ENTRY,quotearg_buffer_restyled-32473)
631	0.449225	FalseGround	Unlabelled	SPOkGoodGood	Alarm(_G_-ENTRY,quotearg_buffer_restyled-32474)
632	0.449225	FalseGround	Unlabelled	SPOkGoodGood	Alarm(_G_-ENTRY,quotearg_buffer_restyled-32475)
633	0.449225	FalseGround	Unlabelled	SPOkGoodGood	Alarm(_G_-ENTRY,quotearg_buffer_restyled-32476)
634	0.449225	FalseGround	Unlabelled	SPOkGoodGood	Alarm(_G_-ENTRY,quotearg_buffer_restyled-32477)
635	0.449225	FalseGround	Unlabelled	SPOkGoodGood	Alarm(_G_-ENTRY,quotearg_buffer_restyled-32478)
636	0.449225	FalseGround	Unlabelled	SPOkGoodGood	Alarm(_G_-ENTRY,quotearg_buffer_restyled-32479)
637	0.449225	FalseGround	Unlabelled	SPOkGoodGood	Alarm(_G_-ENTRY,quotearg_buffer_restyled-32480)
638	0.449225	FalseGround	Unlabelled	SPOkGoodGood	Alarm(_G_-ENTRY,quotearg_buffer_restyled-32481)
639	0.449225	FalseGround	Unlabelled	SPOkGoodGood	Alarm(_G_-ENTRY,quotearg_buffer_restyled-32482)
640	0.446443	FalseGround	Unlabelled	SPOkGoodGood	Alarm(_G_-ENTRY,compile_program-67635)
641	0.439361	FalseGround	Unlabelled	SPOkGoodGood	Alarm(_G_-ENTRY,setup_replacement-66887)
642	0.439361	FalseGround	Unlabelled	SPOkGoodGood	Alarm(_G_-ENTRY,setup_replacement-66888)
643	0.434846	FalseGround	Unlabelled	SPOkGoodGood	Alarm(_G_-ENTRY,clrbit-33831)
644	0.430467	FalseGround	Unlabelled	SPOkGoodGood	Alarm(_G_-ENTRY,dfamust-62193)
645	0.430467	FalseGround	Unlabelled	SPOkGoodGood	Alarm(_G_-ENTRY,dfamust-62194)
646	0.430467	FalseGround	Unlabelled	SPOkGoodGood	Alarm(_G_-ENTRY,dfamust-62195)
647	0.430467	FalseGround	Unlabelled	SPOkGoodGood	Alarm(_G_-ENTRY,dfamust-62196)
648	0.430467	FalseGround	Unlabelled	SPOkGoodGood	Alarm(_G_-ENTRY,dfamust-62201)
649	0.430467	FalseGround	Unlabelled	SPOkGoodGood	Alarm(_G_-ENTRY,dfamust-62202)
650	0.430467	FalseGround	Unlabelled	SPOkGoodGood	Alarm(_G_-ENTRY,dfamust-62207)
651	0.430467	FalseGround	Unlabelled	SPOkGoodGood	Alarm(_G_-ENTRY,dfamust-62208)
652	0.430467	FalseGround	Unlabelled	SPOkGoodGood	Alarm(_G_-ENTRY,execute_program-65863)
653	0.430467	FalseGround	Unlabelled	SPOkGoodGood	Alarm(_G_-ENTRY,register_open_file-63215)
654	0.430467	FalseGround	Unlabelled	SPOkGoodGood	Alarm(_G_-ENTRY,execute_program-65638)
655	0.430467	FalseGround	Unlabelled	SPOkGoodGood	Alarm(_G_-ENTRY,execute_program-65639)
656	0.430467	FalseGround	Unlabelled	SPOkGoodGood	Alarm(_G_-ENTRY,execute_program-65640)
657	0.430467	FalseGround	Unlabelled	SPOkGoodGood	Alarm(_G_-ENTRY,execute_program-65641)
658	0.430467	FalseGround	Unlabelled	SPOkGoodGood	Alarm(_G_-ENTRY,execute_program-65642)
659	0.430467	FalseGround	Unlabelled	SPOkGoodGood	Alarm(_G_-ENTRY,execute_program-65643)
660	0.430467	FalseGround	Unlabelled	SPOkGoodGood	Alarm(_G_-ENTRY,execute_program-65644)
661	0.430467	FalseGround	Unlabelled	SPOkGoodGood	Alarm(_G_-ENTRY,execute_program-65645)
662	0.430467	FalseGround	Unlabelled	SPOkGoodGood	Alarm(_G_-ENTRY,execute_program-65646)
663	0.430467	FalseGround	Unlabelled	SPOkGoodGood	Alarm(_G_-ENTRY,execute_program-65647)
664	0.430467	FalseGround	Unlabelled	SPOkGoodGood	Alarm(_G_-ENTRY,execute_program-65648)
665	0.430467	FalseGround	Unlabelled	SPOkGoodGood	Alarm(_G_-ENTRY,execute_program-65649)
666	0.430467	FalseGround	Unlabelled	SPOkGoodGood	Alarm(_G_-ENTRY,execute_program-65650)
667	0.430467	FalseGround	Unlabelled	SPOkGoodGood	Alarm(_G_-ENTRY,execute_program-65651)
668	0.430467	FalseGround	Unlabelled	SPOkGoodGood	Alarm(_G_-ENTRY,execute_program-65652)
669	0.430467	FalseGround	Unlabelled	SPOkGoodGood	Alarm(_G_-ENTRY,execute_program-65653)
670	0.430467	FalseGround	Unlabelled	SPOkGoodGood	Alarm(_G_-ENTRY,execute_program-65654)
671	0.430467	FalseGround	Unlabelled	SPOkGoodGood	Alarm(_G_-ENTRY,execute_program-65655)
672	0.430467	FalseGround	Unlabelled	SPOkGoodGood	Alarm(_G_-ENTRY,execute_program-65656)
673	0.430467	FalseGround	Unlabelled	SPOkGoodGood	Alarm(_G_-ENTRY,execute_program-65657)
674	0.430467	FalseGround	Unlabelled	SPOkGoodGood	Alarm(_G_-ENTRY,execute_program-65658)
675	0.430467	FalseGround	Unlabelled	SPOkGoodGood	Alarm(_G_-ENTRY,execute_program-65659)
676	0.430467	FalseGround	Unlabelled	SPOkGoodGood	Alarm(_G_-ENTRY,execute_program-65660)
677	0.430467	FalseGround	Unlabelled	SPOkGoodGood	Alarm(_G_-ENTRY,execute_program-65661)
678	0.430467	FalseGround	Unlabelled	SPOkGoodGood	Alarm(_G_-ENTRY,execute_program-65662)
679	0.430467	FalseGround	Unlabelled	SPOkGoodGood	Alarm(_G_-ENTRY,execute_program-65663)
680	0.430467	FalseGround	Unlabelled	SPOkGoodGood	Alarm(_G_-ENTRY,execute_program-65664)
681	0.430467	FalseGround	Unlabelled	SPOkGoodGood	Alarm(_G_-ENTRY,execute_program-65665)
682	0.430467	FalseGround	Unlabelled	SPOkGoodGood	Alarm(_G_-ENTRY,execute_program-65666)
683	0.430467	FalseGround	Unlabelled	SPOkGoodGood	Alarm(_G_-ENTRY,execute_program-65667)
684	0.430467	FalseGround	Unlabelled	SPOkGoodGood	Alarm(_G_-ENTRY,execute_program-65668)
685	0.430467	FalseGround	Unlabelled	SPOkGoodGood	Alarm(_G_-ENTRY,execute_program-65669)
686	0.430467	FalseGround	Unlabelled	SPOkGoodGood	Alarm(_G_-ENTRY,execute_program-65670)
687	0.430467	FalseGround	Unlabelled	SPOkGoodGood	Alarm(_G_-ENTRY,execute_program-65671)
688	0.430467	FalseGround	Unlabelled	SPOkGoodGood	Alarm(_G_-ENTRY,execute_program-65672)
689	0.430467	FalseGround	Unlabelled	SPOkGoodGood	Alarm(_G_-ENTRY,execute_program-65673)
690	0.430467	FalseGround	Unlabelled	SPOkGoodGood	Alarm(_G_-ENTRY,execute_program-65674)
691	0.430467	FalseGround	Unlabelled	SPOkGoodGood	Alarm(_G_-ENTRY,execute_program-65675)
692	0.430467	FalseGround	Unlabelled	SPOkGoodGood	Alarm(_G_-ENTRY,execute_program-65676)
693	0.430467	FalseGround	Unlabelled	SPOkGoodGood	Alarm(_G_-ENTRY,execute_program-65677)
694	0.430467	FalseGround	Unlabelled	SPOkGoodGood	Alarm(_G_-ENTRY,execute_program-65678)
695	0.430467	FalseGround	Unlabelled	SPOkGoodGood	Alarm(_G_-ENTRY,execute_program-65679)
696	0.430467	FalseGround	Unlabelled	SPOkGoodGood	Alarm(_G_-ENTRY,execute_program-65680)
697	0.430467	FalseGround	Unlabelled	SPOkGoodGood	Alarm(_G_-ENTRY,execute_program-65681)
698	0.430467	FalseGround	Unlabelled	SPOkGoodGood	Alarm(_G_-ENTRY,execute_program-65682)
699	0.430467	FalseGround	Unlabelled	SPOkGoodGood	Alarm(_G_-ENTRY,execute_program-65683)
700	0.430467	FalseGround	Unlabelled	SPOkGoodGood	Alarm(_G_-ENTRY,execute_program-65684)
701	0.430467	FalseGround	Unlabelled	SPOkGoodGood	Alarm(_G_-ENTRY,execute_program-65685)
702	0.430467	FalseGround	Unlabelled	SPOkGoodGood	Alarm(_G_-ENTRY,execute_program-65686)
703	0.430467	FalseGround	Unlabelled	SPOkGoodGood	Alarm(_G_-ENTRY,execute_program-65687)
704	0.430467	FalseGround	Unlabelled	SPOkGoodGood	Alarm(_G_-ENTRY,execute_program-65688)
705	0.430467	FalseGround	Unlabelled	SPOkGoodGood	Alarm(_G_-ENTRY,execute_program-65689)
706	0.430467	FalseGround	Unlabelled	SPOkGoodGood	Alarm(_G_-ENTRY,execute_program-65690)
707	0.430467	FalseGround	Unlabelled	SPOkGoodGood	Alarm(_G_-ENTRY,execute_program-65691)
708	0.430467	FalseGround	Unlabelled	SPOkGoodGood	Alarm(_G_-ENTRY,execute_program-65692)
709	0.430467	FalseGround	Unlabelled	SPOkGoodGood	Alarm(_G_-ENTRY,execute_program-65693)
710	0.430467	FalseGround	Unlabelled	SPOkGoodGood	Alarm(_G_-ENTRY,execute_program-65694)
711	0.430467	FalseGround	Unlabelled	SPOkGoodGood	Alarm(_G_-ENTRY,execute_program-65695)
712	0.430467	FalseGround	Unlabelled	SPOkGoodGood	Alarm(_G_-ENTRY,execute_program-65696)
713	0.430467	FalseGround	Unlabelled	SPOkGoodGood	Alarm(_G_-ENTRY,execute_program-65697)
714	0.430467	FalseGround	Unlabelled	SPOkGoodGood	Alarm(_G_-ENTRY,execute_program-65698)
715	0.430467	FalseGround	Unlabelled	SPOkGoodGood	Alarm(_G_-ENTRY,execute_program-65699)
716	0.430467	FalseGround	Unlabelled	SPOkGoodGood	Alarm(_G_-ENTRY,execute_program-65700)
717	0.430467	FalseGround	Unlabelled	SPOkGoodGood	Alarm(_G_-ENTRY,execute_program-65701)
718	0.430467	FalseGround	Unlabelled	SPOkGoodGood	Alarm(_G_-ENTRY,execute_program-65702)
719	0.430467	FalseGround	Unlabelled	SPOkGoodGood	Alarm(_G_-ENTRY,execute_program-65703)
720	0.430467	FalseGround	Unlabelled	SPOkGoodGood	Alarm(_G_-ENTRY,execute_program-65704)
721	0.430467	FalseGround	Unlabelled	SPOkGoodGood	Alarm(_G_-ENTRY,execute_program-65705)
722	0.430467	FalseGround	Unlabelled	SPOkGoodGood	Alarm(_G_-ENTRY,dfaanalyze-52843)
723	0.430467	FalseGround	Unlabelled	SPOkGoodGood	Alarm(_G_-ENTRY,dfaanalyze-52844)
724	0.430467	FalseGround	Unlabelled	SPOkGoodGood	Alarm(_G_-ENTRY,dfaanalyze-52845)
725	0.430467	FalseGround	Unlabelled	SPOkGoodGood	Alarm(_G_-ENTRY,dfaanalyze-52846)
726	0.430467	FalseGround	Unlabelled	SPOkGoodGood	Alarm(_G_-ENTRY,dfaanalyze-52847)
727	0.430467	FalseGround	Unlabelled	SPOkGoodGood	Alarm(_G_-ENTRY,dfaanalyze-52848)
728	0.430467	FalseGround	Unlabelled	SPOkGoodGood	Alarm(_G_-ENTRY,dfaanalyze-52849)
729	0.430467	FalseGround	Unlabelled	SPOkGoodGood	Alarm(_G_-ENTRY,dfaanalyze-52850)
730	0.430467	FalseGround	Unlabelled	SPOkGoodGood	Alarm(_G_-ENTRY,dfaanalyze-52851)
731	0.430467	FalseGround	Unlabelled	SPOkGoodGood	Alarm(_G_-ENTRY,dfaanalyze-52852)
732	0.430467	FalseGround	Unlabelled	SPOkGoodGood	Alarm(_G_-ENTRY,dfaanalyze-52853)
733	0.430467	FalseGround	Unlabelled	SPOkGoodGood	Alarm(_G_-ENTRY,dfaanalyze-52854)
734	0.42329	FalseGround	Unlabelled	SPOkGoodGood	Alarm(_G_-ENTRY,next_append_slot-64879)
735	0.417603	FalseGround	Unlabelled	SPOkGoodGood	Alarm(_G_-ENTRY,next_append_slot-64876)
736	0.417603	FalseGround	Unlabelled	SPOkGoodGood	Alarm(_G_-ENTRY,next_append_slot-64877)
737	0.417603	FalseGround	Unlabelled	SPOkGoodGood	Alarm(_G_-ENTRY,next_append_slot-64880)
738	0.412813	FalseGround	Unlabelled	SPOkGoodGood	Alarm(_G_-ENTRY,get_charset_aliases-33611)
739	0.392483	FalseGround	Unlabelled	SPOkGoodGood	Alarm(_G_-ENTRY,dfafree-61866)
740	0.392483	FalseGround	Unlabelled	SPOkGoodGood	Alarm(_G_-ENTRY,dfafree-61867)
741	0.392483	FalseGround	Unlabelled	SPOkGoodGood	Alarm(_G_-ENTRY,dfafree-61871)
742	0.39096	FalseGround	Unlabelled	SPOkGoodGood	Alarm(_G_-ENTRY,setup_replacement-66883)
743	0.39096	FalseGround	Unlabelled	SPOkGoodGood	Alarm(_G_-ENTRY,setup_replacement-66884)
744	0.38742	FalseGround	Unlabelled	SPOkGoodGood	Alarm(_G_-ENTRY,addtok-44935)
745	0.384611	FalseGround	Unlabelled	SPOkGoodGood	Alarm(_G_-ENTRY,compile_program-67663)
746	0.373623	FalseGround	Unlabelled	SPOkGoodGood	Alarm(_G_-ENTRY,compile_program-67646)
747	0.373623	FalseGround	Unlabelled	SPOkGoodGood	Alarm(_G_-ENTRY,compile_program-67668)
748	0.373623	FalseGround	Unlabelled	SPOkGoodGood	Alarm(_G_-ENTRY,translate_mb-65623)
749	0.348678	FalseGround	Unlabelled	SPOkGoodGood	Alarm(_G_-ENTRY,utils_fp_name-59262)
750	0.348678	FalseGround	Unlabelled	SPOkGoodGood	Alarm(_G_-ENTRY,match_address_p-65278)
751	0.348678	FalseGround	Unlabelled	SPOkGoodGood	Alarm(_G_-ENTRY,match_address_p-65279)
752	0.348678	FalseGround	Unlabelled	SPOkGoodGood	Alarm(_G_-ENTRY,match_address_p-65280)
753	0.348678	FalseGround	Unlabelled	SPOkGoodGood	Alarm(_G_-ENTRY,match_address_p-65281)
754	0.348678	FalseGround	Unlabelled	SPOkGoodGood	Alarm(_G_-ENTRY,match_address_p-65282)
755	0.348678	FalseGround	Unlabelled	SPOkGoodGood	Alarm(_G_-ENTRY,match_address_p-65283)
756	0.348678	FalseGround	Unlabelled	SPOkGoodGood	Alarm(_G_-ENTRY,match_address_p-65284)
757	0.348678	FalseGround	Unlabelled	SPOkGoodGood	Alarm(_G_-ENTRY,match_address_p-65285)
758	0.347295	FalseGround	Unlabelled	SPOkGoodGood	Alarm(_G_-ENTRY,c_strcasecmp-63103)
759	0.346789	FalseGround	Unlabelled	SPOkGoodGood	Alarm(_G_-ENTRY,compile_program-67442)
760	0.34192	FalseGround	Unlabelled	SPOkGoodGood	Alarm(_G_-ENTRY,setup_replacement-66889)
761	0.34192	FalseGround	Unlabelled	SPOkGoodGood	Alarm(_G_-ENTRY,setup_replacement-66890)
762	0.34192	FalseGround	Unlabelled	SPOkGoodGood	Alarm(_G_-ENTRY,setup_replacement-66891)
763	0.34192	FalseGround	Unlabelled	SPOkGoodGood	Alarm(_G_-ENTRY,setup_replacement-66892)
764	0.34192	FalseGround	Unlabelled	SPOkGoodGood	Alarm(_G_-ENTRY,setup_replacement-66893)
765	0.34192	FalseGround	Unlabelled	SPOkGoodGood	Alarm(_G_-ENTRY,setup_replacement-66894)
766	0.34192	FalseGround	Unlabelled	SPOkGoodGood	Alarm(_G_-ENTRY,setup_replacement-66895)
767	0.34192	FalseGround	Unlabelled	SPOkGoodGood	Alarm(_G_-ENTRY,setup_replacement-66896)
768	0.34192	FalseGround	Unlabelled	SPOkGoodGood	Alarm(_G_-ENTRY,setup_replacement-66897)
769	0.34192	FalseGround	Unlabelled	SPOkGoodGood	Alarm(_G_-ENTRY,setup_replacement-66898)
770	0.34192	FalseGround	Unlabelled	SPOkGoodGood	Alarm(_G_-ENTRY,setup_replacement-66899)
771	0.34192	FalseGround	Unlabelled	SPOkGoodGood	Alarm(_G_-ENTRY,setup_replacement-66900)
772	0.34192	FalseGround	Unlabelled	SPOkGoodGood	Alarm(_G_-ENTRY,setup_replacement-66901)
773	0.34192	FalseGround	Unlabelled	SPOkGoodGood	Alarm(_G_-ENTRY,setup_replacement-66902)
774	0.34192	FalseGround	Unlabelled	SPOkGoodGood	Alarm(_G_-ENTRY,setup_replacement-66903)
775	0.34192	FalseGround	Unlabelled	SPOkGoodGood	Alarm(_G_-ENTRY,setup_replacement-66904)
776	0.34192	FalseGround	Unlabelled	SPOkGoodGood	Alarm(_G_-ENTRY,setup_replacement-66905)
777	0.34192	FalseGround	Unlabelled	SPOkGoodGood	Alarm(_G_-ENTRY,setup_replacement-66906)
778	0.34192	FalseGround	Unlabelled	SPOkGoodGood	Alarm(_G_-ENTRY,setup_replacement-66907)
779	0.34192	FalseGround	Unlabelled	SPOkGoodGood	Alarm(_G_-ENTRY,setup_replacement-66908)
780	0.34192	FalseGround	Unlabelled	SPOkGoodGood	Alarm(_G_-ENTRY,setup_replacement-66909)
781	0.34192	FalseGround	Unlabelled	SPOkGoodGood	Alarm(_G_-ENTRY,setup_replacement-66910)
782	0.34192	FalseGround	Unlabelled	SPOkGoodGood	Alarm(_G_-ENTRY,setup_replacement-66911)
783	0.34192	FalseGround	Unlabelled	SPOkGoodGood	Alarm(_G_-ENTRY,setup_replacement-66912)
784	0.334379	FalseGround	Unlabelled	SPOkGoodGood	Alarm(_G_-ENTRY,rpl_mbrtowc-33422)
785	0.330613	FalseGround	Unlabelled	SPOkGoodGood	Alarm(_G_-ENTRY,main-64079)
786	0.320513	FalseGround	Unlabelled	SPOkGoodGood	Alarm(_G_-ENTRY,init_buffer-63770)
787	0.320513	FalseGround	Unlabelled	SPOkGoodGood	Alarm(_G_-ENTRY,init_buffer-63771)
788	0.313811	FalseGround	Unlabelled	SPOkGoodGood	Alarm(_G_-ENTRY,build_state-57314)
789	0.313811	FalseGround	Unlabelled	SPOkGoodGood	Alarm(_G_-ENTRY,build_state-57315)
790	0.313811	FalseGround	Unlabelled	SPOkGoodGood	Alarm(_G_-ENTRY,dfaexec_main-61430)
791	0.313811	FalseGround	Unlabelled	SPOkGoodGood	Alarm(_G_-ENTRY,dfaexec_main-61431)
792	0.313811	FalseGround	Unlabelled	SPOkGoodGood	Alarm(_G_-ENTRY,realloc_trans_if_necessary-55311)
793	0.313811	FalseGround	Unlabelled	SPOkGoodGood	Alarm(_G_-ENTRY,realloc_trans_if_necessary-55312)
794	0.313811	FalseGround	Unlabelled	SPOkGoodGood	Alarm(_G_-ENTRY,transit_state-59348)
795	0.313811	FalseGround	Unlabelled	SPOkGoodGood	Alarm(_G_-ENTRY,transit_state-59349)
796	0.305944	FalseGround	Unlabelled	SPOkGoodGood	Alarm(_G_-ENTRY,case_folded_counterparts-33541)
797	0.28458	FalseGround	Unlabelled	SPOkGoodGood	Alarm(_G_-ENTRY,panic-63145)
798	0.28458	FalseGround	Unlabelled	SPOkGoodGood	Alarm(_G_-ENTRY,panic-63146)
799	0.28243	FalseGround	Unlabelled	SPOkGoodGood	Alarm(_G_-ENTRY,utils_fp_name-63184)
800	0.28243	FalseGround	Unlabelled	SPOkGoodGood	Alarm(_G_-ENTRY,utils_fp_name-63185)
801	0.254187	FalseGround	Unlabelled	SPOkGoodGood	Alarm(_G_-ENTRY,normalize_text-68493)
802	0.180773	FalseGround	Unlabelled	SPOkGoodGood	Alarm(_G_-ENTRY,follow_symlink-63612)
803	0.145768	FalseGround	Unlabelled	SPOkGoodGood	Alarm(_G_-ENTRY,setup_replacement-66885)
804	0.145768	FalseGround	Unlabelled	SPOkGoodGood	Alarm(_G_-ENTRY,setup_replacement-66886)
805	0.141782	FalseGround	Unlabelled	SPOkGoodGood	Alarm(_G_-ENTRY,enlist-61979)
806	0.135085	FalseGround	Unlabelled	SPOkGoodGood	Alarm(_G_-ENTRY,enlist-61952)
807	0.135085	FalseGround	Unlabelled	SPOkGoodGood	Alarm(_G_-ENTRY,enlist-61956)
808	0.135085	FalseGround	Unlabelled	SPOkGoodGood	Alarm(_G_-ENTRY,enlist-61958)
809	0.135085	FalseGround	Unlabelled	SPOkGoodGood	Alarm(_G_-ENTRY,enlist-61960)
810	0.135085	FalseGround	Unlabelled	SPOkGoodGood	Alarm(_G_-ENTRY,enlist-61978)
811	0.135085	FalseGround	Unlabelled	SPOkGoodGood	Alarm(_G_-ENTRY,get_charset_aliases-33635)
812	0.135085	FalseGround	Unlabelled	SPOkGoodGood	Alarm(_G_-ENTRY,get_charset_aliases-33636)
813	0.109419	FalseGround	Unlabelled	SPOkGoodGood	Alarm(_G_-ENTRY,enlist-61927)
814	0.109419	FalseGround	Unlabelled	SPOkGoodGood	Alarm(_G_-ENTRY,enlist-61928)
815	0.109419	FalseGround	Unlabelled	SPOkGoodGood	Alarm(_G_-ENTRY,enlist-61931)
816	0.109419	FalseGround	Unlabelled	SPOkGoodGood	Alarm(_G_-ENTRY,enlist-61932)
817	0.0473913	FalseGround	Unlabelled	SPOkGoodGood	Alarm(_G_-ENTRY,addtok_wc-44977)
818	0.0373635	FalseGround	Unlabelled	SPOkGoodGood	Alarm(_G_-ENTRY,get_charset_aliases-33610)
819	0.000563921	FalseGround	Unlabelled	SPOkGoodGood	Alarm(_G_-ENTRY,atom-45070)
