Rank	Confidence	Ground	Label	Comments	Tuple
1	0.409062	FalseGround	Unlabelled	SPOkGoodGood	Alarm(_G_-ENTRY,intuit_diff_type-47106)
2	0.409062	FalseGround	Unlabelled	SPOkGoodGood	Alarm(_G_-ENTRY,intuit_diff_type-47107)
3	0.409062	FalseGround	Unlabelled	SPOkGoodGood	Alarm(_G_-ENTRY,intuit_diff_type-47108)
4	0.409062	FalseGround	Unlabelled	SPOkGoodGood	Alarm(_G_-ENTRY,intuit_diff_type-47109)
5	0.409062	FalseGround	Unlabelled	SPOkGoodGood	Alarm(_G_-ENTRY,intuit_diff_type-47110)
6	0.409062	FalseGround	Unlabelled	SPOkGoodGood	Alarm(_G_-ENTRY,intuit_diff_type-47111)
7	0.409062	FalseGround	Unlabelled	SPOkGoodGood	Alarm(_G_-ENTRY,intuit_diff_type-47112)
8	0.409062	FalseGround	Unlabelled	SPOkGoodGood	Alarm(_G_-ENTRY,intuit_diff_type-47113)
9	0.409062	FalseGround	Unlabelled	SPOkGoodGood	Alarm(_G_-ENTRY,intuit_diff_type-47114)
10	0.409062	FalseGround	Unlabelled	SPOkGoodGood	Alarm(_G_-ENTRY,intuit_diff_type-47115)
11	0.409062	FalseGround	Unlabelled	SPOkGoodGood	Alarm(_G_-ENTRY,intuit_diff_type-47116)
12	0.409062	FalseGround	Unlabelled	SPOkGoodGood	Alarm(_G_-ENTRY,intuit_diff_type-47117)
13	0.409062	FalseGround	Unlabelled	SPOkGoodGood	Alarm(_G_-ENTRY,intuit_diff_type-47142)
14	0.409062	FalseGround	Unlabelled	SPOkGoodGood	Alarm(_G_-ENTRY,intuit_diff_type-47143)
15	0.409062	FalseGround	Unlabelled	SPOkGoodGood	Alarm(_G_-ENTRY,intuit_diff_type-47144)
16	0.409062	FalseGround	Unlabelled	SPOkGoodGood	Alarm(_G_-ENTRY,intuit_diff_type-47145)
17	0.373623	FalseGround	Unlabelled	SPOkGoodGood	Alarm(_G_-ENTRY,bestmatch-43408)
18	0.370862	FalseGround	Unlabelled	SPOkGoodGood	Alarm(_G_-ENTRY,check_extension-43011)
19	0.349712	FalseGround	Unlabelled	SPOkGoodGood	Alarm(_G_-ENTRY,check_line_endings-52093)
20	0.349712	FalseGround	Unlabelled	SPOkGoodGood	Alarm(_G_-ENTRY,check_line_endings-52094)
21	0.349712	FalseGround	Unlabelled	SPOkGoodGood	Alarm(_G_-ENTRY,check_line_endings-52095)
22	0.349712	FalseGround	Unlabelled	SPOkGoodGood	Alarm(_G_-ENTRY,check_line_endings-52096)
23	0.347801	FalseGround	Unlabelled	SPOkGoodGood	Alarm(_G_-ENTRY,get_charset_aliases-41424)
24	0.330632	FalseGround	Unlabelled	SPOkGoodGood	Alarm(_G_-ENTRY,pch_char-48294)
25	0.327589	FalseGround	Unlabelled	SPOkGoodGood	Alarm(_G_-ENTRY,find_backup_file_name-43188)
26	0.320361	FalseGround	Unlabelled	SPOkGoodGood	Alarm(_G_-ENTRY,another_hunk-48075)
27	0.320361	FalseGround	Unlabelled	SPOkGoodGood	Alarm(_G_-ENTRY,another_hunk-48077)
28	0.319912	FalseGround	Unlabelled	SPOkGoodGood	Alarm(_G_-ENTRY,copy_till-51986)
29	0.313811	FalseGround	Unlabelled	SPOkGoodGood	Alarm(_G_-ENTRY,argmatch-43255)
30	0.313811	FalseGround	Unlabelled	SPOkGoodGood	Alarm(_G_-ENTRY,ask-45633)
31	0.313811	FalseGround	Unlabelled	SPOkGoodGood	Alarm(_G_-ENTRY,get_charset_aliases-41425)
32	0.313811	FalseGround	Unlabelled	SPOkGoodGood	Alarm(_G_-ENTRY,numbered_backup-43133)
33	0.313811	FalseGround	Unlabelled	SPOkGoodGood	Alarm(_G_-ENTRY,numbered_backup-43139)
34	0.313811	FalseGround	Unlabelled	SPOkGoodGood	Alarm(_G_-ENTRY,tolower-38294)
35	0.313811	FalseGround	Unlabelled	SPOkGoodGood	Alarm(_G_-ENTRY,toupper-38303)
36	0.313811	FalseGround	Unlabelled	SPOkGoodGood	Alarm(_G_-ENTRY,yyparse-40386)
37	0.313811	FalseGround	Unlabelled	SPOkGoodGood	Alarm(_G_-ENTRY,yyparse-40565)
38	0.311695	FalseGround	Unlabelled	SPOkGoodGood	Alarm(_G_-ENTRY,similar-52133)
39	0.311695	FalseGround	Unlabelled	SPOkGoodGood	Alarm(_G_-ENTRY,similar-52134)
40	0.311695	FalseGround	Unlabelled	SPOkGoodGood	Alarm(_G_-ENTRY,similar-52135)
41	0.311695	FalseGround	Unlabelled	SPOkGoodGood	Alarm(_G_-ENTRY,similar-52136)
42	0.309263	FalseGround	Unlabelled	SPOkGoodGood	Alarm(_G_-ENTRY,get_version-40588)
43	0.302203	FalseGround	Unlabelled	SPOkGoodGood	Alarm(_G_-ENTRY,diag-43541)
44	0.302203	FalseGround	Unlabelled	SPOkGoodGood	Alarm(_G_-ENTRY,diag-43542)
45	0.301364	FalseGround	Unlabelled	SPOkGoodGood	Alarm(_G_-ENTRY,bestmatch-43414)
46	0.301364	FalseGround	Unlabelled	SPOkGoodGood	Alarm(_G_-ENTRY,bestmatch-43415)
47	0.300791	TrueGround	Unlabelled	SPOkGoodGood	Alarm(_G_-ENTRY,pch_write_line-49430)
48	0.300791	FalseGround	Unlabelled	SPOkGoodGood	Alarm(_G_-ENTRY,pch_write_line-49431)
49	0.300398	FalseGround	Unlabelled	SPOkGoodGood	Alarm(_G_-ENTRY,numeric_string-51183)
50	0.300398	FalseGround	Unlabelled	SPOkGoodGood	Alarm(_G_-ENTRY,numeric_string-51184)
51	0.298435	FalseGround	Unlabelled	SPOkGoodGood	Alarm(_G_-ENTRY,another_hunk-48041)
52	0.298435	FalseGround	Unlabelled	SPOkGoodGood	Alarm(_G_-ENTRY,another_hunk-48043)
53	0.290822	FalseGround	Unlabelled	SPOkGoodGood	Alarm(_G_-ENTRY,parse_datetime-41133)
54	0.290822	FalseGround	Unlabelled	SPOkGoodGood	Alarm(_G_-ENTRY,parse_datetime-41136)
55	0.290433	FalseGround	Unlabelled	SPOkGoodGood	Alarm(_G_-ENTRY,another_hunk-48076)
56	0.29042	FalseGround	Unlabelled	SPOkGoodGood	Alarm(_G_-ENTRY,another_hunk-48040)
57	0.29042	FalseGround	Unlabelled	SPOkGoodGood	Alarm(_G_-ENTRY,another_hunk-48042)
58	0.277509	FalseGround	Unlabelled	SPOkGoodGood	Alarm(_G_-ENTRY,quotearg_buffer_restyled-38917)
59	0.277509	FalseGround	Unlabelled	SPOkGoodGood	Alarm(_G_-ENTRY,quotearg_buffer_restyled-38925)
60	0.277509	FalseGround	Unlabelled	SPOkGoodGood	Alarm(_G_-ENTRY,quotearg_buffer_restyled-38936)
61	0.277509	FalseGround	Unlabelled	SPOkGoodGood	Alarm(_G_-ENTRY,quotearg_buffer_restyled-38938)
62	0.277509	FalseGround	Unlabelled	SPOkGoodGood	Alarm(_G_-ENTRY,quotearg_buffer_restyled-38943)
63	0.277509	FalseGround	Unlabelled	SPOkGoodGood	Alarm(_G_-ENTRY,quotearg_buffer_restyled-38945)
64	0.277509	FalseGround	Unlabelled	SPOkGoodGood	Alarm(_G_-ENTRY,quotearg_buffer_restyled-38947)
65	0.277509	FalseGround	Unlabelled	SPOkGoodGood	Alarm(_G_-ENTRY,quotearg_buffer_restyled-38951)
66	0.277509	FalseGround	Unlabelled	SPOkGoodGood	Alarm(_G_-ENTRY,quotearg_buffer_restyled-38962)
67	0.277509	FalseGround	Unlabelled	SPOkGoodGood	Alarm(_G_-ENTRY,quotearg_buffer_restyled-38964)
68	0.277509	FalseGround	Unlabelled	SPOkGoodGood	Alarm(_G_-ENTRY,quotearg_buffer_restyled-38966)
69	0.277509	FalseGround	Unlabelled	SPOkGoodGood	Alarm(_G_-ENTRY,quotearg_buffer_restyled-38968)
70	0.277509	FalseGround	Unlabelled	SPOkGoodGood	Alarm(_G_-ENTRY,quotearg_buffer_restyled-38988)
71	0.277509	FalseGround	Unlabelled	SPOkGoodGood	Alarm(_G_-ENTRY,quotearg_buffer_restyled-38990)
72	0.277509	FalseGround	Unlabelled	SPOkGoodGood	Alarm(_G_-ENTRY,quotearg_buffer_restyled-38995)
73	0.277509	FalseGround	Unlabelled	SPOkGoodGood	Alarm(_G_-ENTRY,quotearg_buffer_restyled-38998)
74	0.277509	FalseGround	Unlabelled	SPOkGoodGood	Alarm(_G_-ENTRY,quotearg_buffer_restyled-39001)
75	0.277509	FalseGround	Unlabelled	SPOkGoodGood	Alarm(_G_-ENTRY,quotearg_buffer_restyled-39002)
76	0.277509	FalseGround	Unlabelled	SPOkGoodGood	Alarm(_G_-ENTRY,quotearg_buffer_restyled-39004)
77	0.277509	FalseGround	Unlabelled	SPOkGoodGood	Alarm(_G_-ENTRY,quotearg_buffer_restyled-39007)
78	0.277509	FalseGround	Unlabelled	SPOkGoodGood	Alarm(_G_-ENTRY,quotearg_buffer_restyled-39010)
79	0.277508	FalseGround	Unlabelled	SPOkGoodGood	Alarm(_G_-ENTRY,quotearg_buffer_restyled-38935)
80	0.277508	FalseGround	Unlabelled	SPOkGoodGood	Alarm(_G_-ENTRY,quotearg_buffer_restyled-38940)
81	0.277508	FalseGround	Unlabelled	SPOkGoodGood	Alarm(_G_-ENTRY,quotearg_buffer_restyled-38949)
82	0.277508	FalseGround	Unlabelled	SPOkGoodGood	Alarm(_G_-ENTRY,quotearg_buffer_restyled-38992)
83	0.2583	FalseGround	Unlabelled	SPOkGoodGood	Alarm(_G_-ENTRY,find_backup_file_name-43184)
84	0.254868	FalseGround	Unlabelled	SPOkGoodGood	Alarm(_G_-ENTRY,check_extension-43015)
85	0.246626	FalseGround	Unlabelled	SPOkGoodGood	Alarm(_G_-ENTRY,parse_datetime-41016)
86	0.246626	FalseGround	Unlabelled	SPOkGoodGood	Alarm(_G_-ENTRY,parse_datetime-41017)
87	0.246626	FalseGround	Unlabelled	SPOkGoodGood	Alarm(_G_-ENTRY,parse_datetime-41018)
88	0.246626	FalseGround	Unlabelled	SPOkGoodGood	Alarm(_G_-ENTRY,parse_datetime-41019)
89	0.246626	FalseGround	Unlabelled	SPOkGoodGood	Alarm(_G_-ENTRY,parse_datetime-41024)
90	0.246626	FalseGround	Unlabelled	SPOkGoodGood	Alarm(_G_-ENTRY,parse_datetime-41025)
91	0.242872	FalseGround	Unlabelled	SPOkGoodGood	Alarm(_G_-ENTRY,similar-52154)
92	0.239603	FalseGround	Unlabelled	SPOkGoodGood	Alarm(_G_-ENTRY,get_charset_aliases-41373)
93	0.239603	FalseGround	Unlabelled	SPOkGoodGood	Alarm(_G_-ENTRY,get_charset_aliases-41374)
94	0.224782	FalseGround	Unlabelled	SPOkGoodGood	Alarm(_G_-ENTRY,quotearg_buffer_restyled-38442)
95	0.224782	FalseGround	Unlabelled	SPOkGoodGood	Alarm(_G_-ENTRY,quotearg_buffer_restyled-38443)
96	0.224782	FalseGround	Unlabelled	SPOkGoodGood	Alarm(_G_-ENTRY,quotearg_buffer_restyled-38706)
97	0.224782	FalseGround	Unlabelled	SPOkGoodGood	Alarm(_G_-ENTRY,quotearg_buffer_restyled-38707)
98	0.224782	FalseGround	Unlabelled	SPOkGoodGood	Alarm(_G_-ENTRY,quotearg_buffer_restyled-38708)
99	0.224782	FalseGround	Unlabelled	SPOkGoodGood	Alarm(_G_-ENTRY,quotearg_buffer_restyled-38709)
100	0.224782	FalseGround	Unlabelled	SPOkGoodGood	Alarm(_G_-ENTRY,quotearg_buffer_restyled-38744)
101	0.224782	FalseGround	Unlabelled	SPOkGoodGood	Alarm(_G_-ENTRY,quotearg_buffer_restyled-38745)
102	0.224782	FalseGround	Unlabelled	SPOkGoodGood	Alarm(_G_-ENTRY,quotearg_buffer_restyled-38746)
103	0.224782	FalseGround	Unlabelled	SPOkGoodGood	Alarm(_G_-ENTRY,quotearg_buffer_restyled-38747)
104	0.224782	FalseGround	Unlabelled	SPOkGoodGood	Alarm(_G_-ENTRY,quotearg_buffer_restyled-38748)
105	0.224782	FalseGround	Unlabelled	SPOkGoodGood	Alarm(_G_-ENTRY,quotearg_buffer_restyled-38749)
106	0.224782	FalseGround	Unlabelled	SPOkGoodGood	Alarm(_G_-ENTRY,quotearg_buffer_restyled-38750)
107	0.224782	FalseGround	Unlabelled	SPOkGoodGood	Alarm(_G_-ENTRY,quotearg_buffer_restyled-38751)
108	0.224782	FalseGround	Unlabelled	SPOkGoodGood	Alarm(_G_-ENTRY,quotearg_buffer_restyled-38752)
109	0.224782	FalseGround	Unlabelled	SPOkGoodGood	Alarm(_G_-ENTRY,quotearg_buffer_restyled-38753)
110	0.224782	FalseGround	Unlabelled	SPOkGoodGood	Alarm(_G_-ENTRY,quotearg_buffer_restyled-38754)
111	0.224782	FalseGround	Unlabelled	SPOkGoodGood	Alarm(_G_-ENTRY,quotearg_buffer_restyled-38755)
112	0.224782	FalseGround	Unlabelled	SPOkGoodGood	Alarm(_G_-ENTRY,quotearg_buffer_restyled-38756)
113	0.224782	FalseGround	Unlabelled	SPOkGoodGood	Alarm(_G_-ENTRY,quotearg_buffer_restyled-38757)
114	0.224782	FalseGround	Unlabelled	SPOkGoodGood	Alarm(_G_-ENTRY,quotearg_buffer_restyled-38758)
115	0.224782	FalseGround	Unlabelled	SPOkGoodGood	Alarm(_G_-ENTRY,quotearg_buffer_restyled-38759)
116	0.224782	FalseGround	Unlabelled	SPOkGoodGood	Alarm(_G_-ENTRY,quotearg_buffer_restyled-38760)
117	0.224782	FalseGround	Unlabelled	SPOkGoodGood	Alarm(_G_-ENTRY,quotearg_buffer_restyled-38761)
118	0.224782	FalseGround	Unlabelled	SPOkGoodGood	Alarm(_G_-ENTRY,quotearg_buffer_restyled-38762)
119	0.224782	FalseGround	Unlabelled	SPOkGoodGood	Alarm(_G_-ENTRY,quotearg_buffer_restyled-38763)
120	0.224782	FalseGround	Unlabelled	SPOkGoodGood	Alarm(_G_-ENTRY,quotearg_buffer_restyled-38818)
121	0.224782	FalseGround	Unlabelled	SPOkGoodGood	Alarm(_G_-ENTRY,quotearg_buffer_restyled-38819)
122	0.224782	FalseGround	Unlabelled	SPOkGoodGood	Alarm(_G_-ENTRY,quotearg_buffer_restyled-38826)
123	0.224782	FalseGround	Unlabelled	SPOkGoodGood	Alarm(_G_-ENTRY,quotearg_buffer_restyled-38827)
124	0.224782	FalseGround	Unlabelled	SPOkGoodGood	Alarm(_G_-ENTRY,quotearg_buffer_restyled-38828)
125	0.224782	FalseGround	Unlabelled	SPOkGoodGood	Alarm(_G_-ENTRY,quotearg_buffer_restyled-38829)
126	0.224782	FalseGround	Unlabelled	SPOkGoodGood	Alarm(_G_-ENTRY,quotearg_buffer_restyled-38830)
127	0.224782	FalseGround	Unlabelled	SPOkGoodGood	Alarm(_G_-ENTRY,quotearg_buffer_restyled-38831)
128	0.224782	FalseGround	Unlabelled	SPOkGoodGood	Alarm(_G_-ENTRY,quotearg_buffer_restyled-38832)
129	0.224782	FalseGround	Unlabelled	SPOkGoodGood	Alarm(_G_-ENTRY,quotearg_buffer_restyled-38833)
130	0.224782	FalseGround	Unlabelled	SPOkGoodGood	Alarm(_G_-ENTRY,quotearg_buffer_restyled-38834)
131	0.224782	FalseGround	Unlabelled	SPOkGoodGood	Alarm(_G_-ENTRY,quotearg_buffer_restyled-38835)
132	0.224782	FalseGround	Unlabelled	SPOkGoodGood	Alarm(_G_-ENTRY,quotearg_buffer_restyled-38872)
133	0.224782	FalseGround	Unlabelled	SPOkGoodGood	Alarm(_G_-ENTRY,quotearg_buffer_restyled-38873)
134	0.224669	FalseGround	Unlabelled	SPOkGoodGood	Alarm(_G_-ENTRY,merge_hunk-44066)
135	0.224566	FalseGround	Unlabelled	SPOkGoodGood	Alarm(_G_-ENTRY,main-49829)
136	0.214976	FalseGround	Unlabelled	SPOkGoodGood	Alarm(_G_-ENTRY,ifetch-52903)
137	0.214976	FalseGround	Unlabelled	SPOkGoodGood	Alarm(_G_-ENTRY,ifetch-52904)
138	0.200581	FalseGround	Unlabelled	SPOkGoodGood	Alarm(_G_-ENTRY,transfer_entries-41894)
139	0.200581	FalseGround	Unlabelled	SPOkGoodGood	Alarm(_G_-ENTRY,transfer_entries-41904)
140	0.200581	FalseGround	Unlabelled	SPOkGoodGood	Alarm(_G_-ENTRY,transfer_entries-41905)
141	0.187319	FalseGround	Unlabelled	SPOkGoodGood	Alarm(_G_-ENTRY,bestmatch-43421)
142	0.180773	FalseGround	Unlabelled	SPOkGoodGood	Alarm(_G_-ENTRY,parse_datetime-41115)
143	0.180773	FalseGround	Unlabelled	SPOkGoodGood	Alarm(_G_-ENTRY,pch_swap-49387)
144	0.180773	FalseGround	Unlabelled	SPOkGoodGood	Alarm(_G_-ENTRY,strcaseeq0-38286)
145	0.178904	FalseGround	Unlabelled	SPOkGoodGood	Alarm(_G_-ENTRY,yyparse-40470)
146	0.178904	FalseGround	Unlabelled	SPOkGoodGood	Alarm(_G_-ENTRY,yyparse-40476)
147	0.178904	FalseGround	Unlabelled	SPOkGoodGood	Alarm(_G_-ENTRY,yyparse-40482)
148	0.178904	FalseGround	Unlabelled	SPOkGoodGood	Alarm(_G_-ENTRY,yyparse-40488)
149	0.178904	FalseGround	Unlabelled	SPOkGoodGood	Alarm(_G_-ENTRY,yyparse-40494)
150	0.178904	FalseGround	Unlabelled	SPOkGoodGood	Alarm(_G_-ENTRY,yyparse-40500)
151	0.178904	FalseGround	Unlabelled	SPOkGoodGood	Alarm(_G_-ENTRY,yyparse-40502)
152	0.178904	FalseGround	Unlabelled	SPOkGoodGood	Alarm(_G_-ENTRY,yyparse-40503)
153	0.178904	FalseGround	Unlabelled	SPOkGoodGood	Alarm(_G_-ENTRY,yyparse-40505)
154	0.178904	FalseGround	Unlabelled	SPOkGoodGood	Alarm(_G_-ENTRY,yyparse-40506)
155	0.178904	FalseGround	Unlabelled	SPOkGoodGood	Alarm(_G_-ENTRY,yyparse-40510)
156	0.178904	FalseGround	Unlabelled	SPOkGoodGood	Alarm(_G_-ENTRY,yyparse-40512)
157	0.178904	FalseGround	Unlabelled	SPOkGoodGood	Alarm(_G_-ENTRY,yyparse-40514)
158	0.178904	FalseGround	Unlabelled	SPOkGoodGood	Alarm(_G_-ENTRY,yyparse-40516)
159	0.178904	FalseGround	Unlabelled	SPOkGoodGood	Alarm(_G_-ENTRY,yyparse-40518)
160	0.178904	FalseGround	Unlabelled	SPOkGoodGood	Alarm(_G_-ENTRY,yyparse-40520)
161	0.175076	FalseGround	Unlabelled	SPOkGoodGood	Alarm(_G_-ENTRY,bestmatch-43411)
162	0.163793	FalseGround	Unlabelled	SPOkGoodGood	Alarm(_G_-ENTRY,yyparse-40409)
163	0.163793	FalseGround	Unlabelled	SPOkGoodGood	Alarm(_G_-ENTRY,yyparse-40523)
164	0.163793	FalseGround	Unlabelled	SPOkGoodGood	Alarm(_G_-ENTRY,yyparse-40525)
165	0.162471	FalseGround	Unlabelled	SPOkGoodGood	Alarm(_G_-ENTRY,transfer_entries-41879)
166	0.162471	FalseGround	Unlabelled	SPOkGoodGood	Alarm(_G_-ENTRY,transfer_entries-41880)
167	0.16168	FalseGround	Unlabelled	SPOkGoodGood	Alarm(_G_-ENTRY,pch_swap-49354)
168	0.16168	FalseGround	Unlabelled	SPOkGoodGood	Alarm(_G_-ENTRY,pch_swap-49355)
169	0.16168	FalseGround	Unlabelled	SPOkGoodGood	Alarm(_G_-ENTRY,pch_swap-49357)
170	0.146627	FalseGround	Unlabelled	SPOkGoodGood	Alarm(_G_-ENTRY,yyparse-40464)
171	0.146627	FalseGround	Unlabelled	SPOkGoodGood	Alarm(_G_-ENTRY,yyparse-40466)
172	0.146627	FalseGround	Unlabelled	SPOkGoodGood	Alarm(_G_-ENTRY,yyparse-40468)
173	0.146627	FalseGround	Unlabelled	SPOkGoodGood	Alarm(_G_-ENTRY,yyparse-40474)
174	0.146627	FalseGround	Unlabelled	SPOkGoodGood	Alarm(_G_-ENTRY,yyparse-40480)
175	0.146627	FalseGround	Unlabelled	SPOkGoodGood	Alarm(_G_-ENTRY,yyparse-40484)
176	0.146627	FalseGround	Unlabelled	SPOkGoodGood	Alarm(_G_-ENTRY,yyparse-40486)
177	0.146627	FalseGround	Unlabelled	SPOkGoodGood	Alarm(_G_-ENTRY,yyparse-40492)
178	0.146627	FalseGround	Unlabelled	SPOkGoodGood	Alarm(_G_-ENTRY,yyparse-40529)
179	0.146626	FalseGround	Unlabelled	SPOkGoodGood	Alarm(_G_-ENTRY,yyparse-40420)
180	0.146626	FalseGround	Unlabelled	SPOkGoodGood	Alarm(_G_-ENTRY,yyparse-40422)
181	0.146626	FalseGround	Unlabelled	SPOkGoodGood	Alarm(_G_-ENTRY,yyparse-40465)
182	0.146626	FalseGround	Unlabelled	SPOkGoodGood	Alarm(_G_-ENTRY,yyparse-40498)
183	0.146626	FalseGround	Unlabelled	SPOkGoodGood	Alarm(_G_-ENTRY,yyparse-40522)
184	0.141811	FalseGround	Unlabelled	SPOkGoodGood	Alarm(_G_-ENTRY,bestmatch-43365)
185	0.141811	FalseGround	Unlabelled	SPOkGoodGood	Alarm(_G_-ENTRY,bestmatch-43366)
186	0.141782	FalseGround	Unlabelled	SPOkGoodGood	Alarm(_G_-ENTRY,create_backup-44628)
187	0.141782	FalseGround	Unlabelled	SPOkGoodGood	Alarm(_G_-ENTRY,create_backup-44630)
188	0.141782	FalseGround	Unlabelled	SPOkGoodGood	Alarm(_G_-ENTRY,plan_a-52687)
189	0.135085	FalseGround	Unlabelled	SPOkGoodGood	Alarm(_G_-ENTRY,create_backup-44627)
190	0.135085	FalseGround	Unlabelled	SPOkGoodGood	Alarm(_G_-ENTRY,create_backup-44629)
191	0.135085	FalseGround	Unlabelled	SPOkGoodGood	Alarm(_G_-ENTRY,create_backup-44631)
192	0.135085	FalseGround	Unlabelled	SPOkGoodGood	Alarm(_G_-ENTRY,diag-43660)
193	0.135085	FalseGround	Unlabelled	SPOkGoodGood	Alarm(_G_-ENTRY,get_charset_aliases-41451)
194	0.135085	FalseGround	Unlabelled	SPOkGoodGood	Alarm(_G_-ENTRY,get_charset_aliases-41452)
195	0.135085	FalseGround	Unlabelled	SPOkGoodGood	Alarm(_G_-ENTRY,get_charset_aliases-41455)
196	0.135085	FalseGround	Unlabelled	SPOkGoodGood	Alarm(_G_-ENTRY,get_some_switches-51003)
197	0.135085	FalseGround	Unlabelled	SPOkGoodGood	Alarm(_G_-ENTRY,get_some_switches-51084)
198	0.135085	FalseGround	Unlabelled	SPOkGoodGood	Alarm(_G_-ENTRY,get_some_switches-51090)
199	0.135085	FalseGround	Unlabelled	SPOkGoodGood	Alarm(_G_-ENTRY,get_some_switches-51092)
200	0.135085	FalseGround	Unlabelled	SPOkGoodGood	Alarm(_G_-ENTRY,get_tz-40973)
201	0.135085	FalseGround	Unlabelled	SPOkGoodGood	Alarm(_G_-ENTRY,numbered_backup-43118)
202	0.135085	FalseGround	Unlabelled	SPOkGoodGood	Alarm(_G_-ENTRY,plan_a-52682)
203	0.135085	FalseGround	Unlabelled	SPOkGoodGood	Alarm(_G_-ENTRY,plan_a-52683)
204	0.132074	FalseGround	Unlabelled	SPOkGoodGood	Alarm(_G_-ENTRY,yyparse-40390)
205	0.132074	FalseGround	Unlabelled	SPOkGoodGood	Alarm(_G_-ENTRY,yyparse-40399)
206	0.132074	FalseGround	Unlabelled	SPOkGoodGood	Alarm(_G_-ENTRY,yyparse-40401)
207	0.132074	FalseGround	Unlabelled	SPOkGoodGood	Alarm(_G_-ENTRY,yyparse-40405)
208	0.132074	FalseGround	Unlabelled	SPOkGoodGood	Alarm(_G_-ENTRY,yyparse-40407)
209	0.132074	FalseGround	Unlabelled	SPOkGoodGood	Alarm(_G_-ENTRY,yyparse-40412)
210	0.132074	FalseGround	Unlabelled	SPOkGoodGood	Alarm(_G_-ENTRY,yyparse-40423)
211	0.132074	FalseGround	Unlabelled	SPOkGoodGood	Alarm(_G_-ENTRY,yyparse-40433)
212	0.132074	FalseGround	Unlabelled	SPOkGoodGood	Alarm(_G_-ENTRY,yyparse-40435)
213	0.132074	FalseGround	Unlabelled	SPOkGoodGood	Alarm(_G_-ENTRY,yyparse-40436)
214	0.132074	FalseGround	Unlabelled	SPOkGoodGood	Alarm(_G_-ENTRY,yyparse-40437)
215	0.132074	FalseGround	Unlabelled	SPOkGoodGood	Alarm(_G_-ENTRY,yyparse-40438)
216	0.132074	FalseGround	Unlabelled	SPOkGoodGood	Alarm(_G_-ENTRY,yyparse-40439)
217	0.132074	FalseGround	Unlabelled	SPOkGoodGood	Alarm(_G_-ENTRY,yyparse-40440)
218	0.132074	FalseGround	Unlabelled	SPOkGoodGood	Alarm(_G_-ENTRY,yyparse-40441)
219	0.132074	FalseGround	Unlabelled	SPOkGoodGood	Alarm(_G_-ENTRY,yyparse-40442)
220	0.132074	FalseGround	Unlabelled	SPOkGoodGood	Alarm(_G_-ENTRY,yyparse-40443)
221	0.132074	FalseGround	Unlabelled	SPOkGoodGood	Alarm(_G_-ENTRY,yyparse-40445)
222	0.132074	FalseGround	Unlabelled	SPOkGoodGood	Alarm(_G_-ENTRY,yyparse-40446)
223	0.132074	FalseGround	Unlabelled	SPOkGoodGood	Alarm(_G_-ENTRY,yyparse-40448)
224	0.132074	FalseGround	Unlabelled	SPOkGoodGood	Alarm(_G_-ENTRY,yyparse-40449)
225	0.132074	FalseGround	Unlabelled	SPOkGoodGood	Alarm(_G_-ENTRY,yyparse-40450)
226	0.132074	FalseGround	Unlabelled	SPOkGoodGood	Alarm(_G_-ENTRY,yyparse-40452)
227	0.132074	FalseGround	Unlabelled	SPOkGoodGood	Alarm(_G_-ENTRY,yyparse-40454)
228	0.132074	FalseGround	Unlabelled	SPOkGoodGood	Alarm(_G_-ENTRY,yyparse-40455)
229	0.132074	FalseGround	Unlabelled	SPOkGoodGood	Alarm(_G_-ENTRY,yyparse-40456)
230	0.132074	FalseGround	Unlabelled	SPOkGoodGood	Alarm(_G_-ENTRY,yyparse-40458)
231	0.132074	FalseGround	Unlabelled	SPOkGoodGood	Alarm(_G_-ENTRY,yyparse-40460)
232	0.132074	FalseGround	Unlabelled	SPOkGoodGood	Alarm(_G_-ENTRY,yyparse-40461)
233	0.132074	FalseGround	Unlabelled	SPOkGoodGood	Alarm(_G_-ENTRY,yyparse-40462)
234	0.132074	FalseGround	Unlabelled	SPOkGoodGood	Alarm(_G_-ENTRY,yyparse-40463)
235	0.132074	FalseGround	Unlabelled	SPOkGoodGood	Alarm(_G_-ENTRY,yyparse-40527)
236	0.132074	FalseGround	Unlabelled	SPOkGoodGood	Alarm(_G_-ENTRY,yyparse-40528)
237	0.132074	FalseGround	Unlabelled	SPOkGoodGood	Alarm(_G_-ENTRY,yyparse-40531)
238	0.124384	FalseGround	Unlabelled	SPOkGoodGood	Alarm(_G_-ENTRY,replace_slashes-45822)
239	0.123029	FalseGround	Unlabelled	SPOkGoodGood	Alarm(_G_-ENTRY,gen_tempname-38128)
240	0.120549	FalseGround	Unlabelled	SPOkGoodGood	Alarm(_G_-ENTRY,pch_swap-49363)
241	0.120549	FalseGround	Unlabelled	SPOkGoodGood	Alarm(_G_-ENTRY,pch_swap-49364)
242	0.120549	FalseGround	Unlabelled	SPOkGoodGood	Alarm(_G_-ENTRY,pch_swap-49365)
243	0.110101	FalseGround	Unlabelled	SPOkGoodGood	Alarm(_G_-ENTRY,yyparse-40301)
244	0.110101	FalseGround	Unlabelled	SPOkGoodGood	Alarm(_G_-ENTRY,yyparse-40302)
245	0.109419	FalseGround	Unlabelled	SPOkGoodGood	Alarm(_G_-ENTRY,ask-45602)
246	0.109419	FalseGround	Unlabelled	SPOkGoodGood	Alarm(_G_-ENTRY,ask-45603)
247	0.109419	FalseGround	Unlabelled	SPOkGoodGood	Alarm(_G_-ENTRY,diag-43533)
248	0.109419	FalseGround	Unlabelled	SPOkGoodGood	Alarm(_G_-ENTRY,diag-43534)
249	0.109419	FalseGround	Unlabelled	SPOkGoodGood	Alarm(_G_-ENTRY,get_some_switches-50954)
250	0.109419	FalseGround	Unlabelled	SPOkGoodGood	Alarm(_G_-ENTRY,get_some_switches-50955)
251	0.109419	FalseGround	Unlabelled	SPOkGoodGood	Alarm(_G_-ENTRY,get_some_switches-50956)
252	0.109419	FalseGround	Unlabelled	SPOkGoodGood	Alarm(_G_-ENTRY,get_some_switches-50957)
253	0.109419	FalseGround	Unlabelled	SPOkGoodGood	Alarm(_G_-ENTRY,get_some_switches-50958)
254	0.109419	FalseGround	Unlabelled	SPOkGoodGood	Alarm(_G_-ENTRY,get_some_switches-50959)
255	0.109419	FalseGround	Unlabelled	SPOkGoodGood	Alarm(_G_-ENTRY,get_some_switches-50960)
256	0.109419	FalseGround	Unlabelled	SPOkGoodGood	Alarm(_G_-ENTRY,get_some_switches-50961)
257	0.109419	FalseGround	Unlabelled	SPOkGoodGood	Alarm(_G_-ENTRY,get_some_switches-50962)
258	0.109419	FalseGround	Unlabelled	SPOkGoodGood	Alarm(_G_-ENTRY,get_some_switches-50963)
259	0.109419	FalseGround	Unlabelled	SPOkGoodGood	Alarm(_G_-ENTRY,get_some_switches-50964)
260	0.109419	FalseGround	Unlabelled	SPOkGoodGood	Alarm(_G_-ENTRY,get_some_switches-50965)
261	0.109419	FalseGround	Unlabelled	SPOkGoodGood	Alarm(_G_-ENTRY,parse_datetime-41012)
262	0.109419	FalseGround	Unlabelled	SPOkGoodGood	Alarm(_G_-ENTRY,parse_datetime-41013)
263	0.109419	FalseGround	Unlabelled	SPOkGoodGood	Alarm(_G_-ENTRY,parse_datetime-41014)
264	0.109419	FalseGround	Unlabelled	SPOkGoodGood	Alarm(_G_-ENTRY,parse_datetime-41015)
265	0.109419	FalseGround	Unlabelled	SPOkGoodGood	Alarm(_G_-ENTRY,parse_datetime-41020)
266	0.109419	FalseGround	Unlabelled	SPOkGoodGood	Alarm(_G_-ENTRY,parse_datetime-41021)
267	0.109419	FalseGround	Unlabelled	SPOkGoodGood	Alarm(_G_-ENTRY,parse_datetime-41030)
268	0.109419	FalseGround	Unlabelled	SPOkGoodGood	Alarm(_G_-ENTRY,parse_datetime-41031)
269	0.109419	FalseGround	Unlabelled	SPOkGoodGood	Alarm(_G_-ENTRY,pch_normalize-49646)
270	0.109419	FalseGround	Unlabelled	SPOkGoodGood	Alarm(_G_-ENTRY,pch_normalize-49647)
271	0.109419	FalseGround	Unlabelled	SPOkGoodGood	Alarm(_G_-ENTRY,pch_normalize-49662)
272	0.109419	FalseGround	Unlabelled	SPOkGoodGood	Alarm(_G_-ENTRY,pch_normalize-49663)
273	0.109419	FalseGround	Unlabelled	SPOkGoodGood	Alarm(_G_-ENTRY,pch_normalize-49666)
274	0.109419	FalseGround	Unlabelled	SPOkGoodGood	Alarm(_G_-ENTRY,pch_normalize-49667)
275	0.109419	FalseGround	Unlabelled	SPOkGoodGood	Alarm(_G_-ENTRY,replace_slashes-45800)
276	0.109419	FalseGround	Unlabelled	SPOkGoodGood	Alarm(_G_-ENTRY,replace_slashes-45801)
277	0.109419	FalseGround	Unlabelled	SPOkGoodGood	Alarm(_G_-ENTRY,replace_slashes-45802)
278	0.109419	FalseGround	Unlabelled	SPOkGoodGood	Alarm(_G_-ENTRY,replace_slashes-45803)
279	0.109419	FalseGround	Unlabelled	SPOkGoodGood	Alarm(_G_-ENTRY,replace_slashes-45810)
280	0.109419	FalseGround	Unlabelled	SPOkGoodGood	Alarm(_G_-ENTRY,replace_slashes-45811)
281	0.109365	FalseGround	Unlabelled	SPOkGoodGood	Alarm(_G_-ENTRY,quotearg_buffer_restyled-38892)
282	0.109365	FalseGround	Unlabelled	SPOkGoodGood	Alarm(_G_-ENTRY,quotearg_buffer_restyled-38893)
283	0.107335	FalseGround	Unlabelled	SPOkGoodGood	Alarm(_G_-ENTRY,diag-43648)
284	0.104835	FalseGround	Unlabelled	SPOkGoodGood	Alarm(_G_-ENTRY,plan_a-52643)
285	0.104835	FalseGround	Unlabelled	SPOkGoodGood	Alarm(_G_-ENTRY,plan_a-52644)
286	0.103974	FalseGround	Unlabelled	SPOkGoodGood	Alarm(_G_-ENTRY,replace_slashes-45812)
287	0.103974	FalseGround	Unlabelled	SPOkGoodGood	Alarm(_G_-ENTRY,replace_slashes-45813)
288	0.0977309	FalseGround	Unlabelled	SPOkGoodGood	Alarm(_G_-ENTRY,yyparse-40400)
289	0.0977309	FalseGround	Unlabelled	SPOkGoodGood	Alarm(_G_-ENTRY,yyparse-40402)
290	0.0977309	FalseGround	Unlabelled	SPOkGoodGood	Alarm(_G_-ENTRY,yyparse-40404)
291	0.0977309	FalseGround	Unlabelled	SPOkGoodGood	Alarm(_G_-ENTRY,yyparse-40413)
292	0.0977309	FalseGround	Unlabelled	SPOkGoodGood	Alarm(_G_-ENTRY,yyparse-40414)
293	0.0977309	FalseGround	Unlabelled	SPOkGoodGood	Alarm(_G_-ENTRY,yyparse-40416)
294	0.0977309	FalseGround	Unlabelled	SPOkGoodGood	Alarm(_G_-ENTRY,yyparse-40419)
295	0.0977309	FalseGround	Unlabelled	SPOkGoodGood	Alarm(_G_-ENTRY,yyparse-40425)
296	0.0977309	FalseGround	Unlabelled	SPOkGoodGood	Alarm(_G_-ENTRY,yyparse-40426)
297	0.0977309	FalseGround	Unlabelled	SPOkGoodGood	Alarm(_G_-ENTRY,yyparse-40428)
298	0.0977309	FalseGround	Unlabelled	SPOkGoodGood	Alarm(_G_-ENTRY,yyparse-40430)
299	0.0977309	FalseGround	Unlabelled	SPOkGoodGood	Alarm(_G_-ENTRY,yyparse-40432)
300	0.0977309	FalseGround	Unlabelled	SPOkGoodGood	Alarm(_G_-ENTRY,yyparse-40444)
301	0.0977309	FalseGround	Unlabelled	SPOkGoodGood	Alarm(_G_-ENTRY,yyparse-40447)
302	0.0977309	FalseGround	Unlabelled	SPOkGoodGood	Alarm(_G_-ENTRY,yyparse-40453)
303	0.0977309	FalseGround	Unlabelled	SPOkGoodGood	Alarm(_G_-ENTRY,yyparse-40459)
304	0.0977309	FalseGround	Unlabelled	SPOkGoodGood	Alarm(_G_-ENTRY,yyparse-40597)
305	0.0977308	FalseGround	Unlabelled	SPOkGoodGood	Alarm(_G_-ENTRY,yyparse-40417)
306	0.0977308	FalseGround	Unlabelled	SPOkGoodGood	Alarm(_G_-ENTRY,yyparse-40424)
307	0.0977308	FalseGround	Unlabelled	SPOkGoodGood	Alarm(_G_-ENTRY,yyparse-40431)
308	0.0977308	FalseGround	Unlabelled	SPOkGoodGood	Alarm(_G_-ENTRY,yyparse-40434)
309	0.0977308	FalseGround	Unlabelled	SPOkGoodGood	Alarm(_G_-ENTRY,yyparse-40451)
310	0.0977308	FalseGround	Unlabelled	SPOkGoodGood	Alarm(_G_-ENTRY,yyparse-40457)
311	0.0977308	FalseGround	Unlabelled	SPOkGoodGood	Alarm(_G_-ENTRY,yyparse-40563)
312	0.079752	FalseGround	Unlabelled	SPOkGoodGood	Alarm(_G_-ENTRY,get_ed_command_letter-49459)
313	0.079752	FalseGround	Unlabelled	SPOkGoodGood	Alarm(_G_-ENTRY,get_ed_command_letter-49460)
314	0.079752	FalseGround	Unlabelled	SPOkGoodGood	Alarm(_G_-ENTRY,get_ed_command_letter-49461)
315	0.079752	FalseGround	Unlabelled	SPOkGoodGood	Alarm(_G_-ENTRY,get_ed_command_letter-49462)
316	0.079752	FalseGround	Unlabelled	SPOkGoodGood	Alarm(_G_-ENTRY,get_ed_command_letter-49463)
317	0.079752	FalseGround	Unlabelled	SPOkGoodGood	Alarm(_G_-ENTRY,get_ed_command_letter-49464)
318	0.074978	FalseGround	Unlabelled	SPOkGoodGood	Alarm(_G_-ENTRY,gen_tempname-38130)
319	0.074978	FalseGround	Unlabelled	SPOkGoodGood	Alarm(_G_-ENTRY,gen_tempname-38132)
320	0.074978	FalseGround	Unlabelled	SPOkGoodGood	Alarm(_G_-ENTRY,gen_tempname-38134)
321	0.074978	FalseGround	Unlabelled	SPOkGoodGood	Alarm(_G_-ENTRY,gen_tempname-38136)
322	0.0706602	FalseGround	Unlabelled	SPOkGoodGood	Alarm(_G_-ENTRY,similar-52117)
323	0.0706602	FalseGround	Unlabelled	SPOkGoodGood	Alarm(_G_-ENTRY,similar-52118)
324	0.0628493	FalseGround	Unlabelled	SPOkGoodGood	Alarm(_G_-ENTRY,quote_system_arg-45127)
325	0.0628493	FalseGround	Unlabelled	SPOkGoodGood	Alarm(_G_-ENTRY,yylex-40941)
326	0.0560754	FalseGround	Unlabelled	SPOkGoodGood	Alarm(_G_-ENTRY,base_name-42916)
327	0.0560754	FalseGround	Unlabelled	SPOkGoodGood	Alarm(_G_-ENTRY,base_name-42917)
328	0.0521464	FalseGround	Unlabelled	SPOkGoodGood	Alarm(_G_-ENTRY,similar-52139)
329	0.0521464	FalseGround	Unlabelled	SPOkGoodGood	Alarm(_G_-ENTRY,similar-52140)
330	0.0521464	FalseGround	Unlabelled	SPOkGoodGood	Alarm(_G_-ENTRY,similar-52141)
331	0.0521464	FalseGround	Unlabelled	SPOkGoodGood	Alarm(_G_-ENTRY,similar-52142)
332	0.0509079	FalseGround	Unlabelled	SPOkGoodGood	Alarm(_G_-ENTRY,pch_swap-49305)
333	0.0509079	FalseGround	Unlabelled	SPOkGoodGood	Alarm(_G_-ENTRY,pch_swap-49306)
334	0.0471013	FalseGround	Unlabelled	SPOkGoodGood	Alarm(_G_-ENTRY,compareseq-43708)
335	0.0471013	FalseGround	Unlabelled	SPOkGoodGood	Alarm(_G_-ENTRY,compareseq-43710)
336	0.0471013	FalseGround	Unlabelled	SPOkGoodGood	Alarm(_G_-ENTRY,gen_tempname-38126)
337	0.0471013	FalseGround	Unlabelled	SPOkGoodGood	Alarm(_G_-ENTRY,get_some_switches-51006)
338	0.0471013	FalseGround	Unlabelled	SPOkGoodGood	Alarm(_G_-ENTRY,main-50456)
339	0.0471013	FalseGround	Unlabelled	SPOkGoodGood	Alarm(_G_-ENTRY,numbered_backup-43121)
340	0.0471013	FalseGround	Unlabelled	SPOkGoodGood	Alarm(_G_-ENTRY,parse_datetime-41138)
341	0.0471013	FalseGround	Unlabelled	SPOkGoodGood	Alarm(_G_-ENTRY,pch_normalize-49673)
342	0.0471013	FalseGround	Unlabelled	SPOkGoodGood	Alarm(_G_-ENTRY,pget_line-49262)
343	0.0471013	FalseGround	Unlabelled	SPOkGoodGood	Alarm(_G_-ENTRY,plan_b-52839)
344	0.0471013	FalseGround	Unlabelled	SPOkGoodGood	Alarm(_G_-ENTRY,replace_slashes-45820)
345	0.0471013	FalseGround	Unlabelled	SPOkGoodGood	Alarm(_G_-ENTRY,replace_slashes-45824)
346	0.0471013	FalseGround	Unlabelled	SPOkGoodGood	Alarm(_G_-ENTRY,savebuf-45512)
347	0.0471013	FalseGround	Unlabelled	SPOkGoodGood	Alarm(_G_-ENTRY,transfer_entries-41920)
348	0.0471013	FalseGround	Unlabelled	SPOkGoodGood	Alarm(_G_-ENTRY,xmemdup-36593)
349	0.0458978	FalseGround	Unlabelled	SPOkGoodGood	Alarm(_G_-ENTRY,base_name-42914)
350	0.0458978	FalseGround	Unlabelled	SPOkGoodGood	Alarm(_G_-ENTRY,base_name-42915)
351	0.0436061	FalseGround	Unlabelled	SPOkGoodGood	Alarm(_G_-ENTRY,locale_charset-41513)
352	0.0436061	FalseGround	Unlabelled	SPOkGoodGood	Alarm(_G_-ENTRY,locale_charset-41514)
353	0.0436061	FalseGround	Unlabelled	SPOkGoodGood	Alarm(_G_-ENTRY,locale_charset-41515)
354	0.0436061	FalseGround	Unlabelled	SPOkGoodGood	Alarm(_G_-ENTRY,locale_charset-41516)
355	0.0433982	FalseGround	Unlabelled	SPOkGoodGood	Alarm(_G_-ENTRY,pget_line-49267)
356	0.0433982	FalseGround	Unlabelled	SPOkGoodGood	Alarm(_G_-ENTRY,pget_line-49268)
357	0.0397967	FalseGround	Unlabelled	SPOkGoodGood	Alarm(_G_-ENTRY,removedirs-45876)
358	0.038152	FalseGround	Unlabelled	SPOkGoodGood	Alarm(_G_-ENTRY,base_len-42948)
359	0.038152	FalseGround	Unlabelled	SPOkGoodGood	Alarm(_G_-ENTRY,base_len-42949)
360	0.038152	FalseGround	Unlabelled	SPOkGoodGood	Alarm(_G_-ENTRY,create_backup-44552)
361	0.038152	FalseGround	Unlabelled	SPOkGoodGood	Alarm(_G_-ENTRY,create_backup-44553)
362	0.038152	FalseGround	Unlabelled	SPOkGoodGood	Alarm(_G_-ENTRY,last_component-42930)
363	0.038152	FalseGround	Unlabelled	SPOkGoodGood	Alarm(_G_-ENTRY,last_component-42931)
364	0.038152	FalseGround	Unlabelled	SPOkGoodGood	Alarm(_G_-ENTRY,last_component-42932)
365	0.038152	FalseGround	Unlabelled	SPOkGoodGood	Alarm(_G_-ENTRY,last_component-42933)
366	0.038152	FalseGround	Unlabelled	SPOkGoodGood	Alarm(_G_-ENTRY,last_component-42934)
367	0.038152	FalseGround	Unlabelled	SPOkGoodGood	Alarm(_G_-ENTRY,last_component-42935)
368	0.038152	FalseGround	Unlabelled	SPOkGoodGood	Alarm(_G_-ENTRY,main-50140)
369	0.038152	FalseGround	Unlabelled	SPOkGoodGood	Alarm(_G_-ENTRY,main-50141)
370	0.038152	FalseGround	Unlabelled	SPOkGoodGood	Alarm(_G_-ENTRY,merge_hunk-43941)
371	0.038152	FalseGround	Unlabelled	SPOkGoodGood	Alarm(_G_-ENTRY,merge_hunk-43942)
372	0.038152	FalseGround	Unlabelled	SPOkGoodGood	Alarm(_G_-ENTRY,merge_hunk-43953)
373	0.038152	FalseGround	Unlabelled	SPOkGoodGood	Alarm(_G_-ENTRY,merge_hunk-43954)
374	0.038152	FalseGround	Unlabelled	SPOkGoodGood	Alarm(_G_-ENTRY,merge_hunk-43959)
375	0.038152	FalseGround	Unlabelled	SPOkGoodGood	Alarm(_G_-ENTRY,merge_hunk-43960)
376	0.038152	FalseGround	Unlabelled	SPOkGoodGood	Alarm(_G_-ENTRY,merge_hunk-43975)
377	0.038152	FalseGround	Unlabelled	SPOkGoodGood	Alarm(_G_-ENTRY,merge_hunk-43976)
378	0.038152	FalseGround	Unlabelled	SPOkGoodGood	Alarm(_G_-ENTRY,merge_hunk-43977)
379	0.038152	FalseGround	Unlabelled	SPOkGoodGood	Alarm(_G_-ENTRY,merge_hunk-43978)
380	0.038152	FalseGround	Unlabelled	SPOkGoodGood	Alarm(_G_-ENTRY,merge_hunk-43987)
381	0.038152	FalseGround	Unlabelled	SPOkGoodGood	Alarm(_G_-ENTRY,merge_hunk-43988)
382	0.038152	FalseGround	Unlabelled	SPOkGoodGood	Alarm(_G_-ENTRY,numeric_string-51171)
383	0.038152	FalseGround	Unlabelled	SPOkGoodGood	Alarm(_G_-ENTRY,numeric_string-51172)
384	0.038152	FalseGround	Unlabelled	SPOkGoodGood	Alarm(_G_-ENTRY,numeric_string-51173)
385	0.038152	FalseGround	Unlabelled	SPOkGoodGood	Alarm(_G_-ENTRY,numeric_string-51174)
386	0.038152	FalseGround	Unlabelled	SPOkGoodGood	Alarm(_G_-ENTRY,numeric_string-51175)
387	0.038152	FalseGround	Unlabelled	SPOkGoodGood	Alarm(_G_-ENTRY,numeric_string-51176)
388	0.038152	FalseGround	Unlabelled	SPOkGoodGood	Alarm(_G_-ENTRY,pch_normalize-49638)
389	0.038152	FalseGround	Unlabelled	SPOkGoodGood	Alarm(_G_-ENTRY,pch_normalize-49639)
390	0.038152	FalseGround	Unlabelled	SPOkGoodGood	Alarm(_G_-ENTRY,plan_a-52627)
391	0.038152	FalseGround	Unlabelled	SPOkGoodGood	Alarm(_G_-ENTRY,plan_a-52628)
392	0.038152	FalseGround	Unlabelled	SPOkGoodGood	Alarm(_G_-ENTRY,replace_slashes-45804)
393	0.038152	FalseGround	Unlabelled	SPOkGoodGood	Alarm(_G_-ENTRY,replace_slashes-45805)
394	0.038152	FalseGround	Unlabelled	SPOkGoodGood	Alarm(_G_-ENTRY,replace_slashes-45806)
395	0.038152	FalseGround	Unlabelled	SPOkGoodGood	Alarm(_G_-ENTRY,replace_slashes-45807)
396	0.0362622	FalseGround	Unlabelled	SPOkGoodGood	Alarm(_G_-ENTRY,get_charset_aliases-41369)
397	0.0362622	FalseGround	Unlabelled	SPOkGoodGood	Alarm(_G_-ENTRY,get_charset_aliases-41370)
398	0.0359715	FalseGround	Unlabelled	SPOkGoodGood	Alarm(_G_-ENTRY,pget_line-49236)
399	0.0359715	FalseGround	Unlabelled	SPOkGoodGood	Alarm(_G_-ENTRY,pget_line-49237)
400	0.0275146	FalseGround	Unlabelled	SPOkGoodGood	Alarm(_G_-ENTRY,bestmatch-43405)
401	0.0251896	FalseGround	Unlabelled	SPOkGoodGood	Alarm(_G_-ENTRY,strcaseeq1-38279)
402	0.0204035	FalseGround	Unlabelled	SPOkGoodGood	Alarm(_G_-ENTRY,there_is_another_patch-46577)
403	0.0204035	FalseGround	Unlabelled	SPOkGoodGood	Alarm(_G_-ENTRY,there_is_another_patch-46578)
404	0.0137134	FalseGround	Unlabelled	SPOkGoodGood	Alarm(_G_-ENTRY,format_linenum-45531)
405	0.0137134	FalseGround	Unlabelled	SPOkGoodGood	Alarm(_G_-ENTRY,format_linenum-45535)
406	0.0133028	FalseGround	Unlabelled	SPOkGoodGood	Alarm(_G_-ENTRY,merge_hunk-44059)
407	0.0133028	FalseGround	Unlabelled	SPOkGoodGood	Alarm(_G_-ENTRY,merge_hunk-44061)
408	0.0133028	FalseGround	Unlabelled	SPOkGoodGood	Alarm(_G_-ENTRY,numbered_backup-43122)
409	0.0133028	FalseGround	Unlabelled	SPOkGoodGood	Alarm(_G_-ENTRY,yylex-40944)
410	0.0107753	FalseGround	Unlabelled	SPOkGoodGood	Alarm(_G_-ENTRY,merge_hunk-43915)
411	0.0107753	FalseGround	Unlabelled	SPOkGoodGood	Alarm(_G_-ENTRY,merge_hunk-43916)
412	0.0107753	FalseGround	Unlabelled	SPOkGoodGood	Alarm(_G_-ENTRY,merge_hunk-43917)
413	0.0107753	FalseGround	Unlabelled	SPOkGoodGood	Alarm(_G_-ENTRY,merge_hunk-43918)
414	0.0107753	FalseGround	Unlabelled	SPOkGoodGood	Alarm(_G_-ENTRY,merge_hunk-43919)
415	0.0107753	FalseGround	Unlabelled	SPOkGoodGood	Alarm(_G_-ENTRY,merge_hunk-43920)
416	0.0107753	FalseGround	Unlabelled	SPOkGoodGood	Alarm(_G_-ENTRY,merge_hunk-43921)
417	0.0107753	FalseGround	Unlabelled	SPOkGoodGood	Alarm(_G_-ENTRY,merge_hunk-43922)
418	0.0107753	FalseGround	Unlabelled	SPOkGoodGood	Alarm(_G_-ENTRY,merge_hunk-43923)
419	0.0107753	FalseGround	Unlabelled	SPOkGoodGood	Alarm(_G_-ENTRY,merge_hunk-43924)
420	0.0107753	FalseGround	Unlabelled	SPOkGoodGood	Alarm(_G_-ENTRY,merge_hunk-43945)
421	0.0107753	FalseGround	Unlabelled	SPOkGoodGood	Alarm(_G_-ENTRY,merge_hunk-43946)
422	0.0107753	FalseGround	Unlabelled	SPOkGoodGood	Alarm(_G_-ENTRY,merge_hunk-43955)
423	0.0107753	FalseGround	Unlabelled	SPOkGoodGood	Alarm(_G_-ENTRY,merge_hunk-43956)
424	0.0107753	FalseGround	Unlabelled	SPOkGoodGood	Alarm(_G_-ENTRY,merge_hunk-43963)
425	0.0107753	FalseGround	Unlabelled	SPOkGoodGood	Alarm(_G_-ENTRY,merge_hunk-43964)
426	0.0107753	FalseGround	Unlabelled	SPOkGoodGood	Alarm(_G_-ENTRY,merge_hunk-43967)
427	0.0107753	FalseGround	Unlabelled	SPOkGoodGood	Alarm(_G_-ENTRY,merge_hunk-43968)
428	0.0107753	FalseGround	Unlabelled	SPOkGoodGood	Alarm(_G_-ENTRY,merge_hunk-43973)
429	0.0107753	FalseGround	Unlabelled	SPOkGoodGood	Alarm(_G_-ENTRY,merge_hunk-43974)
430	0.0107753	FalseGround	Unlabelled	SPOkGoodGood	Alarm(_G_-ENTRY,merge_hunk-43989)
431	0.0107753	FalseGround	Unlabelled	SPOkGoodGood	Alarm(_G_-ENTRY,merge_hunk-43990)
432	0.00872796	FalseGround	Unlabelled	SPOkGoodGood	Alarm(_G_-ENTRY,pch_normalize-49677)
433	0.0071092	FalseGround	Unlabelled	SPOkGoodGood	Alarm(_G_-ENTRY,removedirs-45851)
434	0.0071092	FalseGround	Unlabelled	SPOkGoodGood	Alarm(_G_-ENTRY,removedirs-45852)
435	0.00681017	FalseGround	Unlabelled	SPOkGoodGood	Alarm(_G_-ENTRY,pch_normalize-49654)
436	0.00681017	FalseGround	Unlabelled	SPOkGoodGood	Alarm(_G_-ENTRY,pch_normalize-49655)
437	0.00647147	FalseGround	Unlabelled	SPOkGoodGood	Alarm(_G_-ENTRY,mdir_name-42739)
438	0.0053162	FalseGround	Unlabelled	SPOkGoodGood	Alarm(_G_-ENTRY,removedirs-45849)
439	0.0053162	FalseGround	Unlabelled	SPOkGoodGood	Alarm(_G_-ENTRY,removedirs-45850)
440	0.00403071	FalseGround	Unlabelled	SPOkGoodGood	Alarm(_G_-ENTRY,format_linenum-45533)
441	0.00376902	FalseGround	Unlabelled	SPOkGoodGood	Alarm(_G_-ENTRY,removedirs-45853)
442	0.00376902	FalseGround	Unlabelled	SPOkGoodGood	Alarm(_G_-ENTRY,removedirs-45854)
443	0.00304325	FalseGround	Unlabelled	SPOkGoodGood	Alarm(_G_-ENTRY,another_hunk-48471)
444	0.00304325	FalseGround	Unlabelled	SPOkGoodGood	Alarm(_G_-ENTRY,diag-43560)
445	0.00304325	FalseGround	Unlabelled	SPOkGoodGood	Alarm(_G_-ENTRY,diag-43561)
446	0.00304325	FalseGround	Unlabelled	SPOkGoodGood	Alarm(_G_-ENTRY,merge_hunk-44060)
447	0.00246503	FalseGround	Unlabelled	SPOkGoodGood	Alarm(_G_-ENTRY,another_hunk-47984)
448	0.00246503	FalseGround	Unlabelled	SPOkGoodGood	Alarm(_G_-ENTRY,another_hunk-47985)
449	0.00246503	FalseGround	Unlabelled	SPOkGoodGood	Alarm(_G_-ENTRY,another_hunk-47986)
450	0.00246503	FalseGround	Unlabelled	SPOkGoodGood	Alarm(_G_-ENTRY,another_hunk-47987)
451	0.00246503	FalseGround	Unlabelled	SPOkGoodGood	Alarm(_G_-ENTRY,another_hunk-47988)
452	0.00246503	FalseGround	Unlabelled	SPOkGoodGood	Alarm(_G_-ENTRY,another_hunk-47989)
453	0.00246503	FalseGround	Unlabelled	SPOkGoodGood	Alarm(_G_-ENTRY,pch_normalize-49626)
454	0.00246503	FalseGround	Unlabelled	SPOkGoodGood	Alarm(_G_-ENTRY,pch_normalize-49627)
455	0.00246503	FalseGround	Unlabelled	SPOkGoodGood	Alarm(_G_-ENTRY,pch_normalize-49628)
456	0.00246503	FalseGround	Unlabelled	SPOkGoodGood	Alarm(_G_-ENTRY,pch_normalize-49629)
457	0.00204102	FalseGround	Unlabelled	SPOkGoodGood	Alarm(_G_-ENTRY,mdir_name-42743)
458	0.00159433	FalseGround	Unlabelled	SPOkGoodGood	Alarm(_G_-ENTRY,mdir_name-42742)
459	0.00154615	FalseGround	Unlabelled	SPOkGoodGood	Alarm(_G_-ENTRY,removedirs-45872)
460	0.00151094	FalseGround	Unlabelled	SPOkGoodGood	Alarm(_G_-ENTRY,strcaseeq2-38272)
461	0.00125238	FalseGround	Unlabelled	SPOkGoodGood	Alarm(_G_-ENTRY,removedirs-45857)
462	0.00125238	FalseGround	Unlabelled	SPOkGoodGood	Alarm(_G_-ENTRY,removedirs-45858)
463	0.00125238	FalseGround	Unlabelled	SPOkGoodGood	Alarm(_G_-ENTRY,removedirs-45859)
464	0.00125238	FalseGround	Unlabelled	SPOkGoodGood	Alarm(_G_-ENTRY,removedirs-45860)
465	0.00125238	FalseGround	Unlabelled	SPOkGoodGood	Alarm(_G_-ENTRY,removedirs-45863)
466	0.00125238	FalseGround	Unlabelled	SPOkGoodGood	Alarm(_G_-ENTRY,removedirs-45864)
467	0.000563921	FalseGround	Unlabelled	SPOkGoodGood	Alarm(_G_-ENTRY,diag-43565)
468	0.000563921	FalseGround	Unlabelled	SPOkGoodGood	Alarm(_G_-ENTRY,diag-43568)
469	0.000563921	FalseGround	Unlabelled	SPOkGoodGood	Alarm(_G_-ENTRY,diag-43571)
470	0.000563921	FalseGround	Unlabelled	SPOkGoodGood	Alarm(_G_-ENTRY,diag-43572)
471	0.000563921	FalseGround	Unlabelled	SPOkGoodGood	Alarm(_G_-ENTRY,diag-43583)
472	0.000563921	FalseGround	Unlabelled	SPOkGoodGood	Alarm(_G_-ENTRY,diag-43590)
473	0.000563921	FalseGround	Unlabelled	SPOkGoodGood	Alarm(_G_-ENTRY,diag-43593)
474	0.000563921	FalseGround	Unlabelled	SPOkGoodGood	Alarm(_G_-ENTRY,diag-43596)
475	0.000563921	FalseGround	Unlabelled	SPOkGoodGood	Alarm(_G_-ENTRY,diag-43597)
476	0.000563921	FalseGround	Unlabelled	SPOkGoodGood	Alarm(_G_-ENTRY,diag-43608)
477	0.000563921	FalseGround	Unlabelled	SPOkGoodGood	Alarm(_G_-ENTRY,diag-43617)
478	0.000563921	FalseGround	Unlabelled	SPOkGoodGood	Alarm(_G_-ENTRY,diag-43633)
479	0.000456776	FalseGround	Unlabelled	SPOkGoodGood	Alarm(_G_-ENTRY,diag-43451)
480	0.000456776	FalseGround	Unlabelled	SPOkGoodGood	Alarm(_G_-ENTRY,diag-43452)
481	0.000456776	FalseGround	Unlabelled	SPOkGoodGood	Alarm(_G_-ENTRY,diag-43475)
482	0.000456776	FalseGround	Unlabelled	SPOkGoodGood	Alarm(_G_-ENTRY,diag-43476)
483	6.85596e-05	FalseGround	Unlabelled	SPOkGoodGood	Alarm(_G_-ENTRY,dir_len-42718)
484	6.85596e-05	FalseGround	Unlabelled	SPOkGoodGood	Alarm(_G_-ENTRY,dir_len-42719)
485	3.90137e-05	FalseGround	Unlabelled	SPOkGoodGood	Alarm(_G_-ENTRY,strcaseeq3-38265)
486	5.46876e-06	FalseGround	Unlabelled	SPOkGoodGood	Alarm(_G_-ENTRY,set_program_name-39374)
487	5.46876e-06	FalseGround	Unlabelled	SPOkGoodGood	Alarm(_G_-ENTRY,set_program_name-39376)
488	4.33636e-07	FalseGround	Unlabelled	SPOkGoodGood	Alarm(_G_-ENTRY,strcaseeq4-38258)
489	2.07479e-09	FalseGround	Unlabelled	SPOkGoodGood	Alarm(_G_-ENTRY,strcaseeq5-38251)
490	4.27328e-12	FalseGround	Unlabelled	SPOkGoodGood	Alarm(_G_-ENTRY,strcaseeq6-38244)
491	3.7887e-15	FalseGround	Unlabelled	SPOkGoodGood	Alarm(_G_-ENTRY,strcaseeq7-38237)
492	1.44597e-18	FalseGround	Unlabelled	SPOkGoodGood	Alarm(_G_-ENTRY,strcaseeq8-38230)
493	0.0	FalseGround	NegLabel	SPOkGoodGood	Alarm(_G_-ENTRY,another_hunk-48074)
494	0.0	FalseGround	NegLabel	SPOkGoodGood	Alarm(_G_-ENTRY,another_hunk-48903)
495	0.0	FalseGround	NegLabel	SPOkGoodGood	Alarm(_G_-ENTRY,check_extension-43010)
496	0.0	FalseGround	NegLabel	SPOkGoodGood	Alarm(_G_-ENTRY,get_charset_aliases-41423)
497	0.0	FalseGround	NegLabel	SPOkGoodGood	Alarm(_G_-ENTRY,main-49828)
498	0.0	FalseGround	NegLabel	SPOkGoodGood	Alarm(_G_-ENTRY,numeric_string-51199)
499	0.0	FalseGround	NegLabel	SPOkGoodGood	Alarm(_G_-ENTRY,quotearg_buffer_restyled-38907)
500	0.0	FalseGround	NegLabel	SPOkGoodGood	Alarm(_G_-ENTRY,similar-52153)
501	0.0	FalseGround	NegLabel	SPOkGoodGood	Alarm(_G_-ENTRY,yyparse-40353)
502	0.0	FalseGround	NegLabel	SPOkGoodGood	Alarm(_G_-ENTRY,yyparse-40403)
