Rank	Confidence	Ground	Label	Comments	Tuple
1	0.805346	FalseGround	Unlabelled	SPOkGoodGood	Alarm(_G_-ENTRY,quotearg_buffer_restyled-38935)
2	0.805346	FalseGround	Unlabelled	SPOkGoodGood	Alarm(_G_-ENTRY,quotearg_buffer_restyled-39010)
3	0.802701	TrueGround	Unlabelled	SPOkGoodGood	Alarm(_G_-ENTRY,pch_write_line-49430)
4	0.802701	FalseGround	Unlabelled	SPOkGoodGood	Alarm(_G_-ENTRY,pch_write_line-49431)
5	0.801315	FalseGround	Unlabelled	SPOkGoodGood	Alarm(_G_-ENTRY,pch_char-48294)
6	0.798802	FalseGround	Unlabelled	SPOkGoodGood	Alarm(_G_-ENTRY,numeric_string-51199)
7	0.798698	FalseGround	Unlabelled	SPOkGoodGood	Alarm(_G_-ENTRY,intuit_diff_type-47107)
8	0.798698	FalseGround	Unlabelled	SPOkGoodGood	Alarm(_G_-ENTRY,intuit_diff_type-47108)
9	0.798698	FalseGround	Unlabelled	SPOkGoodGood	Alarm(_G_-ENTRY,intuit_diff_type-47109)
10	0.798698	FalseGround	Unlabelled	SPOkGoodGood	Alarm(_G_-ENTRY,intuit_diff_type-47110)
11	0.798698	FalseGround	Unlabelled	SPOkGoodGood	Alarm(_G_-ENTRY,intuit_diff_type-47111)
12	0.798698	FalseGround	Unlabelled	SPOkGoodGood	Alarm(_G_-ENTRY,intuit_diff_type-47112)
13	0.798698	FalseGround	Unlabelled	SPOkGoodGood	Alarm(_G_-ENTRY,intuit_diff_type-47113)
14	0.798698	FalseGround	Unlabelled	SPOkGoodGood	Alarm(_G_-ENTRY,intuit_diff_type-47114)
15	0.798698	FalseGround	Unlabelled	SPOkGoodGood	Alarm(_G_-ENTRY,intuit_diff_type-47115)
16	0.798698	FalseGround	Unlabelled	SPOkGoodGood	Alarm(_G_-ENTRY,intuit_diff_type-47116)
17	0.798698	FalseGround	Unlabelled	SPOkGoodGood	Alarm(_G_-ENTRY,intuit_diff_type-47117)
18	0.798698	FalseGround	Unlabelled	SPOkGoodGood	Alarm(_G_-ENTRY,intuit_diff_type-47142)
19	0.798698	FalseGround	Unlabelled	SPOkGoodGood	Alarm(_G_-ENTRY,intuit_diff_type-47143)
20	0.798698	FalseGround	Unlabelled	SPOkGoodGood	Alarm(_G_-ENTRY,intuit_diff_type-47144)
21	0.798698	FalseGround	Unlabelled	SPOkGoodGood	Alarm(_G_-ENTRY,intuit_diff_type-47145)
22	0.794061	FalseGround	Unlabelled	SPOkGoodGood	Alarm(_G_-ENTRY,find_backup_file_name-43188)
23	0.789759	FalseGround	Unlabelled	SPOkGoodGood	Alarm(_G_-ENTRY,gen_tempname-38128)
24	0.774929	FalseGround	Unlabelled	SPOkGoodGood	Alarm(_G_-ENTRY,create_backup-44628)
25	0.774929	FalseGround	Unlabelled	SPOkGoodGood	Alarm(_G_-ENTRY,create_backup-44630)
26	0.774929	FalseGround	Unlabelled	SPOkGoodGood	Alarm(_G_-ENTRY,plan_a-52687)
27	0.750938	FalseGround	Unlabelled	SPOkGoodGood	Alarm(_G_-ENTRY,yyparse-40502)
28	0.750938	FalseGround	Unlabelled	SPOkGoodGood	Alarm(_G_-ENTRY,yyparse-40503)
29	0.750938	FalseGround	Unlabelled	SPOkGoodGood	Alarm(_G_-ENTRY,yyparse-40505)
30	0.750938	FalseGround	Unlabelled	SPOkGoodGood	Alarm(_G_-ENTRY,yyparse-40506)
31	0.750495	FalseGround	Unlabelled	SPOkGoodGood	Alarm(_G_-ENTRY,yyparse-40563)
32	0.74945	FalseGround	Unlabelled	SPOkGoodGood	Alarm(_G_-ENTRY,another_hunk-48042)
33	0.746986	FalseGround	Unlabelled	SPOkGoodGood	Alarm(_G_-ENTRY,another_hunk-48041)
34	0.746986	FalseGround	Unlabelled	SPOkGoodGood	Alarm(_G_-ENTRY,another_hunk-48043)
35	0.744393	FalseGround	Unlabelled	SPOkGoodGood	Alarm(_G_-ENTRY,another_hunk-48074)
36	0.744393	FalseGround	Unlabelled	SPOkGoodGood	Alarm(_G_-ENTRY,another_hunk-48076)
37	0.735601	FalseGround	Unlabelled	SPOkGoodGood	Alarm(_G_-ENTRY,ifetch-52903)
38	0.735601	FalseGround	Unlabelled	SPOkGoodGood	Alarm(_G_-ENTRY,ifetch-52904)
39	0.729105	FalseGround	Unlabelled	SPOkGoodGood	Alarm(_G_-ENTRY,pget_line-49267)
40	0.729105	FalseGround	Unlabelled	SPOkGoodGood	Alarm(_G_-ENTRY,pget_line-49268)
41	0.729	FalseGround	Unlabelled	SPOkGoodGood	Alarm(_G_-ENTRY,argmatch-43255)
42	0.729	FalseGround	Unlabelled	SPOkGoodGood	Alarm(_G_-ENTRY,numbered_backup-43133)
43	0.729	FalseGround	Unlabelled	SPOkGoodGood	Alarm(_G_-ENTRY,numbered_backup-43139)
44	0.726904	FalseGround	Unlabelled	SPOkGoodGood	Alarm(_G_-ENTRY,yyparse-40409)
45	0.726904	FalseGround	Unlabelled	SPOkGoodGood	Alarm(_G_-ENTRY,yyparse-40476)
46	0.726904	FalseGround	Unlabelled	SPOkGoodGood	Alarm(_G_-ENTRY,yyparse-40482)
47	0.726904	FalseGround	Unlabelled	SPOkGoodGood	Alarm(_G_-ENTRY,yyparse-40488)
48	0.726904	FalseGround	Unlabelled	SPOkGoodGood	Alarm(_G_-ENTRY,yyparse-40494)
49	0.726904	FalseGround	Unlabelled	SPOkGoodGood	Alarm(_G_-ENTRY,yyparse-40500)
50	0.726904	FalseGround	Unlabelled	SPOkGoodGood	Alarm(_G_-ENTRY,yyparse-40510)
51	0.726904	FalseGround	Unlabelled	SPOkGoodGood	Alarm(_G_-ENTRY,yyparse-40512)
52	0.726904	FalseGround	Unlabelled	SPOkGoodGood	Alarm(_G_-ENTRY,yyparse-40514)
53	0.726904	FalseGround	Unlabelled	SPOkGoodGood	Alarm(_G_-ENTRY,yyparse-40516)
54	0.726904	FalseGround	Unlabelled	SPOkGoodGood	Alarm(_G_-ENTRY,yyparse-40518)
55	0.726904	FalseGround	Unlabelled	SPOkGoodGood	Alarm(_G_-ENTRY,yyparse-40520)
56	0.726904	FalseGround	Unlabelled	SPOkGoodGood	Alarm(_G_-ENTRY,yyparse-40523)
57	0.726904	FalseGround	Unlabelled	SPOkGoodGood	Alarm(_G_-ENTRY,yyparse-40525)
58	0.725488	FalseGround	Unlabelled	SPOkGoodGood	Alarm(_G_-ENTRY,another_hunk-48075)
59	0.725488	FalseGround	Unlabelled	SPOkGoodGood	Alarm(_G_-ENTRY,another_hunk-48077)
60	0.722335	FalseGround	Unlabelled	SPOkGoodGood	Alarm(_G_-ENTRY,get_ed_command_letter-49459)
61	0.722335	FalseGround	Unlabelled	SPOkGoodGood	Alarm(_G_-ENTRY,get_ed_command_letter-49460)
62	0.722335	FalseGround	Unlabelled	SPOkGoodGood	Alarm(_G_-ENTRY,get_ed_command_letter-49461)
63	0.722335	FalseGround	Unlabelled	SPOkGoodGood	Alarm(_G_-ENTRY,get_ed_command_letter-49462)
64	0.722335	FalseGround	Unlabelled	SPOkGoodGood	Alarm(_G_-ENTRY,get_ed_command_letter-49463)
65	0.722335	FalseGround	Unlabelled	SPOkGoodGood	Alarm(_G_-ENTRY,get_ed_command_letter-49464)
66	0.720578	FalseGround	Unlabelled	SPOkGoodGood	Alarm(_G_-ENTRY,pch_swap-49387)
67	0.71325	FalseGround	Unlabelled	SPOkGoodGood	Alarm(_G_-ENTRY,find_backup_file_name-43184)
68	0.700778	FalseGround	Unlabelled	SPOkGoodGood	Alarm(_G_-ENTRY,removedirs-45876)
69	0.692819	FalseGround	Unlabelled	SPOkGoodGood	Alarm(_G_-ENTRY,pget_line-49236)
70	0.692819	FalseGround	Unlabelled	SPOkGoodGood	Alarm(_G_-ENTRY,pget_line-49237)
71	0.683593	FalseGround	Unlabelled	SPOkGoodGood	Alarm(_G_-ENTRY,check_line_endings-52094)
72	0.683593	FalseGround	Unlabelled	SPOkGoodGood	Alarm(_G_-ENTRY,check_line_endings-52095)
73	0.683593	FalseGround	Unlabelled	SPOkGoodGood	Alarm(_G_-ENTRY,check_line_endings-52096)
74	0.678269	FalseGround	Unlabelled	SPOkGoodGood	Alarm(_G_-ENTRY,yyparse-40390)
75	0.678269	FalseGround	Unlabelled	SPOkGoodGood	Alarm(_G_-ENTRY,yyparse-40420)
76	0.678269	FalseGround	Unlabelled	SPOkGoodGood	Alarm(_G_-ENTRY,yyparse-40422)
77	0.678269	FalseGround	Unlabelled	SPOkGoodGood	Alarm(_G_-ENTRY,yyparse-40464)
78	0.678269	FalseGround	Unlabelled	SPOkGoodGood	Alarm(_G_-ENTRY,yyparse-40465)
79	0.678269	FalseGround	Unlabelled	SPOkGoodGood	Alarm(_G_-ENTRY,yyparse-40466)
80	0.678269	FalseGround	Unlabelled	SPOkGoodGood	Alarm(_G_-ENTRY,yyparse-40468)
81	0.678269	FalseGround	Unlabelled	SPOkGoodGood	Alarm(_G_-ENTRY,yyparse-40474)
82	0.678269	FalseGround	Unlabelled	SPOkGoodGood	Alarm(_G_-ENTRY,yyparse-40480)
83	0.678269	FalseGround	Unlabelled	SPOkGoodGood	Alarm(_G_-ENTRY,yyparse-40484)
84	0.678269	FalseGround	Unlabelled	SPOkGoodGood	Alarm(_G_-ENTRY,yyparse-40486)
85	0.678269	FalseGround	Unlabelled	SPOkGoodGood	Alarm(_G_-ENTRY,yyparse-40492)
86	0.678269	FalseGround	Unlabelled	SPOkGoodGood	Alarm(_G_-ENTRY,yyparse-40498)
87	0.678269	FalseGround	Unlabelled	SPOkGoodGood	Alarm(_G_-ENTRY,yyparse-40522)
88	0.678269	FalseGround	Unlabelled	SPOkGoodGood	Alarm(_G_-ENTRY,yyparse-40529)
89	0.662249	FalseGround	Unlabelled	SPOkGoodGood	Alarm(_G_-ENTRY,gen_tempname-38130)
90	0.662249	FalseGround	Unlabelled	SPOkGoodGood	Alarm(_G_-ENTRY,gen_tempname-38132)
91	0.662249	FalseGround	Unlabelled	SPOkGoodGood	Alarm(_G_-ENTRY,gen_tempname-38134)
92	0.662249	FalseGround	Unlabelled	SPOkGoodGood	Alarm(_G_-ENTRY,gen_tempname-38136)
93	0.656195	FalseGround	Unlabelled	SPOkGoodGood	Alarm(_G_-ENTRY,format_linenum-45531)
94	0.656195	FalseGround	Unlabelled	SPOkGoodGood	Alarm(_G_-ENTRY,format_linenum-45535)
95	0.6561	FalseGround	Unlabelled	SPOkGoodGood	Alarm(_G_-ENTRY,create_backup-44627)
96	0.6561	FalseGround	Unlabelled	SPOkGoodGood	Alarm(_G_-ENTRY,create_backup-44629)
97	0.6561	FalseGround	Unlabelled	SPOkGoodGood	Alarm(_G_-ENTRY,create_backup-44631)
98	0.6561	FalseGround	Unlabelled	SPOkGoodGood	Alarm(_G_-ENTRY,get_some_switches-51084)
99	0.6561	FalseGround	Unlabelled	SPOkGoodGood	Alarm(_G_-ENTRY,numbered_backup-43118)
100	0.6561	FalseGround	Unlabelled	SPOkGoodGood	Alarm(_G_-ENTRY,pch_normalize-49646)
101	0.6561	FalseGround	Unlabelled	SPOkGoodGood	Alarm(_G_-ENTRY,pch_normalize-49647)
102	0.6561	FalseGround	Unlabelled	SPOkGoodGood	Alarm(_G_-ENTRY,pch_normalize-49662)
103	0.6561	FalseGround	Unlabelled	SPOkGoodGood	Alarm(_G_-ENTRY,pch_normalize-49663)
104	0.6561	FalseGround	Unlabelled	SPOkGoodGood	Alarm(_G_-ENTRY,plan_a-52682)
105	0.6561	FalseGround	Unlabelled	SPOkGoodGood	Alarm(_G_-ENTRY,plan_a-52683)
106	0.6561	FalseGround	Unlabelled	SPOkGoodGood	Alarm(_G_-ENTRY,replace_slashes-45800)
107	0.6561	FalseGround	Unlabelled	SPOkGoodGood	Alarm(_G_-ENTRY,replace_slashes-45801)
108	0.639681	FalseGround	Unlabelled	SPOkGoodGood	Alarm(_G_-ENTRY,yyparse-40399)
109	0.639681	FalseGround	Unlabelled	SPOkGoodGood	Alarm(_G_-ENTRY,yyparse-40401)
110	0.639681	FalseGround	Unlabelled	SPOkGoodGood	Alarm(_G_-ENTRY,yyparse-40405)
111	0.639681	FalseGround	Unlabelled	SPOkGoodGood	Alarm(_G_-ENTRY,yyparse-40407)
112	0.639681	FalseGround	Unlabelled	SPOkGoodGood	Alarm(_G_-ENTRY,yyparse-40412)
113	0.639681	FalseGround	Unlabelled	SPOkGoodGood	Alarm(_G_-ENTRY,yyparse-40423)
114	0.639681	FalseGround	Unlabelled	SPOkGoodGood	Alarm(_G_-ENTRY,yyparse-40433)
115	0.639681	FalseGround	Unlabelled	SPOkGoodGood	Alarm(_G_-ENTRY,yyparse-40435)
116	0.639681	FalseGround	Unlabelled	SPOkGoodGood	Alarm(_G_-ENTRY,yyparse-40436)
117	0.639681	FalseGround	Unlabelled	SPOkGoodGood	Alarm(_G_-ENTRY,yyparse-40437)
118	0.639681	FalseGround	Unlabelled	SPOkGoodGood	Alarm(_G_-ENTRY,yyparse-40438)
119	0.639681	FalseGround	Unlabelled	SPOkGoodGood	Alarm(_G_-ENTRY,yyparse-40439)
120	0.639681	FalseGround	Unlabelled	SPOkGoodGood	Alarm(_G_-ENTRY,yyparse-40440)
121	0.639681	FalseGround	Unlabelled	SPOkGoodGood	Alarm(_G_-ENTRY,yyparse-40441)
122	0.639681	FalseGround	Unlabelled	SPOkGoodGood	Alarm(_G_-ENTRY,yyparse-40442)
123	0.639681	FalseGround	Unlabelled	SPOkGoodGood	Alarm(_G_-ENTRY,yyparse-40443)
124	0.639681	FalseGround	Unlabelled	SPOkGoodGood	Alarm(_G_-ENTRY,yyparse-40445)
125	0.639681	FalseGround	Unlabelled	SPOkGoodGood	Alarm(_G_-ENTRY,yyparse-40446)
126	0.639681	FalseGround	Unlabelled	SPOkGoodGood	Alarm(_G_-ENTRY,yyparse-40448)
127	0.639681	FalseGround	Unlabelled	SPOkGoodGood	Alarm(_G_-ENTRY,yyparse-40449)
128	0.639681	FalseGround	Unlabelled	SPOkGoodGood	Alarm(_G_-ENTRY,yyparse-40450)
129	0.639681	FalseGround	Unlabelled	SPOkGoodGood	Alarm(_G_-ENTRY,yyparse-40452)
130	0.639681	FalseGround	Unlabelled	SPOkGoodGood	Alarm(_G_-ENTRY,yyparse-40454)
131	0.639681	FalseGround	Unlabelled	SPOkGoodGood	Alarm(_G_-ENTRY,yyparse-40455)
132	0.639681	FalseGround	Unlabelled	SPOkGoodGood	Alarm(_G_-ENTRY,yyparse-40456)
133	0.639681	FalseGround	Unlabelled	SPOkGoodGood	Alarm(_G_-ENTRY,yyparse-40458)
134	0.639681	FalseGround	Unlabelled	SPOkGoodGood	Alarm(_G_-ENTRY,yyparse-40460)
135	0.639681	FalseGround	Unlabelled	SPOkGoodGood	Alarm(_G_-ENTRY,yyparse-40461)
136	0.639681	FalseGround	Unlabelled	SPOkGoodGood	Alarm(_G_-ENTRY,yyparse-40462)
137	0.639681	FalseGround	Unlabelled	SPOkGoodGood	Alarm(_G_-ENTRY,yyparse-40463)
138	0.639681	FalseGround	Unlabelled	SPOkGoodGood	Alarm(_G_-ENTRY,yyparse-40527)
139	0.639681	FalseGround	Unlabelled	SPOkGoodGood	Alarm(_G_-ENTRY,yyparse-40528)
140	0.639681	FalseGround	Unlabelled	SPOkGoodGood	Alarm(_G_-ENTRY,yyparse-40531)
141	0.630733	FalseGround	Unlabelled	SPOkGoodGood	Alarm(_G_-ENTRY,yyparse-40301)
142	0.630733	FalseGround	Unlabelled	SPOkGoodGood	Alarm(_G_-ENTRY,yyparse-40302)
143	0.623267	FalseGround	Unlabelled	SPOkGoodGood	Alarm(_G_-ENTRY,merge_hunk-44066)
144	0.609064	FalseGround	Unlabelled	SPOkGoodGood	Alarm(_G_-ENTRY,pch_normalize-49654)
145	0.609064	FalseGround	Unlabelled	SPOkGoodGood	Alarm(_G_-ENTRY,pch_normalize-49655)
146	0.59049	FalseGround	Unlabelled	SPOkGoodGood	Alarm(_G_-ENTRY,base_len-42948)
147	0.59049	FalseGround	Unlabelled	SPOkGoodGood	Alarm(_G_-ENTRY,base_len-42949)
148	0.59049	FalseGround	Unlabelled	SPOkGoodGood	Alarm(_G_-ENTRY,create_backup-44552)
149	0.59049	FalseGround	Unlabelled	SPOkGoodGood	Alarm(_G_-ENTRY,create_backup-44553)
150	0.59049	FalseGround	Unlabelled	SPOkGoodGood	Alarm(_G_-ENTRY,gen_tempname-38126)
151	0.59049	FalseGround	Unlabelled	SPOkGoodGood	Alarm(_G_-ENTRY,last_component-42932)
152	0.59049	FalseGround	Unlabelled	SPOkGoodGood	Alarm(_G_-ENTRY,last_component-42933)
153	0.59049	FalseGround	Unlabelled	SPOkGoodGood	Alarm(_G_-ENTRY,merge_hunk-43941)
154	0.59049	FalseGround	Unlabelled	SPOkGoodGood	Alarm(_G_-ENTRY,merge_hunk-43942)
155	0.59049	FalseGround	Unlabelled	SPOkGoodGood	Alarm(_G_-ENTRY,merge_hunk-43953)
156	0.59049	FalseGround	Unlabelled	SPOkGoodGood	Alarm(_G_-ENTRY,merge_hunk-43954)
157	0.59049	FalseGround	Unlabelled	SPOkGoodGood	Alarm(_G_-ENTRY,merge_hunk-43959)
158	0.59049	FalseGround	Unlabelled	SPOkGoodGood	Alarm(_G_-ENTRY,merge_hunk-43960)
159	0.59049	FalseGround	Unlabelled	SPOkGoodGood	Alarm(_G_-ENTRY,merge_hunk-43975)
160	0.59049	FalseGround	Unlabelled	SPOkGoodGood	Alarm(_G_-ENTRY,merge_hunk-43976)
161	0.59049	FalseGround	Unlabelled	SPOkGoodGood	Alarm(_G_-ENTRY,merge_hunk-43977)
162	0.59049	FalseGround	Unlabelled	SPOkGoodGood	Alarm(_G_-ENTRY,merge_hunk-43978)
163	0.59049	FalseGround	Unlabelled	SPOkGoodGood	Alarm(_G_-ENTRY,merge_hunk-43987)
164	0.59049	FalseGround	Unlabelled	SPOkGoodGood	Alarm(_G_-ENTRY,merge_hunk-43988)
165	0.59049	FalseGround	Unlabelled	SPOkGoodGood	Alarm(_G_-ENTRY,numbered_backup-43121)
166	0.59049	FalseGround	Unlabelled	SPOkGoodGood	Alarm(_G_-ENTRY,numeric_string-51173)
167	0.59049	FalseGround	Unlabelled	SPOkGoodGood	Alarm(_G_-ENTRY,numeric_string-51174)
168	0.59049	FalseGround	Unlabelled	SPOkGoodGood	Alarm(_G_-ENTRY,numeric_string-51175)
169	0.59049	FalseGround	Unlabelled	SPOkGoodGood	Alarm(_G_-ENTRY,numeric_string-51176)
170	0.59049	FalseGround	Unlabelled	SPOkGoodGood	Alarm(_G_-ENTRY,pch_normalize-49638)
171	0.59049	FalseGround	Unlabelled	SPOkGoodGood	Alarm(_G_-ENTRY,pch_normalize-49639)
172	0.59049	FalseGround	Unlabelled	SPOkGoodGood	Alarm(_G_-ENTRY,pch_normalize-49673)
173	0.59049	FalseGround	Unlabelled	SPOkGoodGood	Alarm(_G_-ENTRY,pget_line-49262)
174	0.59049	FalseGround	Unlabelled	SPOkGoodGood	Alarm(_G_-ENTRY,plan_a-52627)
175	0.59049	FalseGround	Unlabelled	SPOkGoodGood	Alarm(_G_-ENTRY,plan_a-52628)
176	0.59049	FalseGround	Unlabelled	SPOkGoodGood	Alarm(_G_-ENTRY,savebuf-45512)
177	0.59049	FalseGround	Unlabelled	SPOkGoodGood	Alarm(_G_-ENTRY,xmemdup-36593)
178	0.587097	FalseGround	Unlabelled	SPOkGoodGood	Alarm(_G_-ENTRY,quotearg_buffer_restyled-38907)
179	0.587097	FalseGround	Unlabelled	SPOkGoodGood	Alarm(_G_-ENTRY,quotearg_buffer_restyled-38917)
180	0.587097	FalseGround	Unlabelled	SPOkGoodGood	Alarm(_G_-ENTRY,quotearg_buffer_restyled-38925)
181	0.587097	FalseGround	Unlabelled	SPOkGoodGood	Alarm(_G_-ENTRY,quotearg_buffer_restyled-38936)
182	0.587097	FalseGround	Unlabelled	SPOkGoodGood	Alarm(_G_-ENTRY,quotearg_buffer_restyled-38938)
183	0.587097	FalseGround	Unlabelled	SPOkGoodGood	Alarm(_G_-ENTRY,quotearg_buffer_restyled-38940)
184	0.587097	FalseGround	Unlabelled	SPOkGoodGood	Alarm(_G_-ENTRY,quotearg_buffer_restyled-38943)
185	0.587097	FalseGround	Unlabelled	SPOkGoodGood	Alarm(_G_-ENTRY,quotearg_buffer_restyled-38945)
186	0.587097	FalseGround	Unlabelled	SPOkGoodGood	Alarm(_G_-ENTRY,quotearg_buffer_restyled-38947)
187	0.587097	FalseGround	Unlabelled	SPOkGoodGood	Alarm(_G_-ENTRY,quotearg_buffer_restyled-38949)
188	0.587097	FalseGround	Unlabelled	SPOkGoodGood	Alarm(_G_-ENTRY,quotearg_buffer_restyled-38951)
189	0.587097	FalseGround	Unlabelled	SPOkGoodGood	Alarm(_G_-ENTRY,quotearg_buffer_restyled-38962)
190	0.587097	FalseGround	Unlabelled	SPOkGoodGood	Alarm(_G_-ENTRY,quotearg_buffer_restyled-38964)
191	0.587097	FalseGround	Unlabelled	SPOkGoodGood	Alarm(_G_-ENTRY,quotearg_buffer_restyled-38966)
192	0.587097	FalseGround	Unlabelled	SPOkGoodGood	Alarm(_G_-ENTRY,quotearg_buffer_restyled-38968)
193	0.587097	FalseGround	Unlabelled	SPOkGoodGood	Alarm(_G_-ENTRY,quotearg_buffer_restyled-38988)
194	0.587097	FalseGround	Unlabelled	SPOkGoodGood	Alarm(_G_-ENTRY,quotearg_buffer_restyled-38990)
195	0.587097	FalseGround	Unlabelled	SPOkGoodGood	Alarm(_G_-ENTRY,quotearg_buffer_restyled-38992)
196	0.587097	FalseGround	Unlabelled	SPOkGoodGood	Alarm(_G_-ENTRY,quotearg_buffer_restyled-38995)
197	0.587097	FalseGround	Unlabelled	SPOkGoodGood	Alarm(_G_-ENTRY,quotearg_buffer_restyled-38998)
198	0.587097	FalseGround	Unlabelled	SPOkGoodGood	Alarm(_G_-ENTRY,quotearg_buffer_restyled-39001)
199	0.587097	FalseGround	Unlabelled	SPOkGoodGood	Alarm(_G_-ENTRY,quotearg_buffer_restyled-39002)
200	0.587097	FalseGround	Unlabelled	SPOkGoodGood	Alarm(_G_-ENTRY,quotearg_buffer_restyled-39004)
201	0.587097	FalseGround	Unlabelled	SPOkGoodGood	Alarm(_G_-ENTRY,quotearg_buffer_restyled-39007)
202	0.573655	FalseGround	Unlabelled	SPOkGoodGood	Alarm(_G_-ENTRY,base_name-42916)
203	0.573655	FalseGround	Unlabelled	SPOkGoodGood	Alarm(_G_-ENTRY,base_name-42917)
204	0.553545	FalseGround	Unlabelled	SPOkGoodGood	Alarm(_G_-ENTRY,replace_slashes-45822)
205	0.553311	FalseGround	Unlabelled	SPOkGoodGood	Alarm(_G_-ENTRY,mdir_name-42743)
206	0.552694	FalseGround	Unlabelled	SPOkGoodGood	Alarm(_G_-ENTRY,base_name-42914)
207	0.552694	FalseGround	Unlabelled	SPOkGoodGood	Alarm(_G_-ENTRY,base_name-42915)
208	0.547111	FalseGround	Unlabelled	SPOkGoodGood	Alarm(_G_-ENTRY,yyparse-40400)
209	0.547111	FalseGround	Unlabelled	SPOkGoodGood	Alarm(_G_-ENTRY,yyparse-40402)
210	0.547111	FalseGround	Unlabelled	SPOkGoodGood	Alarm(_G_-ENTRY,yyparse-40404)
211	0.547111	FalseGround	Unlabelled	SPOkGoodGood	Alarm(_G_-ENTRY,yyparse-40413)
212	0.547111	FalseGround	Unlabelled	SPOkGoodGood	Alarm(_G_-ENTRY,yyparse-40414)
213	0.547111	FalseGround	Unlabelled	SPOkGoodGood	Alarm(_G_-ENTRY,yyparse-40416)
214	0.547111	FalseGround	Unlabelled	SPOkGoodGood	Alarm(_G_-ENTRY,yyparse-40417)
215	0.547111	FalseGround	Unlabelled	SPOkGoodGood	Alarm(_G_-ENTRY,yyparse-40419)
216	0.547111	FalseGround	Unlabelled	SPOkGoodGood	Alarm(_G_-ENTRY,yyparse-40424)
217	0.547111	FalseGround	Unlabelled	SPOkGoodGood	Alarm(_G_-ENTRY,yyparse-40425)
218	0.547111	FalseGround	Unlabelled	SPOkGoodGood	Alarm(_G_-ENTRY,yyparse-40426)
219	0.547111	FalseGround	Unlabelled	SPOkGoodGood	Alarm(_G_-ENTRY,yyparse-40428)
220	0.547111	FalseGround	Unlabelled	SPOkGoodGood	Alarm(_G_-ENTRY,yyparse-40430)
221	0.547111	FalseGround	Unlabelled	SPOkGoodGood	Alarm(_G_-ENTRY,yyparse-40431)
222	0.547111	FalseGround	Unlabelled	SPOkGoodGood	Alarm(_G_-ENTRY,yyparse-40432)
223	0.547111	FalseGround	Unlabelled	SPOkGoodGood	Alarm(_G_-ENTRY,yyparse-40434)
224	0.547111	FalseGround	Unlabelled	SPOkGoodGood	Alarm(_G_-ENTRY,yyparse-40444)
225	0.547111	FalseGround	Unlabelled	SPOkGoodGood	Alarm(_G_-ENTRY,yyparse-40447)
226	0.547111	FalseGround	Unlabelled	SPOkGoodGood	Alarm(_G_-ENTRY,yyparse-40451)
227	0.547111	FalseGround	Unlabelled	SPOkGoodGood	Alarm(_G_-ENTRY,yyparse-40453)
228	0.547111	FalseGround	Unlabelled	SPOkGoodGood	Alarm(_G_-ENTRY,yyparse-40457)
229	0.547111	FalseGround	Unlabelled	SPOkGoodGood	Alarm(_G_-ENTRY,yyparse-40459)
230	0.547111	FalseGround	Unlabelled	SPOkGoodGood	Alarm(_G_-ENTRY,yyparse-40597)
231	0.537147	FalseGround	Unlabelled	SPOkGoodGood	Alarm(_G_-ENTRY,check_extension-43010)
232	0.537147	FalseGround	Unlabelled	SPOkGoodGood	Alarm(_G_-ENTRY,check_extension-43011)
233	0.531441	FalseGround	Unlabelled	SPOkGoodGood	Alarm(_G_-ENTRY,merge_hunk-43915)
234	0.531441	FalseGround	Unlabelled	SPOkGoodGood	Alarm(_G_-ENTRY,merge_hunk-43916)
235	0.531441	FalseGround	Unlabelled	SPOkGoodGood	Alarm(_G_-ENTRY,merge_hunk-43917)
236	0.531441	FalseGround	Unlabelled	SPOkGoodGood	Alarm(_G_-ENTRY,merge_hunk-43918)
237	0.531441	FalseGround	Unlabelled	SPOkGoodGood	Alarm(_G_-ENTRY,merge_hunk-43919)
238	0.531441	FalseGround	Unlabelled	SPOkGoodGood	Alarm(_G_-ENTRY,merge_hunk-43920)
239	0.531441	FalseGround	Unlabelled	SPOkGoodGood	Alarm(_G_-ENTRY,merge_hunk-43921)
240	0.531441	FalseGround	Unlabelled	SPOkGoodGood	Alarm(_G_-ENTRY,merge_hunk-43922)
241	0.531441	FalseGround	Unlabelled	SPOkGoodGood	Alarm(_G_-ENTRY,merge_hunk-43923)
242	0.531441	FalseGround	Unlabelled	SPOkGoodGood	Alarm(_G_-ENTRY,merge_hunk-43924)
243	0.531441	FalseGround	Unlabelled	SPOkGoodGood	Alarm(_G_-ENTRY,merge_hunk-43945)
244	0.531441	FalseGround	Unlabelled	SPOkGoodGood	Alarm(_G_-ENTRY,merge_hunk-43946)
245	0.531441	FalseGround	Unlabelled	SPOkGoodGood	Alarm(_G_-ENTRY,merge_hunk-43955)
246	0.531441	FalseGround	Unlabelled	SPOkGoodGood	Alarm(_G_-ENTRY,merge_hunk-43956)
247	0.531441	FalseGround	Unlabelled	SPOkGoodGood	Alarm(_G_-ENTRY,merge_hunk-43973)
248	0.531441	FalseGround	Unlabelled	SPOkGoodGood	Alarm(_G_-ENTRY,merge_hunk-43974)
249	0.531441	FalseGround	Unlabelled	SPOkGoodGood	Alarm(_G_-ENTRY,merge_hunk-43989)
250	0.531441	FalseGround	Unlabelled	SPOkGoodGood	Alarm(_G_-ENTRY,merge_hunk-43990)
251	0.531441	FalseGround	Unlabelled	SPOkGoodGood	Alarm(_G_-ENTRY,merge_hunk-44059)
252	0.531441	FalseGround	Unlabelled	SPOkGoodGood	Alarm(_G_-ENTRY,merge_hunk-44061)
253	0.531441	FalseGround	Unlabelled	SPOkGoodGood	Alarm(_G_-ENTRY,numbered_backup-43122)
254	0.531441	FalseGround	Unlabelled	SPOkGoodGood	Alarm(_G_-ENTRY,pch_normalize-49677)
255	0.528388	FalseGround	Unlabelled	SPOkGoodGood	Alarm(_G_-ENTRY,quotearg_buffer_restyled-38892)
256	0.528388	FalseGround	Unlabelled	SPOkGoodGood	Alarm(_G_-ENTRY,quotearg_buffer_restyled-38893)
257	0.517142	FalseGround	Unlabelled	SPOkGoodGood	Alarm(_G_-ENTRY,removedirs-45851)
258	0.517142	FalseGround	Unlabelled	SPOkGoodGood	Alarm(_G_-ENTRY,removedirs-45852)
259	0.495011	FalseGround	Unlabelled	SPOkGoodGood	Alarm(_G_-ENTRY,similar-52153)
260	0.495011	FalseGround	Unlabelled	SPOkGoodGood	Alarm(_G_-ENTRY,similar-52154)
261	0.486834	FalseGround	Unlabelled	SPOkGoodGood	Alarm(_G_-ENTRY,replace_slashes-45812)
262	0.486834	FalseGround	Unlabelled	SPOkGoodGood	Alarm(_G_-ENTRY,replace_slashes-45813)
263	0.483887	FalseGround	Unlabelled	SPOkGoodGood	Alarm(_G_-ENTRY,bestmatch-43405)
264	0.478297	FalseGround	Unlabelled	SPOkGoodGood	Alarm(_G_-ENTRY,another_hunk-47984)
265	0.478297	FalseGround	Unlabelled	SPOkGoodGood	Alarm(_G_-ENTRY,another_hunk-47985)
266	0.478297	FalseGround	Unlabelled	SPOkGoodGood	Alarm(_G_-ENTRY,another_hunk-47986)
267	0.478297	FalseGround	Unlabelled	SPOkGoodGood	Alarm(_G_-ENTRY,another_hunk-47987)
268	0.478297	FalseGround	Unlabelled	SPOkGoodGood	Alarm(_G_-ENTRY,another_hunk-47988)
269	0.478297	FalseGround	Unlabelled	SPOkGoodGood	Alarm(_G_-ENTRY,another_hunk-47989)
270	0.478297	FalseGround	Unlabelled	SPOkGoodGood	Alarm(_G_-ENTRY,another_hunk-48471)
271	0.478297	FalseGround	Unlabelled	SPOkGoodGood	Alarm(_G_-ENTRY,get_some_switches-50955)
272	0.478297	FalseGround	Unlabelled	SPOkGoodGood	Alarm(_G_-ENTRY,get_some_switches-50957)
273	0.478297	FalseGround	Unlabelled	SPOkGoodGood	Alarm(_G_-ENTRY,get_some_switches-50959)
274	0.478297	FalseGround	Unlabelled	SPOkGoodGood	Alarm(_G_-ENTRY,get_some_switches-50961)
275	0.478297	FalseGround	Unlabelled	SPOkGoodGood	Alarm(_G_-ENTRY,get_some_switches-50963)
276	0.478297	FalseGround	Unlabelled	SPOkGoodGood	Alarm(_G_-ENTRY,get_some_switches-50965)
277	0.478297	FalseGround	Unlabelled	SPOkGoodGood	Alarm(_G_-ENTRY,get_some_switches-51003)
278	0.478297	FalseGround	Unlabelled	SPOkGoodGood	Alarm(_G_-ENTRY,get_some_switches-51090)
279	0.478297	FalseGround	Unlabelled	SPOkGoodGood	Alarm(_G_-ENTRY,get_some_switches-51092)
280	0.478297	FalseGround	Unlabelled	SPOkGoodGood	Alarm(_G_-ENTRY,merge_hunk-44060)
281	0.478297	FalseGround	Unlabelled	SPOkGoodGood	Alarm(_G_-ENTRY,pch_normalize-49626)
282	0.478297	FalseGround	Unlabelled	SPOkGoodGood	Alarm(_G_-ENTRY,pch_normalize-49627)
283	0.478297	FalseGround	Unlabelled	SPOkGoodGood	Alarm(_G_-ENTRY,pch_normalize-49628)
284	0.478297	FalseGround	Unlabelled	SPOkGoodGood	Alarm(_G_-ENTRY,pch_normalize-49629)
285	0.478297	FalseGround	Unlabelled	SPOkGoodGood	Alarm(_G_-ENTRY,pch_normalize-49666)
286	0.478297	FalseGround	Unlabelled	SPOkGoodGood	Alarm(_G_-ENTRY,pch_normalize-49667)
287	0.478297	FalseGround	Unlabelled	SPOkGoodGood	Alarm(_G_-ENTRY,replace_slashes-45802)
288	0.478297	FalseGround	Unlabelled	SPOkGoodGood	Alarm(_G_-ENTRY,replace_slashes-45803)
289	0.478297	FalseGround	Unlabelled	SPOkGoodGood	Alarm(_G_-ENTRY,replace_slashes-45810)
290	0.478297	FalseGround	Unlabelled	SPOkGoodGood	Alarm(_G_-ENTRY,replace_slashes-45811)
291	0.475549	FalseGround	Unlabelled	SPOkGoodGood	Alarm(_G_-ENTRY,quotearg_buffer_restyled-38442)
292	0.475549	FalseGround	Unlabelled	SPOkGoodGood	Alarm(_G_-ENTRY,quotearg_buffer_restyled-38443)
293	0.475549	FalseGround	Unlabelled	SPOkGoodGood	Alarm(_G_-ENTRY,quotearg_buffer_restyled-38706)
294	0.475549	FalseGround	Unlabelled	SPOkGoodGood	Alarm(_G_-ENTRY,quotearg_buffer_restyled-38707)
295	0.475549	FalseGround	Unlabelled	SPOkGoodGood	Alarm(_G_-ENTRY,quotearg_buffer_restyled-38708)
296	0.475549	FalseGround	Unlabelled	SPOkGoodGood	Alarm(_G_-ENTRY,quotearg_buffer_restyled-38709)
297	0.475549	FalseGround	Unlabelled	SPOkGoodGood	Alarm(_G_-ENTRY,quotearg_buffer_restyled-38744)
298	0.475549	FalseGround	Unlabelled	SPOkGoodGood	Alarm(_G_-ENTRY,quotearg_buffer_restyled-38745)
299	0.475549	FalseGround	Unlabelled	SPOkGoodGood	Alarm(_G_-ENTRY,quotearg_buffer_restyled-38746)
300	0.475549	FalseGround	Unlabelled	SPOkGoodGood	Alarm(_G_-ENTRY,quotearg_buffer_restyled-38747)
301	0.475549	FalseGround	Unlabelled	SPOkGoodGood	Alarm(_G_-ENTRY,quotearg_buffer_restyled-38748)
302	0.475549	FalseGround	Unlabelled	SPOkGoodGood	Alarm(_G_-ENTRY,quotearg_buffer_restyled-38749)
303	0.475549	FalseGround	Unlabelled	SPOkGoodGood	Alarm(_G_-ENTRY,quotearg_buffer_restyled-38750)
304	0.475549	FalseGround	Unlabelled	SPOkGoodGood	Alarm(_G_-ENTRY,quotearg_buffer_restyled-38751)
305	0.475549	FalseGround	Unlabelled	SPOkGoodGood	Alarm(_G_-ENTRY,quotearg_buffer_restyled-38752)
306	0.475549	FalseGround	Unlabelled	SPOkGoodGood	Alarm(_G_-ENTRY,quotearg_buffer_restyled-38753)
307	0.475549	FalseGround	Unlabelled	SPOkGoodGood	Alarm(_G_-ENTRY,quotearg_buffer_restyled-38754)
308	0.475549	FalseGround	Unlabelled	SPOkGoodGood	Alarm(_G_-ENTRY,quotearg_buffer_restyled-38755)
309	0.475549	FalseGround	Unlabelled	SPOkGoodGood	Alarm(_G_-ENTRY,quotearg_buffer_restyled-38756)
310	0.475549	FalseGround	Unlabelled	SPOkGoodGood	Alarm(_G_-ENTRY,quotearg_buffer_restyled-38757)
311	0.475549	FalseGround	Unlabelled	SPOkGoodGood	Alarm(_G_-ENTRY,quotearg_buffer_restyled-38758)
312	0.475549	FalseGround	Unlabelled	SPOkGoodGood	Alarm(_G_-ENTRY,quotearg_buffer_restyled-38759)
313	0.475549	FalseGround	Unlabelled	SPOkGoodGood	Alarm(_G_-ENTRY,quotearg_buffer_restyled-38760)
314	0.475549	FalseGround	Unlabelled	SPOkGoodGood	Alarm(_G_-ENTRY,quotearg_buffer_restyled-38761)
315	0.475549	FalseGround	Unlabelled	SPOkGoodGood	Alarm(_G_-ENTRY,quotearg_buffer_restyled-38762)
316	0.475549	FalseGround	Unlabelled	SPOkGoodGood	Alarm(_G_-ENTRY,quotearg_buffer_restyled-38763)
317	0.475549	FalseGround	Unlabelled	SPOkGoodGood	Alarm(_G_-ENTRY,quotearg_buffer_restyled-38818)
318	0.475549	FalseGround	Unlabelled	SPOkGoodGood	Alarm(_G_-ENTRY,quotearg_buffer_restyled-38819)
319	0.475549	FalseGround	Unlabelled	SPOkGoodGood	Alarm(_G_-ENTRY,quotearg_buffer_restyled-38826)
320	0.475549	FalseGround	Unlabelled	SPOkGoodGood	Alarm(_G_-ENTRY,quotearg_buffer_restyled-38827)
321	0.475549	FalseGround	Unlabelled	SPOkGoodGood	Alarm(_G_-ENTRY,quotearg_buffer_restyled-38828)
322	0.475549	FalseGround	Unlabelled	SPOkGoodGood	Alarm(_G_-ENTRY,quotearg_buffer_restyled-38829)
323	0.475549	FalseGround	Unlabelled	SPOkGoodGood	Alarm(_G_-ENTRY,quotearg_buffer_restyled-38830)
324	0.475549	FalseGround	Unlabelled	SPOkGoodGood	Alarm(_G_-ENTRY,quotearg_buffer_restyled-38831)
325	0.475549	FalseGround	Unlabelled	SPOkGoodGood	Alarm(_G_-ENTRY,quotearg_buffer_restyled-38832)
326	0.475549	FalseGround	Unlabelled	SPOkGoodGood	Alarm(_G_-ENTRY,quotearg_buffer_restyled-38833)
327	0.475549	FalseGround	Unlabelled	SPOkGoodGood	Alarm(_G_-ENTRY,quotearg_buffer_restyled-38834)
328	0.475549	FalseGround	Unlabelled	SPOkGoodGood	Alarm(_G_-ENTRY,quotearg_buffer_restyled-38835)
329	0.475549	FalseGround	Unlabelled	SPOkGoodGood	Alarm(_G_-ENTRY,quotearg_buffer_restyled-38872)
330	0.475549	FalseGround	Unlabelled	SPOkGoodGood	Alarm(_G_-ENTRY,quotearg_buffer_restyled-38873)
331	0.471684	FalseGround	Unlabelled	SPOkGoodGood	Alarm(_G_-ENTRY,numeric_string-51183)
332	0.471684	FalseGround	Unlabelled	SPOkGoodGood	Alarm(_G_-ENTRY,numeric_string-51184)
333	0.455834	FalseGround	Unlabelled	SPOkGoodGood	Alarm(_G_-ENTRY,parse_datetime-41133)
334	0.455834	FalseGround	Unlabelled	SPOkGoodGood	Alarm(_G_-ENTRY,parse_datetime-41136)
335	0.445913	FalseGround	Unlabelled	SPOkGoodGood	Alarm(_G_-ENTRY,plan_a-52643)
336	0.445913	FalseGround	Unlabelled	SPOkGoodGood	Alarm(_G_-ENTRY,plan_a-52644)
337	0.43626	FalseGround	Unlabelled	SPOkGoodGood	Alarm(_G_-ENTRY,mdir_name-42739)
338	0.433036	FalseGround	Unlabelled	SPOkGoodGood	Alarm(_G_-ENTRY,get_version-40588)
339	0.430529	FalseGround	Unlabelled	SPOkGoodGood	Alarm(_G_-ENTRY,format_linenum-45533)
340	0.430467	FalseGround	Unlabelled	SPOkGoodGood	Alarm(_G_-ENTRY,last_component-42930)
341	0.430467	FalseGround	Unlabelled	SPOkGoodGood	Alarm(_G_-ENTRY,last_component-42931)
342	0.430467	FalseGround	Unlabelled	SPOkGoodGood	Alarm(_G_-ENTRY,last_component-42934)
343	0.430467	FalseGround	Unlabelled	SPOkGoodGood	Alarm(_G_-ENTRY,last_component-42935)
344	0.430467	FalseGround	Unlabelled	SPOkGoodGood	Alarm(_G_-ENTRY,numeric_string-51171)
345	0.430467	FalseGround	Unlabelled	SPOkGoodGood	Alarm(_G_-ENTRY,numeric_string-51172)
346	0.430467	FalseGround	Unlabelled	SPOkGoodGood	Alarm(_G_-ENTRY,transfer_entries-41920)
347	0.422709	FalseGround	Unlabelled	SPOkGoodGood	Alarm(_G_-ENTRY,removedirs-45853)
348	0.422709	FalseGround	Unlabelled	SPOkGoodGood	Alarm(_G_-ENTRY,removedirs-45854)
349	0.422115	FalseGround	Unlabelled	SPOkGoodGood	Alarm(_G_-ENTRY,ask-45633)
350	0.407714	FalseGround	Unlabelled	SPOkGoodGood	Alarm(_G_-ENTRY,similar-52133)
351	0.407714	FalseGround	Unlabelled	SPOkGoodGood	Alarm(_G_-ENTRY,similar-52134)
352	0.407714	FalseGround	Unlabelled	SPOkGoodGood	Alarm(_G_-ENTRY,similar-52135)
353	0.407714	FalseGround	Unlabelled	SPOkGoodGood	Alarm(_G_-ENTRY,similar-52136)
354	0.388339	FalseGround	Unlabelled	SPOkGoodGood	Alarm(_G_-ENTRY,parse_datetime-41016)
355	0.388339	FalseGround	Unlabelled	SPOkGoodGood	Alarm(_G_-ENTRY,parse_datetime-41017)
356	0.388339	FalseGround	Unlabelled	SPOkGoodGood	Alarm(_G_-ENTRY,parse_datetime-41018)
357	0.388339	FalseGround	Unlabelled	SPOkGoodGood	Alarm(_G_-ENTRY,parse_datetime-41019)
358	0.388339	FalseGround	Unlabelled	SPOkGoodGood	Alarm(_G_-ENTRY,parse_datetime-41024)
359	0.388339	FalseGround	Unlabelled	SPOkGoodGood	Alarm(_G_-ENTRY,parse_datetime-41025)
360	0.38742	FalseGround	Unlabelled	SPOkGoodGood	Alarm(_G_-ENTRY,get_some_switches-50954)
361	0.38742	FalseGround	Unlabelled	SPOkGoodGood	Alarm(_G_-ENTRY,get_some_switches-50956)
362	0.38742	FalseGround	Unlabelled	SPOkGoodGood	Alarm(_G_-ENTRY,get_some_switches-50958)
363	0.38742	FalseGround	Unlabelled	SPOkGoodGood	Alarm(_G_-ENTRY,get_some_switches-50960)
364	0.38742	FalseGround	Unlabelled	SPOkGoodGood	Alarm(_G_-ENTRY,get_some_switches-50962)
365	0.38742	FalseGround	Unlabelled	SPOkGoodGood	Alarm(_G_-ENTRY,get_some_switches-50964)
366	0.373623	FalseGround	Unlabelled	SPOkGoodGood	Alarm(_G_-ENTRY,bestmatch-43408)
367	0.370646	FalseGround	Unlabelled	SPOkGoodGood	Alarm(_G_-ENTRY,removedirs-45872)
368	0.347801	FalseGround	Unlabelled	SPOkGoodGood	Alarm(_G_-ENTRY,get_charset_aliases-41424)
369	0.345914	FalseGround	Unlabelled	SPOkGoodGood	Alarm(_G_-ENTRY,parse_datetime-41115)
370	0.334409	FalseGround	Unlabelled	SPOkGoodGood	Alarm(_G_-ENTRY,yyparse-40386)
371	0.334409	FalseGround	Unlabelled	SPOkGoodGood	Alarm(_G_-ENTRY,yyparse-40565)
372	0.32876	FalseGround	Unlabelled	SPOkGoodGood	Alarm(_G_-ENTRY,check_extension-43015)
373	0.313811	FalseGround	Unlabelled	SPOkGoodGood	Alarm(_G_-ENTRY,get_charset_aliases-41425)
374	0.313811	FalseGround	Unlabelled	SPOkGoodGood	Alarm(_G_-ENTRY,tolower-38294)
375	0.313811	FalseGround	Unlabelled	SPOkGoodGood	Alarm(_G_-ENTRY,toupper-38303)
376	0.302203	FalseGround	Unlabelled	SPOkGoodGood	Alarm(_G_-ENTRY,diag-43541)
377	0.302203	FalseGround	Unlabelled	SPOkGoodGood	Alarm(_G_-ENTRY,diag-43542)
378	0.301364	FalseGround	Unlabelled	SPOkGoodGood	Alarm(_G_-ENTRY,bestmatch-43414)
379	0.301364	FalseGround	Unlabelled	SPOkGoodGood	Alarm(_G_-ENTRY,bestmatch-43415)
380	0.300223	FalseGround	Unlabelled	SPOkGoodGood	Alarm(_G_-ENTRY,removedirs-45857)
381	0.300223	FalseGround	Unlabelled	SPOkGoodGood	Alarm(_G_-ENTRY,removedirs-45858)
382	0.300223	FalseGround	Unlabelled	SPOkGoodGood	Alarm(_G_-ENTRY,removedirs-45859)
383	0.300223	FalseGround	Unlabelled	SPOkGoodGood	Alarm(_G_-ENTRY,removedirs-45860)
384	0.300223	FalseGround	Unlabelled	SPOkGoodGood	Alarm(_G_-ENTRY,removedirs-45863)
385	0.300223	FalseGround	Unlabelled	SPOkGoodGood	Alarm(_G_-ENTRY,removedirs-45864)
386	0.28623	FalseGround	Unlabelled	SPOkGoodGood	Alarm(_G_-ENTRY,mdir_name-42742)
387	0.254187	FalseGround	Unlabelled	SPOkGoodGood	Alarm(_G_-ENTRY,compareseq-43708)
388	0.254187	FalseGround	Unlabelled	SPOkGoodGood	Alarm(_G_-ENTRY,compareseq-43710)
389	0.254187	FalseGround	Unlabelled	SPOkGoodGood	Alarm(_G_-ENTRY,get_some_switches-51006)
390	0.254187	FalseGround	Unlabelled	SPOkGoodGood	Alarm(_G_-ENTRY,replace_slashes-45820)
391	0.254187	FalseGround	Unlabelled	SPOkGoodGood	Alarm(_G_-ENTRY,replace_slashes-45824)
392	0.239603	FalseGround	Unlabelled	SPOkGoodGood	Alarm(_G_-ENTRY,get_charset_aliases-41373)
393	0.239603	FalseGround	Unlabelled	SPOkGoodGood	Alarm(_G_-ENTRY,get_charset_aliases-41374)
394	0.228768	FalseGround	Unlabelled	SPOkGoodGood	Alarm(_G_-ENTRY,dir_len-42718)
395	0.228768	FalseGround	Unlabelled	SPOkGoodGood	Alarm(_G_-ENTRY,dir_len-42719)
396	0.205891	FalseGround	Unlabelled	SPOkGoodGood	Alarm(_G_-ENTRY,replace_slashes-45804)
397	0.205891	FalseGround	Unlabelled	SPOkGoodGood	Alarm(_G_-ENTRY,replace_slashes-45805)
398	0.205891	FalseGround	Unlabelled	SPOkGoodGood	Alarm(_G_-ENTRY,replace_slashes-45806)
399	0.205891	FalseGround	Unlabelled	SPOkGoodGood	Alarm(_G_-ENTRY,replace_slashes-45807)
400	0.202137	FalseGround	Unlabelled	SPOkGoodGood	Alarm(_G_-ENTRY,similar-52117)
401	0.202137	FalseGround	Unlabelled	SPOkGoodGood	Alarm(_G_-ENTRY,similar-52118)
402	0.201561	FalseGround	Unlabelled	SPOkGoodGood	Alarm(_G_-ENTRY,transfer_entries-41894)
403	0.201561	FalseGround	Unlabelled	SPOkGoodGood	Alarm(_G_-ENTRY,transfer_entries-41904)
404	0.201561	FalseGround	Unlabelled	SPOkGoodGood	Alarm(_G_-ENTRY,transfer_entries-41905)
405	0.196977	FalseGround	Unlabelled	SPOkGoodGood	Alarm(_G_-ENTRY,removedirs-45849)
406	0.196977	FalseGround	Unlabelled	SPOkGoodGood	Alarm(_G_-ENTRY,removedirs-45850)
407	0.187319	FalseGround	Unlabelled	SPOkGoodGood	Alarm(_G_-ENTRY,bestmatch-43421)
408	0.185302	FalseGround	Unlabelled	SPOkGoodGood	Alarm(_G_-ENTRY,merge_hunk-43963)
409	0.185302	FalseGround	Unlabelled	SPOkGoodGood	Alarm(_G_-ENTRY,merge_hunk-43964)
410	0.185302	FalseGround	Unlabelled	SPOkGoodGood	Alarm(_G_-ENTRY,merge_hunk-43967)
411	0.185302	FalseGround	Unlabelled	SPOkGoodGood	Alarm(_G_-ENTRY,merge_hunk-43968)
412	0.180773	FalseGround	Unlabelled	SPOkGoodGood	Alarm(_G_-ENTRY,strcaseeq0-38286)
413	0.175076	FalseGround	Unlabelled	SPOkGoodGood	Alarm(_G_-ENTRY,bestmatch-43411)
414	0.171797	FalseGround	Unlabelled	SPOkGoodGood	Alarm(_G_-ENTRY,ask-45602)
415	0.171797	FalseGround	Unlabelled	SPOkGoodGood	Alarm(_G_-ENTRY,ask-45603)
416	0.16471	FalseGround	Unlabelled	SPOkGoodGood	Alarm(_G_-ENTRY,quote_system_arg-45127)
417	0.163265	FalseGround	Unlabelled	SPOkGoodGood	Alarm(_G_-ENTRY,transfer_entries-41879)
418	0.163265	FalseGround	Unlabelled	SPOkGoodGood	Alarm(_G_-ENTRY,transfer_entries-41880)
419	0.144582	FalseGround	Unlabelled	SPOkGoodGood	Alarm(_G_-ENTRY,there_is_another_patch-46577)
420	0.144582	FalseGround	Unlabelled	SPOkGoodGood	Alarm(_G_-ENTRY,there_is_another_patch-46578)
421	0.141811	FalseGround	Unlabelled	SPOkGoodGood	Alarm(_G_-ENTRY,bestmatch-43365)
422	0.141811	FalseGround	Unlabelled	SPOkGoodGood	Alarm(_G_-ENTRY,bestmatch-43366)
423	0.137987	FalseGround	Unlabelled	SPOkGoodGood	Alarm(_G_-ENTRY,main-50140)
424	0.137987	FalseGround	Unlabelled	SPOkGoodGood	Alarm(_G_-ENTRY,main-50141)
425	0.135085	FalseGround	Unlabelled	SPOkGoodGood	Alarm(_G_-ENTRY,diag-43660)
426	0.135085	FalseGround	Unlabelled	SPOkGoodGood	Alarm(_G_-ENTRY,get_charset_aliases-41451)
427	0.135085	FalseGround	Unlabelled	SPOkGoodGood	Alarm(_G_-ENTRY,get_charset_aliases-41452)
428	0.135085	FalseGround	Unlabelled	SPOkGoodGood	Alarm(_G_-ENTRY,get_charset_aliases-41455)
429	0.135085	FalseGround	Unlabelled	SPOkGoodGood	Alarm(_G_-ENTRY,get_tz-40973)
430	0.109419	FalseGround	Unlabelled	SPOkGoodGood	Alarm(_G_-ENTRY,diag-43533)
431	0.109419	FalseGround	Unlabelled	SPOkGoodGood	Alarm(_G_-ENTRY,diag-43534)
432	0.109419	FalseGround	Unlabelled	SPOkGoodGood	Alarm(_G_-ENTRY,parse_datetime-41012)
433	0.109419	FalseGround	Unlabelled	SPOkGoodGood	Alarm(_G_-ENTRY,parse_datetime-41013)
434	0.109419	FalseGround	Unlabelled	SPOkGoodGood	Alarm(_G_-ENTRY,parse_datetime-41014)
435	0.109419	FalseGround	Unlabelled	SPOkGoodGood	Alarm(_G_-ENTRY,parse_datetime-41015)
436	0.109419	FalseGround	Unlabelled	SPOkGoodGood	Alarm(_G_-ENTRY,parse_datetime-41020)
437	0.109419	FalseGround	Unlabelled	SPOkGoodGood	Alarm(_G_-ENTRY,parse_datetime-41021)
438	0.109419	FalseGround	Unlabelled	SPOkGoodGood	Alarm(_G_-ENTRY,parse_datetime-41030)
439	0.109419	FalseGround	Unlabelled	SPOkGoodGood	Alarm(_G_-ENTRY,parse_datetime-41031)
440	0.107335	FalseGround	Unlabelled	SPOkGoodGood	Alarm(_G_-ENTRY,diag-43648)
441	0.100592	FalseGround	Unlabelled	SPOkGoodGood	Alarm(_G_-ENTRY,main-50456)
442	0.0842302	FalseGround	Unlabelled	SPOkGoodGood	Alarm(_G_-ENTRY,similar-52139)
443	0.0842302	FalseGround	Unlabelled	SPOkGoodGood	Alarm(_G_-ENTRY,similar-52140)
444	0.0842302	FalseGround	Unlabelled	SPOkGoodGood	Alarm(_G_-ENTRY,similar-52141)
445	0.0842302	FalseGround	Unlabelled	SPOkGoodGood	Alarm(_G_-ENTRY,similar-52142)
446	0.071013	FalseGround	Unlabelled	SPOkGoodGood	Alarm(_G_-ENTRY,yylex-40941)
447	0.0471013	FalseGround	Unlabelled	SPOkGoodGood	Alarm(_G_-ENTRY,parse_datetime-41138)
448	0.0471013	FalseGround	Unlabelled	SPOkGoodGood	Alarm(_G_-ENTRY,plan_b-52839)
449	0.0436061	FalseGround	Unlabelled	SPOkGoodGood	Alarm(_G_-ENTRY,locale_charset-41513)
450	0.0436061	FalseGround	Unlabelled	SPOkGoodGood	Alarm(_G_-ENTRY,locale_charset-41514)
451	0.0436061	FalseGround	Unlabelled	SPOkGoodGood	Alarm(_G_-ENTRY,locale_charset-41515)
452	0.0436061	FalseGround	Unlabelled	SPOkGoodGood	Alarm(_G_-ENTRY,locale_charset-41516)
453	0.0433713	FalseGround	Unlabelled	SPOkGoodGood	Alarm(_G_-ENTRY,pch_swap-49355)
454	0.0423895	FalseGround	Unlabelled	SPOkGoodGood	Alarm(_G_-ENTRY,pch_swap-49357)
455	0.038152	FalseGround	Unlabelled	SPOkGoodGood	Alarm(_G_-ENTRY,diag-43560)
456	0.038152	FalseGround	Unlabelled	SPOkGoodGood	Alarm(_G_-ENTRY,diag-43561)
457	0.0362622	FalseGround	Unlabelled	SPOkGoodGood	Alarm(_G_-ENTRY,get_charset_aliases-41369)
458	0.0362622	FalseGround	Unlabelled	SPOkGoodGood	Alarm(_G_-ENTRY,get_charset_aliases-41370)
459	0.0315565	FalseGround	Unlabelled	SPOkGoodGood	Alarm(_G_-ENTRY,pch_swap-49364)
460	0.0315565	FalseGround	Unlabelled	SPOkGoodGood	Alarm(_G_-ENTRY,pch_swap-49365)
461	0.0289893	FalseGround	Unlabelled	SPOkGoodGood	Alarm(_G_-ENTRY,pch_swap-49363)
462	0.0251896	FalseGround	Unlabelled	SPOkGoodGood	Alarm(_G_-ENTRY,strcaseeq1-38279)
463	0.0175318	FalseGround	Unlabelled	SPOkGoodGood	Alarm(_G_-ENTRY,yylex-40944)
464	0.0160974	FalseGround	Unlabelled	SPOkGoodGood	Alarm(_G_-ENTRY,pch_swap-49305)
465	0.0160974	FalseGround	Unlabelled	SPOkGoodGood	Alarm(_G_-ENTRY,pch_swap-49306)
466	0.0107753	FalseGround	Unlabelled	SPOkGoodGood	Alarm(_G_-ENTRY,diag-43565)
467	0.0107753	FalseGround	Unlabelled	SPOkGoodGood	Alarm(_G_-ENTRY,diag-43568)
468	0.0107753	FalseGround	Unlabelled	SPOkGoodGood	Alarm(_G_-ENTRY,diag-43571)
469	0.0107753	FalseGround	Unlabelled	SPOkGoodGood	Alarm(_G_-ENTRY,diag-43572)
470	0.0107753	FalseGround	Unlabelled	SPOkGoodGood	Alarm(_G_-ENTRY,diag-43583)
471	0.0107753	FalseGround	Unlabelled	SPOkGoodGood	Alarm(_G_-ENTRY,diag-43590)
472	0.0107753	FalseGround	Unlabelled	SPOkGoodGood	Alarm(_G_-ENTRY,diag-43593)
473	0.0107753	FalseGround	Unlabelled	SPOkGoodGood	Alarm(_G_-ENTRY,diag-43596)
474	0.0107753	FalseGround	Unlabelled	SPOkGoodGood	Alarm(_G_-ENTRY,diag-43597)
475	0.0107753	FalseGround	Unlabelled	SPOkGoodGood	Alarm(_G_-ENTRY,diag-43608)
476	0.0107753	FalseGround	Unlabelled	SPOkGoodGood	Alarm(_G_-ENTRY,diag-43617)
477	0.0107753	FalseGround	Unlabelled	SPOkGoodGood	Alarm(_G_-ENTRY,diag-43633)
478	0.00872796	FalseGround	Unlabelled	SPOkGoodGood	Alarm(_G_-ENTRY,diag-43451)
479	0.00872796	FalseGround	Unlabelled	SPOkGoodGood	Alarm(_G_-ENTRY,diag-43452)
480	0.00872796	FalseGround	Unlabelled	SPOkGoodGood	Alarm(_G_-ENTRY,diag-43475)
481	0.00872796	FalseGround	Unlabelled	SPOkGoodGood	Alarm(_G_-ENTRY,diag-43476)
482	0.00151094	FalseGround	Unlabelled	SPOkGoodGood	Alarm(_G_-ENTRY,strcaseeq2-38272)
483	0.00014642	FalseGround	Unlabelled	SPOkGoodGood	Alarm(_G_-ENTRY,set_program_name-39374)
484	0.0001186	FalseGround	Unlabelled	SPOkGoodGood	Alarm(_G_-ENTRY,set_program_name-39376)
485	3.90137e-05	FalseGround	Unlabelled	SPOkGoodGood	Alarm(_G_-ENTRY,strcaseeq3-38265)
486	4.33636e-07	FalseGround	Unlabelled	SPOkGoodGood	Alarm(_G_-ENTRY,strcaseeq4-38258)
487	2.07479e-09	FalseGround	Unlabelled	SPOkGoodGood	Alarm(_G_-ENTRY,strcaseeq5-38251)
488	4.27328e-12	FalseGround	Unlabelled	SPOkGoodGood	Alarm(_G_-ENTRY,strcaseeq6-38244)
489	3.7887e-15	FalseGround	Unlabelled	SPOkGoodGood	Alarm(_G_-ENTRY,strcaseeq7-38237)
490	1.44597e-18	FalseGround	Unlabelled	SPOkGoodGood	Alarm(_G_-ENTRY,strcaseeq8-38230)
491	0.0	FalseGround	NegLabel	SPOkGoodGood	Alarm(_G_-ENTRY,another_hunk-48040)
492	0.0	FalseGround	NegLabel	SPOkGoodGood	Alarm(_G_-ENTRY,another_hunk-48903)
493	0.0	FalseGround	NegLabel	SPOkGoodGood	Alarm(_G_-ENTRY,check_line_endings-52093)
494	0.0	FalseGround	NegLabel	SPOkGoodGood	Alarm(_G_-ENTRY,copy_till-51986)
495	0.0	FalseGround	NegLabel	SPOkGoodGood	Alarm(_G_-ENTRY,get_charset_aliases-41423)
496	0.0	FalseGround	NegLabel	SPOkGoodGood	Alarm(_G_-ENTRY,intuit_diff_type-47106)
497	0.0	FalseGround	NegLabel	SPOkGoodGood	Alarm(_G_-ENTRY,main-49828)
498	0.0	FalseGround	NegLabel	SPOkGoodGood	Alarm(_G_-ENTRY,main-49829)
499	0.0	FalseGround	NegLabel	SPOkGoodGood	Alarm(_G_-ENTRY,pch_swap-49354)
500	0.0	FalseGround	NegLabel	SPOkGoodGood	Alarm(_G_-ENTRY,yyparse-40353)
501	0.0	FalseGround	NegLabel	SPOkGoodGood	Alarm(_G_-ENTRY,yyparse-40403)
502	0.0	FalseGround	NegLabel	SPOkGoodGood	Alarm(_G_-ENTRY,yyparse-40470)
