Rank	Confidence	Ground	Label	Comments	Tuple
1	0.811531	FalseGround	Unlabelled	SPOkGoodGood	Alarm(_G_-ENTRY,main-49829)
2	0.81126	FalseGround	Unlabelled	SPOkGoodGood	Alarm(_G_-ENTRY,yyparse-40470)
3	0.81126	FalseGround	Unlabelled	SPOkGoodGood	Alarm(_G_-ENTRY,yyparse-40476)
4	0.81126	FalseGround	Unlabelled	SPOkGoodGood	Alarm(_G_-ENTRY,yyparse-40482)
5	0.81126	FalseGround	Unlabelled	SPOkGoodGood	Alarm(_G_-ENTRY,yyparse-40488)
6	0.81126	FalseGround	Unlabelled	SPOkGoodGood	Alarm(_G_-ENTRY,yyparse-40494)
7	0.81126	FalseGround	Unlabelled	SPOkGoodGood	Alarm(_G_-ENTRY,yyparse-40500)
8	0.81126	FalseGround	Unlabelled	SPOkGoodGood	Alarm(_G_-ENTRY,yyparse-40502)
9	0.81126	FalseGround	Unlabelled	SPOkGoodGood	Alarm(_G_-ENTRY,yyparse-40503)
10	0.81126	FalseGround	Unlabelled	SPOkGoodGood	Alarm(_G_-ENTRY,yyparse-40505)
11	0.81126	FalseGround	Unlabelled	SPOkGoodGood	Alarm(_G_-ENTRY,yyparse-40506)
12	0.81126	FalseGround	Unlabelled	SPOkGoodGood	Alarm(_G_-ENTRY,yyparse-40510)
13	0.81126	FalseGround	Unlabelled	SPOkGoodGood	Alarm(_G_-ENTRY,yyparse-40512)
14	0.81126	FalseGround	Unlabelled	SPOkGoodGood	Alarm(_G_-ENTRY,yyparse-40514)
15	0.81126	FalseGround	Unlabelled	SPOkGoodGood	Alarm(_G_-ENTRY,yyparse-40516)
16	0.81126	FalseGround	Unlabelled	SPOkGoodGood	Alarm(_G_-ENTRY,yyparse-40518)
17	0.81126	FalseGround	Unlabelled	SPOkGoodGood	Alarm(_G_-ENTRY,yyparse-40520)
18	0.809033	FalseGround	Unlabelled	SPOkGoodGood	Alarm(_G_-ENTRY,another_hunk-48903)
19	0.807941	FalseGround	Unlabelled	SPOkGoodGood	Alarm(_G_-ENTRY,intuit_diff_type-47106)
20	0.807941	FalseGround	Unlabelled	SPOkGoodGood	Alarm(_G_-ENTRY,intuit_diff_type-47107)
21	0.807941	FalseGround	Unlabelled	SPOkGoodGood	Alarm(_G_-ENTRY,intuit_diff_type-47108)
22	0.807941	FalseGround	Unlabelled	SPOkGoodGood	Alarm(_G_-ENTRY,intuit_diff_type-47109)
23	0.807941	FalseGround	Unlabelled	SPOkGoodGood	Alarm(_G_-ENTRY,intuit_diff_type-47110)
24	0.807941	FalseGround	Unlabelled	SPOkGoodGood	Alarm(_G_-ENTRY,intuit_diff_type-47111)
25	0.807941	FalseGround	Unlabelled	SPOkGoodGood	Alarm(_G_-ENTRY,intuit_diff_type-47112)
26	0.807941	FalseGround	Unlabelled	SPOkGoodGood	Alarm(_G_-ENTRY,intuit_diff_type-47113)
27	0.807941	FalseGround	Unlabelled	SPOkGoodGood	Alarm(_G_-ENTRY,intuit_diff_type-47114)
28	0.807941	FalseGround	Unlabelled	SPOkGoodGood	Alarm(_G_-ENTRY,intuit_diff_type-47115)
29	0.807941	FalseGround	Unlabelled	SPOkGoodGood	Alarm(_G_-ENTRY,intuit_diff_type-47116)
30	0.807941	FalseGround	Unlabelled	SPOkGoodGood	Alarm(_G_-ENTRY,intuit_diff_type-47117)
31	0.807941	FalseGround	Unlabelled	SPOkGoodGood	Alarm(_G_-ENTRY,intuit_diff_type-47142)
32	0.807941	FalseGround	Unlabelled	SPOkGoodGood	Alarm(_G_-ENTRY,intuit_diff_type-47143)
33	0.807941	FalseGround	Unlabelled	SPOkGoodGood	Alarm(_G_-ENTRY,intuit_diff_type-47144)
34	0.807941	FalseGround	Unlabelled	SPOkGoodGood	Alarm(_G_-ENTRY,intuit_diff_type-47145)
35	0.805346	FalseGround	Unlabelled	SPOkGoodGood	Alarm(_G_-ENTRY,quotearg_buffer_restyled-38935)
36	0.805346	FalseGround	Unlabelled	SPOkGoodGood	Alarm(_G_-ENTRY,quotearg_buffer_restyled-39010)
37	0.802701	TrueGround	Unlabelled	SPOkGoodGood	Alarm(_G_-ENTRY,pch_write_line-49430)
38	0.802701	FalseGround	Unlabelled	SPOkGoodGood	Alarm(_G_-ENTRY,pch_write_line-49431)
39	0.799777	FalseGround	Unlabelled	SPOkGoodGood	Alarm(_G_-ENTRY,find_backup_file_name-43188)
40	0.798802	FalseGround	Unlabelled	SPOkGoodGood	Alarm(_G_-ENTRY,numeric_string-51199)
41	0.798657	FalseGround	Unlabelled	SPOkGoodGood	Alarm(_G_-ENTRY,pch_char-48294)
42	0.789759	FalseGround	Unlabelled	SPOkGoodGood	Alarm(_G_-ENTRY,gen_tempname-38128)
43	0.788334	FalseGround	Unlabelled	SPOkGoodGood	Alarm(_G_-ENTRY,yyparse-40563)
44	0.781403	FalseGround	Unlabelled	SPOkGoodGood	Alarm(_G_-ENTRY,yyparse-40409)
45	0.781403	FalseGround	Unlabelled	SPOkGoodGood	Alarm(_G_-ENTRY,yyparse-40523)
46	0.781403	FalseGround	Unlabelled	SPOkGoodGood	Alarm(_G_-ENTRY,yyparse-40525)
47	0.774929	FalseGround	Unlabelled	SPOkGoodGood	Alarm(_G_-ENTRY,create_backup-44628)
48	0.774929	FalseGround	Unlabelled	SPOkGoodGood	Alarm(_G_-ENTRY,create_backup-44630)
49	0.774929	FalseGround	Unlabelled	SPOkGoodGood	Alarm(_G_-ENTRY,plan_a-52687)
50	0.760902	FalseGround	Unlabelled	SPOkGoodGood	Alarm(_G_-ENTRY,yyparse-40420)
51	0.760902	FalseGround	Unlabelled	SPOkGoodGood	Alarm(_G_-ENTRY,yyparse-40422)
52	0.760902	FalseGround	Unlabelled	SPOkGoodGood	Alarm(_G_-ENTRY,yyparse-40464)
53	0.760902	FalseGround	Unlabelled	SPOkGoodGood	Alarm(_G_-ENTRY,yyparse-40465)
54	0.760902	FalseGround	Unlabelled	SPOkGoodGood	Alarm(_G_-ENTRY,yyparse-40466)
55	0.760902	FalseGround	Unlabelled	SPOkGoodGood	Alarm(_G_-ENTRY,yyparse-40468)
56	0.760902	FalseGround	Unlabelled	SPOkGoodGood	Alarm(_G_-ENTRY,yyparse-40474)
57	0.760902	FalseGround	Unlabelled	SPOkGoodGood	Alarm(_G_-ENTRY,yyparse-40480)
58	0.760902	FalseGround	Unlabelled	SPOkGoodGood	Alarm(_G_-ENTRY,yyparse-40484)
59	0.760902	FalseGround	Unlabelled	SPOkGoodGood	Alarm(_G_-ENTRY,yyparse-40486)
60	0.760902	FalseGround	Unlabelled	SPOkGoodGood	Alarm(_G_-ENTRY,yyparse-40492)
61	0.760902	FalseGround	Unlabelled	SPOkGoodGood	Alarm(_G_-ENTRY,yyparse-40498)
62	0.760902	FalseGround	Unlabelled	SPOkGoodGood	Alarm(_G_-ENTRY,yyparse-40522)
63	0.760902	FalseGround	Unlabelled	SPOkGoodGood	Alarm(_G_-ENTRY,yyparse-40529)
64	0.750155	FalseGround	Unlabelled	SPOkGoodGood	Alarm(_G_-ENTRY,another_hunk-48042)
65	0.747697	FalseGround	Unlabelled	SPOkGoodGood	Alarm(_G_-ENTRY,another_hunk-48041)
66	0.747697	FalseGround	Unlabelled	SPOkGoodGood	Alarm(_G_-ENTRY,another_hunk-48043)
67	0.744807	FalseGround	Unlabelled	SPOkGoodGood	Alarm(_G_-ENTRY,another_hunk-48074)
68	0.744807	FalseGround	Unlabelled	SPOkGoodGood	Alarm(_G_-ENTRY,another_hunk-48076)
69	0.735601	FalseGround	Unlabelled	SPOkGoodGood	Alarm(_G_-ENTRY,ifetch-52903)
70	0.735601	FalseGround	Unlabelled	SPOkGoodGood	Alarm(_G_-ENTRY,ifetch-52904)
71	0.729105	FalseGround	Unlabelled	SPOkGoodGood	Alarm(_G_-ENTRY,pget_line-49267)
72	0.729105	FalseGround	Unlabelled	SPOkGoodGood	Alarm(_G_-ENTRY,pget_line-49268)
73	0.729	FalseGround	Unlabelled	SPOkGoodGood	Alarm(_G_-ENTRY,argmatch-43255)
74	0.729	FalseGround	Unlabelled	SPOkGoodGood	Alarm(_G_-ENTRY,numbered_backup-43133)
75	0.729	FalseGround	Unlabelled	SPOkGoodGood	Alarm(_G_-ENTRY,numbered_backup-43139)
76	0.725894	FalseGround	Unlabelled	SPOkGoodGood	Alarm(_G_-ENTRY,another_hunk-48075)
77	0.725894	FalseGround	Unlabelled	SPOkGoodGood	Alarm(_G_-ENTRY,another_hunk-48077)
78	0.723327	FalseGround	Unlabelled	SPOkGoodGood	Alarm(_G_-ENTRY,find_backup_file_name-43184)
79	0.722713	FalseGround	Unlabelled	SPOkGoodGood	Alarm(_G_-ENTRY,get_ed_command_letter-49459)
80	0.722713	FalseGround	Unlabelled	SPOkGoodGood	Alarm(_G_-ENTRY,get_ed_command_letter-49460)
81	0.722713	FalseGround	Unlabelled	SPOkGoodGood	Alarm(_G_-ENTRY,get_ed_command_letter-49461)
82	0.722713	FalseGround	Unlabelled	SPOkGoodGood	Alarm(_G_-ENTRY,get_ed_command_letter-49462)
83	0.722713	FalseGround	Unlabelled	SPOkGoodGood	Alarm(_G_-ENTRY,get_ed_command_letter-49463)
84	0.722713	FalseGround	Unlabelled	SPOkGoodGood	Alarm(_G_-ENTRY,get_ed_command_letter-49464)
85	0.720578	FalseGround	Unlabelled	SPOkGoodGood	Alarm(_G_-ENTRY,pch_swap-49387)
86	0.710614	FalseGround	Unlabelled	SPOkGoodGood	Alarm(_G_-ENTRY,yyparse-40390)
87	0.710614	FalseGround	Unlabelled	SPOkGoodGood	Alarm(_G_-ENTRY,yyparse-40399)
88	0.710614	FalseGround	Unlabelled	SPOkGoodGood	Alarm(_G_-ENTRY,yyparse-40401)
89	0.710614	FalseGround	Unlabelled	SPOkGoodGood	Alarm(_G_-ENTRY,yyparse-40405)
90	0.710614	FalseGround	Unlabelled	SPOkGoodGood	Alarm(_G_-ENTRY,yyparse-40407)
91	0.710614	FalseGround	Unlabelled	SPOkGoodGood	Alarm(_G_-ENTRY,yyparse-40412)
92	0.710614	FalseGround	Unlabelled	SPOkGoodGood	Alarm(_G_-ENTRY,yyparse-40423)
93	0.710614	FalseGround	Unlabelled	SPOkGoodGood	Alarm(_G_-ENTRY,yyparse-40433)
94	0.710614	FalseGround	Unlabelled	SPOkGoodGood	Alarm(_G_-ENTRY,yyparse-40435)
95	0.710614	FalseGround	Unlabelled	SPOkGoodGood	Alarm(_G_-ENTRY,yyparse-40436)
96	0.710614	FalseGround	Unlabelled	SPOkGoodGood	Alarm(_G_-ENTRY,yyparse-40437)
97	0.710614	FalseGround	Unlabelled	SPOkGoodGood	Alarm(_G_-ENTRY,yyparse-40438)
98	0.710614	FalseGround	Unlabelled	SPOkGoodGood	Alarm(_G_-ENTRY,yyparse-40439)
99	0.710614	FalseGround	Unlabelled	SPOkGoodGood	Alarm(_G_-ENTRY,yyparse-40440)
100	0.710614	FalseGround	Unlabelled	SPOkGoodGood	Alarm(_G_-ENTRY,yyparse-40441)
101	0.710614	FalseGround	Unlabelled	SPOkGoodGood	Alarm(_G_-ENTRY,yyparse-40442)
102	0.710614	FalseGround	Unlabelled	SPOkGoodGood	Alarm(_G_-ENTRY,yyparse-40443)
103	0.710614	FalseGround	Unlabelled	SPOkGoodGood	Alarm(_G_-ENTRY,yyparse-40445)
104	0.710614	FalseGround	Unlabelled	SPOkGoodGood	Alarm(_G_-ENTRY,yyparse-40446)
105	0.710614	FalseGround	Unlabelled	SPOkGoodGood	Alarm(_G_-ENTRY,yyparse-40448)
106	0.710614	FalseGround	Unlabelled	SPOkGoodGood	Alarm(_G_-ENTRY,yyparse-40449)
107	0.710614	FalseGround	Unlabelled	SPOkGoodGood	Alarm(_G_-ENTRY,yyparse-40450)
108	0.710614	FalseGround	Unlabelled	SPOkGoodGood	Alarm(_G_-ENTRY,yyparse-40452)
109	0.710614	FalseGround	Unlabelled	SPOkGoodGood	Alarm(_G_-ENTRY,yyparse-40454)
110	0.710614	FalseGround	Unlabelled	SPOkGoodGood	Alarm(_G_-ENTRY,yyparse-40455)
111	0.710614	FalseGround	Unlabelled	SPOkGoodGood	Alarm(_G_-ENTRY,yyparse-40456)
112	0.710614	FalseGround	Unlabelled	SPOkGoodGood	Alarm(_G_-ENTRY,yyparse-40458)
113	0.710614	FalseGround	Unlabelled	SPOkGoodGood	Alarm(_G_-ENTRY,yyparse-40460)
114	0.710614	FalseGround	Unlabelled	SPOkGoodGood	Alarm(_G_-ENTRY,yyparse-40461)
115	0.710614	FalseGround	Unlabelled	SPOkGoodGood	Alarm(_G_-ENTRY,yyparse-40462)
116	0.710614	FalseGround	Unlabelled	SPOkGoodGood	Alarm(_G_-ENTRY,yyparse-40463)
117	0.710614	FalseGround	Unlabelled	SPOkGoodGood	Alarm(_G_-ENTRY,yyparse-40527)
118	0.710614	FalseGround	Unlabelled	SPOkGoodGood	Alarm(_G_-ENTRY,yyparse-40528)
119	0.710614	FalseGround	Unlabelled	SPOkGoodGood	Alarm(_G_-ENTRY,yyparse-40531)
120	0.697998	FalseGround	Unlabelled	SPOkGoodGood	Alarm(_G_-ENTRY,yyparse-40301)
121	0.697998	FalseGround	Unlabelled	SPOkGoodGood	Alarm(_G_-ENTRY,yyparse-40302)
122	0.692819	FalseGround	Unlabelled	SPOkGoodGood	Alarm(_G_-ENTRY,pget_line-49236)
123	0.692819	FalseGround	Unlabelled	SPOkGoodGood	Alarm(_G_-ENTRY,pget_line-49237)
124	0.683593	FalseGround	Unlabelled	SPOkGoodGood	Alarm(_G_-ENTRY,check_line_endings-52094)
125	0.683593	FalseGround	Unlabelled	SPOkGoodGood	Alarm(_G_-ENTRY,check_line_endings-52095)
126	0.683593	FalseGround	Unlabelled	SPOkGoodGood	Alarm(_G_-ENTRY,check_line_endings-52096)
127	0.662249	FalseGround	Unlabelled	SPOkGoodGood	Alarm(_G_-ENTRY,gen_tempname-38130)
128	0.662249	FalseGround	Unlabelled	SPOkGoodGood	Alarm(_G_-ENTRY,gen_tempname-38132)
129	0.662249	FalseGround	Unlabelled	SPOkGoodGood	Alarm(_G_-ENTRY,gen_tempname-38134)
130	0.662249	FalseGround	Unlabelled	SPOkGoodGood	Alarm(_G_-ENTRY,gen_tempname-38136)
131	0.656335	FalseGround	Unlabelled	SPOkGoodGood	Alarm(_G_-ENTRY,removedirs-45876)
132	0.656195	FalseGround	Unlabelled	SPOkGoodGood	Alarm(_G_-ENTRY,format_linenum-45531)
133	0.656195	FalseGround	Unlabelled	SPOkGoodGood	Alarm(_G_-ENTRY,format_linenum-45535)
134	0.6561	FalseGround	Unlabelled	SPOkGoodGood	Alarm(_G_-ENTRY,create_backup-44627)
135	0.6561	FalseGround	Unlabelled	SPOkGoodGood	Alarm(_G_-ENTRY,create_backup-44629)
136	0.6561	FalseGround	Unlabelled	SPOkGoodGood	Alarm(_G_-ENTRY,create_backup-44631)
137	0.6561	FalseGround	Unlabelled	SPOkGoodGood	Alarm(_G_-ENTRY,get_some_switches-51084)
138	0.6561	FalseGround	Unlabelled	SPOkGoodGood	Alarm(_G_-ENTRY,numbered_backup-43118)
139	0.6561	FalseGround	Unlabelled	SPOkGoodGood	Alarm(_G_-ENTRY,pch_normalize-49646)
140	0.6561	FalseGround	Unlabelled	SPOkGoodGood	Alarm(_G_-ENTRY,pch_normalize-49647)
141	0.6561	FalseGround	Unlabelled	SPOkGoodGood	Alarm(_G_-ENTRY,pch_normalize-49662)
142	0.6561	FalseGround	Unlabelled	SPOkGoodGood	Alarm(_G_-ENTRY,pch_normalize-49663)
143	0.6561	FalseGround	Unlabelled	SPOkGoodGood	Alarm(_G_-ENTRY,plan_a-52682)
144	0.6561	FalseGround	Unlabelled	SPOkGoodGood	Alarm(_G_-ENTRY,plan_a-52683)
145	0.6561	FalseGround	Unlabelled	SPOkGoodGood	Alarm(_G_-ENTRY,replace_slashes-45800)
146	0.6561	FalseGround	Unlabelled	SPOkGoodGood	Alarm(_G_-ENTRY,replace_slashes-45801)
147	0.623267	FalseGround	Unlabelled	SPOkGoodGood	Alarm(_G_-ENTRY,merge_hunk-44066)
148	0.609064	FalseGround	Unlabelled	SPOkGoodGood	Alarm(_G_-ENTRY,pch_normalize-49654)
149	0.609064	FalseGround	Unlabelled	SPOkGoodGood	Alarm(_G_-ENTRY,pch_normalize-49655)
150	0.59049	FalseGround	Unlabelled	SPOkGoodGood	Alarm(_G_-ENTRY,base_len-42948)
151	0.59049	FalseGround	Unlabelled	SPOkGoodGood	Alarm(_G_-ENTRY,base_len-42949)
152	0.59049	FalseGround	Unlabelled	SPOkGoodGood	Alarm(_G_-ENTRY,create_backup-44552)
153	0.59049	FalseGround	Unlabelled	SPOkGoodGood	Alarm(_G_-ENTRY,create_backup-44553)
154	0.59049	FalseGround	Unlabelled	SPOkGoodGood	Alarm(_G_-ENTRY,gen_tempname-38126)
155	0.59049	FalseGround	Unlabelled	SPOkGoodGood	Alarm(_G_-ENTRY,last_component-42932)
156	0.59049	FalseGround	Unlabelled	SPOkGoodGood	Alarm(_G_-ENTRY,last_component-42933)
157	0.59049	FalseGround	Unlabelled	SPOkGoodGood	Alarm(_G_-ENTRY,merge_hunk-43941)
158	0.59049	FalseGround	Unlabelled	SPOkGoodGood	Alarm(_G_-ENTRY,merge_hunk-43942)
159	0.59049	FalseGround	Unlabelled	SPOkGoodGood	Alarm(_G_-ENTRY,merge_hunk-43953)
160	0.59049	FalseGround	Unlabelled	SPOkGoodGood	Alarm(_G_-ENTRY,merge_hunk-43954)
161	0.59049	FalseGround	Unlabelled	SPOkGoodGood	Alarm(_G_-ENTRY,merge_hunk-43959)
162	0.59049	FalseGround	Unlabelled	SPOkGoodGood	Alarm(_G_-ENTRY,merge_hunk-43960)
163	0.59049	FalseGround	Unlabelled	SPOkGoodGood	Alarm(_G_-ENTRY,merge_hunk-43975)
164	0.59049	FalseGround	Unlabelled	SPOkGoodGood	Alarm(_G_-ENTRY,merge_hunk-43976)
165	0.59049	FalseGround	Unlabelled	SPOkGoodGood	Alarm(_G_-ENTRY,merge_hunk-43977)
166	0.59049	FalseGround	Unlabelled	SPOkGoodGood	Alarm(_G_-ENTRY,merge_hunk-43978)
167	0.59049	FalseGround	Unlabelled	SPOkGoodGood	Alarm(_G_-ENTRY,merge_hunk-43987)
168	0.59049	FalseGround	Unlabelled	SPOkGoodGood	Alarm(_G_-ENTRY,merge_hunk-43988)
169	0.59049	FalseGround	Unlabelled	SPOkGoodGood	Alarm(_G_-ENTRY,numbered_backup-43121)
170	0.59049	FalseGround	Unlabelled	SPOkGoodGood	Alarm(_G_-ENTRY,numeric_string-51173)
171	0.59049	FalseGround	Unlabelled	SPOkGoodGood	Alarm(_G_-ENTRY,numeric_string-51174)
172	0.59049	FalseGround	Unlabelled	SPOkGoodGood	Alarm(_G_-ENTRY,numeric_string-51175)
173	0.59049	FalseGround	Unlabelled	SPOkGoodGood	Alarm(_G_-ENTRY,numeric_string-51176)
174	0.59049	FalseGround	Unlabelled	SPOkGoodGood	Alarm(_G_-ENTRY,pch_normalize-49638)
175	0.59049	FalseGround	Unlabelled	SPOkGoodGood	Alarm(_G_-ENTRY,pch_normalize-49639)
176	0.59049	FalseGround	Unlabelled	SPOkGoodGood	Alarm(_G_-ENTRY,pch_normalize-49673)
177	0.59049	FalseGround	Unlabelled	SPOkGoodGood	Alarm(_G_-ENTRY,pget_line-49262)
178	0.59049	FalseGround	Unlabelled	SPOkGoodGood	Alarm(_G_-ENTRY,plan_a-52627)
179	0.59049	FalseGround	Unlabelled	SPOkGoodGood	Alarm(_G_-ENTRY,plan_a-52628)
180	0.59049	FalseGround	Unlabelled	SPOkGoodGood	Alarm(_G_-ENTRY,savebuf-45512)
181	0.59049	FalseGround	Unlabelled	SPOkGoodGood	Alarm(_G_-ENTRY,xmemdup-36593)
182	0.587097	FalseGround	Unlabelled	SPOkGoodGood	Alarm(_G_-ENTRY,quotearg_buffer_restyled-38907)
183	0.587097	FalseGround	Unlabelled	SPOkGoodGood	Alarm(_G_-ENTRY,quotearg_buffer_restyled-38917)
184	0.587097	FalseGround	Unlabelled	SPOkGoodGood	Alarm(_G_-ENTRY,quotearg_buffer_restyled-38925)
185	0.587097	FalseGround	Unlabelled	SPOkGoodGood	Alarm(_G_-ENTRY,quotearg_buffer_restyled-38936)
186	0.587097	FalseGround	Unlabelled	SPOkGoodGood	Alarm(_G_-ENTRY,quotearg_buffer_restyled-38938)
187	0.587097	FalseGround	Unlabelled	SPOkGoodGood	Alarm(_G_-ENTRY,quotearg_buffer_restyled-38940)
188	0.587097	FalseGround	Unlabelled	SPOkGoodGood	Alarm(_G_-ENTRY,quotearg_buffer_restyled-38943)
189	0.587097	FalseGround	Unlabelled	SPOkGoodGood	Alarm(_G_-ENTRY,quotearg_buffer_restyled-38945)
190	0.587097	FalseGround	Unlabelled	SPOkGoodGood	Alarm(_G_-ENTRY,quotearg_buffer_restyled-38947)
191	0.587097	FalseGround	Unlabelled	SPOkGoodGood	Alarm(_G_-ENTRY,quotearg_buffer_restyled-38949)
192	0.587097	FalseGround	Unlabelled	SPOkGoodGood	Alarm(_G_-ENTRY,quotearg_buffer_restyled-38951)
193	0.587097	FalseGround	Unlabelled	SPOkGoodGood	Alarm(_G_-ENTRY,quotearg_buffer_restyled-38962)
194	0.587097	FalseGround	Unlabelled	SPOkGoodGood	Alarm(_G_-ENTRY,quotearg_buffer_restyled-38964)
195	0.587097	FalseGround	Unlabelled	SPOkGoodGood	Alarm(_G_-ENTRY,quotearg_buffer_restyled-38966)
196	0.587097	FalseGround	Unlabelled	SPOkGoodGood	Alarm(_G_-ENTRY,quotearg_buffer_restyled-38968)
197	0.587097	FalseGround	Unlabelled	SPOkGoodGood	Alarm(_G_-ENTRY,quotearg_buffer_restyled-38988)
198	0.587097	FalseGround	Unlabelled	SPOkGoodGood	Alarm(_G_-ENTRY,quotearg_buffer_restyled-38990)
199	0.587097	FalseGround	Unlabelled	SPOkGoodGood	Alarm(_G_-ENTRY,quotearg_buffer_restyled-38992)
200	0.587097	FalseGround	Unlabelled	SPOkGoodGood	Alarm(_G_-ENTRY,quotearg_buffer_restyled-38995)
201	0.587097	FalseGround	Unlabelled	SPOkGoodGood	Alarm(_G_-ENTRY,quotearg_buffer_restyled-38998)
202	0.587097	FalseGround	Unlabelled	SPOkGoodGood	Alarm(_G_-ENTRY,quotearg_buffer_restyled-39001)
203	0.587097	FalseGround	Unlabelled	SPOkGoodGood	Alarm(_G_-ENTRY,quotearg_buffer_restyled-39002)
204	0.587097	FalseGround	Unlabelled	SPOkGoodGood	Alarm(_G_-ENTRY,quotearg_buffer_restyled-39004)
205	0.587097	FalseGround	Unlabelled	SPOkGoodGood	Alarm(_G_-ENTRY,quotearg_buffer_restyled-39007)
206	0.574696	FalseGround	Unlabelled	SPOkGoodGood	Alarm(_G_-ENTRY,yyparse-40400)
207	0.574696	FalseGround	Unlabelled	SPOkGoodGood	Alarm(_G_-ENTRY,yyparse-40402)
208	0.574696	FalseGround	Unlabelled	SPOkGoodGood	Alarm(_G_-ENTRY,yyparse-40404)
209	0.574696	FalseGround	Unlabelled	SPOkGoodGood	Alarm(_G_-ENTRY,yyparse-40413)
210	0.574696	FalseGround	Unlabelled	SPOkGoodGood	Alarm(_G_-ENTRY,yyparse-40414)
211	0.574696	FalseGround	Unlabelled	SPOkGoodGood	Alarm(_G_-ENTRY,yyparse-40416)
212	0.574696	FalseGround	Unlabelled	SPOkGoodGood	Alarm(_G_-ENTRY,yyparse-40417)
213	0.574696	FalseGround	Unlabelled	SPOkGoodGood	Alarm(_G_-ENTRY,yyparse-40419)
214	0.574696	FalseGround	Unlabelled	SPOkGoodGood	Alarm(_G_-ENTRY,yyparse-40424)
215	0.574696	FalseGround	Unlabelled	SPOkGoodGood	Alarm(_G_-ENTRY,yyparse-40425)
216	0.574696	FalseGround	Unlabelled	SPOkGoodGood	Alarm(_G_-ENTRY,yyparse-40426)
217	0.574696	FalseGround	Unlabelled	SPOkGoodGood	Alarm(_G_-ENTRY,yyparse-40428)
218	0.574696	FalseGround	Unlabelled	SPOkGoodGood	Alarm(_G_-ENTRY,yyparse-40430)
219	0.574696	FalseGround	Unlabelled	SPOkGoodGood	Alarm(_G_-ENTRY,yyparse-40431)
220	0.574696	FalseGround	Unlabelled	SPOkGoodGood	Alarm(_G_-ENTRY,yyparse-40432)
221	0.574696	FalseGround	Unlabelled	SPOkGoodGood	Alarm(_G_-ENTRY,yyparse-40434)
222	0.574696	FalseGround	Unlabelled	SPOkGoodGood	Alarm(_G_-ENTRY,yyparse-40444)
223	0.574696	FalseGround	Unlabelled	SPOkGoodGood	Alarm(_G_-ENTRY,yyparse-40447)
224	0.574696	FalseGround	Unlabelled	SPOkGoodGood	Alarm(_G_-ENTRY,yyparse-40451)
225	0.574696	FalseGround	Unlabelled	SPOkGoodGood	Alarm(_G_-ENTRY,yyparse-40453)
226	0.574696	FalseGround	Unlabelled	SPOkGoodGood	Alarm(_G_-ENTRY,yyparse-40457)
227	0.574696	FalseGround	Unlabelled	SPOkGoodGood	Alarm(_G_-ENTRY,yyparse-40459)
228	0.574696	FalseGround	Unlabelled	SPOkGoodGood	Alarm(_G_-ENTRY,yyparse-40597)
229	0.573655	FalseGround	Unlabelled	SPOkGoodGood	Alarm(_G_-ENTRY,base_name-42916)
230	0.573655	FalseGround	Unlabelled	SPOkGoodGood	Alarm(_G_-ENTRY,base_name-42917)
231	0.553311	FalseGround	Unlabelled	SPOkGoodGood	Alarm(_G_-ENTRY,mdir_name-42743)
232	0.552694	FalseGround	Unlabelled	SPOkGoodGood	Alarm(_G_-ENTRY,base_name-42914)
233	0.552694	FalseGround	Unlabelled	SPOkGoodGood	Alarm(_G_-ENTRY,base_name-42915)
234	0.537147	FalseGround	Unlabelled	SPOkGoodGood	Alarm(_G_-ENTRY,check_extension-43010)
235	0.537147	FalseGround	Unlabelled	SPOkGoodGood	Alarm(_G_-ENTRY,check_extension-43011)
236	0.531441	FalseGround	Unlabelled	SPOkGoodGood	Alarm(_G_-ENTRY,merge_hunk-43915)
237	0.531441	FalseGround	Unlabelled	SPOkGoodGood	Alarm(_G_-ENTRY,merge_hunk-43916)
238	0.531441	FalseGround	Unlabelled	SPOkGoodGood	Alarm(_G_-ENTRY,merge_hunk-43917)
239	0.531441	FalseGround	Unlabelled	SPOkGoodGood	Alarm(_G_-ENTRY,merge_hunk-43918)
240	0.531441	FalseGround	Unlabelled	SPOkGoodGood	Alarm(_G_-ENTRY,merge_hunk-43919)
241	0.531441	FalseGround	Unlabelled	SPOkGoodGood	Alarm(_G_-ENTRY,merge_hunk-43920)
242	0.531441	FalseGround	Unlabelled	SPOkGoodGood	Alarm(_G_-ENTRY,merge_hunk-43921)
243	0.531441	FalseGround	Unlabelled	SPOkGoodGood	Alarm(_G_-ENTRY,merge_hunk-43922)
244	0.531441	FalseGround	Unlabelled	SPOkGoodGood	Alarm(_G_-ENTRY,merge_hunk-43923)
245	0.531441	FalseGround	Unlabelled	SPOkGoodGood	Alarm(_G_-ENTRY,merge_hunk-43924)
246	0.531441	FalseGround	Unlabelled	SPOkGoodGood	Alarm(_G_-ENTRY,merge_hunk-43945)
247	0.531441	FalseGround	Unlabelled	SPOkGoodGood	Alarm(_G_-ENTRY,merge_hunk-43946)
248	0.531441	FalseGround	Unlabelled	SPOkGoodGood	Alarm(_G_-ENTRY,merge_hunk-43955)
249	0.531441	FalseGround	Unlabelled	SPOkGoodGood	Alarm(_G_-ENTRY,merge_hunk-43956)
250	0.531441	FalseGround	Unlabelled	SPOkGoodGood	Alarm(_G_-ENTRY,merge_hunk-43973)
251	0.531441	FalseGround	Unlabelled	SPOkGoodGood	Alarm(_G_-ENTRY,merge_hunk-43974)
252	0.531441	FalseGround	Unlabelled	SPOkGoodGood	Alarm(_G_-ENTRY,merge_hunk-43989)
253	0.531441	FalseGround	Unlabelled	SPOkGoodGood	Alarm(_G_-ENTRY,merge_hunk-43990)
254	0.531441	FalseGround	Unlabelled	SPOkGoodGood	Alarm(_G_-ENTRY,merge_hunk-44059)
255	0.531441	FalseGround	Unlabelled	SPOkGoodGood	Alarm(_G_-ENTRY,merge_hunk-44061)
256	0.531441	FalseGround	Unlabelled	SPOkGoodGood	Alarm(_G_-ENTRY,numbered_backup-43122)
257	0.531441	FalseGround	Unlabelled	SPOkGoodGood	Alarm(_G_-ENTRY,pch_normalize-49677)
258	0.528388	FalseGround	Unlabelled	SPOkGoodGood	Alarm(_G_-ENTRY,quotearg_buffer_restyled-38892)
259	0.528388	FalseGround	Unlabelled	SPOkGoodGood	Alarm(_G_-ENTRY,quotearg_buffer_restyled-38893)
260	0.495011	FalseGround	Unlabelled	SPOkGoodGood	Alarm(_G_-ENTRY,similar-52153)
261	0.495011	FalseGround	Unlabelled	SPOkGoodGood	Alarm(_G_-ENTRY,similar-52154)
262	0.483887	FalseGround	Unlabelled	SPOkGoodGood	Alarm(_G_-ENTRY,bestmatch-43405)
263	0.478297	FalseGround	Unlabelled	SPOkGoodGood	Alarm(_G_-ENTRY,another_hunk-47984)
264	0.478297	FalseGround	Unlabelled	SPOkGoodGood	Alarm(_G_-ENTRY,another_hunk-47985)
265	0.478297	FalseGround	Unlabelled	SPOkGoodGood	Alarm(_G_-ENTRY,another_hunk-47986)
266	0.478297	FalseGround	Unlabelled	SPOkGoodGood	Alarm(_G_-ENTRY,another_hunk-47987)
267	0.478297	FalseGround	Unlabelled	SPOkGoodGood	Alarm(_G_-ENTRY,another_hunk-47988)
268	0.478297	FalseGround	Unlabelled	SPOkGoodGood	Alarm(_G_-ENTRY,another_hunk-47989)
269	0.478297	FalseGround	Unlabelled	SPOkGoodGood	Alarm(_G_-ENTRY,another_hunk-48471)
270	0.478297	FalseGround	Unlabelled	SPOkGoodGood	Alarm(_G_-ENTRY,get_some_switches-51090)
271	0.478297	FalseGround	Unlabelled	SPOkGoodGood	Alarm(_G_-ENTRY,get_some_switches-51092)
272	0.478297	FalseGround	Unlabelled	SPOkGoodGood	Alarm(_G_-ENTRY,merge_hunk-44060)
273	0.478297	FalseGround	Unlabelled	SPOkGoodGood	Alarm(_G_-ENTRY,pch_normalize-49626)
274	0.478297	FalseGround	Unlabelled	SPOkGoodGood	Alarm(_G_-ENTRY,pch_normalize-49627)
275	0.478297	FalseGround	Unlabelled	SPOkGoodGood	Alarm(_G_-ENTRY,pch_normalize-49628)
276	0.478297	FalseGround	Unlabelled	SPOkGoodGood	Alarm(_G_-ENTRY,pch_normalize-49629)
277	0.478297	FalseGround	Unlabelled	SPOkGoodGood	Alarm(_G_-ENTRY,pch_normalize-49666)
278	0.478297	FalseGround	Unlabelled	SPOkGoodGood	Alarm(_G_-ENTRY,pch_normalize-49667)
279	0.478297	FalseGround	Unlabelled	SPOkGoodGood	Alarm(_G_-ENTRY,replace_slashes-45802)
280	0.478297	FalseGround	Unlabelled	SPOkGoodGood	Alarm(_G_-ENTRY,replace_slashes-45803)
281	0.471684	FalseGround	Unlabelled	SPOkGoodGood	Alarm(_G_-ENTRY,numeric_string-51183)
282	0.471684	FalseGround	Unlabelled	SPOkGoodGood	Alarm(_G_-ENTRY,numeric_string-51184)
283	0.456503	FalseGround	Unlabelled	SPOkGoodGood	Alarm(_G_-ENTRY,parse_datetime-41133)
284	0.456503	FalseGround	Unlabelled	SPOkGoodGood	Alarm(_G_-ENTRY,parse_datetime-41136)
285	0.445913	FalseGround	Unlabelled	SPOkGoodGood	Alarm(_G_-ENTRY,plan_a-52643)
286	0.445913	FalseGround	Unlabelled	SPOkGoodGood	Alarm(_G_-ENTRY,plan_a-52644)
287	0.43626	FalseGround	Unlabelled	SPOkGoodGood	Alarm(_G_-ENTRY,mdir_name-42739)
288	0.433036	FalseGround	Unlabelled	SPOkGoodGood	Alarm(_G_-ENTRY,get_version-40588)
289	0.430529	FalseGround	Unlabelled	SPOkGoodGood	Alarm(_G_-ENTRY,format_linenum-45533)
290	0.430467	FalseGround	Unlabelled	SPOkGoodGood	Alarm(_G_-ENTRY,last_component-42930)
291	0.430467	FalseGround	Unlabelled	SPOkGoodGood	Alarm(_G_-ENTRY,last_component-42931)
292	0.430467	FalseGround	Unlabelled	SPOkGoodGood	Alarm(_G_-ENTRY,last_component-42934)
293	0.430467	FalseGround	Unlabelled	SPOkGoodGood	Alarm(_G_-ENTRY,last_component-42935)
294	0.430467	FalseGround	Unlabelled	SPOkGoodGood	Alarm(_G_-ENTRY,transfer_entries-41920)
295	0.422115	FalseGround	Unlabelled	SPOkGoodGood	Alarm(_G_-ENTRY,ask-45633)
296	0.407714	FalseGround	Unlabelled	SPOkGoodGood	Alarm(_G_-ENTRY,similar-52133)
297	0.407714	FalseGround	Unlabelled	SPOkGoodGood	Alarm(_G_-ENTRY,similar-52134)
298	0.407714	FalseGround	Unlabelled	SPOkGoodGood	Alarm(_G_-ENTRY,similar-52135)
299	0.407714	FalseGround	Unlabelled	SPOkGoodGood	Alarm(_G_-ENTRY,similar-52136)
300	0.407184	FalseGround	Unlabelled	SPOkGoodGood	Alarm(_G_-ENTRY,removedirs-45851)
301	0.407184	FalseGround	Unlabelled	SPOkGoodGood	Alarm(_G_-ENTRY,removedirs-45852)
302	0.388911	FalseGround	Unlabelled	SPOkGoodGood	Alarm(_G_-ENTRY,parse_datetime-41016)
303	0.388911	FalseGround	Unlabelled	SPOkGoodGood	Alarm(_G_-ENTRY,parse_datetime-41017)
304	0.388911	FalseGround	Unlabelled	SPOkGoodGood	Alarm(_G_-ENTRY,parse_datetime-41018)
305	0.388911	FalseGround	Unlabelled	SPOkGoodGood	Alarm(_G_-ENTRY,parse_datetime-41019)
306	0.388911	FalseGround	Unlabelled	SPOkGoodGood	Alarm(_G_-ENTRY,parse_datetime-41024)
307	0.388911	FalseGround	Unlabelled	SPOkGoodGood	Alarm(_G_-ENTRY,parse_datetime-41025)
308	0.373623	FalseGround	Unlabelled	SPOkGoodGood	Alarm(_G_-ENTRY,bestmatch-43408)
309	0.370646	FalseGround	Unlabelled	SPOkGoodGood	Alarm(_G_-ENTRY,removedirs-45872)
310	0.347801	FalseGround	Unlabelled	SPOkGoodGood	Alarm(_G_-ENTRY,get_charset_aliases-41424)
311	0.34655	FalseGround	Unlabelled	SPOkGoodGood	Alarm(_G_-ENTRY,parse_datetime-41115)
312	0.334409	FalseGround	Unlabelled	SPOkGoodGood	Alarm(_G_-ENTRY,yyparse-40386)
313	0.334409	FalseGround	Unlabelled	SPOkGoodGood	Alarm(_G_-ENTRY,yyparse-40565)
314	0.334125	FalseGround	Unlabelled	SPOkGoodGood	Alarm(_G_-ENTRY,removedirs-45853)
315	0.334125	FalseGround	Unlabelled	SPOkGoodGood	Alarm(_G_-ENTRY,removedirs-45854)
316	0.32876	FalseGround	Unlabelled	SPOkGoodGood	Alarm(_G_-ENTRY,check_extension-43015)
317	0.313811	FalseGround	Unlabelled	SPOkGoodGood	Alarm(_G_-ENTRY,get_charset_aliases-41425)
318	0.313811	FalseGround	Unlabelled	SPOkGoodGood	Alarm(_G_-ENTRY,tolower-38294)
319	0.313811	FalseGround	Unlabelled	SPOkGoodGood	Alarm(_G_-ENTRY,toupper-38303)
320	0.302203	FalseGround	Unlabelled	SPOkGoodGood	Alarm(_G_-ENTRY,diag-43541)
321	0.302203	FalseGround	Unlabelled	SPOkGoodGood	Alarm(_G_-ENTRY,diag-43542)
322	0.301364	FalseGround	Unlabelled	SPOkGoodGood	Alarm(_G_-ENTRY,bestmatch-43414)
323	0.301364	FalseGround	Unlabelled	SPOkGoodGood	Alarm(_G_-ENTRY,bestmatch-43415)
324	0.300223	FalseGround	Unlabelled	SPOkGoodGood	Alarm(_G_-ENTRY,removedirs-45857)
325	0.300223	FalseGround	Unlabelled	SPOkGoodGood	Alarm(_G_-ENTRY,removedirs-45858)
326	0.300223	FalseGround	Unlabelled	SPOkGoodGood	Alarm(_G_-ENTRY,removedirs-45859)
327	0.300223	FalseGround	Unlabelled	SPOkGoodGood	Alarm(_G_-ENTRY,removedirs-45860)
328	0.300223	FalseGround	Unlabelled	SPOkGoodGood	Alarm(_G_-ENTRY,removedirs-45863)
329	0.300223	FalseGround	Unlabelled	SPOkGoodGood	Alarm(_G_-ENTRY,removedirs-45864)
330	0.254187	FalseGround	Unlabelled	SPOkGoodGood	Alarm(_G_-ENTRY,compareseq-43708)
331	0.254187	FalseGround	Unlabelled	SPOkGoodGood	Alarm(_G_-ENTRY,compareseq-43710)
332	0.254187	FalseGround	Unlabelled	SPOkGoodGood	Alarm(_G_-ENTRY,get_some_switches-51006)
333	0.239603	FalseGround	Unlabelled	SPOkGoodGood	Alarm(_G_-ENTRY,get_charset_aliases-41373)
334	0.239603	FalseGround	Unlabelled	SPOkGoodGood	Alarm(_G_-ENTRY,get_charset_aliases-41374)
335	0.228768	FalseGround	Unlabelled	SPOkGoodGood	Alarm(_G_-ENTRY,dir_len-42718)
336	0.228768	FalseGround	Unlabelled	SPOkGoodGood	Alarm(_G_-ENTRY,dir_len-42719)
337	0.216172	FalseGround	Unlabelled	SPOkGoodGood	Alarm(_G_-ENTRY,get_some_switches-50955)
338	0.216172	FalseGround	Unlabelled	SPOkGoodGood	Alarm(_G_-ENTRY,get_some_switches-50957)
339	0.216172	FalseGround	Unlabelled	SPOkGoodGood	Alarm(_G_-ENTRY,get_some_switches-50959)
340	0.216172	FalseGround	Unlabelled	SPOkGoodGood	Alarm(_G_-ENTRY,get_some_switches-50961)
341	0.216172	FalseGround	Unlabelled	SPOkGoodGood	Alarm(_G_-ENTRY,get_some_switches-50963)
342	0.216172	FalseGround	Unlabelled	SPOkGoodGood	Alarm(_G_-ENTRY,get_some_switches-50965)
343	0.216172	FalseGround	Unlabelled	SPOkGoodGood	Alarm(_G_-ENTRY,get_some_switches-51003)
344	0.202137	FalseGround	Unlabelled	SPOkGoodGood	Alarm(_G_-ENTRY,similar-52117)
345	0.202137	FalseGround	Unlabelled	SPOkGoodGood	Alarm(_G_-ENTRY,similar-52118)
346	0.20152	FalseGround	Unlabelled	SPOkGoodGood	Alarm(_G_-ENTRY,transfer_entries-41894)
347	0.20152	FalseGround	Unlabelled	SPOkGoodGood	Alarm(_G_-ENTRY,transfer_entries-41904)
348	0.20152	FalseGround	Unlabelled	SPOkGoodGood	Alarm(_G_-ENTRY,transfer_entries-41905)
349	0.194555	FalseGround	Unlabelled	SPOkGoodGood	Alarm(_G_-ENTRY,numeric_string-51171)
350	0.194555	FalseGround	Unlabelled	SPOkGoodGood	Alarm(_G_-ENTRY,numeric_string-51172)
351	0.187319	FalseGround	Unlabelled	SPOkGoodGood	Alarm(_G_-ENTRY,bestmatch-43421)
352	0.180773	FalseGround	Unlabelled	SPOkGoodGood	Alarm(_G_-ENTRY,strcaseeq0-38286)
353	0.175076	FalseGround	Unlabelled	SPOkGoodGood	Alarm(_G_-ENTRY,bestmatch-43411)
354	0.171797	FalseGround	Unlabelled	SPOkGoodGood	Alarm(_G_-ENTRY,ask-45602)
355	0.171797	FalseGround	Unlabelled	SPOkGoodGood	Alarm(_G_-ENTRY,ask-45603)
356	0.16471	FalseGround	Unlabelled	SPOkGoodGood	Alarm(_G_-ENTRY,quote_system_arg-45127)
357	0.163231	FalseGround	Unlabelled	SPOkGoodGood	Alarm(_G_-ENTRY,transfer_entries-41879)
358	0.163231	FalseGround	Unlabelled	SPOkGoodGood	Alarm(_G_-ENTRY,transfer_entries-41880)
359	0.163188	FalseGround	Unlabelled	SPOkGoodGood	Alarm(_G_-ENTRY,quotearg_buffer_restyled-38442)
360	0.163188	FalseGround	Unlabelled	SPOkGoodGood	Alarm(_G_-ENTRY,quotearg_buffer_restyled-38443)
361	0.163188	FalseGround	Unlabelled	SPOkGoodGood	Alarm(_G_-ENTRY,quotearg_buffer_restyled-38706)
362	0.163188	FalseGround	Unlabelled	SPOkGoodGood	Alarm(_G_-ENTRY,quotearg_buffer_restyled-38707)
363	0.163188	FalseGround	Unlabelled	SPOkGoodGood	Alarm(_G_-ENTRY,quotearg_buffer_restyled-38708)
364	0.163188	FalseGround	Unlabelled	SPOkGoodGood	Alarm(_G_-ENTRY,quotearg_buffer_restyled-38709)
365	0.163188	FalseGround	Unlabelled	SPOkGoodGood	Alarm(_G_-ENTRY,quotearg_buffer_restyled-38744)
366	0.163188	FalseGround	Unlabelled	SPOkGoodGood	Alarm(_G_-ENTRY,quotearg_buffer_restyled-38745)
367	0.163188	FalseGround	Unlabelled	SPOkGoodGood	Alarm(_G_-ENTRY,quotearg_buffer_restyled-38746)
368	0.163188	FalseGround	Unlabelled	SPOkGoodGood	Alarm(_G_-ENTRY,quotearg_buffer_restyled-38747)
369	0.163188	FalseGround	Unlabelled	SPOkGoodGood	Alarm(_G_-ENTRY,quotearg_buffer_restyled-38748)
370	0.163188	FalseGround	Unlabelled	SPOkGoodGood	Alarm(_G_-ENTRY,quotearg_buffer_restyled-38749)
371	0.163188	FalseGround	Unlabelled	SPOkGoodGood	Alarm(_G_-ENTRY,quotearg_buffer_restyled-38750)
372	0.163188	FalseGround	Unlabelled	SPOkGoodGood	Alarm(_G_-ENTRY,quotearg_buffer_restyled-38751)
373	0.163188	FalseGround	Unlabelled	SPOkGoodGood	Alarm(_G_-ENTRY,quotearg_buffer_restyled-38752)
374	0.163188	FalseGround	Unlabelled	SPOkGoodGood	Alarm(_G_-ENTRY,quotearg_buffer_restyled-38753)
375	0.163188	FalseGround	Unlabelled	SPOkGoodGood	Alarm(_G_-ENTRY,quotearg_buffer_restyled-38754)
376	0.163188	FalseGround	Unlabelled	SPOkGoodGood	Alarm(_G_-ENTRY,quotearg_buffer_restyled-38755)
377	0.163188	FalseGround	Unlabelled	SPOkGoodGood	Alarm(_G_-ENTRY,quotearg_buffer_restyled-38756)
378	0.163188	FalseGround	Unlabelled	SPOkGoodGood	Alarm(_G_-ENTRY,quotearg_buffer_restyled-38757)
379	0.163188	FalseGround	Unlabelled	SPOkGoodGood	Alarm(_G_-ENTRY,quotearg_buffer_restyled-38758)
380	0.163188	FalseGround	Unlabelled	SPOkGoodGood	Alarm(_G_-ENTRY,quotearg_buffer_restyled-38759)
381	0.163188	FalseGround	Unlabelled	SPOkGoodGood	Alarm(_G_-ENTRY,quotearg_buffer_restyled-38760)
382	0.163188	FalseGround	Unlabelled	SPOkGoodGood	Alarm(_G_-ENTRY,quotearg_buffer_restyled-38761)
383	0.163188	FalseGround	Unlabelled	SPOkGoodGood	Alarm(_G_-ENTRY,quotearg_buffer_restyled-38762)
384	0.163188	FalseGround	Unlabelled	SPOkGoodGood	Alarm(_G_-ENTRY,quotearg_buffer_restyled-38763)
385	0.163188	FalseGround	Unlabelled	SPOkGoodGood	Alarm(_G_-ENTRY,quotearg_buffer_restyled-38818)
386	0.163188	FalseGround	Unlabelled	SPOkGoodGood	Alarm(_G_-ENTRY,quotearg_buffer_restyled-38819)
387	0.163188	FalseGround	Unlabelled	SPOkGoodGood	Alarm(_G_-ENTRY,quotearg_buffer_restyled-38826)
388	0.163188	FalseGround	Unlabelled	SPOkGoodGood	Alarm(_G_-ENTRY,quotearg_buffer_restyled-38827)
389	0.163188	FalseGround	Unlabelled	SPOkGoodGood	Alarm(_G_-ENTRY,quotearg_buffer_restyled-38828)
390	0.163188	FalseGround	Unlabelled	SPOkGoodGood	Alarm(_G_-ENTRY,quotearg_buffer_restyled-38829)
391	0.163188	FalseGround	Unlabelled	SPOkGoodGood	Alarm(_G_-ENTRY,quotearg_buffer_restyled-38830)
392	0.163188	FalseGround	Unlabelled	SPOkGoodGood	Alarm(_G_-ENTRY,quotearg_buffer_restyled-38831)
393	0.163188	FalseGround	Unlabelled	SPOkGoodGood	Alarm(_G_-ENTRY,quotearg_buffer_restyled-38832)
394	0.163188	FalseGround	Unlabelled	SPOkGoodGood	Alarm(_G_-ENTRY,quotearg_buffer_restyled-38833)
395	0.163188	FalseGround	Unlabelled	SPOkGoodGood	Alarm(_G_-ENTRY,quotearg_buffer_restyled-38834)
396	0.163188	FalseGround	Unlabelled	SPOkGoodGood	Alarm(_G_-ENTRY,quotearg_buffer_restyled-38835)
397	0.144582	FalseGround	Unlabelled	SPOkGoodGood	Alarm(_G_-ENTRY,there_is_another_patch-46577)
398	0.144582	FalseGround	Unlabelled	SPOkGoodGood	Alarm(_G_-ENTRY,there_is_another_patch-46578)
399	0.141811	FalseGround	Unlabelled	SPOkGoodGood	Alarm(_G_-ENTRY,bestmatch-43365)
400	0.141811	FalseGround	Unlabelled	SPOkGoodGood	Alarm(_G_-ENTRY,bestmatch-43366)
401	0.137987	FalseGround	Unlabelled	SPOkGoodGood	Alarm(_G_-ENTRY,main-50140)
402	0.137987	FalseGround	Unlabelled	SPOkGoodGood	Alarm(_G_-ENTRY,main-50141)
403	0.135085	FalseGround	Unlabelled	SPOkGoodGood	Alarm(_G_-ENTRY,diag-43660)
404	0.135085	FalseGround	Unlabelled	SPOkGoodGood	Alarm(_G_-ENTRY,get_charset_aliases-41451)
405	0.135085	FalseGround	Unlabelled	SPOkGoodGood	Alarm(_G_-ENTRY,get_charset_aliases-41452)
406	0.135085	FalseGround	Unlabelled	SPOkGoodGood	Alarm(_G_-ENTRY,get_charset_aliases-41455)
407	0.135085	FalseGround	Unlabelled	SPOkGoodGood	Alarm(_G_-ENTRY,get_tz-40973)
408	0.129365	FalseGround	Unlabelled	SPOkGoodGood	Alarm(_G_-ENTRY,mdir_name-42742)
409	0.110698	FalseGround	Unlabelled	SPOkGoodGood	Alarm(_G_-ENTRY,removedirs-45850)
410	0.109419	FalseGround	Unlabelled	SPOkGoodGood	Alarm(_G_-ENTRY,diag-43533)
411	0.109419	FalseGround	Unlabelled	SPOkGoodGood	Alarm(_G_-ENTRY,diag-43534)
412	0.109419	FalseGround	Unlabelled	SPOkGoodGood	Alarm(_G_-ENTRY,parse_datetime-41012)
413	0.109419	FalseGround	Unlabelled	SPOkGoodGood	Alarm(_G_-ENTRY,parse_datetime-41013)
414	0.109419	FalseGround	Unlabelled	SPOkGoodGood	Alarm(_G_-ENTRY,parse_datetime-41014)
415	0.109419	FalseGround	Unlabelled	SPOkGoodGood	Alarm(_G_-ENTRY,parse_datetime-41015)
416	0.109419	FalseGround	Unlabelled	SPOkGoodGood	Alarm(_G_-ENTRY,parse_datetime-41020)
417	0.109419	FalseGround	Unlabelled	SPOkGoodGood	Alarm(_G_-ENTRY,parse_datetime-41021)
418	0.109419	FalseGround	Unlabelled	SPOkGoodGood	Alarm(_G_-ENTRY,parse_datetime-41030)
419	0.109419	FalseGround	Unlabelled	SPOkGoodGood	Alarm(_G_-ENTRY,parse_datetime-41031)
420	0.107335	FalseGround	Unlabelled	SPOkGoodGood	Alarm(_G_-ENTRY,diag-43648)
421	0.100592	FalseGround	Unlabelled	SPOkGoodGood	Alarm(_G_-ENTRY,main-50456)
422	0.0901667	FalseGround	Unlabelled	SPOkGoodGood	Alarm(_G_-ENTRY,replace_slashes-45810)
423	0.0897683	FalseGround	Unlabelled	SPOkGoodGood	Alarm(_G_-ENTRY,removedirs-45849)
424	0.0842302	FalseGround	Unlabelled	SPOkGoodGood	Alarm(_G_-ENTRY,similar-52139)
425	0.0842302	FalseGround	Unlabelled	SPOkGoodGood	Alarm(_G_-ENTRY,similar-52140)
426	0.0842302	FalseGround	Unlabelled	SPOkGoodGood	Alarm(_G_-ENTRY,similar-52141)
427	0.0842302	FalseGround	Unlabelled	SPOkGoodGood	Alarm(_G_-ENTRY,similar-52142)
428	0.0827217	FalseGround	Unlabelled	SPOkGoodGood	Alarm(_G_-ENTRY,quotearg_buffer_restyled-38872)
429	0.0827217	FalseGround	Unlabelled	SPOkGoodGood	Alarm(_G_-ENTRY,quotearg_buffer_restyled-38873)
430	0.071013	FalseGround	Unlabelled	SPOkGoodGood	Alarm(_G_-ENTRY,yylex-40941)
431	0.0471013	FalseGround	Unlabelled	SPOkGoodGood	Alarm(_G_-ENTRY,parse_datetime-41138)
432	0.0471013	FalseGround	Unlabelled	SPOkGoodGood	Alarm(_G_-ENTRY,plan_b-52839)
433	0.045858	FalseGround	Unlabelled	SPOkGoodGood	Alarm(_G_-ENTRY,replace_slashes-45811)
434	0.0436061	FalseGround	Unlabelled	SPOkGoodGood	Alarm(_G_-ENTRY,locale_charset-41513)
435	0.0436061	FalseGround	Unlabelled	SPOkGoodGood	Alarm(_G_-ENTRY,locale_charset-41514)
436	0.0436061	FalseGround	Unlabelled	SPOkGoodGood	Alarm(_G_-ENTRY,locale_charset-41515)
437	0.0436061	FalseGround	Unlabelled	SPOkGoodGood	Alarm(_G_-ENTRY,locale_charset-41516)
438	0.0433713	FalseGround	Unlabelled	SPOkGoodGood	Alarm(_G_-ENTRY,pch_swap-49355)
439	0.0423895	FalseGround	Unlabelled	SPOkGoodGood	Alarm(_G_-ENTRY,pch_swap-49357)
440	0.0384038	FalseGround	Unlabelled	SPOkGoodGood	Alarm(_G_-ENTRY,replace_slashes-45804)
441	0.0384038	FalseGround	Unlabelled	SPOkGoodGood	Alarm(_G_-ENTRY,replace_slashes-45805)
442	0.038152	FalseGround	Unlabelled	SPOkGoodGood	Alarm(_G_-ENTRY,diag-43560)
443	0.038152	FalseGround	Unlabelled	SPOkGoodGood	Alarm(_G_-ENTRY,diag-43561)
444	0.0362622	FalseGround	Unlabelled	SPOkGoodGood	Alarm(_G_-ENTRY,get_charset_aliases-41369)
445	0.0362622	FalseGround	Unlabelled	SPOkGoodGood	Alarm(_G_-ENTRY,get_charset_aliases-41370)
446	0.0315565	FalseGround	Unlabelled	SPOkGoodGood	Alarm(_G_-ENTRY,pch_swap-49364)
447	0.0315565	FalseGround	Unlabelled	SPOkGoodGood	Alarm(_G_-ENTRY,pch_swap-49365)
448	0.0289893	FalseGround	Unlabelled	SPOkGoodGood	Alarm(_G_-ENTRY,pch_swap-49363)
449	0.0251896	FalseGround	Unlabelled	SPOkGoodGood	Alarm(_G_-ENTRY,strcaseeq1-38279)
450	0.0184279	FalseGround	Unlabelled	SPOkGoodGood	Alarm(_G_-ENTRY,replace_slashes-45806)
451	0.0184279	FalseGround	Unlabelled	SPOkGoodGood	Alarm(_G_-ENTRY,replace_slashes-45807)
452	0.0175318	FalseGround	Unlabelled	SPOkGoodGood	Alarm(_G_-ENTRY,yylex-40944)
453	0.0160974	FalseGround	Unlabelled	SPOkGoodGood	Alarm(_G_-ENTRY,pch_swap-49305)
454	0.0160974	FalseGround	Unlabelled	SPOkGoodGood	Alarm(_G_-ENTRY,pch_swap-49306)
455	0.0107753	FalseGround	Unlabelled	SPOkGoodGood	Alarm(_G_-ENTRY,diag-43565)
456	0.0107753	FalseGround	Unlabelled	SPOkGoodGood	Alarm(_G_-ENTRY,diag-43568)
457	0.0107753	FalseGround	Unlabelled	SPOkGoodGood	Alarm(_G_-ENTRY,diag-43571)
458	0.0107753	FalseGround	Unlabelled	SPOkGoodGood	Alarm(_G_-ENTRY,diag-43572)
459	0.0107753	FalseGround	Unlabelled	SPOkGoodGood	Alarm(_G_-ENTRY,diag-43583)
460	0.0107753	FalseGround	Unlabelled	SPOkGoodGood	Alarm(_G_-ENTRY,diag-43590)
461	0.0107753	FalseGround	Unlabelled	SPOkGoodGood	Alarm(_G_-ENTRY,diag-43593)
462	0.0107753	FalseGround	Unlabelled	SPOkGoodGood	Alarm(_G_-ENTRY,diag-43596)
463	0.0107753	FalseGround	Unlabelled	SPOkGoodGood	Alarm(_G_-ENTRY,diag-43597)
464	0.0107753	FalseGround	Unlabelled	SPOkGoodGood	Alarm(_G_-ENTRY,diag-43608)
465	0.0107753	FalseGround	Unlabelled	SPOkGoodGood	Alarm(_G_-ENTRY,diag-43617)
466	0.0107753	FalseGround	Unlabelled	SPOkGoodGood	Alarm(_G_-ENTRY,diag-43633)
467	0.00872796	FalseGround	Unlabelled	SPOkGoodGood	Alarm(_G_-ENTRY,diag-43451)
468	0.00872796	FalseGround	Unlabelled	SPOkGoodGood	Alarm(_G_-ENTRY,diag-43452)
469	0.00872796	FalseGround	Unlabelled	SPOkGoodGood	Alarm(_G_-ENTRY,diag-43475)
470	0.00872796	FalseGround	Unlabelled	SPOkGoodGood	Alarm(_G_-ENTRY,diag-43476)
471	0.00741609	FalseGround	Unlabelled	SPOkGoodGood	Alarm(_G_-ENTRY,replace_slashes-45822)
472	0.00151094	FalseGround	Unlabelled	SPOkGoodGood	Alarm(_G_-ENTRY,strcaseeq2-38272)
473	0.00145743	FalseGround	Unlabelled	SPOkGoodGood	Alarm(_G_-ENTRY,replace_slashes-45812)
474	0.00145743	FalseGround	Unlabelled	SPOkGoodGood	Alarm(_G_-ENTRY,replace_slashes-45813)
475	0.00114245	FalseGround	Unlabelled	SPOkGoodGood	Alarm(_G_-ENTRY,merge_hunk-43963)
476	0.00114245	FalseGround	Unlabelled	SPOkGoodGood	Alarm(_G_-ENTRY,merge_hunk-43964)
477	0.00114245	FalseGround	Unlabelled	SPOkGoodGood	Alarm(_G_-ENTRY,merge_hunk-43967)
478	0.00114245	FalseGround	Unlabelled	SPOkGoodGood	Alarm(_G_-ENTRY,merge_hunk-43968)
479	0.00014642	FalseGround	Unlabelled	SPOkGoodGood	Alarm(_G_-ENTRY,set_program_name-39374)
480	0.0001186	FalseGround	Unlabelled	SPOkGoodGood	Alarm(_G_-ENTRY,set_program_name-39376)
481	3.90137e-05	FalseGround	Unlabelled	SPOkGoodGood	Alarm(_G_-ENTRY,strcaseeq3-38265)
482	4.33636e-07	FalseGround	Unlabelled	SPOkGoodGood	Alarm(_G_-ENTRY,strcaseeq4-38258)
483	2.47311e-08	FalseGround	Unlabelled	SPOkGoodGood	Alarm(_G_-ENTRY,get_some_switches-50954)
484	2.47311e-08	FalseGround	Unlabelled	SPOkGoodGood	Alarm(_G_-ENTRY,get_some_switches-50956)
485	2.47311e-08	FalseGround	Unlabelled	SPOkGoodGood	Alarm(_G_-ENTRY,get_some_switches-50958)
486	2.47311e-08	FalseGround	Unlabelled	SPOkGoodGood	Alarm(_G_-ENTRY,get_some_switches-50960)
487	2.47311e-08	FalseGround	Unlabelled	SPOkGoodGood	Alarm(_G_-ENTRY,get_some_switches-50962)
488	2.47311e-08	FalseGround	Unlabelled	SPOkGoodGood	Alarm(_G_-ENTRY,get_some_switches-50964)
489	1.6789e-08	FalseGround	Unlabelled	SPOkGoodGood	Alarm(_G_-ENTRY,replace_slashes-45820)
490	1.6789e-08	FalseGround	Unlabelled	SPOkGoodGood	Alarm(_G_-ENTRY,replace_slashes-45824)
491	2.07479e-09	FalseGround	Unlabelled	SPOkGoodGood	Alarm(_G_-ENTRY,strcaseeq5-38251)
492	4.27328e-12	FalseGround	Unlabelled	SPOkGoodGood	Alarm(_G_-ENTRY,strcaseeq6-38244)
493	3.7887e-15	FalseGround	Unlabelled	SPOkGoodGood	Alarm(_G_-ENTRY,strcaseeq7-38237)
494	1.44597e-18	FalseGround	Unlabelled	SPOkGoodGood	Alarm(_G_-ENTRY,strcaseeq8-38230)
495	0.0	FalseGround	NegLabel	SPOkGoodGood	Alarm(_G_-ENTRY,another_hunk-48040)
496	0.0	FalseGround	NegLabel	SPOkGoodGood	Alarm(_G_-ENTRY,check_line_endings-52093)
497	0.0	FalseGround	NegLabel	SPOkGoodGood	Alarm(_G_-ENTRY,copy_till-51986)
498	0.0	FalseGround	NegLabel	SPOkGoodGood	Alarm(_G_-ENTRY,get_charset_aliases-41423)
499	0.0	FalseGround	NegLabel	SPOkGoodGood	Alarm(_G_-ENTRY,main-49828)
500	0.0	FalseGround	NegLabel	SPOkGoodGood	Alarm(_G_-ENTRY,pch_swap-49354)
501	0.0	FalseGround	NegLabel	SPOkGoodGood	Alarm(_G_-ENTRY,yyparse-40353)
502	0.0	FalseGround	NegLabel	SPOkGoodGood	Alarm(_G_-ENTRY,yyparse-40403)
