Rank	Confidence	Ground	Label	Comments	Tuple
1	0.879113	FalseGround	Unlabelled	SPOkGoodGood	Alarm(_G_-ENTRY,yyparse-40353)
2	0.812598	FalseGround	Unlabelled	SPOkGoodGood	Alarm(_G_-ENTRY,get_charset_aliases-41423)
3	0.783834	FalseGround	Unlabelled	SPOkGoodGood	Alarm(_G_-ENTRY,yyparse-40403)
4	0.783834	FalseGround	Unlabelled	SPOkGoodGood	Alarm(_G_-ENTRY,yyparse-40409)
5	0.783834	FalseGround	Unlabelled	SPOkGoodGood	Alarm(_G_-ENTRY,yyparse-40470)
6	0.783834	FalseGround	Unlabelled	SPOkGoodGood	Alarm(_G_-ENTRY,yyparse-40476)
7	0.783834	FalseGround	Unlabelled	SPOkGoodGood	Alarm(_G_-ENTRY,yyparse-40482)
8	0.783834	FalseGround	Unlabelled	SPOkGoodGood	Alarm(_G_-ENTRY,yyparse-40488)
9	0.783834	FalseGround	Unlabelled	SPOkGoodGood	Alarm(_G_-ENTRY,yyparse-40494)
10	0.783834	FalseGround	Unlabelled	SPOkGoodGood	Alarm(_G_-ENTRY,yyparse-40500)
11	0.783834	FalseGround	Unlabelled	SPOkGoodGood	Alarm(_G_-ENTRY,yyparse-40502)
12	0.783834	FalseGround	Unlabelled	SPOkGoodGood	Alarm(_G_-ENTRY,yyparse-40503)
13	0.783834	FalseGround	Unlabelled	SPOkGoodGood	Alarm(_G_-ENTRY,yyparse-40505)
14	0.783834	FalseGround	Unlabelled	SPOkGoodGood	Alarm(_G_-ENTRY,yyparse-40506)
15	0.783834	FalseGround	Unlabelled	SPOkGoodGood	Alarm(_G_-ENTRY,yyparse-40510)
16	0.783834	FalseGround	Unlabelled	SPOkGoodGood	Alarm(_G_-ENTRY,yyparse-40512)
17	0.783834	FalseGround	Unlabelled	SPOkGoodGood	Alarm(_G_-ENTRY,yyparse-40514)
18	0.783834	FalseGround	Unlabelled	SPOkGoodGood	Alarm(_G_-ENTRY,yyparse-40516)
19	0.783834	FalseGround	Unlabelled	SPOkGoodGood	Alarm(_G_-ENTRY,yyparse-40518)
20	0.783834	FalseGround	Unlabelled	SPOkGoodGood	Alarm(_G_-ENTRY,yyparse-40520)
21	0.783834	FalseGround	Unlabelled	SPOkGoodGood	Alarm(_G_-ENTRY,yyparse-40523)
22	0.783834	FalseGround	Unlabelled	SPOkGoodGood	Alarm(_G_-ENTRY,yyparse-40525)
23	0.712251	FalseGround	Unlabelled	SPOkGoodGood	Alarm(_G_-ENTRY,yyparse-40390)
24	0.712251	FalseGround	Unlabelled	SPOkGoodGood	Alarm(_G_-ENTRY,yyparse-40399)
25	0.712251	FalseGround	Unlabelled	SPOkGoodGood	Alarm(_G_-ENTRY,yyparse-40401)
26	0.712251	FalseGround	Unlabelled	SPOkGoodGood	Alarm(_G_-ENTRY,yyparse-40405)
27	0.712251	FalseGround	Unlabelled	SPOkGoodGood	Alarm(_G_-ENTRY,yyparse-40407)
28	0.712251	FalseGround	Unlabelled	SPOkGoodGood	Alarm(_G_-ENTRY,yyparse-40412)
29	0.712251	FalseGround	Unlabelled	SPOkGoodGood	Alarm(_G_-ENTRY,yyparse-40420)
30	0.712251	FalseGround	Unlabelled	SPOkGoodGood	Alarm(_G_-ENTRY,yyparse-40422)
31	0.712251	FalseGround	Unlabelled	SPOkGoodGood	Alarm(_G_-ENTRY,yyparse-40423)
32	0.712251	FalseGround	Unlabelled	SPOkGoodGood	Alarm(_G_-ENTRY,yyparse-40433)
33	0.712251	FalseGround	Unlabelled	SPOkGoodGood	Alarm(_G_-ENTRY,yyparse-40435)
34	0.712251	FalseGround	Unlabelled	SPOkGoodGood	Alarm(_G_-ENTRY,yyparse-40436)
35	0.712251	FalseGround	Unlabelled	SPOkGoodGood	Alarm(_G_-ENTRY,yyparse-40437)
36	0.712251	FalseGround	Unlabelled	SPOkGoodGood	Alarm(_G_-ENTRY,yyparse-40438)
37	0.712251	FalseGround	Unlabelled	SPOkGoodGood	Alarm(_G_-ENTRY,yyparse-40439)
38	0.712251	FalseGround	Unlabelled	SPOkGoodGood	Alarm(_G_-ENTRY,yyparse-40440)
39	0.712251	FalseGround	Unlabelled	SPOkGoodGood	Alarm(_G_-ENTRY,yyparse-40441)
40	0.712251	FalseGround	Unlabelled	SPOkGoodGood	Alarm(_G_-ENTRY,yyparse-40442)
41	0.712251	FalseGround	Unlabelled	SPOkGoodGood	Alarm(_G_-ENTRY,yyparse-40443)
42	0.712251	FalseGround	Unlabelled	SPOkGoodGood	Alarm(_G_-ENTRY,yyparse-40445)
43	0.712251	FalseGround	Unlabelled	SPOkGoodGood	Alarm(_G_-ENTRY,yyparse-40446)
44	0.712251	FalseGround	Unlabelled	SPOkGoodGood	Alarm(_G_-ENTRY,yyparse-40448)
45	0.712251	FalseGround	Unlabelled	SPOkGoodGood	Alarm(_G_-ENTRY,yyparse-40449)
46	0.712251	FalseGround	Unlabelled	SPOkGoodGood	Alarm(_G_-ENTRY,yyparse-40450)
47	0.712251	FalseGround	Unlabelled	SPOkGoodGood	Alarm(_G_-ENTRY,yyparse-40452)
48	0.712251	FalseGround	Unlabelled	SPOkGoodGood	Alarm(_G_-ENTRY,yyparse-40454)
49	0.712251	FalseGround	Unlabelled	SPOkGoodGood	Alarm(_G_-ENTRY,yyparse-40455)
50	0.712251	FalseGround	Unlabelled	SPOkGoodGood	Alarm(_G_-ENTRY,yyparse-40456)
51	0.712251	FalseGround	Unlabelled	SPOkGoodGood	Alarm(_G_-ENTRY,yyparse-40458)
52	0.712251	FalseGround	Unlabelled	SPOkGoodGood	Alarm(_G_-ENTRY,yyparse-40460)
53	0.712251	FalseGround	Unlabelled	SPOkGoodGood	Alarm(_G_-ENTRY,yyparse-40461)
54	0.712251	FalseGround	Unlabelled	SPOkGoodGood	Alarm(_G_-ENTRY,yyparse-40462)
55	0.712251	FalseGround	Unlabelled	SPOkGoodGood	Alarm(_G_-ENTRY,yyparse-40463)
56	0.712251	FalseGround	Unlabelled	SPOkGoodGood	Alarm(_G_-ENTRY,yyparse-40464)
57	0.712251	FalseGround	Unlabelled	SPOkGoodGood	Alarm(_G_-ENTRY,yyparse-40465)
58	0.712251	FalseGround	Unlabelled	SPOkGoodGood	Alarm(_G_-ENTRY,yyparse-40466)
59	0.712251	FalseGround	Unlabelled	SPOkGoodGood	Alarm(_G_-ENTRY,yyparse-40468)
60	0.712251	FalseGround	Unlabelled	SPOkGoodGood	Alarm(_G_-ENTRY,yyparse-40474)
61	0.712251	FalseGround	Unlabelled	SPOkGoodGood	Alarm(_G_-ENTRY,yyparse-40480)
62	0.712251	FalseGround	Unlabelled	SPOkGoodGood	Alarm(_G_-ENTRY,yyparse-40484)
63	0.712251	FalseGround	Unlabelled	SPOkGoodGood	Alarm(_G_-ENTRY,yyparse-40486)
64	0.712251	FalseGround	Unlabelled	SPOkGoodGood	Alarm(_G_-ENTRY,yyparse-40492)
65	0.712251	FalseGround	Unlabelled	SPOkGoodGood	Alarm(_G_-ENTRY,yyparse-40498)
66	0.712251	FalseGround	Unlabelled	SPOkGoodGood	Alarm(_G_-ENTRY,yyparse-40522)
67	0.712251	FalseGround	Unlabelled	SPOkGoodGood	Alarm(_G_-ENTRY,yyparse-40527)
68	0.712251	FalseGround	Unlabelled	SPOkGoodGood	Alarm(_G_-ENTRY,yyparse-40528)
69	0.712251	FalseGround	Unlabelled	SPOkGoodGood	Alarm(_G_-ENTRY,yyparse-40529)
70	0.712251	FalseGround	Unlabelled	SPOkGoodGood	Alarm(_G_-ENTRY,yyparse-40531)
71	0.625515	FalseGround	Unlabelled	SPOkGoodGood	Alarm(_G_-ENTRY,yyparse-40301)
72	0.625515	FalseGround	Unlabelled	SPOkGoodGood	Alarm(_G_-ENTRY,yyparse-40302)
73	0.576821	FalseGround	Unlabelled	SPOkGoodGood	Alarm(_G_-ENTRY,another_hunk-48074)
74	0.576821	FalseGround	Unlabelled	SPOkGoodGood	Alarm(_G_-ENTRY,another_hunk-48075)
75	0.576821	FalseGround	Unlabelled	SPOkGoodGood	Alarm(_G_-ENTRY,another_hunk-48076)
76	0.576821	FalseGround	Unlabelled	SPOkGoodGood	Alarm(_G_-ENTRY,another_hunk-48077)
77	0.574012	FalseGround	Unlabelled	SPOkGoodGood	Alarm(_G_-ENTRY,yyparse-40400)
78	0.574012	FalseGround	Unlabelled	SPOkGoodGood	Alarm(_G_-ENTRY,yyparse-40402)
79	0.574012	FalseGround	Unlabelled	SPOkGoodGood	Alarm(_G_-ENTRY,yyparse-40404)
80	0.574012	FalseGround	Unlabelled	SPOkGoodGood	Alarm(_G_-ENTRY,yyparse-40413)
81	0.574012	FalseGround	Unlabelled	SPOkGoodGood	Alarm(_G_-ENTRY,yyparse-40414)
82	0.574012	FalseGround	Unlabelled	SPOkGoodGood	Alarm(_G_-ENTRY,yyparse-40416)
83	0.574012	FalseGround	Unlabelled	SPOkGoodGood	Alarm(_G_-ENTRY,yyparse-40417)
84	0.574012	FalseGround	Unlabelled	SPOkGoodGood	Alarm(_G_-ENTRY,yyparse-40419)
85	0.574012	FalseGround	Unlabelled	SPOkGoodGood	Alarm(_G_-ENTRY,yyparse-40424)
86	0.574012	FalseGround	Unlabelled	SPOkGoodGood	Alarm(_G_-ENTRY,yyparse-40425)
87	0.574012	FalseGround	Unlabelled	SPOkGoodGood	Alarm(_G_-ENTRY,yyparse-40426)
88	0.574012	FalseGround	Unlabelled	SPOkGoodGood	Alarm(_G_-ENTRY,yyparse-40428)
89	0.574012	FalseGround	Unlabelled	SPOkGoodGood	Alarm(_G_-ENTRY,yyparse-40430)
90	0.574012	FalseGround	Unlabelled	SPOkGoodGood	Alarm(_G_-ENTRY,yyparse-40431)
91	0.574012	FalseGround	Unlabelled	SPOkGoodGood	Alarm(_G_-ENTRY,yyparse-40432)
92	0.574012	FalseGround	Unlabelled	SPOkGoodGood	Alarm(_G_-ENTRY,yyparse-40434)
93	0.574012	FalseGround	Unlabelled	SPOkGoodGood	Alarm(_G_-ENTRY,yyparse-40444)
94	0.574012	FalseGround	Unlabelled	SPOkGoodGood	Alarm(_G_-ENTRY,yyparse-40447)
95	0.574012	FalseGround	Unlabelled	SPOkGoodGood	Alarm(_G_-ENTRY,yyparse-40451)
96	0.574012	FalseGround	Unlabelled	SPOkGoodGood	Alarm(_G_-ENTRY,yyparse-40453)
97	0.574012	FalseGround	Unlabelled	SPOkGoodGood	Alarm(_G_-ENTRY,yyparse-40457)
98	0.574012	FalseGround	Unlabelled	SPOkGoodGood	Alarm(_G_-ENTRY,yyparse-40459)
99	0.574012	FalseGround	Unlabelled	SPOkGoodGood	Alarm(_G_-ENTRY,yyparse-40563)
100	0.574012	FalseGround	Unlabelled	SPOkGoodGood	Alarm(_G_-ENTRY,yyparse-40597)
101	0.572604	FalseGround	Unlabelled	SPOkGoodGood	Alarm(_G_-ENTRY,another_hunk-48903)
102	0.499758	FalseGround	Unlabelled	SPOkGoodGood	Alarm(_G_-ENTRY,check_extension-43010)
103	0.499758	FalseGround	Unlabelled	SPOkGoodGood	Alarm(_G_-ENTRY,check_extension-43011)
104	0.499758	FalseGround	Unlabelled	SPOkGoodGood	Alarm(_G_-ENTRY,get_charset_aliases-41424)
105	0.499758	FalseGround	Unlabelled	SPOkGoodGood	Alarm(_G_-ENTRY,numeric_string-51199)
106	0.495011	FalseGround	Unlabelled	SPOkGoodGood	Alarm(_G_-ENTRY,similar-52153)
107	0.495011	FalseGround	Unlabelled	SPOkGoodGood	Alarm(_G_-ENTRY,similar-52154)
108	0.494448	FalseGround	Unlabelled	SPOkGoodGood	Alarm(_G_-ENTRY,another_hunk-48040)
109	0.494448	FalseGround	Unlabelled	SPOkGoodGood	Alarm(_G_-ENTRY,another_hunk-48041)
110	0.494448	FalseGround	Unlabelled	SPOkGoodGood	Alarm(_G_-ENTRY,another_hunk-48042)
111	0.494448	FalseGround	Unlabelled	SPOkGoodGood	Alarm(_G_-ENTRY,another_hunk-48043)
112	0.489985	FalseGround	Unlabelled	SPOkGoodGood	Alarm(_G_-ENTRY,get_charset_aliases-41373)
113	0.489985	FalseGround	Unlabelled	SPOkGoodGood	Alarm(_G_-ENTRY,get_charset_aliases-41374)
114	0.469764	FalseGround	Unlabelled	SPOkGoodGood	Alarm(_G_-ENTRY,main-49828)
115	0.469764	FalseGround	Unlabelled	SPOkGoodGood	Alarm(_G_-ENTRY,main-49829)
116	0.462383	FalseGround	Unlabelled	SPOkGoodGood	Alarm(_G_-ENTRY,quotearg_buffer_restyled-38907)
117	0.462383	FalseGround	Unlabelled	SPOkGoodGood	Alarm(_G_-ENTRY,quotearg_buffer_restyled-38917)
118	0.462383	FalseGround	Unlabelled	SPOkGoodGood	Alarm(_G_-ENTRY,quotearg_buffer_restyled-38925)
119	0.462383	FalseGround	Unlabelled	SPOkGoodGood	Alarm(_G_-ENTRY,quotearg_buffer_restyled-38935)
120	0.462383	FalseGround	Unlabelled	SPOkGoodGood	Alarm(_G_-ENTRY,quotearg_buffer_restyled-38936)
121	0.462383	FalseGround	Unlabelled	SPOkGoodGood	Alarm(_G_-ENTRY,quotearg_buffer_restyled-38938)
122	0.462383	FalseGround	Unlabelled	SPOkGoodGood	Alarm(_G_-ENTRY,quotearg_buffer_restyled-38940)
123	0.462383	FalseGround	Unlabelled	SPOkGoodGood	Alarm(_G_-ENTRY,quotearg_buffer_restyled-38943)
124	0.462383	FalseGround	Unlabelled	SPOkGoodGood	Alarm(_G_-ENTRY,quotearg_buffer_restyled-38945)
125	0.462383	FalseGround	Unlabelled	SPOkGoodGood	Alarm(_G_-ENTRY,quotearg_buffer_restyled-38947)
126	0.462383	FalseGround	Unlabelled	SPOkGoodGood	Alarm(_G_-ENTRY,quotearg_buffer_restyled-38949)
127	0.462383	FalseGround	Unlabelled	SPOkGoodGood	Alarm(_G_-ENTRY,quotearg_buffer_restyled-38951)
128	0.462383	FalseGround	Unlabelled	SPOkGoodGood	Alarm(_G_-ENTRY,quotearg_buffer_restyled-38962)
129	0.462383	FalseGround	Unlabelled	SPOkGoodGood	Alarm(_G_-ENTRY,quotearg_buffer_restyled-38964)
130	0.462383	FalseGround	Unlabelled	SPOkGoodGood	Alarm(_G_-ENTRY,quotearg_buffer_restyled-38966)
131	0.462383	FalseGround	Unlabelled	SPOkGoodGood	Alarm(_G_-ENTRY,quotearg_buffer_restyled-38968)
132	0.462383	FalseGround	Unlabelled	SPOkGoodGood	Alarm(_G_-ENTRY,quotearg_buffer_restyled-38988)
133	0.462383	FalseGround	Unlabelled	SPOkGoodGood	Alarm(_G_-ENTRY,quotearg_buffer_restyled-38990)
134	0.462383	FalseGround	Unlabelled	SPOkGoodGood	Alarm(_G_-ENTRY,quotearg_buffer_restyled-38992)
135	0.462383	FalseGround	Unlabelled	SPOkGoodGood	Alarm(_G_-ENTRY,quotearg_buffer_restyled-38995)
136	0.462383	FalseGround	Unlabelled	SPOkGoodGood	Alarm(_G_-ENTRY,quotearg_buffer_restyled-38998)
137	0.462383	FalseGround	Unlabelled	SPOkGoodGood	Alarm(_G_-ENTRY,quotearg_buffer_restyled-39001)
138	0.462383	FalseGround	Unlabelled	SPOkGoodGood	Alarm(_G_-ENTRY,quotearg_buffer_restyled-39002)
139	0.462383	FalseGround	Unlabelled	SPOkGoodGood	Alarm(_G_-ENTRY,quotearg_buffer_restyled-39004)
140	0.462383	FalseGround	Unlabelled	SPOkGoodGood	Alarm(_G_-ENTRY,quotearg_buffer_restyled-39007)
141	0.462383	FalseGround	Unlabelled	SPOkGoodGood	Alarm(_G_-ENTRY,quotearg_buffer_restyled-39010)
142	0.409062	FalseGround	Unlabelled	SPOkGoodGood	Alarm(_G_-ENTRY,intuit_diff_type-47106)
143	0.409062	FalseGround	Unlabelled	SPOkGoodGood	Alarm(_G_-ENTRY,intuit_diff_type-47107)
144	0.409062	FalseGround	Unlabelled	SPOkGoodGood	Alarm(_G_-ENTRY,intuit_diff_type-47108)
145	0.409062	FalseGround	Unlabelled	SPOkGoodGood	Alarm(_G_-ENTRY,intuit_diff_type-47109)
146	0.409062	FalseGround	Unlabelled	SPOkGoodGood	Alarm(_G_-ENTRY,intuit_diff_type-47110)
147	0.409062	FalseGround	Unlabelled	SPOkGoodGood	Alarm(_G_-ENTRY,intuit_diff_type-47111)
148	0.409062	FalseGround	Unlabelled	SPOkGoodGood	Alarm(_G_-ENTRY,intuit_diff_type-47112)
149	0.409062	FalseGround	Unlabelled	SPOkGoodGood	Alarm(_G_-ENTRY,intuit_diff_type-47113)
150	0.409062	FalseGround	Unlabelled	SPOkGoodGood	Alarm(_G_-ENTRY,intuit_diff_type-47114)
151	0.409062	FalseGround	Unlabelled	SPOkGoodGood	Alarm(_G_-ENTRY,intuit_diff_type-47115)
152	0.409062	FalseGround	Unlabelled	SPOkGoodGood	Alarm(_G_-ENTRY,intuit_diff_type-47116)
153	0.409062	FalseGround	Unlabelled	SPOkGoodGood	Alarm(_G_-ENTRY,intuit_diff_type-47117)
154	0.409062	FalseGround	Unlabelled	SPOkGoodGood	Alarm(_G_-ENTRY,intuit_diff_type-47142)
155	0.409062	FalseGround	Unlabelled	SPOkGoodGood	Alarm(_G_-ENTRY,intuit_diff_type-47143)
156	0.409062	FalseGround	Unlabelled	SPOkGoodGood	Alarm(_G_-ENTRY,intuit_diff_type-47144)
157	0.409062	FalseGround	Unlabelled	SPOkGoodGood	Alarm(_G_-ENTRY,intuit_diff_type-47145)
158	0.407714	FalseGround	Unlabelled	SPOkGoodGood	Alarm(_G_-ENTRY,similar-52133)
159	0.407714	FalseGround	Unlabelled	SPOkGoodGood	Alarm(_G_-ENTRY,similar-52134)
160	0.407714	FalseGround	Unlabelled	SPOkGoodGood	Alarm(_G_-ENTRY,similar-52135)
161	0.407714	FalseGround	Unlabelled	SPOkGoodGood	Alarm(_G_-ENTRY,similar-52136)
162	0.404804	FalseGround	Unlabelled	SPOkGoodGood	Alarm(_G_-ENTRY,numeric_string-51183)
163	0.404804	FalseGround	Unlabelled	SPOkGoodGood	Alarm(_G_-ENTRY,numeric_string-51184)
164	0.37453	FalseGround	Unlabelled	SPOkGoodGood	Alarm(_G_-ENTRY,quotearg_buffer_restyled-38442)
165	0.37453	FalseGround	Unlabelled	SPOkGoodGood	Alarm(_G_-ENTRY,quotearg_buffer_restyled-38443)
166	0.37453	FalseGround	Unlabelled	SPOkGoodGood	Alarm(_G_-ENTRY,quotearg_buffer_restyled-38706)
167	0.37453	FalseGround	Unlabelled	SPOkGoodGood	Alarm(_G_-ENTRY,quotearg_buffer_restyled-38707)
168	0.37453	FalseGround	Unlabelled	SPOkGoodGood	Alarm(_G_-ENTRY,quotearg_buffer_restyled-38708)
169	0.37453	FalseGround	Unlabelled	SPOkGoodGood	Alarm(_G_-ENTRY,quotearg_buffer_restyled-38709)
170	0.37453	FalseGround	Unlabelled	SPOkGoodGood	Alarm(_G_-ENTRY,quotearg_buffer_restyled-38744)
171	0.37453	FalseGround	Unlabelled	SPOkGoodGood	Alarm(_G_-ENTRY,quotearg_buffer_restyled-38745)
172	0.37453	FalseGround	Unlabelled	SPOkGoodGood	Alarm(_G_-ENTRY,quotearg_buffer_restyled-38746)
173	0.37453	FalseGround	Unlabelled	SPOkGoodGood	Alarm(_G_-ENTRY,quotearg_buffer_restyled-38747)
174	0.37453	FalseGround	Unlabelled	SPOkGoodGood	Alarm(_G_-ENTRY,quotearg_buffer_restyled-38748)
175	0.37453	FalseGround	Unlabelled	SPOkGoodGood	Alarm(_G_-ENTRY,quotearg_buffer_restyled-38749)
176	0.37453	FalseGround	Unlabelled	SPOkGoodGood	Alarm(_G_-ENTRY,quotearg_buffer_restyled-38750)
177	0.37453	FalseGround	Unlabelled	SPOkGoodGood	Alarm(_G_-ENTRY,quotearg_buffer_restyled-38751)
178	0.37453	FalseGround	Unlabelled	SPOkGoodGood	Alarm(_G_-ENTRY,quotearg_buffer_restyled-38752)
179	0.37453	FalseGround	Unlabelled	SPOkGoodGood	Alarm(_G_-ENTRY,quotearg_buffer_restyled-38753)
180	0.37453	FalseGround	Unlabelled	SPOkGoodGood	Alarm(_G_-ENTRY,quotearg_buffer_restyled-38754)
181	0.37453	FalseGround	Unlabelled	SPOkGoodGood	Alarm(_G_-ENTRY,quotearg_buffer_restyled-38755)
182	0.37453	FalseGround	Unlabelled	SPOkGoodGood	Alarm(_G_-ENTRY,quotearg_buffer_restyled-38756)
183	0.37453	FalseGround	Unlabelled	SPOkGoodGood	Alarm(_G_-ENTRY,quotearg_buffer_restyled-38757)
184	0.37453	FalseGround	Unlabelled	SPOkGoodGood	Alarm(_G_-ENTRY,quotearg_buffer_restyled-38758)
185	0.37453	FalseGround	Unlabelled	SPOkGoodGood	Alarm(_G_-ENTRY,quotearg_buffer_restyled-38759)
186	0.37453	FalseGround	Unlabelled	SPOkGoodGood	Alarm(_G_-ENTRY,quotearg_buffer_restyled-38760)
187	0.37453	FalseGround	Unlabelled	SPOkGoodGood	Alarm(_G_-ENTRY,quotearg_buffer_restyled-38761)
188	0.37453	FalseGround	Unlabelled	SPOkGoodGood	Alarm(_G_-ENTRY,quotearg_buffer_restyled-38762)
189	0.37453	FalseGround	Unlabelled	SPOkGoodGood	Alarm(_G_-ENTRY,quotearg_buffer_restyled-38763)
190	0.37453	FalseGround	Unlabelled	SPOkGoodGood	Alarm(_G_-ENTRY,quotearg_buffer_restyled-38818)
191	0.37453	FalseGround	Unlabelled	SPOkGoodGood	Alarm(_G_-ENTRY,quotearg_buffer_restyled-38819)
192	0.37453	FalseGround	Unlabelled	SPOkGoodGood	Alarm(_G_-ENTRY,quotearg_buffer_restyled-38826)
193	0.37453	FalseGround	Unlabelled	SPOkGoodGood	Alarm(_G_-ENTRY,quotearg_buffer_restyled-38827)
194	0.37453	FalseGround	Unlabelled	SPOkGoodGood	Alarm(_G_-ENTRY,quotearg_buffer_restyled-38828)
195	0.37453	FalseGround	Unlabelled	SPOkGoodGood	Alarm(_G_-ENTRY,quotearg_buffer_restyled-38829)
196	0.37453	FalseGround	Unlabelled	SPOkGoodGood	Alarm(_G_-ENTRY,quotearg_buffer_restyled-38830)
197	0.37453	FalseGround	Unlabelled	SPOkGoodGood	Alarm(_G_-ENTRY,quotearg_buffer_restyled-38831)
198	0.37453	FalseGround	Unlabelled	SPOkGoodGood	Alarm(_G_-ENTRY,quotearg_buffer_restyled-38832)
199	0.37453	FalseGround	Unlabelled	SPOkGoodGood	Alarm(_G_-ENTRY,quotearg_buffer_restyled-38833)
200	0.37453	FalseGround	Unlabelled	SPOkGoodGood	Alarm(_G_-ENTRY,quotearg_buffer_restyled-38834)
201	0.37453	FalseGround	Unlabelled	SPOkGoodGood	Alarm(_G_-ENTRY,quotearg_buffer_restyled-38835)
202	0.37453	FalseGround	Unlabelled	SPOkGoodGood	Alarm(_G_-ENTRY,quotearg_buffer_restyled-38872)
203	0.37453	FalseGround	Unlabelled	SPOkGoodGood	Alarm(_G_-ENTRY,quotearg_buffer_restyled-38873)
204	0.373623	FalseGround	Unlabelled	SPOkGoodGood	Alarm(_G_-ENTRY,bestmatch-43408)
205	0.354596	FalseGround	Unlabelled	SPOkGoodGood	Alarm(_G_-ENTRY,find_backup_file_name-43188)
206	0.349712	FalseGround	Unlabelled	SPOkGoodGood	Alarm(_G_-ENTRY,check_line_endings-52093)
207	0.349712	FalseGround	Unlabelled	SPOkGoodGood	Alarm(_G_-ENTRY,check_line_endings-52094)
208	0.349712	FalseGround	Unlabelled	SPOkGoodGood	Alarm(_G_-ENTRY,check_line_endings-52095)
209	0.349712	FalseGround	Unlabelled	SPOkGoodGood	Alarm(_G_-ENTRY,check_line_endings-52096)
210	0.330632	FalseGround	Unlabelled	SPOkGoodGood	Alarm(_G_-ENTRY,pch_char-48294)
211	0.319912	FalseGround	Unlabelled	SPOkGoodGood	Alarm(_G_-ENTRY,copy_till-51986)
212	0.313811	FalseGround	Unlabelled	SPOkGoodGood	Alarm(_G_-ENTRY,argmatch-43255)
213	0.313811	FalseGround	Unlabelled	SPOkGoodGood	Alarm(_G_-ENTRY,ask-45633)
214	0.313811	FalseGround	Unlabelled	SPOkGoodGood	Alarm(_G_-ENTRY,check_extension-43015)
215	0.313811	FalseGround	Unlabelled	SPOkGoodGood	Alarm(_G_-ENTRY,get_charset_aliases-41425)
216	0.313811	FalseGround	Unlabelled	SPOkGoodGood	Alarm(_G_-ENTRY,numbered_backup-43133)
217	0.313811	FalseGround	Unlabelled	SPOkGoodGood	Alarm(_G_-ENTRY,numbered_backup-43139)
218	0.313811	FalseGround	Unlabelled	SPOkGoodGood	Alarm(_G_-ENTRY,tolower-38294)
219	0.313811	FalseGround	Unlabelled	SPOkGoodGood	Alarm(_G_-ENTRY,toupper-38303)
220	0.313811	FalseGround	Unlabelled	SPOkGoodGood	Alarm(_G_-ENTRY,yyparse-40386)
221	0.313811	FalseGround	Unlabelled	SPOkGoodGood	Alarm(_G_-ENTRY,yyparse-40565)
222	0.309263	FalseGround	Unlabelled	SPOkGoodGood	Alarm(_G_-ENTRY,get_version-40588)
223	0.302203	FalseGround	Unlabelled	SPOkGoodGood	Alarm(_G_-ENTRY,diag-43541)
224	0.302203	FalseGround	Unlabelled	SPOkGoodGood	Alarm(_G_-ENTRY,diag-43542)
225	0.301364	FalseGround	Unlabelled	SPOkGoodGood	Alarm(_G_-ENTRY,bestmatch-43414)
226	0.301364	FalseGround	Unlabelled	SPOkGoodGood	Alarm(_G_-ENTRY,bestmatch-43415)
227	0.300791	TrueGround	Unlabelled	SPOkGoodGood	Alarm(_G_-ENTRY,pch_write_line-49430)
228	0.300791	FalseGround	Unlabelled	SPOkGoodGood	Alarm(_G_-ENTRY,pch_write_line-49431)
229	0.290822	FalseGround	Unlabelled	SPOkGoodGood	Alarm(_G_-ENTRY,parse_datetime-41133)
230	0.290822	FalseGround	Unlabelled	SPOkGoodGood	Alarm(_G_-ENTRY,parse_datetime-41136)
231	0.282833	FalseGround	Unlabelled	SPOkGoodGood	Alarm(_G_-ENTRY,find_backup_file_name-43184)
232	0.246626	FalseGround	Unlabelled	SPOkGoodGood	Alarm(_G_-ENTRY,parse_datetime-41016)
233	0.246626	FalseGround	Unlabelled	SPOkGoodGood	Alarm(_G_-ENTRY,parse_datetime-41017)
234	0.246626	FalseGround	Unlabelled	SPOkGoodGood	Alarm(_G_-ENTRY,parse_datetime-41018)
235	0.246626	FalseGround	Unlabelled	SPOkGoodGood	Alarm(_G_-ENTRY,parse_datetime-41019)
236	0.246626	FalseGround	Unlabelled	SPOkGoodGood	Alarm(_G_-ENTRY,parse_datetime-41024)
237	0.246626	FalseGround	Unlabelled	SPOkGoodGood	Alarm(_G_-ENTRY,parse_datetime-41025)
238	0.224669	FalseGround	Unlabelled	SPOkGoodGood	Alarm(_G_-ENTRY,merge_hunk-44066)
239	0.214976	FalseGround	Unlabelled	SPOkGoodGood	Alarm(_G_-ENTRY,ifetch-52903)
240	0.214976	FalseGround	Unlabelled	SPOkGoodGood	Alarm(_G_-ENTRY,ifetch-52904)
241	0.200581	FalseGround	Unlabelled	SPOkGoodGood	Alarm(_G_-ENTRY,transfer_entries-41894)
242	0.200581	FalseGround	Unlabelled	SPOkGoodGood	Alarm(_G_-ENTRY,transfer_entries-41904)
243	0.200581	FalseGround	Unlabelled	SPOkGoodGood	Alarm(_G_-ENTRY,transfer_entries-41905)
244	0.194545	FalseGround	Unlabelled	SPOkGoodGood	Alarm(_G_-ENTRY,quotearg_buffer_restyled-38892)
245	0.194545	FalseGround	Unlabelled	SPOkGoodGood	Alarm(_G_-ENTRY,quotearg_buffer_restyled-38893)
246	0.187319	FalseGround	Unlabelled	SPOkGoodGood	Alarm(_G_-ENTRY,bestmatch-43421)
247	0.180773	FalseGround	Unlabelled	SPOkGoodGood	Alarm(_G_-ENTRY,parse_datetime-41115)
248	0.180773	FalseGround	Unlabelled	SPOkGoodGood	Alarm(_G_-ENTRY,pch_swap-49387)
249	0.180773	FalseGround	Unlabelled	SPOkGoodGood	Alarm(_G_-ENTRY,strcaseeq0-38286)
250	0.175076	FalseGround	Unlabelled	SPOkGoodGood	Alarm(_G_-ENTRY,bestmatch-43411)
251	0.162471	FalseGround	Unlabelled	SPOkGoodGood	Alarm(_G_-ENTRY,transfer_entries-41879)
252	0.162471	FalseGround	Unlabelled	SPOkGoodGood	Alarm(_G_-ENTRY,transfer_entries-41880)
253	0.16168	FalseGround	Unlabelled	SPOkGoodGood	Alarm(_G_-ENTRY,pch_swap-49354)
254	0.16168	FalseGround	Unlabelled	SPOkGoodGood	Alarm(_G_-ENTRY,pch_swap-49355)
255	0.16168	FalseGround	Unlabelled	SPOkGoodGood	Alarm(_G_-ENTRY,pch_swap-49357)
256	0.141811	FalseGround	Unlabelled	SPOkGoodGood	Alarm(_G_-ENTRY,bestmatch-43365)
257	0.141811	FalseGround	Unlabelled	SPOkGoodGood	Alarm(_G_-ENTRY,bestmatch-43366)
258	0.141782	FalseGround	Unlabelled	SPOkGoodGood	Alarm(_G_-ENTRY,create_backup-44628)
259	0.141782	FalseGround	Unlabelled	SPOkGoodGood	Alarm(_G_-ENTRY,create_backup-44630)
260	0.141782	FalseGround	Unlabelled	SPOkGoodGood	Alarm(_G_-ENTRY,plan_a-52687)
261	0.135085	FalseGround	Unlabelled	SPOkGoodGood	Alarm(_G_-ENTRY,create_backup-44627)
262	0.135085	FalseGround	Unlabelled	SPOkGoodGood	Alarm(_G_-ENTRY,create_backup-44629)
263	0.135085	FalseGround	Unlabelled	SPOkGoodGood	Alarm(_G_-ENTRY,create_backup-44631)
264	0.135085	FalseGround	Unlabelled	SPOkGoodGood	Alarm(_G_-ENTRY,diag-43660)
265	0.135085	FalseGround	Unlabelled	SPOkGoodGood	Alarm(_G_-ENTRY,get_charset_aliases-41451)
266	0.135085	FalseGround	Unlabelled	SPOkGoodGood	Alarm(_G_-ENTRY,get_charset_aliases-41452)
267	0.135085	FalseGround	Unlabelled	SPOkGoodGood	Alarm(_G_-ENTRY,get_charset_aliases-41455)
268	0.135085	FalseGround	Unlabelled	SPOkGoodGood	Alarm(_G_-ENTRY,get_some_switches-51003)
269	0.135085	FalseGround	Unlabelled	SPOkGoodGood	Alarm(_G_-ENTRY,get_some_switches-51084)
270	0.135085	FalseGround	Unlabelled	SPOkGoodGood	Alarm(_G_-ENTRY,get_some_switches-51090)
271	0.135085	FalseGround	Unlabelled	SPOkGoodGood	Alarm(_G_-ENTRY,get_some_switches-51092)
272	0.135085	FalseGround	Unlabelled	SPOkGoodGood	Alarm(_G_-ENTRY,get_tz-40973)
273	0.135085	FalseGround	Unlabelled	SPOkGoodGood	Alarm(_G_-ENTRY,numbered_backup-43118)
274	0.135085	FalseGround	Unlabelled	SPOkGoodGood	Alarm(_G_-ENTRY,plan_a-52682)
275	0.135085	FalseGround	Unlabelled	SPOkGoodGood	Alarm(_G_-ENTRY,plan_a-52683)
276	0.124384	FalseGround	Unlabelled	SPOkGoodGood	Alarm(_G_-ENTRY,replace_slashes-45822)
277	0.123029	FalseGround	Unlabelled	SPOkGoodGood	Alarm(_G_-ENTRY,gen_tempname-38128)
278	0.120549	FalseGround	Unlabelled	SPOkGoodGood	Alarm(_G_-ENTRY,pch_swap-49363)
279	0.120549	FalseGround	Unlabelled	SPOkGoodGood	Alarm(_G_-ENTRY,pch_swap-49364)
280	0.120549	FalseGround	Unlabelled	SPOkGoodGood	Alarm(_G_-ENTRY,pch_swap-49365)
281	0.109419	FalseGround	Unlabelled	SPOkGoodGood	Alarm(_G_-ENTRY,ask-45602)
282	0.109419	FalseGround	Unlabelled	SPOkGoodGood	Alarm(_G_-ENTRY,ask-45603)
283	0.109419	FalseGround	Unlabelled	SPOkGoodGood	Alarm(_G_-ENTRY,diag-43533)
284	0.109419	FalseGround	Unlabelled	SPOkGoodGood	Alarm(_G_-ENTRY,diag-43534)
285	0.109419	FalseGround	Unlabelled	SPOkGoodGood	Alarm(_G_-ENTRY,get_charset_aliases-41369)
286	0.109419	FalseGround	Unlabelled	SPOkGoodGood	Alarm(_G_-ENTRY,get_charset_aliases-41370)
287	0.109419	FalseGround	Unlabelled	SPOkGoodGood	Alarm(_G_-ENTRY,get_some_switches-50954)
288	0.109419	FalseGround	Unlabelled	SPOkGoodGood	Alarm(_G_-ENTRY,get_some_switches-50955)
289	0.109419	FalseGround	Unlabelled	SPOkGoodGood	Alarm(_G_-ENTRY,get_some_switches-50956)
290	0.109419	FalseGround	Unlabelled	SPOkGoodGood	Alarm(_G_-ENTRY,get_some_switches-50957)
291	0.109419	FalseGround	Unlabelled	SPOkGoodGood	Alarm(_G_-ENTRY,get_some_switches-50958)
292	0.109419	FalseGround	Unlabelled	SPOkGoodGood	Alarm(_G_-ENTRY,get_some_switches-50959)
293	0.109419	FalseGround	Unlabelled	SPOkGoodGood	Alarm(_G_-ENTRY,get_some_switches-50960)
294	0.109419	FalseGround	Unlabelled	SPOkGoodGood	Alarm(_G_-ENTRY,get_some_switches-50961)
295	0.109419	FalseGround	Unlabelled	SPOkGoodGood	Alarm(_G_-ENTRY,get_some_switches-50962)
296	0.109419	FalseGround	Unlabelled	SPOkGoodGood	Alarm(_G_-ENTRY,get_some_switches-50963)
297	0.109419	FalseGround	Unlabelled	SPOkGoodGood	Alarm(_G_-ENTRY,get_some_switches-50964)
298	0.109419	FalseGround	Unlabelled	SPOkGoodGood	Alarm(_G_-ENTRY,get_some_switches-50965)
299	0.109419	FalseGround	Unlabelled	SPOkGoodGood	Alarm(_G_-ENTRY,parse_datetime-41012)
300	0.109419	FalseGround	Unlabelled	SPOkGoodGood	Alarm(_G_-ENTRY,parse_datetime-41013)
301	0.109419	FalseGround	Unlabelled	SPOkGoodGood	Alarm(_G_-ENTRY,parse_datetime-41014)
302	0.109419	FalseGround	Unlabelled	SPOkGoodGood	Alarm(_G_-ENTRY,parse_datetime-41015)
303	0.109419	FalseGround	Unlabelled	SPOkGoodGood	Alarm(_G_-ENTRY,parse_datetime-41020)
304	0.109419	FalseGround	Unlabelled	SPOkGoodGood	Alarm(_G_-ENTRY,parse_datetime-41021)
305	0.109419	FalseGround	Unlabelled	SPOkGoodGood	Alarm(_G_-ENTRY,parse_datetime-41030)
306	0.109419	FalseGround	Unlabelled	SPOkGoodGood	Alarm(_G_-ENTRY,parse_datetime-41031)
307	0.109419	FalseGround	Unlabelled	SPOkGoodGood	Alarm(_G_-ENTRY,pch_normalize-49646)
308	0.109419	FalseGround	Unlabelled	SPOkGoodGood	Alarm(_G_-ENTRY,pch_normalize-49647)
309	0.109419	FalseGround	Unlabelled	SPOkGoodGood	Alarm(_G_-ENTRY,pch_normalize-49662)
310	0.109419	FalseGround	Unlabelled	SPOkGoodGood	Alarm(_G_-ENTRY,pch_normalize-49663)
311	0.109419	FalseGround	Unlabelled	SPOkGoodGood	Alarm(_G_-ENTRY,pch_normalize-49666)
312	0.109419	FalseGround	Unlabelled	SPOkGoodGood	Alarm(_G_-ENTRY,pch_normalize-49667)
313	0.109419	FalseGround	Unlabelled	SPOkGoodGood	Alarm(_G_-ENTRY,replace_slashes-45800)
314	0.109419	FalseGround	Unlabelled	SPOkGoodGood	Alarm(_G_-ENTRY,replace_slashes-45801)
315	0.109419	FalseGround	Unlabelled	SPOkGoodGood	Alarm(_G_-ENTRY,replace_slashes-45802)
316	0.109419	FalseGround	Unlabelled	SPOkGoodGood	Alarm(_G_-ENTRY,replace_slashes-45803)
317	0.109419	FalseGround	Unlabelled	SPOkGoodGood	Alarm(_G_-ENTRY,replace_slashes-45810)
318	0.109419	FalseGround	Unlabelled	SPOkGoodGood	Alarm(_G_-ENTRY,replace_slashes-45811)
319	0.107335	FalseGround	Unlabelled	SPOkGoodGood	Alarm(_G_-ENTRY,diag-43648)
320	0.104835	FalseGround	Unlabelled	SPOkGoodGood	Alarm(_G_-ENTRY,plan_a-52643)
321	0.104835	FalseGround	Unlabelled	SPOkGoodGood	Alarm(_G_-ENTRY,plan_a-52644)
322	0.103974	FalseGround	Unlabelled	SPOkGoodGood	Alarm(_G_-ENTRY,replace_slashes-45812)
323	0.103974	FalseGround	Unlabelled	SPOkGoodGood	Alarm(_G_-ENTRY,replace_slashes-45813)
324	0.0842302	FalseGround	Unlabelled	SPOkGoodGood	Alarm(_G_-ENTRY,similar-52139)
325	0.0842302	FalseGround	Unlabelled	SPOkGoodGood	Alarm(_G_-ENTRY,similar-52140)
326	0.0842302	FalseGround	Unlabelled	SPOkGoodGood	Alarm(_G_-ENTRY,similar-52141)
327	0.0842302	FalseGround	Unlabelled	SPOkGoodGood	Alarm(_G_-ENTRY,similar-52142)
328	0.079752	FalseGround	Unlabelled	SPOkGoodGood	Alarm(_G_-ENTRY,get_ed_command_letter-49459)
329	0.079752	FalseGround	Unlabelled	SPOkGoodGood	Alarm(_G_-ENTRY,get_ed_command_letter-49460)
330	0.079752	FalseGround	Unlabelled	SPOkGoodGood	Alarm(_G_-ENTRY,get_ed_command_letter-49461)
331	0.079752	FalseGround	Unlabelled	SPOkGoodGood	Alarm(_G_-ENTRY,get_ed_command_letter-49462)
332	0.079752	FalseGround	Unlabelled	SPOkGoodGood	Alarm(_G_-ENTRY,get_ed_command_letter-49463)
333	0.079752	FalseGround	Unlabelled	SPOkGoodGood	Alarm(_G_-ENTRY,get_ed_command_letter-49464)
334	0.074978	FalseGround	Unlabelled	SPOkGoodGood	Alarm(_G_-ENTRY,gen_tempname-38130)
335	0.074978	FalseGround	Unlabelled	SPOkGoodGood	Alarm(_G_-ENTRY,gen_tempname-38132)
336	0.074978	FalseGround	Unlabelled	SPOkGoodGood	Alarm(_G_-ENTRY,gen_tempname-38134)
337	0.074978	FalseGround	Unlabelled	SPOkGoodGood	Alarm(_G_-ENTRY,gen_tempname-38136)
338	0.0706602	FalseGround	Unlabelled	SPOkGoodGood	Alarm(_G_-ENTRY,similar-52117)
339	0.0706602	FalseGround	Unlabelled	SPOkGoodGood	Alarm(_G_-ENTRY,similar-52118)
340	0.0628493	FalseGround	Unlabelled	SPOkGoodGood	Alarm(_G_-ENTRY,quote_system_arg-45127)
341	0.0628493	FalseGround	Unlabelled	SPOkGoodGood	Alarm(_G_-ENTRY,yylex-40941)
342	0.0560754	FalseGround	Unlabelled	SPOkGoodGood	Alarm(_G_-ENTRY,base_name-42916)
343	0.0560754	FalseGround	Unlabelled	SPOkGoodGood	Alarm(_G_-ENTRY,base_name-42917)
344	0.0538254	FalseGround	Unlabelled	SPOkGoodGood	Alarm(_G_-ENTRY,locale_charset-41513)
345	0.0538254	FalseGround	Unlabelled	SPOkGoodGood	Alarm(_G_-ENTRY,locale_charset-41514)
346	0.0538254	FalseGround	Unlabelled	SPOkGoodGood	Alarm(_G_-ENTRY,locale_charset-41515)
347	0.0538254	FalseGround	Unlabelled	SPOkGoodGood	Alarm(_G_-ENTRY,locale_charset-41516)
348	0.0509079	FalseGround	Unlabelled	SPOkGoodGood	Alarm(_G_-ENTRY,pch_swap-49305)
349	0.0509079	FalseGround	Unlabelled	SPOkGoodGood	Alarm(_G_-ENTRY,pch_swap-49306)
350	0.0471013	FalseGround	Unlabelled	SPOkGoodGood	Alarm(_G_-ENTRY,compareseq-43708)
351	0.0471013	FalseGround	Unlabelled	SPOkGoodGood	Alarm(_G_-ENTRY,compareseq-43710)
352	0.0471013	FalseGround	Unlabelled	SPOkGoodGood	Alarm(_G_-ENTRY,gen_tempname-38126)
353	0.0471013	FalseGround	Unlabelled	SPOkGoodGood	Alarm(_G_-ENTRY,get_some_switches-51006)
354	0.0471013	FalseGround	Unlabelled	SPOkGoodGood	Alarm(_G_-ENTRY,main-50456)
355	0.0471013	FalseGround	Unlabelled	SPOkGoodGood	Alarm(_G_-ENTRY,numbered_backup-43121)
356	0.0471013	FalseGround	Unlabelled	SPOkGoodGood	Alarm(_G_-ENTRY,parse_datetime-41138)
357	0.0471013	FalseGround	Unlabelled	SPOkGoodGood	Alarm(_G_-ENTRY,pch_normalize-49673)
358	0.0471013	FalseGround	Unlabelled	SPOkGoodGood	Alarm(_G_-ENTRY,pget_line-49262)
359	0.0471013	FalseGround	Unlabelled	SPOkGoodGood	Alarm(_G_-ENTRY,plan_b-52839)
360	0.0471013	FalseGround	Unlabelled	SPOkGoodGood	Alarm(_G_-ENTRY,replace_slashes-45820)
361	0.0471013	FalseGround	Unlabelled	SPOkGoodGood	Alarm(_G_-ENTRY,replace_slashes-45824)
362	0.0471013	FalseGround	Unlabelled	SPOkGoodGood	Alarm(_G_-ENTRY,savebuf-45512)
363	0.0471013	FalseGround	Unlabelled	SPOkGoodGood	Alarm(_G_-ENTRY,transfer_entries-41920)
364	0.0471013	FalseGround	Unlabelled	SPOkGoodGood	Alarm(_G_-ENTRY,xmemdup-36593)
365	0.0458978	FalseGround	Unlabelled	SPOkGoodGood	Alarm(_G_-ENTRY,base_name-42914)
366	0.0458978	FalseGround	Unlabelled	SPOkGoodGood	Alarm(_G_-ENTRY,base_name-42915)
367	0.0433982	FalseGround	Unlabelled	SPOkGoodGood	Alarm(_G_-ENTRY,pget_line-49267)
368	0.0433982	FalseGround	Unlabelled	SPOkGoodGood	Alarm(_G_-ENTRY,pget_line-49268)
369	0.0397967	FalseGround	Unlabelled	SPOkGoodGood	Alarm(_G_-ENTRY,removedirs-45876)
370	0.038152	FalseGround	Unlabelled	SPOkGoodGood	Alarm(_G_-ENTRY,base_len-42948)
371	0.038152	FalseGround	Unlabelled	SPOkGoodGood	Alarm(_G_-ENTRY,base_len-42949)
372	0.038152	FalseGround	Unlabelled	SPOkGoodGood	Alarm(_G_-ENTRY,create_backup-44552)
373	0.038152	FalseGround	Unlabelled	SPOkGoodGood	Alarm(_G_-ENTRY,create_backup-44553)
374	0.038152	FalseGround	Unlabelled	SPOkGoodGood	Alarm(_G_-ENTRY,last_component-42930)
375	0.038152	FalseGround	Unlabelled	SPOkGoodGood	Alarm(_G_-ENTRY,last_component-42931)
376	0.038152	FalseGround	Unlabelled	SPOkGoodGood	Alarm(_G_-ENTRY,last_component-42932)
377	0.038152	FalseGround	Unlabelled	SPOkGoodGood	Alarm(_G_-ENTRY,last_component-42933)
378	0.038152	FalseGround	Unlabelled	SPOkGoodGood	Alarm(_G_-ENTRY,last_component-42934)
379	0.038152	FalseGround	Unlabelled	SPOkGoodGood	Alarm(_G_-ENTRY,last_component-42935)
380	0.038152	FalseGround	Unlabelled	SPOkGoodGood	Alarm(_G_-ENTRY,main-50140)
381	0.038152	FalseGround	Unlabelled	SPOkGoodGood	Alarm(_G_-ENTRY,main-50141)
382	0.038152	FalseGround	Unlabelled	SPOkGoodGood	Alarm(_G_-ENTRY,merge_hunk-43941)
383	0.038152	FalseGround	Unlabelled	SPOkGoodGood	Alarm(_G_-ENTRY,merge_hunk-43942)
384	0.038152	FalseGround	Unlabelled	SPOkGoodGood	Alarm(_G_-ENTRY,merge_hunk-43953)
385	0.038152	FalseGround	Unlabelled	SPOkGoodGood	Alarm(_G_-ENTRY,merge_hunk-43954)
386	0.038152	FalseGround	Unlabelled	SPOkGoodGood	Alarm(_G_-ENTRY,merge_hunk-43959)
387	0.038152	FalseGround	Unlabelled	SPOkGoodGood	Alarm(_G_-ENTRY,merge_hunk-43960)
388	0.038152	FalseGround	Unlabelled	SPOkGoodGood	Alarm(_G_-ENTRY,merge_hunk-43975)
389	0.038152	FalseGround	Unlabelled	SPOkGoodGood	Alarm(_G_-ENTRY,merge_hunk-43976)
390	0.038152	FalseGround	Unlabelled	SPOkGoodGood	Alarm(_G_-ENTRY,merge_hunk-43977)
391	0.038152	FalseGround	Unlabelled	SPOkGoodGood	Alarm(_G_-ENTRY,merge_hunk-43978)
392	0.038152	FalseGround	Unlabelled	SPOkGoodGood	Alarm(_G_-ENTRY,merge_hunk-43987)
393	0.038152	FalseGround	Unlabelled	SPOkGoodGood	Alarm(_G_-ENTRY,merge_hunk-43988)
394	0.038152	FalseGround	Unlabelled	SPOkGoodGood	Alarm(_G_-ENTRY,numeric_string-51171)
395	0.038152	FalseGround	Unlabelled	SPOkGoodGood	Alarm(_G_-ENTRY,numeric_string-51172)
396	0.038152	FalseGround	Unlabelled	SPOkGoodGood	Alarm(_G_-ENTRY,numeric_string-51173)
397	0.038152	FalseGround	Unlabelled	SPOkGoodGood	Alarm(_G_-ENTRY,numeric_string-51174)
398	0.038152	FalseGround	Unlabelled	SPOkGoodGood	Alarm(_G_-ENTRY,numeric_string-51175)
399	0.038152	FalseGround	Unlabelled	SPOkGoodGood	Alarm(_G_-ENTRY,numeric_string-51176)
400	0.038152	FalseGround	Unlabelled	SPOkGoodGood	Alarm(_G_-ENTRY,pch_normalize-49638)
401	0.038152	FalseGround	Unlabelled	SPOkGoodGood	Alarm(_G_-ENTRY,pch_normalize-49639)
402	0.038152	FalseGround	Unlabelled	SPOkGoodGood	Alarm(_G_-ENTRY,plan_a-52627)
403	0.038152	FalseGround	Unlabelled	SPOkGoodGood	Alarm(_G_-ENTRY,plan_a-52628)
404	0.038152	FalseGround	Unlabelled	SPOkGoodGood	Alarm(_G_-ENTRY,replace_slashes-45804)
405	0.038152	FalseGround	Unlabelled	SPOkGoodGood	Alarm(_G_-ENTRY,replace_slashes-45805)
406	0.038152	FalseGround	Unlabelled	SPOkGoodGood	Alarm(_G_-ENTRY,replace_slashes-45806)
407	0.038152	FalseGround	Unlabelled	SPOkGoodGood	Alarm(_G_-ENTRY,replace_slashes-45807)
408	0.0359715	FalseGround	Unlabelled	SPOkGoodGood	Alarm(_G_-ENTRY,pget_line-49236)
409	0.0359715	FalseGround	Unlabelled	SPOkGoodGood	Alarm(_G_-ENTRY,pget_line-49237)
410	0.0275146	FalseGround	Unlabelled	SPOkGoodGood	Alarm(_G_-ENTRY,bestmatch-43405)
411	0.0251896	FalseGround	Unlabelled	SPOkGoodGood	Alarm(_G_-ENTRY,strcaseeq1-38279)
412	0.0204035	FalseGround	Unlabelled	SPOkGoodGood	Alarm(_G_-ENTRY,there_is_another_patch-46577)
413	0.0204035	FalseGround	Unlabelled	SPOkGoodGood	Alarm(_G_-ENTRY,there_is_another_patch-46578)
414	0.0137134	FalseGround	Unlabelled	SPOkGoodGood	Alarm(_G_-ENTRY,format_linenum-45531)
415	0.0137134	FalseGround	Unlabelled	SPOkGoodGood	Alarm(_G_-ENTRY,format_linenum-45535)
416	0.0133028	FalseGround	Unlabelled	SPOkGoodGood	Alarm(_G_-ENTRY,merge_hunk-44059)
417	0.0133028	FalseGround	Unlabelled	SPOkGoodGood	Alarm(_G_-ENTRY,merge_hunk-44061)
418	0.0133028	FalseGround	Unlabelled	SPOkGoodGood	Alarm(_G_-ENTRY,numbered_backup-43122)
419	0.0133028	FalseGround	Unlabelled	SPOkGoodGood	Alarm(_G_-ENTRY,yylex-40944)
420	0.0107753	FalseGround	Unlabelled	SPOkGoodGood	Alarm(_G_-ENTRY,merge_hunk-43915)
421	0.0107753	FalseGround	Unlabelled	SPOkGoodGood	Alarm(_G_-ENTRY,merge_hunk-43916)
422	0.0107753	FalseGround	Unlabelled	SPOkGoodGood	Alarm(_G_-ENTRY,merge_hunk-43917)
423	0.0107753	FalseGround	Unlabelled	SPOkGoodGood	Alarm(_G_-ENTRY,merge_hunk-43918)
424	0.0107753	FalseGround	Unlabelled	SPOkGoodGood	Alarm(_G_-ENTRY,merge_hunk-43919)
425	0.0107753	FalseGround	Unlabelled	SPOkGoodGood	Alarm(_G_-ENTRY,merge_hunk-43920)
426	0.0107753	FalseGround	Unlabelled	SPOkGoodGood	Alarm(_G_-ENTRY,merge_hunk-43921)
427	0.0107753	FalseGround	Unlabelled	SPOkGoodGood	Alarm(_G_-ENTRY,merge_hunk-43922)
428	0.0107753	FalseGround	Unlabelled	SPOkGoodGood	Alarm(_G_-ENTRY,merge_hunk-43923)
429	0.0107753	FalseGround	Unlabelled	SPOkGoodGood	Alarm(_G_-ENTRY,merge_hunk-43924)
430	0.0107753	FalseGround	Unlabelled	SPOkGoodGood	Alarm(_G_-ENTRY,merge_hunk-43945)
431	0.0107753	FalseGround	Unlabelled	SPOkGoodGood	Alarm(_G_-ENTRY,merge_hunk-43946)
432	0.0107753	FalseGround	Unlabelled	SPOkGoodGood	Alarm(_G_-ENTRY,merge_hunk-43955)
433	0.0107753	FalseGround	Unlabelled	SPOkGoodGood	Alarm(_G_-ENTRY,merge_hunk-43956)
434	0.0107753	FalseGround	Unlabelled	SPOkGoodGood	Alarm(_G_-ENTRY,merge_hunk-43963)
435	0.0107753	FalseGround	Unlabelled	SPOkGoodGood	Alarm(_G_-ENTRY,merge_hunk-43964)
436	0.0107753	FalseGround	Unlabelled	SPOkGoodGood	Alarm(_G_-ENTRY,merge_hunk-43967)
437	0.0107753	FalseGround	Unlabelled	SPOkGoodGood	Alarm(_G_-ENTRY,merge_hunk-43968)
438	0.0107753	FalseGround	Unlabelled	SPOkGoodGood	Alarm(_G_-ENTRY,merge_hunk-43973)
439	0.0107753	FalseGround	Unlabelled	SPOkGoodGood	Alarm(_G_-ENTRY,merge_hunk-43974)
440	0.0107753	FalseGround	Unlabelled	SPOkGoodGood	Alarm(_G_-ENTRY,merge_hunk-43989)
441	0.0107753	FalseGround	Unlabelled	SPOkGoodGood	Alarm(_G_-ENTRY,merge_hunk-43990)
442	0.00872796	FalseGround	Unlabelled	SPOkGoodGood	Alarm(_G_-ENTRY,pch_normalize-49677)
443	0.0071092	FalseGround	Unlabelled	SPOkGoodGood	Alarm(_G_-ENTRY,removedirs-45851)
444	0.0071092	FalseGround	Unlabelled	SPOkGoodGood	Alarm(_G_-ENTRY,removedirs-45852)
445	0.00681017	FalseGround	Unlabelled	SPOkGoodGood	Alarm(_G_-ENTRY,pch_normalize-49654)
446	0.00681017	FalseGround	Unlabelled	SPOkGoodGood	Alarm(_G_-ENTRY,pch_normalize-49655)
447	0.00647147	FalseGround	Unlabelled	SPOkGoodGood	Alarm(_G_-ENTRY,mdir_name-42739)
448	0.0053162	FalseGround	Unlabelled	SPOkGoodGood	Alarm(_G_-ENTRY,removedirs-45849)
449	0.0053162	FalseGround	Unlabelled	SPOkGoodGood	Alarm(_G_-ENTRY,removedirs-45850)
450	0.00403071	FalseGround	Unlabelled	SPOkGoodGood	Alarm(_G_-ENTRY,format_linenum-45533)
451	0.00376902	FalseGround	Unlabelled	SPOkGoodGood	Alarm(_G_-ENTRY,removedirs-45853)
452	0.00376902	FalseGround	Unlabelled	SPOkGoodGood	Alarm(_G_-ENTRY,removedirs-45854)
453	0.00304325	FalseGround	Unlabelled	SPOkGoodGood	Alarm(_G_-ENTRY,another_hunk-48471)
454	0.00304325	FalseGround	Unlabelled	SPOkGoodGood	Alarm(_G_-ENTRY,diag-43560)
455	0.00304325	FalseGround	Unlabelled	SPOkGoodGood	Alarm(_G_-ENTRY,diag-43561)
456	0.00304325	FalseGround	Unlabelled	SPOkGoodGood	Alarm(_G_-ENTRY,merge_hunk-44060)
457	0.00246503	FalseGround	Unlabelled	SPOkGoodGood	Alarm(_G_-ENTRY,another_hunk-47984)
458	0.00246503	FalseGround	Unlabelled	SPOkGoodGood	Alarm(_G_-ENTRY,another_hunk-47985)
459	0.00246503	FalseGround	Unlabelled	SPOkGoodGood	Alarm(_G_-ENTRY,another_hunk-47986)
460	0.00246503	FalseGround	Unlabelled	SPOkGoodGood	Alarm(_G_-ENTRY,another_hunk-47987)
461	0.00246503	FalseGround	Unlabelled	SPOkGoodGood	Alarm(_G_-ENTRY,another_hunk-47988)
462	0.00246503	FalseGround	Unlabelled	SPOkGoodGood	Alarm(_G_-ENTRY,another_hunk-47989)
463	0.00246503	FalseGround	Unlabelled	SPOkGoodGood	Alarm(_G_-ENTRY,pch_normalize-49626)
464	0.00246503	FalseGround	Unlabelled	SPOkGoodGood	Alarm(_G_-ENTRY,pch_normalize-49627)
465	0.00246503	FalseGround	Unlabelled	SPOkGoodGood	Alarm(_G_-ENTRY,pch_normalize-49628)
466	0.00246503	FalseGround	Unlabelled	SPOkGoodGood	Alarm(_G_-ENTRY,pch_normalize-49629)
467	0.00204102	FalseGround	Unlabelled	SPOkGoodGood	Alarm(_G_-ENTRY,mdir_name-42743)
468	0.00159433	FalseGround	Unlabelled	SPOkGoodGood	Alarm(_G_-ENTRY,mdir_name-42742)
469	0.00154615	FalseGround	Unlabelled	SPOkGoodGood	Alarm(_G_-ENTRY,removedirs-45872)
470	0.00151094	FalseGround	Unlabelled	SPOkGoodGood	Alarm(_G_-ENTRY,strcaseeq2-38272)
471	0.00125238	FalseGround	Unlabelled	SPOkGoodGood	Alarm(_G_-ENTRY,removedirs-45857)
472	0.00125238	FalseGround	Unlabelled	SPOkGoodGood	Alarm(_G_-ENTRY,removedirs-45858)
473	0.00125238	FalseGround	Unlabelled	SPOkGoodGood	Alarm(_G_-ENTRY,removedirs-45859)
474	0.00125238	FalseGround	Unlabelled	SPOkGoodGood	Alarm(_G_-ENTRY,removedirs-45860)
475	0.00125238	FalseGround	Unlabelled	SPOkGoodGood	Alarm(_G_-ENTRY,removedirs-45863)
476	0.00125238	FalseGround	Unlabelled	SPOkGoodGood	Alarm(_G_-ENTRY,removedirs-45864)
477	0.000563921	FalseGround	Unlabelled	SPOkGoodGood	Alarm(_G_-ENTRY,diag-43565)
478	0.000563921	FalseGround	Unlabelled	SPOkGoodGood	Alarm(_G_-ENTRY,diag-43568)
479	0.000563921	FalseGround	Unlabelled	SPOkGoodGood	Alarm(_G_-ENTRY,diag-43571)
480	0.000563921	FalseGround	Unlabelled	SPOkGoodGood	Alarm(_G_-ENTRY,diag-43572)
481	0.000563921	FalseGround	Unlabelled	SPOkGoodGood	Alarm(_G_-ENTRY,diag-43583)
482	0.000563921	FalseGround	Unlabelled	SPOkGoodGood	Alarm(_G_-ENTRY,diag-43590)
483	0.000563921	FalseGround	Unlabelled	SPOkGoodGood	Alarm(_G_-ENTRY,diag-43593)
484	0.000563921	FalseGround	Unlabelled	SPOkGoodGood	Alarm(_G_-ENTRY,diag-43596)
485	0.000563921	FalseGround	Unlabelled	SPOkGoodGood	Alarm(_G_-ENTRY,diag-43597)
486	0.000563921	FalseGround	Unlabelled	SPOkGoodGood	Alarm(_G_-ENTRY,diag-43608)
487	0.000563921	FalseGround	Unlabelled	SPOkGoodGood	Alarm(_G_-ENTRY,diag-43617)
488	0.000563921	FalseGround	Unlabelled	SPOkGoodGood	Alarm(_G_-ENTRY,diag-43633)
489	0.000456776	FalseGround	Unlabelled	SPOkGoodGood	Alarm(_G_-ENTRY,diag-43451)
490	0.000456776	FalseGround	Unlabelled	SPOkGoodGood	Alarm(_G_-ENTRY,diag-43452)
491	0.000456776	FalseGround	Unlabelled	SPOkGoodGood	Alarm(_G_-ENTRY,diag-43475)
492	0.000456776	FalseGround	Unlabelled	SPOkGoodGood	Alarm(_G_-ENTRY,diag-43476)
493	6.85596e-05	FalseGround	Unlabelled	SPOkGoodGood	Alarm(_G_-ENTRY,dir_len-42718)
494	6.85596e-05	FalseGround	Unlabelled	SPOkGoodGood	Alarm(_G_-ENTRY,dir_len-42719)
495	3.90137e-05	FalseGround	Unlabelled	SPOkGoodGood	Alarm(_G_-ENTRY,strcaseeq3-38265)
496	5.46876e-06	FalseGround	Unlabelled	SPOkGoodGood	Alarm(_G_-ENTRY,set_program_name-39374)
497	5.46876e-06	FalseGround	Unlabelled	SPOkGoodGood	Alarm(_G_-ENTRY,set_program_name-39376)
498	4.33636e-07	FalseGround	Unlabelled	SPOkGoodGood	Alarm(_G_-ENTRY,strcaseeq4-38258)
499	2.07479e-09	FalseGround	Unlabelled	SPOkGoodGood	Alarm(_G_-ENTRY,strcaseeq5-38251)
500	4.27328e-12	FalseGround	Unlabelled	SPOkGoodGood	Alarm(_G_-ENTRY,strcaseeq6-38244)
501	5.98049e-16	FalseGround	Unlabelled	SPOkGoodGood	Alarm(_G_-ENTRY,strcaseeq7-38237)
502	5.11703e-20	FalseGround	Unlabelled	SPOkGoodGood	Alarm(_G_-ENTRY,strcaseeq8-38230)
