Rank	Confidence	Ground	Label	Comments	Tuple
1	0.815146	FalseGround	Unlabelled	SPOkGoodGood	Alarm(_G_-ENTRY,check_line_endings-52093)
2	0.815146	FalseGround	Unlabelled	SPOkGoodGood	Alarm(_G_-ENTRY,check_line_endings-52094)
3	0.815146	FalseGround	Unlabelled	SPOkGoodGood	Alarm(_G_-ENTRY,check_line_endings-52095)
4	0.815146	FalseGround	Unlabelled	SPOkGoodGood	Alarm(_G_-ENTRY,check_line_endings-52096)
5	0.812598	FalseGround	Unlabelled	SPOkGoodGood	Alarm(_G_-ENTRY,get_charset_aliases-41423)
6	0.811531	FalseGround	Unlabelled	SPOkGoodGood	Alarm(_G_-ENTRY,main-49829)
7	0.81126	FalseGround	Unlabelled	SPOkGoodGood	Alarm(_G_-ENTRY,yyparse-40470)
8	0.81126	FalseGround	Unlabelled	SPOkGoodGood	Alarm(_G_-ENTRY,yyparse-40476)
9	0.81126	FalseGround	Unlabelled	SPOkGoodGood	Alarm(_G_-ENTRY,yyparse-40482)
10	0.81126	FalseGround	Unlabelled	SPOkGoodGood	Alarm(_G_-ENTRY,yyparse-40488)
11	0.81126	FalseGround	Unlabelled	SPOkGoodGood	Alarm(_G_-ENTRY,yyparse-40494)
12	0.81126	FalseGround	Unlabelled	SPOkGoodGood	Alarm(_G_-ENTRY,yyparse-40500)
13	0.81126	FalseGround	Unlabelled	SPOkGoodGood	Alarm(_G_-ENTRY,yyparse-40502)
14	0.81126	FalseGround	Unlabelled	SPOkGoodGood	Alarm(_G_-ENTRY,yyparse-40503)
15	0.81126	FalseGround	Unlabelled	SPOkGoodGood	Alarm(_G_-ENTRY,yyparse-40505)
16	0.81126	FalseGround	Unlabelled	SPOkGoodGood	Alarm(_G_-ENTRY,yyparse-40506)
17	0.81126	FalseGround	Unlabelled	SPOkGoodGood	Alarm(_G_-ENTRY,yyparse-40510)
18	0.81126	FalseGround	Unlabelled	SPOkGoodGood	Alarm(_G_-ENTRY,yyparse-40512)
19	0.81126	FalseGround	Unlabelled	SPOkGoodGood	Alarm(_G_-ENTRY,yyparse-40514)
20	0.81126	FalseGround	Unlabelled	SPOkGoodGood	Alarm(_G_-ENTRY,yyparse-40516)
21	0.81126	FalseGround	Unlabelled	SPOkGoodGood	Alarm(_G_-ENTRY,yyparse-40518)
22	0.81126	FalseGround	Unlabelled	SPOkGoodGood	Alarm(_G_-ENTRY,yyparse-40520)
23	0.809033	FalseGround	Unlabelled	SPOkGoodGood	Alarm(_G_-ENTRY,another_hunk-48903)
24	0.807941	FalseGround	Unlabelled	SPOkGoodGood	Alarm(_G_-ENTRY,intuit_diff_type-47106)
25	0.807941	FalseGround	Unlabelled	SPOkGoodGood	Alarm(_G_-ENTRY,intuit_diff_type-47107)
26	0.807941	FalseGround	Unlabelled	SPOkGoodGood	Alarm(_G_-ENTRY,intuit_diff_type-47108)
27	0.807941	FalseGround	Unlabelled	SPOkGoodGood	Alarm(_G_-ENTRY,intuit_diff_type-47109)
28	0.807941	FalseGround	Unlabelled	SPOkGoodGood	Alarm(_G_-ENTRY,intuit_diff_type-47110)
29	0.807941	FalseGround	Unlabelled	SPOkGoodGood	Alarm(_G_-ENTRY,intuit_diff_type-47111)
30	0.807941	FalseGround	Unlabelled	SPOkGoodGood	Alarm(_G_-ENTRY,intuit_diff_type-47112)
31	0.807941	FalseGround	Unlabelled	SPOkGoodGood	Alarm(_G_-ENTRY,intuit_diff_type-47113)
32	0.807941	FalseGround	Unlabelled	SPOkGoodGood	Alarm(_G_-ENTRY,intuit_diff_type-47114)
33	0.807941	FalseGround	Unlabelled	SPOkGoodGood	Alarm(_G_-ENTRY,intuit_diff_type-47115)
34	0.807941	FalseGround	Unlabelled	SPOkGoodGood	Alarm(_G_-ENTRY,intuit_diff_type-47116)
35	0.807941	FalseGround	Unlabelled	SPOkGoodGood	Alarm(_G_-ENTRY,intuit_diff_type-47117)
36	0.807941	FalseGround	Unlabelled	SPOkGoodGood	Alarm(_G_-ENTRY,intuit_diff_type-47142)
37	0.807941	FalseGround	Unlabelled	SPOkGoodGood	Alarm(_G_-ENTRY,intuit_diff_type-47143)
38	0.807941	FalseGround	Unlabelled	SPOkGoodGood	Alarm(_G_-ENTRY,intuit_diff_type-47144)
39	0.807941	FalseGround	Unlabelled	SPOkGoodGood	Alarm(_G_-ENTRY,intuit_diff_type-47145)
40	0.805346	FalseGround	Unlabelled	SPOkGoodGood	Alarm(_G_-ENTRY,quotearg_buffer_restyled-38935)
41	0.805346	FalseGround	Unlabelled	SPOkGoodGood	Alarm(_G_-ENTRY,quotearg_buffer_restyled-39010)
42	0.80333	TrueGround	Unlabelled	SPOkGoodGood	Alarm(_G_-ENTRY,pch_write_line-49430)
43	0.80333	FalseGround	Unlabelled	SPOkGoodGood	Alarm(_G_-ENTRY,pch_write_line-49431)
44	0.799816	FalseGround	Unlabelled	SPOkGoodGood	Alarm(_G_-ENTRY,find_backup_file_name-43188)
45	0.798802	FalseGround	Unlabelled	SPOkGoodGood	Alarm(_G_-ENTRY,numeric_string-51199)
46	0.798746	FalseGround	Unlabelled	SPOkGoodGood	Alarm(_G_-ENTRY,pch_char-48294)
47	0.789759	FalseGround	Unlabelled	SPOkGoodGood	Alarm(_G_-ENTRY,gen_tempname-38128)
48	0.788334	FalseGround	Unlabelled	SPOkGoodGood	Alarm(_G_-ENTRY,yyparse-40563)
49	0.781403	FalseGround	Unlabelled	SPOkGoodGood	Alarm(_G_-ENTRY,yyparse-40409)
50	0.781403	FalseGround	Unlabelled	SPOkGoodGood	Alarm(_G_-ENTRY,yyparse-40523)
51	0.781403	FalseGround	Unlabelled	SPOkGoodGood	Alarm(_G_-ENTRY,yyparse-40525)
52	0.774929	FalseGround	Unlabelled	SPOkGoodGood	Alarm(_G_-ENTRY,create_backup-44628)
53	0.774929	FalseGround	Unlabelled	SPOkGoodGood	Alarm(_G_-ENTRY,create_backup-44630)
54	0.774929	FalseGround	Unlabelled	SPOkGoodGood	Alarm(_G_-ENTRY,plan_a-52687)
55	0.760902	FalseGround	Unlabelled	SPOkGoodGood	Alarm(_G_-ENTRY,yyparse-40420)
56	0.760902	FalseGround	Unlabelled	SPOkGoodGood	Alarm(_G_-ENTRY,yyparse-40422)
57	0.760902	FalseGround	Unlabelled	SPOkGoodGood	Alarm(_G_-ENTRY,yyparse-40464)
58	0.760902	FalseGround	Unlabelled	SPOkGoodGood	Alarm(_G_-ENTRY,yyparse-40465)
59	0.760902	FalseGround	Unlabelled	SPOkGoodGood	Alarm(_G_-ENTRY,yyparse-40466)
60	0.760902	FalseGround	Unlabelled	SPOkGoodGood	Alarm(_G_-ENTRY,yyparse-40468)
61	0.760902	FalseGround	Unlabelled	SPOkGoodGood	Alarm(_G_-ENTRY,yyparse-40474)
62	0.760902	FalseGround	Unlabelled	SPOkGoodGood	Alarm(_G_-ENTRY,yyparse-40480)
63	0.760902	FalseGround	Unlabelled	SPOkGoodGood	Alarm(_G_-ENTRY,yyparse-40484)
64	0.760902	FalseGround	Unlabelled	SPOkGoodGood	Alarm(_G_-ENTRY,yyparse-40486)
65	0.760902	FalseGround	Unlabelled	SPOkGoodGood	Alarm(_G_-ENTRY,yyparse-40492)
66	0.760902	FalseGround	Unlabelled	SPOkGoodGood	Alarm(_G_-ENTRY,yyparse-40498)
67	0.760902	FalseGround	Unlabelled	SPOkGoodGood	Alarm(_G_-ENTRY,yyparse-40522)
68	0.760902	FalseGround	Unlabelled	SPOkGoodGood	Alarm(_G_-ENTRY,yyparse-40529)
69	0.750155	FalseGround	Unlabelled	SPOkGoodGood	Alarm(_G_-ENTRY,another_hunk-48042)
70	0.747697	FalseGround	Unlabelled	SPOkGoodGood	Alarm(_G_-ENTRY,another_hunk-48041)
71	0.747697	FalseGround	Unlabelled	SPOkGoodGood	Alarm(_G_-ENTRY,another_hunk-48043)
72	0.744807	FalseGround	Unlabelled	SPOkGoodGood	Alarm(_G_-ENTRY,another_hunk-48074)
73	0.744807	FalseGround	Unlabelled	SPOkGoodGood	Alarm(_G_-ENTRY,another_hunk-48076)
74	0.735601	FalseGround	Unlabelled	SPOkGoodGood	Alarm(_G_-ENTRY,ifetch-52903)
75	0.735601	FalseGround	Unlabelled	SPOkGoodGood	Alarm(_G_-ENTRY,ifetch-52904)
76	0.729105	FalseGround	Unlabelled	SPOkGoodGood	Alarm(_G_-ENTRY,pget_line-49267)
77	0.729105	FalseGround	Unlabelled	SPOkGoodGood	Alarm(_G_-ENTRY,pget_line-49268)
78	0.729	FalseGround	Unlabelled	SPOkGoodGood	Alarm(_G_-ENTRY,argmatch-43255)
79	0.729	FalseGround	Unlabelled	SPOkGoodGood	Alarm(_G_-ENTRY,numbered_backup-43133)
80	0.729	FalseGround	Unlabelled	SPOkGoodGood	Alarm(_G_-ENTRY,numbered_backup-43139)
81	0.725894	FalseGround	Unlabelled	SPOkGoodGood	Alarm(_G_-ENTRY,another_hunk-48075)
82	0.725894	FalseGround	Unlabelled	SPOkGoodGood	Alarm(_G_-ENTRY,another_hunk-48077)
83	0.723396	FalseGround	Unlabelled	SPOkGoodGood	Alarm(_G_-ENTRY,find_backup_file_name-43184)
84	0.722713	FalseGround	Unlabelled	SPOkGoodGood	Alarm(_G_-ENTRY,get_ed_command_letter-49459)
85	0.722713	FalseGround	Unlabelled	SPOkGoodGood	Alarm(_G_-ENTRY,get_ed_command_letter-49460)
86	0.722713	FalseGround	Unlabelled	SPOkGoodGood	Alarm(_G_-ENTRY,get_ed_command_letter-49461)
87	0.722713	FalseGround	Unlabelled	SPOkGoodGood	Alarm(_G_-ENTRY,get_ed_command_letter-49462)
88	0.722713	FalseGround	Unlabelled	SPOkGoodGood	Alarm(_G_-ENTRY,get_ed_command_letter-49463)
89	0.722713	FalseGround	Unlabelled	SPOkGoodGood	Alarm(_G_-ENTRY,get_ed_command_letter-49464)
90	0.720578	FalseGround	Unlabelled	SPOkGoodGood	Alarm(_G_-ENTRY,pch_swap-49387)
91	0.710614	FalseGround	Unlabelled	SPOkGoodGood	Alarm(_G_-ENTRY,yyparse-40390)
92	0.710614	FalseGround	Unlabelled	SPOkGoodGood	Alarm(_G_-ENTRY,yyparse-40399)
93	0.710614	FalseGround	Unlabelled	SPOkGoodGood	Alarm(_G_-ENTRY,yyparse-40401)
94	0.710614	FalseGround	Unlabelled	SPOkGoodGood	Alarm(_G_-ENTRY,yyparse-40405)
95	0.710614	FalseGround	Unlabelled	SPOkGoodGood	Alarm(_G_-ENTRY,yyparse-40407)
96	0.710614	FalseGround	Unlabelled	SPOkGoodGood	Alarm(_G_-ENTRY,yyparse-40412)
97	0.710614	FalseGround	Unlabelled	SPOkGoodGood	Alarm(_G_-ENTRY,yyparse-40423)
98	0.710614	FalseGround	Unlabelled	SPOkGoodGood	Alarm(_G_-ENTRY,yyparse-40433)
99	0.710614	FalseGround	Unlabelled	SPOkGoodGood	Alarm(_G_-ENTRY,yyparse-40435)
100	0.710614	FalseGround	Unlabelled	SPOkGoodGood	Alarm(_G_-ENTRY,yyparse-40436)
101	0.710614	FalseGround	Unlabelled	SPOkGoodGood	Alarm(_G_-ENTRY,yyparse-40437)
102	0.710614	FalseGround	Unlabelled	SPOkGoodGood	Alarm(_G_-ENTRY,yyparse-40438)
103	0.710614	FalseGround	Unlabelled	SPOkGoodGood	Alarm(_G_-ENTRY,yyparse-40439)
104	0.710614	FalseGround	Unlabelled	SPOkGoodGood	Alarm(_G_-ENTRY,yyparse-40440)
105	0.710614	FalseGround	Unlabelled	SPOkGoodGood	Alarm(_G_-ENTRY,yyparse-40441)
106	0.710614	FalseGround	Unlabelled	SPOkGoodGood	Alarm(_G_-ENTRY,yyparse-40442)
107	0.710614	FalseGround	Unlabelled	SPOkGoodGood	Alarm(_G_-ENTRY,yyparse-40443)
108	0.710614	FalseGround	Unlabelled	SPOkGoodGood	Alarm(_G_-ENTRY,yyparse-40445)
109	0.710614	FalseGround	Unlabelled	SPOkGoodGood	Alarm(_G_-ENTRY,yyparse-40446)
110	0.710614	FalseGround	Unlabelled	SPOkGoodGood	Alarm(_G_-ENTRY,yyparse-40448)
111	0.710614	FalseGround	Unlabelled	SPOkGoodGood	Alarm(_G_-ENTRY,yyparse-40449)
112	0.710614	FalseGround	Unlabelled	SPOkGoodGood	Alarm(_G_-ENTRY,yyparse-40450)
113	0.710614	FalseGround	Unlabelled	SPOkGoodGood	Alarm(_G_-ENTRY,yyparse-40452)
114	0.710614	FalseGround	Unlabelled	SPOkGoodGood	Alarm(_G_-ENTRY,yyparse-40454)
115	0.710614	FalseGround	Unlabelled	SPOkGoodGood	Alarm(_G_-ENTRY,yyparse-40455)
116	0.710614	FalseGround	Unlabelled	SPOkGoodGood	Alarm(_G_-ENTRY,yyparse-40456)
117	0.710614	FalseGround	Unlabelled	SPOkGoodGood	Alarm(_G_-ENTRY,yyparse-40458)
118	0.710614	FalseGround	Unlabelled	SPOkGoodGood	Alarm(_G_-ENTRY,yyparse-40460)
119	0.710614	FalseGround	Unlabelled	SPOkGoodGood	Alarm(_G_-ENTRY,yyparse-40461)
120	0.710614	FalseGround	Unlabelled	SPOkGoodGood	Alarm(_G_-ENTRY,yyparse-40462)
121	0.710614	FalseGround	Unlabelled	SPOkGoodGood	Alarm(_G_-ENTRY,yyparse-40463)
122	0.710614	FalseGround	Unlabelled	SPOkGoodGood	Alarm(_G_-ENTRY,yyparse-40527)
123	0.710614	FalseGround	Unlabelled	SPOkGoodGood	Alarm(_G_-ENTRY,yyparse-40528)
124	0.710614	FalseGround	Unlabelled	SPOkGoodGood	Alarm(_G_-ENTRY,yyparse-40531)
125	0.697998	FalseGround	Unlabelled	SPOkGoodGood	Alarm(_G_-ENTRY,yyparse-40301)
126	0.697998	FalseGround	Unlabelled	SPOkGoodGood	Alarm(_G_-ENTRY,yyparse-40302)
127	0.692819	FalseGround	Unlabelled	SPOkGoodGood	Alarm(_G_-ENTRY,pget_line-49236)
128	0.692819	FalseGround	Unlabelled	SPOkGoodGood	Alarm(_G_-ENTRY,pget_line-49237)
129	0.662249	FalseGround	Unlabelled	SPOkGoodGood	Alarm(_G_-ENTRY,gen_tempname-38130)
130	0.662249	FalseGround	Unlabelled	SPOkGoodGood	Alarm(_G_-ENTRY,gen_tempname-38132)
131	0.662249	FalseGround	Unlabelled	SPOkGoodGood	Alarm(_G_-ENTRY,gen_tempname-38134)
132	0.662249	FalseGround	Unlabelled	SPOkGoodGood	Alarm(_G_-ENTRY,gen_tempname-38136)
133	0.656335	FalseGround	Unlabelled	SPOkGoodGood	Alarm(_G_-ENTRY,removedirs-45876)
134	0.656195	FalseGround	Unlabelled	SPOkGoodGood	Alarm(_G_-ENTRY,format_linenum-45531)
135	0.656195	FalseGround	Unlabelled	SPOkGoodGood	Alarm(_G_-ENTRY,format_linenum-45535)
136	0.6561	FalseGround	Unlabelled	SPOkGoodGood	Alarm(_G_-ENTRY,create_backup-44627)
137	0.6561	FalseGround	Unlabelled	SPOkGoodGood	Alarm(_G_-ENTRY,create_backup-44629)
138	0.6561	FalseGround	Unlabelled	SPOkGoodGood	Alarm(_G_-ENTRY,create_backup-44631)
139	0.6561	FalseGround	Unlabelled	SPOkGoodGood	Alarm(_G_-ENTRY,get_some_switches-51084)
140	0.6561	FalseGround	Unlabelled	SPOkGoodGood	Alarm(_G_-ENTRY,numbered_backup-43118)
141	0.6561	FalseGround	Unlabelled	SPOkGoodGood	Alarm(_G_-ENTRY,pch_normalize-49646)
142	0.6561	FalseGround	Unlabelled	SPOkGoodGood	Alarm(_G_-ENTRY,pch_normalize-49647)
143	0.6561	FalseGround	Unlabelled	SPOkGoodGood	Alarm(_G_-ENTRY,pch_normalize-49662)
144	0.6561	FalseGround	Unlabelled	SPOkGoodGood	Alarm(_G_-ENTRY,pch_normalize-49663)
145	0.6561	FalseGround	Unlabelled	SPOkGoodGood	Alarm(_G_-ENTRY,plan_a-52682)
146	0.6561	FalseGround	Unlabelled	SPOkGoodGood	Alarm(_G_-ENTRY,plan_a-52683)
147	0.6561	FalseGround	Unlabelled	SPOkGoodGood	Alarm(_G_-ENTRY,replace_slashes-45800)
148	0.6561	FalseGround	Unlabelled	SPOkGoodGood	Alarm(_G_-ENTRY,replace_slashes-45801)
149	0.623267	FalseGround	Unlabelled	SPOkGoodGood	Alarm(_G_-ENTRY,merge_hunk-44066)
150	0.609064	FalseGround	Unlabelled	SPOkGoodGood	Alarm(_G_-ENTRY,pch_normalize-49654)
151	0.609064	FalseGround	Unlabelled	SPOkGoodGood	Alarm(_G_-ENTRY,pch_normalize-49655)
152	0.59049	FalseGround	Unlabelled	SPOkGoodGood	Alarm(_G_-ENTRY,base_len-42948)
153	0.59049	FalseGround	Unlabelled	SPOkGoodGood	Alarm(_G_-ENTRY,base_len-42949)
154	0.59049	FalseGround	Unlabelled	SPOkGoodGood	Alarm(_G_-ENTRY,create_backup-44552)
155	0.59049	FalseGround	Unlabelled	SPOkGoodGood	Alarm(_G_-ENTRY,create_backup-44553)
156	0.59049	FalseGround	Unlabelled	SPOkGoodGood	Alarm(_G_-ENTRY,gen_tempname-38126)
157	0.59049	FalseGround	Unlabelled	SPOkGoodGood	Alarm(_G_-ENTRY,last_component-42932)
158	0.59049	FalseGround	Unlabelled	SPOkGoodGood	Alarm(_G_-ENTRY,last_component-42933)
159	0.59049	FalseGround	Unlabelled	SPOkGoodGood	Alarm(_G_-ENTRY,merge_hunk-43941)
160	0.59049	FalseGround	Unlabelled	SPOkGoodGood	Alarm(_G_-ENTRY,merge_hunk-43942)
161	0.59049	FalseGround	Unlabelled	SPOkGoodGood	Alarm(_G_-ENTRY,merge_hunk-43953)
162	0.59049	FalseGround	Unlabelled	SPOkGoodGood	Alarm(_G_-ENTRY,merge_hunk-43954)
163	0.59049	FalseGround	Unlabelled	SPOkGoodGood	Alarm(_G_-ENTRY,merge_hunk-43959)
164	0.59049	FalseGround	Unlabelled	SPOkGoodGood	Alarm(_G_-ENTRY,merge_hunk-43960)
165	0.59049	FalseGround	Unlabelled	SPOkGoodGood	Alarm(_G_-ENTRY,merge_hunk-43975)
166	0.59049	FalseGround	Unlabelled	SPOkGoodGood	Alarm(_G_-ENTRY,merge_hunk-43976)
167	0.59049	FalseGround	Unlabelled	SPOkGoodGood	Alarm(_G_-ENTRY,merge_hunk-43977)
168	0.59049	FalseGround	Unlabelled	SPOkGoodGood	Alarm(_G_-ENTRY,merge_hunk-43978)
169	0.59049	FalseGround	Unlabelled	SPOkGoodGood	Alarm(_G_-ENTRY,merge_hunk-43987)
170	0.59049	FalseGround	Unlabelled	SPOkGoodGood	Alarm(_G_-ENTRY,merge_hunk-43988)
171	0.59049	FalseGround	Unlabelled	SPOkGoodGood	Alarm(_G_-ENTRY,numbered_backup-43121)
172	0.59049	FalseGround	Unlabelled	SPOkGoodGood	Alarm(_G_-ENTRY,numeric_string-51173)
173	0.59049	FalseGround	Unlabelled	SPOkGoodGood	Alarm(_G_-ENTRY,numeric_string-51174)
174	0.59049	FalseGround	Unlabelled	SPOkGoodGood	Alarm(_G_-ENTRY,numeric_string-51175)
175	0.59049	FalseGround	Unlabelled	SPOkGoodGood	Alarm(_G_-ENTRY,numeric_string-51176)
176	0.59049	FalseGround	Unlabelled	SPOkGoodGood	Alarm(_G_-ENTRY,pch_normalize-49638)
177	0.59049	FalseGround	Unlabelled	SPOkGoodGood	Alarm(_G_-ENTRY,pch_normalize-49639)
178	0.59049	FalseGround	Unlabelled	SPOkGoodGood	Alarm(_G_-ENTRY,pch_normalize-49673)
179	0.59049	FalseGround	Unlabelled	SPOkGoodGood	Alarm(_G_-ENTRY,pget_line-49262)
180	0.59049	FalseGround	Unlabelled	SPOkGoodGood	Alarm(_G_-ENTRY,plan_a-52627)
181	0.59049	FalseGround	Unlabelled	SPOkGoodGood	Alarm(_G_-ENTRY,plan_a-52628)
182	0.59049	FalseGround	Unlabelled	SPOkGoodGood	Alarm(_G_-ENTRY,savebuf-45512)
183	0.59049	FalseGround	Unlabelled	SPOkGoodGood	Alarm(_G_-ENTRY,xmemdup-36593)
184	0.587097	FalseGround	Unlabelled	SPOkGoodGood	Alarm(_G_-ENTRY,quotearg_buffer_restyled-38907)
185	0.587097	FalseGround	Unlabelled	SPOkGoodGood	Alarm(_G_-ENTRY,quotearg_buffer_restyled-38917)
186	0.587097	FalseGround	Unlabelled	SPOkGoodGood	Alarm(_G_-ENTRY,quotearg_buffer_restyled-38925)
187	0.587097	FalseGround	Unlabelled	SPOkGoodGood	Alarm(_G_-ENTRY,quotearg_buffer_restyled-38936)
188	0.587097	FalseGround	Unlabelled	SPOkGoodGood	Alarm(_G_-ENTRY,quotearg_buffer_restyled-38938)
189	0.587097	FalseGround	Unlabelled	SPOkGoodGood	Alarm(_G_-ENTRY,quotearg_buffer_restyled-38940)
190	0.587097	FalseGround	Unlabelled	SPOkGoodGood	Alarm(_G_-ENTRY,quotearg_buffer_restyled-38943)
191	0.587097	FalseGround	Unlabelled	SPOkGoodGood	Alarm(_G_-ENTRY,quotearg_buffer_restyled-38945)
192	0.587097	FalseGround	Unlabelled	SPOkGoodGood	Alarm(_G_-ENTRY,quotearg_buffer_restyled-38947)
193	0.587097	FalseGround	Unlabelled	SPOkGoodGood	Alarm(_G_-ENTRY,quotearg_buffer_restyled-38949)
194	0.587097	FalseGround	Unlabelled	SPOkGoodGood	Alarm(_G_-ENTRY,quotearg_buffer_restyled-38951)
195	0.587097	FalseGround	Unlabelled	SPOkGoodGood	Alarm(_G_-ENTRY,quotearg_buffer_restyled-38962)
196	0.587097	FalseGround	Unlabelled	SPOkGoodGood	Alarm(_G_-ENTRY,quotearg_buffer_restyled-38964)
197	0.587097	FalseGround	Unlabelled	SPOkGoodGood	Alarm(_G_-ENTRY,quotearg_buffer_restyled-38966)
198	0.587097	FalseGround	Unlabelled	SPOkGoodGood	Alarm(_G_-ENTRY,quotearg_buffer_restyled-38968)
199	0.587097	FalseGround	Unlabelled	SPOkGoodGood	Alarm(_G_-ENTRY,quotearg_buffer_restyled-38988)
200	0.587097	FalseGround	Unlabelled	SPOkGoodGood	Alarm(_G_-ENTRY,quotearg_buffer_restyled-38990)
201	0.587097	FalseGround	Unlabelled	SPOkGoodGood	Alarm(_G_-ENTRY,quotearg_buffer_restyled-38992)
202	0.587097	FalseGround	Unlabelled	SPOkGoodGood	Alarm(_G_-ENTRY,quotearg_buffer_restyled-38995)
203	0.587097	FalseGround	Unlabelled	SPOkGoodGood	Alarm(_G_-ENTRY,quotearg_buffer_restyled-38998)
204	0.587097	FalseGround	Unlabelled	SPOkGoodGood	Alarm(_G_-ENTRY,quotearg_buffer_restyled-39001)
205	0.587097	FalseGround	Unlabelled	SPOkGoodGood	Alarm(_G_-ENTRY,quotearg_buffer_restyled-39002)
206	0.587097	FalseGround	Unlabelled	SPOkGoodGood	Alarm(_G_-ENTRY,quotearg_buffer_restyled-39004)
207	0.587097	FalseGround	Unlabelled	SPOkGoodGood	Alarm(_G_-ENTRY,quotearg_buffer_restyled-39007)
208	0.574696	FalseGround	Unlabelled	SPOkGoodGood	Alarm(_G_-ENTRY,yyparse-40400)
209	0.574696	FalseGround	Unlabelled	SPOkGoodGood	Alarm(_G_-ENTRY,yyparse-40402)
210	0.574696	FalseGround	Unlabelled	SPOkGoodGood	Alarm(_G_-ENTRY,yyparse-40404)
211	0.574696	FalseGround	Unlabelled	SPOkGoodGood	Alarm(_G_-ENTRY,yyparse-40413)
212	0.574696	FalseGround	Unlabelled	SPOkGoodGood	Alarm(_G_-ENTRY,yyparse-40414)
213	0.574696	FalseGround	Unlabelled	SPOkGoodGood	Alarm(_G_-ENTRY,yyparse-40416)
214	0.574696	FalseGround	Unlabelled	SPOkGoodGood	Alarm(_G_-ENTRY,yyparse-40417)
215	0.574696	FalseGround	Unlabelled	SPOkGoodGood	Alarm(_G_-ENTRY,yyparse-40419)
216	0.574696	FalseGround	Unlabelled	SPOkGoodGood	Alarm(_G_-ENTRY,yyparse-40424)
217	0.574696	FalseGround	Unlabelled	SPOkGoodGood	Alarm(_G_-ENTRY,yyparse-40425)
218	0.574696	FalseGround	Unlabelled	SPOkGoodGood	Alarm(_G_-ENTRY,yyparse-40426)
219	0.574696	FalseGround	Unlabelled	SPOkGoodGood	Alarm(_G_-ENTRY,yyparse-40428)
220	0.574696	FalseGround	Unlabelled	SPOkGoodGood	Alarm(_G_-ENTRY,yyparse-40430)
221	0.574696	FalseGround	Unlabelled	SPOkGoodGood	Alarm(_G_-ENTRY,yyparse-40431)
222	0.574696	FalseGround	Unlabelled	SPOkGoodGood	Alarm(_G_-ENTRY,yyparse-40432)
223	0.574696	FalseGround	Unlabelled	SPOkGoodGood	Alarm(_G_-ENTRY,yyparse-40434)
224	0.574696	FalseGround	Unlabelled	SPOkGoodGood	Alarm(_G_-ENTRY,yyparse-40444)
225	0.574696	FalseGround	Unlabelled	SPOkGoodGood	Alarm(_G_-ENTRY,yyparse-40447)
226	0.574696	FalseGround	Unlabelled	SPOkGoodGood	Alarm(_G_-ENTRY,yyparse-40451)
227	0.574696	FalseGround	Unlabelled	SPOkGoodGood	Alarm(_G_-ENTRY,yyparse-40453)
228	0.574696	FalseGround	Unlabelled	SPOkGoodGood	Alarm(_G_-ENTRY,yyparse-40457)
229	0.574696	FalseGround	Unlabelled	SPOkGoodGood	Alarm(_G_-ENTRY,yyparse-40459)
230	0.574696	FalseGround	Unlabelled	SPOkGoodGood	Alarm(_G_-ENTRY,yyparse-40597)
231	0.574171	FalseGround	Unlabelled	SPOkGoodGood	Alarm(_G_-ENTRY,base_name-42916)
232	0.574171	FalseGround	Unlabelled	SPOkGoodGood	Alarm(_G_-ENTRY,base_name-42917)
233	0.553698	FalseGround	Unlabelled	SPOkGoodGood	Alarm(_G_-ENTRY,mdir_name-42743)
234	0.553535	FalseGround	Unlabelled	SPOkGoodGood	Alarm(_G_-ENTRY,base_name-42914)
235	0.553535	FalseGround	Unlabelled	SPOkGoodGood	Alarm(_G_-ENTRY,base_name-42915)
236	0.537147	FalseGround	Unlabelled	SPOkGoodGood	Alarm(_G_-ENTRY,check_extension-43010)
237	0.537147	FalseGround	Unlabelled	SPOkGoodGood	Alarm(_G_-ENTRY,check_extension-43011)
238	0.531441	FalseGround	Unlabelled	SPOkGoodGood	Alarm(_G_-ENTRY,merge_hunk-43915)
239	0.531441	FalseGround	Unlabelled	SPOkGoodGood	Alarm(_G_-ENTRY,merge_hunk-43916)
240	0.531441	FalseGround	Unlabelled	SPOkGoodGood	Alarm(_G_-ENTRY,merge_hunk-43917)
241	0.531441	FalseGround	Unlabelled	SPOkGoodGood	Alarm(_G_-ENTRY,merge_hunk-43918)
242	0.531441	FalseGround	Unlabelled	SPOkGoodGood	Alarm(_G_-ENTRY,merge_hunk-43919)
243	0.531441	FalseGround	Unlabelled	SPOkGoodGood	Alarm(_G_-ENTRY,merge_hunk-43920)
244	0.531441	FalseGround	Unlabelled	SPOkGoodGood	Alarm(_G_-ENTRY,merge_hunk-43921)
245	0.531441	FalseGround	Unlabelled	SPOkGoodGood	Alarm(_G_-ENTRY,merge_hunk-43922)
246	0.531441	FalseGround	Unlabelled	SPOkGoodGood	Alarm(_G_-ENTRY,merge_hunk-43923)
247	0.531441	FalseGround	Unlabelled	SPOkGoodGood	Alarm(_G_-ENTRY,merge_hunk-43924)
248	0.531441	FalseGround	Unlabelled	SPOkGoodGood	Alarm(_G_-ENTRY,merge_hunk-43945)
249	0.531441	FalseGround	Unlabelled	SPOkGoodGood	Alarm(_G_-ENTRY,merge_hunk-43946)
250	0.531441	FalseGround	Unlabelled	SPOkGoodGood	Alarm(_G_-ENTRY,merge_hunk-43955)
251	0.531441	FalseGround	Unlabelled	SPOkGoodGood	Alarm(_G_-ENTRY,merge_hunk-43956)
252	0.531441	FalseGround	Unlabelled	SPOkGoodGood	Alarm(_G_-ENTRY,merge_hunk-43973)
253	0.531441	FalseGround	Unlabelled	SPOkGoodGood	Alarm(_G_-ENTRY,merge_hunk-43974)
254	0.531441	FalseGround	Unlabelled	SPOkGoodGood	Alarm(_G_-ENTRY,merge_hunk-43989)
255	0.531441	FalseGround	Unlabelled	SPOkGoodGood	Alarm(_G_-ENTRY,merge_hunk-43990)
256	0.531441	FalseGround	Unlabelled	SPOkGoodGood	Alarm(_G_-ENTRY,merge_hunk-44059)
257	0.531441	FalseGround	Unlabelled	SPOkGoodGood	Alarm(_G_-ENTRY,merge_hunk-44061)
258	0.531441	FalseGround	Unlabelled	SPOkGoodGood	Alarm(_G_-ENTRY,numbered_backup-43122)
259	0.531441	FalseGround	Unlabelled	SPOkGoodGood	Alarm(_G_-ENTRY,pch_normalize-49677)
260	0.528388	FalseGround	Unlabelled	SPOkGoodGood	Alarm(_G_-ENTRY,quotearg_buffer_restyled-38892)
261	0.528388	FalseGround	Unlabelled	SPOkGoodGood	Alarm(_G_-ENTRY,quotearg_buffer_restyled-38893)
262	0.499758	FalseGround	Unlabelled	SPOkGoodGood	Alarm(_G_-ENTRY,get_charset_aliases-41424)
263	0.495011	FalseGround	Unlabelled	SPOkGoodGood	Alarm(_G_-ENTRY,similar-52153)
264	0.495011	FalseGround	Unlabelled	SPOkGoodGood	Alarm(_G_-ENTRY,similar-52154)
265	0.489985	FalseGround	Unlabelled	SPOkGoodGood	Alarm(_G_-ENTRY,get_charset_aliases-41373)
266	0.489985	FalseGround	Unlabelled	SPOkGoodGood	Alarm(_G_-ENTRY,get_charset_aliases-41374)
267	0.483887	FalseGround	Unlabelled	SPOkGoodGood	Alarm(_G_-ENTRY,bestmatch-43405)
268	0.478297	FalseGround	Unlabelled	SPOkGoodGood	Alarm(_G_-ENTRY,another_hunk-47984)
269	0.478297	FalseGround	Unlabelled	SPOkGoodGood	Alarm(_G_-ENTRY,another_hunk-47985)
270	0.478297	FalseGround	Unlabelled	SPOkGoodGood	Alarm(_G_-ENTRY,another_hunk-47986)
271	0.478297	FalseGround	Unlabelled	SPOkGoodGood	Alarm(_G_-ENTRY,another_hunk-47987)
272	0.478297	FalseGround	Unlabelled	SPOkGoodGood	Alarm(_G_-ENTRY,another_hunk-47988)
273	0.478297	FalseGround	Unlabelled	SPOkGoodGood	Alarm(_G_-ENTRY,another_hunk-47989)
274	0.478297	FalseGround	Unlabelled	SPOkGoodGood	Alarm(_G_-ENTRY,another_hunk-48471)
275	0.478297	FalseGround	Unlabelled	SPOkGoodGood	Alarm(_G_-ENTRY,get_some_switches-51090)
276	0.478297	FalseGround	Unlabelled	SPOkGoodGood	Alarm(_G_-ENTRY,get_some_switches-51092)
277	0.478297	FalseGround	Unlabelled	SPOkGoodGood	Alarm(_G_-ENTRY,merge_hunk-44060)
278	0.478297	FalseGround	Unlabelled	SPOkGoodGood	Alarm(_G_-ENTRY,pch_normalize-49626)
279	0.478297	FalseGround	Unlabelled	SPOkGoodGood	Alarm(_G_-ENTRY,pch_normalize-49627)
280	0.478297	FalseGround	Unlabelled	SPOkGoodGood	Alarm(_G_-ENTRY,pch_normalize-49628)
281	0.478297	FalseGround	Unlabelled	SPOkGoodGood	Alarm(_G_-ENTRY,pch_normalize-49629)
282	0.478297	FalseGround	Unlabelled	SPOkGoodGood	Alarm(_G_-ENTRY,pch_normalize-49666)
283	0.478297	FalseGround	Unlabelled	SPOkGoodGood	Alarm(_G_-ENTRY,pch_normalize-49667)
284	0.478297	FalseGround	Unlabelled	SPOkGoodGood	Alarm(_G_-ENTRY,replace_slashes-45802)
285	0.478297	FalseGround	Unlabelled	SPOkGoodGood	Alarm(_G_-ENTRY,replace_slashes-45803)
286	0.471684	FalseGround	Unlabelled	SPOkGoodGood	Alarm(_G_-ENTRY,numeric_string-51183)
287	0.471684	FalseGround	Unlabelled	SPOkGoodGood	Alarm(_G_-ENTRY,numeric_string-51184)
288	0.456503	FalseGround	Unlabelled	SPOkGoodGood	Alarm(_G_-ENTRY,parse_datetime-41133)
289	0.456503	FalseGround	Unlabelled	SPOkGoodGood	Alarm(_G_-ENTRY,parse_datetime-41136)
290	0.445913	FalseGround	Unlabelled	SPOkGoodGood	Alarm(_G_-ENTRY,plan_a-52643)
291	0.445913	FalseGround	Unlabelled	SPOkGoodGood	Alarm(_G_-ENTRY,plan_a-52644)
292	0.436889	FalseGround	Unlabelled	SPOkGoodGood	Alarm(_G_-ENTRY,mdir_name-42739)
293	0.433036	FalseGround	Unlabelled	SPOkGoodGood	Alarm(_G_-ENTRY,get_version-40588)
294	0.430529	FalseGround	Unlabelled	SPOkGoodGood	Alarm(_G_-ENTRY,format_linenum-45533)
295	0.430467	FalseGround	Unlabelled	SPOkGoodGood	Alarm(_G_-ENTRY,last_component-42930)
296	0.430467	FalseGround	Unlabelled	SPOkGoodGood	Alarm(_G_-ENTRY,last_component-42931)
297	0.430467	FalseGround	Unlabelled	SPOkGoodGood	Alarm(_G_-ENTRY,last_component-42934)
298	0.430467	FalseGround	Unlabelled	SPOkGoodGood	Alarm(_G_-ENTRY,last_component-42935)
299	0.430467	FalseGround	Unlabelled	SPOkGoodGood	Alarm(_G_-ENTRY,transfer_entries-41920)
300	0.422115	FalseGround	Unlabelled	SPOkGoodGood	Alarm(_G_-ENTRY,ask-45633)
301	0.407714	FalseGround	Unlabelled	SPOkGoodGood	Alarm(_G_-ENTRY,similar-52133)
302	0.407714	FalseGround	Unlabelled	SPOkGoodGood	Alarm(_G_-ENTRY,similar-52134)
303	0.407714	FalseGround	Unlabelled	SPOkGoodGood	Alarm(_G_-ENTRY,similar-52135)
304	0.407714	FalseGround	Unlabelled	SPOkGoodGood	Alarm(_G_-ENTRY,similar-52136)
305	0.407184	FalseGround	Unlabelled	SPOkGoodGood	Alarm(_G_-ENTRY,removedirs-45851)
306	0.407184	FalseGround	Unlabelled	SPOkGoodGood	Alarm(_G_-ENTRY,removedirs-45852)
307	0.388911	FalseGround	Unlabelled	SPOkGoodGood	Alarm(_G_-ENTRY,parse_datetime-41016)
308	0.388911	FalseGround	Unlabelled	SPOkGoodGood	Alarm(_G_-ENTRY,parse_datetime-41017)
309	0.388911	FalseGround	Unlabelled	SPOkGoodGood	Alarm(_G_-ENTRY,parse_datetime-41018)
310	0.388911	FalseGround	Unlabelled	SPOkGoodGood	Alarm(_G_-ENTRY,parse_datetime-41019)
311	0.388911	FalseGround	Unlabelled	SPOkGoodGood	Alarm(_G_-ENTRY,parse_datetime-41024)
312	0.388911	FalseGround	Unlabelled	SPOkGoodGood	Alarm(_G_-ENTRY,parse_datetime-41025)
313	0.373623	FalseGround	Unlabelled	SPOkGoodGood	Alarm(_G_-ENTRY,bestmatch-43408)
314	0.370646	FalseGround	Unlabelled	SPOkGoodGood	Alarm(_G_-ENTRY,removedirs-45872)
315	0.34655	FalseGround	Unlabelled	SPOkGoodGood	Alarm(_G_-ENTRY,parse_datetime-41115)
316	0.334409	FalseGround	Unlabelled	SPOkGoodGood	Alarm(_G_-ENTRY,yyparse-40386)
317	0.334409	FalseGround	Unlabelled	SPOkGoodGood	Alarm(_G_-ENTRY,yyparse-40565)
318	0.334125	FalseGround	Unlabelled	SPOkGoodGood	Alarm(_G_-ENTRY,removedirs-45853)
319	0.334125	FalseGround	Unlabelled	SPOkGoodGood	Alarm(_G_-ENTRY,removedirs-45854)
320	0.32876	FalseGround	Unlabelled	SPOkGoodGood	Alarm(_G_-ENTRY,check_extension-43015)
321	0.313811	FalseGround	Unlabelled	SPOkGoodGood	Alarm(_G_-ENTRY,get_charset_aliases-41425)
322	0.313811	FalseGround	Unlabelled	SPOkGoodGood	Alarm(_G_-ENTRY,tolower-38294)
323	0.313811	FalseGround	Unlabelled	SPOkGoodGood	Alarm(_G_-ENTRY,toupper-38303)
324	0.302203	FalseGround	Unlabelled	SPOkGoodGood	Alarm(_G_-ENTRY,diag-43541)
325	0.302203	FalseGround	Unlabelled	SPOkGoodGood	Alarm(_G_-ENTRY,diag-43542)
326	0.301364	FalseGround	Unlabelled	SPOkGoodGood	Alarm(_G_-ENTRY,bestmatch-43414)
327	0.301364	FalseGround	Unlabelled	SPOkGoodGood	Alarm(_G_-ENTRY,bestmatch-43415)
328	0.300223	FalseGround	Unlabelled	SPOkGoodGood	Alarm(_G_-ENTRY,removedirs-45857)
329	0.300223	FalseGround	Unlabelled	SPOkGoodGood	Alarm(_G_-ENTRY,removedirs-45858)
330	0.300223	FalseGround	Unlabelled	SPOkGoodGood	Alarm(_G_-ENTRY,removedirs-45859)
331	0.300223	FalseGround	Unlabelled	SPOkGoodGood	Alarm(_G_-ENTRY,removedirs-45860)
332	0.300223	FalseGround	Unlabelled	SPOkGoodGood	Alarm(_G_-ENTRY,removedirs-45863)
333	0.300223	FalseGround	Unlabelled	SPOkGoodGood	Alarm(_G_-ENTRY,removedirs-45864)
334	0.254187	FalseGround	Unlabelled	SPOkGoodGood	Alarm(_G_-ENTRY,compareseq-43708)
335	0.254187	FalseGround	Unlabelled	SPOkGoodGood	Alarm(_G_-ENTRY,compareseq-43710)
336	0.254187	FalseGround	Unlabelled	SPOkGoodGood	Alarm(_G_-ENTRY,get_some_switches-51006)
337	0.228768	FalseGround	Unlabelled	SPOkGoodGood	Alarm(_G_-ENTRY,dir_len-42718)
338	0.228768	FalseGround	Unlabelled	SPOkGoodGood	Alarm(_G_-ENTRY,dir_len-42719)
339	0.216172	FalseGround	Unlabelled	SPOkGoodGood	Alarm(_G_-ENTRY,get_some_switches-50955)
340	0.216172	FalseGround	Unlabelled	SPOkGoodGood	Alarm(_G_-ENTRY,get_some_switches-50957)
341	0.216172	FalseGround	Unlabelled	SPOkGoodGood	Alarm(_G_-ENTRY,get_some_switches-50959)
342	0.216172	FalseGround	Unlabelled	SPOkGoodGood	Alarm(_G_-ENTRY,get_some_switches-50961)
343	0.216172	FalseGround	Unlabelled	SPOkGoodGood	Alarm(_G_-ENTRY,get_some_switches-50963)
344	0.216172	FalseGround	Unlabelled	SPOkGoodGood	Alarm(_G_-ENTRY,get_some_switches-50965)
345	0.216172	FalseGround	Unlabelled	SPOkGoodGood	Alarm(_G_-ENTRY,get_some_switches-51003)
346	0.208112	FalseGround	Unlabelled	SPOkGoodGood	Alarm(_G_-ENTRY,similar-52117)
347	0.208112	FalseGround	Unlabelled	SPOkGoodGood	Alarm(_G_-ENTRY,similar-52118)
348	0.20152	FalseGround	Unlabelled	SPOkGoodGood	Alarm(_G_-ENTRY,transfer_entries-41894)
349	0.20152	FalseGround	Unlabelled	SPOkGoodGood	Alarm(_G_-ENTRY,transfer_entries-41904)
350	0.20152	FalseGround	Unlabelled	SPOkGoodGood	Alarm(_G_-ENTRY,transfer_entries-41905)
351	0.194555	FalseGround	Unlabelled	SPOkGoodGood	Alarm(_G_-ENTRY,numeric_string-51171)
352	0.194555	FalseGround	Unlabelled	SPOkGoodGood	Alarm(_G_-ENTRY,numeric_string-51172)
353	0.187319	FalseGround	Unlabelled	SPOkGoodGood	Alarm(_G_-ENTRY,bestmatch-43421)
354	0.180773	FalseGround	Unlabelled	SPOkGoodGood	Alarm(_G_-ENTRY,strcaseeq0-38286)
355	0.175076	FalseGround	Unlabelled	SPOkGoodGood	Alarm(_G_-ENTRY,bestmatch-43411)
356	0.171797	FalseGround	Unlabelled	SPOkGoodGood	Alarm(_G_-ENTRY,ask-45602)
357	0.171797	FalseGround	Unlabelled	SPOkGoodGood	Alarm(_G_-ENTRY,ask-45603)
358	0.16471	FalseGround	Unlabelled	SPOkGoodGood	Alarm(_G_-ENTRY,quote_system_arg-45127)
359	0.163231	FalseGround	Unlabelled	SPOkGoodGood	Alarm(_G_-ENTRY,transfer_entries-41879)
360	0.163231	FalseGround	Unlabelled	SPOkGoodGood	Alarm(_G_-ENTRY,transfer_entries-41880)
361	0.163188	FalseGround	Unlabelled	SPOkGoodGood	Alarm(_G_-ENTRY,quotearg_buffer_restyled-38442)
362	0.163188	FalseGround	Unlabelled	SPOkGoodGood	Alarm(_G_-ENTRY,quotearg_buffer_restyled-38443)
363	0.163188	FalseGround	Unlabelled	SPOkGoodGood	Alarm(_G_-ENTRY,quotearg_buffer_restyled-38706)
364	0.163188	FalseGround	Unlabelled	SPOkGoodGood	Alarm(_G_-ENTRY,quotearg_buffer_restyled-38707)
365	0.163188	FalseGround	Unlabelled	SPOkGoodGood	Alarm(_G_-ENTRY,quotearg_buffer_restyled-38708)
366	0.163188	FalseGround	Unlabelled	SPOkGoodGood	Alarm(_G_-ENTRY,quotearg_buffer_restyled-38709)
367	0.163188	FalseGround	Unlabelled	SPOkGoodGood	Alarm(_G_-ENTRY,quotearg_buffer_restyled-38744)
368	0.163188	FalseGround	Unlabelled	SPOkGoodGood	Alarm(_G_-ENTRY,quotearg_buffer_restyled-38745)
369	0.163188	FalseGround	Unlabelled	SPOkGoodGood	Alarm(_G_-ENTRY,quotearg_buffer_restyled-38746)
370	0.163188	FalseGround	Unlabelled	SPOkGoodGood	Alarm(_G_-ENTRY,quotearg_buffer_restyled-38747)
371	0.163188	FalseGround	Unlabelled	SPOkGoodGood	Alarm(_G_-ENTRY,quotearg_buffer_restyled-38748)
372	0.163188	FalseGround	Unlabelled	SPOkGoodGood	Alarm(_G_-ENTRY,quotearg_buffer_restyled-38749)
373	0.163188	FalseGround	Unlabelled	SPOkGoodGood	Alarm(_G_-ENTRY,quotearg_buffer_restyled-38750)
374	0.163188	FalseGround	Unlabelled	SPOkGoodGood	Alarm(_G_-ENTRY,quotearg_buffer_restyled-38751)
375	0.163188	FalseGround	Unlabelled	SPOkGoodGood	Alarm(_G_-ENTRY,quotearg_buffer_restyled-38752)
376	0.163188	FalseGround	Unlabelled	SPOkGoodGood	Alarm(_G_-ENTRY,quotearg_buffer_restyled-38753)
377	0.163188	FalseGround	Unlabelled	SPOkGoodGood	Alarm(_G_-ENTRY,quotearg_buffer_restyled-38754)
378	0.163188	FalseGround	Unlabelled	SPOkGoodGood	Alarm(_G_-ENTRY,quotearg_buffer_restyled-38755)
379	0.163188	FalseGround	Unlabelled	SPOkGoodGood	Alarm(_G_-ENTRY,quotearg_buffer_restyled-38756)
380	0.163188	FalseGround	Unlabelled	SPOkGoodGood	Alarm(_G_-ENTRY,quotearg_buffer_restyled-38757)
381	0.163188	FalseGround	Unlabelled	SPOkGoodGood	Alarm(_G_-ENTRY,quotearg_buffer_restyled-38758)
382	0.163188	FalseGround	Unlabelled	SPOkGoodGood	Alarm(_G_-ENTRY,quotearg_buffer_restyled-38759)
383	0.163188	FalseGround	Unlabelled	SPOkGoodGood	Alarm(_G_-ENTRY,quotearg_buffer_restyled-38760)
384	0.163188	FalseGround	Unlabelled	SPOkGoodGood	Alarm(_G_-ENTRY,quotearg_buffer_restyled-38761)
385	0.163188	FalseGround	Unlabelled	SPOkGoodGood	Alarm(_G_-ENTRY,quotearg_buffer_restyled-38762)
386	0.163188	FalseGround	Unlabelled	SPOkGoodGood	Alarm(_G_-ENTRY,quotearg_buffer_restyled-38763)
387	0.163188	FalseGround	Unlabelled	SPOkGoodGood	Alarm(_G_-ENTRY,quotearg_buffer_restyled-38818)
388	0.163188	FalseGround	Unlabelled	SPOkGoodGood	Alarm(_G_-ENTRY,quotearg_buffer_restyled-38819)
389	0.163188	FalseGround	Unlabelled	SPOkGoodGood	Alarm(_G_-ENTRY,quotearg_buffer_restyled-38826)
390	0.163188	FalseGround	Unlabelled	SPOkGoodGood	Alarm(_G_-ENTRY,quotearg_buffer_restyled-38827)
391	0.163188	FalseGround	Unlabelled	SPOkGoodGood	Alarm(_G_-ENTRY,quotearg_buffer_restyled-38828)
392	0.163188	FalseGround	Unlabelled	SPOkGoodGood	Alarm(_G_-ENTRY,quotearg_buffer_restyled-38829)
393	0.163188	FalseGround	Unlabelled	SPOkGoodGood	Alarm(_G_-ENTRY,quotearg_buffer_restyled-38830)
394	0.163188	FalseGround	Unlabelled	SPOkGoodGood	Alarm(_G_-ENTRY,quotearg_buffer_restyled-38831)
395	0.163188	FalseGround	Unlabelled	SPOkGoodGood	Alarm(_G_-ENTRY,quotearg_buffer_restyled-38832)
396	0.163188	FalseGround	Unlabelled	SPOkGoodGood	Alarm(_G_-ENTRY,quotearg_buffer_restyled-38833)
397	0.163188	FalseGround	Unlabelled	SPOkGoodGood	Alarm(_G_-ENTRY,quotearg_buffer_restyled-38834)
398	0.163188	FalseGround	Unlabelled	SPOkGoodGood	Alarm(_G_-ENTRY,quotearg_buffer_restyled-38835)
399	0.144582	FalseGround	Unlabelled	SPOkGoodGood	Alarm(_G_-ENTRY,there_is_another_patch-46577)
400	0.144582	FalseGround	Unlabelled	SPOkGoodGood	Alarm(_G_-ENTRY,there_is_another_patch-46578)
401	0.143657	FalseGround	Unlabelled	SPOkGoodGood	Alarm(_G_-ENTRY,main-50140)
402	0.143657	FalseGround	Unlabelled	SPOkGoodGood	Alarm(_G_-ENTRY,main-50141)
403	0.141811	FalseGround	Unlabelled	SPOkGoodGood	Alarm(_G_-ENTRY,bestmatch-43365)
404	0.141811	FalseGround	Unlabelled	SPOkGoodGood	Alarm(_G_-ENTRY,bestmatch-43366)
405	0.135085	FalseGround	Unlabelled	SPOkGoodGood	Alarm(_G_-ENTRY,diag-43660)
406	0.135085	FalseGround	Unlabelled	SPOkGoodGood	Alarm(_G_-ENTRY,get_charset_aliases-41451)
407	0.135085	FalseGround	Unlabelled	SPOkGoodGood	Alarm(_G_-ENTRY,get_charset_aliases-41452)
408	0.135085	FalseGround	Unlabelled	SPOkGoodGood	Alarm(_G_-ENTRY,get_charset_aliases-41455)
409	0.135085	FalseGround	Unlabelled	SPOkGoodGood	Alarm(_G_-ENTRY,get_tz-40973)
410	0.129552	FalseGround	Unlabelled	SPOkGoodGood	Alarm(_G_-ENTRY,mdir_name-42742)
411	0.110698	FalseGround	Unlabelled	SPOkGoodGood	Alarm(_G_-ENTRY,removedirs-45850)
412	0.109419	FalseGround	Unlabelled	SPOkGoodGood	Alarm(_G_-ENTRY,diag-43533)
413	0.109419	FalseGround	Unlabelled	SPOkGoodGood	Alarm(_G_-ENTRY,diag-43534)
414	0.109419	FalseGround	Unlabelled	SPOkGoodGood	Alarm(_G_-ENTRY,get_charset_aliases-41369)
415	0.109419	FalseGround	Unlabelled	SPOkGoodGood	Alarm(_G_-ENTRY,get_charset_aliases-41370)
416	0.109419	FalseGround	Unlabelled	SPOkGoodGood	Alarm(_G_-ENTRY,parse_datetime-41012)
417	0.109419	FalseGround	Unlabelled	SPOkGoodGood	Alarm(_G_-ENTRY,parse_datetime-41013)
418	0.109419	FalseGround	Unlabelled	SPOkGoodGood	Alarm(_G_-ENTRY,parse_datetime-41014)
419	0.109419	FalseGround	Unlabelled	SPOkGoodGood	Alarm(_G_-ENTRY,parse_datetime-41015)
420	0.109419	FalseGround	Unlabelled	SPOkGoodGood	Alarm(_G_-ENTRY,parse_datetime-41020)
421	0.109419	FalseGround	Unlabelled	SPOkGoodGood	Alarm(_G_-ENTRY,parse_datetime-41021)
422	0.109419	FalseGround	Unlabelled	SPOkGoodGood	Alarm(_G_-ENTRY,parse_datetime-41030)
423	0.109419	FalseGround	Unlabelled	SPOkGoodGood	Alarm(_G_-ENTRY,parse_datetime-41031)
424	0.107335	FalseGround	Unlabelled	SPOkGoodGood	Alarm(_G_-ENTRY,diag-43648)
425	0.104726	FalseGround	Unlabelled	SPOkGoodGood	Alarm(_G_-ENTRY,main-50456)
426	0.0901667	FalseGround	Unlabelled	SPOkGoodGood	Alarm(_G_-ENTRY,replace_slashes-45810)
427	0.0897683	FalseGround	Unlabelled	SPOkGoodGood	Alarm(_G_-ENTRY,removedirs-45849)
428	0.0842302	FalseGround	Unlabelled	SPOkGoodGood	Alarm(_G_-ENTRY,similar-52139)
429	0.0842302	FalseGround	Unlabelled	SPOkGoodGood	Alarm(_G_-ENTRY,similar-52140)
430	0.0842302	FalseGround	Unlabelled	SPOkGoodGood	Alarm(_G_-ENTRY,similar-52141)
431	0.0842302	FalseGround	Unlabelled	SPOkGoodGood	Alarm(_G_-ENTRY,similar-52142)
432	0.0827217	FalseGround	Unlabelled	SPOkGoodGood	Alarm(_G_-ENTRY,quotearg_buffer_restyled-38872)
433	0.0827217	FalseGround	Unlabelled	SPOkGoodGood	Alarm(_G_-ENTRY,quotearg_buffer_restyled-38873)
434	0.071013	FalseGround	Unlabelled	SPOkGoodGood	Alarm(_G_-ENTRY,yylex-40941)
435	0.0538254	FalseGround	Unlabelled	SPOkGoodGood	Alarm(_G_-ENTRY,locale_charset-41513)
436	0.0538254	FalseGround	Unlabelled	SPOkGoodGood	Alarm(_G_-ENTRY,locale_charset-41514)
437	0.0538254	FalseGround	Unlabelled	SPOkGoodGood	Alarm(_G_-ENTRY,locale_charset-41515)
438	0.0538254	FalseGround	Unlabelled	SPOkGoodGood	Alarm(_G_-ENTRY,locale_charset-41516)
439	0.0471013	FalseGround	Unlabelled	SPOkGoodGood	Alarm(_G_-ENTRY,parse_datetime-41138)
440	0.0471013	FalseGround	Unlabelled	SPOkGoodGood	Alarm(_G_-ENTRY,plan_b-52839)
441	0.045858	FalseGround	Unlabelled	SPOkGoodGood	Alarm(_G_-ENTRY,replace_slashes-45811)
442	0.0457653	FalseGround	Unlabelled	SPOkGoodGood	Alarm(_G_-ENTRY,pch_swap-49355)
443	0.0447299	FalseGround	Unlabelled	SPOkGoodGood	Alarm(_G_-ENTRY,pch_swap-49357)
444	0.0384038	FalseGround	Unlabelled	SPOkGoodGood	Alarm(_G_-ENTRY,replace_slashes-45804)
445	0.0384038	FalseGround	Unlabelled	SPOkGoodGood	Alarm(_G_-ENTRY,replace_slashes-45805)
446	0.038152	FalseGround	Unlabelled	SPOkGoodGood	Alarm(_G_-ENTRY,diag-43560)
447	0.038152	FalseGround	Unlabelled	SPOkGoodGood	Alarm(_G_-ENTRY,diag-43561)
448	0.0333034	FalseGround	Unlabelled	SPOkGoodGood	Alarm(_G_-ENTRY,pch_swap-49364)
449	0.0333034	FalseGround	Unlabelled	SPOkGoodGood	Alarm(_G_-ENTRY,pch_swap-49365)
450	0.0306027	FalseGround	Unlabelled	SPOkGoodGood	Alarm(_G_-ENTRY,pch_swap-49363)
451	0.0251896	FalseGround	Unlabelled	SPOkGoodGood	Alarm(_G_-ENTRY,strcaseeq1-38279)
452	0.0184279	FalseGround	Unlabelled	SPOkGoodGood	Alarm(_G_-ENTRY,replace_slashes-45806)
453	0.0184279	FalseGround	Unlabelled	SPOkGoodGood	Alarm(_G_-ENTRY,replace_slashes-45807)
454	0.0175318	FalseGround	Unlabelled	SPOkGoodGood	Alarm(_G_-ENTRY,yylex-40944)
455	0.0169947	FalseGround	Unlabelled	SPOkGoodGood	Alarm(_G_-ENTRY,pch_swap-49305)
456	0.0169947	FalseGround	Unlabelled	SPOkGoodGood	Alarm(_G_-ENTRY,pch_swap-49306)
457	0.0107753	FalseGround	Unlabelled	SPOkGoodGood	Alarm(_G_-ENTRY,diag-43565)
458	0.0107753	FalseGround	Unlabelled	SPOkGoodGood	Alarm(_G_-ENTRY,diag-43568)
459	0.0107753	FalseGround	Unlabelled	SPOkGoodGood	Alarm(_G_-ENTRY,diag-43571)
460	0.0107753	FalseGround	Unlabelled	SPOkGoodGood	Alarm(_G_-ENTRY,diag-43572)
461	0.0107753	FalseGround	Unlabelled	SPOkGoodGood	Alarm(_G_-ENTRY,diag-43583)
462	0.0107753	FalseGround	Unlabelled	SPOkGoodGood	Alarm(_G_-ENTRY,diag-43590)
463	0.0107753	FalseGround	Unlabelled	SPOkGoodGood	Alarm(_G_-ENTRY,diag-43593)
464	0.0107753	FalseGround	Unlabelled	SPOkGoodGood	Alarm(_G_-ENTRY,diag-43596)
465	0.0107753	FalseGround	Unlabelled	SPOkGoodGood	Alarm(_G_-ENTRY,diag-43597)
466	0.0107753	FalseGround	Unlabelled	SPOkGoodGood	Alarm(_G_-ENTRY,diag-43608)
467	0.0107753	FalseGround	Unlabelled	SPOkGoodGood	Alarm(_G_-ENTRY,diag-43617)
468	0.0107753	FalseGround	Unlabelled	SPOkGoodGood	Alarm(_G_-ENTRY,diag-43633)
469	0.00872796	FalseGround	Unlabelled	SPOkGoodGood	Alarm(_G_-ENTRY,diag-43451)
470	0.00872796	FalseGround	Unlabelled	SPOkGoodGood	Alarm(_G_-ENTRY,diag-43452)
471	0.00872796	FalseGround	Unlabelled	SPOkGoodGood	Alarm(_G_-ENTRY,diag-43475)
472	0.00872796	FalseGround	Unlabelled	SPOkGoodGood	Alarm(_G_-ENTRY,diag-43476)
473	0.00741609	FalseGround	Unlabelled	SPOkGoodGood	Alarm(_G_-ENTRY,replace_slashes-45822)
474	0.00151094	FalseGround	Unlabelled	SPOkGoodGood	Alarm(_G_-ENTRY,strcaseeq2-38272)
475	0.00145743	FalseGround	Unlabelled	SPOkGoodGood	Alarm(_G_-ENTRY,replace_slashes-45812)
476	0.00145743	FalseGround	Unlabelled	SPOkGoodGood	Alarm(_G_-ENTRY,replace_slashes-45813)
477	0.00114245	FalseGround	Unlabelled	SPOkGoodGood	Alarm(_G_-ENTRY,merge_hunk-43963)
478	0.00114245	FalseGround	Unlabelled	SPOkGoodGood	Alarm(_G_-ENTRY,merge_hunk-43964)
479	0.00114245	FalseGround	Unlabelled	SPOkGoodGood	Alarm(_G_-ENTRY,merge_hunk-43967)
480	0.00114245	FalseGround	Unlabelled	SPOkGoodGood	Alarm(_G_-ENTRY,merge_hunk-43968)
481	0.000152437	FalseGround	Unlabelled	SPOkGoodGood	Alarm(_G_-ENTRY,set_program_name-39374)
482	0.000123474	FalseGround	Unlabelled	SPOkGoodGood	Alarm(_G_-ENTRY,set_program_name-39376)
483	3.90137e-05	FalseGround	Unlabelled	SPOkGoodGood	Alarm(_G_-ENTRY,strcaseeq3-38265)
484	4.33636e-07	FalseGround	Unlabelled	SPOkGoodGood	Alarm(_G_-ENTRY,strcaseeq4-38258)
485	2.47311e-08	FalseGround	Unlabelled	SPOkGoodGood	Alarm(_G_-ENTRY,get_some_switches-50954)
486	2.47311e-08	FalseGround	Unlabelled	SPOkGoodGood	Alarm(_G_-ENTRY,get_some_switches-50956)
487	2.47311e-08	FalseGround	Unlabelled	SPOkGoodGood	Alarm(_G_-ENTRY,get_some_switches-50958)
488	2.47311e-08	FalseGround	Unlabelled	SPOkGoodGood	Alarm(_G_-ENTRY,get_some_switches-50960)
489	2.47311e-08	FalseGround	Unlabelled	SPOkGoodGood	Alarm(_G_-ENTRY,get_some_switches-50962)
490	2.47311e-08	FalseGround	Unlabelled	SPOkGoodGood	Alarm(_G_-ENTRY,get_some_switches-50964)
491	1.6789e-08	FalseGround	Unlabelled	SPOkGoodGood	Alarm(_G_-ENTRY,replace_slashes-45820)
492	1.6789e-08	FalseGround	Unlabelled	SPOkGoodGood	Alarm(_G_-ENTRY,replace_slashes-45824)
493	2.07479e-09	FalseGround	Unlabelled	SPOkGoodGood	Alarm(_G_-ENTRY,strcaseeq5-38251)
494	4.27328e-12	FalseGround	Unlabelled	SPOkGoodGood	Alarm(_G_-ENTRY,strcaseeq6-38244)
495	3.7887e-15	FalseGround	Unlabelled	SPOkGoodGood	Alarm(_G_-ENTRY,strcaseeq7-38237)
496	1.44597e-18	FalseGround	Unlabelled	SPOkGoodGood	Alarm(_G_-ENTRY,strcaseeq8-38230)
497	0.0	FalseGround	NegLabel	SPOkGoodGood	Alarm(_G_-ENTRY,another_hunk-48040)
498	0.0	FalseGround	NegLabel	SPOkGoodGood	Alarm(_G_-ENTRY,copy_till-51986)
499	0.0	FalseGround	NegLabel	SPOkGoodGood	Alarm(_G_-ENTRY,main-49828)
500	0.0	FalseGround	NegLabel	SPOkGoodGood	Alarm(_G_-ENTRY,pch_swap-49354)
501	0.0	FalseGround	NegLabel	SPOkGoodGood	Alarm(_G_-ENTRY,yyparse-40353)
502	0.0	FalseGround	NegLabel	SPOkGoodGood	Alarm(_G_-ENTRY,yyparse-40403)
